[2024-12-25 12:55:52,339][INFO] Running PROJECT: CRC-DX, P LEARNING RATE: 0.001, OPTIMIZER: ADAMW, NUM EPOCHS: 15, BATCH SIZE: 2048, DEVICES: cuda, SMOOTHING: 0.1
[2024-12-25 12:55:52,339][INFO] params["in_chans"]=[200, 16]
[2024-12-25 12:55:52,340][INFO] params["dims"]=[512, 512]
[2024-12-25 12:55:52,340][INFO] params["out_chans"]=[16, 8]
[2024-12-25 12:55:52,340][INFO] params["heads"]=[8, 4]
[2024-12-25 12:55:52,340][INFO] params["dropout"]=[0.8, 0.4, 0.4]
[2024-12-25 12:59:00,354][INFO] Epoch[1/15], loss:4.0259, CE loss:0.8247 , info NCE loss:7.2270
[2024-12-25 12:59:00,354][INFO] Epoch[1/15], train B-acc: 0.6447(0.5756-0.7073), test B-acc: 0.5738(0.4732-0.6627)
[2024-12-25 12:59:00,354][INFO] Epoch[1/15], train AUC: 0.7630(0.6674-0.8503), test AUC: 0.6861(0.5520-0.8063)
[2024-12-25 13:01:03,324][INFO] Epoch[2/15], loss:3.5306, CE loss:0.4794 , info NCE loss:6.5817
[2024-12-25 13:01:03,324][INFO] Epoch[2/15], train B-acc: 0.6133(0.5449-0.6786), test B-acc: 0.5556(0.5000-0.6250)
[2024-12-25 13:01:03,324][INFO] Epoch[2/15], train AUC: 0.7684(0.6724-0.8494), test AUC: 0.7010(0.5633-0.8267)
[2024-12-25 13:03:03,963][INFO] Epoch[3/15], loss:3.4131, CE loss:0.4267 , info NCE loss:6.3995
[2024-12-25 13:03:03,964][INFO] Epoch[3/15], train B-acc: 0.6435(0.5746-0.7158), test B-acc: 0.6333(0.5476-0.7292)
[2024-12-25 13:03:03,964][INFO] Epoch[3/15], train AUC: 0.7899(0.6981-0.8721), test AUC: 0.6824(0.5483-0.7995)
[2024-12-25 13:05:01,174][INFO] Epoch[4/15], loss:3.3522, CE loss:0.4153 , info NCE loss:6.2890
[2024-12-25 13:05:01,174][INFO] Epoch[4/15], train B-acc: 0.6486(0.5760-0.7279), test B-acc: 0.6522(0.5714-0.7500)
[2024-12-25 13:05:01,174][INFO] Epoch[4/15], train AUC: 0.8100(0.7150-0.8850), test AUC: 0.6798(0.5483-0.8027)
[2024-12-25 13:07:05,114][INFO] Epoch[5/15], loss:3.3251, CE loss:0.4079 , info NCE loss:6.2422
[2024-12-25 13:07:05,114][INFO] Epoch[5/15], train B-acc: 0.6693(0.5933-0.7478), test B-acc: 0.6333(0.5526-0.7222)
[2024-12-25 13:07:05,114][INFO] Epoch[5/15], train AUC: 0.8317(0.7446-0.9012), test AUC: 0.7120(0.5844-0.8204)
[2024-12-25 13:08:54,379][INFO] Epoch[6/15], loss:3.3059, CE loss:0.4009 , info NCE loss:6.2110
[2024-12-25 13:08:54,379][INFO] Epoch[6/15], train B-acc: 0.6540(0.5840-0.7294), test B-acc: 0.6333(0.5536-0.7250)
[2024-12-25 13:08:54,379][INFO] Epoch[6/15], train AUC: 0.8470(0.7721-0.9126), test AUC: 0.7264(0.6034-0.8376)
[2024-12-25 13:10:38,131][INFO] Epoch[7/15], loss:3.2952, CE loss:0.3941 , info NCE loss:6.1964
[2024-12-25 13:10:38,131][INFO] Epoch[7/15], train B-acc: 0.6667(0.5954-0.7456), test B-acc: 0.6154(0.5400-0.7000)
[2024-12-25 13:10:38,131][INFO] Epoch[7/15], train AUC: 0.8586(0.7794-0.9243), test AUC: 0.7516(0.6323-0.8547)
[2024-12-25 13:12:25,001][INFO] Epoch[8/15], loss:3.2662, CE loss:0.3854 , info NCE loss:6.1470
[2024-12-25 13:12:25,001][INFO] Epoch[8/15], train B-acc: 0.6579(0.5842-0.7361), test B-acc: 0.6538(0.5652-0.7500)
[2024-12-25 13:12:25,001][INFO] Epoch[8/15], train AUC: 0.8702(0.7974-0.9289), test AUC: 0.7781(0.6579-0.8843)
[2024-12-25 13:14:07,783][INFO] Epoch[9/15], loss:3.2393, CE loss:0.3816 , info NCE loss:6.0969
[2024-12-25 13:14:07,784][INFO] Epoch[9/15], train B-acc: 0.6681(0.5952-0.7456), test B-acc: 0.5926(0.5227-0.6786)
[2024-12-25 13:14:07,785][INFO] Epoch[9/15], train AUC: 0.8817(0.8131-0.9354), test AUC: 0.7955(0.6744-0.8904)
[2024-12-25 13:15:49,196][INFO] Epoch[10/15], loss:3.2188, CE loss:0.3763 , info NCE loss:6.0613
[2024-12-25 13:15:49,197][INFO] Epoch[10/15], train B-acc: 0.6832(0.6092-0.7624), test B-acc: 0.6324(0.5517-0.7222)
[2024-12-25 13:15:49,197][INFO] Epoch[10/15], train AUC: 0.8868(0.8180-0.9434), test AUC: 0.8069(0.6900-0.9043)
[2024-12-25 13:17:29,967][INFO] Epoch[11/15], loss:3.1974, CE loss:0.3695 , info NCE loss:6.0252
[2024-12-25 13:17:29,967][INFO] Epoch[11/15], train B-acc: 0.7481(0.6643-0.8268), test B-acc: 0.6786(0.5833-0.7708)
[2024-12-25 13:17:29,968][INFO] Epoch[11/15], train AUC: 0.8987(0.8329-0.9441), test AUC: 0.8289(0.7224-0.9254)
[2024-12-25 13:19:12,017][INFO] Epoch[12/15], loss:3.1760, CE loss:0.3639 , info NCE loss:5.9880
[2024-12-25 13:19:12,019][INFO] Epoch[12/15], train B-acc: 0.7493(0.6681-0.8307), test B-acc: 0.6731(0.5857-0.7727)
[2024-12-25 13:19:12,019][INFO] Epoch[12/15], train AUC: 0.9064(0.8502-0.9480), test AUC: 0.8290(0.7186-0.9174)
[2024-12-25 13:20:52,479][INFO] Epoch[13/15], loss:3.1580, CE loss:0.3608 , info NCE loss:5.9551
[2024-12-25 13:20:52,479][INFO] Epoch[13/15], train B-acc: 0.7721(0.6928-0.8511), test B-acc: 0.6667(0.5769-0.7688)
[2024-12-25 13:20:52,479][INFO] Epoch[13/15], train AUC: 0.9132(0.8631-0.9537), test AUC: 0.8348(0.7192-0.9238)
[2024-12-25 13:22:33,680][INFO] Epoch[14/15], loss:3.1407, CE loss:0.3573 , info NCE loss:5.9241
[2024-12-25 13:22:33,680][INFO] Epoch[14/15], train B-acc: 0.7697(0.6893-0.8525), test B-acc: 0.6619(0.5691-0.7593)
[2024-12-25 13:22:33,682][INFO] Epoch[14/15], train AUC: 0.9216(0.8721-0.9617), test AUC: 0.8442(0.7407-0.9311)
[2024-12-25 13:24:13,704][INFO] Epoch[15/15], loss:3.1253, CE loss:0.3535 , info NCE loss:5.8971
[2024-12-25 13:24:13,704][INFO] Epoch[15/15], train B-acc: 0.7963(0.7139-0.8745), test B-acc: 0.6595(0.5682-0.7600)
[2024-12-25 13:24:13,704][INFO] Epoch[15/15], train AUC: 0.9283(0.8798-0.9665), test AUC: 0.8410(0.7357-0.9243)
