[2024-12-31 11:47:53,196][INFO] Running PROJECT: CRC-DX, P LEARNING RATE: 0.001, OPTIMIZER: ADAMW, NUM EPOCHS: 25, BATCH SIZE: 2048, DEVICES: cuda, SMOOTHING: 0.1
[2024-12-31 11:47:53,196][INFO] params["in_chans"]=[200, 16]
[2024-12-31 11:47:53,196][INFO] params["dims"]=[512, 512]
[2024-12-31 11:47:53,197][INFO] params["out_chans"]=[16, 8]
[2024-12-31 11:47:53,197][INFO] params["heads"]=[8, 4]
[2024-12-31 11:47:53,197][INFO] params["dropout"]=[0.8, 0.4, 0.4]
[2024-12-31 11:49:50,474][INFO] Epoch[1/25], loss:1.5768, CE loss:0.9215 , info NCE loss:7.4753
[2024-12-31 11:49:50,474][INFO] Epoch[1/25], train B-acc: 0.5000(0.5000-0.5000), test B-acc: 0.5000(0.5000-0.5000)
[2024-12-31 11:49:50,474][INFO] Epoch[1/25], train AUC: 0.7230(0.6166-0.8180), test AUC: 0.6401(0.5093-0.7641)
[2024-12-31 11:51:42,412][INFO] Epoch[2/25], loss:1.1274, CE loss:0.5027 , info NCE loss:6.7494
[2024-12-31 11:51:42,414][INFO] Epoch[2/25], train B-acc: 0.6385(0.5674-0.7207), test B-acc: 0.6375(0.5538-0.7273)
[2024-12-31 11:51:42,414][INFO] Epoch[2/25], train AUC: 0.7771(0.6921-0.8534), test AUC: 0.6955(0.5624-0.8050)
[2024-12-31 11:53:32,981][INFO] Epoch[3/25], loss:1.0517, CE loss:0.4426 , info NCE loss:6.5331
[2024-12-31 11:53:32,982][INFO] Epoch[3/25], train B-acc: 0.5366(0.5000-0.5806), test B-acc: 0.5000(0.5000-0.5000)
[2024-12-31 11:53:32,982][INFO] Epoch[3/25], train AUC: 0.7955(0.7086-0.8701), test AUC: 0.6885(0.5521-0.8141)
[2024-12-31 11:55:22,541][INFO] Epoch[4/25], loss:1.0290, CE loss:0.4230 , info NCE loss:6.4828
[2024-12-31 11:55:22,542][INFO] Epoch[4/25], train B-acc: 0.6483(0.5749-0.7292), test B-acc: 0.6346(0.5541-0.7333)
[2024-12-31 11:55:22,542][INFO] Epoch[4/25], train AUC: 0.8230(0.7408-0.8931), test AUC: 0.7158(0.5913-0.8327)
[2024-12-31 11:57:10,581][INFO] Epoch[5/25], loss:1.0137, CE loss:0.4119 , info NCE loss:6.4298
[2024-12-31 11:57:10,582][INFO] Epoch[5/25], train B-acc: 0.5759(0.5209-0.6412), test B-acc: 0.5357(0.5000-0.6000)
[2024-12-31 11:57:10,582][INFO] Epoch[5/25], train AUC: 0.8482(0.7660-0.9106), test AUC: 0.7329(0.6134-0.8363)
[2024-12-31 11:58:57,911][INFO] Epoch[6/25], loss:0.9976, CE loss:0.4012 , info NCE loss:6.3652
[2024-12-31 11:58:57,911][INFO] Epoch[6/25], train B-acc: 0.6386(0.5696-0.7154), test B-acc: 0.6154(0.5385-0.7105)
[2024-12-31 11:58:57,912][INFO] Epoch[6/25], train AUC: 0.8664(0.7863-0.9235), test AUC: 0.7635(0.6453-0.8587)
[2024-12-31 12:00:53,026][INFO] Epoch[7/25], loss:0.9827, CE loss:0.3933 , info NCE loss:6.2865
[2024-12-31 12:00:53,027][INFO] Epoch[7/25], train B-acc: 0.6622(0.5908-0.7419), test B-acc: 0.6143(0.5417-0.7037)
[2024-12-31 12:00:53,027][INFO] Epoch[7/25], train AUC: 0.8753(0.8104-0.9299), test AUC: 0.7788(0.6625-0.8786)
[2024-12-31 12:02:37,616][INFO] Epoch[8/25], loss:0.9692, CE loss:0.3854 , info NCE loss:6.2233
[2024-12-31 12:02:37,617][INFO] Epoch[8/25], train B-acc: 0.6387(0.5713-0.7163), test B-acc: 0.5938(0.5294-0.6724)
[2024-12-31 12:02:37,617][INFO] Epoch[8/25], train AUC: 0.8937(0.8192-0.9449), test AUC: 0.7939(0.6930-0.8899)
[2024-12-31 12:04:22,513][INFO] Epoch[9/25], loss:0.9579, CE loss:0.3778 , info NCE loss:6.1793
[2024-12-31 12:04:22,513][INFO] Epoch[9/25], train B-acc: 0.6970(0.6190-0.7738), test B-acc: 0.6154(0.5385-0.7031)
[2024-12-31 12:04:22,515][INFO] Epoch[9/25], train AUC: 0.9088(0.8474-0.9568), test AUC: 0.8113(0.6952-0.9029)
[2024-12-31 12:06:08,251][INFO] Epoch[10/25], loss:0.9485, CE loss:0.3703 , info NCE loss:6.1521
[2024-12-31 12:06:08,251][INFO] Epoch[10/25], train B-acc: 0.7227(0.6429-0.7992), test B-acc: 0.6316(0.5577-0.7200)
[2024-12-31 12:06:08,251][INFO] Epoch[10/25], train AUC: 0.9199(0.8535-0.9645), test AUC: 0.8216(0.7125-0.9122)
[2024-12-31 12:07:56,954][INFO] Epoch[11/25], loss:0.9401, CE loss:0.3636 , info NCE loss:6.1282
[2024-12-31 12:07:56,954][INFO] Epoch[11/25], train B-acc: 0.7286(0.6558-0.8129), test B-acc: 0.6923(0.6034-0.7955)
[2024-12-31 12:07:56,954][INFO] Epoch[11/25], train AUC: 0.9281(0.8644-0.9696), test AUC: 0.8300(0.7202-0.9146)
[2024-12-31 12:09:47,614][INFO] Epoch[12/25], loss:0.9308, CE loss:0.3558 , info NCE loss:6.1058
[2024-12-31 12:09:47,614][INFO] Epoch[12/25], train B-acc: 0.7834(0.6999-0.8566), test B-acc: 0.7500(0.6500-0.8500)
[2024-12-31 12:09:47,614][INFO] Epoch[12/25], train AUC: 0.9355(0.8769-0.9760), test AUC: 0.8344(0.7253-0.9200)
[2024-12-31 12:11:33,875][INFO] Epoch[13/25], loss:0.9229, CE loss:0.3491 , info NCE loss:6.0873
[2024-12-31 12:11:33,875][INFO] Epoch[13/25], train B-acc: 0.8093(0.7279-0.8849), test B-acc: 0.7500(0.6471-0.8529)
[2024-12-31 12:11:33,875][INFO] Epoch[13/25], train AUC: 0.9424(0.8852-0.9792), test AUC: 0.8475(0.7493-0.9312)
[2024-12-31 12:13:18,781][INFO] Epoch[14/25], loss:0.9145, CE loss:0.3414 , info NCE loss:6.0727
[2024-12-31 12:13:18,781][INFO] Epoch[14/25], train B-acc: 0.8003(0.7196-0.8770), test B-acc: 0.7500(0.6552-0.8529)
[2024-12-31 12:13:18,782][INFO] Epoch[14/25], train AUC: 0.9514(0.8989-0.9846), test AUC: 0.8480(0.7448-0.9275)
[2024-12-31 12:15:12,279][INFO] Epoch[15/25], loss:0.9086, CE loss:0.3364 , info NCE loss:6.0582
[2024-12-31 12:15:12,280][INFO] Epoch[15/25], train B-acc: 0.8581(0.7756-0.9245), test B-acc: 0.7343(0.6349-0.8316)
[2024-12-31 12:15:12,280][INFO] Epoch[15/25], train AUC: 0.9572(0.9104-0.9873), test AUC: 0.8473(0.7499-0.9263)
[2024-12-31 12:17:05,516][INFO] Epoch[16/25], loss:0.9001, CE loss:0.3285 , info NCE loss:6.0446
[2024-12-31 12:17:05,517][INFO] Epoch[16/25], train B-acc: 0.8566(0.7804-0.9243), test B-acc: 0.7436(0.6369-0.8438)
[2024-12-31 12:17:05,517][INFO] Epoch[16/25], train AUC: 0.9651(0.9181-0.9896), test AUC: 0.8548(0.7515-0.9365)
[2024-12-31 12:18:58,320][INFO] Epoch[17/25], loss:0.8938, CE loss:0.3226 , info NCE loss:6.0353
[2024-12-31 12:18:58,321][INFO] Epoch[17/25], train B-acc: 0.9102(0.8434-0.9639), test B-acc: 0.7604(0.6573-0.8611)
[2024-12-31 12:18:58,321][INFO] Epoch[17/25], train AUC: 0.9691(0.9337-0.9933), test AUC: 0.8533(0.7395-0.9365)
[2024-12-31 12:20:49,848][INFO] Epoch[18/25], loss:0.8874, CE loss:0.3163 , info NCE loss:6.0276
[2024-12-31 12:20:49,849][INFO] Epoch[18/25], train B-acc: 0.9220(0.8611-0.9715), test B-acc: 0.7547(0.6488-0.8562)
[2024-12-31 12:20:49,849][INFO] Epoch[18/25], train AUC: 0.9750(0.9417-0.9955), test AUC: 0.8602(0.7597-0.9389)
[2024-12-31 12:22:44,075][INFO] Epoch[19/25], loss:0.8807, CE loss:0.3109 , info NCE loss:6.0093
[2024-12-31 12:22:44,075][INFO] Epoch[19/25], train B-acc: 0.9238(0.8628-0.9697), test B-acc: 0.7698(0.6590-0.8683)
[2024-12-31 12:22:44,075][INFO] Epoch[19/25], train AUC: 0.9789(0.9502-0.9963), test AUC: 0.8596(0.7621-0.9405)
[2024-12-31 12:24:37,048][INFO] Epoch[20/25], loss:0.8775, CE loss:0.3074 , info NCE loss:6.0091
[2024-12-31 12:24:37,050][INFO] Epoch[20/25], train B-acc: 0.8750(0.8337-0.9068), test B-acc: 0.7682(0.6756-0.8534)
[2024-12-31 12:24:37,050][INFO] Epoch[20/25], train AUC: 0.9808(0.9562-0.9959), test AUC: 0.8576(0.7507-0.9365)
[2024-12-31 12:26:31,266][INFO] Epoch[21/25], loss:0.8755, CE loss:0.3056 , info NCE loss:6.0043
[2024-12-31 12:26:31,266][INFO] Epoch[21/25], train B-acc: 0.9370(0.8828-0.9800), test B-acc: 0.7688(0.6583-0.8600)
[2024-12-31 12:26:31,266][INFO] Epoch[21/25], train AUC: 0.9838(0.9616-0.9973), test AUC: 0.8596(0.7540-0.9378)
[2024-12-31 12:28:25,203][INFO] Epoch[22/25], loss:0.8707, CE loss:0.3013 , info NCE loss:5.9956
[2024-12-31 12:28:25,204][INFO] Epoch[22/25], train B-acc: 0.9278(0.8844-0.9636), test B-acc: 0.7808(0.6733-0.8741)
[2024-12-31 12:28:25,204][INFO] Epoch[22/25], train AUC: 0.9856(0.9627-0.9981), test AUC: 0.8560(0.7562-0.9397)
[2024-12-31 12:30:18,157][INFO] Epoch[23/25], loss:0.8617, CE loss:0.2926 , info NCE loss:5.9836
[2024-12-31 12:30:18,158][INFO] Epoch[23/25], train B-acc: 0.8813(0.8394-0.9140), test B-acc: 0.7704(0.6751-0.8521)
[2024-12-31 12:30:18,158][INFO] Epoch[23/25], train AUC: 0.9884(0.9681-0.9983), test AUC: 0.8566(0.7525-0.9328)
[2024-12-31 12:32:10,790][INFO] Epoch[24/25], loss:0.8625, CE loss:0.2937 , info NCE loss:5.9816
[2024-12-31 12:32:10,790][INFO] Epoch[24/25], train B-acc: 0.9028(0.8608-0.9347), test B-acc: 0.7789(0.6758-0.8623)
[2024-12-31 12:32:10,790][INFO] Epoch[24/25], train AUC: 0.9899(0.9733-0.9987), test AUC: 0.8559(0.7477-0.9349)
[2024-12-31 12:34:03,679][INFO] Epoch[25/25], loss:0.8538, CE loss:0.2846 , info NCE loss:5.9758
[2024-12-31 12:34:03,679][INFO] Epoch[25/25], train B-acc: 0.9456(0.9119-0.9688), test B-acc: 0.7933(0.6956-0.8760)
[2024-12-31 12:34:03,680][INFO] Epoch[25/25], train AUC: 0.9898(0.9762-0.9986), test AUC: 0.8538(0.7484-0.9324)
