[2025-01-01 11:06:48,423][INFO] Running PROJECT: CRC-DX, P LEARNING RATE: 0.001, OPTIMIZER: ADAMW, NUM EPOCHS: 40, BATCH SIZE: 2048, DEVICES: cuda, SMOOTHING: 0.1
[2025-01-01 11:06:48,423][INFO] params["in_chans"]=[200, 16]
[2025-01-01 11:06:48,423][INFO] params["dims"]=[512, 512]
[2025-01-01 11:06:48,425][INFO] params["out_chans"]=[16, 8]
[2025-01-01 11:06:48,425][INFO] params["heads"]=[8, 4]
[2025-01-01 11:06:48,425][INFO] params["dropout"]=[0.8, 0.4, 0.4]
[2025-01-01 11:08:55,708][INFO] Epoch[1/40], loss:1.6268, CE loss:1.2475 , info NCE loss:0.3793
[2025-01-01 11:08:55,709][INFO] Epoch[1/40], train B-acc: 0.5000(0.5000-0.5000), test B-acc: 0.5000(0.5000-0.5000)
[2025-01-01 11:08:55,709][INFO] Epoch[1/40], train AUC: 0.7114(0.5863-0.8115), test AUC: 0.6414(0.5156-0.7632)
[2025-01-01 11:10:56,516][INFO] Epoch[2/40], loss:1.0437, CE loss:0.6640 , info NCE loss:0.3797
[2025-01-01 11:10:56,516][INFO] Epoch[2/40], train B-acc: 0.5000(0.5000-0.5000), test B-acc: 0.5000(0.5000-0.5000)
[2025-01-01 11:10:56,516][INFO] Epoch[2/40], train AUC: 0.7618(0.6698-0.8525), test AUC: 0.6862(0.5597-0.8059)
[2025-01-01 11:12:55,892][INFO] Epoch[3/40], loss:0.8533, CE loss:0.4745 , info NCE loss:0.3789
[2025-01-01 11:12:55,892][INFO] Epoch[3/40], train B-acc: 0.5957(0.5362-0.6686), test B-acc: 0.5556(0.5000-0.6296)
[2025-01-01 11:12:55,892][INFO] Epoch[3/40], train AUC: 0.7994(0.7138-0.8798), test AUC: 0.7223(0.5956-0.8372)
[2025-01-01 11:14:58,221][INFO] Epoch[4/40], loss:0.8029, CE loss:0.4243 , info NCE loss:0.3787
[2025-01-01 11:14:58,221][INFO] Epoch[4/40], train B-acc: 0.6237(0.5562-0.6969), test B-acc: 0.6129(0.5385-0.7000)
[2025-01-01 11:14:58,221][INFO] Epoch[4/40], train AUC: 0.8249(0.7373-0.8964), test AUC: 0.7355(0.6143-0.8399)
[2025-01-01 11:17:12,867][INFO] Epoch[5/40], loss:0.7880, CE loss:0.4096 , info NCE loss:0.3785
[2025-01-01 11:17:12,867][INFO] Epoch[5/40], train B-acc: 0.5875(0.5289-0.6512), test B-acc: 0.5556(0.5000-0.6250)
[2025-01-01 11:17:12,869][INFO] Epoch[5/40], train AUC: 0.8433(0.7641-0.9089), test AUC: 0.7536(0.6342-0.8523)
[2025-01-01 11:19:28,695][INFO] Epoch[6/40], loss:0.7785, CE loss:0.4002 , info NCE loss:0.3783
[2025-01-01 11:19:28,695][INFO] Epoch[6/40], train B-acc: 0.6250(0.5579-0.7003), test B-acc: 0.6129(0.5435-0.7000)
[2025-01-01 11:19:28,696][INFO] Epoch[6/40], train AUC: 0.8595(0.7819-0.9234), test AUC: 0.7744(0.6580-0.8707)
[2025-01-01 11:21:44,273][INFO] Epoch[7/40], loss:0.7703, CE loss:0.3924 , info NCE loss:0.3780
[2025-01-01 11:21:44,274][INFO] Epoch[7/40], train B-acc: 0.6394(0.5672-0.7155), test B-acc: 0.5968(0.5238-0.6750)
[2025-01-01 11:21:44,274][INFO] Epoch[7/40], train AUC: 0.8742(0.8008-0.9290), test AUC: 0.7872(0.6738-0.8843)
[2025-01-01 11:23:59,231][INFO] Epoch[8/40], loss:0.7637, CE loss:0.3861 , info NCE loss:0.3777
[2025-01-01 11:23:59,232][INFO] Epoch[8/40], train B-acc: 0.6923(0.6154-0.7694), test B-acc: 0.6167(0.5417-0.7045)
[2025-01-01 11:23:59,232][INFO] Epoch[8/40], train AUC: 0.8841(0.8095-0.9390), test AUC: 0.7994(0.6925-0.9012)
[2025-01-01 11:26:13,707][INFO] Epoch[9/40], loss:0.7563, CE loss:0.3790 , info NCE loss:0.3773
[2025-01-01 11:26:13,707][INFO] Epoch[9/40], train B-acc: 0.6928(0.6063-0.7737), test B-acc: 0.6111(0.5400-0.7037)
[2025-01-01 11:26:13,708][INFO] Epoch[9/40], train AUC: 0.8966(0.8218-0.9509), test AUC: 0.8098(0.6883-0.9062)
[2025-01-01 11:28:24,030][INFO] Epoch[10/40], loss:0.7491, CE loss:0.3722 , info NCE loss:0.3769
[2025-01-01 11:28:24,030][INFO] Epoch[10/40], train B-acc: 0.7092(0.6311-0.7910), test B-acc: 0.6538(0.5652-0.7407)
[2025-01-01 11:28:24,030][INFO] Epoch[10/40], train AUC: 0.9107(0.8368-0.9578), test AUC: 0.8208(0.7023-0.9142)
[2025-01-01 11:30:34,343][INFO] Epoch[11/40], loss:0.7420, CE loss:0.3655 , info NCE loss:0.3765
[2025-01-01 11:30:34,344][INFO] Epoch[11/40], train B-acc: 0.7037(0.6268-0.7881), test B-acc: 0.6714(0.5870-0.7656)
[2025-01-01 11:30:34,344][INFO] Epoch[11/40], train AUC: 0.9167(0.8460-0.9647), test AUC: 0.8285(0.7126-0.9200)
[2025-01-01 11:32:40,874][INFO] Epoch[12/40], loss:0.7357, CE loss:0.3597 , info NCE loss:0.3760
[2025-01-01 11:32:40,875][INFO] Epoch[12/40], train B-acc: 0.7077(0.6306-0.7857), test B-acc: 0.6724(0.5893-0.7647)
[2025-01-01 11:32:40,875][INFO] Epoch[12/40], train AUC: 0.9291(0.8667-0.9699), test AUC: 0.8326(0.7183-0.9252)
[2025-01-01 11:34:48,601][INFO] Epoch[13/40], loss:0.7284, CE loss:0.3530 , info NCE loss:0.3754
[2025-01-01 11:34:48,601][INFO] Epoch[13/40], train B-acc: 0.7317(0.6548-0.8168), test B-acc: 0.7115(0.6154-0.8103)
[2025-01-01 11:34:48,601][INFO] Epoch[13/40], train AUC: 0.9379(0.8812-0.9762), test AUC: 0.8421(0.7329-0.9317)
[2025-01-01 11:36:57,497][INFO] Epoch[14/40], loss:0.7213, CE loss:0.3465 , info NCE loss:0.3748
[2025-01-01 11:36:57,498][INFO] Epoch[14/40], train B-acc: 0.7719(0.6903-0.8612), test B-acc: 0.7115(0.6111-0.8182)
[2025-01-01 11:36:57,498][INFO] Epoch[14/40], train AUC: 0.9481(0.8990-0.9825), test AUC: 0.8457(0.7380-0.9331)
[2025-01-01 11:39:08,864][INFO] Epoch[15/40], loss:0.7141, CE loss:0.3398 , info NCE loss:0.3743
[2025-01-01 11:39:08,865][INFO] Epoch[15/40], train B-acc: 0.8167(0.7410-0.8932), test B-acc: 0.7432(0.6403-0.8409)
[2025-01-01 11:39:08,865][INFO] Epoch[15/40], train AUC: 0.9559(0.9069-0.9850), test AUC: 0.8510(0.7381-0.9369)
[2025-01-01 11:41:20,613][INFO] Epoch[16/40], loss:0.7068, CE loss:0.3331 , info NCE loss:0.3737
[2025-01-01 11:41:20,614][INFO] Epoch[16/40], train B-acc: 0.7975(0.7120-0.8744), test B-acc: 0.7436(0.6500-0.8409)
[2025-01-01 11:41:20,614][INFO] Epoch[16/40], train AUC: 0.9645(0.9194-0.9893), test AUC: 0.8500(0.7418-0.9403)
[2025-01-01 11:43:32,621][INFO] Epoch[17/40], loss:0.7000, CE loss:0.3270 , info NCE loss:0.3729
[2025-01-01 11:43:32,622][INFO] Epoch[17/40], train B-acc: 0.8616(0.7858-0.9232), test B-acc: 0.7784(0.6746-0.8759)
[2025-01-01 11:43:32,622][INFO] Epoch[17/40], train AUC: 0.9716(0.9290-0.9922), test AUC: 0.8554(0.7510-0.9444)
[2025-01-01 11:45:44,449][INFO] Epoch[18/40], loss:0.6928, CE loss:0.3206 , info NCE loss:0.3722
[2025-01-01 11:45:44,449][INFO] Epoch[18/40], train B-acc: 0.8506(0.7698-0.9154), test B-acc: 0.7572(0.6533-0.8567)
[2025-01-01 11:45:44,450][INFO] Epoch[18/40], train AUC: 0.9761(0.9366-0.9956), test AUC: 0.8576(0.7586-0.9362)
[2025-01-01 11:47:56,988][INFO] Epoch[19/40], loss:0.6865, CE loss:0.3150 , info NCE loss:0.3715
[2025-01-01 11:47:56,988][INFO] Epoch[19/40], train B-acc: 0.9137(0.8462-0.9684), test B-acc: 0.8028(0.6998-0.8969)
[2025-01-01 11:47:56,989][INFO] Epoch[19/40], train AUC: 0.9796(0.9445-0.9963), test AUC: 0.8616(0.7477-0.9517)
[2025-01-01 11:50:18,494][INFO] Epoch[20/40], loss:0.6794, CE loss:0.3087 , info NCE loss:0.3707
[2025-01-01 11:50:18,494][INFO] Epoch[20/40], train B-acc: 0.9431(0.8885-0.9863), test B-acc: 0.8067(0.7125-0.8929)
[2025-01-01 11:50:18,494][INFO] Epoch[20/40], train AUC: 0.9841(0.9537-0.9982), test AUC: 0.8562(0.7470-0.9446)
[2025-01-01 11:52:39,529][INFO] Epoch[21/40], loss:0.6715, CE loss:0.3019 , info NCE loss:0.3697
[2025-01-01 11:52:39,530][INFO] Epoch[21/40], train B-acc: 0.9412(0.8834-0.9822), test B-acc: 0.7874(0.6875-0.8857)
[2025-01-01 11:52:39,530][INFO] Epoch[21/40], train AUC: 0.9868(0.9616-0.9982), test AUC: 0.8625(0.7494-0.9461)
[2025-01-01 11:54:58,023][INFO] Epoch[22/40], loss:0.6652, CE loss:0.2964 , info NCE loss:0.3688
[2025-01-01 11:54:58,024][INFO] Epoch[22/40], train B-acc: 0.9562(0.9009-0.9932), test B-acc: 0.7979(0.6921-0.8888)
[2025-01-01 11:54:58,024][INFO] Epoch[22/40], train AUC: 0.9896(0.9674-0.9989), test AUC: 0.8613(0.7524-0.9458)
[2025-01-01 11:57:14,320][INFO] Epoch[23/40], loss:0.6581, CE loss:0.2903 , info NCE loss:0.3678
[2025-01-01 11:57:14,320][INFO] Epoch[23/40], train B-acc: 0.9549(0.9011-0.9933), test B-acc: 0.7867(0.6878-0.8825)
[2025-01-01 11:57:14,321][INFO] Epoch[23/40], train AUC: 0.9908(0.9715-0.9990), test AUC: 0.8571(0.7588-0.9396)
[2025-01-01 11:59:31,472][INFO] Epoch[24/40], loss:0.6521, CE loss:0.2851 , info NCE loss:0.3670
[2025-01-01 11:59:31,472][INFO] Epoch[24/40], train B-acc: 0.9516(0.8998-0.9909), test B-acc: 0.7837(0.6867-0.8833)
[2025-01-01 11:59:31,473][INFO] Epoch[24/40], train AUC: 0.9930(0.9803-0.9993), test AUC: 0.8577(0.7541-0.9430)
[2025-01-01 12:01:43,116][INFO] Epoch[25/40], loss:0.6470, CE loss:0.2806 , info NCE loss:0.3664
[2025-01-01 12:01:43,116][INFO] Epoch[25/40], train B-acc: 0.9681(0.9256-0.9954), test B-acc: 0.7733(0.6632-0.8733)
[2025-01-01 12:01:43,116][INFO] Epoch[25/40], train AUC: 0.9953(0.9860-0.9997), test AUC: 0.8629(0.7522-0.9410)
[2025-01-01 12:03:55,352][INFO] Epoch[26/40], loss:0.6411, CE loss:0.2756 , info NCE loss:0.3655
[2025-01-01 12:03:55,353][INFO] Epoch[26/40], train B-acc: 0.9702(0.9392-0.9889), test B-acc: 0.7865(0.6871-0.8764)
[2025-01-01 12:03:55,353][INFO] Epoch[26/40], train AUC: 0.9959(0.9881-0.9998), test AUC: 0.8597(0.7521-0.9448)
[2025-01-01 12:06:07,869][INFO] Epoch[27/40], loss:0.6424, CE loss:0.2767 , info NCE loss:0.3657
[2025-01-01 12:06:07,869][INFO] Epoch[27/40], train B-acc: 0.9550(0.9349-0.9727), test B-acc: 0.8098(0.7167-0.8905)
[2025-01-01 12:06:07,870][INFO] Epoch[27/40], train AUC: 0.9970(0.9903-0.9999), test AUC: 0.8608(0.7569-0.9481)
[2025-01-01 12:08:22,942][INFO] Epoch[28/40], loss:0.6369, CE loss:0.2720 , info NCE loss:0.3649
[2025-01-01 12:08:22,942][INFO] Epoch[28/40], train B-acc: 0.9729(0.9392-0.9914), test B-acc: 0.7936(0.6894-0.8831)
[2025-01-01 12:08:22,942][INFO] Epoch[28/40], train AUC: 0.9977(0.9926-1.0000), test AUC: 0.8553(0.7500-0.9428)
[2025-01-01 12:10:37,815][INFO] Epoch[29/40], loss:0.6294, CE loss:0.2654 , info NCE loss:0.3640
[2025-01-01 12:10:37,815][INFO] Epoch[29/40], train B-acc: 0.9756(0.9608-0.9870), test B-acc: 0.7986(0.7063-0.8786)
[2025-01-01 12:10:37,816][INFO] Epoch[29/40], train AUC: 0.9981(0.9938-1.0000), test AUC: 0.8594(0.7548-0.9392)
[2025-01-01 12:12:49,227][INFO] Epoch[30/40], loss:0.6250, CE loss:0.2615 , info NCE loss:0.3635
[2025-01-01 12:12:49,227][INFO] Epoch[30/40], train B-acc: 0.9757(0.9610-0.9891), test B-acc: 0.7698(0.6682-0.8661)
[2025-01-01 12:12:49,227][INFO] Epoch[30/40], train AUC: 0.9982(0.9943-1.0000), test AUC: 0.8553(0.7489-0.9347)
[2025-01-01 12:15:01,495][INFO] Epoch[31/40], loss:0.6212, CE loss:0.2582 , info NCE loss:0.3630
[2025-01-01 12:15:01,495][INFO] Epoch[31/40], train B-acc: 0.9730(0.9577-0.9862), test B-acc: 0.7762(0.6799-0.8708)
[2025-01-01 12:15:01,495][INFO] Epoch[31/40], train AUC: 0.9981(0.9940-0.9999), test AUC: 0.8575(0.7547-0.9409)
[2025-01-01 12:17:13,849][INFO] Epoch[32/40], loss:0.6218, CE loss:0.2589 , info NCE loss:0.3629
[2025-01-01 12:17:13,850][INFO] Epoch[32/40], train B-acc: 0.9821(0.9694-0.9932), test B-acc: 0.7692(0.6743-0.8669)
[2025-01-01 12:17:13,850][INFO] Epoch[32/40], train AUC: 0.9982(0.9941-0.9999), test AUC: 0.8503(0.7471-0.9325)
[2025-01-01 12:19:30,078][INFO] Epoch[33/40], loss:0.6222, CE loss:0.2592 , info NCE loss:0.3630
[2025-01-01 12:19:30,078][INFO] Epoch[33/40], train B-acc: 0.9556(0.9341-0.9733), test B-acc: 0.7896(0.6974-0.8686)
[2025-01-01 12:19:30,079][INFO] Epoch[33/40], train AUC: 0.9986(0.9951-1.0000), test AUC: 0.8519(0.7433-0.9308)
[2025-01-01 12:21:40,451][INFO] Epoch[34/40], loss:0.6137, CE loss:0.2516 , info NCE loss:0.3622
[2025-01-01 12:21:40,451][INFO] Epoch[34/40], train B-acc: 0.9641(0.9461-0.9796), test B-acc: 0.7962(0.7103-0.8771)
[2025-01-01 12:21:40,451][INFO] Epoch[34/40], train AUC: 0.9988(0.9962-1.0000), test AUC: 0.8541(0.7435-0.9332)
[2025-01-01 12:23:49,051][INFO] Epoch[35/40], loss:0.6125, CE loss:0.2506 , info NCE loss:0.3619
[2025-01-01 12:23:49,051][INFO] Epoch[35/40], train B-acc: 0.9406(0.9190-0.9621), test B-acc: 0.7877(0.6974-0.8623)
[2025-01-01 12:23:49,051][INFO] Epoch[35/40], train AUC: 0.9989(0.9960-1.0000), test AUC: 0.8465(0.7411-0.9319)
[2025-01-01 12:25:58,624][INFO] Epoch[36/40], loss:0.6120, CE loss:0.2503 , info NCE loss:0.3617
[2025-01-01 12:25:58,625][INFO] Epoch[36/40], train B-acc: 0.9662(0.9486-0.9801), test B-acc: 0.7889(0.6944-0.8673)
[2025-01-01 12:25:58,625][INFO] Epoch[36/40], train AUC: 0.9985(0.9950-1.0000), test AUC: 0.8488(0.7357-0.9256)
[2025-01-01 12:28:09,082][INFO] Epoch[37/40], loss:0.6058, CE loss:0.2444 , info NCE loss:0.3614
[2025-01-01 12:28:09,083][INFO] Epoch[37/40], train B-acc: 0.9521(0.9306-0.9695), test B-acc: 0.7867(0.7005-0.8608)
[2025-01-01 12:28:09,083][INFO] Epoch[37/40], train AUC: 0.9985(0.9949-1.0000), test AUC: 0.8471(0.7475-0.9314)
[2025-01-01 12:30:17,967][INFO] Epoch[38/40], loss:0.6041, CE loss:0.2431 , info NCE loss:0.3611
[2025-01-01 12:30:17,967][INFO] Epoch[38/40], train B-acc: 0.9442(0.9208-0.9633), test B-acc: 0.7875(0.7067-0.8667)
[2025-01-01 12:30:17,967][INFO] Epoch[38/40], train AUC: 0.9990(0.9960-1.0000), test AUC: 0.8467(0.7480-0.9260)
[2025-01-01 12:32:27,619][INFO] Epoch[39/40], loss:0.6030, CE loss:0.2420 , info NCE loss:0.3611
[2025-01-01 12:32:27,619][INFO] Epoch[39/40], train B-acc: 0.9556(0.9358-0.9729), test B-acc: 0.7869(0.6997-0.8638)
[2025-01-01 12:32:27,619][INFO] Epoch[39/40], train AUC: 0.9986(0.9951-1.0000), test AUC: 0.8447(0.7362-0.9307)
[2025-01-01 12:34:38,523][INFO] Epoch[40/40], loss:0.6023, CE loss:0.2413 , info NCE loss:0.3610
[2025-01-01 12:34:38,523][INFO] Epoch[40/40], train B-acc: 0.9552(0.9358-0.9721), test B-acc: 0.7897(0.6965-0.8631)
[2025-01-01 12:34:38,523][INFO] Epoch[40/40], train AUC: 0.9986(0.9952-1.0000), test AUC: 0.8444(0.7344-0.9231)
