[2025-01-01 17:54:51,486][INFO] Running PROJECT: CRC-DX, P LEARNING RATE: 0.001, OPTIMIZER: ADAMW, NUM EPOCHS: 40, BATCH SIZE: 2048, DEVICES: cuda, SMOOTHING: 0.1
[2025-01-01 17:54:51,486][INFO] params["in_chans"]=[200, 16]temperture=0.7,但是貌似结果变差了,下面开始改进权重
[2025-01-01 17:54:51,486][INFO] params["dims"]=[512, 512]
[2025-01-01 17:54:51,487][INFO] params["out_chans"]=[16, 8]
[2025-01-01 17:54:51,487][INFO] params["heads"]=[8, 4]
[2025-01-01 17:54:51,487][INFO] params["dropout"]=[0.8, 0.4, 0.4]
[2025-01-01 17:57:09,470][INFO] Epoch[1/40], loss:1.2307, CE loss:0.8515 , info NCE loss:0.3792
[2025-01-01 17:57:09,470][INFO] Epoch[1/40], train B-acc: 0.5000(0.5000-0.5000), test B-acc: 0.5000(0.5000-0.5000)
[2025-01-01 17:57:09,471][INFO] Epoch[1/40], train AUC: 0.6915(0.5764-0.7876), test AUC: 0.6094(0.4581-0.7499)
[2025-01-01 17:59:25,551][INFO] Epoch[2/40], loss:0.9118, CE loss:0.5326 , info NCE loss:0.3792
[2025-01-01 17:59:25,551][INFO] Epoch[2/40], train B-acc: 0.5000(0.5000-0.5000), test B-acc: 0.5000(0.5000-0.5000)
[2025-01-01 17:59:25,551][INFO] Epoch[2/40], train AUC: 0.7393(0.6395-0.8281), test AUC: 0.6774(0.5367-0.7927)
[2025-01-01 18:01:43,216][INFO] Epoch[3/40], loss:0.8339, CE loss:0.4548 , info NCE loss:0.3791
[2025-01-01 18:01:43,216][INFO] Epoch[3/40], train B-acc: 0.5000(0.5000-0.5000), test B-acc: 0.5000(0.5000-0.5000)
[2025-01-01 18:01:43,217][INFO] Epoch[3/40], train AUC: 0.7752(0.6836-0.8576), test AUC: 0.7083(0.5762-0.8248)
[2025-01-01 18:04:01,365][INFO] Epoch[4/40], loss:0.8063, CE loss:0.4274 , info NCE loss:0.3789
[2025-01-01 18:04:01,365][INFO] Epoch[4/40], train B-acc: 0.5595(0.5129-0.6168), test B-acc: 0.5370(0.5000-0.5952)
[2025-01-01 18:04:01,365][INFO] Epoch[4/40], train AUC: 0.8049(0.7208-0.8810), test AUC: 0.7318(0.6163-0.8325)
[2025-01-01 18:06:18,291][INFO] Epoch[5/40], loss:0.7953, CE loss:0.4166 , info NCE loss:0.3787
[2025-01-01 18:06:18,291][INFO] Epoch[5/40], train B-acc: 0.5601(0.5113-0.6163), test B-acc: 0.5370(0.5000-0.5952)
[2025-01-01 18:06:18,291][INFO] Epoch[5/40], train AUC: 0.8310(0.7510-0.9034), test AUC: 0.7400(0.6140-0.8520)
[2025-01-01 18:08:28,169][INFO] Epoch[6/40], loss:0.7852, CE loss:0.4067 , info NCE loss:0.3785
[2025-01-01 18:08:28,169][INFO] Epoch[6/40], train B-acc: 0.5887(0.5301-0.6623), test B-acc: 0.5556(0.5000-0.6290)
[2025-01-01 18:08:28,169][INFO] Epoch[6/40], train AUC: 0.8469(0.7725-0.9154), test AUC: 0.7600(0.6436-0.8704)
[2025-01-01 18:10:36,200][INFO] Epoch[7/40], loss:0.7777, CE loss:0.3995 , info NCE loss:0.3782
[2025-01-01 18:10:36,200][INFO] Epoch[7/40], train B-acc: 0.6282(0.5581-0.7022), test B-acc: 0.5946(0.5250-0.6731)
[2025-01-01 18:10:36,200][INFO] Epoch[7/40], train AUC: 0.8655(0.7876-0.9289), test AUC: 0.7812(0.6632-0.8740)
[2025-01-01 18:12:53,061][INFO] Epoch[8/40], loss:0.7695, CE loss:0.3916 , info NCE loss:0.3778
[2025-01-01 18:12:53,062][INFO] Epoch[8/40], train B-acc: 0.6525(0.5788-0.7275), test B-acc: 0.5946(0.5238-0.6786)
[2025-01-01 18:12:53,062][INFO] Epoch[8/40], train AUC: 0.8819(0.8084-0.9355), test AUC: 0.7888(0.6756-0.8802)
[2025-01-01 18:15:08,948][INFO] Epoch[9/40], loss:0.7610, CE loss:0.3835 , info NCE loss:0.3774
[2025-01-01 18:15:08,948][INFO] Epoch[9/40], train B-acc: 0.6937(0.6127-0.7744), test B-acc: 0.6111(0.5417-0.7045)
[2025-01-01 18:15:08,949][INFO] Epoch[9/40], train AUC: 0.8990(0.8307-0.9492), test AUC: 0.8051(0.6993-0.8925)
[2025-01-01 18:17:26,390][INFO] Epoch[10/40], loss:0.7536, CE loss:0.3766 , info NCE loss:0.3770
[2025-01-01 18:17:26,390][INFO] Epoch[10/40], train B-acc: 0.7175(0.6362-0.7977), test B-acc: 0.7097(0.6200-0.8056)
[2025-01-01 18:17:26,390][INFO] Epoch[10/40], train AUC: 0.9097(0.8457-0.9564), test AUC: 0.8065(0.7037-0.9018)
[2025-01-01 18:19:40,903][INFO] Epoch[11/40], loss:0.7446, CE loss:0.3681 , info NCE loss:0.3765
[2025-01-01 18:19:40,903][INFO] Epoch[11/40], train B-acc: 0.7079(0.6379-0.7834), test B-acc: 0.6522(0.5690-0.7500)
[2025-01-01 18:19:40,903][INFO] Epoch[11/40], train AUC: 0.9209(0.8573-0.9651), test AUC: 0.8155(0.6984-0.9082)
[2025-01-01 18:21:54,547][INFO] Epoch[12/40], loss:0.7365, CE loss:0.3604 , info NCE loss:0.3760
[2025-01-01 18:21:54,548][INFO] Epoch[12/40], train B-acc: 0.7433(0.6621-0.8224), test B-acc: 0.7115(0.6200-0.8125)
[2025-01-01 18:21:54,548][INFO] Epoch[12/40], train AUC: 0.9292(0.8630-0.9713), test AUC: 0.8290(0.7188-0.9200)
[2025-01-01 18:23:58,033][INFO] Epoch[13/40], loss:0.7313, CE loss:0.3557 , info NCE loss:0.3756
[2025-01-01 18:23:58,035][INFO] Epoch[13/40], train B-acc: 0.7651(0.6847-0.8440), test B-acc: 0.7083(0.6094-0.8096)
[2025-01-01 18:23:58,035][INFO] Epoch[13/40], train AUC: 0.9417(0.8780-0.9776), test AUC: 0.8320(0.7242-0.9195)
[2025-01-01 18:25:57,812][INFO] Epoch[14/40], loss:0.7232, CE loss:0.3482 , info NCE loss:0.3751
[2025-01-01 18:25:57,812][INFO] Epoch[14/40], train B-acc: 0.8315(0.7564-0.9074), test B-acc: 0.7566(0.6601-0.8567)
[2025-01-01 18:25:57,812][INFO] Epoch[14/40], train AUC: 0.9484(0.8955-0.9836), test AUC: 0.8353(0.7292-0.9232)
[2025-01-01 18:27:59,309][INFO] Epoch[15/40], loss:0.7145, CE loss:0.3400 , info NCE loss:0.3745
[2025-01-01 18:27:59,310][INFO] Epoch[15/40], train B-acc: 0.8186(0.7391-0.8922), test B-acc: 0.7365(0.6375-0.8344)
[2025-01-01 18:27:59,310][INFO] Epoch[15/40], train AUC: 0.9584(0.9059-0.9861), test AUC: 0.8378(0.7270-0.9238)
[2025-01-01 18:29:58,355][INFO] Epoch[16/40], loss:0.7076, CE loss:0.3336 , info NCE loss:0.3739
[2025-01-01 18:29:58,355][INFO] Epoch[16/40], train B-acc: 0.8748(0.7919-0.9386), test B-acc: 0.7479(0.6600-0.8451)
[2025-01-01 18:29:58,355][INFO] Epoch[16/40], train AUC: 0.9622(0.9151-0.9896), test AUC: 0.8433(0.7448-0.9227)
[2025-01-01 18:32:05,972][INFO] Epoch[17/40], loss:0.7021, CE loss:0.3287 , info NCE loss:0.3735
[2025-01-01 18:32:05,973][INFO] Epoch[17/40], train B-acc: 0.8470(0.7736-0.9216), test B-acc: 0.7477(0.6498-0.8476)
[2025-01-01 18:32:05,973][INFO] Epoch[17/40], train AUC: 0.9676(0.9201-0.9925), test AUC: 0.8423(0.7406-0.9223)
[2025-01-01 18:34:21,989][INFO] Epoch[18/40], loss:0.6952, CE loss:0.3223 , info NCE loss:0.3729
[2025-01-01 18:34:21,990][INFO] Epoch[18/40], train B-acc: 0.9011(0.8307-0.9594), test B-acc: 0.7654(0.6568-0.8625)
[2025-01-01 18:34:21,990][INFO] Epoch[18/40], train AUC: 0.9712(0.9320-0.9942), test AUC: 0.8348(0.7259-0.9207)
[2025-01-01 18:36:38,223][INFO] Epoch[19/40], loss:0.6884, CE loss:0.3161 , info NCE loss:0.3723
[2025-01-01 18:36:38,224][INFO] Epoch[19/40], train B-acc: 0.9453(0.8952-0.9833), test B-acc: 0.7526(0.6566-0.8522)
[2025-01-01 18:36:38,224][INFO] Epoch[19/40], train AUC: 0.9775(0.9437-0.9963), test AUC: 0.8318(0.7273-0.9234)
[2025-01-01 18:38:52,275][INFO] Epoch[20/40], loss:0.6811, CE loss:0.3096 , info NCE loss:0.3716
[2025-01-01 18:38:52,275][INFO] Epoch[20/40], train B-acc: 0.9465(0.8950-0.9823), test B-acc: 0.7719(0.6751-0.8706)
[2025-01-01 18:38:52,275][INFO] Epoch[20/40], train AUC: 0.9805(0.9502-0.9962), test AUC: 0.8324(0.7238-0.9195)
[2025-01-01 18:41:08,468][INFO] Epoch[21/40], loss:0.6751, CE loss:0.3043 , info NCE loss:0.3709
[2025-01-01 18:41:08,468][INFO] Epoch[21/40], train B-acc: 0.9516(0.9031-0.9931), test B-acc: 0.7479(0.6497-0.8450)
[2025-01-01 18:41:08,468][INFO] Epoch[21/40], train AUC: 0.9829(0.9552-0.9975), test AUC: 0.8366(0.7282-0.9248)
[2025-01-01 18:43:25,327][INFO] Epoch[22/40], loss:0.6711, CE loss:0.3005 , info NCE loss:0.3706
[2025-01-01 18:43:25,328][INFO] Epoch[22/40], train B-acc: 0.9515(0.9163-0.9760), test B-acc: 0.7397(0.6359-0.8333)
[2025-01-01 18:43:25,328][INFO] Epoch[22/40], train AUC: 0.9860(0.9642-0.9980), test AUC: 0.8341(0.7263-0.9233)
[2025-01-01 18:45:33,764][INFO] Epoch[23/40], loss:0.6650, CE loss:0.2952 , info NCE loss:0.3698
[2025-01-01 18:45:33,764][INFO] Epoch[23/40], train B-acc: 0.9624(0.9264-0.9834), test B-acc: 0.7612(0.6533-0.8546)
[2025-01-01 18:45:33,764][INFO] Epoch[23/40], train AUC: 0.9890(0.9677-0.9986), test AUC: 0.8371(0.7290-0.9248)
[2025-01-01 18:47:44,837][INFO] Epoch[24/40], loss:0.6584, CE loss:0.2894 , info NCE loss:0.3691
[2025-01-01 18:47:44,838][INFO] Epoch[24/40], train B-acc: 0.9621(0.9259-0.9834), test B-acc: 0.7463(0.6505-0.8421)
[2025-01-01 18:47:44,838][INFO] Epoch[24/40], train AUC: 0.9910(0.9757-0.9986), test AUC: 0.8316(0.7215-0.9219)
[2025-01-01 18:49:50,338][INFO] Epoch[25/40], loss:0.6542, CE loss:0.2856 , info NCE loss:0.3686
[2025-01-01 18:49:50,338][INFO] Epoch[25/40], train B-acc: 0.9574(0.9215-0.9797), test B-acc: 0.7569(0.6535-0.8476)
[2025-01-01 18:49:50,339][INFO] Epoch[25/40], train AUC: 0.9918(0.9795-0.9986), test AUC: 0.8338(0.7261-0.9224)
[2025-01-01 18:51:54,715][INFO] Epoch[26/40], loss:0.6482, CE loss:0.2803 , info NCE loss:0.3679
[2025-01-01 18:51:54,715][INFO] Epoch[26/40], train B-acc: 0.9471(0.9068-0.9726), test B-acc: 0.7429(0.6452-0.8352)
[2025-01-01 18:51:54,716][INFO] Epoch[26/40], train AUC: 0.9931(0.9824-0.9989), test AUC: 0.8357(0.7264-0.9223)
[2025-01-01 18:54:03,515][INFO] Epoch[27/40], loss:0.6454, CE loss:0.2777 , info NCE loss:0.3676
[2025-01-01 18:54:03,515][INFO] Epoch[27/40], train B-acc: 0.9492(0.9153-0.9732), test B-acc: 0.7531(0.6538-0.8463)
[2025-01-01 18:54:03,516][INFO] Epoch[27/40], train AUC: 0.9937(0.9853-0.9987), test AUC: 0.8329(0.7261-0.9266)
[2025-01-01 18:56:10,463][INFO] Epoch[28/40], loss:0.6437, CE loss:0.2764 , info NCE loss:0.3673
[2025-01-01 18:56:10,463][INFO] Epoch[28/40], train B-acc: 0.9295(0.9067-0.9516), test B-acc: 0.7747(0.6786-0.8533)
[2025-01-01 18:56:10,464][INFO] Epoch[28/40], train AUC: 0.9947(0.9875-0.9991), test AUC: 0.8267(0.7177-0.9227)
[2025-01-01 18:58:13,727][INFO] Epoch[29/40], loss:0.6559, CE loss:0.2874 , info NCE loss:0.3685
[2025-01-01 18:58:13,728][INFO] Epoch[29/40], train B-acc: 0.9257(0.8995-0.9482), test B-acc: 0.7724(0.6790-0.8533)
[2025-01-01 18:58:13,728][INFO] Epoch[29/40], train AUC: 0.9952(0.9883-0.9989), test AUC: 0.8243(0.7154-0.9219)
[2025-01-01 19:00:16,835][INFO] Epoch[30/40], loss:0.6482, CE loss:0.2803 , info NCE loss:0.3679
[2025-01-01 19:00:16,836][INFO] Epoch[30/40], train B-acc: 0.8799(0.8505-0.9071), test B-acc: 0.7325(0.6423-0.8176)
[2025-01-01 19:00:16,836][INFO] Epoch[30/40], train AUC: 0.9953(0.9886-0.9990), test AUC: 0.8247(0.7126-0.9128)
[2025-01-01 19:02:20,172][INFO] Epoch[31/40], loss:0.6389, CE loss:0.2722 , info NCE loss:0.3667
[2025-01-01 19:02:20,173][INFO] Epoch[31/40], train B-acc: 0.9505(0.9286-0.9689), test B-acc: 0.7809(0.6867-0.8650)
[2025-01-01 19:02:20,173][INFO] Epoch[31/40], train AUC: 0.9957(0.9901-0.9991), test AUC: 0.8184(0.7084-0.9134)
[2025-01-01 19:04:23,071][INFO] Epoch[32/40], loss:0.6326, CE loss:0.2666 , info NCE loss:0.3660
[2025-01-01 19:04:23,071][INFO] Epoch[32/40], train B-acc: 0.9502(0.9282-0.9690), test B-acc: 0.7841(0.6897-0.8669)
[2025-01-01 19:04:23,071][INFO] Epoch[32/40], train AUC: 0.9955(0.9894-0.9993), test AUC: 0.8276(0.7193-0.9112)
[2025-01-01 19:06:26,672][INFO] Epoch[33/40], loss:0.6284, CE loss:0.2628 , info NCE loss:0.3656
[2025-01-01 19:06:26,672][INFO] Epoch[33/40], train B-acc: 0.9550(0.9338-0.9711), test B-acc: 0.7739(0.6750-0.8619)
[2025-01-01 19:06:26,672][INFO] Epoch[33/40], train AUC: 0.9952(0.9882-0.9989), test AUC: 0.8209(0.7125-0.9136)
[2025-01-01 19:08:29,443][INFO] Epoch[34/40], loss:0.6270, CE loss:0.2616 , info NCE loss:0.3654
[2025-01-01 19:08:29,443][INFO] Epoch[34/40], train B-acc: 0.9617(0.9414-0.9778), test B-acc: 0.7688(0.6742-0.8482)
[2025-01-01 19:08:29,443][INFO] Epoch[34/40], train AUC: 0.9947(0.9875-0.9991), test AUC: 0.8238(0.7079-0.9138)
[2025-01-01 19:10:32,431][INFO] Epoch[35/40], loss:0.6242, CE loss:0.2591 , info NCE loss:0.3652
[2025-01-01 19:10:32,431][INFO] Epoch[35/40], train B-acc: 0.9108(0.8821-0.9378), test B-acc: 0.7643(0.6677-0.8418)
[2025-01-01 19:10:32,431][INFO] Epoch[35/40], train AUC: 0.9955(0.9886-0.9991), test AUC: 0.8192(0.7104-0.9137)
[2025-01-01 19:12:36,174][INFO] Epoch[36/40], loss:0.6194, CE loss:0.2547 , info NCE loss:0.3647
[2025-01-01 19:12:36,175][INFO] Epoch[36/40], train B-acc: 0.9283(0.9032-0.9490), test B-acc: 0.7452(0.6464-0.8268)
[2025-01-01 19:12:36,175][INFO] Epoch[36/40], train AUC: 0.9954(0.9879-0.9989), test AUC: 0.8164(0.7083-0.9054)
[2025-01-01 19:14:39,112][INFO] Epoch[37/40], loss:0.6165, CE loss:0.2521 , info NCE loss:0.3644
[2025-01-01 19:14:39,113][INFO] Epoch[37/40], train B-acc: 0.9058(0.8819-0.9316), test B-acc: 0.7335(0.6395-0.8159)
[2025-01-01 19:14:39,113][INFO] Epoch[37/40], train AUC: 0.9956(0.9895-0.9990), test AUC: 0.8212(0.7115-0.9090)
[2025-01-01 19:16:41,543][INFO] Epoch[38/40], loss:0.6156, CE loss:0.2513 , info NCE loss:0.3642
[2025-01-01 19:16:41,544][INFO] Epoch[38/40], train B-acc: 0.9526(0.9299-0.9711), test B-acc: 0.7437(0.6436-0.8352)
[2025-01-01 19:16:41,544][INFO] Epoch[38/40], train AUC: 0.9941(0.9852-0.9989), test AUC: 0.8176(0.7017-0.9103)
[2025-01-01 19:18:44,418][INFO] Epoch[39/40], loss:0.6393, CE loss:0.2733 , info NCE loss:0.3660
[2025-01-01 19:18:44,418][INFO] Epoch[39/40], train B-acc: 0.9775(0.9631-0.9905), test B-acc: 0.7351(0.6250-0.8375)
[2025-01-01 19:18:44,419][INFO] Epoch[39/40], train AUC: 0.9936(0.9841-0.9992), test AUC: 0.8179(0.7027-0.9129)
[2025-01-01 19:20:46,393][INFO] Epoch[40/40], loss:0.6412, CE loss:0.2747 , info NCE loss:0.3665
[2025-01-01 19:20:46,393][INFO] Epoch[40/40], train B-acc: 0.9482(0.9279-0.9667), test B-acc: 0.7450(0.6450-0.8331)
[2025-01-01 19:20:46,393][INFO] Epoch[40/40], train AUC: 0.9946(0.9873-0.9990), test AUC: 0.8216(0.7094-0.9119)
