[2025-01-20 11:36:06,821][INFO] Running PROJECT: CRC-DX, P LEARNING RATE: 0.0001, OPTIMIZER: ADAMW, NUM EPOCHS: 80, BATCH SIZE: 2048, DEVICES: cuda, SMOOTHING: 0.1
[2025-01-20 11:36:06,821][INFO] params["in_chans"]=[200, 16] python run_MIL_model.py --proj CRC-DX --num_epochs 80 --plr 1e-4  --smoothing 0.1
[2025-01-20 11:36:06,821][INFO] params["dims"]=[512, 512]  温度参数为0.6
[2025-01-20 11:36:06,821][INFO] params["out_chans"]=[16, 8]
[2025-01-20 11:36:06,822][INFO] params["heads"]=[8, 4]
[2025-01-20 11:36:06,822][INFO] params["dropout"]=[0.8, 0.4, 0.4]
[2025-01-20 11:38:04,128][INFO] Epoch[1/80], loss:1.5440, CE loss:0.4911 , info NCE loss:7.5102
[2025-01-20 11:38:04,128][INFO] Epoch[1/80], train B-acc: 0.5000(0.5000-0.5000), test B-acc: 0.5000(0.5000-0.5000)
[2025-01-20 11:38:04,128][INFO] Epoch[1/80], train AUC: 0.6281(0.5195-0.7328), test AUC: 0.5120(0.3626-0.6404)
[2025-01-20 11:39:59,360][INFO] Epoch[2/80], loss:1.4992, CE loss:0.4654 , info NCE loss:7.3574
[2025-01-20 11:39:59,360][INFO] Epoch[2/80], train B-acc: 0.5000(0.5000-0.5000), test B-acc: 0.5000(0.5000-0.5000)
[2025-01-20 11:39:59,360][INFO] Epoch[2/80], train AUC: 0.7064(0.5998-0.8109), test AUC: 0.6121(0.4659-0.7492)
[2025-01-20 11:41:52,233][INFO] Epoch[3/80], loss:1.4543, CE loss:0.4507 , info NCE loss:7.1415
[2025-01-20 11:41:52,234][INFO] Epoch[3/80], train B-acc: 0.5000(0.5000-0.5000), test B-acc: 0.5000(0.5000-0.5000)
[2025-01-20 11:41:52,234][INFO] Epoch[3/80], train AUC: 0.7440(0.6496-0.8260), test AUC: 0.6390(0.5004-0.7685)
[2025-01-20 11:43:44,288][INFO] Epoch[4/80], loss:1.4295, CE loss:0.4398 , info NCE loss:7.0375
[2025-01-20 11:43:44,288][INFO] Epoch[4/80], train B-acc: 0.5366(0.4978-0.5875), test B-acc: 0.5000(0.5000-0.5000)
[2025-01-20 11:43:44,289][INFO] Epoch[4/80], train AUC: 0.7717(0.6851-0.8496), test AUC: 0.6576(0.5164-0.7746)
[2025-01-20 11:45:36,207][INFO] Epoch[5/80], loss:1.4118, CE loss:0.4307 , info NCE loss:6.9715
[2025-01-20 11:45:36,208][INFO] Epoch[5/80], train B-acc: 0.5600(0.5080-0.6228), test B-acc: 0.5556(0.5000-0.6190)
[2025-01-20 11:45:36,208][INFO] Epoch[5/80], train AUC: 0.7935(0.7016-0.8699), test AUC: 0.6765(0.5409-0.7978)
[2025-01-20 11:47:28,035][INFO] Epoch[6/80], loss:1.3986, CE loss:0.4227 , info NCE loss:6.9285
[2025-01-20 11:47:28,036][INFO] Epoch[6/80], train B-acc: 0.5732(0.5211-0.6384), test B-acc: 0.5758(0.5185-0.6522)
[2025-01-20 11:47:28,036][INFO] Epoch[6/80], train AUC: 0.8115(0.7236-0.8897), test AUC: 0.7008(0.5702-0.8043)
[2025-01-20 11:49:19,951][INFO] Epoch[7/80], loss:1.3886, CE loss:0.4158 , info NCE loss:6.9011
[2025-01-20 11:49:19,952][INFO] Epoch[7/80], train B-acc: 0.6148(0.5490-0.6847), test B-acc: 0.6111(0.5370-0.7083)
[2025-01-20 11:49:19,952][INFO] Epoch[7/80], train AUC: 0.8337(0.7496-0.9006), test AUC: 0.7217(0.5937-0.8314)
[2025-01-20 11:51:11,754][INFO] Epoch[8/80], loss:1.3800, CE loss:0.4104 , info NCE loss:6.8741
[2025-01-20 11:51:11,754][INFO] Epoch[8/80], train B-acc: 0.5829(0.5272-0.6511), test B-acc: 0.5741(0.5172-0.6552)
[2025-01-20 11:51:11,754][INFO] Epoch[8/80], train AUC: 0.8431(0.7662-0.9054), test AUC: 0.7344(0.6081-0.8352)
[2025-01-20 11:53:04,222][INFO] Epoch[9/80], loss:1.3715, CE loss:0.4032 , info NCE loss:6.8586
[2025-01-20 11:53:04,222][INFO] Epoch[9/80], train B-acc: 0.6253(0.5599-0.6983), test B-acc: 0.6111(0.5400-0.7045)
[2025-01-20 11:53:04,223][INFO] Epoch[9/80], train AUC: 0.8620(0.7815-0.9245), test AUC: 0.7583(0.6387-0.8640)
[2025-01-20 11:54:56,444][INFO] Epoch[10/80], loss:1.3640, CE loss:0.3981 , info NCE loss:6.8377
[2025-01-20 11:54:56,444][INFO] Epoch[10/80], train B-acc: 0.6154(0.5527-0.6877), test B-acc: 0.5938(0.5278-0.6739)
[2025-01-20 11:54:56,444][INFO] Epoch[10/80], train AUC: 0.8695(0.7894-0.9287), test AUC: 0.7702(0.6595-0.8685)
[2025-01-20 11:56:47,840][INFO] Epoch[11/80], loss:1.3568, CE loss:0.3919 , info NCE loss:6.8249
[2025-01-20 11:56:47,840][INFO] Epoch[11/80], train B-acc: 0.6667(0.5931-0.7478), test B-acc: 0.6111(0.5333-0.6957)
[2025-01-20 11:56:47,841][INFO] Epoch[11/80], train AUC: 0.8792(0.8086-0.9367), test AUC: 0.7820(0.6663-0.8823)
[2025-01-20 11:58:44,578][INFO] Epoch[12/80], loss:1.3507, CE loss:0.3871 , info NCE loss:6.8114
[2025-01-20 11:58:44,578][INFO] Epoch[12/80], train B-acc: 0.6665(0.5923-0.7429), test B-acc: 0.6167(0.5417-0.7059)
[2025-01-20 11:58:44,578][INFO] Epoch[12/80], train AUC: 0.8900(0.8163-0.9382), test AUC: 0.7945(0.6820-0.8880)
[2025-01-20 12:01:04,437][INFO] Epoch[13/80], loss:1.3453, CE loss:0.3824 , info NCE loss:6.8012
[2025-01-20 12:01:04,438][INFO] Epoch[13/80], train B-acc: 0.6644(0.5956-0.7436), test B-acc: 0.6111(0.5400-0.7045)
[2025-01-20 12:01:04,438][INFO] Epoch[13/80], train AUC: 0.8968(0.8286-0.9482), test AUC: 0.7979(0.6905-0.8935)
[2025-01-20 12:03:14,597][INFO] Epoch[14/80], loss:1.3401, CE loss:0.3781 , info NCE loss:6.7910
[2025-01-20 12:03:14,598][INFO] Epoch[14/80], train B-acc: 0.7027(0.6205-0.7875), test B-acc: 0.6346(0.5517-0.7273)
[2025-01-20 12:03:14,598][INFO] Epoch[14/80], train AUC: 0.9060(0.8346-0.9581), test AUC: 0.8054(0.6973-0.8986)
[2025-01-20 12:05:09,432][INFO] Epoch[15/80], loss:1.3357, CE loss:0.3738 , info NCE loss:6.7869
[2025-01-20 12:05:09,432][INFO] Epoch[15/80], train B-acc: 0.6761(0.6053-0.7559), test B-acc: 0.6304(0.5556-0.7188)
[2025-01-20 12:05:09,432][INFO] Epoch[15/80], train AUC: 0.9131(0.8493-0.9586), test AUC: 0.8187(0.7017-0.9050)
[2025-01-20 12:07:04,272][INFO] Epoch[16/80], loss:1.3315, CE loss:0.3709 , info NCE loss:6.7752
[2025-01-20 12:07:04,272][INFO] Epoch[16/80], train B-acc: 0.7031(0.6340-0.7806), test B-acc: 0.6724(0.5870-0.7692)
[2025-01-20 12:07:04,272][INFO] Epoch[16/80], train AUC: 0.9173(0.8515-0.9608), test AUC: 0.8237(0.7137-0.9102)
[2025-01-20 12:08:57,154][INFO] Epoch[17/80], loss:1.3265, CE loss:0.3657 , info NCE loss:6.7709
[2025-01-20 12:08:57,155][INFO] Epoch[17/80], train B-acc: 0.7163(0.6383-0.7930), test B-acc: 0.6957(0.6000-0.7917)
[2025-01-20 12:08:57,155][INFO] Epoch[17/80], train AUC: 0.9216(0.8583-0.9657), test AUC: 0.8380(0.7312-0.9180)
[2025-01-20 12:10:51,021][INFO] Epoch[18/80], loss:1.3225, CE loss:0.3621 , info NCE loss:6.7650
[2025-01-20 12:10:51,022][INFO] Epoch[18/80], train B-acc: 0.7200(0.6384-0.8033), test B-acc: 0.6923(0.5926-0.7833)
[2025-01-20 12:10:51,022][INFO] Epoch[18/80], train AUC: 0.9295(0.8631-0.9708), test AUC: 0.8350(0.7243-0.9226)
[2025-01-20 12:12:43,102][INFO] Epoch[19/80], loss:1.3185, CE loss:0.3583 , info NCE loss:6.7600
[2025-01-20 12:12:43,102][INFO] Epoch[19/80], train B-acc: 0.7170(0.6357-0.7977), test B-acc: 0.6897(0.6000-0.7885)
[2025-01-20 12:12:43,103][INFO] Epoch[19/80], train AUC: 0.9334(0.8667-0.9741), test AUC: 0.8394(0.7341-0.9200)
[2025-01-20 12:14:35,770][INFO] Epoch[20/80], loss:1.3144, CE loss:0.3545 , info NCE loss:6.7537
[2025-01-20 12:14:35,771][INFO] Epoch[20/80], train B-acc: 0.7323(0.6475-0.8159), test B-acc: 0.7083(0.6136-0.8125)
[2025-01-20 12:14:35,771][INFO] Epoch[20/80], train AUC: 0.9402(0.8809-0.9773), test AUC: 0.8442(0.7386-0.9240)
[2025-01-20 12:16:28,548][INFO] Epoch[21/80], loss:1.3109, CE loss:0.3510 , info NCE loss:6.7507
[2025-01-20 12:16:28,549][INFO] Epoch[21/80], train B-acc: 0.7326(0.6518-0.8127), test B-acc: 0.7143(0.6190-0.8043)
[2025-01-20 12:16:28,549][INFO] Epoch[21/80], train AUC: 0.9425(0.8827-0.9781), test AUC: 0.8524(0.7440-0.9304)
[2025-01-20 12:18:21,386][INFO] Epoch[22/80], loss:1.3075, CE loss:0.3479 , info NCE loss:6.7452
[2025-01-20 12:18:21,387][INFO] Epoch[22/80], train B-acc: 0.7323(0.6483-0.8137), test B-acc: 0.7030(0.6071-0.8059)
[2025-01-20 12:18:21,387][INFO] Epoch[22/80], train AUC: 0.9440(0.8870-0.9817), test AUC: 0.8533(0.7465-0.9373)
[2025-01-20 12:20:14,378][INFO] Epoch[23/80], loss:1.3042, CE loss:0.3447 , info NCE loss:6.7413
[2025-01-20 12:20:14,378][INFO] Epoch[23/80], train B-acc: 0.7977(0.7115-0.8705), test B-acc: 0.7045(0.6133-0.8054)
[2025-01-20 12:20:14,378][INFO] Epoch[23/80], train AUC: 0.9491(0.8904-0.9836), test AUC: 0.8576(0.7563-0.9355)
[2025-01-20 12:22:07,632][INFO] Epoch[24/80], loss:1.3008, CE loss:0.3417 , info NCE loss:6.7357
[2025-01-20 12:22:07,632][INFO] Epoch[24/80], train B-acc: 0.7727(0.6953-0.8525), test B-acc: 0.7000(0.6111-0.8036)
[2025-01-20 12:22:07,632][INFO] Epoch[24/80], train AUC: 0.9533(0.8978-0.9868), test AUC: 0.8590(0.7667-0.9365)
[2025-01-20 12:24:00,696][INFO] Epoch[25/80], loss:1.2982, CE loss:0.3394 , info NCE loss:6.7313
[2025-01-20 12:24:00,696][INFO] Epoch[25/80], train B-acc: 0.7881(0.7016-0.8647), test B-acc: 0.7045(0.6111-0.8036)
[2025-01-20 12:24:00,698][INFO] Epoch[25/80], train AUC: 0.9554(0.9042-0.9858), test AUC: 0.8629(0.7663-0.9403)
[2025-01-20 12:25:52,545][INFO] Epoch[26/80], loss:1.2949, CE loss:0.3363 , info NCE loss:6.7274
[2025-01-20 12:25:52,545][INFO] Epoch[26/80], train B-acc: 0.8103(0.7271-0.8844), test B-acc: 0.7222(0.6279-0.8259)
[2025-01-20 12:25:52,545][INFO] Epoch[26/80], train AUC: 0.9595(0.9105-0.9890), test AUC: 0.8590(0.7656-0.9375)
[2025-01-20 12:27:45,317][INFO] Epoch[27/80], loss:1.2917, CE loss:0.3332 , info NCE loss:6.7232
[2025-01-20 12:27:45,317][INFO] Epoch[27/80], train B-acc: 0.8135(0.7370-0.8884), test B-acc: 0.7241(0.6302-0.8262)
[2025-01-20 12:27:45,317][INFO] Epoch[27/80], train AUC: 0.9621(0.9174-0.9896), test AUC: 0.8617(0.7729-0.9371)
[2025-01-20 12:29:38,684][INFO] Epoch[28/80], loss:1.2890, CE loss:0.3303 , info NCE loss:6.7214
[2025-01-20 12:29:38,684][INFO] Epoch[28/80], train B-acc: 0.8222(0.7478-0.9024), test B-acc: 0.7240(0.6267-0.8211)
[2025-01-20 12:29:38,684][INFO] Epoch[28/80], train AUC: 0.9632(0.9142-0.9908), test AUC: 0.8695(0.7708-0.9364)
[2025-01-20 12:31:31,238][INFO] Epoch[29/80], loss:1.2868, CE loss:0.3278 , info NCE loss:6.7215
[2025-01-20 12:31:31,239][INFO] Epoch[29/80], train B-acc: 0.8261(0.7477-0.9005), test B-acc: 0.7470(0.6481-0.8359)
[2025-01-20 12:31:31,239][INFO] Epoch[29/80], train AUC: 0.9683(0.9243-0.9922), test AUC: 0.8720(0.7765-0.9402)
[2025-01-20 12:33:24,250][INFO] Epoch[30/80], loss:1.2840, CE loss:0.3255 , info NCE loss:6.7158
[2025-01-20 12:33:24,250][INFO] Epoch[30/80], train B-acc: 0.8263(0.7520-0.8974), test B-acc: 0.7436(0.6457-0.8364)
[2025-01-20 12:33:24,250][INFO] Epoch[30/80], train AUC: 0.9693(0.9286-0.9932), test AUC: 0.8734(0.7812-0.9452)
[2025-01-20 12:35:17,473][INFO] Epoch[31/80], loss:1.2812, CE loss:0.3224 , info NCE loss:6.7144
[2025-01-20 12:35:17,473][INFO] Epoch[31/80], train B-acc: 0.8283(0.7455-0.8954), test B-acc: 0.7471(0.6457-0.8393)
[2025-01-20 12:35:17,473][INFO] Epoch[31/80], train AUC: 0.9710(0.9293-0.9927), test AUC: 0.8719(0.7839-0.9430)
[2025-01-20 12:37:10,372][INFO] Epoch[32/80], loss:1.2796, CE loss:0.3210 , info NCE loss:6.7117
[2025-01-20 12:37:10,373][INFO] Epoch[32/80], train B-acc: 0.8346(0.7556-0.9093), test B-acc: 0.7429(0.6458-0.8445)
[2025-01-20 12:37:10,373][INFO] Epoch[32/80], train AUC: 0.9717(0.9307-0.9933), test AUC: 0.8778(0.7852-0.9448)
[2025-01-20 12:39:02,938][INFO] Epoch[33/80], loss:1.2765, CE loss:0.3181 , info NCE loss:6.7077
[2025-01-20 12:39:02,938][INFO] Epoch[33/80], train B-acc: 0.8369(0.7492-0.9044), test B-acc: 0.7557(0.6578-0.8529)
[2025-01-20 12:39:02,939][INFO] Epoch[33/80], train AUC: 0.9737(0.9338-0.9933), test AUC: 0.8757(0.7847-0.9421)
[2025-01-20 12:40:55,626][INFO] Epoch[34/80], loss:1.2759, CE loss:0.3172 , info NCE loss:6.7087
[2025-01-20 12:40:55,626][INFO] Epoch[34/80], train B-acc: 0.8884(0.8218-0.9451), test B-acc: 0.7566(0.6480-0.8564)
[2025-01-20 12:40:55,626][INFO] Epoch[34/80], train AUC: 0.9761(0.9408-0.9948), test AUC: 0.8787(0.7905-0.9488)
[2025-01-20 12:42:48,799][INFO] Epoch[35/80], loss:1.2738, CE loss:0.3159 , info NCE loss:6.7017
[2025-01-20 12:42:48,799][INFO] Epoch[35/80], train B-acc: 0.8761(0.7999-0.9362), test B-acc: 0.7663(0.6654-0.8620)
[2025-01-20 12:42:48,799][INFO] Epoch[35/80], train AUC: 0.9782(0.9438-0.9955), test AUC: 0.8774(0.7928-0.9422)
[2025-01-20 12:44:41,710][INFO] Epoch[36/80], loss:1.2701, CE loss:0.3119 , info NCE loss:6.6998
[2025-01-20 12:44:41,710][INFO] Epoch[36/80], train B-acc: 0.8243(0.7457-0.9048), test B-acc: 0.7432(0.6513-0.8345)
[2025-01-20 12:44:41,710][INFO] Epoch[36/80], train AUC: 0.9784(0.9441-0.9958), test AUC: 0.8752(0.7884-0.9415)
[2025-01-20 12:46:34,325][INFO] Epoch[37/80], loss:1.2688, CE loss:0.3102 , info NCE loss:6.7009
[2025-01-20 12:46:34,327][INFO] Epoch[37/80], train B-acc: 0.8497(0.7727-0.9144), test B-acc: 0.7556(0.6540-0.8571)
[2025-01-20 12:46:34,327][INFO] Epoch[37/80], train AUC: 0.9787(0.9458-0.9964), test AUC: 0.8745(0.7840-0.9452)
[2025-01-20 12:48:27,975][INFO] Epoch[38/80], loss:1.2670, CE loss:0.3086 , info NCE loss:6.6978
[2025-01-20 12:48:27,975][INFO] Epoch[38/80], train B-acc: 0.8500(0.7767-0.9219), test B-acc: 0.7619(0.6645-0.8635)
[2025-01-20 12:48:27,976][INFO] Epoch[38/80], train AUC: 0.9809(0.9479-0.9971), test AUC: 0.8752(0.7752-0.9474)
[2025-01-20 12:50:21,359][INFO] Epoch[39/80], loss:1.2659, CE loss:0.3073 , info NCE loss:6.6976
[2025-01-20 12:50:21,360][INFO] Epoch[39/80], train B-acc: 0.8644(0.7943-0.9271), test B-acc: 0.7557(0.6484-0.8561)
[2025-01-20 12:50:21,360][INFO] Epoch[39/80], train AUC: 0.9817(0.9497-0.9971), test AUC: 0.8777(0.7922-0.9482)
[2025-01-20 12:52:20,734][INFO] Epoch[40/80], loss:1.2645, CE loss:0.3062 , info NCE loss:6.6950
[2025-01-20 12:52:20,734][INFO] Epoch[40/80], train B-acc: 0.8907(0.8180-0.9536), test B-acc: 0.7631(0.6600-0.8553)
[2025-01-20 12:52:20,734][INFO] Epoch[40/80], train AUC: 0.9834(0.9555-0.9975), test AUC: 0.8777(0.7844-0.9444)
[2025-01-20 12:54:20,119][INFO] Epoch[41/80], loss:1.2616, CE loss:0.3037 , info NCE loss:6.6898
[2025-01-20 12:54:20,119][INFO] Epoch[41/80], train B-acc: 0.9047(0.8244-0.9581), test B-acc: 0.7762(0.6678-0.8684)
[2025-01-20 12:54:20,119][INFO] Epoch[41/80], train AUC: 0.9847(0.9560-0.9978), test AUC: 0.8790(0.7896-0.9483)
[2025-01-20 12:56:14,289][INFO] Epoch[42/80], loss:1.2608, CE loss:0.3029 , info NCE loss:6.6891
[2025-01-20 12:56:14,290][INFO] Epoch[42/80], train B-acc: 0.8895(0.8229-0.9487), test B-acc: 0.7826(0.6765-0.8718)
[2025-01-20 12:56:14,290][INFO] Epoch[42/80], train AUC: 0.9848(0.9616-0.9977), test AUC: 0.8780(0.7862-0.9506)
[2025-01-20 12:58:09,498][INFO] Epoch[43/80], loss:1.2580, CE loss:0.2996 , info NCE loss:6.6887
[2025-01-20 12:58:09,498][INFO] Epoch[43/80], train B-acc: 0.8779(0.7998-0.9444), test B-acc: 0.7686(0.6612-0.8688)
[2025-01-20 12:58:09,498][INFO] Epoch[43/80], train AUC: 0.9864(0.9646-0.9985), test AUC: 0.8781(0.7879-0.9503)
[2025-01-20 13:00:05,232][INFO] Epoch[44/80], loss:1.2556, CE loss:0.2978 , info NCE loss:6.6833
[2025-01-20 13:00:05,232][INFO] Epoch[44/80], train B-acc: 0.8778(0.7999-0.9400), test B-acc: 0.7682(0.6701-0.8635)
[2025-01-20 13:00:05,232][INFO] Epoch[44/80], train AUC: 0.9876(0.9662-0.9984), test AUC: 0.8789(0.7875-0.9462)
[2025-01-20 13:02:02,676][INFO] Epoch[45/80], loss:1.2540, CE loss:0.2961 , info NCE loss:6.6821
[2025-01-20 13:02:02,677][INFO] Epoch[45/80], train B-acc: 0.8905(0.8267-0.9537), test B-acc: 0.7684(0.6652-0.8639)
[2025-01-20 13:02:02,677][INFO] Epoch[45/80], train AUC: 0.9884(0.9679-0.9988), test AUC: 0.8752(0.7866-0.9496)
[2025-01-20 13:03:57,901][INFO] Epoch[46/80], loss:1.2530, CE loss:0.2947 , info NCE loss:6.6832
[2025-01-20 13:03:57,901][INFO] Epoch[46/80], train B-acc: 0.8917(0.8214-0.9514), test B-acc: 0.7682(0.6577-0.8683)
[2025-01-20 13:03:57,902][INFO] Epoch[46/80], train AUC: 0.9894(0.9711-0.9985), test AUC: 0.8753(0.7863-0.9486)
[2025-01-20 13:05:53,811][INFO] Epoch[47/80], loss:1.2511, CE loss:0.2935 , info NCE loss:6.6773
[2025-01-20 13:05:53,811][INFO] Epoch[47/80], train B-acc: 0.9437(0.8856-0.9875), test B-acc: 0.7939(0.6968-0.8867)
[2025-01-20 13:05:53,812][INFO] Epoch[47/80], train AUC: 0.9901(0.9718-0.9988), test AUC: 0.8721(0.7859-0.9412)
[2025-01-20 13:07:57,303][INFO] Epoch[48/80], loss:1.2501, CE loss:0.2921 , info NCE loss:6.6784
[2025-01-20 13:07:57,303][INFO] Epoch[48/80], train B-acc: 0.9306(0.8721-0.9812), test B-acc: 0.8067(0.7055-0.8998)
[2025-01-20 13:07:57,304][INFO] Epoch[48/80], train AUC: 0.9905(0.9751-0.9991), test AUC: 0.8732(0.7819-0.9479)
[2025-01-20 13:09:55,332][INFO] Epoch[49/80], loss:1.2481, CE loss:0.2904 , info NCE loss:6.6753
[2025-01-20 13:09:55,334][INFO] Epoch[49/80], train B-acc: 0.9319(0.8757-0.9788), test B-acc: 0.7867(0.6880-0.8765)
[2025-01-20 13:09:55,334][INFO] Epoch[49/80], train AUC: 0.9910(0.9753-0.9990), test AUC: 0.8730(0.7814-0.9407)
[2025-01-20 13:11:52,420][INFO] Epoch[50/80], loss:1.2473, CE loss:0.2897 , info NCE loss:6.6735
[2025-01-20 13:11:52,421][INFO] Epoch[50/80], train B-acc: 0.9306(0.8711-0.9800), test B-acc: 0.8089(0.7094-0.9000)
[2025-01-20 13:11:52,421][INFO] Epoch[50/80], train AUC: 0.9912(0.9785-0.9990), test AUC: 0.8769(0.7837-0.9485)
[2025-01-20 13:13:49,113][INFO] Epoch[51/80], loss:1.2455, CE loss:0.2877 , info NCE loss:6.6729
[2025-01-20 13:13:49,114][INFO] Epoch[51/80], train B-acc: 0.9574(0.9091-0.9976), test B-acc: 0.7960(0.6928-0.8889)
[2025-01-20 13:13:49,114][INFO] Epoch[51/80], train AUC: 0.9923(0.9793-0.9992), test AUC: 0.8769(0.7911-0.9457)
[2025-01-20 13:15:46,163][INFO] Epoch[52/80], loss:1.2446, CE loss:0.2866 , info NCE loss:6.6733
[2025-01-20 13:15:46,163][INFO] Epoch[52/80], train B-acc: 0.9297(0.8669-0.9800), test B-acc: 0.8011(0.6952-0.8985)
[2025-01-20 13:15:46,163][INFO] Epoch[52/80], train AUC: 0.9932(0.9807-0.9991), test AUC: 0.8759(0.7824-0.9494)
[2025-01-20 13:17:42,626][INFO] Epoch[53/80], loss:1.2430, CE loss:0.2855 , info NCE loss:6.6685
[2025-01-20 13:17:42,627][INFO] Epoch[53/80], train B-acc: 0.9583(0.9031-0.9955), test B-acc: 0.7946(0.6923-0.8869)
[2025-01-20 13:17:42,627][INFO] Epoch[53/80], train AUC: 0.9938(0.9822-0.9995), test AUC: 0.8742(0.7815-0.9441)
[2025-01-20 13:19:39,839][INFO] Epoch[54/80], loss:1.2412, CE loss:0.2837 , info NCE loss:6.6667
[2025-01-20 13:19:39,839][INFO] Epoch[54/80], train B-acc: 0.9583(0.9056-0.9955), test B-acc: 0.7931(0.6903-0.8869)
[2025-01-20 13:19:39,840][INFO] Epoch[54/80], train AUC: 0.9942(0.9845-0.9994), test AUC: 0.8721(0.7801-0.9419)
[2025-01-20 13:21:35,782][INFO] Epoch[55/80], loss:1.2403, CE loss:0.2828 , info NCE loss:6.6664
[2025-01-20 13:21:35,782][INFO] Epoch[55/80], train B-acc: 0.9583(0.9095-0.9977), test B-acc: 0.7929(0.6928-0.8825)
[2025-01-20 13:21:35,782][INFO] Epoch[55/80], train AUC: 0.9946(0.9859-0.9994), test AUC: 0.8705(0.7859-0.9441)
[2025-01-20 13:23:32,648][INFO] Epoch[56/80], loss:1.2388, CE loss:0.2813 , info NCE loss:6.6645
[2025-01-20 13:23:32,649][INFO] Epoch[56/80], train B-acc: 0.9583(0.9044-0.9956), test B-acc: 0.7867(0.6845-0.8869)
[2025-01-20 13:23:32,649][INFO] Epoch[56/80], train AUC: 0.9950(0.9860-0.9995), test AUC: 0.8679(0.7832-0.9468)
[2025-01-20 13:25:28,559][INFO] Epoch[57/80], loss:1.2376, CE loss:0.2804 , info NCE loss:6.6620
[2025-01-20 13:25:28,559][INFO] Epoch[57/80], train B-acc: 0.9570(0.9069-0.9932), test B-acc: 0.7939(0.6976-0.8867)
[2025-01-20 13:25:28,559][INFO] Epoch[57/80], train AUC: 0.9951(0.9878-0.9994), test AUC: 0.8699(0.7838-0.9457)
[2025-01-20 13:27:25,039][INFO] Epoch[58/80], loss:1.2363, CE loss:0.2790 , info NCE loss:6.6613
[2025-01-20 13:27:25,039][INFO] Epoch[58/80], train B-acc: 0.9583(0.9056-0.9955), test B-acc: 0.8034(0.7037-0.8869)
[2025-01-20 13:27:25,039][INFO] Epoch[58/80], train AUC: 0.9956(0.9886-1.0000), test AUC: 0.8709(0.7803-0.9396)
[2025-01-20 13:29:20,889][INFO] Epoch[59/80], loss:1.2358, CE loss:0.2778 , info NCE loss:6.6647
[2025-01-20 13:29:20,890][INFO] Epoch[59/80], train B-acc: 0.9571(0.9095-0.9954), test B-acc: 0.7853(0.6872-0.8733)
[2025-01-20 13:29:20,890][INFO] Epoch[59/80], train AUC: 0.9959(0.9889-0.9997), test AUC: 0.8690(0.7808-0.9386)
[2025-01-20 13:31:18,613][INFO] Epoch[60/80], loss:1.2332, CE loss:0.2761 , info NCE loss:6.6569
[2025-01-20 13:31:18,613][INFO] Epoch[60/80], train B-acc: 0.9597(0.9079-0.9954), test B-acc: 0.7905(0.6894-0.8805)
[2025-01-20 13:31:18,613][INFO] Epoch[60/80], train AUC: 0.9965(0.9906-0.9998), test AUC: 0.8738(0.7833-0.9435)
[2025-01-20 13:33:17,698][INFO] Epoch[61/80], loss:1.2323, CE loss:0.2752 , info NCE loss:6.6562
[2025-01-20 13:33:17,699][INFO] Epoch[61/80], train B-acc: 0.9571(0.9069-0.9955), test B-acc: 0.7912(0.6900-0.8770)
[2025-01-20 13:33:17,699][INFO] Epoch[61/80], train AUC: 0.9967(0.9907-0.9997), test AUC: 0.8741(0.7847-0.9467)
[2025-01-20 13:35:15,792][INFO] Epoch[62/80], loss:1.2319, CE loss:0.2747 , info NCE loss:6.6561
[2025-01-20 13:35:15,792][INFO] Epoch[62/80], train B-acc: 0.9577(0.9056-0.9955), test B-acc: 0.7907(0.6875-0.8761)
[2025-01-20 13:35:15,792][INFO] Epoch[62/80], train AUC: 0.9969(0.9907-0.9998), test AUC: 0.8738(0.7863-0.9441)
[2025-01-20 13:37:17,569][INFO] Epoch[63/80], loss:1.2306, CE loss:0.2736 , info NCE loss:6.6537
[2025-01-20 13:37:17,570][INFO] Epoch[63/80], train B-acc: 0.9589(0.9101-0.9955), test B-acc: 0.7853(0.6845-0.8761)
[2025-01-20 13:37:17,570][INFO] Epoch[63/80], train AUC: 0.9973(0.9921-0.9997), test AUC: 0.8661(0.7722-0.9387)
[2025-01-20 13:39:11,688][INFO] Epoch[64/80], loss:1.2297, CE loss:0.2722 , info NCE loss:6.6558
[2025-01-20 13:39:11,688][INFO] Epoch[64/80], train B-acc: 0.9579(0.9009-0.9957), test B-acc: 0.7863(0.6881-0.8806)
[2025-01-20 13:39:11,688][INFO] Epoch[64/80], train AUC: 0.9977(0.9929-1.0000), test AUC: 0.8694(0.7800-0.9428)
[2025-01-20 13:41:12,091][INFO] Epoch[65/80], loss:1.2281, CE loss:0.2709 , info NCE loss:6.6523
[2025-01-20 13:41:12,091][INFO] Epoch[65/80], train B-acc: 0.9712(0.9274-0.9978), test B-acc: 0.7874(0.6875-0.8812)
[2025-01-20 13:41:12,092][INFO] Epoch[65/80], train AUC: 0.9980(0.9937-1.0000), test AUC: 0.8732(0.7882-0.9417)
[2025-01-20 13:43:11,227][INFO] Epoch[66/80], loss:1.2272, CE loss:0.2700 , info NCE loss:6.6517
[2025-01-20 13:43:11,227][INFO] Epoch[66/80], train B-acc: 0.9707(0.9261-0.9978), test B-acc: 0.7883(0.6829-0.8810)
[2025-01-20 13:43:11,228][INFO] Epoch[66/80], train AUC: 0.9979(0.9935-1.0000), test AUC: 0.8712(0.7804-0.9411)
[2025-01-20 13:45:09,079][INFO] Epoch[67/80], loss:1.2256, CE loss:0.2686 , info NCE loss:6.6487
[2025-01-20 13:45:09,079][INFO] Epoch[67/80], train B-acc: 0.9721(0.9256-0.9978), test B-acc: 0.7883(0.6872-0.8779)
[2025-01-20 13:45:09,080][INFO] Epoch[67/80], train AUC: 0.9980(0.9940-1.0000), test AUC: 0.8723(0.7833-0.9446)
[2025-01-20 13:47:04,512][INFO] Epoch[68/80], loss:1.2252, CE loss:0.2682 , info NCE loss:6.6482
[2025-01-20 13:47:04,512][INFO] Epoch[68/80], train B-acc: 0.9707(0.9302-0.9978), test B-acc: 0.7875(0.6914-0.8772)
[2025-01-20 13:47:04,512][INFO] Epoch[68/80], train AUC: 0.9980(0.9940-1.0000), test AUC: 0.8713(0.7815-0.9373)
[2025-01-20 13:49:01,902][INFO] Epoch[69/80], loss:1.2241, CE loss:0.2669 , info NCE loss:6.6482
[2025-01-20 13:49:01,903][INFO] Epoch[69/80], train B-acc: 0.9697(0.9233-0.9977), test B-acc: 0.7865(0.6800-0.8790)
[2025-01-20 13:49:01,903][INFO] Epoch[69/80], train AUC: 0.9982(0.9945-1.0000), test AUC: 0.8695(0.7760-0.9407)
[2025-01-20 13:50:59,674][INFO] Epoch[70/80], loss:1.2236, CE loss:0.2664 , info NCE loss:6.6479
[2025-01-20 13:50:59,674][INFO] Epoch[70/80], train B-acc: 0.9704(0.9279-0.9978), test B-acc: 0.7807(0.6796-0.8720)
[2025-01-20 13:50:59,674][INFO] Epoch[70/80], train AUC: 0.9985(0.9947-1.0000), test AUC: 0.8710(0.7782-0.9392)
[2025-01-20 13:52:57,776][INFO] Epoch[71/80], loss:1.2222, CE loss:0.2652 , info NCE loss:6.6453
[2025-01-20 13:52:57,776][INFO] Epoch[71/80], train B-acc: 0.9706(0.9250-0.9978), test B-acc: 0.7806(0.6765-0.8800)
[2025-01-20 13:52:57,776][INFO] Epoch[71/80], train AUC: 0.9988(0.9958-1.0000), test AUC: 0.8712(0.7897-0.9439)
[2025-01-20 13:54:50,702][INFO] Epoch[72/80], loss:1.2216, CE loss:0.2643 , info NCE loss:6.6459
[2025-01-20 13:54:50,702][INFO] Epoch[72/80], train B-acc: 0.9706(0.9268-0.9977), test B-acc: 0.7800(0.6791-0.8701)
[2025-01-20 13:54:50,702][INFO] Epoch[72/80], train AUC: 0.9988(0.9957-1.0000), test AUC: 0.8709(0.7840-0.9413)
[2025-01-20 13:56:44,751][INFO] Epoch[73/80], loss:1.2206, CE loss:0.2637 , info NCE loss:6.6431
[2025-01-20 13:56:44,751][INFO] Epoch[73/80], train B-acc: 0.9803(0.9470-0.9977), test B-acc: 0.8021(0.6938-0.8923)
[2025-01-20 13:56:44,752][INFO] Epoch[73/80], train AUC: 0.9990(0.9963-1.0000), test AUC: 0.8712(0.7742-0.9402)
[2025-01-20 13:59:03,268][INFO] Epoch[74/80], loss:1.2202, CE loss:0.2629 , info NCE loss:6.6447
[2025-01-20 13:59:03,268][INFO] Epoch[74/80], train B-acc: 0.9933(0.9846-1.0000), test B-acc: 0.7936(0.6800-0.8800)
[2025-01-20 13:59:03,269][INFO] Epoch[74/80], train AUC: 0.9990(0.9962-1.0000), test AUC: 0.8720(0.7755-0.9381)
[2025-01-20 14:01:11,266][INFO] Epoch[75/80], loss:1.2195, CE loss:0.2631 , info NCE loss:6.6393
[2025-01-20 14:01:11,267][INFO] Epoch[75/80], train B-acc: 0.9820(0.9479-0.9978), test B-acc: 0.7785(0.6800-0.8800)
[2025-01-20 14:01:11,267][INFO] Epoch[75/80], train AUC: 0.9990(0.9961-1.0000), test AUC: 0.8688(0.7853-0.9407)
[2025-01-20 14:03:06,978][INFO] Epoch[76/80], loss:1.2183, CE loss:0.2613 , info NCE loss:6.6410
[2025-01-20 14:03:06,978][INFO] Epoch[76/80], train B-acc: 0.9816(0.9492-0.9978), test B-acc: 0.8004(0.6987-0.8896)
[2025-01-20 14:03:06,978][INFO] Epoch[76/80], train AUC: 0.9991(0.9965-1.0000), test AUC: 0.8706(0.7806-0.9432)
[2025-01-20 14:04:58,243][INFO] Epoch[77/80], loss:1.2165, CE loss:0.2599 , info NCE loss:6.6375
[2025-01-20 14:04:58,243][INFO] Epoch[77/80], train B-acc: 0.9816(0.9488-0.9978), test B-acc: 0.7807(0.6814-0.8742)
[2025-01-20 14:04:58,243][INFO] Epoch[77/80], train AUC: 0.9991(0.9964-1.0000), test AUC: 0.8694(0.7754-0.9386)
[2025-01-20 14:06:48,819][INFO] Epoch[78/80], loss:1.2159, CE loss:0.2590 , info NCE loss:6.6381
[2025-01-20 14:06:48,819][INFO] Epoch[78/80], train B-acc: 0.9932(0.9844-1.0000), test B-acc: 0.7879(0.6894-0.8825)
[2025-01-20 14:06:48,820][INFO] Epoch[78/80], train AUC: 0.9991(0.9963-1.0000), test AUC: 0.8724(0.7820-0.9416)
[2025-01-20 14:08:39,608][INFO] Epoch[79/80], loss:1.2147, CE loss:0.2582 , info NCE loss:6.6344
[2025-01-20 14:08:39,608][INFO] Epoch[79/80], train B-acc: 0.9932(0.9845-1.0000), test B-acc: 0.7885(0.6867-0.8805)
[2025-01-20 14:08:39,609][INFO] Epoch[79/80], train AUC: 0.9991(0.9965-1.0000), test AUC: 0.8685(0.7823-0.9387)
[2025-01-20 14:10:29,742][INFO] Epoch[80/80], loss:1.2144, CE loss:0.2581 , info NCE loss:6.6335
[2025-01-20 14:10:29,744][INFO] Epoch[80/80], train B-acc: 0.9818(0.9443-0.9978), test B-acc: 0.7807(0.6800-0.8731)
[2025-01-20 14:10:29,744][INFO] Epoch[80/80], train AUC: 0.9991(0.9966-1.0000), test AUC: 0.8675(0.7836-0.9392)
