[2025-01-24 16:48:27,967][INFO] Running PROJECT: CRC-KR, P LEARNING RATE: 0.0001, OPTIMIZER: ADAMW, NUM EPOCHS: 40, BATCH SIZE: 2048, DEVICES: cuda, SMOOTHING: 0.25
[2025-01-24 16:48:27,967][INFO] params["in_chans"]=[200, 16]
[2025-01-24 16:48:27,967][INFO] params["dims"]=[512, 512]
[2025-01-24 16:48:27,968][INFO] params["out_chans"]=[16, 8]
[2025-01-24 16:48:27,968][INFO] params["heads"]=[8, 4]
[2025-01-24 16:48:27,968][INFO] params["dropout"]=[0.8, 0.4, 0.4]
[2025-01-24 16:50:18,485][INFO] Epoch[1/40], loss:0.6401, CE loss:0.5647 , info NCE loss:0.5519
[2025-01-24 16:50:18,486][INFO] Epoch[1/40], train B-acc: 0.5000(0.5000-0.5000), test B-acc: 0.5000(0.5000-0.5000)
[2025-01-24 16:50:18,486][INFO] Epoch[1/40], train AUC: 0.6207(0.5220-0.7196), test AUC: 0.5341(0.4033-0.6599)
[2025-01-24 16:52:12,295][INFO] Epoch[2/40], loss:0.6169, CE loss:0.5415 , info NCE loss:0.5516
[2025-01-24 16:52:12,297][INFO] Epoch[2/40], train B-acc: 0.5000(0.5000-0.5000), test B-acc: 0.5000(0.5000-0.5000)
[2025-01-24 16:52:12,297][INFO] Epoch[2/40], train AUC: 0.7567(0.6703-0.8351), test AUC: 0.6380(0.5186-0.7532)
[2025-01-24 16:54:10,363][INFO] Epoch[3/40], loss:0.6062, CE loss:0.5309 , info NCE loss:0.5508
[2025-01-24 16:54:10,363][INFO] Epoch[3/40], train B-acc: 0.5000(0.5000-0.5000), test B-acc: 0.5000(0.5000-0.5000)
[2025-01-24 16:54:10,363][INFO] Epoch[3/40], train AUC: 0.7899(0.7028-0.8559), test AUC: 0.6833(0.5662-0.7886)
[2025-01-24 16:56:07,241][INFO] Epoch[4/40], loss:0.5994, CE loss:0.5242 , info NCE loss:0.5498
[2025-01-24 16:56:07,241][INFO] Epoch[4/40], train B-acc: 0.5000(0.5000-0.5000), test B-acc: 0.5000(0.5000-0.5000)
[2025-01-24 16:56:07,241][INFO] Epoch[4/40], train AUC: 0.8013(0.7212-0.8730), test AUC: 0.7059(0.5815-0.8072)
[2025-01-24 16:58:04,707][INFO] Epoch[5/40], loss:0.5938, CE loss:0.5188 , info NCE loss:0.5484
[2025-01-24 16:58:04,707][INFO] Epoch[5/40], train B-acc: 0.5119(0.5000-0.5417), test B-acc: 0.5000(0.5000-0.5000)
[2025-01-24 16:58:04,707][INFO] Epoch[5/40], train AUC: 0.8256(0.7457-0.8876), test AUC: 0.7142(0.5992-0.8218)
[2025-01-24 17:00:02,018][INFO] Epoch[6/40], loss:0.5889, CE loss:0.5141 , info NCE loss:0.5464
[2025-01-24 17:00:02,018][INFO] Epoch[6/40], train B-acc: 0.5211(0.4958-0.5589), test B-acc: 0.5000(0.5000-0.5000)
[2025-01-24 17:00:02,018][INFO] Epoch[6/40], train AUC: 0.8399(0.7716-0.9007), test AUC: 0.7308(0.6084-0.8325)
[2025-01-24 17:02:01,091][INFO] Epoch[7/40], loss:0.5849, CE loss:0.5103 , info NCE loss:0.5439
[2025-01-24 17:02:01,091][INFO] Epoch[7/40], train B-acc: 0.5333(0.4979-0.5835), test B-acc: 0.5000(0.5000-0.5000)
[2025-01-24 17:02:01,091][INFO] Epoch[7/40], train AUC: 0.8545(0.7839-0.9085), test AUC: 0.7396(0.6270-0.8448)
[2025-01-24 17:04:00,023][INFO] Epoch[8/40], loss:0.5808, CE loss:0.5066 , info NCE loss:0.5414
[2025-01-24 17:04:00,024][INFO] Epoch[8/40], train B-acc: 0.5583(0.5132-0.6133), test B-acc: 0.5000(0.5000-0.5000)
[2025-01-24 17:04:00,024][INFO] Epoch[8/40], train AUC: 0.8685(0.7981-0.9214), test AUC: 0.7521(0.6445-0.8515)
[2025-01-24 17:05:59,108][INFO] Epoch[9/40], loss:0.5761, CE loss:0.5024 , info NCE loss:0.5358
[2025-01-24 17:05:59,109][INFO] Epoch[9/40], train B-acc: 0.5682(0.5194-0.6295), test B-acc: 0.5156(0.5000-0.5577)
[2025-01-24 17:05:59,109][INFO] Epoch[9/40], train AUC: 0.8834(0.8251-0.9281), test AUC: 0.7591(0.6435-0.8564)
[2025-01-24 17:07:57,198][INFO] Epoch[10/40], loss:0.5718, CE loss:0.4989 , info NCE loss:0.5294
[2025-01-24 17:07:57,198][INFO] Epoch[10/40], train B-acc: 0.5826(0.5319-0.6427), test B-acc: 0.5323(0.5000-0.5862)
[2025-01-24 17:07:57,199][INFO] Epoch[10/40], train AUC: 0.8967(0.8411-0.9400), test AUC: 0.7650(0.6446-0.8623)
[2025-01-24 17:09:47,894][INFO] Epoch[11/40], loss:0.5674, CE loss:0.4955 , info NCE loss:0.5209
[2025-01-24 17:09:47,894][INFO] Epoch[11/40], train B-acc: 0.6060(0.5456-0.6734), test B-acc: 0.5323(0.5000-0.5833)
[2025-01-24 17:09:47,894][INFO] Epoch[11/40], train AUC: 0.9045(0.8554-0.9446), test AUC: 0.7728(0.6598-0.8593)
[2025-01-24 17:11:39,600][INFO] Epoch[12/40], loss:0.5634, CE loss:0.4922 , info NCE loss:0.5165
[2025-01-24 17:11:39,600][INFO] Epoch[12/40], train B-acc: 0.6156(0.5568-0.6833), test B-acc: 0.5591(0.5040-0.6281)
[2025-01-24 17:11:39,602][INFO] Epoch[12/40], train AUC: 0.9125(0.8629-0.9529), test AUC: 0.7776(0.6701-0.8726)
[2025-01-24 17:13:31,395][INFO] Epoch[13/40], loss:0.5592, CE loss:0.4886 , info NCE loss:0.5125
[2025-01-24 17:13:31,395][INFO] Epoch[13/40], train B-acc: 0.6059(0.5479-0.6724), test B-acc: 0.5591(0.5055-0.6333)
[2025-01-24 17:13:31,395][INFO] Epoch[13/40], train AUC: 0.9223(0.8798-0.9588), test AUC: 0.7863(0.6717-0.8780)
[2025-01-24 17:15:22,812][INFO] Epoch[14/40], loss:0.5565, CE loss:0.4862 , info NCE loss:0.5098
[2025-01-24 17:15:22,812][INFO] Epoch[14/40], train B-acc: 0.6163(0.5541-0.6818), test B-acc: 0.5603(0.5070-0.6282)
[2025-01-24 17:15:22,812][INFO] Epoch[14/40], train AUC: 0.9274(0.8851-0.9586), test AUC: 0.7856(0.6811-0.8827)
[2025-01-24 17:17:11,801][INFO] Epoch[15/40], loss:0.5533, CE loss:0.4833 , info NCE loss:0.5057
[2025-01-24 17:17:11,801][INFO] Epoch[15/40], train B-acc: 0.6386(0.5730-0.7141), test B-acc: 0.5540(0.4993-0.6270)
[2025-01-24 17:17:11,802][INFO] Epoch[15/40], train AUC: 0.9333(0.8890-0.9643), test AUC: 0.7884(0.6824-0.8795)
[2025-01-24 17:19:03,126][INFO] Epoch[16/40], loss:0.5510, CE loss:0.4813 , info NCE loss:0.5047
[2025-01-24 17:19:03,127][INFO] Epoch[16/40], train B-acc: 0.6888(0.6126-0.7632), test B-acc: 0.5775(0.5074-0.6548)
[2025-01-24 17:19:03,127][INFO] Epoch[16/40], train AUC: 0.9384(0.9012-0.9673), test AUC: 0.7888(0.6936-0.8823)
[2025-01-24 17:20:53,942][INFO] Epoch[17/40], loss:0.5481, CE loss:0.4786 , info NCE loss:0.5040
[2025-01-24 17:20:53,943][INFO] Epoch[17/40], train B-acc: 0.6389(0.5750-0.7063), test B-acc: 0.5529(0.4951-0.6185)
[2025-01-24 17:20:53,943][INFO] Epoch[17/40], train AUC: 0.9415(0.9064-0.9703), test AUC: 0.7887(0.6839-0.8768)
[2025-01-24 17:22:47,511][INFO] Epoch[18/40], loss:0.5452, CE loss:0.4759 , info NCE loss:0.5012
[2025-01-24 17:22:47,511][INFO] Epoch[18/40], train B-acc: 0.6929(0.6209-0.7721), test B-acc: 0.5804(0.5097-0.6615)
[2025-01-24 17:22:47,511][INFO] Epoch[18/40], train AUC: 0.9456(0.9132-0.9729), test AUC: 0.7933(0.6900-0.8785)
[2025-01-24 17:24:52,039][INFO] Epoch[19/40], loss:0.5432, CE loss:0.4740 , info NCE loss:0.5040
[2025-01-24 17:24:52,039][INFO] Epoch[19/40], train B-acc: 0.7031(0.6299-0.7791), test B-acc: 0.5816(0.5106-0.6621)
[2025-01-24 17:24:52,039][INFO] Epoch[19/40], train AUC: 0.9472(0.9104-0.9750), test AUC: 0.7926(0.6944-0.8819)
[2025-01-24 17:26:58,044][INFO] Epoch[20/40], loss:0.5414, CE loss:0.4723 , info NCE loss:0.5001
[2025-01-24 17:26:58,044][INFO] Epoch[20/40], train B-acc: 0.7629(0.6877-0.8383), test B-acc: 0.5780(0.5143-0.6601)
[2025-01-24 17:26:58,044][INFO] Epoch[20/40], train AUC: 0.9511(0.9193-0.9763), test AUC: 0.7911(0.6858-0.8755)
[2025-01-24 17:29:03,288][INFO] Epoch[21/40], loss:0.5396, CE loss:0.4706 , info NCE loss:0.4991
[2025-01-24 17:29:03,288][INFO] Epoch[21/40], train B-acc: 0.7832(0.7098-0.8570), test B-acc: 0.5704(0.5017-0.6540)
[2025-01-24 17:29:03,288][INFO] Epoch[21/40], train AUC: 0.9535(0.9225-0.9779), test AUC: 0.7936(0.6850-0.8867)
[2025-01-24 17:31:58,069][INFO] Epoch[22/40], loss:0.5376, CE loss:0.4687 , info NCE loss:0.5002
[2025-01-24 17:31:58,070][INFO] Epoch[22/40], train B-acc: 0.8091(0.7287-0.8825), test B-acc: 0.5737(0.5079-0.6580)
[2025-01-24 17:31:58,070][INFO] Epoch[22/40], train AUC: 0.9565(0.9237-0.9795), test AUC: 0.7928(0.6890-0.8824)
[2025-01-24 17:35:00,318][INFO] Epoch[23/40], loss:0.5357, CE loss:0.4669 , info NCE loss:0.4990
[2025-01-24 17:35:00,318][INFO] Epoch[23/40], train B-acc: 0.7864(0.7064-0.8637), test B-acc: 0.5781(0.5095-0.6498)
[2025-01-24 17:35:00,318][INFO] Epoch[23/40], train AUC: 0.9585(0.9297-0.9819), test AUC: 0.7963(0.6951-0.8786)
[2025-01-24 17:37:05,113][INFO] Epoch[24/40], loss:0.5337, CE loss:0.4650 , info NCE loss:0.4998
[2025-01-24 17:37:05,113][INFO] Epoch[24/40], train B-acc: 0.8083(0.7313-0.8849), test B-acc: 0.5730(0.5049-0.6545)
[2025-01-24 17:37:05,113][INFO] Epoch[24/40], train AUC: 0.9606(0.9305-0.9827), test AUC: 0.7961(0.7004-0.8777)
[2025-01-24 17:39:10,148][INFO] Epoch[25/40], loss:0.5324, CE loss:0.4637 , info NCE loss:0.5002
[2025-01-24 17:39:10,148][INFO] Epoch[25/40], train B-acc: 0.8125(0.7355-0.8815), test B-acc: 0.5732(0.5060-0.6537)
[2025-01-24 17:39:10,148][INFO] Epoch[25/40], train AUC: 0.9621(0.9311-0.9827), test AUC: 0.8000(0.6965-0.8793)
[2025-01-24 17:41:14,983][INFO] Epoch[26/40], loss:0.5305, CE loss:0.4619 , info NCE loss:0.4978
[2025-01-24 17:41:14,983][INFO] Epoch[26/40], train B-acc: 0.8208(0.7455-0.8914), test B-acc: 0.5659(0.4892-0.6473)
[2025-01-24 17:41:14,983][INFO] Epoch[26/40], train AUC: 0.9637(0.9368-0.9833), test AUC: 0.7991(0.7052-0.8840)
[2025-01-24 17:43:19,577][INFO] Epoch[27/40], loss:0.5289, CE loss:0.4604 , info NCE loss:0.4985
[2025-01-24 17:43:19,577][INFO] Epoch[27/40], train B-acc: 0.8208(0.7464-0.8919), test B-acc: 0.5672(0.4963-0.6498)
[2025-01-24 17:43:19,577][INFO] Epoch[27/40], train AUC: 0.9651(0.9390-0.9843), test AUC: 0.7998(0.7006-0.8798)
[2025-01-24 17:45:24,223][INFO] Epoch[28/40], loss:0.5274, CE loss:0.4589 , info NCE loss:0.4972
[2025-01-24 17:45:24,223][INFO] Epoch[28/40], train B-acc: 0.8205(0.7434-0.8937), test B-acc: 0.5672(0.4955-0.6535)
[2025-01-24 17:45:24,223][INFO] Epoch[28/40], train AUC: 0.9664(0.9402-0.9862), test AUC: 0.7980(0.6920-0.8788)
[2025-01-24 17:47:29,282][INFO] Epoch[29/40], loss:0.5257, CE loss:0.4572 , info NCE loss:0.4971
[2025-01-24 17:47:29,282][INFO] Epoch[29/40], train B-acc: 0.8233(0.7399-0.8891), test B-acc: 0.5678(0.4988-0.6547)
[2025-01-24 17:47:29,282][INFO] Epoch[29/40], train AUC: 0.9697(0.9463-0.9871), test AUC: 0.7995(0.7013-0.8841)
[2025-01-24 17:49:34,469][INFO] Epoch[30/40], loss:0.5248, CE loss:0.4563 , info NCE loss:0.4962
[2025-01-24 17:49:34,469][INFO] Epoch[30/40], train B-acc: 0.8452(0.7698-0.9104), test B-acc: 0.5970(0.5159-0.6866)
[2025-01-24 17:49:34,469][INFO] Epoch[30/40], train AUC: 0.9700(0.9462-0.9885), test AUC: 0.7961(0.6912-0.8785)
[2025-01-24 17:51:39,349][INFO] Epoch[31/40], loss:0.5236, CE loss:0.4553 , info NCE loss:0.4948
[2025-01-24 17:51:39,349][INFO] Epoch[31/40], train B-acc: 0.8324(0.7570-0.8999), test B-acc: 0.5949(0.5071-0.6854)
[2025-01-24 17:51:39,349][INFO] Epoch[31/40], train AUC: 0.9722(0.9470-0.9884), test AUC: 0.7926(0.6897-0.8746)
[2025-01-24 17:53:44,927][INFO] Epoch[32/40], loss:0.5226, CE loss:0.4542 , info NCE loss:0.4971
[2025-01-24 17:53:44,927][INFO] Epoch[32/40], train B-acc: 0.8379(0.7566-0.9083), test B-acc: 0.5829(0.5041-0.6663)
[2025-01-24 17:53:44,927][INFO] Epoch[32/40], train AUC: 0.9744(0.9532-0.9896), test AUC: 0.7931(0.6915-0.8824)
[2025-01-24 17:55:49,776][INFO] Epoch[33/40], loss:0.5212, CE loss:0.4529 , info NCE loss:0.4990
[2025-01-24 17:55:49,777][INFO] Epoch[33/40], train B-acc: 0.8459(0.7720-0.9101), test B-acc: 0.6053(0.5190-0.7016)
[2025-01-24 17:55:49,777][INFO] Epoch[33/40], train AUC: 0.9763(0.9553-0.9903), test AUC: 0.7881(0.6937-0.8771)
[2025-01-24 17:57:54,189][INFO] Epoch[34/40], loss:0.5195, CE loss:0.4512 , info NCE loss:0.4961
[2025-01-24 17:57:54,189][INFO] Epoch[34/40], train B-acc: 0.8523(0.7792-0.9168), test B-acc: 0.5941(0.5123-0.6790)
[2025-01-24 17:57:54,190][INFO] Epoch[34/40], train AUC: 0.9786(0.9591-0.9920), test AUC: 0.7887(0.6954-0.8760)
[2025-01-24 18:00:00,523][INFO] Epoch[35/40], loss:0.5184, CE loss:0.4502 , info NCE loss:0.4976
[2025-01-24 18:00:00,524][INFO] Epoch[35/40], train B-acc: 0.8501(0.7774-0.9158), test B-acc: 0.6187(0.5354-0.7164)
[2025-01-24 18:00:00,524][INFO] Epoch[35/40], train AUC: 0.9802(0.9634-0.9925), test AUC: 0.7891(0.6810-0.8730)
[2025-01-24 18:02:13,900][INFO] Epoch[36/40], loss:0.5169, CE loss:0.4487 , info NCE loss:0.4939
[2025-01-24 18:02:13,900][INFO] Epoch[36/40], train B-acc: 0.8520(0.7777-0.9146), test B-acc: 0.6415(0.5472-0.7305)
[2025-01-24 18:02:13,900][INFO] Epoch[36/40], train AUC: 0.9816(0.9652-0.9930), test AUC: 0.7861(0.6942-0.8765)
[2025-01-24 18:04:35,633][INFO] Epoch[37/40], loss:0.5158, CE loss:0.4476 , info NCE loss:0.4939
[2025-01-24 18:04:35,634][INFO] Epoch[37/40], train B-acc: 0.8752(0.8067-0.9355), test B-acc: 0.6304(0.5410-0.7302)
[2025-01-24 18:04:35,634][INFO] Epoch[37/40], train AUC: 0.9840(0.9678-0.9935), test AUC: 0.7884(0.6844-0.8809)
[2025-01-24 18:06:55,717][INFO] Epoch[38/40], loss:0.5147, CE loss:0.4466 , info NCE loss:0.4938
[2025-01-24 18:06:55,717][INFO] Epoch[38/40], train B-acc: 0.8479(0.7736-0.9146), test B-acc: 0.6205(0.5344-0.7234)
[2025-01-24 18:06:55,717][INFO] Epoch[38/40], train AUC: 0.9844(0.9699-0.9946), test AUC: 0.7873(0.6891-0.8736)
[2025-01-24 18:09:19,480][INFO] Epoch[39/40], loss:0.5138, CE loss:0.4457 , info NCE loss:0.4951
[2025-01-24 18:09:19,481][INFO] Epoch[39/40], train B-acc: 0.8789(0.8104-0.9428), test B-acc: 0.6487(0.5549-0.7474)
[2025-01-24 18:09:19,481][INFO] Epoch[39/40], train AUC: 0.9855(0.9721-0.9954), test AUC: 0.7835(0.6805-0.8725)
[2025-01-24 18:11:43,501][INFO] Epoch[40/40], loss:0.5127, CE loss:0.4447 , info NCE loss:0.4942
[2025-01-24 18:11:43,501][INFO] Epoch[40/40], train B-acc: 0.8742(0.8042-0.9391), test B-acc: 0.6404(0.5461-0.7310)
[2025-01-24 18:11:43,501][INFO] Epoch[40/40], train AUC: 0.9872(0.9738-0.9959), test AUC: 0.7835(0.6866-0.8721)
