[2025-01-21 07:44:43,865][INFO] Running PROJECT: CRC-DX, P LEARNING RATE: 0.0001, OPTIMIZER: ADAMW, NUM EPOCHS: 80, BATCH SIZE: 2048, DEVICES: cuda, SMOOTHING: 0.25
[2025-01-21 07:44:43,866][INFO] params["in_chans"]=[200, 16] python run_MIL_model.py --proj CRC-DX --num_epochs 80 --plr 1e-4  --smoothing 0.25
[2025-01-21 07:44:43,866][INFO] params["dims"]=[512, 512] 温度参数为0.58
[2025-01-21 07:44:43,867][INFO] params["out_chans"]=[16, 8]
[2025-01-21 07:44:43,867][INFO] params["heads"]=[8, 4]
[2025-01-21 07:44:43,867][INFO] params["dropout"]=[0.8, 0.4, 0.4]
[2025-01-21 07:47:52,476][INFO] Epoch[1/80], loss:1.7071, CE loss:0.6802 , info NCE loss:7.5259
[2025-01-21 07:47:52,476][INFO] Epoch[1/80], train B-acc: 0.5000(0.5000-0.5000), test B-acc: 0.5000(0.5000-0.5000)
[2025-01-21 07:47:52,476][INFO] Epoch[1/80], train AUC: 0.6442(0.5444-0.7392), test AUC: 0.6471(0.5050-0.7634)
[2025-01-21 07:49:57,268][INFO] Epoch[2/80], loss:1.5945, CE loss:0.5608 , info NCE loss:7.4523
[2025-01-21 07:49:57,269][INFO] Epoch[2/80], train B-acc: 0.5000(0.5000-0.5000), test B-acc: 0.5000(0.5000-0.5000)
[2025-01-21 07:49:57,269][INFO] Epoch[2/80], train AUC: 0.6924(0.5950-0.7828), test AUC: 0.6685(0.5335-0.7906)
[2025-01-21 07:51:54,352][INFO] Epoch[3/80], loss:1.5620, CE loss:0.5398 , info NCE loss:7.3550
[2025-01-21 07:51:54,352][INFO] Epoch[3/80], train B-acc: 0.5125(0.5000-0.5426), test B-acc: 0.5000(0.5000-0.5000)
[2025-01-21 07:51:54,352][INFO] Epoch[3/80], train AUC: 0.7223(0.6270-0.8055), test AUC: 0.6932(0.5663-0.8059)
[2025-01-21 07:53:49,422][INFO] Epoch[4/80], loss:1.5362, CE loss:0.5356 , info NCE loss:7.2061
[2025-01-21 07:53:49,422][INFO] Epoch[4/80], train B-acc: 0.5125(0.5000-0.5429), test B-acc: 0.5000(0.5000-0.5000)
[2025-01-21 07:53:49,422][INFO] Epoch[4/80], train AUC: 0.7444(0.6507-0.8290), test AUC: 0.7013(0.5552-0.8287)
[2025-01-21 07:55:41,626][INFO] Epoch[5/80], loss:1.5195, CE loss:0.5322 , info NCE loss:7.1143
[2025-01-21 07:55:41,626][INFO] Epoch[5/80], train B-acc: 0.5128(0.5000-0.5455), test B-acc: 0.5000(0.5000-0.5000)
[2025-01-21 07:55:41,626][INFO] Epoch[5/80], train AUC: 0.7574(0.6586-0.8405), test AUC: 0.6794(0.5393-0.8081)
[2025-01-21 07:57:33,481][INFO] Epoch[6/80], loss:1.5059, CE loss:0.5270 , info NCE loss:7.0527
[2025-01-21 07:57:33,482][INFO] Epoch[6/80], train B-acc: 0.5128(0.5000-0.5435), test B-acc: 0.5000(0.5000-0.5000)
[2025-01-21 07:57:33,482][INFO] Epoch[6/80], train AUC: 0.7614(0.6743-0.8470), test AUC: 0.6850(0.5576-0.7992)
[2025-01-21 07:59:23,108][INFO] Epoch[7/80], loss:1.4956, CE loss:0.5231 , info NCE loss:7.0065
[2025-01-21 07:59:23,108][INFO] Epoch[7/80], train B-acc: 0.5588(0.5119-0.6206), test B-acc: 0.5000(0.5000-0.5000)
[2025-01-21 07:59:23,109][INFO] Epoch[7/80], train AUC: 0.7772(0.6834-0.8590), test AUC: 0.6855(0.5455-0.8023)
[2025-01-21 08:01:14,383][INFO] Epoch[8/80], loss:1.4873, CE loss:0.5201 , info NCE loss:6.9680
[2025-01-21 08:01:14,383][INFO] Epoch[8/80], train B-acc: 0.5585(0.5110-0.6286), test B-acc: 0.5370(0.5000-0.6000)
[2025-01-21 08:01:14,383][INFO] Epoch[8/80], train AUC: 0.7841(0.6929-0.8664), test AUC: 0.6901(0.5568-0.8113)
[2025-01-21 08:03:06,295][INFO] Epoch[9/80], loss:1.4801, CE loss:0.5170 , info NCE loss:6.9379
[2025-01-21 08:03:06,295][INFO] Epoch[9/80], train B-acc: 0.5595(0.5114-0.6227), test B-acc: 0.5345(0.5000-0.5926)
[2025-01-21 08:03:06,296][INFO] Epoch[9/80], train AUC: 0.7946(0.7094-0.8695), test AUC: 0.7017(0.5663-0.8218)
[2025-01-21 08:04:55,969][INFO] Epoch[10/80], loss:1.4741, CE loss:0.5144 , info NCE loss:6.9122
[2025-01-21 08:04:55,970][INFO] Epoch[10/80], train B-acc: 0.5860(0.5279-0.6478), test B-acc: 0.5741(0.5185-0.6538)
[2025-01-21 08:04:55,970][INFO] Epoch[10/80], train AUC: 0.8049(0.7164-0.8789), test AUC: 0.7083(0.5738-0.8244)
[2025-01-21 08:06:49,421][INFO] Epoch[11/80], loss:1.4690, CE loss:0.5121 , info NCE loss:6.8913
[2025-01-21 08:06:49,422][INFO] Epoch[11/80], train B-acc: 0.5994(0.5394-0.6684), test B-acc: 0.5909(0.5238-0.6750)
[2025-01-21 08:06:49,422][INFO] Epoch[11/80], train AUC: 0.8145(0.7290-0.8868), test AUC: 0.7136(0.5845-0.8271)
[2025-01-21 08:08:42,644][INFO] Epoch[12/80], loss:1.4638, CE loss:0.5102 , info NCE loss:6.8676
[2025-01-21 08:08:42,645][INFO] Epoch[12/80], train B-acc: 0.6110(0.5477-0.6829), test B-acc: 0.5926(0.5250-0.6750)
[2025-01-21 08:08:42,646][INFO] Epoch[12/80], train AUC: 0.8241(0.7356-0.8948), test AUC: 0.7255(0.5981-0.8326)
[2025-01-21 08:10:32,028][INFO] Epoch[13/80], loss:1.4591, CE loss:0.5077 , info NCE loss:6.8498
[2025-01-21 08:10:32,029][INFO] Epoch[13/80], train B-acc: 0.6146(0.5495-0.6875), test B-acc: 0.5962(0.5217-0.6800)
[2025-01-21 08:10:32,029][INFO] Epoch[13/80], train AUC: 0.8352(0.7527-0.9034), test AUC: 0.7397(0.6154-0.8421)
[2025-01-21 08:12:22,130][INFO] Epoch[14/80], loss:1.4548, CE loss:0.5053 , info NCE loss:6.8354
[2025-01-21 08:12:22,130][INFO] Epoch[14/80], train B-acc: 0.6125(0.5481-0.6891), test B-acc: 0.5769(0.5185-0.6538)
[2025-01-21 08:12:22,130][INFO] Epoch[14/80], train AUC: 0.8442(0.7599-0.9109), test AUC: 0.7505(0.6159-0.8596)
[2025-01-21 08:14:12,184][INFO] Epoch[15/80], loss:1.4508, CE loss:0.5029 , info NCE loss:6.8217
[2025-01-21 08:14:12,186][INFO] Epoch[15/80], train B-acc: 0.6248(0.5590-0.7000), test B-acc: 0.5741(0.5185-0.6538)
[2025-01-21 08:14:12,186][INFO] Epoch[15/80], train AUC: 0.8523(0.7713-0.9176), test AUC: 0.7533(0.6169-0.8612)
[2025-01-21 08:16:02,172][INFO] Epoch[16/80], loss:1.4475, CE loss:0.5010 , info NCE loss:6.8111
[2025-01-21 08:16:02,172][INFO] Epoch[16/80], train B-acc: 0.6256(0.5585-0.6978), test B-acc: 0.5750(0.5192-0.6538)
[2025-01-21 08:16:02,172][INFO] Epoch[16/80], train AUC: 0.8602(0.7925-0.9202), test AUC: 0.7616(0.6381-0.8667)
[2025-01-21 08:17:52,704][INFO] Epoch[17/80], loss:1.4444, CE loss:0.4990 , info NCE loss:6.8014
[2025-01-21 08:17:52,704][INFO] Epoch[17/80], train B-acc: 0.6511(0.5749-0.7250), test B-acc: 0.5741(0.5185-0.6607)
[2025-01-21 08:17:52,704][INFO] Epoch[17/80], train AUC: 0.8687(0.7945-0.9262), test AUC: 0.7708(0.6458-0.8757)
[2025-01-21 08:19:43,213][INFO] Epoch[18/80], loss:1.4404, CE loss:0.4970 , info NCE loss:6.7862
[2025-01-21 08:19:43,213][INFO] Epoch[18/80], train B-acc: 0.6522(0.5796-0.7310), test B-acc: 0.5741(0.5161-0.6522)
[2025-01-21 08:19:43,214][INFO] Epoch[18/80], train AUC: 0.8749(0.8112-0.9301), test AUC: 0.7745(0.6561-0.8742)
[2025-01-21 08:21:32,583][INFO] Epoch[19/80], loss:1.4377, CE loss:0.4953 , info NCE loss:6.7779
[2025-01-21 08:21:32,583][INFO] Epoch[19/80], train B-acc: 0.6661(0.5893-0.7488), test B-acc: 0.5952(0.5263-0.6800)
[2025-01-21 08:21:32,583][INFO] Epoch[19/80], train AUC: 0.8839(0.8104-0.9370), test AUC: 0.7794(0.6554-0.8789)
[2025-01-21 08:23:22,408][INFO] Epoch[20/80], loss:1.4346, CE loss:0.4934 , info NCE loss:6.7678
[2025-01-21 08:23:22,408][INFO] Epoch[20/80], train B-acc: 0.6806(0.6072-0.7649), test B-acc: 0.5926(0.5312-0.6750)
[2025-01-21 08:23:22,408][INFO] Epoch[20/80], train AUC: 0.8913(0.8218-0.9421), test AUC: 0.7885(0.6746-0.8869)
[2025-01-21 08:25:12,337][INFO] Epoch[21/80], loss:1.4317, CE loss:0.4912 , info NCE loss:6.7614
[2025-01-21 08:25:12,338][INFO] Epoch[21/80], train B-acc: 0.6785(0.6029-0.7520), test B-acc: 0.5952(0.5263-0.6800)
[2025-01-21 08:25:12,338][INFO] Epoch[21/80], train AUC: 0.8945(0.8277-0.9459), test AUC: 0.7962(0.6813-0.8945)
[2025-01-21 08:27:01,652][INFO] Epoch[22/80], loss:1.4294, CE loss:0.4897 , info NCE loss:6.7543
[2025-01-21 08:27:01,652][INFO] Epoch[22/80], train B-acc: 0.6928(0.6125-0.7736), test B-acc: 0.5952(0.5263-0.6800)
[2025-01-21 08:27:01,652][INFO] Epoch[22/80], train AUC: 0.8976(0.8255-0.9488), test AUC: 0.7969(0.6731-0.8909)
[2025-01-21 08:28:51,456][INFO] Epoch[23/80], loss:1.4271, CE loss:0.4883 , info NCE loss:6.7470
[2025-01-21 08:28:51,456][INFO] Epoch[23/80], train B-acc: 0.7031(0.6302-0.7880), test B-acc: 0.6538(0.5769-0.7500)
[2025-01-21 08:28:51,456][INFO] Epoch[23/80], train AUC: 0.9022(0.8310-0.9495), test AUC: 0.8038(0.6920-0.9040)
[2025-01-21 08:30:41,308][INFO] Epoch[24/80], loss:1.4246, CE loss:0.4863 , info NCE loss:6.7419
[2025-01-21 08:30:41,309][INFO] Epoch[24/80], train B-acc: 0.7083(0.6295-0.7842), test B-acc: 0.5926(0.5238-0.6774)
[2025-01-21 08:30:41,309][INFO] Epoch[24/80], train AUC: 0.9077(0.8419-0.9570), test AUC: 0.8094(0.6971-0.8945)
[2025-01-21 08:32:31,403][INFO] Epoch[25/80], loss:1.4223, CE loss:0.4845 , info NCE loss:6.7365
[2025-01-21 08:32:31,403][INFO] Epoch[25/80], train B-acc: 0.7032(0.6303-0.7837), test B-acc: 0.5926(0.5238-0.6818)
[2025-01-21 08:32:31,403][INFO] Epoch[25/80], train AUC: 0.9100(0.8448-0.9582), test AUC: 0.8123(0.7089-0.9077)
[2025-01-21 08:34:20,959][INFO] Epoch[26/80], loss:1.4205, CE loss:0.4832 , info NCE loss:6.7323
[2025-01-21 08:34:20,959][INFO] Epoch[26/80], train B-acc: 0.7088(0.6268-0.7949), test B-acc: 0.6538(0.5682-0.7500)
[2025-01-21 08:34:20,959][INFO] Epoch[26/80], train AUC: 0.9149(0.8518-0.9602), test AUC: 0.8162(0.7013-0.9048)
[2025-01-21 08:36:10,340][INFO] Epoch[27/80], loss:1.4183, CE loss:0.4820 , info NCE loss:6.7239
[2025-01-21 08:36:10,340][INFO] Epoch[27/80], train B-acc: 0.7041(0.6248-0.7862), test B-acc: 0.6897(0.6042-0.7826)
[2025-01-21 08:36:10,340][INFO] Epoch[27/80], train AUC: 0.9197(0.8584-0.9670), test AUC: 0.8176(0.7028-0.9052)
[2025-01-21 08:37:59,828][INFO] Epoch[28/80], loss:1.4161, CE loss:0.4802 , info NCE loss:6.7195
[2025-01-21 08:37:59,828][INFO] Epoch[28/80], train B-acc: 0.7009(0.6206-0.7812), test B-acc: 0.6552(0.5690-0.7586)
[2025-01-21 08:37:59,828][INFO] Epoch[28/80], train AUC: 0.9218(0.8621-0.9649), test AUC: 0.8234(0.7200-0.9079)
[2025-01-21 08:39:49,489][INFO] Epoch[29/80], loss:1.4145, CE loss:0.4787 , info NCE loss:6.7173
[2025-01-21 08:39:49,490][INFO] Epoch[29/80], train B-acc: 0.7317(0.6460-0.8128), test B-acc: 0.6923(0.6071-0.7955)
[2025-01-21 08:39:49,490][INFO] Epoch[29/80], train AUC: 0.9258(0.8631-0.9658), test AUC: 0.8269(0.7204-0.9137)
[2025-01-21 08:41:39,741][INFO] Epoch[30/80], loss:1.4129, CE loss:0.4774 , info NCE loss:6.7138
[2025-01-21 08:41:39,742][INFO] Epoch[30/80], train B-acc: 0.7042(0.6249-0.7833), test B-acc: 0.6522(0.5690-0.7500)
[2025-01-21 08:41:39,742][INFO] Epoch[30/80], train AUC: 0.9270(0.8693-0.9712), test AUC: 0.8314(0.7221-0.9160)
[2025-01-21 08:43:30,820][INFO] Epoch[31/80], loss:1.4113, CE loss:0.4761 , info NCE loss:6.7108
[2025-01-21 08:43:30,820][INFO] Epoch[31/80], train B-acc: 0.7435(0.6670-0.8266), test B-acc: 0.7115(0.6154-0.8077)
[2025-01-21 08:43:30,820][INFO] Epoch[31/80], train AUC: 0.9312(0.8734-0.9719), test AUC: 0.8341(0.7243-0.9187)
[2025-01-21 08:45:21,786][INFO] Epoch[32/80], loss:1.4097, CE loss:0.4747 , info NCE loss:6.7081
[2025-01-21 08:45:21,786][INFO] Epoch[32/80], train B-acc: 0.7305(0.6478-0.8149), test B-acc: 0.6957(0.6053-0.8000)
[2025-01-21 08:45:21,786][INFO] Epoch[32/80], train AUC: 0.9328(0.8739-0.9733), test AUC: 0.8359(0.7286-0.9213)
[2025-01-21 08:47:12,848][INFO] Epoch[33/80], loss:1.4079, CE loss:0.4734 , info NCE loss:6.7035
[2025-01-21 08:47:12,848][INFO] Epoch[33/80], train B-acc: 0.7411(0.6598-0.8244), test B-acc: 0.7083(0.6200-0.8103)
[2025-01-21 08:47:12,848][INFO] Epoch[33/80], train AUC: 0.9350(0.8789-0.9730), test AUC: 0.8385(0.7423-0.9254)
[2025-01-21 08:49:03,646][INFO] Epoch[34/80], loss:1.4062, CE loss:0.4718 , info NCE loss:6.7009
[2025-01-21 08:49:03,646][INFO] Epoch[34/80], train B-acc: 0.7431(0.6611-0.8189), test B-acc: 0.7115(0.6154-0.8103)
[2025-01-21 08:49:03,646][INFO] Epoch[34/80], train AUC: 0.9384(0.8844-0.9745), test AUC: 0.8419(0.7400-0.9173)
[2025-01-21 08:50:54,767][INFO] Epoch[35/80], loss:1.4047, CE loss:0.4706 , info NCE loss:6.6983
[2025-01-21 08:50:54,767][INFO] Epoch[35/80], train B-acc: 0.7433(0.6637-0.8243), test B-acc: 0.7121(0.6190-0.8077)
[2025-01-21 08:50:54,768][INFO] Epoch[35/80], train AUC: 0.9434(0.8906-0.9766), test AUC: 0.8477(0.7462-0.9263)
[2025-01-21 08:52:45,715][INFO] Epoch[36/80], loss:1.4036, CE loss:0.4695 , info NCE loss:6.6972
[2025-01-21 08:52:45,716][INFO] Epoch[36/80], train B-acc: 0.7316(0.6504-0.8070), test B-acc: 0.6923(0.6000-0.7917)
[2025-01-21 08:52:45,716][INFO] Epoch[36/80], train AUC: 0.9440(0.8956-0.9792), test AUC: 0.8539(0.7424-0.9315)
[2025-01-21 08:54:35,423][INFO] Epoch[37/80], loss:1.4027, CE loss:0.4685 , info NCE loss:6.6964
[2025-01-21 08:54:35,423][INFO] Epoch[37/80], train B-acc: 0.7829(0.6995-0.8645), test B-acc: 0.7252(0.6267-0.8202)
[2025-01-21 08:54:35,423][INFO] Epoch[37/80], train AUC: 0.9481(0.8950-0.9790), test AUC: 0.8542(0.7579-0.9283)
[2025-01-21 08:56:25,033][INFO] Epoch[38/80], loss:1.4011, CE loss:0.4676 , info NCE loss:6.6906
[2025-01-21 08:56:25,034][INFO] Epoch[38/80], train B-acc: 0.7335(0.6520-0.8168), test B-acc: 0.6897(0.6000-0.7857)
[2025-01-21 08:56:25,034][INFO] Epoch[38/80], train AUC: 0.9511(0.9008-0.9804), test AUC: 0.8509(0.7570-0.9291)
[2025-01-21 08:58:14,284][INFO] Epoch[39/80], loss:1.4005, CE loss:0.4666 , info NCE loss:6.6928
[2025-01-21 08:58:14,284][INFO] Epoch[39/80], train B-acc: 0.7986(0.7216-0.8760), test B-acc: 0.7267(0.6279-0.8333)
[2025-01-21 08:58:14,285][INFO] Epoch[39/80], train AUC: 0.9530(0.9111-0.9819), test AUC: 0.8514(0.7578-0.9278)
[2025-01-21 09:00:06,211][INFO] Epoch[40/80], loss:1.3981, CE loss:0.4648 , info NCE loss:6.6867
[2025-01-21 09:00:06,211][INFO] Epoch[40/80], train B-acc: 0.7951(0.7188-0.8760), test B-acc: 0.7261(0.6333-0.8235)
[2025-01-21 09:00:06,211][INFO] Epoch[40/80], train AUC: 0.9554(0.9091-0.9840), test AUC: 0.8570(0.7692-0.9344)
[2025-01-21 09:02:13,910][INFO] Epoch[41/80], loss:1.3977, CE loss:0.4641 , info NCE loss:6.6882
[2025-01-21 09:02:13,910][INFO] Epoch[41/80], train B-acc: 0.8067(0.7294-0.8862), test B-acc: 0.7222(0.6267-0.8269)
[2025-01-21 09:02:13,911][INFO] Epoch[41/80], train AUC: 0.9573(0.9191-0.9841), test AUC: 0.8571(0.7648-0.9301)
[2025-01-21 09:04:14,368][INFO] Epoch[42/80], loss:1.3965, CE loss:0.4631 , info NCE loss:6.6855
[2025-01-21 09:04:14,368][INFO] Epoch[42/80], train B-acc: 0.8023(0.7200-0.8750), test B-acc: 0.7240(0.6190-0.8205)
[2025-01-21 09:04:14,368][INFO] Epoch[42/80], train AUC: 0.9589(0.9171-0.9865), test AUC: 0.8590(0.7629-0.9292)
[2025-01-21 09:06:11,056][INFO] Epoch[43/80], loss:1.3950, CE loss:0.4621 , info NCE loss:6.6813
[2025-01-21 09:06:11,056][INFO] Epoch[43/80], train B-acc: 0.8125(0.7346-0.8905), test B-acc: 0.7250(0.6250-0.8205)
[2025-01-21 09:06:11,056][INFO] Epoch[43/80], train AUC: 0.9613(0.9202-0.9869), test AUC: 0.8624(0.7671-0.9346)
[2025-01-21 09:08:04,070][INFO] Epoch[44/80], loss:1.3944, CE loss:0.4611 , info NCE loss:6.6828
[2025-01-21 09:08:04,071][INFO] Epoch[44/80], train B-acc: 0.8201(0.7391-0.8933), test B-acc: 0.7270(0.6359-0.8265)
[2025-01-21 09:08:04,071][INFO] Epoch[44/80], train AUC: 0.9624(0.9223-0.9872), test AUC: 0.8641(0.7691-0.9383)
[2025-01-21 09:09:56,484][INFO] Epoch[45/80], loss:1.3929, CE loss:0.4596 , info NCE loss:6.6817
[2025-01-21 09:09:56,484][INFO] Epoch[45/80], train B-acc: 0.8267(0.7432-0.9005), test B-acc: 0.7240(0.6276-0.8196)
[2025-01-21 09:09:56,484][INFO] Epoch[45/80], train AUC: 0.9655(0.9299-0.9886), test AUC: 0.8635(0.7739-0.9339)
[2025-01-21 09:11:47,877][INFO] Epoch[46/80], loss:1.3916, CE loss:0.4589 , info NCE loss:6.6765
[2025-01-21 09:11:47,877][INFO] Epoch[46/80], train B-acc: 0.8210(0.7377-0.8958), test B-acc: 0.7279(0.6261-0.8336)
[2025-01-21 09:11:47,878][INFO] Epoch[46/80], train AUC: 0.9669(0.9244-0.9902), test AUC: 0.8651(0.7718-0.9363)
[2025-01-21 09:13:39,942][INFO] Epoch[47/80], loss:1.3910, CE loss:0.4579 , info NCE loss:6.6787
[2025-01-21 09:13:39,943][INFO] Epoch[47/80], train B-acc: 0.8467(0.7683-0.9144), test B-acc: 0.7270(0.6310-0.8236)
[2025-01-21 09:13:39,943][INFO] Epoch[47/80], train AUC: 0.9672(0.9303-0.9893), test AUC: 0.8643(0.7731-0.9365)
[2025-01-21 09:15:31,752][INFO] Epoch[48/80], loss:1.3898, CE loss:0.4568 , info NCE loss:6.6771
[2025-01-21 09:15:31,752][INFO] Epoch[48/80], train B-acc: 0.8498(0.7690-0.9165), test B-acc: 0.7305(0.6279-0.8333)
[2025-01-21 09:15:31,752][INFO] Epoch[48/80], train AUC: 0.9692(0.9333-0.9903), test AUC: 0.8654(0.7649-0.9379)
[2025-01-21 09:17:23,300][INFO] Epoch[49/80], loss:1.3891, CE loss:0.4558 , info NCE loss:6.6780
[2025-01-21 09:17:23,300][INFO] Epoch[49/80], train B-acc: 0.8450(0.7724-0.9143), test B-acc: 0.7492(0.6508-0.8478)
[2025-01-21 09:17:23,300][INFO] Epoch[49/80], train AUC: 0.9714(0.9375-0.9903), test AUC: 0.8632(0.7729-0.9360)
[2025-01-21 09:19:14,943][INFO] Epoch[50/80], loss:1.3883, CE loss:0.4556 , info NCE loss:6.6736
[2025-01-21 09:19:14,944][INFO] Epoch[50/80], train B-acc: 0.8596(0.7910-0.9238), test B-acc: 0.7625(0.6595-0.8542)
[2025-01-21 09:19:14,944][INFO] Epoch[50/80], train AUC: 0.9725(0.9405-0.9904), test AUC: 0.8655(0.7751-0.9342)
[2025-01-21 09:21:26,037][INFO] Epoch[51/80], loss:1.3874, CE loss:0.4548 , info NCE loss:6.6722
[2025-01-21 09:21:26,037][INFO] Epoch[51/80], train B-acc: 0.8597(0.7872-0.9255), test B-acc: 0.7552(0.6558-0.8565)
[2025-01-21 09:21:26,039][INFO] Epoch[51/80], train AUC: 0.9742(0.9430-0.9928), test AUC: 0.8684(0.7713-0.9350)
[2025-01-21 09:23:35,844][INFO] Epoch[52/80], loss:1.3866, CE loss:0.4540 , info NCE loss:6.6711
[2025-01-21 09:23:35,844][INFO] Epoch[52/80], train B-acc: 0.8693(0.7940-0.9368), test B-acc: 0.7728(0.6789-0.8645)
[2025-01-21 09:23:35,845][INFO] Epoch[52/80], train AUC: 0.9751(0.9453-0.9926), test AUC: 0.8635(0.7815-0.9337)
[2025-01-21 09:25:48,119][INFO] Epoch[53/80], loss:1.3860, CE loss:0.4535 , info NCE loss:6.6699
[2025-01-21 09:25:48,119][INFO] Epoch[53/80], train B-acc: 0.8698(0.7958-0.9327), test B-acc: 0.7781(0.6664-0.8706)
[2025-01-21 09:25:48,119][INFO] Epoch[53/80], train AUC: 0.9756(0.9494-0.9929), test AUC: 0.8682(0.7717-0.9345)
[2025-01-21 09:27:55,697][INFO] Epoch[54/80], loss:1.3846, CE loss:0.4522 , info NCE loss:6.6682
[2025-01-21 09:27:55,697][INFO] Epoch[54/80], train B-acc: 0.8841(0.8152-0.9437), test B-acc: 0.7797(0.6733-0.8733)
[2025-01-21 09:27:55,697][INFO] Epoch[54/80], train AUC: 0.9776(0.9499-0.9941), test AUC: 0.8694(0.7755-0.9419)
[2025-01-21 09:29:59,697][INFO] Epoch[55/80], loss:1.3840, CE loss:0.4516 , info NCE loss:6.6677
[2025-01-21 09:29:59,697][INFO] Epoch[55/80], train B-acc: 0.8732(0.8058-0.9361), test B-acc: 0.7734(0.6767-0.8625)
[2025-01-21 09:29:59,697][INFO] Epoch[55/80], train AUC: 0.9792(0.9545-0.9939), test AUC: 0.8684(0.7780-0.9352)
[2025-01-21 09:32:00,549][INFO] Epoch[56/80], loss:1.3827, CE loss:0.4504 , info NCE loss:6.6652
[2025-01-21 09:32:00,549][INFO] Epoch[56/80], train B-acc: 0.8741(0.8033-0.9377), test B-acc: 0.7547(0.6546-0.8565)
[2025-01-21 09:32:00,549][INFO] Epoch[56/80], train AUC: 0.9802(0.9558-0.9940), test AUC: 0.8696(0.7802-0.9427)
[2025-01-21 09:33:57,055][INFO] Epoch[57/80], loss:1.3817, CE loss:0.4493 , info NCE loss:6.6654
[2025-01-21 09:33:57,056][INFO] Epoch[57/80], train B-acc: 0.8702(0.7990-0.9327), test B-acc: 0.7739(0.6748-0.8688)
[2025-01-21 09:33:57,056][INFO] Epoch[57/80], train AUC: 0.9810(0.9553-0.9942), test AUC: 0.8680(0.7803-0.9396)
[2025-01-21 09:35:55,809][INFO] Epoch[58/80], loss:1.3809, CE loss:0.4485 , info NCE loss:6.6645
[2025-01-21 09:35:55,810][INFO] Epoch[58/80], train B-acc: 0.8844(0.8186-0.9458), test B-acc: 0.7758(0.6738-0.8723)
[2025-01-21 09:35:55,810][INFO] Epoch[58/80], train AUC: 0.9818(0.9603-0.9950), test AUC: 0.8735(0.7815-0.9450)
[2025-01-21 09:38:02,922][INFO] Epoch[59/80], loss:1.3798, CE loss:0.4476 , info NCE loss:6.6627
[2025-01-21 09:38:02,923][INFO] Epoch[59/80], train B-acc: 0.8740(0.7970-0.9414), test B-acc: 0.7741(0.6687-0.8679)
[2025-01-21 09:38:02,923][INFO] Epoch[59/80], train AUC: 0.9826(0.9618-0.9955), test AUC: 0.8720(0.7790-0.9423)
[2025-01-21 09:40:02,878][INFO] Epoch[60/80], loss:1.3795, CE loss:0.4470 , info NCE loss:6.6638
[2025-01-21 09:40:02,878][INFO] Epoch[60/80], train B-acc: 0.8840(0.8085-0.9454), test B-acc: 0.7733(0.6654-0.8704)
[2025-01-21 09:40:02,878][INFO] Epoch[60/80], train AUC: 0.9833(0.9638-0.9963), test AUC: 0.8723(0.7796-0.9432)
[2025-01-21 09:42:02,254][INFO] Epoch[61/80], loss:1.3785, CE loss:0.4464 , info NCE loss:6.6605
[2025-01-21 09:42:02,255][INFO] Epoch[61/80], train B-acc: 0.9108(0.8481-0.9655), test B-acc: 0.7796(0.6700-0.8741)
[2025-01-21 09:42:02,255][INFO] Epoch[61/80], train AUC: 0.9836(0.9626-0.9962), test AUC: 0.8752(0.7850-0.9452)
[2025-01-21 09:43:54,171][INFO] Epoch[62/80], loss:1.3784, CE loss:0.4461 , info NCE loss:6.6614
[2025-01-21 09:43:54,171][INFO] Epoch[62/80], train B-acc: 0.8856(0.8146-0.9435), test B-acc: 0.7748(0.6735-0.8754)
[2025-01-21 09:43:54,171][INFO] Epoch[62/80], train AUC: 0.9847(0.9640-0.9963), test AUC: 0.8750(0.7837-0.9477)
[2025-01-21 09:45:47,414][INFO] Epoch[63/80], loss:1.3770, CE loss:0.4448 , info NCE loss:6.6592
[2025-01-21 09:45:47,414][INFO] Epoch[63/80], train B-acc: 0.8854(0.8176-0.9454), test B-acc: 0.7750(0.6661-0.8688)
[2025-01-21 09:45:47,414][INFO] Epoch[63/80], train AUC: 0.9849(0.9646-0.9959), test AUC: 0.8762(0.7826-0.9459)
[2025-01-21 09:47:40,096][INFO] Epoch[64/80], loss:1.3763, CE loss:0.4444 , info NCE loss:6.6571
[2025-01-21 09:47:40,096][INFO] Epoch[64/80], train B-acc: 0.8835(0.8129-0.9471), test B-acc: 0.7709(0.6717-0.8672)
[2025-01-21 09:47:40,096][INFO] Epoch[64/80], train AUC: 0.9853(0.9662-0.9966), test AUC: 0.8696(0.7848-0.9399)
[2025-01-21 09:49:32,398][INFO] Epoch[65/80], loss:1.3755, CE loss:0.4433 , info NCE loss:6.6578
[2025-01-21 09:49:32,399][INFO] Epoch[65/80], train B-acc: 0.8996(0.8285-0.9590), test B-acc: 0.7757(0.6701-0.8671)
[2025-01-21 09:49:32,399][INFO] Epoch[65/80], train AUC: 0.9858(0.9673-0.9966), test AUC: 0.8757(0.7843-0.9429)
[2025-01-21 09:51:23,004][INFO] Epoch[66/80], loss:1.3743, CE loss:0.4425 , info NCE loss:6.6545
[2025-01-21 09:51:23,004][INFO] Epoch[66/80], train B-acc: 0.9385(0.8818-0.9803), test B-acc: 0.7741(0.6754-0.8706)
[2025-01-21 09:51:23,006][INFO] Epoch[66/80], train AUC: 0.9863(0.9679-0.9966), test AUC: 0.8765(0.7895-0.9452)
[2025-01-21 09:53:19,655][INFO] Epoch[67/80], loss:1.3737, CE loss:0.4417 , info NCE loss:6.6551
[2025-01-21 09:53:19,656][INFO] Epoch[67/80], train B-acc: 0.9369(0.8839-0.9790), test B-acc: 0.7720(0.6697-0.8741)
[2025-01-21 09:53:19,656][INFO] Epoch[67/80], train AUC: 0.9870(0.9695-0.9970), test AUC: 0.8752(0.7834-0.9456)
[2025-01-21 09:55:29,991][INFO] Epoch[68/80], loss:1.3730, CE loss:0.4410 , info NCE loss:6.6541
[2025-01-21 09:55:29,992][INFO] Epoch[68/80], train B-acc: 0.9374(0.8801-0.9816), test B-acc: 0.7733(0.6719-0.8700)
[2025-01-21 09:55:29,992][INFO] Epoch[68/80], train AUC: 0.9877(0.9719-0.9972), test AUC: 0.8721(0.7844-0.9389)
[2025-01-21 09:57:28,624][INFO] Epoch[69/80], loss:1.3724, CE loss:0.4405 , info NCE loss:6.6535
[2025-01-21 09:57:28,624][INFO] Epoch[69/80], train B-acc: 0.9102(0.8437-0.9652), test B-acc: 0.7748(0.6736-0.8695)
[2025-01-21 09:57:28,624][INFO] Epoch[69/80], train AUC: 0.9883(0.9731-0.9971), test AUC: 0.8760(0.7901-0.9438)
[2025-01-21 09:59:29,060][INFO] Epoch[70/80], loss:1.3721, CE loss:0.4401 , info NCE loss:6.6535
[2025-01-21 09:59:29,060][INFO] Epoch[70/80], train B-acc: 0.9385(0.8839-0.9812), test B-acc: 0.7739(0.6795-0.8671)
[2025-01-21 09:59:29,060][INFO] Epoch[70/80], train AUC: 0.9886(0.9745-0.9975), test AUC: 0.8766(0.7922-0.9423)
[2025-01-21 10:01:44,348][INFO] Epoch[71/80], loss:1.3710, CE loss:0.4390 , info NCE loss:6.6524
[2025-01-21 10:01:44,348][INFO] Epoch[71/80], train B-acc: 0.9385(0.8783-0.9829), test B-acc: 0.7737(0.6697-0.8794)
[2025-01-21 10:01:44,348][INFO] Epoch[71/80], train AUC: 0.9894(0.9750-0.9977), test AUC: 0.8757(0.7852-0.9408)
[2025-01-21 10:03:51,836][INFO] Epoch[72/80], loss:1.3704, CE loss:0.4384 , info NCE loss:6.6521
[2025-01-21 10:03:51,836][INFO] Epoch[72/80], train B-acc: 0.9370(0.8788-0.9794), test B-acc: 0.7733(0.6695-0.8703)
[2025-01-21 10:03:51,836][INFO] Epoch[72/80], train AUC: 0.9895(0.9749-0.9978), test AUC: 0.8761(0.7829-0.9451)
[2025-01-21 10:05:50,336][INFO] Epoch[73/80], loss:1.3694, CE loss:0.4377 , info NCE loss:6.6493
[2025-01-21 10:05:50,337][INFO] Epoch[73/80], train B-acc: 0.9397(0.8829-0.9816), test B-acc: 0.7741(0.6700-0.8619)
[2025-01-21 10:05:50,337][INFO] Epoch[73/80], train AUC: 0.9902(0.9775-0.9981), test AUC: 0.8774(0.7823-0.9439)
[2025-01-21 10:07:41,602][INFO] Epoch[74/80], loss:1.3688, CE loss:0.4372 , info NCE loss:6.6478
[2025-01-21 10:07:41,602][INFO] Epoch[74/80], train B-acc: 0.9513(0.8997-0.9888), test B-acc: 0.7784(0.6719-0.8718)
[2025-01-21 10:07:41,602][INFO] Epoch[74/80], train AUC: 0.9903(0.9775-0.9977), test AUC: 0.8773(0.7882-0.9471)
[2025-01-21 10:09:32,491][INFO] Epoch[75/80], loss:1.3685, CE loss:0.4368 , info NCE loss:6.6482
[2025-01-21 10:09:32,492][INFO] Epoch[75/80], train B-acc: 0.9512(0.9042-0.9849), test B-acc: 0.7768(0.6743-0.8701)
[2025-01-21 10:09:32,492][INFO] Epoch[75/80], train AUC: 0.9911(0.9800-0.9980), test AUC: 0.8782(0.7905-0.9452)
[2025-01-21 10:11:22,781][INFO] Epoch[76/80], loss:1.3673, CE loss:0.4360 , info NCE loss:6.6448
[2025-01-21 10:11:22,782][INFO] Epoch[76/80], train B-acc: 0.9519(0.9023-0.9881), test B-acc: 0.7750(0.6784-0.8718)
[2025-01-21 10:11:22,782][INFO] Epoch[76/80], train AUC: 0.9913(0.9803-0.9983), test AUC: 0.8731(0.7862-0.9426)
[2025-01-21 10:13:10,917][INFO] Epoch[77/80], loss:1.3667, CE loss:0.4352 , info NCE loss:6.6453
[2025-01-21 10:13:10,917][INFO] Epoch[77/80], train B-acc: 0.9509(0.8986-0.9891), test B-acc: 0.7739(0.6653-0.8711)
[2025-01-21 10:13:10,917][INFO] Epoch[77/80], train AUC: 0.9923(0.9811-0.9986), test AUC: 0.8788(0.7818-0.9440)
[2025-01-21 10:14:59,638][INFO] Epoch[78/80], loss:1.3664, CE loss:0.4345 , info NCE loss:6.6472
[2025-01-21 10:14:59,639][INFO] Epoch[78/80], train B-acc: 0.9508(0.9018-0.9889), test B-acc: 0.7806(0.6678-0.8690)
[2025-01-21 10:14:59,639][INFO] Epoch[78/80], train AUC: 0.9923(0.9817-0.9983), test AUC: 0.8768(0.7902-0.9433)
[2025-01-21 10:16:47,065][INFO] Epoch[79/80], loss:1.3657, CE loss:0.4342 , info NCE loss:6.6444
[2025-01-21 10:16:47,065][INFO] Epoch[79/80], train B-acc: 0.9777(0.9425-0.9955), test B-acc: 0.7933(0.6914-0.8903)
[2025-01-21 10:16:47,065][INFO] Epoch[79/80], train AUC: 0.9931(0.9824-0.9990), test AUC: 0.8758(0.7899-0.9435)
[2025-01-21 10:18:35,922][INFO] Epoch[80/80], loss:1.3652, CE loss:0.4336 , info NCE loss:6.6442
[2025-01-21 10:18:35,922][INFO] Epoch[80/80], train B-acc: 0.9504(0.9028-0.9910), test B-acc: 0.7730(0.6771-0.8677)
[2025-01-21 10:18:35,922][INFO] Epoch[80/80], train AUC: 0.9936(0.9849-0.9988), test AUC: 0.8777(0.7947-0.9480)
