[2024-12-24 20:00:36,322][INFO] Running PROJECT: CRC-DX, P LEARNING RATE: 0.0001, OPTIMIZER: ADAMW, NUM EPOCHS: 15, BATCH SIZE: 2048, DEVICES: cuda, SMOOTHING: 0.1
[2024-12-24 20:00:36,322][INFO] params["in_chans"]=[200, 16]
[2024-12-24 20:00:36,323][INFO] params["dims"]=[512, 512]
[2024-12-24 20:00:36,323][INFO] params["out_chans"]=[16, 8]
[2024-12-24 20:00:36,324][INFO] params["heads"]=[8, 4]
[2024-12-24 20:00:36,324][INFO] params["dropout"]=[0.8, 0.4, 0.4]
[2024-12-24 20:03:45,134][INFO] Epoch[1/15], loss:1.1988, CE loss:0.5135 , info NCE loss:7.3665
[2024-12-24 20:03:45,134][INFO] Epoch[1/15], train B-acc: 0.5000(0.5000-0.5000), test B-acc: 0.5000(0.5000-0.5000)
[2024-12-24 20:03:45,135][INFO] Epoch[1/15], train AUC: 0.6524(0.5507-0.7466), test AUC: 0.6667(0.5421-0.7900)
[2024-12-24 20:05:47,741][INFO] Epoch[2/15], loss:1.1232, CE loss:0.4731 , info NCE loss:6.9743
[2024-12-24 20:05:47,741][INFO] Epoch[2/15], train B-acc: 0.5000(0.5000-0.5000), test B-acc: 0.5000(0.5000-0.5000)
[2024-12-24 20:05:47,741][INFO] Epoch[2/15], train AUC: 0.7022(0.5902-0.7957), test AUC: 0.7099(0.5847-0.8229)
[2024-12-24 20:07:38,331][INFO] Epoch[3/15], loss:1.0781, CE loss:0.4597 , info NCE loss:6.6438
[2024-12-24 20:07:38,332][INFO] Epoch[3/15], train B-acc: 0.5000(0.5000-0.5000), test B-acc: 0.5000(0.5000-0.5000)
[2024-12-24 20:07:38,332][INFO] Epoch[3/15], train AUC: 0.7300(0.6302-0.8247), test AUC: 0.7300(0.6134-0.8425)
[2024-12-24 20:09:26,407][INFO] Epoch[4/15], loss:1.0573, CE loss:0.4477 , info NCE loss:6.5432
[2024-12-24 20:09:26,407][INFO] Epoch[4/15], train B-acc: 0.5000(0.5000-0.5000), test B-acc: 0.5000(0.5000-0.5000)
[2024-12-24 20:09:26,407][INFO] Epoch[4/15], train AUC: 0.7465(0.6484-0.8338), test AUC: 0.7340(0.6053-0.8458)
[2024-12-24 20:11:14,144][INFO] Epoch[5/15], loss:1.0435, CE loss:0.4405 , info NCE loss:6.4705
[2024-12-24 20:11:14,145][INFO] Epoch[5/15], train B-acc: 0.5526(0.5125-0.6094), test B-acc: 0.5000(0.5000-0.5000)
[2024-12-24 20:11:14,145][INFO] Epoch[5/15], train AUC: 0.7629(0.6694-0.8440), test AUC: 0.7369(0.6154-0.8462)
[2024-12-24 20:13:03,303][INFO] Epoch[6/15], loss:1.0337, CE loss:0.4345 , info NCE loss:6.4267
[2024-12-24 20:13:03,304][INFO] Epoch[6/15], train B-acc: 0.5500(0.5114-0.6053), test B-acc: 0.5000(0.5000-0.5000)
[2024-12-24 20:13:03,304][INFO] Epoch[6/15], train AUC: 0.7747(0.6781-0.8573), test AUC: 0.7340(0.6093-0.8481)
[2024-12-24 20:14:53,484][INFO] Epoch[7/15], loss:1.0253, CE loss:0.4290 , info NCE loss:6.3912
[2024-12-24 20:14:53,484][INFO] Epoch[7/15], train B-acc: 0.5490(0.5026-0.6038), test B-acc: 0.5357(0.5000-0.6000)
[2024-12-24 20:14:53,486][INFO] Epoch[7/15], train AUC: 0.7918(0.6974-0.8681), test AUC: 0.7440(0.6178-0.8577)
[2024-12-24 20:16:39,904][INFO] Epoch[8/15], loss:1.0178, CE loss:0.4239 , info NCE loss:6.3625
[2024-12-24 20:16:39,904][INFO] Epoch[8/15], train B-acc: 0.5638(0.5120-0.6227), test B-acc: 0.5370(0.5000-0.6000)
[2024-12-24 20:16:39,904][INFO] Epoch[8/15], train AUC: 0.8088(0.7179-0.8777), test AUC: 0.7490(0.6161-0.8467)
[2024-12-24 20:18:24,866][INFO] Epoch[9/15], loss:1.0114, CE loss:0.4190 , info NCE loss:6.3428
[2024-12-24 20:18:24,867][INFO] Epoch[9/15], train B-acc: 0.5612(0.5122-0.6250), test B-acc: 0.5370(0.5000-0.6000)
[2024-12-24 20:18:24,867][INFO] Epoch[9/15], train AUC: 0.8214(0.7294-0.8856), test AUC: 0.7566(0.6374-0.8640)
[2024-12-24 20:20:10,515][INFO] Epoch[10/15], loss:1.0053, CE loss:0.4146 , info NCE loss:6.3220
[2024-12-24 20:20:10,515][INFO] Epoch[10/15], train B-acc: 0.5980(0.5384-0.6661), test B-acc: 0.5741(0.5172-0.6429)
[2024-12-24 20:20:10,515][INFO] Epoch[10/15], train AUC: 0.8313(0.7525-0.8998), test AUC: 0.7632(0.6395-0.8587)
[2024-12-24 20:21:59,698][INFO] Epoch[11/15], loss:1.0002, CE loss:0.4104 , info NCE loss:6.3087
[2024-12-24 20:21:59,698][INFO] Epoch[11/15], train B-acc: 0.6010(0.5327-0.6674), test B-acc: 0.5556(0.5000-0.6200)
[2024-12-24 20:21:59,698][INFO] Epoch[11/15], train AUC: 0.8436(0.7599-0.9068), test AUC: 0.7664(0.6439-0.8629)
[2024-12-24 20:23:51,694][INFO] Epoch[12/15], loss:0.9946, CE loss:0.4064 , info NCE loss:6.2887
[2024-12-24 20:23:51,694][INFO] Epoch[12/15], train B-acc: 0.6257(0.5587-0.7004), test B-acc: 0.5735(0.5152-0.6522)
[2024-12-24 20:23:51,694][INFO] Epoch[12/15], train AUC: 0.8539(0.7704-0.9177), test AUC: 0.7763(0.6432-0.8765)
[2024-12-24 20:25:39,381][INFO] Epoch[13/15], loss:0.9902, CE loss:0.4025 , info NCE loss:6.2794
[2024-12-24 20:25:39,381][INFO] Epoch[13/15], train B-acc: 0.6227(0.5579-0.6994), test B-acc: 0.5758(0.5167-0.6522)
[2024-12-24 20:25:39,381][INFO] Epoch[13/15], train AUC: 0.8595(0.7874-0.9173), test AUC: 0.7810(0.6610-0.8805)
[2024-12-24 20:27:26,719][INFO] Epoch[14/15], loss:0.9852, CE loss:0.3988 , info NCE loss:6.2627
[2024-12-24 20:27:26,719][INFO] Epoch[14/15], train B-acc: 0.6275(0.5581-0.7055), test B-acc: 0.5556(0.5000-0.6250)
[2024-12-24 20:27:26,719][INFO] Epoch[14/15], train AUC: 0.8680(0.7922-0.9270), test AUC: 0.7869(0.6667-0.8859)
[2024-12-24 20:29:14,439][INFO] Epoch[15/15], loss:0.9811, CE loss:0.3951 , info NCE loss:6.2546
[2024-12-24 20:29:14,439][INFO] Epoch[15/15], train B-acc: 0.6279(0.5584-0.7022), test B-acc: 0.5536(0.5000-0.6250)
[2024-12-24 20:29:14,439][INFO] Epoch[15/15], train AUC: 0.8797(0.8002-0.9342), test AUC: 0.7940(0.6759-0.8893)
