[2025-01-14 21:20:13,034][INFO] Running PROJECT: CRC-DX, P LEARNING RATE: 0.001, OPTIMIZER: ADAMW, NUM EPOCHS: 100, BATCH SIZE: 2048, DEVICES: cuda, SMOOTHING: 0.1
[2025-01-14 21:20:13,035][INFO] params["in_chans"]=[200, 16]
[2025-01-14 21:20:13,035][INFO] params["dims"]=[512, 512]
[2025-01-14 21:20:13,035][INFO] params["out_chans"]=[16, 8]
[2025-01-14 21:20:13,035][INFO] params["heads"]=[8, 4]
[2025-01-14 21:20:13,035][INFO] params["dropout"]=[0.8, 0.4, 0.4]
[2025-01-14 21:23:20,485][INFO] Epoch[1/100], loss:0.8234, CE loss:0.8234 , info NCE loss:0.0000
[2025-01-14 21:23:20,485][INFO] Epoch[1/100], train B-acc: 0.5000(0.5000-0.5000), test B-acc: 0.5000(0.5000-0.5000)
[2025-01-14 21:23:20,485][INFO] Epoch[1/100], train AUC: 0.7138(0.6200-0.8070), test AUC: 0.6223(0.4926-0.7600)
[2025-01-14 21:25:17,472][INFO] Epoch[2/100], loss:0.4926, CE loss:0.4926 , info NCE loss:0.0000
[2025-01-14 21:25:17,472][INFO] Epoch[2/100], train B-acc: 0.6333(0.5646-0.7080), test B-acc: 0.6364(0.5556-0.7200)
[2025-01-14 21:25:17,472][INFO] Epoch[2/100], train AUC: 0.7772(0.6897-0.8540), test AUC: 0.7113(0.5921-0.8208)
[2025-01-14 21:27:06,639][INFO] Epoch[3/100], loss:0.4381, CE loss:0.4381 , info NCE loss:0.0000
[2025-01-14 21:27:06,639][INFO] Epoch[3/100], train B-acc: 0.5385(0.5000-0.5893), test B-acc: 0.5000(0.5000-0.5000)
[2025-01-14 21:27:06,639][INFO] Epoch[3/100], train AUC: 0.7996(0.7134-0.8732), test AUC: 0.7139(0.5895-0.8322)
[2025-01-14 21:28:55,732][INFO] Epoch[4/100], loss:0.4192, CE loss:0.4192 , info NCE loss:0.0000
[2025-01-14 21:28:55,732][INFO] Epoch[4/100], train B-acc: 0.6250(0.5591-0.6978), test B-acc: 0.5926(0.5200-0.6750)
[2025-01-14 21:28:55,732][INFO] Epoch[4/100], train AUC: 0.8279(0.7465-0.8925), test AUC: 0.7431(0.6113-0.8509)
[2025-01-14 21:30:55,488][INFO] Epoch[5/100], loss:0.4075, CE loss:0.4075 , info NCE loss:0.0000
[2025-01-14 21:30:55,488][INFO] Epoch[5/100], train B-acc: 0.6013(0.5357-0.6689), test B-acc: 0.5938(0.5238-0.6750)
[2025-01-14 21:30:55,488][INFO] Epoch[5/100], train AUC: 0.8535(0.7726-0.9115), test AUC: 0.7599(0.6388-0.8650)
[2025-01-14 21:32:44,447][INFO] Epoch[6/100], loss:0.3985, CE loss:0.3985 , info NCE loss:0.0000
[2025-01-14 21:32:44,447][INFO] Epoch[6/100], train B-acc: 0.6286(0.5602-0.6978), test B-acc: 0.5952(0.5250-0.6786)
[2025-01-14 21:32:44,447][INFO] Epoch[6/100], train AUC: 0.8724(0.7978-0.9263), test AUC: 0.7812(0.6700-0.8762)
[2025-01-14 21:34:32,860][INFO] Epoch[7/100], loss:0.3897, CE loss:0.3897 , info NCE loss:0.0000
[2025-01-14 21:34:32,860][INFO] Epoch[7/100], train B-acc: 0.6406(0.5713-0.7184), test B-acc: 0.5926(0.5238-0.6818)
[2025-01-14 21:34:32,860][INFO] Epoch[7/100], train AUC: 0.8867(0.8152-0.9408), test AUC: 0.7977(0.6807-0.8935)
[2025-01-14 21:36:17,527][INFO] Epoch[8/100], loss:0.3815, CE loss:0.3815 , info NCE loss:0.0000
[2025-01-14 21:36:17,528][INFO] Epoch[8/100], train B-acc: 0.6943(0.6145-0.7756), test B-acc: 0.6154(0.5417-0.7069)
[2025-01-14 21:36:17,528][INFO] Epoch[8/100], train AUC: 0.9011(0.8279-0.9527), test AUC: 0.8095(0.6999-0.9014)
[2025-01-14 21:38:03,299][INFO] Epoch[9/100], loss:0.3737, CE loss:0.3737 , info NCE loss:0.0000
[2025-01-14 21:38:03,299][INFO] Epoch[9/100], train B-acc: 0.7038(0.6294-0.7866), test B-acc: 0.6346(0.5556-0.7292)
[2025-01-14 21:38:03,300][INFO] Epoch[9/100], train AUC: 0.9143(0.8499-0.9622), test AUC: 0.8228(0.7135-0.9112)
[2025-01-14 21:39:48,529][INFO] Epoch[10/100], loss:0.3650, CE loss:0.3650 , info NCE loss:0.0000
[2025-01-14 21:39:48,530][INFO] Epoch[10/100], train B-acc: 0.7174(0.6396-0.7996), test B-acc: 0.6724(0.5769-0.7679)
[2025-01-14 21:39:48,530][INFO] Epoch[10/100], train AUC: 0.9262(0.8599-0.9711), test AUC: 0.8298(0.7173-0.9242)
[2025-01-14 21:41:33,296][INFO] Epoch[11/100], loss:0.3570, CE loss:0.3570 , info NCE loss:0.0000
[2025-01-14 21:41:33,296][INFO] Epoch[11/100], train B-acc: 0.7576(0.6761-0.8371), test B-acc: 0.7115(0.6154-0.8125)
[2025-01-14 21:41:33,297][INFO] Epoch[11/100], train AUC: 0.9353(0.8768-0.9754), test AUC: 0.8373(0.7179-0.9215)
[2025-01-14 21:43:18,456][INFO] Epoch[12/100], loss:0.3494, CE loss:0.3494 , info NCE loss:0.0000
[2025-01-14 21:43:18,457][INFO] Epoch[12/100], train B-acc: 0.7590(0.6797-0.8330), test B-acc: 0.7083(0.6111-0.8125)
[2025-01-14 21:43:18,458][INFO] Epoch[12/100], train AUC: 0.9467(0.8866-0.9814), test AUC: 0.8459(0.7378-0.9280)
[2025-01-14 21:47:02,474][INFO] Epoch[13/100], loss:0.3427, CE loss:0.3427 , info NCE loss:0.0000
[2025-01-14 21:47:02,474][INFO] Epoch[13/100], train B-acc: 0.8320(0.7588-0.8988), test B-acc: 0.7524(0.6513-0.8438)
[2025-01-14 21:47:02,475][INFO] Epoch[13/100], train AUC: 0.9557(0.9066-0.9844), test AUC: 0.8499(0.7471-0.9323)
[2025-01-14 21:48:48,560][INFO] Epoch[14/100], loss:0.3359, CE loss:0.3359 , info NCE loss:0.0000
[2025-01-14 21:48:48,560][INFO] Epoch[14/100], train B-acc: 0.8346(0.7566-0.9052), test B-acc: 0.7566(0.6625-0.8508)
[2025-01-14 21:48:48,561][INFO] Epoch[14/100], train AUC: 0.9646(0.9226-0.9894), test AUC: 0.8527(0.7450-0.9337)
[2025-01-14 21:50:35,149][INFO] Epoch[15/100], loss:0.3272, CE loss:0.3272 , info NCE loss:0.0000
[2025-01-14 21:50:35,149][INFO] Epoch[15/100], train B-acc: 0.8370(0.7594-0.9033), test B-acc: 0.7600(0.6538-0.8561)
[2025-01-14 21:50:35,150][INFO] Epoch[15/100], train AUC: 0.9695(0.9293-0.9920), test AUC: 0.8564(0.7461-0.9376)
[2025-01-14 21:52:20,183][INFO] Epoch[16/100], loss:0.3209, CE loss:0.3209 , info NCE loss:0.0000
[2025-01-14 21:52:20,184][INFO] Epoch[16/100], train B-acc: 0.9018(0.8339-0.9579), test B-acc: 0.7779(0.6784-0.8695)
[2025-01-14 21:52:20,184][INFO] Epoch[16/100], train AUC: 0.9764(0.9371-0.9950), test AUC: 0.8546(0.7452-0.9356)
[2025-01-14 21:53:58,596][INFO] Epoch[17/100], loss:0.3179, CE loss:0.3179 , info NCE loss:0.0000
[2025-01-14 21:53:58,596][INFO] Epoch[17/100], train B-acc: 0.9479(0.8987-0.9864), test B-acc: 0.8015(0.6908-0.8902)
[2025-01-14 21:53:58,596][INFO] Epoch[17/100], train AUC: 0.9814(0.9522-0.9971), test AUC: 0.8571(0.7467-0.9335)
[2025-01-14 21:55:36,624][INFO] Epoch[18/100], loss:0.3104, CE loss:0.3104 , info NCE loss:0.0000
[2025-01-14 21:55:36,625][INFO] Epoch[18/100], train B-acc: 0.8882(0.8175-0.9465), test B-acc: 0.7892(0.6952-0.8820)
[2025-01-14 21:55:36,625][INFO] Epoch[18/100], train AUC: 0.9840(0.9588-0.9979), test AUC: 0.8543(0.7431-0.9413)
[2025-01-14 21:57:10,659][INFO] Epoch[19/100], loss:0.3063, CE loss:0.3063 , info NCE loss:0.0000
[2025-01-14 21:57:10,659][INFO] Epoch[19/100], train B-acc: 0.9279(0.8671-0.9745), test B-acc: 0.7937(0.7000-0.8921)
[2025-01-14 21:57:10,660][INFO] Epoch[19/100], train AUC: 0.9869(0.9678-0.9981), test AUC: 0.8517(0.7473-0.9378)
[2025-01-14 21:58:54,821][INFO] Epoch[20/100], loss:0.2970, CE loss:0.2970 , info NCE loss:0.0000
[2025-01-14 21:58:54,823][INFO] Epoch[20/100], train B-acc: 0.9271(0.8671-0.9758), test B-acc: 0.7954(0.6974-0.8865)
[2025-01-14 21:58:54,823][INFO] Epoch[20/100], train AUC: 0.9890(0.9724-0.9986), test AUC: 0.8558(0.7512-0.9380)
[2025-01-14 22:00:41,481][INFO] Epoch[21/100], loss:0.2923, CE loss:0.2923 , info NCE loss:0.0000
[2025-01-14 22:00:41,482][INFO] Epoch[21/100], train B-acc: 0.9526(0.9053-0.9910), test B-acc: 0.7933(0.7000-0.8857)
[2025-01-14 22:00:41,482][INFO] Epoch[21/100], train AUC: 0.9909(0.9769-0.9988), test AUC: 0.8498(0.7398-0.9373)
[2025-01-14 22:02:35,529][INFO] Epoch[22/100], loss:0.2875, CE loss:0.2875 , info NCE loss:0.0000
[2025-01-14 22:02:35,530][INFO] Epoch[22/100], train B-acc: 0.9646(0.9199-0.9935), test B-acc: 0.7810(0.6829-0.8770)
[2025-01-14 22:02:35,530][INFO] Epoch[22/100], train AUC: 0.9929(0.9814-0.9989), test AUC: 0.8564(0.7484-0.9412)
[2025-01-14 22:04:21,741][INFO] Epoch[23/100], loss:0.2821, CE loss:0.2821 , info NCE loss:0.0000
[2025-01-14 22:04:21,741][INFO] Epoch[23/100], train B-acc: 0.9744(0.9382-0.9932), test B-acc: 0.7923(0.6952-0.8828)
[2025-01-14 22:04:21,741][INFO] Epoch[23/100], train AUC: 0.9945(0.9858-0.9991), test AUC: 0.8560(0.7475-0.9407)
[2025-01-14 22:06:07,926][INFO] Epoch[24/100], loss:0.2930, CE loss:0.2930 , info NCE loss:0.0000
[2025-01-14 22:06:07,926][INFO] Epoch[24/100], train B-acc: 0.9546(0.9073-0.9930), test B-acc: 0.7933(0.6888-0.8869)
[2025-01-14 22:06:07,927][INFO] Epoch[24/100], train AUC: 0.9951(0.9883-0.9993), test AUC: 0.8523(0.7436-0.9345)
[2025-01-14 22:07:53,221][INFO] Epoch[25/100], loss:0.2794, CE loss:0.2794 , info NCE loss:0.0000
[2025-01-14 22:07:53,221][INFO] Epoch[25/100], train B-acc: 0.9770(0.9469-0.9955), test B-acc: 0.7955(0.6930-0.8867)
[2025-01-14 22:07:53,221][INFO] Epoch[25/100], train AUC: 0.9960(0.9897-0.9994), test AUC: 0.8572(0.7560-0.9361)
[2025-01-14 22:09:38,002][INFO] Epoch[26/100], loss:0.2712, CE loss:0.2712 , info NCE loss:0.0000
[2025-01-14 22:09:38,002][INFO] Epoch[26/100], train B-acc: 0.9773(0.9435-0.9955), test B-acc: 0.7921(0.6830-0.8883)
[2025-01-14 22:09:38,003][INFO] Epoch[26/100], train AUC: 0.9967(0.9914-0.9994), test AUC: 0.8520(0.7405-0.9435)
[2025-01-14 22:11:23,804][INFO] Epoch[27/100], loss:0.2672, CE loss:0.2672 , info NCE loss:0.0000
[2025-01-14 22:11:23,805][INFO] Epoch[27/100], train B-acc: 0.9797(0.9490-0.9977), test B-acc: 0.7885(0.6923-0.8806)
[2025-01-14 22:11:23,805][INFO] Epoch[27/100], train AUC: 0.9970(0.9919-0.9995), test AUC: 0.8543(0.7436-0.9375)
[2025-01-14 22:13:08,300][INFO] Epoch[28/100], loss:0.3132, CE loss:0.3132 , info NCE loss:0.0000
[2025-01-14 22:13:08,301][INFO] Epoch[28/100], train B-acc: 0.9408(0.8841-0.9842), test B-acc: 0.7634(0.6567-0.8567)
[2025-01-14 22:13:08,301][INFO] Epoch[28/100], train AUC: 0.9961(0.9899-0.9993), test AUC: 0.8549(0.7374-0.9373)
[2025-01-14 22:14:48,508][INFO] Epoch[29/100], loss:0.2934, CE loss:0.2934 , info NCE loss:0.0000
[2025-01-14 22:14:48,508][INFO] Epoch[29/100], train B-acc: 0.9527(0.9315-0.9707), test B-acc: 0.7562(0.6653-0.8438)
[2025-01-14 22:14:48,508][INFO] Epoch[29/100], train AUC: 0.9971(0.9923-0.9995), test AUC: 0.8524(0.7431-0.9360)
[2025-01-14 22:16:31,792][INFO] Epoch[30/100], loss:0.2669, CE loss:0.2669 , info NCE loss:0.0000
[2025-01-14 22:16:31,792][INFO] Epoch[30/100], train B-acc: 0.9843(0.9711-0.9953), test B-acc: 0.7846(0.6813-0.8786)
[2025-01-14 22:16:31,792][INFO] Epoch[30/100], train AUC: 0.9967(0.9914-0.9996), test AUC: 0.8491(0.7410-0.9364)
[2025-01-14 22:18:13,700][INFO] Epoch[31/100], loss:0.2600, CE loss:0.2600 , info NCE loss:0.0000
[2025-01-14 22:18:13,701][INFO] Epoch[31/100], train B-acc: 0.9842(0.9714-0.9952), test B-acc: 0.7824(0.6832-0.8687)
[2025-01-14 22:18:13,701][INFO] Epoch[31/100], train AUC: 0.9974(0.9922-0.9997), test AUC: 0.8519(0.7427-0.9376)
[2025-01-14 22:19:59,800][INFO] Epoch[32/100], loss:0.2580, CE loss:0.2580 , info NCE loss:0.0000
[2025-01-14 22:19:59,800][INFO] Epoch[32/100], train B-acc: 0.9844(0.9711-0.9954), test B-acc: 0.7755(0.6824-0.8651)
[2025-01-14 22:19:59,800][INFO] Epoch[32/100], train AUC: 0.9970(0.9918-0.9996), test AUC: 0.8478(0.7445-0.9311)
[2025-01-14 22:21:38,874][INFO] Epoch[33/100], loss:0.2562, CE loss:0.2562 , info NCE loss:0.0000
[2025-01-14 22:21:38,876][INFO] Epoch[33/100], train B-acc: 0.9703(0.9543-0.9842), test B-acc: 0.7708(0.6730-0.8649)
[2025-01-14 22:21:38,876][INFO] Epoch[33/100], train AUC: 0.9967(0.9910-0.9995), test AUC: 0.8515(0.7335-0.9356)
[2025-01-14 22:23:18,353][INFO] Epoch[34/100], loss:0.2579, CE loss:0.2579 , info NCE loss:0.0000
[2025-01-14 22:23:18,354][INFO] Epoch[34/100], train B-acc: 0.9843(0.9717-0.9953), test B-acc: 0.7697(0.6730-0.8590)
[2025-01-14 22:23:18,354][INFO] Epoch[34/100], train AUC: 0.9969(0.9919-0.9997), test AUC: 0.8497(0.7485-0.9354)
[2025-01-14 22:25:00,038][INFO] Epoch[35/100], loss:0.2569, CE loss:0.2569 , info NCE loss:0.0000
[2025-01-14 22:25:00,038][INFO] Epoch[35/100], train B-acc: 0.9864(0.9745-0.9955), test B-acc: 0.7697(0.6634-0.8668)
[2025-01-14 22:25:00,038][INFO] Epoch[35/100], train AUC: 0.9957(0.9886-0.9996), test AUC: 0.8439(0.7317-0.9294)
[2025-01-14 22:26:39,179][INFO] Epoch[36/100], loss:0.2517, CE loss:0.2517 , info NCE loss:0.0000
[2025-01-14 22:26:39,179][INFO] Epoch[36/100], train B-acc: 0.9864(0.9743-0.9956), test B-acc: 0.7829(0.6797-0.8721)
[2025-01-14 22:26:39,180][INFO] Epoch[36/100], train AUC: 0.9961(0.9892-0.9997), test AUC: 0.8454(0.7361-0.9254)
[2025-01-14 22:28:17,657][INFO] Epoch[37/100], loss:0.2487, CE loss:0.2487 , info NCE loss:0.0000
[2025-01-14 22:28:17,667][INFO] Epoch[37/100], train B-acc: 0.9864(0.9753-0.9956), test B-acc: 0.7843(0.6852-0.8716)
[2025-01-14 22:28:17,667][INFO] Epoch[37/100], train AUC: 0.9967(0.9907-0.9996), test AUC: 0.8418(0.7397-0.9282)
[2025-01-14 22:29:58,089][INFO] Epoch[38/100], loss:0.2479, CE loss:0.2479 , info NCE loss:0.0000
[2025-01-14 22:29:58,089][INFO] Epoch[38/100], train B-acc: 0.9865(0.9747-0.9955), test B-acc: 0.7998(0.6915-0.8872)
[2025-01-14 22:29:58,089][INFO] Epoch[38/100], train AUC: 0.9964(0.9896-0.9996), test AUC: 0.8413(0.7282-0.9301)
[2025-01-14 22:31:37,523][INFO] Epoch[39/100], loss:0.2474, CE loss:0.2474 , info NCE loss:0.0000
[2025-01-14 22:31:37,524][INFO] Epoch[39/100], train B-acc: 0.9821(0.9676-0.9931), test B-acc: 0.7718(0.6716-0.8623)
[2025-01-14 22:31:37,524][INFO] Epoch[39/100], train AUC: 0.9970(0.9912-0.9998), test AUC: 0.8395(0.7285-0.9296)
[2025-01-14 22:33:16,693][INFO] Epoch[40/100], loss:0.2445, CE loss:0.2445 , info NCE loss:0.0000
[2025-01-14 22:33:16,694][INFO] Epoch[40/100], train B-acc: 0.9821(0.9680-0.9933), test B-acc: 0.7698(0.6796-0.8600)
[2025-01-14 22:33:16,694][INFO] Epoch[40/100], train AUC: 0.9971(0.9919-1.0000), test AUC: 0.8366(0.7345-0.9258)
[2025-01-14 22:34:55,250][INFO] Epoch[41/100], loss:0.2439, CE loss:0.2439 , info NCE loss:0.0000
[2025-01-14 22:34:55,250][INFO] Epoch[41/100], train B-acc: 0.9774(0.9636-0.9907), test B-acc: 0.7708(0.6745-0.8564)
[2025-01-14 22:34:55,251][INFO] Epoch[41/100], train AUC: 0.9962(0.9899-1.0000), test AUC: 0.8386(0.7420-0.9226)
[2025-01-14 22:36:34,021][INFO] Epoch[42/100], loss:0.2451, CE loss:0.2451 , info NCE loss:0.0000
[2025-01-14 22:36:34,022][INFO] Epoch[42/100], train B-acc: 0.9844(0.9710-0.9953), test B-acc: 0.7500(0.6442-0.8485)
[2025-01-14 22:36:34,022][INFO] Epoch[42/100], train AUC: 0.9964(0.9899-1.0000), test AUC: 0.8374(0.7307-0.9219)
[2025-01-14 22:38:12,822][INFO] Epoch[43/100], loss:0.3309, CE loss:0.3309 , info NCE loss:0.0000
[2025-01-14 22:38:12,822][INFO] Epoch[43/100], train B-acc: 0.9842(0.9724-0.9934), test B-acc: 0.7712(0.6855-0.8584)
[2025-01-14 22:38:12,822][INFO] Epoch[43/100], train AUC: 0.9981(0.9940-1.0000), test AUC: 0.8497(0.7495-0.9278)
[2025-01-14 22:39:51,700][INFO] Epoch[44/100], loss:0.2852, CE loss:0.2852 , info NCE loss:0.0000
[2025-01-14 22:39:51,700][INFO] Epoch[44/100], train B-acc: 0.9751(0.9593-0.9885), test B-acc: 0.7390(0.6346-0.8314)
[2025-01-14 22:39:51,700][INFO] Epoch[44/100], train AUC: 0.9980(0.9938-1.0000), test AUC: 0.8421(0.7292-0.9312)
[2025-01-14 22:41:30,882][INFO] Epoch[45/100], loss:0.2518, CE loss:0.2518 , info NCE loss:0.0000
[2025-01-14 22:41:30,883][INFO] Epoch[45/100], train B-acc: 0.9865(0.9742-0.9955), test B-acc: 0.7800(0.6741-0.8613)
[2025-01-14 22:41:30,883][INFO] Epoch[45/100], train AUC: 0.9970(0.9910-1.0000), test AUC: 0.8408(0.7327-0.9238)
[2025-01-14 22:43:11,466][INFO] Epoch[46/100], loss:0.2446, CE loss:0.2446 , info NCE loss:0.0000
[2025-01-14 22:43:11,467][INFO] Epoch[46/100], train B-acc: 0.9821(0.9679-0.9931), test B-acc: 0.7654(0.6577-0.8562)
[2025-01-14 22:43:11,467][INFO] Epoch[46/100], train AUC: 0.9970(0.9912-1.0000), test AUC: 0.8374(0.7351-0.9265)
[2025-01-14 22:44:54,743][INFO] Epoch[47/100], loss:0.2403, CE loss:0.2403 , info NCE loss:0.0000
[2025-01-14 22:44:54,744][INFO] Epoch[47/100], train B-acc: 0.9758(0.9596-0.9886), test B-acc: 0.7560(0.6625-0.8498)
[2025-01-14 22:44:54,744][INFO] Epoch[47/100], train AUC: 0.9971(0.9915-1.0000), test AUC: 0.8366(0.7348-0.9179)
[2025-01-14 22:46:39,567][INFO] Epoch[48/100], loss:0.2399, CE loss:0.2399 , info NCE loss:0.0000
[2025-01-14 22:46:39,567][INFO] Epoch[48/100], train B-acc: 0.9865(0.9732-0.9956), test B-acc: 0.7711(0.6677-0.8648)
[2025-01-14 22:46:39,567][INFO] Epoch[48/100], train AUC: 0.9957(0.9880-1.0000), test AUC: 0.8337(0.7307-0.9161)
[2025-01-14 22:48:26,496][INFO] Epoch[49/100], loss:0.2400, CE loss:0.2400 , info NCE loss:0.0000
[2025-01-14 22:48:26,496][INFO] Epoch[49/100], train B-acc: 0.9707(0.9552-0.9858), test B-acc: 0.7589(0.6562-0.8448)
[2025-01-14 22:48:26,497][INFO] Epoch[49/100], train AUC: 0.9969(0.9912-1.0000), test AUC: 0.8312(0.7228-0.9167)
[2025-01-14 22:50:04,170][INFO] Epoch[50/100], loss:0.2385, CE loss:0.2385 , info NCE loss:0.0000
[2025-01-14 22:50:04,170][INFO] Epoch[50/100], train B-acc: 0.9797(0.9653-0.9910), test B-acc: 0.7370(0.6375-0.8331)
[2025-01-14 22:50:04,170][INFO] Epoch[50/100], train AUC: 0.9966(0.9909-1.0000), test AUC: 0.8298(0.7296-0.9179)
[2025-01-14 22:51:38,466][INFO] Epoch[51/100], loss:0.2379, CE loss:0.2379 , info NCE loss:0.0000
[2025-01-14 22:51:38,466][INFO] Epoch[51/100], train B-acc: 0.9726(0.9558-0.9860), test B-acc: 0.7552(0.6526-0.8417)
[2025-01-14 22:51:38,468][INFO] Epoch[51/100], train AUC: 0.9968(0.9912-1.0000), test AUC: 0.8295(0.7193-0.9103)
[2025-01-14 22:53:13,758][INFO] Epoch[52/100], loss:0.2354, CE loss:0.2354 , info NCE loss:0.0000
[2025-01-14 22:53:13,758][INFO] Epoch[52/100], train B-acc: 0.9732(0.9581-0.9865), test B-acc: 0.7252(0.6200-0.8222)
[2025-01-14 22:53:13,758][INFO] Epoch[52/100], train AUC: 0.9968(0.9904-1.0000), test AUC: 0.8293(0.7222-0.9205)
[2025-01-14 22:54:47,409][INFO] Epoch[53/100], loss:0.2343, CE loss:0.2343 , info NCE loss:0.0000
[2025-01-14 22:54:47,409][INFO] Epoch[53/100], train B-acc: 0.9729(0.9560-0.9865), test B-acc: 0.7169(0.6111-0.8114)
[2025-01-14 22:54:47,409][INFO] Epoch[53/100], train AUC: 0.9968(0.9911-1.0000), test AUC: 0.8276(0.7237-0.9095)
[2025-01-14 22:56:20,772][INFO] Epoch[54/100], loss:0.2345, CE loss:0.2345 , info NCE loss:0.0000
[2025-01-14 22:56:20,772][INFO] Epoch[54/100], train B-acc: 0.9753(0.9601-0.9885), test B-acc: 0.7302(0.6243-0.8301)
[2025-01-14 22:56:20,772][INFO] Epoch[54/100], train AUC: 0.9968(0.9906-1.0000), test AUC: 0.8259(0.7177-0.9182)
[2025-01-14 22:57:55,723][INFO] Epoch[55/100], loss:0.2342, CE loss:0.2342 , info NCE loss:0.0000
[2025-01-14 22:57:55,724][INFO] Epoch[55/100], train B-acc: 0.9777(0.9628-0.9907), test B-acc: 0.7467(0.6401-0.8420)
[2025-01-14 22:57:55,724][INFO] Epoch[55/100], train AUC: 0.9962(0.9889-1.0000), test AUC: 0.8271(0.7125-0.9140)
[2025-01-14 22:59:48,391][INFO] Epoch[56/100], loss:0.2334, CE loss:0.2334 , info NCE loss:0.0000
[2025-01-14 22:59:48,392][INFO] Epoch[56/100], train B-acc: 0.9731(0.9554-0.9867), test B-acc: 0.7244(0.6268-0.8214)
[2025-01-14 22:59:48,392][INFO] Epoch[56/100], train AUC: 0.9969(0.9908-1.0000), test AUC: 0.8246(0.7193-0.9114)
[2025-01-14 23:01:24,428][INFO] Epoch[57/100], loss:0.2331, CE loss:0.2331 , info NCE loss:0.0000
[2025-01-14 23:01:24,428][INFO] Epoch[57/100], train B-acc: 0.9729(0.9572-0.9867), test B-acc: 0.7389(0.6467-0.8284)
[2025-01-14 23:01:24,428][INFO] Epoch[57/100], train AUC: 0.9970(0.9913-1.0000), test AUC: 0.8305(0.7242-0.9150)
[2025-01-14 23:03:02,688][INFO] Epoch[58/100], loss:0.2327, CE loss:0.2327 , info NCE loss:0.0000
[2025-01-14 23:03:02,688][INFO] Epoch[58/100], train B-acc: 0.9795(0.9657-0.9930), test B-acc: 0.7566(0.6498-0.8481)
[2025-01-14 23:03:02,690][INFO] Epoch[58/100], train AUC: 0.9965(0.9902-1.0000), test AUC: 0.8311(0.7251-0.9150)
[2025-01-14 23:04:36,345][INFO] Epoch[59/100], loss:0.2362, CE loss:0.2362 , info NCE loss:0.0000
[2025-01-14 23:04:36,346][INFO] Epoch[59/100], train B-acc: 0.9752(0.9598-0.9883), test B-acc: 0.7439(0.6393-0.8389)
[2025-01-14 23:04:36,346][INFO] Epoch[59/100], train AUC: 0.9975(0.9925-1.0000), test AUC: 0.8265(0.7191-0.9147)
[2025-01-14 23:06:09,791][INFO] Epoch[60/100], loss:0.2340, CE loss:0.2340 , info NCE loss:0.0000
[2025-01-14 23:06:09,791][INFO] Epoch[60/100], train B-acc: 0.9725(0.9574-0.9865), test B-acc: 0.7250(0.6162-0.8175)
[2025-01-14 23:06:09,791][INFO] Epoch[60/100], train AUC: 0.9977(0.9928-1.0000), test AUC: 0.8272(0.7158-0.9112)
[2025-01-14 23:07:44,171][INFO] Epoch[61/100], loss:0.2305, CE loss:0.2305 , info NCE loss:0.0000
[2025-01-14 23:07:44,172][INFO] Epoch[61/100], train B-acc: 0.9731(0.9566-0.9866), test B-acc: 0.7389(0.6388-0.8272)
[2025-01-14 23:07:44,172][INFO] Epoch[61/100], train AUC: 0.9980(0.9927-1.0000), test AUC: 0.8261(0.7195-0.9137)
[2025-01-14 23:09:25,728][INFO] Epoch[62/100], loss:0.2310, CE loss:0.2310 , info NCE loss:0.0000
[2025-01-14 23:09:25,728][INFO] Epoch[62/100], train B-acc: 0.9729(0.9576-0.9866), test B-acc: 0.7390(0.6271-0.8388)
[2025-01-14 23:09:25,728][INFO] Epoch[62/100], train AUC: 0.9979(0.9928-1.0000), test AUC: 0.8254(0.7096-0.9114)
[2025-01-14 23:11:11,310][INFO] Epoch[63/100], loss:0.2327, CE loss:0.2327 , info NCE loss:0.0000
[2025-01-14 23:11:11,310][INFO] Epoch[63/100], train B-acc: 0.9730(0.9558-0.9864), test B-acc: 0.7400(0.6359-0.8268)
[2025-01-14 23:11:11,311][INFO] Epoch[63/100], train AUC: 0.9977(0.9926-1.0000), test AUC: 0.8274(0.7194-0.9076)
[2025-01-14 23:12:56,121][INFO] Epoch[64/100], loss:0.2321, CE loss:0.2321 , info NCE loss:0.0000
[2025-01-14 23:12:56,122][INFO] Epoch[64/100], train B-acc: 0.9709(0.9537-0.9844), test B-acc: 0.7445(0.6445-0.8284)
[2025-01-14 23:12:56,122][INFO] Epoch[64/100], train AUC: 0.9979(0.9927-1.0000), test AUC: 0.8268(0.7164-0.9112)
[2025-01-14 23:14:42,050][INFO] Epoch[65/100], loss:0.2295, CE loss:0.2295 , info NCE loss:0.0000
[2025-01-14 23:14:42,051][INFO] Epoch[65/100], train B-acc: 0.9729(0.9580-0.9865), test B-acc: 0.7370(0.6375-0.8333)
[2025-01-14 23:14:42,051][INFO] Epoch[65/100], train AUC: 0.9979(0.9926-1.0000), test AUC: 0.8228(0.7257-0.9117)
[2025-01-14 23:16:25,743][INFO] Epoch[66/100], loss:0.2288, CE loss:0.2288 , info NCE loss:0.0000
[2025-01-14 23:16:25,744][INFO] Epoch[66/100], train B-acc: 0.9731(0.9559-0.9866), test B-acc: 0.7453(0.6462-0.8363)
[2025-01-14 23:16:25,744][INFO] Epoch[66/100], train AUC: 0.9980(0.9930-1.0000), test AUC: 0.8227(0.7171-0.9070)
[2025-01-14 23:18:06,799][INFO] Epoch[67/100], loss:0.2291, CE loss:0.2291 , info NCE loss:0.0000
[2025-01-14 23:18:06,800][INFO] Epoch[67/100], train B-acc: 0.9757(0.9595-0.9887), test B-acc: 0.7445(0.6429-0.8288)
[2025-01-14 23:18:06,800][INFO] Epoch[67/100], train AUC: 0.9978(0.9928-1.0000), test AUC: 0.8228(0.7183-0.9097)
[2025-01-14 23:19:47,657][INFO] Epoch[68/100], loss:0.2282, CE loss:0.2282 , info NCE loss:0.0000
[2025-01-14 23:19:47,658][INFO] Epoch[68/100], train B-acc: 0.9716(0.9539-0.9842), test B-acc: 0.7267(0.6224-0.8209)
[2025-01-14 23:19:47,658][INFO] Epoch[68/100], train AUC: 0.9980(0.9931-1.0000), test AUC: 0.8232(0.7256-0.9062)
[2025-01-14 23:21:28,347][INFO] Epoch[69/100], loss:0.2295, CE loss:0.2295 , info NCE loss:0.0000
[2025-01-14 23:21:28,347][INFO] Epoch[69/100], train B-acc: 0.9709(0.9537-0.9859), test B-acc: 0.7643(0.6655-0.8467)
[2025-01-14 23:21:28,347][INFO] Epoch[69/100], train AUC: 0.9980(0.9935-1.0000), test AUC: 0.8234(0.7205-0.9106)
[2025-01-14 23:23:08,483][INFO] Epoch[70/100], loss:0.2275, CE loss:0.2275 , info NCE loss:0.0000
[2025-01-14 23:23:08,483][INFO] Epoch[70/100], train B-acc: 0.9709(0.9541-0.9855), test B-acc: 0.7434(0.6405-0.8349)
[2025-01-14 23:23:08,484][INFO] Epoch[70/100], train AUC: 0.9980(0.9937-1.0000), test AUC: 0.8246(0.7106-0.9051)
[2025-01-14 23:24:43,210][INFO] Epoch[71/100], loss:0.2274, CE loss:0.2274 , info NCE loss:0.0000
[2025-01-14 23:24:43,210][INFO] Epoch[71/100], train B-acc: 0.9751(0.9601-0.9884), test B-acc: 0.7448(0.6365-0.8351)
[2025-01-14 23:24:43,210][INFO] Epoch[71/100], train AUC: 0.9979(0.9933-1.0000), test AUC: 0.8170(0.7150-0.9073)
[2025-01-14 23:26:15,906][INFO] Epoch[72/100], loss:0.2276, CE loss:0.2276 , info NCE loss:0.0000
[2025-01-14 23:26:15,906][INFO] Epoch[72/100], train B-acc: 0.9705(0.9543-0.9853), test B-acc: 0.7418(0.6333-0.8369)
[2025-01-14 23:26:15,908][INFO] Epoch[72/100], train AUC: 0.9981(0.9932-1.0000), test AUC: 0.8213(0.7078-0.9080)
[2025-01-14 23:27:49,100][INFO] Epoch[73/100], loss:0.2264, CE loss:0.2264 , info NCE loss:0.0000
[2025-01-14 23:27:49,100][INFO] Epoch[73/100], train B-acc: 0.9706(0.9541-0.9843), test B-acc: 0.7451(0.6388-0.8429)
[2025-01-14 23:27:49,101][INFO] Epoch[73/100], train AUC: 0.9981(0.9931-1.0000), test AUC: 0.8170(0.7088-0.9068)
[2025-01-14 23:29:23,772][INFO] Epoch[74/100], loss:0.2259, CE loss:0.2259 , info NCE loss:0.0000
[2025-01-14 23:29:23,782][INFO] Epoch[74/100], train B-acc: 0.9685(0.9509-0.9825), test B-acc: 0.7405(0.6358-0.8300)
[2025-01-14 23:29:23,783][INFO] Epoch[74/100], train AUC: 0.9981(0.9939-1.0000), test AUC: 0.8219(0.7169-0.9090)
[2025-01-14 23:30:55,803][INFO] Epoch[75/100], loss:0.2293, CE loss:0.2293 , info NCE loss:0.0000
[2025-01-14 23:30:55,804][INFO] Epoch[75/100], train B-acc: 0.9668(0.9502-0.9817), test B-acc: 0.7455(0.6469-0.8344)
[2025-01-14 23:30:55,804][INFO] Epoch[75/100], train AUC: 0.9983(0.9938-1.0000), test AUC: 0.8165(0.7144-0.9038)
[2025-01-14 23:32:28,201][INFO] Epoch[76/100], loss:0.2259, CE loss:0.2259 , info NCE loss:0.0000
[2025-01-14 23:32:28,201][INFO] Epoch[76/100], train B-acc: 0.9682(0.9512-0.9836), test B-acc: 0.7500(0.6562-0.8420)
[2025-01-14 23:32:28,201][INFO] Epoch[76/100], train AUC: 0.9981(0.9935-1.0000), test AUC: 0.8216(0.7203-0.9057)
[2025-01-14 23:34:03,844][INFO] Epoch[77/100], loss:0.2280, CE loss:0.2280 , info NCE loss:0.0000
[2025-01-14 23:34:03,845][INFO] Epoch[77/100], train B-acc: 0.9709(0.9529-0.9841), test B-acc: 0.7500(0.6503-0.8429)
[2025-01-14 23:34:03,845][INFO] Epoch[77/100], train AUC: 0.9982(0.9935-1.0000), test AUC: 0.8199(0.7165-0.9018)
[2025-01-14 23:35:35,504][INFO] Epoch[78/100], loss:0.2268, CE loss:0.2268 , info NCE loss:0.0000
[2025-01-14 23:35:35,504][INFO] Epoch[78/100], train B-acc: 0.9751(0.9587-0.9886), test B-acc: 0.7448(0.6355-0.8422)
[2025-01-14 23:35:35,504][INFO] Epoch[78/100], train AUC: 0.9983(0.9942-1.0000), test AUC: 0.8184(0.7101-0.8997)
[2025-01-14 23:37:07,172][INFO] Epoch[79/100], loss:0.2258, CE loss:0.2258 , info NCE loss:0.0000
[2025-01-14 23:37:07,172][INFO] Epoch[79/100], train B-acc: 0.9800(0.9665-0.9911), test B-acc: 0.7570(0.6500-0.8522)
[2025-01-14 23:37:07,174][INFO] Epoch[79/100], train AUC: 0.9979(0.9933-1.0000), test AUC: 0.8204(0.7108-0.9058)
[2025-01-14 23:38:38,364][INFO] Epoch[80/100], loss:0.2267, CE loss:0.2267 , info NCE loss:0.0000
[2025-01-14 23:38:38,365][INFO] Epoch[80/100], train B-acc: 0.9686(0.9505-0.9826), test B-acc: 0.7438(0.6382-0.8388)
[2025-01-14 23:38:38,365][INFO] Epoch[80/100], train AUC: 0.9986(0.9953-1.0000), test AUC: 0.8189(0.7160-0.9042)
[2025-01-14 23:40:09,551][INFO] Epoch[81/100], loss:0.2249, CE loss:0.2249 , info NCE loss:0.0000
[2025-01-14 23:40:09,551][INFO] Epoch[81/100], train B-acc: 0.9665(0.9491-0.9810), test B-acc: 0.7551(0.6631-0.8400)
[2025-01-14 23:40:09,552][INFO] Epoch[81/100], train AUC: 0.9989(0.9954-1.0000), test AUC: 0.8193(0.7175-0.9033)
[2025-01-14 23:41:40,342][INFO] Epoch[82/100], loss:0.2269, CE loss:0.2269 , info NCE loss:0.0000
[2025-01-14 23:41:40,342][INFO] Epoch[82/100], train B-acc: 0.9844(0.9725-0.9953), test B-acc: 0.7600(0.6467-0.8526)
[2025-01-14 23:41:40,344][INFO] Epoch[82/100], train AUC: 0.9980(0.9933-1.0000), test AUC: 0.8240(0.7075-0.9115)
[2025-01-14 23:43:11,606][INFO] Epoch[83/100], loss:0.2291, CE loss:0.2291 , info NCE loss:0.0000
[2025-01-14 23:43:11,606][INFO] Epoch[83/100], train B-acc: 0.9752(0.9597-0.9869), test B-acc: 0.7426(0.6405-0.8400)
[2025-01-14 23:43:11,606][INFO] Epoch[83/100], train AUC: 0.9986(0.9947-1.0000), test AUC: 0.8169(0.7108-0.9046)
[2025-01-14 23:44:42,314][INFO] Epoch[84/100], loss:0.2370, CE loss:0.2370 , info NCE loss:0.0000
[2025-01-14 23:44:42,315][INFO] Epoch[84/100], train B-acc: 0.9864(0.9744-0.9955), test B-acc: 0.7017(0.5941-0.8047)
[2025-01-14 23:44:42,317][INFO] Epoch[84/100], train AUC: 0.9972(0.9907-1.0000), test AUC: 0.8180(0.7152-0.9053)
[2025-01-14 23:46:14,460][INFO] Epoch[85/100], loss:1.1448, CE loss:1.1448 , info NCE loss:0.0000
[2025-01-14 23:46:14,460][INFO] Epoch[85/100], train B-acc: 0.6944(0.6259-0.7759), test B-acc: 0.5179(0.5000-0.5625)
[2025-01-14 23:46:14,460][INFO] Epoch[85/100], train AUC: 0.9904(0.9778-0.9978), test AUC: 0.8259(0.7220-0.9062)
[2025-01-14 23:47:45,996][INFO] Epoch[86/100], loss:0.6948, CE loss:0.6948 , info NCE loss:0.0000
[2025-01-14 23:47:45,996][INFO] Epoch[86/100], train B-acc: 0.8912(0.8204-0.9524), test B-acc: 0.7037(0.6053-0.8061)
[2025-01-14 23:47:45,996][INFO] Epoch[86/100], train AUC: 0.9916(0.9801-0.9984), test AUC: 0.8399(0.7329-0.9248)
[2025-01-14 23:49:17,259][INFO] Epoch[87/100], loss:0.3411, CE loss:0.3411 , info NCE loss:0.0000
[2025-01-14 23:49:17,259][INFO] Epoch[87/100], train B-acc: 0.9621(0.9273-0.9839), test B-acc: 0.7511(0.6429-0.8456)
[2025-01-14 23:49:17,260][INFO] Epoch[87/100], train AUC: 0.9914(0.9799-0.9984), test AUC: 0.8268(0.7144-0.9147)
[2025-01-14 23:50:48,466][INFO] Epoch[88/100], loss:0.3033, CE loss:0.3033 , info NCE loss:0.0000
[2025-01-14 23:50:48,467][INFO] Epoch[88/100], train B-acc: 0.9421(0.8827-0.9858), test B-acc: 0.7216(0.6119-0.8213)
[2025-01-14 23:50:48,467][INFO] Epoch[88/100], train AUC: 0.9948(0.9868-0.9990), test AUC: 0.8284(0.7144-0.9153)
[2025-01-14 23:52:19,308][INFO] Epoch[89/100], loss:0.2813, CE loss:0.2813 , info NCE loss:0.0000
[2025-01-14 23:52:19,308][INFO] Epoch[89/100], train B-acc: 0.9655(0.9311-0.9882), test B-acc: 0.7752(0.6793-0.8687)
[2025-01-14 23:52:19,308][INFO] Epoch[89/100], train AUC: 0.9956(0.9889-0.9993), test AUC: 0.8357(0.7213-0.9256)
[2025-01-14 23:53:50,242][INFO] Epoch[90/100], loss:0.2662, CE loss:0.2662 , info NCE loss:0.0000
[2025-01-14 23:53:50,242][INFO] Epoch[90/100], train B-acc: 0.9723(0.9387-0.9932), test B-acc: 0.7738(0.6682-0.8651)
[2025-01-14 23:53:50,243][INFO] Epoch[90/100], train AUC: 0.9970(0.9918-0.9995), test AUC: 0.8405(0.7340-0.9221)
[2025-01-14 23:55:21,146][INFO] Epoch[91/100], loss:0.2554, CE loss:0.2554 , info NCE loss:0.0000
[2025-01-14 23:55:21,146][INFO] Epoch[91/100], train B-acc: 0.9795(0.9648-0.9909), test B-acc: 0.7630(0.6572-0.8530)
[2025-01-14 23:55:21,146][INFO] Epoch[91/100], train AUC: 0.9986(0.9951-1.0000), test AUC: 0.8382(0.7257-0.9246)
[2025-01-14 23:56:51,888][INFO] Epoch[92/100], loss:0.2495, CE loss:0.2495 , info NCE loss:0.0000
[2025-01-14 23:56:51,888][INFO] Epoch[92/100], train B-acc: 0.9865(0.9751-0.9955), test B-acc: 0.7680(0.6655-0.8623)
[2025-01-14 23:56:51,889][INFO] Epoch[92/100], train AUC: 0.9992(0.9966-1.0000), test AUC: 0.8429(0.7324-0.9228)
[2025-01-14 23:58:25,983][INFO] Epoch[93/100], loss:0.2453, CE loss:0.2453 , info NCE loss:0.0000
[2025-01-14 23:58:25,983][INFO] Epoch[93/100], train B-acc: 0.9864(0.9744-0.9955), test B-acc: 0.7733(0.6702-0.8700)
[2025-01-14 23:58:25,984][INFO] Epoch[93/100], train AUC: 0.9991(0.9964-1.0000), test AUC: 0.8377(0.7371-0.9281)
[2025-01-14 23:59:57,454][INFO] Epoch[94/100], loss:0.2418, CE loss:0.2418 , info NCE loss:0.0000
[2025-01-14 23:59:57,454][INFO] Epoch[94/100], train B-acc: 0.9865(0.9737-0.9955), test B-acc: 0.7566(0.6562-0.8504)
[2025-01-14 23:59:57,455][INFO] Epoch[94/100], train AUC: 0.9996(0.9975-1.0000), test AUC: 0.8341(0.7377-0.9163)
[2025-01-15 00:01:30,164][INFO] Epoch[95/100], loss:0.2389, CE loss:0.2389 , info NCE loss:0.0000
[2025-01-15 00:01:30,164][INFO] Epoch[95/100], train B-acc: 0.9844(0.9719-0.9954), test B-acc: 0.7712(0.6687-0.8643)
[2025-01-15 00:01:30,164][INFO] Epoch[95/100], train AUC: 0.9995(0.9975-1.0000), test AUC: 0.8346(0.7302-0.9179)
[2025-01-15 00:03:01,366][INFO] Epoch[96/100], loss:0.2368, CE loss:0.2368 , info NCE loss:0.0000
[2025-01-15 00:03:01,366][INFO] Epoch[96/100], train B-acc: 0.9842(0.9715-0.9954), test B-acc: 0.7785(0.6688-0.8671)
[2025-01-15 00:03:01,368][INFO] Epoch[96/100], train AUC: 0.9996(0.9979-1.0000), test AUC: 0.8363(0.7218-0.9131)
[2025-01-15 00:04:32,337][INFO] Epoch[97/100], loss:0.2358, CE loss:0.2358 , info NCE loss:0.0000
[2025-01-15 00:04:32,337][INFO] Epoch[97/100], train B-acc: 0.9820(0.9688-0.9932), test B-acc: 0.7718(0.6733-0.8609)
[2025-01-15 00:04:32,338][INFO] Epoch[97/100], train AUC: 0.9997(0.9982-1.0000), test AUC: 0.8351(0.7328-0.9181)
[2025-01-15 00:06:03,320][INFO] Epoch[98/100], loss:0.2341, CE loss:0.2341 , info NCE loss:0.0000
[2025-01-15 00:06:03,320][INFO] Epoch[98/100], train B-acc: 0.9795(0.9648-0.9912), test B-acc: 0.7509(0.6429-0.8533)
[2025-01-15 00:06:03,321][INFO] Epoch[98/100], train AUC: 0.9995(0.9978-1.0000), test AUC: 0.8288(0.7228-0.9232)
[2025-01-15 00:07:35,635][INFO] Epoch[99/100], loss:0.2333, CE loss:0.2333 , info NCE loss:0.0000
[2025-01-15 00:07:35,636][INFO] Epoch[99/100], train B-acc: 0.9798(0.9658-0.9912), test B-acc: 0.7500(0.6467-0.8342)
[2025-01-15 00:07:35,636][INFO] Epoch[99/100], train AUC: 0.9996(0.9976-1.0000), test AUC: 0.8271(0.7292-0.9144)
[2025-01-15 00:09:06,899][INFO] Epoch[100/100], loss:0.2331, CE loss:0.2331 , info NCE loss:0.0000
[2025-01-15 00:09:06,900][INFO] Epoch[100/100], train B-acc: 0.9795(0.9646-0.9912), test B-acc: 0.7504(0.6503-0.8397)
[2025-01-15 00:09:06,900][INFO] Epoch[100/100], train AUC: 0.9998(0.9984-1.0000), test AUC: 0.8257(0.7144-0.9136)
