[2025-01-24 21:03:39,246][INFO] Running PROJECT: CRC-KR, P LEARNING RATE: 0.0001, OPTIMIZER: ADAMW, NUM EPOCHS: 40, BATCH SIZE: 2048, DEVICES: cuda, SMOOTHING: 0.25
[2025-01-24 21:03:39,247][INFO] params["in_chans"]=[200, 16]
[2025-01-24 21:03:39,247][INFO] params["dims"]=[512, 512]
[2025-01-24 21:03:39,247][INFO] params["out_chans"]=[16, 8]
[2025-01-24 21:03:39,248][INFO] params["heads"]=[8, 4]
[2025-01-24 21:03:39,248][INFO] params["dropout"]=[0.8, 0.4, 0.4]
[2025-01-24 21:05:55,200][INFO] Epoch[1/40], loss:0.6569, CE loss:0.5818 , info NCE loss:0.5480
[2025-01-24 21:05:55,201][INFO] Epoch[1/40], train B-acc: 0.5000(0.5000-0.5000), test B-acc: 0.5000(0.5000-0.5000)
[2025-01-24 21:05:55,201][INFO] Epoch[1/40], train AUC: 0.6117(0.4995-0.7076), test AUC: 0.5171(0.3895-0.6518)
[2025-01-24 21:08:18,660][INFO] Epoch[2/40], loss:0.6225, CE loss:0.5474 , info NCE loss:0.5486
[2025-01-24 21:08:18,660][INFO] Epoch[2/40], train B-acc: 0.5000(0.5000-0.5000), test B-acc: 0.5000(0.5000-0.5000)
[2025-01-24 21:08:18,660][INFO] Epoch[2/40], train AUC: 0.7526(0.6576-0.8310), test AUC: 0.6162(0.4982-0.7319)
[2025-01-24 21:10:37,816][INFO] Epoch[3/40], loss:0.6102, CE loss:0.5353 , info NCE loss:0.5479
[2025-01-24 21:10:37,817][INFO] Epoch[3/40], train B-acc: 0.5000(0.5000-0.5000), test B-acc: 0.5000(0.5000-0.5000)
[2025-01-24 21:10:37,817][INFO] Epoch[3/40], train AUC: 0.7877(0.7040-0.8581), test AUC: 0.6600(0.5395-0.7667)
[2025-01-24 21:12:42,438][INFO] Epoch[4/40], loss:0.6033, CE loss:0.5286 , info NCE loss:0.5451
[2025-01-24 21:12:42,438][INFO] Epoch[4/40], train B-acc: 0.5000(0.5000-0.5000), test B-acc: 0.5000(0.5000-0.5000)
[2025-01-24 21:12:42,438][INFO] Epoch[4/40], train AUC: 0.8048(0.7326-0.8693), test AUC: 0.6761(0.5649-0.7844)
[2025-01-24 21:14:49,330][INFO] Epoch[5/40], loss:0.5983, CE loss:0.5241 , info NCE loss:0.5418
[2025-01-24 21:14:49,330][INFO] Epoch[5/40], train B-acc: 0.5000(0.5000-0.5000), test B-acc: 0.5000(0.5000-0.5000)
[2025-01-24 21:14:49,330][INFO] Epoch[5/40], train AUC: 0.8141(0.7334-0.8809), test AUC: 0.6870(0.5635-0.7895)
[2025-01-24 21:16:55,675][INFO] Epoch[6/40], loss:0.5930, CE loss:0.5194 , info NCE loss:0.5357
[2025-01-24 21:16:55,675][INFO] Epoch[6/40], train B-acc: 0.5114(0.5000-0.5429), test B-acc: 0.5000(0.5000-0.5000)
[2025-01-24 21:16:55,677][INFO] Epoch[6/40], train AUC: 0.8281(0.7516-0.8922), test AUC: 0.7044(0.5931-0.8048)
[2025-01-24 21:19:02,845][INFO] Epoch[7/40], loss:0.5887, CE loss:0.5159 , info NCE loss:0.5278
[2025-01-24 21:19:02,845][INFO] Epoch[7/40], train B-acc: 0.5208(0.4958-0.5566), test B-acc: 0.5000(0.5000-0.5000)
[2025-01-24 21:19:02,845][INFO] Epoch[7/40], train AUC: 0.8395(0.7620-0.8993), test AUC: 0.7176(0.6066-0.8220)
[2025-01-24 21:21:07,405][INFO] Epoch[8/40], loss:0.5848, CE loss:0.5129 , info NCE loss:0.5209
[2025-01-24 21:21:07,405][INFO] Epoch[8/40], train B-acc: 0.5196(0.4936-0.5595), test B-acc: 0.4938(0.4795-0.5000)
[2025-01-24 21:21:07,405][INFO] Epoch[8/40], train AUC: 0.8498(0.7805-0.9097), test AUC: 0.7337(0.6207-0.8364)
[2025-01-24 21:23:13,304][INFO] Epoch[9/40], loss:0.5803, CE loss:0.5092 , info NCE loss:0.5151
[2025-01-24 21:23:13,304][INFO] Epoch[9/40], train B-acc: 0.5187(0.4935-0.5583), test B-acc: 0.5000(0.5000-0.5000)
[2025-01-24 21:23:13,304][INFO] Epoch[9/40], train AUC: 0.8631(0.7962-0.9176), test AUC: 0.7435(0.6343-0.8406)
[2025-01-24 21:25:34,859][INFO] Epoch[10/40], loss:0.5771, CE loss:0.5067 , info NCE loss:0.5116
[2025-01-24 21:25:34,859][INFO] Epoch[10/40], train B-acc: 0.5317(0.4960-0.5769), test B-acc: 0.5000(0.5000-0.5000)
[2025-01-24 21:25:34,859][INFO] Epoch[10/40], train AUC: 0.8738(0.8085-0.9264), test AUC: 0.7572(0.6432-0.8532)
[2025-01-24 21:27:58,293][INFO] Epoch[11/40], loss:0.5734, CE loss:0.5035 , info NCE loss:0.5077
[2025-01-24 21:27:58,293][INFO] Epoch[11/40], train B-acc: 0.5552(0.5098-0.6094), test B-acc: 0.5081(0.4819-0.5495)
[2025-01-24 21:27:58,294][INFO] Epoch[11/40], train AUC: 0.8800(0.8182-0.9285), test AUC: 0.7629(0.6471-0.8596)
[2025-01-24 21:30:18,386][INFO] Epoch[12/40], loss:0.5704, CE loss:0.5009 , info NCE loss:0.5055
[2025-01-24 21:30:18,386][INFO] Epoch[12/40], train B-acc: 0.5532(0.5131-0.6112), test B-acc: 0.5161(0.5000-0.5577)
[2025-01-24 21:30:18,386][INFO] Epoch[12/40], train AUC: 0.8899(0.8402-0.9352), test AUC: 0.7716(0.6532-0.8562)
[2025-01-24 21:32:33,069][INFO] Epoch[13/40], loss:0.5670, CE loss:0.4976 , info NCE loss:0.5057
[2025-01-24 21:32:33,070][INFO] Epoch[13/40], train B-acc: 0.5581(0.5114-0.6178), test B-acc: 0.5000(0.5000-0.5000)
[2025-01-24 21:32:33,070][INFO] Epoch[13/40], train AUC: 0.9023(0.8425-0.9442), test AUC: 0.7728(0.6721-0.8657)
[2025-01-24 21:34:49,457][INFO] Epoch[14/40], loss:0.5640, CE loss:0.4948 , info NCE loss:0.5018
[2025-01-24 21:34:49,457][INFO] Epoch[14/40], train B-acc: 0.5909(0.5374-0.6583), test B-acc: 0.5161(0.5000-0.5536)
[2025-01-24 21:34:49,458][INFO] Epoch[14/40], train AUC: 0.9093(0.8612-0.9495), test AUC: 0.7756(0.6663-0.8642)
[2025-01-24 21:37:08,964][INFO] Epoch[15/40], loss:0.5613, CE loss:0.4924 , info NCE loss:0.4990
[2025-01-24 21:37:08,964][INFO] Epoch[15/40], train B-acc: 0.6154(0.5566-0.6842), test B-acc: 0.5400(0.4938-0.6034)
[2025-01-24 21:37:08,965][INFO] Epoch[15/40], train AUC: 0.9164(0.8665-0.9532), test AUC: 0.7758(0.6642-0.8755)
[2025-01-24 21:39:29,333][INFO] Epoch[16/40], loss:0.5584, CE loss:0.4896 , info NCE loss:0.4993
[2025-01-24 21:39:29,333][INFO] Epoch[16/40], train B-acc: 0.6158(0.5553-0.6875), test B-acc: 0.5404(0.4938-0.6094)
[2025-01-24 21:39:29,334][INFO] Epoch[16/40], train AUC: 0.9192(0.8770-0.9552), test AUC: 0.7804(0.6761-0.8714)
[2025-01-24 21:41:49,280][INFO] Epoch[17/40], loss:0.5558, CE loss:0.4871 , info NCE loss:0.4992
[2025-01-24 21:41:49,280][INFO] Epoch[17/40], train B-acc: 0.6163(0.5539-0.6821), test B-acc: 0.5417(0.4932-0.6029)
[2025-01-24 21:41:49,280][INFO] Epoch[17/40], train AUC: 0.9257(0.8841-0.9581), test AUC: 0.7852(0.6764-0.8795)
[2025-01-24 21:44:06,306][INFO] Epoch[18/40], loss:0.5535, CE loss:0.4849 , info NCE loss:0.4973
[2025-01-24 21:44:06,306][INFO] Epoch[18/40], train B-acc: 0.6436(0.5789-0.7135), test B-acc: 0.5758(0.5167-0.6528)
[2025-01-24 21:44:06,306][INFO] Epoch[18/40], train AUC: 0.9313(0.8879-0.9597), test AUC: 0.7824(0.6743-0.8714)
[2025-01-24 21:46:27,163][INFO] Epoch[19/40], loss:0.5512, CE loss:0.4828 , info NCE loss:0.4972
[2025-01-24 21:46:27,164][INFO] Epoch[19/40], train B-acc: 0.6407(0.5748-0.7147), test B-acc: 0.5742(0.5141-0.6522)
[2025-01-24 21:46:27,164][INFO] Epoch[19/40], train AUC: 0.9358(0.8964-0.9644), test AUC: 0.7953(0.6902-0.8835)
[2025-01-24 21:48:48,935][INFO] Epoch[20/40], loss:0.5485, CE loss:0.4801 , info NCE loss:0.4970
[2025-01-24 21:48:48,935][INFO] Epoch[20/40], train B-acc: 0.6406(0.5673-0.7138), test B-acc: 0.5769(0.5150-0.6515)
[2025-01-24 21:48:48,935][INFO] Epoch[20/40], train AUC: 0.9395(0.9028-0.9679), test AUC: 0.7947(0.6898-0.8839)
[2025-01-24 21:51:07,209][INFO] Epoch[21/40], loss:0.5464, CE loss:0.4781 , info NCE loss:0.4949
[2025-01-24 21:51:07,209][INFO] Epoch[21/40], train B-acc: 0.6447(0.5771-0.7109), test B-acc: 0.5753(0.5140-0.6484)
[2025-01-24 21:51:07,209][INFO] Epoch[21/40], train AUC: 0.9435(0.9133-0.9702), test AUC: 0.7969(0.7006-0.8814)
[2025-01-24 21:53:22,736][INFO] Epoch[22/40], loss:0.5444, CE loss:0.4761 , info NCE loss:0.4955
[2025-01-24 21:53:22,736][INFO] Epoch[22/40], train B-acc: 0.6877(0.6174-0.7665), test B-acc: 0.5797(0.5110-0.6606)
[2025-01-24 21:53:22,736][INFO] Epoch[22/40], train AUC: 0.9470(0.9139-0.9726), test AUC: 0.7961(0.6908-0.8831)
[2025-01-24 21:55:37,874][INFO] Epoch[23/40], loss:0.5425, CE loss:0.4743 , info NCE loss:0.4957
[2025-01-24 21:55:37,874][INFO] Epoch[23/40], train B-acc: 0.6766(0.6025-0.7532), test B-acc: 0.5628(0.5032-0.6431)
[2025-01-24 21:55:37,875][INFO] Epoch[23/40], train AUC: 0.9499(0.9175-0.9745), test AUC: 0.7990(0.6994-0.8865)
[2025-01-24 21:57:50,221][INFO] Epoch[24/40], loss:0.5410, CE loss:0.4729 , info NCE loss:0.4938
[2025-01-24 21:57:50,221][INFO] Epoch[24/40], train B-acc: 0.7112(0.6274-0.7887), test B-acc: 0.5932(0.5248-0.6745)
[2025-01-24 21:57:50,221][INFO] Epoch[24/40], train AUC: 0.9519(0.9212-0.9745), test AUC: 0.7924(0.6905-0.8805)
[2025-01-24 22:00:04,841][INFO] Epoch[25/40], loss:0.5389, CE loss:0.4708 , info NCE loss:0.4918
[2025-01-24 22:00:04,841][INFO] Epoch[25/40], train B-acc: 0.7736(0.7025-0.8470), test B-acc: 0.5937(0.5183-0.6834)
[2025-01-24 22:00:04,841][INFO] Epoch[25/40], train AUC: 0.9554(0.9241-0.9764), test AUC: 0.7903(0.6874-0.8800)
[2025-01-24 22:02:16,648][INFO] Epoch[26/40], loss:0.5374, CE loss:0.4693 , info NCE loss:0.4955
[2025-01-24 22:02:16,648][INFO] Epoch[26/40], train B-acc: 0.7770(0.7040-0.8467), test B-acc: 0.5883(0.5144-0.6772)
[2025-01-24 22:02:16,648][INFO] Epoch[26/40], train AUC: 0.9571(0.9263-0.9791), test AUC: 0.7958(0.7001-0.8759)
[2025-01-24 22:04:28,923][INFO] Epoch[27/40], loss:0.5358, CE loss:0.4678 , info NCE loss:0.4922
[2025-01-24 22:04:28,923][INFO] Epoch[27/40], train B-acc: 0.7742(0.6935-0.8559), test B-acc: 0.5906(0.5135-0.6750)
[2025-01-24 22:04:28,923][INFO] Epoch[27/40], train AUC: 0.9598(0.9320-0.9810), test AUC: 0.7960(0.6933-0.8776)
[2025-01-24 22:06:43,714][INFO] Epoch[28/40], loss:0.5351, CE loss:0.4671 , info NCE loss:0.4949
[2025-01-24 22:06:43,714][INFO] Epoch[28/40], train B-acc: 0.7063(0.6288-0.7858), test B-acc: 0.5625(0.5002-0.6404)
[2025-01-24 22:06:43,714][INFO] Epoch[28/40], train AUC: 0.9632(0.9337-0.9834), test AUC: 0.8023(0.7008-0.8808)
[2025-01-24 22:08:57,933][INFO] Epoch[29/40], loss:0.5335, CE loss:0.4656 , info NCE loss:0.4932
[2025-01-24 22:08:57,933][INFO] Epoch[29/40], train B-acc: 0.7755(0.7001-0.8553), test B-acc: 0.5941(0.5184-0.6752)
[2025-01-24 22:08:57,934][INFO] Epoch[29/40], train AUC: 0.9644(0.9362-0.9841), test AUC: 0.8011(0.6918-0.8858)
[2025-01-24 22:11:11,653][INFO] Epoch[30/40], loss:0.5312, CE loss:0.4633 , info NCE loss:0.4924
[2025-01-24 22:11:11,653][INFO] Epoch[30/40], train B-acc: 0.7985(0.7181-0.8684), test B-acc: 0.5973(0.5234-0.6816)
[2025-01-24 22:11:11,653][INFO] Epoch[30/40], train AUC: 0.9658(0.9404-0.9842), test AUC: 0.8011(0.7052-0.8872)
[2025-01-24 22:13:19,842][INFO] Epoch[31/40], loss:0.5296, CE loss:0.4617 , info NCE loss:0.4937
[2025-01-24 22:13:19,842][INFO] Epoch[31/40], train B-acc: 0.8104(0.7348-0.8775), test B-acc: 0.5817(0.5099-0.6647)
[2025-01-24 22:13:19,842][INFO] Epoch[31/40], train AUC: 0.9671(0.9425-0.9850), test AUC: 0.7974(0.6922-0.8792)
[2025-01-24 22:15:20,759][INFO] Epoch[32/40], loss:0.5284, CE loss:0.4605 , info NCE loss:0.4897
[2025-01-24 22:15:20,759][INFO] Epoch[32/40], train B-acc: 0.8126(0.7360-0.8806), test B-acc: 0.5956(0.5116-0.6814)
[2025-01-24 22:15:20,759][INFO] Epoch[32/40], train AUC: 0.9679(0.9442-0.9860), test AUC: 0.7972(0.6962-0.8753)
[2025-01-24 22:17:22,937][INFO] Epoch[33/40], loss:0.5273, CE loss:0.4595 , info NCE loss:0.4924
[2025-01-24 22:17:22,938][INFO] Epoch[33/40], train B-acc: 0.8234(0.7450-0.8937), test B-acc: 0.6117(0.5315-0.6976)
[2025-01-24 22:17:22,938][INFO] Epoch[33/40], train AUC: 0.9708(0.9466-0.9866), test AUC: 0.8003(0.6982-0.8791)
[2025-01-24 22:19:37,172][INFO] Epoch[34/40], loss:0.5259, CE loss:0.4581 , info NCE loss:0.4903
[2025-01-24 22:19:37,172][INFO] Epoch[34/40], train B-acc: 0.8472(0.7716-0.9140), test B-acc: 0.6166(0.5255-0.7084)
[2025-01-24 22:19:37,173][INFO] Epoch[34/40], train AUC: 0.9709(0.9478-0.9874), test AUC: 0.7980(0.6985-0.8810)
[2025-01-24 22:21:54,210][INFO] Epoch[35/40], loss:0.5244, CE loss:0.4566 , info NCE loss:0.4932
[2025-01-24 22:21:54,211][INFO] Epoch[35/40], train B-acc: 0.8351(0.7620-0.9016), test B-acc: 0.6105(0.5262-0.7017)
[2025-01-24 22:21:54,211][INFO] Epoch[35/40], train AUC: 0.9738(0.9508-0.9886), test AUC: 0.7996(0.7017-0.8808)
[2025-01-24 22:24:10,715][INFO] Epoch[36/40], loss:0.5236, CE loss:0.4558 , info NCE loss:0.4914
[2025-01-24 22:24:10,715][INFO] Epoch[36/40], train B-acc: 0.8469(0.7721-0.9190), test B-acc: 0.6151(0.5356-0.7057)
[2025-01-24 22:24:10,715][INFO] Epoch[36/40], train AUC: 0.9737(0.9523-0.9894), test AUC: 0.7992(0.7052-0.8823)
[2025-01-24 22:26:25,373][INFO] Epoch[37/40], loss:0.5220, CE loss:0.4543 , info NCE loss:0.4912
[2025-01-24 22:26:25,374][INFO] Epoch[37/40], train B-acc: 0.8480(0.7757-0.9162), test B-acc: 0.6249(0.5327-0.7224)
[2025-01-24 22:26:25,374][INFO] Epoch[37/40], train AUC: 0.9750(0.9541-0.9900), test AUC: 0.8004(0.7036-0.8819)
[2025-01-24 22:28:34,053][INFO] Epoch[38/40], loss:0.5211, CE loss:0.4534 , info NCE loss:0.4907
[2025-01-24 22:28:34,054][INFO] Epoch[38/40], train B-acc: 0.8487(0.7777-0.9147), test B-acc: 0.6140(0.5276-0.7095)
[2025-01-24 22:28:34,054][INFO] Epoch[38/40], train AUC: 0.9759(0.9560-0.9906), test AUC: 0.7981(0.7050-0.8793)
[2025-01-24 22:30:50,232][INFO] Epoch[39/40], loss:0.5197, CE loss:0.4520 , info NCE loss:0.4898
[2025-01-24 22:30:50,232][INFO] Epoch[39/40], train B-acc: 0.8479(0.7723-0.9140), test B-acc: 0.6491(0.5579-0.7434)
[2025-01-24 22:30:50,233][INFO] Epoch[39/40], train AUC: 0.9776(0.9583-0.9907), test AUC: 0.7985(0.7039-0.8824)
[2025-01-24 22:33:01,971][INFO] Epoch[40/40], loss:0.5191, CE loss:0.4514 , info NCE loss:0.4903
[2025-01-24 22:33:01,971][INFO] Epoch[40/40], train B-acc: 0.8506(0.7695-0.9168), test B-acc: 0.6356(0.5449-0.7229)
[2025-01-24 22:33:01,971][INFO] Epoch[40/40], train AUC: 0.9797(0.9635-0.9916), test AUC: 0.7949(0.6905-0.8776)
