[2025-01-01 14:54:46,709][INFO] Running PROJECT: CRC-DX, P LEARNING RATE: 0.005, OPTIMIZER: ADAMW, NUM EPOCHS: 45, BATCH SIZE: 2048, DEVICES: cuda, SMOOTHING: 0.1
[2025-01-01 14:54:46,709][INFO] params["in_chans"]=[200, 16]
[2025-01-01 14:54:46,709][INFO] params["dims"]=[512, 512]
[2025-01-01 14:54:46,709][INFO] params["out_chans"]=[16, 8]
[2025-01-01 14:54:46,710][INFO] params["heads"]=[8, 4]
[2025-01-01 14:54:46,710][INFO] params["dropout"]=[0.8, 0.4, 0.4]
[2025-01-01 14:56:51,395][INFO] Epoch[1/45], loss:3.3367, CE loss:2.9574 , info NCE loss:0.3793
[2025-01-01 14:56:51,396][INFO] Epoch[1/45], train B-acc: 0.5000(0.5000-0.5000), test B-acc: 0.5000(0.5000-0.5000)
[2025-01-01 14:56:51,396][INFO] Epoch[1/45], train AUC: 0.7761(0.6899-0.8554), test AUC: 0.7495(0.6312-0.8566)
[2025-01-01 14:58:59,130][INFO] Epoch[2/45], loss:1.3231, CE loss:0.9441 , info NCE loss:0.3790
[2025-01-01 14:58:59,130][INFO] Epoch[2/45], train B-acc: 0.5125(0.5000-0.5405), test B-acc: 0.5000(0.5000-0.5000)
[2025-01-01 14:58:59,130][INFO] Epoch[2/45], train AUC: 0.7784(0.6893-0.8587), test AUC: 0.7013(0.5664-0.8275)
[2025-01-01 15:00:58,326][INFO] Epoch[3/45], loss:0.8796, CE loss:0.5006 , info NCE loss:0.3789
[2025-01-01 15:00:58,326][INFO] Epoch[3/45], train B-acc: 0.5724(0.5171-0.6384), test B-acc: 0.5741(0.5152-0.6481)
[2025-01-01 15:00:58,326][INFO] Epoch[3/45], train AUC: 0.7905(0.7020-0.8712), test AUC: 0.7102(0.5878-0.8240)
[2025-01-01 15:02:57,472][INFO] Epoch[4/45], loss:0.8246, CE loss:0.4457 , info NCE loss:0.3788
[2025-01-01 15:02:57,473][INFO] Epoch[4/45], train B-acc: 0.5385(0.5000-0.5909), test B-acc: 0.5000(0.5000-0.5000)
[2025-01-01 15:02:57,473][INFO] Epoch[4/45], train AUC: 0.7923(0.7025-0.8719), test AUC: 0.7076(0.5759-0.8169)
[2025-01-01 15:04:57,285][INFO] Epoch[5/45], loss:0.8116, CE loss:0.4327 , info NCE loss:0.3789
[2025-01-01 15:04:57,285][INFO] Epoch[5/45], train B-acc: 0.5366(0.5000-0.5875), test B-acc: 0.5000(0.5000-0.5000)
[2025-01-01 15:04:57,285][INFO] Epoch[5/45], train AUC: 0.7991(0.7085-0.8752), test AUC: 0.7154(0.5888-0.8346)
[2025-01-01 15:06:56,335][INFO] Epoch[6/45], loss:0.7993, CE loss:0.4204 , info NCE loss:0.3788
[2025-01-01 15:06:56,335][INFO] Epoch[6/45], train B-acc: 0.5641(0.5128-0.6250), test B-acc: 0.5370(0.5000-0.6000)
[2025-01-01 15:06:56,335][INFO] Epoch[6/45], train AUC: 0.8167(0.7300-0.8906), test AUC: 0.7222(0.6121-0.8392)
[2025-01-01 15:08:59,576][INFO] Epoch[7/45], loss:0.7904, CE loss:0.4118 , info NCE loss:0.3786
[2025-01-01 15:08:59,576][INFO] Epoch[7/45], train B-acc: 0.6272(0.5612-0.7000), test B-acc: 0.5769(0.5156-0.6591)
[2025-01-01 15:08:59,577][INFO] Epoch[7/45], train AUC: 0.8364(0.7546-0.9039), test AUC: 0.7504(0.6294-0.8470)
[2025-01-01 15:11:00,628][INFO] Epoch[8/45], loss:0.7805, CE loss:0.4022 , info NCE loss:0.3783
[2025-01-01 15:11:00,629][INFO] Epoch[8/45], train B-acc: 0.6372(0.5709-0.7110), test B-acc: 0.6364(0.5577-0.7273)
[2025-01-01 15:11:00,629][INFO] Epoch[8/45], train AUC: 0.8551(0.7750-0.9160), test AUC: 0.7622(0.6387-0.8695)
[2025-01-01 15:13:00,649][INFO] Epoch[9/45], loss:0.7727, CE loss:0.3947 , info NCE loss:0.3781
[2025-01-01 15:13:00,649][INFO] Epoch[9/45], train B-acc: 0.6795(0.6063-0.7613), test B-acc: 0.6346(0.5536-0.7250)
[2025-01-01 15:13:00,649][INFO] Epoch[9/45], train AUC: 0.8792(0.8024-0.9388), test AUC: 0.7820(0.6661-0.8776)
[2025-01-01 15:15:00,418][INFO] Epoch[10/45], loss:0.7616, CE loss:0.3838 , info NCE loss:0.3778
[2025-01-01 15:15:00,418][INFO] Epoch[10/45], train B-acc: 0.6925(0.6145-0.7772), test B-acc: 0.6316(0.5517-0.7308)
[2025-01-01 15:15:00,418][INFO] Epoch[10/45], train AUC: 0.9049(0.8341-0.9549), test AUC: 0.8044(0.6934-0.9019)
[2025-01-01 15:17:08,536][INFO] Epoch[11/45], loss:0.7506, CE loss:0.3732 , info NCE loss:0.3774
[2025-01-01 15:17:08,536][INFO] Epoch[11/45], train B-acc: 0.7065(0.6318-0.7894), test B-acc: 0.6316(0.5517-0.7241)
[2025-01-01 15:17:08,537][INFO] Epoch[11/45], train AUC: 0.9189(0.8518-0.9651), test AUC: 0.8207(0.6999-0.9158)
[2025-01-01 15:19:10,698][INFO] Epoch[12/45], loss:0.7404, CE loss:0.3636 , info NCE loss:0.3769
[2025-01-01 15:19:10,699][INFO] Epoch[12/45], train B-acc: 0.7579(0.6837-0.8369), test B-acc: 0.6731(0.5800-0.7679)
[2025-01-01 15:19:10,699][INFO] Epoch[12/45], train AUC: 0.9352(0.8740-0.9752), test AUC: 0.8312(0.7160-0.9157)
[2025-01-01 15:21:16,903][INFO] Epoch[13/45], loss:0.7293, CE loss:0.3531 , info NCE loss:0.3762
[2025-01-01 15:21:16,903][INFO] Epoch[13/45], train B-acc: 0.8360(0.7589-0.9053), test B-acc: 0.7434(0.6414-0.8410)
[2025-01-01 15:21:16,903][INFO] Epoch[13/45], train AUC: 0.9484(0.8919-0.9825), test AUC: 0.8467(0.7389-0.9309)
[2025-01-01 15:23:20,553][INFO] Epoch[14/45], loss:0.7182, CE loss:0.3426 , info NCE loss:0.3755
[2025-01-01 15:23:20,554][INFO] Epoch[14/45], train B-acc: 0.8376(0.7564-0.9118), test B-acc: 0.7535(0.6527-0.8542)
[2025-01-01 15:23:20,554][INFO] Epoch[14/45], train AUC: 0.9560(0.9070-0.9868), test AUC: 0.8383(0.7237-0.9347)
[2025-01-01 15:25:22,511][INFO] Epoch[15/45], loss:0.7102, CE loss:0.3352 , info NCE loss:0.3750
[2025-01-01 15:25:22,512][INFO] Epoch[15/45], train B-acc: 0.8521(0.7790-0.9231), test B-acc: 0.7552(0.6557-0.8519)
[2025-01-01 15:25:22,512][INFO] Epoch[15/45], train AUC: 0.9681(0.9266-0.9923), test AUC: 0.8415(0.7308-0.9317)
[2025-01-01 15:27:27,586][INFO] Epoch[16/45], loss:0.7002, CE loss:0.3259 , info NCE loss:0.3743
[2025-01-01 15:27:27,586][INFO] Epoch[16/45], train B-acc: 0.8754(0.8040-0.9422), test B-acc: 0.7614(0.6612-0.8566)
[2025-01-01 15:27:27,587][INFO] Epoch[16/45], train AUC: 0.9772(0.9454-0.9957), test AUC: 0.8451(0.7418-0.9394)
[2025-01-01 15:29:31,133][INFO] Epoch[17/45], loss:0.6902, CE loss:0.3167 , info NCE loss:0.3735
[2025-01-01 15:29:31,134][INFO] Epoch[17/45], train B-acc: 0.8879(0.8243-0.9465), test B-acc: 0.7568(0.6529-0.8605)
[2025-01-01 15:29:31,134][INFO] Epoch[17/45], train AUC: 0.9827(0.9519-0.9969), test AUC: 0.8566(0.7418-0.9433)
[2025-01-01 15:31:32,668][INFO] Epoch[18/45], loss:0.6812, CE loss:0.3086 , info NCE loss:0.3726
[2025-01-01 15:31:32,668][INFO] Epoch[18/45], train B-acc: 0.8883(0.8193-0.9545), test B-acc: 0.7609(0.6632-0.8564)
[2025-01-01 15:31:32,669][INFO] Epoch[18/45], train AUC: 0.9868(0.9634-0.9985), test AUC: 0.8613(0.7535-0.9407)
[2025-01-01 15:33:32,323][INFO] Epoch[19/45], loss:0.6741, CE loss:0.3024 , info NCE loss:0.3717
[2025-01-01 15:33:32,323][INFO] Epoch[19/45], train B-acc: 0.9302(0.8685-0.9782), test B-acc: 0.7939(0.7000-0.8834)
[2025-01-01 15:33:32,323][INFO] Epoch[19/45], train AUC: 0.9905(0.9744-0.9989), test AUC: 0.8656(0.7741-0.9458)
[2025-01-01 15:35:31,804][INFO] Epoch[20/45], loss:0.6668, CE loss:0.2960 , info NCE loss:0.3708
[2025-01-01 15:35:31,804][INFO] Epoch[20/45], train B-acc: 0.9433(0.8908-0.9849), test B-acc: 0.7730(0.6810-0.8612)
[2025-01-01 15:35:31,805][INFO] Epoch[20/45], train AUC: 0.9919(0.9780-0.9990), test AUC: 0.8455(0.7308-0.9298)
[2025-01-01 15:37:34,929][INFO] Epoch[21/45], loss:0.6569, CE loss:0.2874 , info NCE loss:0.3695
[2025-01-01 15:37:34,929][INFO] Epoch[21/45], train B-acc: 0.9703(0.9352-0.9911), test B-acc: 0.7667(0.6654-0.8640)
[2025-01-01 15:37:34,930][INFO] Epoch[21/45], train AUC: 0.9951(0.9877-0.9991), test AUC: 0.8407(0.7131-0.9298)
[2025-01-01 15:39:42,218][INFO] Epoch[22/45], loss:0.6610, CE loss:0.2916 , info NCE loss:0.3693
[2025-01-01 15:39:42,218][INFO] Epoch[22/45], train B-acc: 0.9470(0.8956-0.9864), test B-acc: 0.7510(0.6467-0.8473)
[2025-01-01 15:39:42,218][INFO] Epoch[22/45], train AUC: 0.9935(0.9850-0.9986), test AUC: 0.8383(0.7381-0.9254)
[2025-01-01 15:41:43,386][INFO] Epoch[23/45], loss:0.6635, CE loss:0.2946 , info NCE loss:0.3689
[2025-01-01 15:41:43,387][INFO] Epoch[23/45], train B-acc: 0.8862(0.8160-0.9524), test B-acc: 0.6733(0.5781-0.7682)
[2025-01-01 15:41:43,387][INFO] Epoch[23/45], train AUC: 0.9945(0.9862-0.9989), test AUC: 0.8465(0.7328-0.9301)
[2025-01-01 15:43:45,552][INFO] Epoch[24/45], loss:0.9345, CE loss:0.5620 , info NCE loss:0.3725
[2025-01-01 15:43:45,552][INFO] Epoch[24/45], train B-acc: 0.7844(0.7500-0.8180), test B-acc: 0.6659(0.5787-0.7423)
[2025-01-01 15:43:45,552][INFO] Epoch[24/45], train AUC: 0.9831(0.9632-0.9959), test AUC: 0.8402(0.7339-0.9253)
