[2024-12-24 20:56:06,442][INFO] Running PROJECT: CRC-DX, P LEARNING RATE: 0.001, OPTIMIZER: ADAMW, NUM EPOCHS: 15, BATCH SIZE: 2048, DEVICES: cuda, SMOOTHING: 0.1
[2024-12-24 20:56:06,442][INFO] params["in_chans"]=[200, 16]
[2024-12-24 20:56:06,444][INFO] params["dims"]=[512, 512]
[2024-12-24 20:56:06,444][INFO] params["out_chans"]=[16, 8]
[2024-12-24 20:56:06,444][INFO] params["heads"]=[8, 4]
[2024-12-24 20:56:06,445][INFO] params["dropout"]=[0.8, 0.4, 0.4]
[2024-12-24 20:57:49,894][INFO] Epoch[1/15], loss:1.5886, CE loss:0.9381 , info NCE loss:7.4426
[2024-12-24 20:57:49,895][INFO] Epoch[1/15], train B-acc: 0.5000(0.5000-0.5000), test B-acc: 0.5000(0.5000-0.5000)
[2024-12-24 20:57:49,895][INFO] Epoch[1/15], train AUC: 0.7167(0.6140-0.8137), test AUC: 0.5681(0.4211-0.7033)
[2024-12-24 20:59:38,108][INFO] Epoch[2/15], loss:1.1845, CE loss:0.5225 , info NCE loss:7.1422
[2024-12-24 20:59:38,108][INFO] Epoch[2/15], train B-acc: 0.6394(0.5552-0.7193), test B-acc: 0.6385(0.5383-0.7434)
[2024-12-24 20:59:38,108][INFO] Epoch[2/15], train AUC: 0.7645(0.6756-0.8539), test AUC: 0.6736(0.5381-0.8006)
[2024-12-24 21:01:25,527][INFO] Epoch[3/15], loss:1.0708, CE loss:0.4580 , info NCE loss:6.5862
[2024-12-24 21:01:25,527][INFO] Epoch[3/15], train B-acc: 0.5625(0.5156-0.6220), test B-acc: 0.5185(0.5000-0.5652)
[2024-12-24 21:01:25,527][INFO] Epoch[3/15], train AUC: 0.7802(0.6963-0.8598), test AUC: 0.6788(0.5364-0.7902)
[2024-12-24 21:03:15,336][INFO] Epoch[4/15], loss:1.0289, CE loss:0.4271 , info NCE loss:6.4453
[2024-12-24 21:03:15,336][INFO] Epoch[4/15], train B-acc: 0.6000(0.5361-0.6688), test B-acc: 0.5577(0.5000-0.6304)
[2024-12-24 21:03:15,337][INFO] Epoch[4/15], train AUC: 0.8066(0.7238-0.8761), test AUC: 0.7009(0.5704-0.8181)
[2024-12-24 21:05:04,432][INFO] Epoch[5/15], loss:1.0065, CE loss:0.4135 , info NCE loss:6.3433
[2024-12-24 21:05:04,432][INFO] Epoch[5/15], train B-acc: 0.6268(0.5568-0.6950), test B-acc: 0.6136(0.5417-0.7000)
[2024-12-24 21:05:04,432][INFO] Epoch[5/15], train AUC: 0.8323(0.7494-0.9034), test AUC: 0.7197(0.5921-0.8317)
[2024-12-24 21:06:48,585][INFO] Epoch[6/15], loss:0.9928, CE loss:0.4045 , info NCE loss:6.2882
[2024-12-24 21:06:48,585][INFO] Epoch[6/15], train B-acc: 0.6139(0.5504-0.6928), test B-acc: 0.5926(0.5263-0.6750)
[2024-12-24 21:06:48,586][INFO] Epoch[6/15], train AUC: 0.8549(0.7712-0.9168), test AUC: 0.7426(0.6212-0.8499)
[2024-12-24 21:08:32,031][INFO] Epoch[7/15], loss:0.9836, CE loss:0.3969 , info NCE loss:6.2634
[2024-12-24 21:08:32,032][INFO] Epoch[7/15], train B-acc: 0.6404(0.5714-0.7201), test B-acc: 0.5926(0.5208-0.6818)
[2024-12-24 21:08:32,032][INFO] Epoch[7/15], train AUC: 0.8734(0.8010-0.9287), test AUC: 0.7708(0.6550-0.8725)
[2024-12-24 21:10:14,757][INFO] Epoch[8/15], loss:0.9736, CE loss:0.3888 , info NCE loss:6.2365
[2024-12-24 21:10:14,757][INFO] Epoch[8/15], train B-acc: 0.6643(0.5953-0.7391), test B-acc: 0.5926(0.5217-0.6757)
[2024-12-24 21:10:14,757][INFO] Epoch[8/15], train AUC: 0.8862(0.8167-0.9400), test AUC: 0.7895(0.6731-0.8893)
[2024-12-24 21:12:03,641][INFO] Epoch[9/15], loss:0.9646, CE loss:0.3815 , info NCE loss:6.2124
[2024-12-24 21:12:03,641][INFO] Epoch[9/15], train B-acc: 0.6797(0.6016-0.7601), test B-acc: 0.5938(0.5208-0.6731)
[2024-12-24 21:12:03,641][INFO] Epoch[9/15], train AUC: 0.9007(0.8288-0.9534), test AUC: 0.8080(0.6894-0.8971)
[2024-12-24 21:13:48,814][INFO] Epoch[10/15], loss:0.9562, CE loss:0.3734 , info NCE loss:6.2009
[2024-12-24 21:13:48,814][INFO] Epoch[10/15], train B-acc: 0.6899(0.6139-0.7680), test B-acc: 0.6129(0.5385-0.6964)
[2024-12-24 21:13:48,814][INFO] Epoch[10/15], train AUC: 0.9129(0.8464-0.9621), test AUC: 0.8256(0.7075-0.9099)
[2024-12-24 21:15:33,037][INFO] Epoch[11/15], loss:0.9475, CE loss:0.3660 , info NCE loss:6.1809
[2024-12-24 21:15:33,038][INFO] Epoch[11/15], train B-acc: 0.7179(0.6384-0.7919), test B-acc: 0.6957(0.6034-0.7895)
[2024-12-24 21:15:33,038][INFO] Epoch[11/15], train AUC: 0.9241(0.8645-0.9696), test AUC: 0.8329(0.7168-0.9216)
[2024-12-24 21:17:17,387][INFO] Epoch[12/15], loss:0.9397, CE loss:0.3587 , info NCE loss:6.1686
[2024-12-24 21:17:17,388][INFO] Epoch[12/15], train B-acc: 0.7680(0.6891-0.8485), test B-acc: 0.7143(0.6200-0.8200)
[2024-12-24 21:17:17,388][INFO] Epoch[12/15], train AUC: 0.9349(0.8731-0.9757), test AUC: 0.8397(0.7442-0.9219)
[2024-12-24 21:19:02,162][INFO] Epoch[13/15], loss:0.9326, CE loss:0.3521 , info NCE loss:6.1573
[2024-12-24 21:19:02,162][INFO] Epoch[13/15], train B-acc: 0.8200(0.7411-0.8954), test B-acc: 0.7202(0.6190-0.8202)
[2024-12-24 21:19:02,162][INFO] Epoch[13/15], train AUC: 0.9450(0.8853-0.9797), test AUC: 0.8430(0.7319-0.9249)
[2024-12-24 21:20:46,289][INFO] Epoch[14/15], loss:0.9278, CE loss:0.3480 , info NCE loss:6.1459
[2024-12-24 21:20:46,289][INFO] Epoch[14/15], train B-acc: 0.7875(0.7079-0.8649), test B-acc: 0.7115(0.6111-0.8125)
[2024-12-24 21:20:46,289][INFO] Epoch[14/15], train AUC: 0.9540(0.9015-0.9842), test AUC: 0.8462(0.7416-0.9304)
[2024-12-24 21:22:28,263][INFO] Epoch[15/15], loss:0.9184, CE loss:0.3389 , info NCE loss:6.1346
[2024-12-24 21:22:28,264][INFO] Epoch[15/15], train B-acc: 0.8573(0.7860-0.9223), test B-acc: 0.7547(0.6524-0.8571)
[2024-12-24 21:22:28,264][INFO] Epoch[15/15], train AUC: 0.9615(0.9115-0.9890), test AUC: 0.8529(0.7412-0.9304)
