[2025-01-20 14:12:45,423][INFO] Running PROJECT: CRC-DX, P LEARNING RATE: 0.0001, OPTIMIZER: ADAMW, NUM EPOCHS: 80, BATCH SIZE: 2048, DEVICES: cuda, SMOOTHING: 0.1
[2025-01-20 14:12:45,425][INFO] params["in_chans"]=[200, 16]python run_MIL_model.py --proj CRC-DX --num_epochs 80 --plr 1e-4  --smoothing 0.1
[2025-01-20 14:12:45,425][INFO] params["dims"]=[512, 512]温度参数0.55
[2025-01-20 14:12:45,425][INFO] params["out_chans"]=[16, 8]
[2025-01-20 14:12:45,425][INFO] params["heads"]=[8, 4]
[2025-01-20 14:12:45,425][INFO] params["dropout"]=[0.8, 0.4, 0.4]
[2025-01-20 14:14:34,201][INFO] Epoch[1/80], loss:1.5554, CE loss:0.5086 , info NCE loss:7.4876
[2025-01-20 14:14:34,201][INFO] Epoch[1/80], train B-acc: 0.5000(0.5000-0.5000), test B-acc: 0.5000(0.5000-0.5000)
[2025-01-20 14:14:34,202][INFO] Epoch[1/80], train AUC: 0.6372(0.5264-0.7453), test AUC: 0.7089(0.5918-0.8240)
[2025-01-20 14:16:28,713][INFO] Epoch[2/80], loss:1.4988, CE loss:0.4670 , info NCE loss:7.3460
[2025-01-20 14:16:28,713][INFO] Epoch[2/80], train B-acc: 0.5000(0.5000-0.5000), test B-acc: 0.5000(0.5000-0.5000)
[2025-01-20 14:16:28,713][INFO] Epoch[2/80], train AUC: 0.6888(0.5788-0.8005), test AUC: 0.7296(0.6076-0.8392)
[2025-01-20 14:18:24,690][INFO] Epoch[3/80], loss:1.4540, CE loss:0.4565 , info NCE loss:7.1064
[2025-01-20 14:18:24,691][INFO] Epoch[3/80], train B-acc: 0.5128(0.5000-0.5469), test B-acc: 0.5000(0.5000-0.5000)
[2025-01-20 14:18:24,691][INFO] Epoch[3/80], train AUC: 0.7165(0.6074-0.8136), test AUC: 0.7123(0.5792-0.8160)
[2025-01-20 14:20:19,077][INFO] Epoch[4/80], loss:1.4286, CE loss:0.4440 , info NCE loss:7.0085
[2025-01-20 14:20:19,078][INFO] Epoch[4/80], train B-acc: 0.5375(0.5000-0.5875), test B-acc: 0.5000(0.5000-0.5000)
[2025-01-20 14:20:19,078][INFO] Epoch[4/80], train AUC: 0.7447(0.6419-0.8360), test AUC: 0.7041(0.5755-0.8171)
[2025-01-20 14:22:09,378][INFO] Epoch[5/80], loss:1.4123, CE loss:0.4362 , info NCE loss:6.9437
[2025-01-20 14:22:09,378][INFO] Epoch[5/80], train B-acc: 0.5625(0.5145-0.6228), test B-acc: 0.5179(0.5000-0.5652)
[2025-01-20 14:22:09,378][INFO] Epoch[5/80], train AUC: 0.7704(0.6732-0.8583), test AUC: 0.7121(0.5854-0.8232)
[2025-01-20 14:24:00,530][INFO] Epoch[6/80], loss:1.3999, CE loss:0.4285 , info NCE loss:6.9043
[2025-01-20 14:24:00,530][INFO] Epoch[6/80], train B-acc: 0.5629(0.5139-0.6263), test B-acc: 0.5385(0.5000-0.6000)
[2025-01-20 14:24:00,530][INFO] Epoch[6/80], train AUC: 0.7890(0.6868-0.8747), test AUC: 0.7165(0.5884-0.8304)
[2025-01-20 14:25:51,499][INFO] Epoch[7/80], loss:1.3897, CE loss:0.4208 , info NCE loss:6.8802
[2025-01-20 14:25:51,499][INFO] Epoch[7/80], train B-acc: 0.5849(0.5272-0.6516), test B-acc: 0.5370(0.5000-0.6000)
[2025-01-20 14:25:51,499][INFO] Epoch[7/80], train AUC: 0.8073(0.7198-0.8786), test AUC: 0.7323(0.6104-0.8358)
[2025-01-20 14:27:42,704][INFO] Epoch[8/80], loss:1.3809, CE loss:0.4145 , info NCE loss:6.8575
[2025-01-20 14:27:42,705][INFO] Epoch[8/80], train B-acc: 0.5886(0.5255-0.6562), test B-acc: 0.5357(0.5000-0.6000)
[2025-01-20 14:27:42,705][INFO] Epoch[8/80], train AUC: 0.8273(0.7436-0.8982), test AUC: 0.7462(0.6280-0.8501)
[2025-01-20 14:29:33,399][INFO] Epoch[9/80], loss:1.3741, CE loss:0.4094 , info NCE loss:6.8407
[2025-01-20 14:29:33,399][INFO] Epoch[9/80], train B-acc: 0.6005(0.5378-0.6727), test B-acc: 0.5526(0.5000-0.6250)
[2025-01-20 14:29:33,400][INFO] Epoch[9/80], train AUC: 0.8414(0.7534-0.9130), test AUC: 0.7526(0.6357-0.8581)
[2025-01-20 14:31:25,724][INFO] Epoch[10/80], loss:1.3665, CE loss:0.4034 , info NCE loss:6.8238
[2025-01-20 14:31:25,725][INFO] Epoch[10/80], train B-acc: 0.6379(0.5669-0.7169), test B-acc: 0.5750(0.5192-0.6458)
[2025-01-20 14:31:25,725][INFO] Epoch[10/80], train AUC: 0.8529(0.7740-0.9204), test AUC: 0.7637(0.6428-0.8695)
[2025-01-20 14:33:17,226][INFO] Epoch[11/80], loss:1.3602, CE loss:0.3989 , info NCE loss:6.8077
[2025-01-20 14:33:17,228][INFO] Epoch[11/80], train B-acc: 0.6283(0.5652-0.7075), test B-acc: 0.5536(0.5000-0.6250)
[2025-01-20 14:33:17,228][INFO] Epoch[11/80], train AUC: 0.8654(0.7824-0.9314), test AUC: 0.7844(0.6649-0.8777)
[2025-01-20 14:35:09,459][INFO] Epoch[12/80], loss:1.3548, CE loss:0.3940 , info NCE loss:6.7994
[2025-01-20 14:35:09,459][INFO] Epoch[12/80], train B-acc: 0.6361(0.5762-0.7125), test B-acc: 0.5926(0.5227-0.6800)
[2025-01-20 14:35:09,459][INFO] Epoch[12/80], train AUC: 0.8744(0.7980-0.9345), test AUC: 0.7895(0.6766-0.8848)
[2025-01-20 14:37:00,722][INFO] Epoch[13/80], loss:1.3494, CE loss:0.3902 , info NCE loss:6.7850
[2025-01-20 14:37:00,723][INFO] Epoch[13/80], train B-acc: 0.6528(0.5811-0.7336), test B-acc: 0.5938(0.5217-0.6774)
[2025-01-20 14:37:00,723][INFO] Epoch[13/80], train AUC: 0.8854(0.8104-0.9408), test AUC: 0.7957(0.6797-0.8875)
[2025-01-20 14:38:52,110][INFO] Epoch[14/80], loss:1.3447, CE loss:0.3860 , info NCE loss:6.7779
[2025-01-20 14:38:52,111][INFO] Epoch[14/80], train B-acc: 0.6544(0.5815-0.7331), test B-acc: 0.5962(0.5217-0.6774)
[2025-01-20 14:38:52,112][INFO] Epoch[14/80], train AUC: 0.8935(0.8200-0.9480), test AUC: 0.8070(0.7005-0.9012)
[2025-01-20 14:40:45,001][INFO] Epoch[15/80], loss:1.3391, CE loss:0.3821 , info NCE loss:6.7623
[2025-01-20 14:40:45,001][INFO] Epoch[15/80], train B-acc: 0.6655(0.5915-0.7434), test B-acc: 0.5962(0.5263-0.6818)
[2025-01-20 14:40:45,001][INFO] Epoch[15/80], train AUC: 0.8964(0.8267-0.9518), test AUC: 0.8150(0.7086-0.9035)
[2025-01-20 14:42:36,191][INFO] Epoch[16/80], loss:1.3350, CE loss:0.3775 , info NCE loss:6.7609
[2025-01-20 14:42:36,192][INFO] Epoch[16/80], train B-acc: 0.6789(0.6075-0.7526), test B-acc: 0.6136(0.5435-0.6970)
[2025-01-20 14:42:36,192][INFO] Epoch[16/80], train AUC: 0.9035(0.8328-0.9565), test AUC: 0.8253(0.7093-0.9104)
[2025-01-20 14:44:28,139][INFO] Epoch[17/80], loss:1.3307, CE loss:0.3747 , info NCE loss:6.7481
[2025-01-20 14:44:28,140][INFO] Epoch[17/80], train B-acc: 0.6806(0.6053-0.7561), test B-acc: 0.6111(0.5370-0.6957)
[2025-01-20 14:44:28,140][INFO] Epoch[17/80], train AUC: 0.9093(0.8363-0.9578), test AUC: 0.8275(0.7176-0.9154)
[2025-01-20 14:46:19,559][INFO] Epoch[18/80], loss:1.3255, CE loss:0.3700 , info NCE loss:6.7396
[2025-01-20 14:46:19,559][INFO] Epoch[18/80], train B-acc: 0.7055(0.6253-0.7857), test B-acc: 0.6500(0.5690-0.7400)
[2025-01-20 14:46:19,560][INFO] Epoch[18/80], train AUC: 0.9139(0.8458-0.9601), test AUC: 0.8332(0.7286-0.9163)
[2025-01-20 14:48:11,815][INFO] Epoch[19/80], loss:1.3223, CE loss:0.3674 , info NCE loss:6.7334
[2025-01-20 14:48:11,815][INFO] Epoch[19/80], train B-acc: 0.6811(0.6000-0.7571), test B-acc: 0.6333(0.5500-0.7200)
[2025-01-20 14:48:11,815][INFO] Epoch[19/80], train AUC: 0.9190(0.8556-0.9653), test AUC: 0.8368(0.7313-0.9187)
[2025-01-20 14:50:09,375][INFO] Epoch[20/80], loss:1.3177, CE loss:0.3633 , info NCE loss:6.7265
[2025-01-20 14:50:09,375][INFO] Epoch[20/80], train B-acc: 0.7072(0.6289-0.7835), test B-acc: 0.6500(0.5682-0.7419)
[2025-01-20 14:50:09,376][INFO] Epoch[20/80], train AUC: 0.9249(0.8588-0.9670), test AUC: 0.8453(0.7424-0.9257)
[2025-01-20 14:52:01,009][INFO] Epoch[21/80], loss:1.3145, CE loss:0.3601 , info NCE loss:6.7223
[2025-01-20 14:52:01,009][INFO] Epoch[21/80], train B-acc: 0.7187(0.6396-0.8011), test B-acc: 0.6724(0.5862-0.7727)
[2025-01-20 14:52:01,009][INFO] Epoch[21/80], train AUC: 0.9270(0.8575-0.9703), test AUC: 0.8471(0.7526-0.9254)
[2025-01-20 14:53:52,174][INFO] Epoch[22/80], loss:1.3120, CE loss:0.3583 , info NCE loss:6.7160
[2025-01-20 14:53:52,174][INFO] Epoch[22/80], train B-acc: 0.7181(0.6440-0.7992), test B-acc: 0.6923(0.6000-0.7917)
[2025-01-20 14:53:52,174][INFO] Epoch[22/80], train AUC: 0.9342(0.8693-0.9728), test AUC: 0.8483(0.7563-0.9259)
[2025-01-20 14:55:43,117][INFO] Epoch[23/80], loss:1.3076, CE loss:0.3546 , info NCE loss:6.7081
[2025-01-20 14:55:43,118][INFO] Epoch[23/80], train B-acc: 0.7083(0.6290-0.7907), test B-acc: 0.6538(0.5714-0.7500)
[2025-01-20 14:55:43,118][INFO] Epoch[23/80], train AUC: 0.9363(0.8747-0.9745), test AUC: 0.8514(0.7527-0.9350)
[2025-01-20 14:57:34,399][INFO] Epoch[24/80], loss:1.3052, CE loss:0.3518 , info NCE loss:6.7079
[2025-01-20 14:57:34,399][INFO] Epoch[24/80], train B-acc: 0.7568(0.6738-0.8361), test B-acc: 0.7024(0.6072-0.8000)
[2025-01-20 14:57:34,399][INFO] Epoch[24/80], train AUC: 0.9394(0.8752-0.9778), test AUC: 0.8544(0.7469-0.9352)
[2025-01-20 14:59:26,920][INFO] Epoch[25/80], loss:1.3015, CE loss:0.3482 , info NCE loss:6.7035
[2025-01-20 14:59:26,921][INFO] Epoch[25/80], train B-acc: 0.7706(0.6959-0.8484), test B-acc: 0.7000(0.6111-0.8000)
[2025-01-20 14:59:26,921][INFO] Epoch[25/80], train AUC: 0.9442(0.8825-0.9796), test AUC: 0.8602(0.7630-0.9361)
[2025-01-20 15:01:24,144][INFO] Epoch[26/80], loss:1.2986, CE loss:0.3456 , info NCE loss:6.6989
[2025-01-20 15:01:24,144][INFO] Epoch[26/80], train B-acc: 0.7834(0.7004-0.8613), test B-acc: 0.7095(0.6053-0.8103)
[2025-01-20 15:01:24,144][INFO] Epoch[26/80], train AUC: 0.9471(0.8911-0.9811), test AUC: 0.8690(0.7709-0.9394)
[2025-01-20 15:03:24,388][INFO] Epoch[27/80], loss:1.2958, CE loss:0.3430 , info NCE loss:6.6952
[2025-01-20 15:03:24,389][INFO] Epoch[27/80], train B-acc: 0.7766(0.6944-0.8594), test B-acc: 0.7044(0.6091-0.8012)
[2025-01-20 15:03:24,389][INFO] Epoch[27/80], train AUC: 0.9505(0.8953-0.9825), test AUC: 0.8667(0.7718-0.9427)
[2025-01-20 15:05:16,749][INFO] Epoch[28/80], loss:1.2928, CE loss:0.3404 , info NCE loss:6.6896
[2025-01-20 15:05:16,749][INFO] Epoch[28/80], train B-acc: 0.7907(0.7105-0.8676), test B-acc: 0.7048(0.6071-0.8103)
[2025-01-20 15:05:16,750][INFO] Epoch[28/80], train AUC: 0.9537(0.8988-0.9844), test AUC: 0.8725(0.7763-0.9471)
[2025-01-20 15:07:08,423][INFO] Epoch[29/80], loss:1.2903, CE loss:0.3380 , info NCE loss:6.6867
[2025-01-20 15:07:08,424][INFO] Epoch[29/80], train B-acc: 0.8140(0.7300-0.8874), test B-acc: 0.7237(0.6309-0.8261)
[2025-01-20 15:07:08,424][INFO] Epoch[29/80], train AUC: 0.9556(0.9002-0.9856), test AUC: 0.8714(0.7792-0.9440)
[2025-01-20 15:09:00,498][INFO] Epoch[30/80], loss:1.2873, CE loss:0.3351 , info NCE loss:6.6830
[2025-01-20 15:09:00,498][INFO] Epoch[30/80], train B-acc: 0.7889(0.7083-0.8654), test B-acc: 0.6852(0.5826-0.7812)
[2025-01-20 15:09:00,498][INFO] Epoch[30/80], train AUC: 0.9578(0.9048-0.9873), test AUC: 0.8782(0.7810-0.9459)
[2025-01-20 15:10:51,394][INFO] Epoch[31/80], loss:1.2848, CE loss:0.3325 , info NCE loss:6.6811
[2025-01-20 15:10:51,394][INFO] Epoch[31/80], train B-acc: 0.8158(0.7326-0.8966), test B-acc: 0.7000(0.6062-0.7933)
[2025-01-20 15:10:51,395][INFO] Epoch[31/80], train AUC: 0.9610(0.9119-0.9887), test AUC: 0.8747(0.7888-0.9467)
[2025-01-20 15:12:42,695][INFO] Epoch[32/80], loss:1.2821, CE loss:0.3306 , info NCE loss:6.6739
[2025-01-20 15:12:42,695][INFO] Epoch[32/80], train B-acc: 0.8333(0.7500-0.9038), test B-acc: 0.7258(0.6262-0.8268)
[2025-01-20 15:12:42,696][INFO] Epoch[32/80], train AUC: 0.9616(0.9133-0.9900), test AUC: 0.8814(0.7864-0.9481)
[2025-01-20 15:14:34,637][INFO] Epoch[33/80], loss:1.2796, CE loss:0.3280 , info NCE loss:6.6717
[2025-01-20 15:14:34,637][INFO] Epoch[33/80], train B-acc: 0.8333(0.7500-0.9000), test B-acc: 0.7241(0.6307-0.8254)
[2025-01-20 15:14:34,637][INFO] Epoch[33/80], train AUC: 0.9654(0.9173-0.9896), test AUC: 0.8811(0.7859-0.9463)
[2025-01-20 15:16:26,620][INFO] Epoch[34/80], loss:1.2772, CE loss:0.3263 , info NCE loss:6.6653
[2025-01-20 15:16:26,622][INFO] Epoch[34/80], train B-acc: 0.8286(0.7564-0.9091), test B-acc: 0.7047(0.6125-0.8077)
[2025-01-20 15:16:26,622][INFO] Epoch[34/80], train AUC: 0.9677(0.9243-0.9912), test AUC: 0.8835(0.7960-0.9472)
[2025-01-20 15:18:18,779][INFO] Epoch[35/80], loss:1.2758, CE loss:0.3244 , info NCE loss:6.6669
[2025-01-20 15:18:18,779][INFO] Epoch[35/80], train B-acc: 0.8259(0.7455-0.9000), test B-acc: 0.7017(0.6133-0.7979)
[2025-01-20 15:18:18,780][INFO] Epoch[35/80], train AUC: 0.9679(0.9231-0.9913), test AUC: 0.8818(0.7956-0.9525)
[2025-01-20 15:20:10,615][INFO] Epoch[36/80], loss:1.2726, CE loss:0.3219 , info NCE loss:6.6599
[2025-01-20 15:20:10,616][INFO] Epoch[36/80], train B-acc: 0.8233(0.7478-0.8905), test B-acc: 0.7240(0.6316-0.8250)
[2025-01-20 15:20:10,616][INFO] Epoch[36/80], train AUC: 0.9698(0.9292-0.9931), test AUC: 0.8848(0.7939-0.9526)
[2025-01-20 15:22:01,920][INFO] Epoch[37/80], loss:1.2705, CE loss:0.3198 , info NCE loss:6.6580
[2025-01-20 15:22:01,920][INFO] Epoch[37/80], train B-acc: 0.8266(0.7477-0.8978), test B-acc: 0.7241(0.6190-0.8250)
[2025-01-20 15:22:01,920][INFO] Epoch[37/80], train AUC: 0.9726(0.9353-0.9944), test AUC: 0.8843(0.7957-0.9532)
[2025-01-20 15:23:54,186][INFO] Epoch[38/80], loss:1.2687, CE loss:0.3179 , info NCE loss:6.6567
[2025-01-20 15:23:54,186][INFO] Epoch[38/80], train B-acc: 0.8274(0.7477-0.9010), test B-acc: 0.7240(0.6200-0.8188)
[2025-01-20 15:23:54,188][INFO] Epoch[38/80], train AUC: 0.9745(0.9413-0.9945), test AUC: 0.8862(0.8018-0.9528)
[2025-01-20 15:25:47,507][INFO] Epoch[39/80], loss:1.2675, CE loss:0.3172 , info NCE loss:6.6527
[2025-01-20 15:25:47,507][INFO] Epoch[39/80], train B-acc: 0.8359(0.7556-0.9122), test B-acc: 0.7157(0.6174-0.8182)
[2025-01-20 15:25:47,507][INFO] Epoch[39/80], train AUC: 0.9760(0.9418-0.9946), test AUC: 0.8862(0.7973-0.9519)
[2025-01-20 15:26:36,669][INFO] Epoch 40 retry 1 of 5, loss did not decrease.
[2025-01-20 15:28:23,369][INFO] Epoch[40/80], loss:1.2652, CE loss:0.3145 , info NCE loss:6.6523
[2025-01-20 15:28:23,369][INFO] Epoch[40/80], train B-acc: 0.8868(0.8191-0.9437), test B-acc: 0.7667(0.6626-0.8618)
[2025-01-20 15:28:23,369][INFO] Epoch[40/80], train AUC: 0.9790(0.9459-0.9956), test AUC: 0.8849(0.7995-0.9539)
[2025-01-20 15:30:16,698][INFO] Epoch[41/80], loss:1.2627, CE loss:0.3121 , info NCE loss:6.6496
[2025-01-20 15:30:16,699][INFO] Epoch[41/80], train B-acc: 0.8500(0.7733-0.9165), test B-acc: 0.7183(0.6174-0.8182)
[2025-01-20 15:30:16,699][INFO] Epoch[41/80], train AUC: 0.9796(0.9492-0.9963), test AUC: 0.8860(0.8005-0.9515)
[2025-01-20 15:32:09,950][INFO] Epoch[42/80], loss:1.2589, CE loss:0.3095 , info NCE loss:6.6392
[2025-01-20 15:32:09,951][INFO] Epoch[42/80], train B-acc: 0.8514(0.7727-0.9231), test B-acc: 0.7133(0.6171-0.8153)
[2025-01-20 15:32:09,951][INFO] Epoch[42/80], train AUC: 0.9810(0.9510-0.9965), test AUC: 0.8827(0.7917-0.9486)
[2025-01-20 15:34:03,241][INFO] Epoch[43/80], loss:1.2577, CE loss:0.3074 , info NCE loss:6.6431
[2025-01-20 15:34:03,242][INFO] Epoch[43/80], train B-acc: 0.8376(0.7571-0.9130), test B-acc: 0.7171(0.6197-0.8174)
[2025-01-20 15:34:03,242][INFO] Epoch[43/80], train AUC: 0.9825(0.9509-0.9973), test AUC: 0.8869(0.7922-0.9543)
[2025-01-20 15:35:54,820][INFO] Epoch[44/80], loss:1.2563, CE loss:0.3056 , info NCE loss:6.6431
[2025-01-20 15:35:54,821][INFO] Epoch[44/80], train B-acc: 0.8393(0.7601-0.9144), test B-acc: 0.7174(0.6168-0.8135)
[2025-01-20 15:35:54,821][INFO] Epoch[44/80], train AUC: 0.9842(0.9569-0.9976), test AUC: 0.8841(0.7968-0.9488)
[2025-01-20 15:37:47,301][INFO] Epoch[45/80], loss:1.2537, CE loss:0.3039 , info NCE loss:6.6359
[2025-01-20 15:37:47,301][INFO] Epoch[45/80], train B-acc: 0.8261(0.7500-0.9005), test B-acc: 0.7045(0.6067-0.8009)
[2025-01-20 15:37:47,301][INFO] Epoch[45/80], train AUC: 0.9846(0.9581-0.9974), test AUC: 0.8840(0.7995-0.9485)
[2025-01-20 15:39:39,126][INFO] Epoch[46/80], loss:1.2533, CE loss:0.3031 , info NCE loss:6.6379
[2025-01-20 15:39:39,126][INFO] Epoch[46/80], train B-acc: 0.8922(0.8227-0.9527), test B-acc: 0.7492(0.6525-0.8413)
[2025-01-20 15:39:39,127][INFO] Epoch[46/80], train AUC: 0.9860(0.9619-0.9979), test AUC: 0.8860(0.8024-0.9509)
[2025-01-20 15:41:31,744][INFO] Epoch[47/80], loss:1.2515, CE loss:0.3016 , info NCE loss:6.6347
[2025-01-20 15:41:31,745][INFO] Epoch[47/80], train B-acc: 0.9185(0.8477-0.9714), test B-acc: 0.7692(0.6719-0.8600)
[2025-01-20 15:41:31,745][INFO] Epoch[47/80], train AUC: 0.9864(0.9616-0.9982), test AUC: 0.8849(0.8018-0.9501)
[2025-01-20 15:43:24,290][INFO] Epoch[48/80], loss:1.2502, CE loss:0.3006 , info NCE loss:6.6309
[2025-01-20 15:43:24,291][INFO] Epoch[48/80], train B-acc: 0.9429(0.8895-0.9865), test B-acc: 0.7831(0.6831-0.8786)
[2025-01-20 15:43:24,291][INFO] Epoch[48/80], train AUC: 0.9868(0.9642-0.9985), test AUC: 0.8813(0.7914-0.9481)
[2025-01-20 15:45:14,755][INFO] Epoch[49/80], loss:1.2483, CE loss:0.2987 , info NCE loss:6.6294
[2025-01-20 15:45:14,755][INFO] Epoch[49/80], train B-acc: 0.8907(0.8264-0.9522), test B-acc: 0.7509(0.6507-0.8500)
[2025-01-20 15:45:14,755][INFO] Epoch[49/80], train AUC: 0.9875(0.9668-0.9985), test AUC: 0.8878(0.8000-0.9476)
[2025-01-20 15:47:07,764][INFO] Epoch[50/80], loss:1.2469, CE loss:0.2966 , info NCE loss:6.6321
[2025-01-20 15:47:07,764][INFO] Epoch[50/80], train B-acc: 0.8933(0.8204-0.9524), test B-acc: 0.7452(0.6481-0.8476)
[2025-01-20 15:47:07,764][INFO] Epoch[50/80], train AUC: 0.9894(0.9698-0.9987), test AUC: 0.8803(0.7947-0.9462)
[2025-01-20 15:49:01,394][INFO] Epoch[51/80], loss:1.2459, CE loss:0.2958 , info NCE loss:6.6298
[2025-01-20 15:49:01,394][INFO] Epoch[51/80], train B-acc: 0.9444(0.8902-0.9865), test B-acc: 0.8035(0.6987-0.8936)
[2025-01-20 15:49:01,395][INFO] Epoch[51/80], train AUC: 0.9906(0.9742-0.9990), test AUC: 0.8815(0.7974-0.9467)
[2025-01-20 15:50:58,901][INFO] Epoch[52/80], loss:1.2434, CE loss:0.2937 , info NCE loss:6.6246
[2025-01-20 15:50:58,901][INFO] Epoch[52/80], train B-acc: 0.9054(0.8415-0.9621), test B-acc: 0.7504(0.6513-0.8451)
[2025-01-20 15:50:58,901][INFO] Epoch[52/80], train AUC: 0.9906(0.9751-0.9988), test AUC: 0.8829(0.7949-0.9507)
[2025-01-20 15:52:51,189][INFO] Epoch[53/80], loss:1.2433, CE loss:0.2925 , info NCE loss:6.6309
[2025-01-20 15:52:51,189][INFO] Epoch[53/80], train B-acc: 0.9040(0.8338-0.9595), test B-acc: 0.7516(0.6518-0.8508)
[2025-01-20 15:52:51,190][INFO] Epoch[53/80], train AUC: 0.9911(0.9762-0.9987), test AUC: 0.8816(0.7932-0.9498)
[2025-01-20 15:54:43,932][INFO] Epoch[54/80], loss:1.2411, CE loss:0.2914 , info NCE loss:6.6225
[2025-01-20 15:54:43,933][INFO] Epoch[54/80], train B-acc: 0.9583(0.9099-0.9955), test B-acc: 0.7921(0.6933-0.8793)
[2025-01-20 15:54:43,933][INFO] Epoch[54/80], train AUC: 0.9925(0.9786-0.9989), test AUC: 0.8799(0.7929-0.9444)
[2025-01-20 15:56:37,295][INFO] Epoch[55/80], loss:1.2399, CE loss:0.2904 , info NCE loss:6.6200
[2025-01-20 15:56:37,295][INFO] Epoch[55/80], train B-acc: 0.9444(0.8862-0.9865), test B-acc: 0.8000(0.7085-0.8933)
[2025-01-20 15:56:37,295][INFO] Epoch[55/80], train AUC: 0.9927(0.9809-0.9996), test AUC: 0.8803(0.7973-0.9474)
[2025-01-20 15:58:27,896][INFO] Epoch[56/80], loss:1.2383, CE loss:0.2885 , info NCE loss:6.6203
[2025-01-20 15:58:27,897][INFO] Epoch[56/80], train B-acc: 0.9306(0.8694-0.9821), test B-acc: 0.7435(0.6403-0.8508)
[2025-01-20 15:58:27,897][INFO] Epoch[56/80], train AUC: 0.9926(0.9807-0.9994), test AUC: 0.8823(0.7968-0.9480)
[2025-01-20 16:00:19,513][INFO] Epoch[57/80], loss:1.2364, CE loss:0.2871 , info NCE loss:6.6156
[2025-01-20 16:00:19,514][INFO] Epoch[57/80], train B-acc: 0.9313(0.8716-0.9793), test B-acc: 0.7649(0.6540-0.8654)
[2025-01-20 16:00:19,514][INFO] Epoch[57/80], train AUC: 0.9936(0.9820-0.9995), test AUC: 0.8800(0.7992-0.9470)
[2025-01-20 16:02:13,899][INFO] Epoch[58/80], loss:1.2358, CE loss:0.2860 , info NCE loss:6.6179
[2025-01-20 16:02:13,899][INFO] Epoch[58/80], train B-acc: 0.9588(0.9094-0.9955), test B-acc: 0.7929(0.6937-0.8800)
[2025-01-20 16:02:13,899][INFO] Epoch[58/80], train AUC: 0.9942(0.9839-0.9995), test AUC: 0.8757(0.7892-0.9447)
[2025-01-20 16:04:03,480][INFO] Epoch[59/80], loss:1.2353, CE loss:0.2853 , info NCE loss:6.6185
[2025-01-20 16:04:03,480][INFO] Epoch[59/80], train B-acc: 0.9565(0.9053-0.9956), test B-acc: 0.7937(0.6921-0.8871)
[2025-01-20 16:04:03,480][INFO] Epoch[59/80], train AUC: 0.9947(0.9861-0.9996), test AUC: 0.8771(0.7942-0.9476)
[2025-01-20 16:05:54,390][INFO] Epoch[60/80], loss:1.2334, CE loss:0.2836 , info NCE loss:6.6154
[2025-01-20 16:05:54,390][INFO] Epoch[60/80], train B-acc: 0.9593(0.9097-0.9955), test B-acc: 0.7807(0.6733-0.8748)
[2025-01-20 16:05:54,390][INFO] Epoch[60/80], train AUC: 0.9950(0.9873-0.9997), test AUC: 0.8758(0.7931-0.9435)
[2025-01-20 16:07:45,224][INFO] Epoch[61/80], loss:1.2317, CE loss:0.2823 , info NCE loss:6.6117
[2025-01-20 16:07:45,224][INFO] Epoch[61/80], train B-acc: 0.9583(0.9033-0.9955), test B-acc: 0.7942(0.7000-0.8848)
[2025-01-20 16:07:45,224][INFO] Epoch[61/80], train AUC: 0.9954(0.9878-0.9996), test AUC: 0.8798(0.7913-0.9488)
[2025-01-20 16:09:36,634][INFO] Epoch[62/80], loss:1.2308, CE loss:0.2816 , info NCE loss:6.6092
[2025-01-20 16:09:36,645][INFO] Epoch[62/80], train B-acc: 0.9584(0.9028-0.9976), test B-acc: 0.7928(0.7000-0.8899)
[2025-01-20 16:09:36,645][INFO] Epoch[62/80], train AUC: 0.9956(0.9882-0.9997), test AUC: 0.8734(0.7829-0.9411)
[2025-01-20 16:11:28,628][INFO] Epoch[63/80], loss:1.2284, CE loss:0.2799 , info NCE loss:6.6032
[2025-01-20 16:11:28,628][INFO] Epoch[63/80], train B-acc: 0.9565(0.9057-0.9955), test B-acc: 0.7907(0.6849-0.8804)
[2025-01-20 16:11:28,630][INFO] Epoch[63/80], train AUC: 0.9955(0.9879-0.9997), test AUC: 0.8722(0.7902-0.9437)
[2025-01-20 16:12:19,409][INFO] Epoch 64 retry 1 of 5, loss did not decrease.
[2025-01-20 16:14:05,541][INFO] Epoch[64/80], loss:1.2266, CE loss:0.2779 , info NCE loss:6.6024
[2025-01-20 16:14:05,541][INFO] Epoch[64/80], train B-acc: 0.9568(0.9079-0.9954), test B-acc: 0.7905(0.6928-0.8893)
[2025-01-20 16:14:05,541][INFO] Epoch[64/80], train AUC: 0.9970(0.9919-0.9999), test AUC: 0.8740(0.7835-0.9405)
[2025-01-20 16:15:58,097][INFO] Epoch[65/80], loss:1.2264, CE loss:0.2766 , info NCE loss:6.6085
[2025-01-20 16:15:58,098][INFO] Epoch[65/80], train B-acc: 0.9579(0.9069-0.9956), test B-acc: 0.7557(0.6535-0.8508)
[2025-01-20 16:15:58,098][INFO] Epoch[65/80], train AUC: 0.9972(0.9917-1.0000), test AUC: 0.8768(0.7800-0.9427)
[2025-01-20 16:17:51,681][INFO] Epoch[66/80], loss:1.2253, CE loss:0.2759 , info NCE loss:6.6055
[2025-01-20 16:17:51,681][INFO] Epoch[66/80], train B-acc: 0.9684(0.9228-0.9955), test B-acc: 0.7922(0.6882-0.8762)
[2025-01-20 16:17:51,681][INFO] Epoch[66/80], train AUC: 0.9978(0.9933-1.0000), test AUC: 0.8741(0.7842-0.9402)
[2025-01-20 16:19:43,675][INFO] Epoch[67/80], loss:1.2243, CE loss:0.2752 , info NCE loss:6.6031
[2025-01-20 16:19:43,676][INFO] Epoch[67/80], train B-acc: 0.9573(0.9052-0.9956), test B-acc: 0.7907(0.6881-0.8867)
[2025-01-20 16:19:43,676][INFO] Epoch[67/80], train AUC: 0.9979(0.9930-1.0000), test AUC: 0.8752(0.7854-0.9432)
[2025-01-20 16:21:36,353][INFO] Epoch[68/80], loss:1.2231, CE loss:0.2737 , info NCE loss:6.6029
[2025-01-20 16:21:36,353][INFO] Epoch[68/80], train B-acc: 0.9713(0.9268-0.9978), test B-acc: 0.7892(0.6881-0.8895)
[2025-01-20 16:21:36,354][INFO] Epoch[68/80], train AUC: 0.9983(0.9940-1.0000), test AUC: 0.8720(0.7756-0.9462)
[2025-01-20 16:23:24,097][INFO] Epoch[69/80], loss:1.2213, CE loss:0.2723 , info NCE loss:6.5991
[2025-01-20 16:23:24,098][INFO] Epoch[69/80], train B-acc: 0.9580(0.9062-0.9956), test B-acc: 0.7764(0.6642-0.8760)
[2025-01-20 16:23:24,098][INFO] Epoch[69/80], train AUC: 0.9987(0.9952-1.0000), test AUC: 0.8761(0.7787-0.9477)
[2025-01-20 16:25:10,845][INFO] Epoch[70/80], loss:1.2207, CE loss:0.2713 , info NCE loss:6.6006
[2025-01-20 16:25:10,845][INFO] Epoch[70/80], train B-acc: 0.9714(0.9287-0.9978), test B-acc: 0.7934(0.7029-0.8859)
[2025-01-20 16:25:10,845][INFO] Epoch[70/80], train AUC: 0.9985(0.9950-1.0000), test AUC: 0.8768(0.7878-0.9424)
[2025-01-20 16:26:58,953][INFO] Epoch[71/80], loss:1.2198, CE loss:0.2710 , info NCE loss:6.5966
[2025-01-20 16:26:58,953][INFO] Epoch[71/80], train B-acc: 0.9565(0.9098-0.9955), test B-acc: 0.7959(0.6976-0.8825)
[2025-01-20 16:26:58,953][INFO] Epoch[71/80], train AUC: 0.9987(0.9953-1.0000), test AUC: 0.8745(0.7832-0.9400)
[2025-01-20 16:28:46,403][INFO] Epoch[72/80], loss:1.2197, CE loss:0.2696 , info NCE loss:6.6033
[2025-01-20 16:28:46,404][INFO] Epoch[72/80], train B-acc: 0.9707(0.9295-0.9977), test B-acc: 0.7929(0.6974-0.8768)
[2025-01-20 16:28:46,404][INFO] Epoch[72/80], train AUC: 0.9987(0.9953-1.0000), test AUC: 0.8713(0.7807-0.9424)
[2025-01-20 16:30:34,011][INFO] Epoch[73/80], loss:1.2180, CE loss:0.2684 , info NCE loss:6.5993
[2025-01-20 16:30:34,011][INFO] Epoch[73/80], train B-acc: 0.9714(0.9279-0.9978), test B-acc: 0.7914(0.6970-0.8904)
[2025-01-20 16:30:34,011][INFO] Epoch[73/80], train AUC: 0.9987(0.9957-1.0000), test AUC: 0.8705(0.7792-0.9438)
[2025-01-20 16:32:21,183][INFO] Epoch[74/80], loss:1.2164, CE loss:0.2675 , info NCE loss:6.5936
[2025-01-20 16:32:21,184][INFO] Epoch[74/80], train B-acc: 0.9710(0.9283-0.9978), test B-acc: 0.7952(0.6976-0.8903)
[2025-01-20 16:32:21,184][INFO] Epoch[74/80], train AUC: 0.9988(0.9956-1.0000), test AUC: 0.8725(0.7765-0.9419)
[2025-01-20 16:34:07,532][INFO] Epoch[75/80], loss:1.2155, CE loss:0.2667 , info NCE loss:6.5921
[2025-01-20 16:34:07,533][INFO] Epoch[75/80], train B-acc: 0.9706(0.9301-0.9978), test B-acc: 0.7938(0.6913-0.8893)
[2025-01-20 16:34:07,533][INFO] Epoch[75/80], train AUC: 0.9989(0.9962-1.0000), test AUC: 0.8704(0.7739-0.9442)
[2025-01-20 16:35:56,163][INFO] Epoch[76/80], loss:1.2151, CE loss:0.2657 , info NCE loss:6.5955
[2025-01-20 16:35:56,163][INFO] Epoch[76/80], train B-acc: 0.9704(0.9263-0.9978), test B-acc: 0.8143(0.7133-0.8968)
[2025-01-20 16:35:56,164][INFO] Epoch[76/80], train AUC: 0.9990(0.9962-1.0000), test AUC: 0.8690(0.7792-0.9386)
[2025-01-20 16:37:43,486][INFO] Epoch[77/80], loss:1.2151, CE loss:0.2666 , info NCE loss:6.5900
[2025-01-20 16:37:43,487][INFO] Epoch[77/80], train B-acc: 0.9714(0.9297-0.9978), test B-acc: 0.7928(0.6921-0.8902)
[2025-01-20 16:37:43,487][INFO] Epoch[77/80], train AUC: 0.9991(0.9966-1.0000), test AUC: 0.8656(0.7783-0.9457)
[2025-01-20 16:39:32,079][INFO] Epoch[78/80], loss:1.2122, CE loss:0.2634 , info NCE loss:6.5887
[2025-01-20 16:39:32,079][INFO] Epoch[78/80], train B-acc: 0.9716(0.9274-0.9978), test B-acc: 0.7921(0.6976-0.8936)
[2025-01-20 16:39:32,079][INFO] Epoch[78/80], train AUC: 0.9992(0.9966-1.0000), test AUC: 0.8683(0.7712-0.9397)
[2025-01-20 16:41:19,405][INFO] Epoch[79/80], loss:1.2121, CE loss:0.2629 , info NCE loss:6.5910
[2025-01-20 16:41:19,405][INFO] Epoch[79/80], train B-acc: 0.9839(0.9487-1.0000), test B-acc: 0.8143(0.7188-0.9018)
[2025-01-20 16:41:19,405][INFO] Epoch[79/80], train AUC: 0.9995(0.9976-1.0000), test AUC: 0.8668(0.7762-0.9392)
[2025-01-20 16:43:08,551][INFO] Epoch[80/80], loss:1.2113, CE loss:0.2624 , info NCE loss:6.5889
[2025-01-20 16:43:08,551][INFO] Epoch[80/80], train B-acc: 0.9714(0.9279-0.9978), test B-acc: 0.7925(0.6960-0.8869)
[2025-01-20 16:43:08,552][INFO] Epoch[80/80], train AUC: 0.9995(0.9976-1.0000), test AUC: 0.8684(0.7746-0.9397)
