[2024-12-25 18:34:14,673][INFO] Running PROJECT: CRC-DX, P LEARNING RATE: 0.001, OPTIMIZER: ADAMW, NUM EPOCHS: 20, BATCH SIZE: 2048, DEVICES: cuda, SMOOTHING: 0.1
[2024-12-25 18:34:14,673][INFO] params["in_chans"]=[200, 16]
[2024-12-25 18:34:14,673][INFO] params["dims"]=[512, 512]
[2024-12-25 18:34:14,674][INFO] params["out_chans"]=[16, 8]
[2024-12-25 18:34:14,674][INFO] params["heads"]=[8, 4]
[2024-12-25 18:34:14,674][INFO] params["dropout"]=[0.8, 0.4, 0.4]
[2024-12-25 18:37:09,631][INFO] Epoch[1/20], loss:1.7178, CE loss:1.0735 , info NCE loss:7.5160
[2024-12-25 18:37:09,631][INFO] Epoch[1/20], train B-acc: 0.5000(0.5000-0.5000), test B-acc: 0.5000(0.5000-0.5000)
[2024-12-25 18:37:09,631][INFO] Epoch[1/20], train AUC: 0.7001(0.5895-0.8053), test AUC: 0.6029(0.4531-0.7440)
[2024-12-25 18:39:45,778][INFO] Epoch[2/20], loss:1.2092, CE loss:0.5719 , info NCE loss:6.9440
[2024-12-25 18:39:45,779][INFO] Epoch[2/20], train B-acc: 0.5590(0.5096-0.6207), test B-acc: 0.5556(0.5000-0.6250)
[2024-12-25 18:39:45,779][INFO] Epoch[2/20], train AUC: 0.7545(0.6605-0.8362), test AUC: 0.6855(0.5468-0.8035)
[2024-12-25 18:41:54,869][INFO] Epoch[3/20], loss:1.0554, CE loss:0.4513 , info NCE loss:6.4927
[2024-12-25 18:41:54,869][INFO] Epoch[3/20], train B-acc: 0.6202(0.5564-0.6977), test B-acc: 0.5750(0.5185-0.6522)
[2024-12-25 18:41:54,870][INFO] Epoch[3/20], train AUC: 0.7786(0.6969-0.8583), test AUC: 0.6910(0.5579-0.8007)
[2024-12-25 18:43:56,443][INFO] Epoch[4/20], loss:1.0148, CE loss:0.4221 , info NCE loss:6.3486
[2024-12-25 18:43:56,443][INFO] Epoch[4/20], train B-acc: 0.5604(0.5113-0.6240), test B-acc: 0.5556(0.5000-0.6304)
[2024-12-25 18:43:56,443][INFO] Epoch[4/20], train AUC: 0.8059(0.7232-0.8853), test AUC: 0.7013(0.5749-0.8069)
[2024-12-25 18:46:00,824][INFO] Epoch[5/20], loss:0.9994, CE loss:0.4116 , info NCE loss:6.2897
[2024-12-25 18:46:00,824][INFO] Epoch[5/20], train B-acc: 0.6263(0.5601-0.6987), test B-acc: 0.5968(0.5227-0.6852)
[2024-12-25 18:46:00,824][INFO] Epoch[5/20], train AUC: 0.8292(0.7484-0.8954), test AUC: 0.7257(0.6136-0.8396)
[2024-12-25 18:48:07,521][INFO] Epoch[6/20], loss:0.9888, CE loss:0.4033 , info NCE loss:6.2583
[2024-12-25 18:48:07,521][INFO] Epoch[6/20], train B-acc: 0.6268(0.5606-0.7037), test B-acc: 0.5741(0.5179-0.6515)
[2024-12-25 18:48:07,521][INFO] Epoch[6/20], train AUC: 0.8495(0.7793-0.9152), test AUC: 0.7525(0.6386-0.8563)
[2024-12-25 18:50:11,355][INFO] Epoch[7/20], loss:0.9788, CE loss:0.3959 , info NCE loss:6.2249
[2024-12-25 18:50:11,356][INFO] Epoch[7/20], train B-acc: 0.6411(0.5713-0.7120), test B-acc: 0.5750(0.5185-0.6600)
[2024-12-25 18:50:11,356][INFO] Epoch[7/20], train AUC: 0.8669(0.7887-0.9322), test AUC: 0.7646(0.6374-0.8688)
[2024-12-25 18:52:13,545][INFO] Epoch[8/20], loss:0.9707, CE loss:0.3892 , info NCE loss:6.2042
[2024-12-25 18:52:13,545][INFO] Epoch[8/20], train B-acc: 0.6645(0.5940-0.7432), test B-acc: 0.6136(0.5435-0.7000)
[2024-12-25 18:52:13,545][INFO] Epoch[8/20], train AUC: 0.8800(0.8061-0.9335), test AUC: 0.7859(0.6753-0.8859)
[2024-12-25 18:54:15,752][INFO] Epoch[9/20], loss:0.9621, CE loss:0.3822 , info NCE loss:6.1811
[2024-12-25 18:54:15,752][INFO] Epoch[9/20], train B-acc: 0.6824(0.6079-0.7590), test B-acc: 0.6304(0.5500-0.7188)
[2024-12-25 18:54:15,753][INFO] Epoch[9/20], train AUC: 0.8925(0.8185-0.9438), test AUC: 0.7938(0.6813-0.8869)
[2024-12-25 18:56:19,089][INFO] Epoch[10/20], loss:0.9539, CE loss:0.3755 , info NCE loss:6.1597
[2024-12-25 18:56:19,089][INFO] Epoch[10/20], train B-acc: 0.6928(0.6154-0.7744), test B-acc: 0.6324(0.5556-0.7250)
[2024-12-25 18:56:19,089][INFO] Epoch[10/20], train AUC: 0.8998(0.8344-0.9513), test AUC: 0.8053(0.6924-0.8975)
[2024-12-25 18:58:21,673][INFO] Epoch[11/20], loss:0.9465, CE loss:0.3683 , info NCE loss:6.1506
[2024-12-25 18:58:21,673][INFO] Epoch[11/20], train B-acc: 0.7055(0.6306-0.7888), test B-acc: 0.6739(0.5870-0.7679)
[2024-12-25 18:58:21,673][INFO] Epoch[11/20], train AUC: 0.9079(0.8432-0.9555), test AUC: 0.8171(0.7077-0.9120)
[2024-12-25 19:00:24,123][INFO] Epoch[12/20], loss:0.9400, CE loss:0.3621 , info NCE loss:6.1411
[2024-12-25 19:00:24,124][INFO] Epoch[12/20], train B-acc: 0.7432(0.6608-0.8268), test B-acc: 0.6892(0.6000-0.7857)
[2024-12-25 19:00:24,124][INFO] Epoch[12/20], train AUC: 0.9191(0.8510-0.9632), test AUC: 0.8285(0.7183-0.9167)
[2024-12-25 19:02:30,470][INFO] Epoch[13/20], loss:0.9340, CE loss:0.3566 , info NCE loss:6.1309
[2024-12-25 19:02:30,470][INFO] Epoch[13/20], train B-acc: 0.7755(0.6922-0.8504), test B-acc: 0.6897(0.6000-0.7826)
[2024-12-25 19:02:30,470][INFO] Epoch[13/20], train AUC: 0.9279(0.8675-0.9664), test AUC: 0.8354(0.7357-0.9187)
[2024-12-25 19:04:40,515][INFO] Epoch[14/20], loss:0.9274, CE loss:0.3501 , info NCE loss:6.1223
[2024-12-25 19:04:40,516][INFO] Epoch[14/20], train B-acc: 0.7980(0.7172-0.8757), test B-acc: 0.7245(0.6254-0.8269)
[2024-12-25 19:04:40,516][INFO] Epoch[14/20], train AUC: 0.9353(0.8764-0.9748), test AUC: 0.8480(0.7442-0.9296)
[2024-12-25 19:06:43,897][INFO] Epoch[15/20], loss:0.9215, CE loss:0.3443 , info NCE loss:6.1165
[2024-12-25 19:06:43,898][INFO] Epoch[15/20], train B-acc: 0.7977(0.7148-0.8750), test B-acc: 0.7209(0.6304-0.8202)
[2024-12-25 19:06:43,898][INFO] Epoch[15/20], train AUC: 0.9427(0.8901-0.9789), test AUC: 0.8528(0.7436-0.9276)
[2024-12-25 19:08:45,813][INFO] Epoch[16/20], loss:0.9170, CE loss:0.3403 , info NCE loss:6.1076
[2024-12-25 19:08:45,813][INFO] Epoch[16/20], train B-acc: 0.8270(0.7559-0.9031), test B-acc: 0.7287(0.6262-0.8375)
[2024-12-25 19:08:45,813][INFO] Epoch[16/20], train AUC: 0.9500(0.9065-0.9819), test AUC: 0.8549(0.7619-0.9369)
[2024-12-25 19:10:48,506][INFO] Epoch[17/20], loss:0.9114, CE loss:0.3347 , info NCE loss:6.1013
[2024-12-25 19:10:48,506][INFO] Epoch[17/20], train B-acc: 0.8235(0.7477-0.8978), test B-acc: 0.7432(0.6533-0.8394)
[2024-12-25 19:10:48,506][INFO] Epoch[17/20], train AUC: 0.9562(0.9132-0.9847), test AUC: 0.8554(0.7527-0.9338)
[2024-12-25 19:12:49,600][INFO] Epoch[18/20], loss:0.9044, CE loss:0.3285 , info NCE loss:6.0866
[2024-12-25 19:12:49,600][INFO] Epoch[18/20], train B-acc: 0.8620(0.7898-0.9300), test B-acc: 0.7422(0.6393-0.8436)
[2024-12-25 19:12:49,601][INFO] Epoch[18/20], train AUC: 0.9635(0.9211-0.9893), test AUC: 0.8597(0.7587-0.9355)
[2024-12-25 19:14:49,967][INFO] Epoch[19/20], loss:0.8986, CE loss:0.3227 , info NCE loss:6.0820
[2024-12-25 19:14:49,967][INFO] Epoch[19/20], train B-acc: 0.9086(0.8519-0.9549), test B-acc: 0.7657(0.6567-0.8676)
[2024-12-25 19:14:49,968][INFO] Epoch[19/20], train AUC: 0.9664(0.9273-0.9896), test AUC: 0.8590(0.7544-0.9360)
[2024-12-25 19:16:51,309][INFO] Epoch[20/20], loss:0.8944, CE loss:0.3189 , info NCE loss:6.0737
[2024-12-25 19:16:51,309][INFO] Epoch[20/20], train B-acc: 0.9065(0.8533-0.9557), test B-acc: 0.7827(0.6735-0.8800)
[2024-12-25 19:16:51,309][INFO] Epoch[20/20], train AUC: 0.9705(0.9365-0.9910), test AUC: 0.8584(0.7572-0.9359)
