[2025-01-17 18:35:01,268][INFO] Running PROJECT: CRC-DX, P LEARNING RATE: 0.0001, OPTIMIZER: ADAMW, NUM EPOCHS: 60, BATCH SIZE: 2048, DEVICES: cuda, SMOOTHING: 0.1
[2025-01-17 18:35:01,268][INFO] params["in_chans"]=[200, 16]
[2025-01-17 18:35:01,269][INFO] params["dims"]=[512, 512]
[2025-01-17 18:35:01,269][INFO] params["out_chans"]=[16, 8]
[2025-01-17 18:35:01,269][INFO] params["heads"]=[8, 4]
[2025-01-17 18:35:01,270][INFO] params["dropout"]=[0.8, 0.4, 0.4]
[2025-01-17 18:37:16,554][INFO] Epoch[1/60], loss:1.2240, CE loss:0.6172, info NCE loss:0.6067
[2025-01-17 18:37:16,554][INFO] Epoch[1/60], train B-acc: 0.5000(0.5000-0.5000), test B-acc: 0.5000(0.5000-0.5000)
[2025-01-17 18:37:16,555][INFO] Epoch[1/60], train AUC: 0.6086(0.4991-0.7154), test AUC: 0.6275(0.5052-0.7525)
[2025-01-17 18:39:30,924][INFO] Epoch[2/60], loss:1.1024, CE loss:0.4957, info NCE loss:0.6067
[2025-01-17 18:39:30,924][INFO] Epoch[2/60], train B-acc: 0.5000(0.5000-0.5000), test B-acc: 0.5000(0.5000-0.5000)
[2025-01-17 18:39:30,925][INFO] Epoch[2/60], train AUC: 0.6278(0.5267-0.7346), test AUC: 0.6875(0.5657-0.8025)
[2025-01-17 18:41:44,990][INFO] Epoch[3/60], loss:1.0747, CE loss:0.4680, info NCE loss:0.6067
[2025-01-17 18:41:44,990][INFO] Epoch[3/60], train B-acc: 0.5000(0.5000-0.5000), test B-acc: 0.5000(0.5000-0.5000)
[2025-01-17 18:41:44,990][INFO] Epoch[3/60], train AUC: 0.6783(0.5745-0.7718), test AUC: 0.6933(0.5605-0.8143)
[2025-01-17 18:43:57,320][INFO] Epoch[4/60], loss:1.0632, CE loss:0.4565, info NCE loss:0.6067
[2025-01-17 18:43:57,320][INFO] Epoch[4/60], train B-acc: 0.5000(0.5000-0.5000), test B-acc: 0.5000(0.5000-0.5000)
[2025-01-17 18:43:57,321][INFO] Epoch[4/60], train AUC: 0.7113(0.6152-0.8023), test AUC: 0.7036(0.5708-0.8162)
[2025-01-17 18:46:10,208][INFO] Epoch[5/60], loss:1.0575, CE loss:0.4508, info NCE loss:0.6067
[2025-01-17 18:46:10,209][INFO] Epoch[5/60], train B-acc: 0.5000(0.5000-0.5000), test B-acc: 0.5000(0.5000-0.5000)
[2025-01-17 18:46:10,209][INFO] Epoch[5/60], train AUC: 0.7293(0.6271-0.8167), test AUC: 0.7115(0.5781-0.8245)
[2025-01-17 18:48:23,900][INFO] Epoch[6/60], loss:1.0519, CE loss:0.4453, info NCE loss:0.6066
[2025-01-17 18:48:23,901][INFO] Epoch[6/60], train B-acc: 0.5000(0.5000-0.5000), test B-acc: 0.5000(0.5000-0.5000)
[2025-01-17 18:48:23,901][INFO] Epoch[6/60], train AUC: 0.7502(0.6573-0.8349), test AUC: 0.7083(0.5768-0.8233)
[2025-01-17 18:50:36,988][INFO] Epoch[7/60], loss:1.0454, CE loss:0.4388, info NCE loss:0.6066
[2025-01-17 18:50:36,988][INFO] Epoch[7/60], train B-acc: 0.5000(0.5000-0.5000), test B-acc: 0.5000(0.5000-0.5000)
[2025-01-17 18:50:36,988][INFO] Epoch[7/60], train AUC: 0.7703(0.6681-0.8518), test AUC: 0.7108(0.5702-0.8368)
[2025-01-17 18:52:49,745][INFO] Epoch[8/60], loss:1.0413, CE loss:0.4348, info NCE loss:0.6065
[2025-01-17 18:52:49,745][INFO] Epoch[8/60], train B-acc: 0.5128(0.5000-0.5417), test B-acc: 0.5000(0.5000-0.5000)
[2025-01-17 18:52:49,746][INFO] Epoch[8/60], train AUC: 0.7823(0.6855-0.8586), test AUC: 0.7194(0.5784-0.8277)
[2025-01-17 18:55:02,227][INFO] Epoch[9/60], loss:1.0370, CE loss:0.4306, info NCE loss:0.6064
[2025-01-17 18:55:02,228][INFO] Epoch[9/60], train B-acc: 0.5375(0.5000-0.5909), test B-acc: 0.5000(0.5000-0.5000)
[2025-01-17 18:55:02,228][INFO] Epoch[9/60], train AUC: 0.7923(0.6990-0.8699), test AUC: 0.7220(0.5858-0.8342)
[2025-01-17 18:57:13,884][INFO] Epoch[10/60], loss:1.0329, CE loss:0.4266, info NCE loss:0.6064
[2025-01-17 18:57:13,884][INFO] Epoch[10/60], train B-acc: 0.5500(0.5119-0.6029), test B-acc: 0.5000(0.5000-0.5000)
[2025-01-17 18:57:13,885][INFO] Epoch[10/60], train AUC: 0.8019(0.7112-0.8807), test AUC: 0.7204(0.5985-0.8368)
[2025-01-17 18:59:26,933][INFO] Epoch[11/60], loss:1.0283, CE loss:0.4220, info NCE loss:0.6063
[2025-01-17 18:59:26,933][INFO] Epoch[11/60], train B-acc: 0.5513(0.5116-0.6061), test B-acc: 0.5000(0.5000-0.5000)
[2025-01-17 18:59:26,933][INFO] Epoch[11/60], train AUC: 0.8169(0.7289-0.8888), test AUC: 0.7297(0.6040-0.8465)
[2025-01-17 19:01:38,470][INFO] Epoch[12/60], loss:1.0245, CE loss:0.4183, info NCE loss:0.6062
[2025-01-17 19:01:38,470][INFO] Epoch[12/60], train B-acc: 0.5658(0.5161-0.6222), test B-acc: 0.5000(0.5000-0.5000)
[2025-01-17 19:01:38,471][INFO] Epoch[12/60], train AUC: 0.8237(0.7360-0.8974), test AUC: 0.7348(0.6154-0.8388)
[2025-01-17 19:03:49,808][INFO] Epoch[13/60], loss:1.0209, CE loss:0.4148, info NCE loss:0.6060
[2025-01-17 19:03:49,808][INFO] Epoch[13/60], train B-acc: 0.5618(0.5116-0.6190), test B-acc: 0.5357(0.5000-0.6000)
[2025-01-17 19:03:49,809][INFO] Epoch[13/60], train AUC: 0.8318(0.7449-0.8979), test AUC: 0.7380(0.6172-0.8539)
[2025-01-17 19:06:03,591][INFO] Epoch[14/60], loss:1.0167, CE loss:0.4108, info NCE loss:0.6059
[2025-01-17 19:06:03,591][INFO] Epoch[14/60], train B-acc: 0.5623(0.5125-0.6154), test B-acc: 0.5357(0.5000-0.6000)
[2025-01-17 19:06:03,592][INFO] Epoch[14/60], train AUC: 0.8399(0.7494-0.9038), test AUC: 0.7445(0.6163-0.8565)
[2025-01-17 19:08:17,274][INFO] Epoch[15/60], loss:1.0130, CE loss:0.4072, info NCE loss:0.6058
[2025-01-17 19:08:17,274][INFO] Epoch[15/60], train B-acc: 0.5737(0.5218-0.6395), test B-acc: 0.5370(0.5000-0.5962)
[2025-01-17 19:08:17,274][INFO] Epoch[15/60], train AUC: 0.8485(0.7706-0.9129), test AUC: 0.7561(0.6346-0.8611)
[2025-01-17 19:10:31,915][INFO] Epoch[16/60], loss:1.0096, CE loss:0.4040, info NCE loss:0.6056
[2025-01-17 19:10:31,915][INFO] Epoch[16/60], train B-acc: 0.5993(0.5352-0.6718), test B-acc: 0.5357(0.5000-0.5962)
[2025-01-17 19:10:31,915][INFO] Epoch[16/60], train AUC: 0.8524(0.7755-0.9182), test AUC: 0.7634(0.6363-0.8728)
[2025-01-17 19:12:43,929][INFO] Epoch[17/60], loss:1.0056, CE loss:0.4001, info NCE loss:0.6054
[2025-01-17 19:12:43,929][INFO] Epoch[17/60], train B-acc: 0.6132(0.5518-0.6819), test B-acc: 0.5577(0.5000-0.6250)
[2025-01-17 19:12:43,929][INFO] Epoch[17/60], train AUC: 0.8635(0.7836-0.9237), test AUC: 0.7659(0.6524-0.8742)
[2025-01-17 19:14:56,854][INFO] Epoch[18/60], loss:1.0029, CE loss:0.3977, info NCE loss:0.6052
[2025-01-17 19:14:56,855][INFO] Epoch[18/60], train B-acc: 0.6116(0.5458-0.6829), test B-acc: 0.5536(0.5000-0.6250)
[2025-01-17 19:14:56,855][INFO] Epoch[18/60], train AUC: 0.8673(0.7931-0.9295), test AUC: 0.7732(0.6485-0.8730)
[2025-01-17 19:17:21,533][INFO] Epoch[19/60], loss:0.9992, CE loss:0.3941, info NCE loss:0.6050
[2025-01-17 19:17:21,533][INFO] Epoch[19/60], train B-acc: 0.6366(0.5740-0.7123), test B-acc: 0.5741(0.5167-0.6538)
[2025-01-17 19:17:21,533][INFO] Epoch[19/60], train AUC: 0.8731(0.8018-0.9316), test AUC: 0.7794(0.6678-0.8785)
[2025-01-17 19:19:53,465][INFO] Epoch[20/60], loss:0.9962, CE loss:0.3914, info NCE loss:0.6048
[2025-01-17 19:19:53,465][INFO] Epoch[20/60], train B-acc: 0.6675(0.5933-0.7522), test B-acc: 0.5926(0.5217-0.6774)
[2025-01-17 19:19:53,465][INFO] Epoch[20/60], train AUC: 0.8827(0.8136-0.9376), test AUC: 0.7874(0.6570-0.8789)
[2025-01-17 19:22:24,941][INFO] Epoch[21/60], loss:0.9925, CE loss:0.3880, info NCE loss:0.6044
[2025-01-17 19:22:24,941][INFO] Epoch[21/60], train B-acc: 0.6511(0.5772-0.7358), test B-acc: 0.5741(0.5179-0.6538)
[2025-01-17 19:22:24,942][INFO] Epoch[21/60], train AUC: 0.8841(0.8089-0.9423), test AUC: 0.7893(0.6626-0.8848)
[2025-01-17 19:25:01,255][INFO] Epoch[22/60], loss:0.9892, CE loss:0.3851, info NCE loss:0.6042
[2025-01-17 19:25:01,256][INFO] Epoch[22/60], train B-acc: 0.6778(0.6050-0.7628), test B-acc: 0.5952(0.5278-0.6842)
[2025-01-17 19:25:01,256][INFO] Epoch[22/60], train AUC: 0.8903(0.8185-0.9459), test AUC: 0.7915(0.6844-0.8955)
[2025-01-17 19:27:33,920][INFO] Epoch[23/60], loss:0.9862, CE loss:0.3824, info NCE loss:0.6038
[2025-01-17 19:27:33,920][INFO] Epoch[23/60], train B-acc: 0.6757(0.6027-0.7614), test B-acc: 0.5926(0.5263-0.6786)
[2025-01-17 19:27:33,920][INFO] Epoch[23/60], train AUC: 0.8952(0.8223-0.9457), test AUC: 0.7973(0.6775-0.8997)
[2025-01-17 19:30:05,096][INFO] Epoch[24/60], loss:0.9831, CE loss:0.3796, info NCE loss:0.6035
[2025-01-17 19:30:05,096][INFO] Epoch[24/60], train B-acc: 0.6776(0.6065-0.7614), test B-acc: 0.5962(0.5217-0.6833)
[2025-01-17 19:30:05,096][INFO] Epoch[24/60], train AUC: 0.9002(0.8238-0.9531), test AUC: 0.8015(0.6868-0.9003)
[2025-01-17 19:32:35,898][INFO] Epoch[25/60], loss:0.9802, CE loss:0.3770, info NCE loss:0.6031
[2025-01-17 19:32:35,909][INFO] Epoch[25/60], train B-acc: 0.7059(0.6208-0.7843), test B-acc: 0.6522(0.5682-0.7500)
[2025-01-17 19:32:35,910][INFO] Epoch[25/60], train AUC: 0.9063(0.8345-0.9566), test AUC: 0.8087(0.6921-0.9052)
[2025-01-17 19:35:09,499][INFO] Epoch[26/60], loss:0.9767, CE loss:0.3740, info NCE loss:0.6028
[2025-01-17 19:35:09,500][INFO] Epoch[26/60], train B-acc: 0.7051(0.6295-0.7895), test B-acc: 0.6552(0.5690-0.7414)
[2025-01-17 19:35:09,500][INFO] Epoch[26/60], train AUC: 0.9100(0.8353-0.9584), test AUC: 0.8141(0.7012-0.9038)
[2025-01-17 19:37:40,938][INFO] Epoch[27/60], loss:0.9735, CE loss:0.3711, info NCE loss:0.6024
[2025-01-17 19:37:40,938][INFO] Epoch[27/60], train B-acc: 0.6931(0.6093-0.7727), test B-acc: 0.6724(0.5857-0.7667)
[2025-01-17 19:37:40,938][INFO] Epoch[27/60], train AUC: 0.9146(0.8503-0.9594), test AUC: 0.8155(0.6936-0.9145)
[2025-01-17 19:40:13,057][INFO] Epoch[28/60], loss:0.9702, CE loss:0.3681, info NCE loss:0.6021
[2025-01-17 19:40:13,057][INFO] Epoch[28/60], train B-acc: 0.6913(0.6107-0.7703), test B-acc: 0.6731(0.5862-0.7692)
[2025-01-17 19:40:13,057][INFO] Epoch[28/60], train AUC: 0.9187(0.8493-0.9631), test AUC: 0.8175(0.7068-0.9114)
[2025-01-17 19:42:42,572][INFO] Epoch[29/60], loss:0.9673, CE loss:0.3655, info NCE loss:0.6017
[2025-01-17 19:42:42,572][INFO] Epoch[29/60], train B-acc: 0.7055(0.6279-0.7849), test B-acc: 0.6935(0.6000-0.7917)
[2025-01-17 19:42:42,572][INFO] Epoch[29/60], train AUC: 0.9226(0.8506-0.9643), test AUC: 0.8248(0.7121-0.9204)
[2025-01-17 19:45:14,766][INFO] Epoch[30/60], loss:0.9646, CE loss:0.3632, info NCE loss:0.6014
[2025-01-17 19:45:14,766][INFO] Epoch[30/60], train B-acc: 0.7256(0.6464-0.8044), test B-acc: 0.6897(0.6000-0.7833)
[2025-01-17 19:45:14,766][INFO] Epoch[30/60], train AUC: 0.9243(0.8556-0.9666), test AUC: 0.8311(0.7228-0.9198)
[2025-01-17 19:47:51,403][INFO] Epoch[31/60], loss:0.9614, CE loss:0.3603, info NCE loss:0.6011
[2025-01-17 19:47:51,403][INFO] Epoch[31/60], train B-acc: 0.7099(0.6296-0.7894), test B-acc: 0.6935(0.5962-0.7903)
[2025-01-17 19:47:51,404][INFO] Epoch[31/60], train AUC: 0.9309(0.8657-0.9737), test AUC: 0.8316(0.7181-0.9203)
[2025-01-17 19:50:23,764][INFO] Epoch[32/60], loss:0.9579, CE loss:0.3572, info NCE loss:0.6007
[2025-01-17 19:50:23,764][INFO] Epoch[32/60], train B-acc: 0.7192(0.6381-0.8056), test B-acc: 0.6923(0.6000-0.7857)
[2025-01-17 19:50:23,765][INFO] Epoch[32/60], train AUC: 0.9319(0.8769-0.9722), test AUC: 0.8333(0.7200-0.9272)
[2025-01-17 19:52:54,909][INFO] Epoch[33/60], loss:0.9553, CE loss:0.3549, info NCE loss:0.6004
[2025-01-17 19:52:54,909][INFO] Epoch[33/60], train B-acc: 0.7323(0.6571-0.8145), test B-acc: 0.6923(0.6000-0.7955)
[2025-01-17 19:52:54,910][INFO] Epoch[33/60], train AUC: 0.9352(0.8674-0.9782), test AUC: 0.8389(0.7294-0.9241)
[2025-01-17 19:55:25,172][INFO] Epoch[34/60], loss:0.9525, CE loss:0.3525, info NCE loss:0.6000
[2025-01-17 19:55:25,173][INFO] Epoch[34/60], train B-acc: 0.7704(0.6880-0.8462), test B-acc: 0.7031(0.6136-0.8032)
[2025-01-17 19:55:25,173][INFO] Epoch[34/60], train AUC: 0.9378(0.8775-0.9772), test AUC: 0.8378(0.7254-0.9249)
[2025-01-17 19:57:54,333][INFO] Epoch[35/60], loss:0.9498, CE loss:0.3501, info NCE loss:0.5997
[2025-01-17 19:57:54,333][INFO] Epoch[35/60], train B-acc: 0.7477(0.6692-0.8246), test B-acc: 0.6923(0.6000-0.7917)
[2025-01-17 19:57:54,333][INFO] Epoch[35/60], train AUC: 0.9418(0.8788-0.9787), test AUC: 0.8381(0.7275-0.9269)
[2025-01-17 20:00:22,396][INFO] Epoch[36/60], loss:0.9468, CE loss:0.3473, info NCE loss:0.5994
[2025-01-17 20:00:22,397][INFO] Epoch[36/60], train B-acc: 0.7596(0.6767-0.8341), test B-acc: 0.7105(0.6176-0.8043)
[2025-01-17 20:00:22,397][INFO] Epoch[36/60], train AUC: 0.9442(0.8877-0.9801), test AUC: 0.8442(0.7366-0.9267)
[2025-01-17 20:02:54,793][INFO] Epoch[37/60], loss:0.9446, CE loss:0.3455, info NCE loss:0.5991
[2025-01-17 20:02:54,794][INFO] Epoch[37/60], train B-acc: 0.7812(0.6983-0.8536), test B-acc: 0.7027(0.6086-0.7993)
[2025-01-17 20:02:54,794][INFO] Epoch[37/60], train AUC: 0.9470(0.8884-0.9818), test AUC: 0.8443(0.7368-0.9345)
[2025-01-17 20:05:25,151][INFO] Epoch[38/60], loss:0.9419, CE loss:0.3431, info NCE loss:0.5988
[2025-01-17 20:05:25,151][INFO] Epoch[38/60], train B-acc: 0.7785(0.7004-0.8556), test B-acc: 0.7037(0.6118-0.8032)
[2025-01-17 20:05:25,151][INFO] Epoch[38/60], train AUC: 0.9500(0.8898-0.9825), test AUC: 0.8457(0.7440-0.9280)
[2025-01-17 20:07:56,463][INFO] Epoch[39/60], loss:0.9388, CE loss:0.3403, info NCE loss:0.5985
[2025-01-17 20:07:56,464][INFO] Epoch[39/60], train B-acc: 0.7957(0.7207-0.8749), test B-acc: 0.7240(0.6228-0.8200)
[2025-01-17 20:07:56,464][INFO] Epoch[39/60], train AUC: 0.9540(0.8987-0.9859), test AUC: 0.8447(0.7372-0.9287)
[2025-01-17 20:10:25,240][INFO] Epoch[40/60], loss:0.9367, CE loss:0.3386, info NCE loss:0.5982
[2025-01-17 20:10:25,240][INFO] Epoch[40/60], train B-acc: 0.7954(0.7176-0.8705), test B-acc: 0.7080(0.6125-0.7995)
[2025-01-17 20:10:25,240][INFO] Epoch[40/60], train AUC: 0.9540(0.9012-0.9857), test AUC: 0.8531(0.7435-0.9343)
[2025-01-17 20:12:39,975][INFO] Epoch[41/60], loss:0.9338, CE loss:0.3360, info NCE loss:0.5978
[2025-01-17 20:12:39,976][INFO] Epoch[41/60], train B-acc: 0.7978(0.7162-0.8739), test B-acc: 0.7261(0.6267-0.8235)
[2025-01-17 20:12:39,976][INFO] Epoch[41/60], train AUC: 0.9562(0.9027-0.9861), test AUC: 0.8532(0.7405-0.9340)
[2025-01-17 20:14:52,728][INFO] Epoch[42/60], loss:0.9312, CE loss:0.3336, info NCE loss:0.5975
[2025-01-17 20:14:52,728][INFO] Epoch[42/60], train B-acc: 0.8010(0.7176-0.8761), test B-acc: 0.7240(0.6272-0.8148)
[2025-01-17 20:14:52,728][INFO] Epoch[42/60], train AUC: 0.9602(0.9085-0.9874), test AUC: 0.8546(0.7462-0.9365)
[2025-01-17 20:17:05,003][INFO] Epoch[43/60], loss:0.9290, CE loss:0.3317, info NCE loss:0.5973
[2025-01-17 20:17:05,003][INFO] Epoch[43/60], train B-acc: 0.8079(0.7293-0.8851), test B-acc: 0.7343(0.6461-0.8333)
[2025-01-17 20:17:05,003][INFO] Epoch[43/60], train AUC: 0.9627(0.9174-0.9895), test AUC: 0.8540(0.7487-0.9330)
[2025-01-17 20:19:16,252][INFO] Epoch[44/60], loss:0.9270, CE loss:0.3300, info NCE loss:0.5970
[2025-01-17 20:19:16,252][INFO] Epoch[44/60], train B-acc: 0.8000(0.7172-0.8770), test B-acc: 0.7429(0.6458-0.8421)
[2025-01-17 20:19:16,252][INFO] Epoch[44/60], train AUC: 0.9644(0.9149-0.9915), test AUC: 0.8600(0.7519-0.9380)
[2025-01-17 20:21:27,580][INFO] Epoch[45/60], loss:0.9246, CE loss:0.3279, info NCE loss:0.5967
[2025-01-17 20:21:27,580][INFO] Epoch[45/60], train B-acc: 0.8218(0.7454-0.8966), test B-acc: 0.7353(0.6393-0.8382)
[2025-01-17 20:21:27,580][INFO] Epoch[45/60], train AUC: 0.9664(0.9172-0.9911), test AUC: 0.8619(0.7615-0.9392)
[2025-01-17 20:23:40,051][INFO] Epoch[46/60], loss:0.9220, CE loss:0.3256, info NCE loss:0.5964
[2025-01-17 20:23:40,052][INFO] Epoch[46/60], train B-acc: 0.8214(0.7358-0.8944), test B-acc: 0.7391(0.6327-0.8394)
[2025-01-17 20:23:40,052][INFO] Epoch[46/60], train AUC: 0.9677(0.9195-0.9920), test AUC: 0.8592(0.7645-0.9375)
[2025-01-17 20:25:54,326][INFO] Epoch[47/60], loss:0.9196, CE loss:0.3237, info NCE loss:0.5959
[2025-01-17 20:25:54,326][INFO] Epoch[47/60], train B-acc: 0.8209(0.7349-0.8983), test B-acc: 0.7339(0.6445-0.8270)
[2025-01-17 20:25:54,326][INFO] Epoch[47/60], train AUC: 0.9687(0.9242-0.9920), test AUC: 0.8640(0.7601-0.9383)
[2025-01-17 20:28:05,054][INFO] Epoch[48/60], loss:0.9176, CE loss:0.3219, info NCE loss:0.5957
[2025-01-17 20:28:05,054][INFO] Epoch[48/60], train B-acc: 0.8224(0.7420-0.8948), test B-acc: 0.7381(0.6399-0.8348)
[2025-01-17 20:28:05,054][INFO] Epoch[48/60], train AUC: 0.9693(0.9240-0.9933), test AUC: 0.8603(0.7590-0.9408)
[2025-01-17 20:30:16,695][INFO] Epoch[49/60], loss:0.9155, CE loss:0.3202, info NCE loss:0.5953
[2025-01-17 20:30:16,695][INFO] Epoch[49/60], train B-acc: 0.8504(0.7803-0.9177), test B-acc: 0.7407(0.6324-0.8378)
[2025-01-17 20:30:16,695][INFO] Epoch[49/60], train AUC: 0.9707(0.9324-0.9944), test AUC: 0.8643(0.7617-0.9345)
[2025-01-17 20:32:28,796][INFO] Epoch[50/60], loss:0.9132, CE loss:0.3183, info NCE loss:0.5950
[2025-01-17 20:32:28,796][INFO] Epoch[50/60], train B-acc: 0.8209(0.7477-0.8978), test B-acc: 0.7400(0.6324-0.8376)
[2025-01-17 20:32:28,796][INFO] Epoch[50/60], train AUC: 0.9721(0.9326-0.9945), test AUC: 0.8616(0.7631-0.9433)
[2025-01-17 20:34:41,484][INFO] Epoch[51/60], loss:0.9118, CE loss:0.3169, info NCE loss:0.5949
[2025-01-17 20:34:41,484][INFO] Epoch[51/60], train B-acc: 0.8671(0.7949-0.9309), test B-acc: 0.7533(0.6530-0.8450)
[2025-01-17 20:34:41,484][INFO] Epoch[51/60], train AUC: 0.9756(0.9345-0.9949), test AUC: 0.8606(0.7589-0.9364)
[2025-01-17 20:36:55,154][INFO] Epoch[52/60], loss:0.9086, CE loss:0.3142, info NCE loss:0.5944
[2025-01-17 20:36:55,154][INFO] Epoch[52/60], train B-acc: 0.8488(0.7688-0.9127), test B-acc: 0.7572(0.6540-0.8571)
[2025-01-17 20:36:55,154][INFO] Epoch[52/60], train AUC: 0.9747(0.9341-0.9956), test AUC: 0.8625(0.7556-0.9381)
[2025-01-17 20:39:07,860][INFO] Epoch[53/60], loss:0.9070, CE loss:0.3130, info NCE loss:0.5940
[2025-01-17 20:39:07,860][INFO] Epoch[53/60], train B-acc: 0.8632(0.7866-0.9315), test B-acc: 0.7761(0.6762-0.8752)
[2025-01-17 20:39:07,861][INFO] Epoch[53/60], train AUC: 0.9774(0.9397-0.9958), test AUC: 0.8619(0.7632-0.9437)
[2025-01-17 20:41:21,098][INFO] Epoch[54/60], loss:0.9048, CE loss:0.3111, info NCE loss:0.5937
[2025-01-17 20:41:21,098][INFO] Epoch[54/60], train B-acc: 0.8755(0.8030-0.9383), test B-acc: 0.7649(0.6578-0.8653)
[2025-01-17 20:41:21,098][INFO] Epoch[54/60], train AUC: 0.9790(0.9443-0.9962), test AUC: 0.8621(0.7615-0.9428)
[2025-01-17 20:43:31,883][INFO] Epoch[55/60], loss:0.9027, CE loss:0.3092, info NCE loss:0.5935
[2025-01-17 20:43:31,883][INFO] Epoch[55/60], train B-acc: 0.8627(0.7910-0.9283), test B-acc: 0.7785(0.6809-0.8711)
[2025-01-17 20:43:31,883][INFO] Epoch[55/60], train AUC: 0.9802(0.9448-0.9967), test AUC: 0.8646(0.7626-0.9393)
[2025-01-17 20:45:45,221][INFO] Epoch[56/60], loss:0.9015, CE loss:0.3083, info NCE loss:0.5932
[2025-01-17 20:45:45,221][INFO] Epoch[56/60], train B-acc: 0.8644(0.7902-0.9311), test B-acc: 0.7682(0.6690-0.8696)
[2025-01-17 20:45:45,221][INFO] Epoch[56/60], train AUC: 0.9804(0.9472-0.9975), test AUC: 0.8640(0.7703-0.9419)
[2025-01-17 20:47:57,330][INFO] Epoch[57/60], loss:0.8993, CE loss:0.3064, info NCE loss:0.5929
[2025-01-17 20:47:57,331][INFO] Epoch[57/60], train B-acc: 0.8626(0.7926-0.9286), test B-acc: 0.7684(0.6657-0.8683)
[2025-01-17 20:47:57,331][INFO] Epoch[57/60], train AUC: 0.9810(0.9450-0.9977), test AUC: 0.8635(0.7500-0.9463)
[2025-01-17 20:50:09,418][INFO] Epoch[58/60], loss:0.8975, CE loss:0.3049, info NCE loss:0.5926
[2025-01-17 20:50:09,419][INFO] Epoch[58/60], train B-acc: 0.8884(0.8182-0.9493), test B-acc: 0.8048(0.6980-0.8936)
[2025-01-17 20:50:09,419][INFO] Epoch[58/60], train AUC: 0.9822(0.9503-0.9979), test AUC: 0.8619(0.7599-0.9397)
[2025-01-17 20:52:22,353][INFO] Epoch[59/60], loss:0.8953, CE loss:0.3032, info NCE loss:0.5922
[2025-01-17 20:52:22,353][INFO] Epoch[59/60], train B-acc: 0.9165(0.8525-0.9684), test B-acc: 0.8065(0.7063-0.8958)
[2025-01-17 20:52:22,353][INFO] Epoch[59/60], train AUC: 0.9833(0.9538-0.9980), test AUC: 0.8640(0.7611-0.9417)
[2025-01-17 20:54:35,821][INFO] Epoch[60/60], loss:0.8933, CE loss:0.3014, info NCE loss:0.5919
[2025-01-17 20:54:35,822][INFO] Epoch[60/60], train B-acc: 0.8884(0.8145-0.9487), test B-acc: 0.7894(0.6914-0.8858)
[2025-01-17 20:54:35,822][INFO] Epoch[60/60], train AUC: 0.9837(0.9571-0.9982), test AUC: 0.8622(0.7637-0.9439)
