[2025-01-23 14:25:29,729][INFO] Running PROJECT: CRC-KR, P LEARNING RATE: 0.0001, OPTIMIZER: ADAMW, NUM EPOCHS: 80, BATCH SIZE: 2048, DEVICES: cuda, SMOOTHING: 0.25
[2025-01-23 14:25:29,729][INFO] params["in_chans"]=[200, 16] python run_model.py --proj CRC-KR --num_epochs 80 --plr 1e-4  --smoothing 0.25
[2025-01-23 14:25:29,729][INFO] params["dims"]=[512, 512] 温度参数为0.55
[2025-01-23 14:25:29,729][INFO] params["out_chans"]=[16, 8]
[2025-01-23 14:25:29,729][INFO] params["heads"]=[8, 4]
[2025-01-23 14:25:29,731][INFO] params["dropout"]=[0.8, 0.4, 0.4]
[2025-01-23 14:27:49,993][INFO] Epoch[1/80], loss:1.7264, CE loss:0.5887, info NCE loss:1.1377
[2025-01-23 14:27:49,994][INFO] Epoch[1/80], train B-acc: 0.5000(0.5000-0.5000), test B-acc: 0.5000(0.5000-0.5000)
[2025-01-23 14:27:49,994][INFO] Epoch[1/80], train AUC: 0.5367(0.4500-0.6277), test AUC: 0.5905(0.4725-0.7076)
[2025-01-23 14:30:07,243][INFO] Epoch[2/80], loss:1.6863, CE loss:0.5486, info NCE loss:1.1377
[2025-01-23 14:30:07,244][INFO] Epoch[2/80], train B-acc: 0.5000(0.5000-0.5000), test B-acc: 0.5000(0.5000-0.5000)
[2025-01-23 14:30:07,244][INFO] Epoch[2/80], train AUC: 0.6586(0.5724-0.7371), test AUC: 0.6349(0.5047-0.7525)
[2025-01-23 14:32:23,696][INFO] Epoch[3/80], loss:1.6743, CE loss:0.5367, info NCE loss:1.1376
[2025-01-23 14:32:23,696][INFO] Epoch[3/80], train B-acc: 0.5000(0.5000-0.5000), test B-acc: 0.5000(0.5000-0.5000)
[2025-01-23 14:32:23,696][INFO] Epoch[3/80], train AUC: 0.7266(0.6399-0.7999), test AUC: 0.6667(0.5572-0.7861)
[2025-01-23 14:34:39,600][INFO] Epoch[4/80], loss:1.6682, CE loss:0.5307, info NCE loss:1.1375
[2025-01-23 14:34:39,600][INFO] Epoch[4/80], train B-acc: 0.5000(0.5000-0.5000), test B-acc: 0.5000(0.5000-0.5000)
[2025-01-23 14:34:39,600][INFO] Epoch[4/80], train AUC: 0.7670(0.6946-0.8383), test AUC: 0.6860(0.5703-0.7989)
[2025-01-23 14:36:59,093][INFO] Epoch[5/80], loss:1.6627, CE loss:0.5253, info NCE loss:1.1374
[2025-01-23 14:36:59,095][INFO] Epoch[5/80], train B-acc: 0.5000(0.5000-0.5000), test B-acc: 0.5000(0.5000-0.5000)
[2025-01-23 14:36:59,095][INFO] Epoch[5/80], train AUC: 0.7941(0.7120-0.8652), test AUC: 0.6966(0.5783-0.8069)
[2025-01-23 14:39:17,166][INFO] Epoch[6/80], loss:1.6583, CE loss:0.5211, info NCE loss:1.1372
[2025-01-23 14:39:17,166][INFO] Epoch[6/80], train B-acc: 0.4979(0.4935-0.5000), test B-acc: 0.5000(0.5000-0.5000)
[2025-01-23 14:39:17,166][INFO] Epoch[6/80], train AUC: 0.8136(0.7421-0.8728), test AUC: 0.7108(0.5939-0.8166)
[2025-01-23 14:41:33,687][INFO] Epoch[7/80], loss:1.6543, CE loss:0.5174, info NCE loss:1.1369
[2025-01-23 14:41:33,688][INFO] Epoch[7/80], train B-acc: 0.4979(0.4934-0.5000), test B-acc: 0.5000(0.5000-0.5000)
[2025-01-23 14:41:33,688][INFO] Epoch[7/80], train AUC: 0.8311(0.7590-0.8858), test AUC: 0.7236(0.6104-0.8314)
[2025-01-23 14:43:50,958][INFO] Epoch[8/80], loss:1.6501, CE loss:0.5135, info NCE loss:1.1366
[2025-01-23 14:43:50,958][INFO] Epoch[8/80], train B-acc: 0.5455(0.5080-0.5976), test B-acc: 0.5161(0.5000-0.5536)
[2025-01-23 14:43:50,958][INFO] Epoch[8/80], train AUC: 0.8432(0.7768-0.9029), test AUC: 0.7348(0.6211-0.8417)
[2025-01-23 14:46:08,960][INFO] Epoch[9/80], loss:1.6457, CE loss:0.5096, info NCE loss:1.1361
[2025-01-23 14:46:08,960][INFO] Epoch[9/80], train B-acc: 0.5455(0.5090-0.5972), test B-acc: 0.5161(0.5000-0.5577)
[2025-01-23 14:46:08,960][INFO] Epoch[9/80], train AUC: 0.8571(0.7962-0.9063), test AUC: 0.7460(0.6236-0.8494)
[2025-01-23 14:48:30,295][INFO] Epoch[10/80], loss:1.6422, CE loss:0.5067, info NCE loss:1.1355
[2025-01-23 14:48:30,295][INFO] Epoch[10/80], train B-acc: 0.5441(0.5076-0.5976), test B-acc: 0.5161(0.5000-0.5571)
[2025-01-23 14:48:30,296][INFO] Epoch[10/80], train AUC: 0.8731(0.8172-0.9218), test AUC: 0.7500(0.6371-0.8458)
[2025-01-23 14:50:49,271][INFO] Epoch[11/80], loss:1.6383, CE loss:0.5035, info NCE loss:1.1347
[2025-01-23 14:50:49,272][INFO] Epoch[11/80], train B-acc: 0.5568(0.5118-0.6136), test B-acc: 0.5156(0.5000-0.5571)
[2025-01-23 14:50:49,272][INFO] Epoch[11/80], train AUC: 0.8826(0.8253-0.9311), test AUC: 0.7625(0.6483-0.8602)
[2025-01-23 14:53:07,940][INFO] Epoch[12/80], loss:1.6340, CE loss:0.5003, info NCE loss:1.1337
[2025-01-23 14:53:07,940][INFO] Epoch[12/80], train B-acc: 0.5460(0.5069-0.6001), test B-acc: 0.5156(0.5000-0.5500)
[2025-01-23 14:53:07,940][INFO] Epoch[12/80], train AUC: 0.8951(0.8443-0.9368), test AUC: 0.7730(0.6558-0.8706)
[2025-01-23 14:55:21,685][INFO] Epoch[13/80], loss:1.6296, CE loss:0.4971, info NCE loss:1.1325
[2025-01-23 14:55:21,685][INFO] Epoch[13/80], train B-acc: 0.5566(0.5122-0.6163), test B-acc: 0.5312(0.5000-0.5870)
[2025-01-23 14:55:21,686][INFO] Epoch[13/80], train AUC: 0.9041(0.8581-0.9434), test AUC: 0.7789(0.6658-0.8762)
[2025-01-23 14:57:30,455][INFO] Epoch[14/80], loss:1.6246, CE loss:0.4937, info NCE loss:1.1309
[2025-01-23 14:57:30,455][INFO] Epoch[14/80], train B-acc: 0.5931(0.5353-0.6574), test B-acc: 0.5484(0.5000-0.6094)
[2025-01-23 14:57:30,455][INFO] Epoch[14/80], train AUC: 0.9158(0.8686-0.9497), test AUC: 0.7791(0.6674-0.8711)
[2025-01-23 14:59:38,808][INFO] Epoch[15/80], loss:1.6196, CE loss:0.4904, info NCE loss:1.1292
[2025-01-23 14:59:38,808][INFO] Epoch[15/80], train B-acc: 0.6056(0.5469-0.6744), test B-acc: 0.5469(0.5000-0.6061)
[2025-01-23 14:59:38,808][INFO] Epoch[15/80], train AUC: 0.9197(0.8785-0.9541), test AUC: 0.7843(0.6747-0.8799)
[2025-01-23 15:01:46,318][INFO] Epoch[16/80], loss:1.6152, CE loss:0.4877, info NCE loss:1.1275
[2025-01-23 15:01:46,318][INFO] Epoch[16/80], train B-acc: 0.6151(0.5546-0.6846), test B-acc: 0.5603(0.5026-0.6276)
[2025-01-23 15:01:46,318][INFO] Epoch[16/80], train AUC: 0.9268(0.8857-0.9600), test AUC: 0.7873(0.6824-0.8817)
[2025-01-23 15:03:55,273][INFO] Epoch[17/80], loss:1.6112, CE loss:0.4851, info NCE loss:1.1261
[2025-01-23 15:03:55,273][INFO] Epoch[17/80], train B-acc: 0.6153(0.5553-0.6812), test B-acc: 0.5758(0.5117-0.6478)
[2025-01-23 15:03:55,273][INFO] Epoch[17/80], train AUC: 0.9348(0.8970-0.9648), test AUC: 0.7945(0.6869-0.8821)
[2025-01-23 15:06:04,889][INFO] Epoch[18/80], loss:1.6073, CE loss:0.4824, info NCE loss:1.1249
[2025-01-23 15:06:04,890][INFO] Epoch[18/80], train B-acc: 0.6310(0.5620-0.7050), test B-acc: 0.5769(0.5151-0.6471)
[2025-01-23 15:06:04,890][INFO] Epoch[18/80], train AUC: 0.9394(0.8991-0.9684), test AUC: 0.7974(0.6906-0.8847)
[2025-01-23 15:08:13,095][INFO] Epoch[19/80], loss:1.6045, CE loss:0.4806, info NCE loss:1.1238
[2025-01-23 15:08:13,095][INFO] Epoch[19/80], train B-acc: 0.6522(0.5790-0.7277), test B-acc: 0.5865(0.5120-0.6643)
[2025-01-23 15:08:13,095][INFO] Epoch[19/80], train AUC: 0.9428(0.9070-0.9721), test AUC: 0.7987(0.6933-0.8888)
[2025-01-23 15:10:20,561][INFO] Epoch[20/80], loss:1.6007, CE loss:0.4777, info NCE loss:1.1231
[2025-01-23 15:10:20,561][INFO] Epoch[20/80], train B-acc: 0.6423(0.5708-0.7117), test B-acc: 0.5921(0.5270-0.6671)
[2025-01-23 15:10:20,562][INFO] Epoch[20/80], train AUC: 0.9455(0.9084-0.9735), test AUC: 0.7954(0.6936-0.8835)
[2025-01-23 15:12:28,523][INFO] Epoch[21/80], loss:1.5973, CE loss:0.4752, info NCE loss:1.1221
[2025-01-23 15:12:28,523][INFO] Epoch[21/80], train B-acc: 0.6787(0.6068-0.7505), test B-acc: 0.5855(0.5191-0.6631)
[2025-01-23 15:12:28,523][INFO] Epoch[21/80], train AUC: 0.9489(0.9164-0.9752), test AUC: 0.7945(0.6962-0.8858)
[2025-01-23 15:14:36,444][INFO] Epoch[22/80], loss:1.5947, CE loss:0.4733, info NCE loss:1.1214
[2025-01-23 15:14:36,444][INFO] Epoch[22/80], train B-acc: 0.6909(0.6163-0.7701), test B-acc: 0.5782(0.5072-0.6486)
[2025-01-23 15:14:36,444][INFO] Epoch[22/80], train AUC: 0.9539(0.9202-0.9784), test AUC: 0.7998(0.7001-0.8878)
[2025-01-23 15:16:44,380][INFO] Epoch[23/80], loss:1.5913, CE loss:0.4708, info NCE loss:1.1205
[2025-01-23 15:16:44,380][INFO] Epoch[23/80], train B-acc: 0.6783(0.6057-0.7534), test B-acc: 0.5806(0.5086-0.6599)
[2025-01-23 15:16:44,381][INFO] Epoch[23/80], train AUC: 0.9559(0.9231-0.9803), test AUC: 0.8008(0.7017-0.8866)
[2025-01-23 15:18:52,274][INFO] Epoch[24/80], loss:1.5885, CE loss:0.4689, info NCE loss:1.1196
[2025-01-23 15:18:52,275][INFO] Epoch[24/80], train B-acc: 0.7286(0.6522-0.8044), test B-acc: 0.5805(0.5126-0.6681)
[2025-01-23 15:18:52,275][INFO] Epoch[24/80], train AUC: 0.9587(0.9270-0.9817), test AUC: 0.8008(0.7005-0.8855)
[2025-01-23 15:20:59,499][INFO] Epoch[25/80], loss:1.5861, CE loss:0.4671, info NCE loss:1.1190
[2025-01-23 15:20:59,500][INFO] Epoch[25/80], train B-acc: 0.7792(0.6968-0.8536), test B-acc: 0.5722(0.4985-0.6550)
[2025-01-23 15:20:59,500][INFO] Epoch[25/80], train AUC: 0.9606(0.9280-0.9827), test AUC: 0.7977(0.7000-0.8872)
[2025-01-23 15:23:07,535][INFO] Epoch[26/80], loss:1.5835, CE loss:0.4653, info NCE loss:1.1182
[2025-01-23 15:23:07,535][INFO] Epoch[26/80], train B-acc: 0.7679(0.6816-0.8431), test B-acc: 0.5806(0.5068-0.6646)
[2025-01-23 15:23:07,537][INFO] Epoch[26/80], train AUC: 0.9640(0.9360-0.9840), test AUC: 0.7970(0.6897-0.8845)
[2025-01-23 15:25:16,242][INFO] Epoch[27/80], loss:1.5817, CE loss:0.4642, info NCE loss:1.1175
[2025-01-23 15:25:16,242][INFO] Epoch[27/80], train B-acc: 0.8256(0.7478-0.9007), test B-acc: 0.5901(0.5099-0.6698)
[2025-01-23 15:25:16,242][INFO] Epoch[27/80], train AUC: 0.9651(0.9378-0.9864), test AUC: 0.7919(0.7013-0.8795)
[2025-01-23 15:27:24,120][INFO] Epoch[28/80], loss:1.5789, CE loss:0.4623, info NCE loss:1.1166
[2025-01-23 15:27:24,120][INFO] Epoch[28/80], train B-acc: 0.8213(0.7480-0.8982), test B-acc: 0.5850(0.5078-0.6669)
[2025-01-23 15:27:24,120][INFO] Epoch[28/80], train AUC: 0.9661(0.9393-0.9850), test AUC: 0.7961(0.6937-0.8808)
[2025-01-23 15:29:31,912][INFO] Epoch[29/80], loss:1.5765, CE loss:0.4606, info NCE loss:1.1159
[2025-01-23 15:29:31,912][INFO] Epoch[29/80], train B-acc: 0.8353(0.7599-0.9027), test B-acc: 0.6062(0.5289-0.6958)
[2025-01-23 15:29:31,912][INFO] Epoch[29/80], train AUC: 0.9682(0.9416-0.9887), test AUC: 0.7952(0.6890-0.8823)
[2025-01-23 15:31:40,016][INFO] Epoch[30/80], loss:1.5740, CE loss:0.4589, info NCE loss:1.1150
[2025-01-23 15:31:40,016][INFO] Epoch[30/80], train B-acc: 0.8269(0.7459-0.9027), test B-acc: 0.5840(0.5144-0.6678)
[2025-01-23 15:31:40,016][INFO] Epoch[30/80], train AUC: 0.9693(0.9417-0.9888), test AUC: 0.7855(0.6898-0.8734)
[2025-01-23 15:33:48,307][INFO] Epoch[31/80], loss:1.5719, CE loss:0.4574, info NCE loss:1.1144
[2025-01-23 15:33:48,308][INFO] Epoch[31/80], train B-acc: 0.8388(0.7708-0.9062), test B-acc: 0.5772(0.4985-0.6570)
[2025-01-23 15:33:48,308][INFO] Epoch[31/80], train AUC: 0.9710(0.9451-0.9896), test AUC: 0.7835(0.6842-0.8713)
[2025-01-23 15:35:56,481][INFO] Epoch[32/80], loss:1.5698, CE loss:0.4562, info NCE loss:1.1137
[2025-01-23 15:35:56,481][INFO] Epoch[32/80], train B-acc: 0.8506(0.7736-0.9183), test B-acc: 0.6369(0.5457-0.7351)
[2025-01-23 15:35:56,481][INFO] Epoch[32/80], train AUC: 0.9730(0.9481-0.9896), test AUC: 0.7849(0.6834-0.8792)
[2025-01-23 15:38:04,530][INFO] Epoch[33/80], loss:1.5676, CE loss:0.4549, info NCE loss:1.1127
[2025-01-23 15:38:04,531][INFO] Epoch[33/80], train B-acc: 0.8378(0.7696-0.9043), test B-acc: 0.5940(0.5167-0.6884)
[2025-01-23 15:38:04,531][INFO] Epoch[33/80], train AUC: 0.9740(0.9488-0.9910), test AUC: 0.7887(0.6790-0.8713)
[2025-01-23 15:40:12,098][INFO] Epoch[34/80], loss:1.5653, CE loss:0.4533, info NCE loss:1.1120
[2025-01-23 15:40:12,098][INFO] Epoch[34/80], train B-acc: 0.8689(0.7957-0.9297), test B-acc: 0.6471(0.5494-0.7473)
[2025-01-23 15:40:12,098][INFO] Epoch[34/80], train AUC: 0.9759(0.9524-0.9915), test AUC: 0.7838(0.6766-0.8784)
[2025-01-23 15:42:20,596][INFO] Epoch[35/80], loss:1.5633, CE loss:0.4519, info NCE loss:1.1114
[2025-01-23 15:42:20,596][INFO] Epoch[35/80], train B-acc: 0.8631(0.7937-0.9283), test B-acc: 0.6189(0.5337-0.7163)
[2025-01-23 15:42:20,596][INFO] Epoch[35/80], train AUC: 0.9778(0.9572-0.9926), test AUC: 0.7827(0.6853-0.8642)
[2025-01-23 15:44:29,115][INFO] Epoch[36/80], loss:1.5611, CE loss:0.4504, info NCE loss:1.1106
[2025-01-23 15:44:29,115][INFO] Epoch[36/80], train B-acc: 0.8624(0.7933-0.9296), test B-acc: 0.6192(0.5315-0.7164)
[2025-01-23 15:44:29,116][INFO] Epoch[36/80], train AUC: 0.9799(0.9602-0.9939), test AUC: 0.7775(0.6825-0.8622)
[2025-01-23 15:46:37,003][INFO] Epoch[37/80], loss:1.5595, CE loss:0.4495, info NCE loss:1.1099
[2025-01-23 15:46:37,004][INFO] Epoch[37/80], train B-acc: 0.8778(0.8055-0.9397), test B-acc: 0.6423(0.5510-0.7327)
[2025-01-23 15:46:37,004][INFO] Epoch[37/80], train AUC: 0.9809(0.9630-0.9939), test AUC: 0.7837(0.6795-0.8672)
[2025-01-23 15:48:44,347][INFO] Epoch[38/80], loss:1.5568, CE loss:0.4477, info NCE loss:1.1091
[2025-01-23 15:48:44,347][INFO] Epoch[38/80], train B-acc: 0.9111(0.8520-0.9636), test B-acc: 0.6321(0.5367-0.7226)
[2025-01-23 15:48:44,347][INFO] Epoch[38/80], train AUC: 0.9827(0.9648-0.9944), test AUC: 0.7753(0.6671-0.8712)
[2025-01-23 15:50:53,046][INFO] Epoch[39/80], loss:1.5553, CE loss:0.4468, info NCE loss:1.1085
[2025-01-23 15:50:53,047][INFO] Epoch[39/80], train B-acc: 0.9117(0.8472-0.9627), test B-acc: 0.6410(0.5516-0.7309)
[2025-01-23 15:50:53,047][INFO] Epoch[39/80], train AUC: 0.9836(0.9667-0.9942), test AUC: 0.7780(0.6741-0.8648)
[2025-01-23 15:53:00,754][INFO] Epoch[40/80], loss:1.5532, CE loss:0.4455, info NCE loss:1.1077
[2025-01-23 15:53:00,754][INFO] Epoch[40/80], train B-acc: 0.8643(0.7931-0.9288), test B-acc: 0.5873(0.5042-0.6809)
[2025-01-23 15:53:00,754][INFO] Epoch[40/80], train AUC: 0.9850(0.9701-0.9948), test AUC: 0.7722(0.6747-0.8655)
[2025-01-23 15:55:08,919][INFO] Epoch[41/80], loss:1.5523, CE loss:0.4451, info NCE loss:1.1072
[2025-01-23 15:55:08,919][INFO] Epoch[41/80], train B-acc: 0.9125(0.8476-0.9616), test B-acc: 0.6549(0.5578-0.7521)
[2025-01-23 15:55:08,919][INFO] Epoch[41/80], train AUC: 0.9865(0.9719-0.9962), test AUC: 0.7725(0.6702-0.8636)
[2025-01-23 15:57:17,182][INFO] Epoch[42/80], loss:1.5498, CE loss:0.4434, info NCE loss:1.1064
[2025-01-23 15:57:17,183][INFO] Epoch[42/80], train B-acc: 0.9227(0.8645-0.9723), test B-acc: 0.6662(0.5583-0.7610)
[2025-01-23 15:57:17,183][INFO] Epoch[42/80], train AUC: 0.9874(0.9727-0.9964), test AUC: 0.7762(0.6712-0.8668)
[2025-01-23 15:59:25,275][INFO] Epoch[43/80], loss:1.5488, CE loss:0.4430, info NCE loss:1.1057
[2025-01-23 15:59:25,275][INFO] Epoch[43/80], train B-acc: 0.9019(0.8354-0.9553), test B-acc: 0.6247(0.5327-0.7115)
[2025-01-23 15:59:25,275][INFO] Epoch[43/80], train AUC: 0.9891(0.9765-0.9973), test AUC: 0.7731(0.6714-0.8591)
[2025-01-23 16:01:33,635][INFO] Epoch[44/80], loss:1.5472, CE loss:0.4419, info NCE loss:1.1053
[2025-01-23 16:01:33,635][INFO] Epoch[44/80], train B-acc: 0.9492(0.8958-0.9865), test B-acc: 0.6597(0.5623-0.7536)
[2025-01-23 16:01:33,636][INFO] Epoch[44/80], train AUC: 0.9901(0.9786-0.9978), test AUC: 0.7736(0.6601-0.8619)
[2025-01-23 16:03:42,141][INFO] Epoch[45/80], loss:1.5469, CE loss:0.4418, info NCE loss:1.1051
[2025-01-23 16:03:42,141][INFO] Epoch[45/80], train B-acc: 0.9124(0.8467-0.9630), test B-acc: 0.6378(0.5431-0.7331)
[2025-01-23 16:03:42,141][INFO] Epoch[45/80], train AUC: 0.9912(0.9805-0.9980), test AUC: 0.7740(0.6674-0.8638)
[2025-01-23 16:05:50,314][INFO] Epoch[46/80], loss:1.5442, CE loss:0.4400, info NCE loss:1.1041
[2025-01-23 16:05:50,315][INFO] Epoch[46/80], train B-acc: 0.9458(0.8915-0.9839), test B-acc: 0.6678(0.5713-0.7666)
[2025-01-23 16:05:50,315][INFO] Epoch[46/80], train AUC: 0.9921(0.9813-0.9979), test AUC: 0.7679(0.6642-0.8536)
[2025-01-23 16:07:59,437][INFO] Epoch[47/80], loss:1.5435, CE loss:0.4397, info NCE loss:1.1038
[2025-01-23 16:07:59,438][INFO] Epoch[47/80], train B-acc: 0.9244(0.8604-0.9737), test B-acc: 0.6390(0.5429-0.7365)
[2025-01-23 16:07:59,438][INFO] Epoch[47/80], train AUC: 0.9928(0.9837-0.9986), test AUC: 0.7691(0.6685-0.8582)
[2025-01-23 16:10:07,365][INFO] Epoch[48/80], loss:1.5411, CE loss:0.4380, info NCE loss:1.1031
[2025-01-23 16:10:07,365][INFO] Epoch[48/80], train B-acc: 0.9446(0.8930-0.9856), test B-acc: 0.6706(0.5778-0.7636)
[2025-01-23 16:10:07,365][INFO] Epoch[48/80], train AUC: 0.9936(0.9833-0.9989), test AUC: 0.7612(0.6575-0.8557)
[2025-01-23 16:12:15,020][INFO] Epoch[49/80], loss:1.5389, CE loss:0.4367, info NCE loss:1.1021
[2025-01-23 16:12:15,020][INFO] Epoch[49/80], train B-acc: 0.9487(0.8974-0.9860), test B-acc: 0.6678(0.5737-0.7665)
[2025-01-23 16:12:15,020][INFO] Epoch[49/80], train AUC: 0.9946(0.9859-0.9989), test AUC: 0.7602(0.6667-0.8608)
[2025-01-23 16:14:22,662][INFO] Epoch[50/80], loss:1.5365, CE loss:0.4350, info NCE loss:1.1015
[2025-01-23 16:14:22,662][INFO] Epoch[50/80], train B-acc: 0.9371(0.8848-0.9817), test B-acc: 0.6477(0.5574-0.7487)
[2025-01-23 16:14:22,662][INFO] Epoch[50/80], train AUC: 0.9950(0.9882-0.9991), test AUC: 0.7625(0.6558-0.8569)
[2025-01-23 16:16:30,298][INFO] Epoch[51/80], loss:1.5355, CE loss:0.4344, info NCE loss:1.1011
[2025-01-23 16:16:30,298][INFO] Epoch[51/80], train B-acc: 0.9492(0.8982-0.9854), test B-acc: 0.6642(0.5750-0.7583)
[2025-01-23 16:16:30,298][INFO] Epoch[51/80], train AUC: 0.9957(0.9887-0.9994), test AUC: 0.7595(0.6614-0.8528)
[2025-01-23 16:18:37,792][INFO] Epoch[52/80], loss:1.5341, CE loss:0.4336, info NCE loss:1.1004
[2025-01-23 16:18:37,793][INFO] Epoch[52/80], train B-acc: 0.9384(0.8816-0.9820), test B-acc: 0.6342(0.5379-0.7261)
[2025-01-23 16:18:37,793][INFO] Epoch[52/80], train AUC: 0.9965(0.9899-0.9996), test AUC: 0.7627(0.6540-0.8561)
[2025-01-23 16:20:46,116][INFO] Epoch[53/80], loss:1.5334, CE loss:0.4333, info NCE loss:1.1001
[2025-01-23 16:20:46,117][INFO] Epoch[53/80], train B-acc: 0.9512(0.8958-0.9872), test B-acc: 0.6500(0.5597-0.7413)
[2025-01-23 16:20:46,117][INFO] Epoch[53/80], train AUC: 0.9970(0.9919-0.9997), test AUC: 0.7620(0.6541-0.8487)
[2025-01-23 16:22:54,050][INFO] Epoch[54/80], loss:1.5308, CE loss:0.4316, info NCE loss:1.0992
[2025-01-23 16:22:54,051][INFO] Epoch[54/80], train B-acc: 0.9450(0.8914-0.9846), test B-acc: 0.6509(0.5574-0.7480)
[2025-01-23 16:22:54,051][INFO] Epoch[54/80], train AUC: 0.9974(0.9924-0.9998), test AUC: 0.7607(0.6468-0.8496)
[2025-01-23 16:25:01,561][INFO] Epoch[55/80], loss:1.5298, CE loss:0.4310, info NCE loss:1.0988
[2025-01-23 16:25:01,562][INFO] Epoch[55/80], train B-acc: 0.9481(0.8919-0.9868), test B-acc: 0.6470(0.5534-0.7413)
[2025-01-23 16:25:01,562][INFO] Epoch[55/80], train AUC: 0.9979(0.9935-0.9999), test AUC: 0.7549(0.6469-0.8477)
[2025-01-23 16:27:09,232][INFO] Epoch[56/80], loss:1.5283, CE loss:0.4301, info NCE loss:1.0981
[2025-01-23 16:27:09,232][INFO] Epoch[56/80], train B-acc: 0.9480(0.9016-0.9868), test B-acc: 0.6488(0.5600-0.7425)
[2025-01-23 16:27:09,232][INFO] Epoch[56/80], train AUC: 0.9981(0.9941-0.9999), test AUC: 0.7569(0.6491-0.8486)
[2025-01-23 16:29:17,273][INFO] Epoch[57/80], loss:1.5268, CE loss:0.4293, info NCE loss:1.0976
[2025-01-23 16:29:17,274][INFO] Epoch[57/80], train B-acc: 0.9709(0.9300-0.9979), test B-acc: 0.6554(0.5611-0.7461)
[2025-01-23 16:29:17,274][INFO] Epoch[57/80], train AUC: 0.9983(0.9948-1.0000), test AUC: 0.7524(0.6531-0.8448)
[2025-01-23 16:31:25,346][INFO] Epoch[58/80], loss:1.5266, CE loss:0.4291, info NCE loss:1.0975
[2025-01-23 16:31:25,346][INFO] Epoch[58/80], train B-acc: 0.9702(0.9264-0.9977), test B-acc: 0.6444(0.5463-0.7327)
[2025-01-23 16:31:25,346][INFO] Epoch[58/80], train AUC: 0.9987(0.9951-1.0000), test AUC: 0.7539(0.6452-0.8474)
[2025-01-23 16:33:33,229][INFO] Epoch[59/80], loss:1.5242, CE loss:0.4278, info NCE loss:1.0964
[2025-01-23 16:33:33,229][INFO] Epoch[59/80], train B-acc: 0.9714(0.9281-0.9980), test B-acc: 0.6494(0.5585-0.7449)
[2025-01-23 16:33:33,229][INFO] Epoch[59/80], train AUC: 0.9990(0.9962-1.0000), test AUC: 0.7535(0.6472-0.8418)
[2025-01-23 16:35:41,148][INFO] Epoch[60/80], loss:1.5232, CE loss:0.4271, info NCE loss:1.0961
[2025-01-23 16:35:41,148][INFO] Epoch[60/80], train B-acc: 0.9726(0.9346-0.9980), test B-acc: 0.6426(0.5448-0.7405)
[2025-01-23 16:35:41,149][INFO] Epoch[60/80], train AUC: 0.9992(0.9969-1.0000), test AUC: 0.7518(0.6347-0.8463)
[2025-01-23 16:37:49,326][INFO] Epoch[61/80], loss:1.5217, CE loss:0.4262, info NCE loss:1.0954
[2025-01-23 16:37:49,326][INFO] Epoch[61/80], train B-acc: 0.9730(0.9290-0.9980), test B-acc: 0.6560(0.5545-0.7534)
[2025-01-23 16:37:49,326][INFO] Epoch[61/80], train AUC: 0.9993(0.9972-1.0000), test AUC: 0.7539(0.6435-0.8458)
[2025-01-23 16:39:57,488][INFO] Epoch[62/80], loss:1.5205, CE loss:0.4256, info NCE loss:1.0950
[2025-01-23 16:39:57,488][INFO] Epoch[62/80], train B-acc: 0.9735(0.9312-0.9980), test B-acc: 0.6470(0.5448-0.7421)
[2025-01-23 16:39:57,488][INFO] Epoch[62/80], train AUC: 0.9995(0.9976-1.0000), test AUC: 0.7498(0.6439-0.8400)
[2025-01-23 16:42:05,313][INFO] Epoch[63/80], loss:1.5195, CE loss:0.4250, info NCE loss:1.0945
[2025-01-23 16:42:05,313][INFO] Epoch[63/80], train B-acc: 0.9718(0.9326-1.0000), test B-acc: 0.6420(0.5501-0.7461)
[2025-01-23 16:42:05,314][INFO] Epoch[63/80], train AUC: 0.9994(0.9975-1.0000), test AUC: 0.7520(0.6432-0.8491)
[2025-01-23 16:44:12,843][INFO] Epoch[64/80], loss:1.5186, CE loss:0.4243, info NCE loss:1.0943
[2025-01-23 16:44:12,843][INFO] Epoch[64/80], train B-acc: 0.9735(0.9362-0.9980), test B-acc: 0.6522(0.5471-0.7380)
[2025-01-23 16:44:12,843][INFO] Epoch[64/80], train AUC: 0.9995(0.9976-1.0000), test AUC: 0.7463(0.6407-0.8362)
[2025-01-23 16:46:21,369][INFO] Epoch[65/80], loss:1.5169, CE loss:0.4235, info NCE loss:1.0934
[2025-01-23 16:46:21,369][INFO] Epoch[65/80], train B-acc: 0.9725(0.9321-0.9979), test B-acc: 0.6519(0.5558-0.7487)
[2025-01-23 16:46:21,369][INFO] Epoch[65/80], train AUC: 0.9994(0.9973-1.0000), test AUC: 0.7462(0.6362-0.8438)
[2025-01-23 16:48:28,839][INFO] Epoch[66/80], loss:1.5160, CE loss:0.4231, info NCE loss:1.0929
[2025-01-23 16:48:28,839][INFO] Epoch[66/80], train B-acc: 0.9723(0.9312-0.9980), test B-acc: 0.6534(0.5544-0.7590)
[2025-01-23 16:48:28,839][INFO] Epoch[66/80], train AUC: 0.9994(0.9976-1.0000), test AUC: 0.7469(0.6279-0.8435)
[2025-01-23 16:50:37,389][INFO] Epoch[67/80], loss:1.5147, CE loss:0.4223, info NCE loss:1.0925
[2025-01-23 16:50:37,389][INFO] Epoch[67/80], train B-acc: 0.9854(0.9571-1.0000), test B-acc: 0.6491(0.5565-0.7494)
[2025-01-23 16:50:37,389][INFO] Epoch[67/80], train AUC: 0.9995(0.9978-1.0000), test AUC: 0.7417(0.6343-0.8404)
[2025-01-23 16:52:45,853][INFO] Epoch[68/80], loss:1.5138, CE loss:0.4218, info NCE loss:1.0920
[2025-01-23 16:52:45,853][INFO] Epoch[68/80], train B-acc: 0.9850(0.9545-1.0000), test B-acc: 0.6528(0.5551-0.7494)
[2025-01-23 16:52:45,853][INFO] Epoch[68/80], train AUC: 0.9995(0.9974-1.0000), test AUC: 0.7395(0.6343-0.8404)
[2025-01-23 16:54:51,582][INFO] Epoch[69/80], loss:1.5125, CE loss:0.4209, info NCE loss:1.0916
[2025-01-23 16:54:51,583][INFO] Epoch[69/80], train B-acc: 0.9958(0.9892-1.0000), test B-acc: 0.6461(0.5504-0.7486)
[2025-01-23 16:54:51,583][INFO] Epoch[69/80], train AUC: 0.9994(0.9977-1.0000), test AUC: 0.7424(0.6387-0.8343)
[2025-01-23 16:56:56,379][INFO] Epoch[70/80], loss:1.5118, CE loss:0.4207, info NCE loss:1.0911
[2025-01-23 16:56:56,379][INFO] Epoch[70/80], train B-acc: 0.9854(0.9544-1.0000), test B-acc: 0.6539(0.5603-0.7509)
[2025-01-23 16:56:56,380][INFO] Epoch[70/80], train AUC: 0.9995(0.9974-1.0000), test AUC: 0.7396(0.6404-0.8425)
[2025-01-23 16:58:59,369][INFO] Epoch[71/80], loss:1.5108, CE loss:0.4201, info NCE loss:1.0907
[2025-01-23 16:58:59,370][INFO] Epoch[71/80], train B-acc: 0.9958(0.9893-1.0000), test B-acc: 0.6483(0.5522-0.7414)
[2025-01-23 16:58:59,370][INFO] Epoch[71/80], train AUC: 0.9995(0.9975-1.0000), test AUC: 0.7431(0.6384-0.8367)
[2025-01-23 17:01:02,094][INFO] Epoch[72/80], loss:1.5092, CE loss:0.4192, info NCE loss:1.0901
[2025-01-23 17:01:02,094][INFO] Epoch[72/80], train B-acc: 0.9958(0.9890-1.0000), test B-acc: 0.6617(0.5662-0.7663)
[2025-01-23 17:01:02,094][INFO] Epoch[72/80], train AUC: 0.9994(0.9975-1.0000), test AUC: 0.7384(0.6339-0.8326)
[2025-01-23 17:03:05,461][INFO] Epoch[73/80], loss:1.5083, CE loss:0.4185, info NCE loss:1.0898
[2025-01-23 17:03:05,462][INFO] Epoch[73/80], train B-acc: 0.9958(0.9894-1.0000), test B-acc: 0.6555(0.5565-0.7603)
[2025-01-23 17:03:05,462][INFO] Epoch[73/80], train AUC: 0.9992(0.9966-1.0000), test AUC: 0.7317(0.6241-0.8390)
[2025-01-23 17:05:08,302][INFO] Epoch[74/80], loss:1.5075, CE loss:0.4182, info NCE loss:1.0894
[2025-01-23 17:05:08,302][INFO] Epoch[74/80], train B-acc: 0.9958(0.9893-1.0000), test B-acc: 0.6551(0.5562-0.7494)
[2025-01-23 17:05:08,302][INFO] Epoch[74/80], train AUC: 0.9990(0.9961-1.0000), test AUC: 0.7392(0.6265-0.8347)
[2025-01-23 17:07:13,065][INFO] Epoch[75/80], loss:1.5069, CE loss:0.4177, info NCE loss:1.0892
[2025-01-23 17:07:13,067][INFO] Epoch[75/80], train B-acc: 0.9959(0.9894-1.0000), test B-acc: 0.6534(0.5614-0.7549)
[2025-01-23 17:07:13,067][INFO] Epoch[75/80], train AUC: 0.9991(0.9964-1.0000), test AUC: 0.7368(0.6343-0.8322)
[2025-01-23 17:09:15,407][INFO] Epoch[76/80], loss:1.5059, CE loss:0.4171, info NCE loss:1.0888
[2025-01-23 17:09:15,408][INFO] Epoch[76/80], train B-acc: 0.9958(0.9893-1.0000), test B-acc: 0.6545(0.5604-0.7541)
[2025-01-23 17:09:15,408][INFO] Epoch[76/80], train AUC: 0.9991(0.9968-1.0000), test AUC: 0.7418(0.6333-0.8444)
[2025-01-23 17:11:18,206][INFO] Epoch[77/80], loss:1.5054, CE loss:0.4167, info NCE loss:1.0886
[2025-01-23 17:11:18,207][INFO] Epoch[77/80], train B-acc: 0.9958(0.9892-1.0000), test B-acc: 0.6703(0.5743-0.7572)
[2025-01-23 17:11:18,207][INFO] Epoch[77/80], train AUC: 0.9991(0.9961-1.0000), test AUC: 0.7380(0.6243-0.8373)
[2025-01-23 17:13:21,307][INFO] Epoch[78/80], loss:1.5044, CE loss:0.4163, info NCE loss:1.0881
[2025-01-23 17:13:21,307][INFO] Epoch[78/80], train B-acc: 0.9937(0.9852-1.0000), test B-acc: 0.6698(0.5625-0.7686)
[2025-01-23 17:13:21,307][INFO] Epoch[78/80], train AUC: 0.9991(0.9962-1.0000), test AUC: 0.7341(0.6232-0.8297)
[2025-01-23 17:15:24,463][INFO] Epoch[79/80], loss:1.5033, CE loss:0.4156, info NCE loss:1.0877
[2025-01-23 17:15:24,463][INFO] Epoch[79/80], train B-acc: 0.9937(0.9856-1.0000), test B-acc: 0.6694(0.5709-0.7626)
[2025-01-23 17:15:24,464][INFO] Epoch[79/80], train AUC: 0.9992(0.9969-1.0000), test AUC: 0.7335(0.6242-0.8313)
[2025-01-23 17:16:24,164][INFO] Epoch 80 retry 1 of 5, loss did not decrease.
[2025-01-23 17:18:27,511][INFO] Epoch[80/80], loss:1.5025, CE loss:0.4151, info NCE loss:1.0874
[2025-01-23 17:18:27,511][INFO] Epoch[80/80], train B-acc: 0.9937(0.9855-1.0000), test B-acc: 0.6617(0.5587-0.7534)
[2025-01-23 17:18:27,511][INFO] Epoch[80/80], train AUC: 0.9993(0.9970-1.0000), test AUC: 0.7328(0.6262-0.8250)
