[2024-12-31 10:22:43,742][INFO] Running PROJECT: CRC-DX, P LEARNING RATE: 0.001, OPTIMIZER: ADAMW, NUM EPOCHS: 25, BATCH SIZE: 2048, DEVICES: cuda, SMOOTHING: 0.1
[2024-12-31 10:22:43,742][INFO] params["in_chans"]=[200, 16]
[2024-12-31 10:22:43,742][INFO] params["dims"]=[512, 512]
[2024-12-31 10:22:43,743][INFO] params["out_chans"]=[16, 8]
[2024-12-31 10:22:43,743][INFO] params["heads"]=[8, 4]
[2024-12-31 10:22:43,743][INFO] params["dropout"]=[0.8, 0.4, 0.4]
[2024-12-31 10:24:27,646][INFO] Epoch[1/25], loss:1.4317, CE loss:0.7686 , info NCE loss:7.3995
[2024-12-31 10:24:27,646][INFO] Epoch[1/25], train B-acc: 0.5000(0.5000-0.5000), test B-acc: 0.5000(0.5000-0.5000)
[2024-12-31 10:24:27,646][INFO] Epoch[1/25], train AUC: 0.7392(0.6380-0.8285), test AUC: 0.6870(0.5592-0.7887)
[2024-12-31 10:26:12,590][INFO] Epoch[2/25], loss:1.1055, CE loss:0.4934 , info NCE loss:6.6143
[2024-12-31 10:26:12,592][INFO] Epoch[2/25], train B-acc: 0.6040(0.5426-0.6761), test B-acc: 0.5741(0.5179-0.6522)
[2024-12-31 10:26:12,592][INFO] Epoch[2/25], train AUC: 0.7671(0.6788-0.8465), test AUC: 0.7245(0.5952-0.8323)
[2024-12-31 10:27:59,244][INFO] Epoch[3/25], loss:1.0302, CE loss:0.4384 , info NCE loss:6.3567
[2024-12-31 10:27:59,244][INFO] Epoch[3/25], train B-acc: 0.5385(0.5000-0.5882), test B-acc: 0.5000(0.5000-0.5000)
[2024-12-31 10:27:59,244][INFO] Epoch[3/25], train AUC: 0.7870(0.6993-0.8657), test AUC: 0.7178(0.5991-0.8211)
[2024-12-31 10:29:47,181][INFO] Epoch[4/25], loss:1.0052, CE loss:0.4213 , info NCE loss:6.2600
[2024-12-31 10:29:47,181][INFO] Epoch[4/25], train B-acc: 0.5985(0.5441-0.6692), test B-acc: 0.5556(0.5000-0.6316)
[2024-12-31 10:29:47,181][INFO] Epoch[4/25], train AUC: 0.8191(0.7429-0.8894), test AUC: 0.7275(0.6042-0.8346)
[2024-12-31 10:31:39,939][INFO] Epoch[5/25], loss:0.9922, CE loss:0.4109 , info NCE loss:6.2237
[2024-12-31 10:31:39,939][INFO] Epoch[5/25], train B-acc: 0.5865(0.5279-0.6579), test B-acc: 0.5571(0.5000-0.6250)
[2024-12-31 10:31:39,940][INFO] Epoch[5/25], train AUC: 0.8411(0.7603-0.9053), test AUC: 0.7417(0.6165-0.8479)
[2024-12-31 10:33:29,154][INFO] Epoch[6/25], loss:0.9815, CE loss:0.4021 , info NCE loss:6.1959
[2024-12-31 10:33:29,154][INFO] Epoch[6/25], train B-acc: 0.6253(0.5562-0.6955), test B-acc: 0.6136(0.5400-0.7045)
[2024-12-31 10:33:29,155][INFO] Epoch[6/25], train AUC: 0.8615(0.7853-0.9237), test AUC: 0.7600(0.6467-0.8557)
[2024-12-31 10:35:19,420][INFO] Epoch[7/25], loss:0.9717, CE loss:0.3937 , info NCE loss:6.1741
[2024-12-31 10:35:19,421][INFO] Epoch[7/25], train B-acc: 0.6622(0.5882-0.7395), test B-acc: 0.6346(0.5526-0.7258)
[2024-12-31 10:35:19,421][INFO] Epoch[7/25], train AUC: 0.8791(0.8041-0.9347), test AUC: 0.7767(0.6728-0.8741)
[2024-12-31 10:37:05,847][INFO] Epoch[8/25], loss:0.9635, CE loss:0.3852 , info NCE loss:6.1684
[2024-12-31 10:37:05,847][INFO] Epoch[8/25], train B-acc: 0.6547(0.5811-0.7339), test B-acc: 0.6136(0.5370-0.7027)
[2024-12-31 10:37:05,847][INFO] Epoch[8/25], train AUC: 0.8944(0.8251-0.9446), test AUC: 0.7977(0.6781-0.8894)
[2024-12-31 10:38:51,037][INFO] Epoch[9/25], loss:0.9522, CE loss:0.3755 , info NCE loss:6.1425
[2024-12-31 10:38:51,038][INFO] Epoch[9/25], train B-acc: 0.6796(0.6058-0.7623), test B-acc: 0.6333(0.5536-0.7292)
[2024-12-31 10:38:51,038][INFO] Epoch[9/25], train AUC: 0.9079(0.8419-0.9601), test AUC: 0.8090(0.7012-0.9106)
[2024-12-31 10:40:36,667][INFO] Epoch[10/25], loss:0.9427, CE loss:0.3671 , info NCE loss:6.1234
[2024-12-31 10:40:36,667][INFO] Epoch[10/25], train B-acc: 0.7079(0.6299-0.7880), test B-acc: 0.6724(0.5800-0.7609)
[2024-12-31 10:40:36,667][INFO] Epoch[10/25], train AUC: 0.9212(0.8557-0.9645), test AUC: 0.8196(0.7212-0.9049)
[2024-12-31 10:42:21,553][INFO] Epoch[11/25], loss:0.9343, CE loss:0.3590 , info NCE loss:6.1117
[2024-12-31 10:42:21,553][INFO] Epoch[11/25], train B-acc: 0.7117(0.6279-0.7926), test B-acc: 0.6897(0.5962-0.7903)
[2024-12-31 10:42:21,553][INFO] Epoch[11/25], train AUC: 0.9333(0.8743-0.9742), test AUC: 0.8316(0.7263-0.9140)
[2024-12-31 10:44:05,578][INFO] Epoch[12/25], loss:0.9256, CE loss:0.3512 , info NCE loss:6.0954
[2024-12-31 10:44:05,579][INFO] Epoch[12/25], train B-acc: 0.7729(0.6855-0.8452), test B-acc: 0.7018(0.6086-0.8000)
[2024-12-31 10:44:05,579][INFO] Epoch[12/25], train AUC: 0.9429(0.8829-0.9776), test AUC: 0.8427(0.7341-0.9252)
[2024-12-31 10:45:49,943][INFO] Epoch[13/25], loss:0.9174, CE loss:0.3437 , info NCE loss:6.0806
[2024-12-31 10:45:49,944][INFO] Epoch[13/25], train B-acc: 0.7866(0.7031-0.8602), test B-acc: 0.7073(0.6043-0.8032)
[2024-12-31 10:45:49,944][INFO] Epoch[13/25], train AUC: 0.9508(0.8944-0.9824), test AUC: 0.8479(0.7333-0.9317)
[2024-12-31 10:47:35,579][INFO] Epoch[14/25], loss:0.9094, CE loss:0.3359 , info NCE loss:6.0706
[2024-12-31 10:47:35,580][INFO] Epoch[14/25], train B-acc: 0.8204(0.7380-0.9000), test B-acc: 0.6999(0.6039-0.7963)
[2024-12-31 10:47:35,580][INFO] Epoch[14/25], train AUC: 0.9623(0.9176-0.9880), test AUC: 0.8538(0.7438-0.9395)
[2024-12-31 10:49:30,445][INFO] Epoch[15/25], loss:0.9028, CE loss:0.3294 , info NCE loss:6.0634
[2024-12-31 10:49:30,446][INFO] Epoch[15/25], train B-acc: 0.8467(0.7702-0.9173), test B-acc: 0.6963(0.6042-0.7969)
[2024-12-31 10:49:30,446][INFO] Epoch[15/25], train AUC: 0.9684(0.9254-0.9919), test AUC: 0.8525(0.7380-0.9397)
[2024-12-31 10:51:23,189][INFO] Epoch[16/25], loss:0.8986, CE loss:0.3257 , info NCE loss:6.0547
[2024-12-31 10:51:23,189][INFO] Epoch[16/25], train B-acc: 0.9018(0.8299-0.9556), test B-acc: 0.7761(0.6756-0.8681)
[2024-12-31 10:51:23,189][INFO] Epoch[16/25], train AUC: 0.9739(0.9389-0.9930), test AUC: 0.8538(0.7493-0.9406)
[2024-12-31 10:53:22,652][INFO] Epoch[17/25], loss:0.8914, CE loss:0.3192 , info NCE loss:6.0417
[2024-12-31 10:53:22,653][INFO] Epoch[17/25], train B-acc: 0.8499(0.7737-0.9130), test B-acc: 0.7018(0.6043-0.7993)
[2024-12-31 10:53:22,653][INFO] Epoch[17/25], train AUC: 0.9783(0.9438-0.9956), test AUC: 0.8571(0.7634-0.9400)
[2024-12-31 10:55:12,732][INFO] Epoch[18/25], loss:0.8847, CE loss:0.3126 , info NCE loss:6.0327
[2024-12-31 10:55:12,732][INFO] Epoch[18/25], train B-acc: 0.9046(0.8454-0.9620), test B-acc: 0.7689(0.6626-0.8636)
[2024-12-31 10:55:12,732][INFO] Epoch[18/25], train AUC: 0.9820(0.9533-0.9971), test AUC: 0.8603(0.7505-0.9385)
[2024-12-31 10:56:58,331][INFO] Epoch[19/25], loss:0.8778, CE loss:0.3057 , info NCE loss:6.0269
[2024-12-31 10:56:58,332][INFO] Epoch[19/25], train B-acc: 0.9073(0.8357-0.9590), test B-acc: 0.7822(0.6826-0.8759)
[2024-12-31 10:56:58,332][INFO] Epoch[19/25], train AUC: 0.9860(0.9630-0.9982), test AUC: 0.8602(0.7549-0.9381)
[2024-12-31 10:58:44,850][INFO] Epoch[20/25], loss:0.8711, CE loss:0.2992 , info NCE loss:6.0185
[2024-12-31 10:58:44,850][INFO] Epoch[20/25], train B-acc: 0.9052(0.8382-0.9643), test B-acc: 0.7669(0.6640-0.8611)
[2024-12-31 10:58:44,850][INFO] Epoch[20/25], train AUC: 0.9885(0.9667-0.9990), test AUC: 0.8569(0.7479-0.9386)
[2024-12-31 11:00:30,748][INFO] Epoch[21/25], loss:0.8676, CE loss:0.2945 , info NCE loss:6.0248
[2024-12-31 11:00:30,749][INFO] Epoch[21/25], train B-acc: 0.9583(0.9031-0.9954), test B-acc: 0.7864(0.6875-0.8768)
[2024-12-31 11:00:30,749][INFO] Epoch[21/25], train AUC: 0.9911(0.9736-0.9991), test AUC: 0.8564(0.7515-0.9325)
[2024-12-31 11:02:20,328][INFO] Epoch[22/25], loss:0.8607, CE loss:0.2888 , info NCE loss:6.0084
[2024-12-31 11:02:20,328][INFO] Epoch[22/25], train B-acc: 0.9577(0.9051-0.9957), test B-acc: 0.7939(0.6937-0.8867)
[2024-12-31 11:02:20,328][INFO] Epoch[22/25], train AUC: 0.9935(0.9805-0.9995), test AUC: 0.8577(0.7448-0.9441)
[2024-12-31 11:04:10,353][INFO] Epoch[23/25], loss:0.8566, CE loss:0.2849 , info NCE loss:6.0014
[2024-12-31 11:04:10,353][INFO] Epoch[23/25], train B-acc: 0.9579(0.9069-0.9935), test B-acc: 0.7924(0.6902-0.8834)
[2024-12-31 11:04:10,353][INFO] Epoch[23/25], train AUC: 0.9953(0.9859-0.9998), test AUC: 0.8608(0.7605-0.9407)
[2024-12-31 11:06:01,259][INFO] Epoch[24/25], loss:0.8710, CE loss:0.3003 , info NCE loss:6.0066
[2024-12-31 11:06:01,260][INFO] Epoch[24/25], train B-acc: 0.8333(0.8023-0.8653), test B-acc: 0.7270(0.6316-0.8119)
[2024-12-31 11:06:01,260][INFO] Epoch[24/25], train AUC: 0.9962(0.9895-0.9996), test AUC: 0.8552(0.7367-0.9330)
[2024-12-31 11:07:52,421][INFO] Epoch[25/25], loss:0.9135, CE loss:0.3464 , info NCE loss:6.0171
[2024-12-31 11:07:52,422][INFO] Epoch[25/25], train B-acc: 0.9103(0.8387-0.9688), test B-acc: 0.7113(0.6062-0.8125)
[2024-12-31 11:07:52,422][INFO] Epoch[25/25], train AUC: 0.9957(0.9861-1.0000), test AUC: 0.8571(0.7480-0.9392)
