[2025-03-29 13:48:10,000][INFO] Running PROJECT: CRC-DX, P LEARNING RATE: 0.0001, OPTIMIZER: ADAMW, NUM EPOCHS: 80, BATCH SIZE: 2048, DEVICES: cuda, SMOOTHING: 0.25
[2025-03-29 13:48:10,000][INFO] params["in_chans"]=[200, 16]
[2025-03-29 13:48:10,001][INFO] params["dims"]=[512, 512]
[2025-03-29 13:48:10,001][INFO] params["out_chans"]=[16, 8]
[2025-03-29 13:48:10,001][INFO] params["heads"]=[8, 4]
[2025-03-29 13:48:10,001][INFO] params["dropout"]=[0.8, 0.4, 0.4]
[2025-03-29 13:50:20,745][INFO] Epoch[1/80], loss:0.6506, CE loss:0.5756 , info NCE loss:0.5927
[2025-03-29 13:50:20,745][INFO] Epoch[1/80], train B-acc: 0.5000(0.5000-0.5000), test B-acc: 0.5000(0.5000-0.5000)
[2025-03-29 13:50:20,746][INFO] Epoch[1/80], train AUC: 0.5310(0.4322-0.6305), test AUC: 0.4771(0.3625-0.5894)
[2025-03-29 13:52:49,963][INFO] Epoch[2/80], loss:0.6194, CE loss:0.5446 , info NCE loss:0.5916
[2025-03-29 13:52:49,964][INFO] Epoch[2/80], train B-acc: 0.5000(0.5000-0.5000), test B-acc: 0.5000(0.5000-0.5000)
[2025-03-29 13:52:49,964][INFO] Epoch[2/80], train AUC: 0.7116(0.6110-0.8024), test AUC: 0.6719(0.5500-0.7931)
[2025-03-29 13:54:46,818][INFO] Epoch[3/80], loss:0.6067, CE loss:0.5322 , info NCE loss:0.5894
[2025-03-29 13:54:46,818][INFO] Epoch[3/80], train B-acc: 0.5000(0.5000-0.5000), test B-acc: 0.5000(0.5000-0.5000)
[2025-03-29 13:54:46,818][INFO] Epoch[3/80], train AUC: 0.7594(0.6592-0.8408), test AUC: 0.7287(0.6014-0.8275)
[2025-03-29 13:56:41,183][INFO] Epoch[4/80], loss:0.5982, CE loss:0.5241 , info NCE loss:0.5848
[2025-03-29 13:56:41,183][INFO] Epoch[4/80], train B-acc: 0.5000(0.5000-0.5000), test B-acc: 0.5000(0.5000-0.5000)
[2025-03-29 13:56:41,183][INFO] Epoch[4/80], train AUC: 0.7801(0.6935-0.8563), test AUC: 0.7297(0.6091-0.8415)
[2025-03-29 13:58:32,737][INFO] Epoch[5/80], loss:0.5916, CE loss:0.5180 , info NCE loss:0.5796
[2025-03-29 13:58:32,737][INFO] Epoch[5/80], train B-acc: 0.5244(0.5000-0.5667), test B-acc: 0.5000(0.5000-0.5000)
[2025-03-29 13:58:32,738][INFO] Epoch[5/80], train AUC: 0.7984(0.7158-0.8680), test AUC: 0.7414(0.6000-0.8412)
[2025-03-29 14:00:22,372][INFO] Epoch[6/80], loss:0.5855, CE loss:0.5127 , info NCE loss:0.5730
[2025-03-29 14:00:22,373][INFO] Epoch[6/80], train B-acc: 0.5385(0.5000-0.5875), test B-acc: 0.5357(0.5000-0.5962)
[2025-03-29 14:00:22,373][INFO] Epoch[6/80], train AUC: 0.8257(0.7528-0.8920), test AUC: 0.7465(0.6272-0.8485)
[2025-03-29 14:02:12,997][INFO] Epoch[7/80], loss:0.5802, CE loss:0.5085 , info NCE loss:0.5620
[2025-03-29 14:02:12,998][INFO] Epoch[7/80], train B-acc: 0.5645(0.5143-0.6250), test B-acc: 0.5370(0.5000-0.6000)
[2025-03-29 14:02:12,998][INFO] Epoch[7/80], train AUC: 0.8351(0.7561-0.9020), test AUC: 0.7564(0.6426-0.8602)
[2025-03-29 14:04:04,018][INFO] Epoch[8/80], loss:0.5753, CE loss:0.5047 , info NCE loss:0.5520
[2025-03-29 14:04:04,019][INFO] Epoch[8/80], train B-acc: 0.6013(0.5394-0.6742), test B-acc: 0.5357(0.5000-0.6000)
[2025-03-29 14:04:04,019][INFO] Epoch[8/80], train AUC: 0.8483(0.7714-0.9102), test AUC: 0.7719(0.6443-0.8712)
[2025-03-29 14:05:52,471][INFO] Epoch[9/80], loss:0.5715, CE loss:0.5018 , info NCE loss:0.5484
[2025-03-29 14:05:52,471][INFO] Epoch[9/80], train B-acc: 0.5725(0.5217-0.6366), test B-acc: 0.5345(0.5000-0.5938)
[2025-03-29 14:05:52,471][INFO] Epoch[9/80], train AUC: 0.8619(0.7859-0.9196), test AUC: 0.7769(0.6635-0.8684)
[2025-03-29 14:07:41,130][INFO] Epoch[10/80], loss:0.5674, CE loss:0.4980 , info NCE loss:0.5457
[2025-03-29 14:07:41,130][INFO] Epoch[10/80], train B-acc: 0.6121(0.5481-0.6933), test B-acc: 0.5536(0.5000-0.6250)
[2025-03-29 14:07:41,131][INFO] Epoch[10/80], train AUC: 0.8731(0.7956-0.9285), test AUC: 0.7906(0.6778-0.8878)
[2025-03-29 14:09:29,948][INFO] Epoch[11/80], loss:0.5648, CE loss:0.4957 , info NCE loss:0.5426
[2025-03-29 14:09:29,948][INFO] Epoch[11/80], train B-acc: 0.6404(0.5686-0.7174), test B-acc: 0.5962(0.5227-0.6800)
[2025-03-29 14:09:29,948][INFO] Epoch[11/80], train AUC: 0.8791(0.8088-0.9360), test AUC: 0.8056(0.7005-0.9019)
[2025-03-29 14:11:27,088][INFO] Epoch[12/80], loss:0.5615, CE loss:0.4927 , info NCE loss:0.5418
[2025-03-29 14:11:27,088][INFO] Epoch[12/80], train B-acc: 0.6394(0.5701-0.7117), test B-acc: 0.5952(0.5238-0.6774)
[2025-03-29 14:11:27,089][INFO] Epoch[12/80], train AUC: 0.8886(0.8232-0.9432), test AUC: 0.8147(0.7036-0.9003)
[2025-03-29 14:13:30,473][INFO] Epoch[13/80], loss:0.5588, CE loss:0.4901 , info NCE loss:0.5419
[2025-03-29 14:13:30,473][INFO] Epoch[13/80], train B-acc: 0.6554(0.5824-0.7286), test B-acc: 0.5952(0.5238-0.6750)
[2025-03-29 14:13:30,474][INFO] Epoch[13/80], train AUC: 0.8959(0.8320-0.9485), test AUC: 0.8157(0.6974-0.9031)
[2025-03-29 14:15:56,875][INFO] Epoch[14/80], loss:0.5559, CE loss:0.4873 , info NCE loss:0.5386
[2025-03-29 14:15:56,875][INFO] Epoch[14/80], train B-acc: 0.6783(0.6076-0.7590), test B-acc: 0.5962(0.5227-0.6800)
[2025-03-29 14:15:56,875][INFO] Epoch[14/80], train AUC: 0.9039(0.8315-0.9530), test AUC: 0.8289(0.7067-0.9190)
[2025-03-29 14:18:20,689][INFO] Epoch[15/80], loss:0.5534, CE loss:0.4849 , info NCE loss:0.5401
[2025-03-29 14:18:20,690][INFO] Epoch[15/80], train B-acc: 0.6933(0.6148-0.7708), test B-acc: 0.6136(0.5357-0.7045)
[2025-03-29 14:18:20,690][INFO] Epoch[15/80], train AUC: 0.9085(0.8403-0.9591), test AUC: 0.8321(0.7177-0.9196)
[2025-03-29 14:20:36,820][INFO] Epoch[16/80], loss:0.5511, CE loss:0.4828 , info NCE loss:0.5364
[2025-03-29 14:20:36,820][INFO] Epoch[16/80], train B-acc: 0.6912(0.6172-0.7657), test B-acc: 0.6154(0.5333-0.7045)
[2025-03-29 14:20:36,821][INFO] Epoch[16/80], train AUC: 0.9141(0.8480-0.9603), test AUC: 0.8342(0.7250-0.9240)
[2025-03-29 14:22:50,456][INFO] Epoch[17/80], loss:0.5483, CE loss:0.4801 , info NCE loss:0.5373
[2025-03-29 14:22:50,456][INFO] Epoch[17/80], train B-acc: 0.7064(0.6250-0.7904), test B-acc: 0.6136(0.5370-0.7000)
[2025-03-29 14:22:50,456][INFO] Epoch[17/80], train AUC: 0.9206(0.8506-0.9667), test AUC: 0.8347(0.7275-0.9216)
[2025-03-29 14:25:01,966][INFO] Epoch[18/80], loss:0.5464, CE loss:0.4782 , info NCE loss:0.5368
[2025-03-29 14:25:01,966][INFO] Epoch[18/80], train B-acc: 0.7060(0.6328-0.7849), test B-acc: 0.6136(0.5357-0.7045)
[2025-03-29 14:25:01,967][INFO] Epoch[18/80], train AUC: 0.9232(0.8580-0.9691), test AUC: 0.8389(0.7193-0.9243)
[2025-03-29 14:27:13,623][INFO] Epoch[19/80], loss:0.5447, CE loss:0.4766 , info NCE loss:0.5339
[2025-03-29 14:27:13,623][INFO] Epoch[19/80], train B-acc: 0.7037(0.6250-0.7872), test B-acc: 0.6923(0.6053-0.7903)
[2025-03-29 14:27:13,624][INFO] Epoch[19/80], train AUC: 0.9284(0.8658-0.9695), test AUC: 0.8503(0.7397-0.9272)
[2025-03-29 14:29:12,022][INFO] Epoch[20/80], loss:0.5431, CE loss:0.4751 , info NCE loss:0.5352
[2025-03-29 14:29:12,022][INFO] Epoch[20/80], train B-acc: 0.7188(0.6366-0.7978), test B-acc: 0.6923(0.5968-0.7857)
[2025-03-29 14:29:12,023][INFO] Epoch[20/80], train AUC: 0.9321(0.8684-0.9706), test AUC: 0.8534(0.7529-0.9350)
[2025-03-29 14:31:14,574][INFO] Epoch[21/80], loss:0.5410, CE loss:0.4731 , info NCE loss:0.5364
[2025-03-29 14:31:14,574][INFO] Epoch[21/80], train B-acc: 0.7083(0.6289-0.7835), test B-acc: 0.6667(0.5909-0.7692)
[2025-03-29 14:31:14,574][INFO] Epoch[21/80], train AUC: 0.9347(0.8703-0.9747), test AUC: 0.8605(0.7465-0.9371)
[2025-03-29 14:33:13,521][INFO] Epoch[22/80], loss:0.5394, CE loss:0.4714 , info NCE loss:0.5347
[2025-03-29 14:33:13,521][INFO] Epoch[22/80], train B-acc: 0.7200(0.6395-0.8000), test B-acc: 0.6346(0.5526-0.7292)
[2025-03-29 14:33:13,522][INFO] Epoch[22/80], train AUC: 0.9384(0.8754-0.9739), test AUC: 0.8632(0.7605-0.9397)
[2025-03-29 14:35:10,608][INFO] Epoch[23/80], loss:0.5374, CE loss:0.4696 , info NCE loss:0.5336
[2025-03-29 14:35:10,608][INFO] Epoch[23/80], train B-acc: 0.7214(0.6438-0.8004), test B-acc: 0.6944(0.5968-0.7941)
[2025-03-29 14:35:10,608][INFO] Epoch[23/80], train AUC: 0.9426(0.8915-0.9782), test AUC: 0.8662(0.7688-0.9423)
[2025-03-29 14:37:03,668][INFO] Epoch[24/80], loss:0.5355, CE loss:0.4677 , info NCE loss:0.5330
[2025-03-29 14:37:03,668][INFO] Epoch[24/80], train B-acc: 0.7322(0.6540-0.8089), test B-acc: 0.7143(0.6216-0.8077)
[2025-03-29 14:37:03,668][INFO] Epoch[24/80], train AUC: 0.9461(0.8946-0.9800), test AUC: 0.8668(0.7675-0.9442)
[2025-03-29 14:38:57,069][INFO] Epoch[25/80], loss:0.5335, CE loss:0.4658 , info NCE loss:0.5314
[2025-03-29 14:38:57,069][INFO] Epoch[25/80], train B-acc: 0.7455(0.6681-0.8237), test B-acc: 0.7115(0.6111-0.8077)
[2025-03-29 14:38:57,069][INFO] Epoch[25/80], train AUC: 0.9506(0.8958-0.9831), test AUC: 0.8677(0.7723-0.9470)
[2025-03-29 14:40:49,581][INFO] Epoch[26/80], loss:0.5317, CE loss:0.4641 , info NCE loss:0.5314
[2025-03-29 14:40:49,581][INFO] Epoch[26/80], train B-acc: 0.7449(0.6621-0.8233), test B-acc: 0.7115(0.6136-0.8077)
[2025-03-29 14:40:49,581][INFO] Epoch[26/80], train AUC: 0.9533(0.9055-0.9821), test AUC: 0.8711(0.7698-0.9458)
[2025-03-29 14:42:41,056][INFO] Epoch[27/80], loss:0.5307, CE loss:0.4630 , info NCE loss:0.5318
[2025-03-29 14:42:41,056][INFO] Epoch[27/80], train B-acc: 0.7616(0.6797-0.8346), test B-acc: 0.7321(0.6346-0.8333)
[2025-03-29 14:42:41,057][INFO] Epoch[27/80], train AUC: 0.9554(0.9086-0.9841), test AUC: 0.8724(0.7688-0.9454)
[2025-03-29 14:44:33,070][INFO] Epoch[28/80], loss:0.5292, CE loss:0.4616 , info NCE loss:0.5299
[2025-03-29 14:44:33,071][INFO] Epoch[28/80], train B-acc: 0.7981(0.7200-0.8704), test B-acc: 0.7438(0.6379-0.8445)
[2025-03-29 14:44:33,071][INFO] Epoch[28/80], train AUC: 0.9592(0.9097-0.9872), test AUC: 0.8723(0.7833-0.9427)
[2025-03-29 14:46:23,668][INFO] Epoch[29/80], loss:0.5280, CE loss:0.4605 , info NCE loss:0.5291
[2025-03-29 14:46:23,668][INFO] Epoch[29/80], train B-acc: 0.7849(0.7027-0.8616), test B-acc: 0.7432(0.6429-0.8480)
[2025-03-29 14:46:23,669][INFO] Epoch[29/80], train AUC: 0.9626(0.9185-0.9880), test AUC: 0.8758(0.7889-0.9508)
[2025-03-29 14:48:14,505][INFO] Epoch[30/80], loss:0.5262, CE loss:0.4587 , info NCE loss:0.5306
[2025-03-29 14:48:14,505][INFO] Epoch[30/80], train B-acc: 0.7703(0.6951-0.8507), test B-acc: 0.7500(0.6429-0.8519)
[2025-03-29 14:48:14,505][INFO] Epoch[30/80], train AUC: 0.9636(0.9242-0.9899), test AUC: 0.8756(0.7823-0.9501)
[2025-03-29 14:50:05,501][INFO] Epoch[31/80], loss:0.5249, CE loss:0.4575 , info NCE loss:0.5312
[2025-03-29 14:50:05,501][INFO] Epoch[31/80], train B-acc: 0.8120(0.7342-0.8819), test B-acc: 0.7438(0.6457-0.8421)
[2025-03-29 14:50:05,501][INFO] Epoch[31/80], train AUC: 0.9661(0.9299-0.9897), test AUC: 0.8803(0.7900-0.9490)
[2025-03-29 14:51:56,937][INFO] Epoch[32/80], loss:0.5236, CE loss:0.4562 , info NCE loss:0.5286
[2025-03-29 14:51:56,937][INFO] Epoch[32/80], train B-acc: 0.7953(0.7125-0.8740), test B-acc: 0.7432(0.6461-0.8400)
[2025-03-29 14:51:56,938][INFO] Epoch[32/80], train AUC: 0.9684(0.9299-0.9911), test AUC: 0.8820(0.7962-0.9472)
[2025-03-29 14:53:48,593][INFO] Epoch[33/80], loss:0.5222, CE loss:0.4549 , info NCE loss:0.5304
[2025-03-29 14:53:48,593][INFO] Epoch[33/80], train B-acc: 0.8346(0.7596-0.9121), test B-acc: 0.7429(0.6429-0.8438)
[2025-03-29 14:53:48,594][INFO] Epoch[33/80], train AUC: 0.9702(0.9323-0.9916), test AUC: 0.8817(0.7885-0.9532)
[2025-03-29 14:55:40,372][INFO] Epoch[34/80], loss:0.5209, CE loss:0.4536 , info NCE loss:0.5292
[2025-03-29 14:55:40,372][INFO] Epoch[34/80], train B-acc: 0.8250(0.7537-0.8955), test B-acc: 0.7434(0.6370-0.8478)
[2025-03-29 14:55:40,372][INFO] Epoch[34/80], train AUC: 0.9722(0.9355-0.9929), test AUC: 0.8826(0.7971-0.9560)
[2025-03-29 14:57:31,336][INFO] Epoch[35/80], loss:0.5202, CE loss:0.4530 , info NCE loss:0.5289
[2025-03-29 14:57:31,336][INFO] Epoch[35/80], train B-acc: 0.8112(0.7286-0.8917), test B-acc: 0.7500(0.6577-0.8428)
[2025-03-29 14:57:31,337][INFO] Epoch[35/80], train AUC: 0.9737(0.9425-0.9937), test AUC: 0.8847(0.8051-0.9554)
[2025-03-29 14:59:21,802][INFO] Epoch[36/80], loss:0.5186, CE loss:0.4514 , info NCE loss:0.5287
[2025-03-29 14:59:21,803][INFO] Epoch[36/80], train B-acc: 0.8383(0.7609-0.9057), test B-acc: 0.7434(0.6457-0.8387)
[2025-03-29 14:59:21,803][INFO] Epoch[36/80], train AUC: 0.9750(0.9422-0.9945), test AUC: 0.8844(0.7900-0.9514)
[2025-03-29 15:01:13,471][INFO] Epoch[37/80], loss:0.5176, CE loss:0.4504 , info NCE loss:0.5274
[2025-03-29 15:01:13,471][INFO] Epoch[37/80], train B-acc: 0.8382(0.7635-0.9088), test B-acc: 0.7436(0.6471-0.8409)
[2025-03-29 15:01:13,471][INFO] Epoch[37/80], train AUC: 0.9782(0.9478-0.9950), test AUC: 0.8854(0.7925-0.9539)
[2025-03-29 15:03:05,325][INFO] Epoch[38/80], loss:0.5166, CE loss:0.4494 , info NCE loss:0.5292
[2025-03-29 15:03:05,325][INFO] Epoch[38/80], train B-acc: 0.8376(0.7623-0.9120), test B-acc: 0.7431(0.6452-0.8448)
[2025-03-29 15:03:05,326][INFO] Epoch[38/80], train AUC: 0.9787(0.9513-0.9958), test AUC: 0.8836(0.7962-0.9552)
[2025-03-29 15:04:58,957][INFO] Epoch[39/80], loss:0.5154, CE loss:0.4482 , info NCE loss:0.5286
[2025-03-29 15:04:58,957][INFO] Epoch[39/80], train B-acc: 0.8482(0.7710-0.9145), test B-acc: 0.7663(0.6647-0.8519)
[2025-03-29 15:04:58,957][INFO] Epoch[39/80], train AUC: 0.9805(0.9518-0.9957), test AUC: 0.8805(0.7927-0.9494)
[2025-03-29 15:06:50,433][INFO] Epoch[40/80], loss:0.5142, CE loss:0.4471 , info NCE loss:0.5274
[2025-03-29 15:06:50,433][INFO] Epoch[40/80], train B-acc: 0.8507(0.7740-0.9188), test B-acc: 0.7663(0.6716-0.8654)
[2025-03-29 15:06:50,433][INFO] Epoch[40/80], train AUC: 0.9823(0.9533-0.9972), test AUC: 0.8832(0.7867-0.9528)
[2025-03-29 15:08:41,580][INFO] Epoch[41/80], loss:0.5129, CE loss:0.4458 , info NCE loss:0.5266
[2025-03-29 15:08:41,581][INFO] Epoch[41/80], train B-acc: 0.8616(0.7862-0.9332), test B-acc: 0.7643(0.6667-0.8696)
[2025-03-29 15:08:41,581][INFO] Epoch[41/80], train AUC: 0.9835(0.9556-0.9971), test AUC: 0.8848(0.7916-0.9556)
[2025-03-29 15:10:33,661][INFO] Epoch[42/80], loss:0.5119, CE loss:0.4449 , info NCE loss:0.5266
[2025-03-29 15:10:33,661][INFO] Epoch[42/80], train B-acc: 0.8763(0.8020-0.9414), test B-acc: 0.7720(0.6788-0.8696)
[2025-03-29 15:10:33,661][INFO] Epoch[42/80], train AUC: 0.9845(0.9602-0.9969), test AUC: 0.8792(0.7910-0.9466)
[2025-03-29 15:12:24,946][INFO] Epoch[43/80], loss:0.5112, CE loss:0.4441 , info NCE loss:0.5272
[2025-03-29 15:12:24,946][INFO] Epoch[43/80], train B-acc: 0.8757(0.8067-0.9399), test B-acc: 0.7778(0.6762-0.8711)
[2025-03-29 15:12:24,946][INFO] Epoch[43/80], train AUC: 0.9852(0.9619-0.9978), test AUC: 0.8769(0.7926-0.9452)
[2025-03-29 15:14:15,054][INFO] Epoch[44/80], loss:0.5100, CE loss:0.4430 , info NCE loss:0.5284
[2025-03-29 15:14:15,054][INFO] Epoch[44/80], train B-acc: 0.8611(0.7834-0.9279), test B-acc: 0.7581(0.6533-0.8501)
[2025-03-29 15:14:15,054][INFO] Epoch[44/80], train AUC: 0.9858(0.9616-0.9977), test AUC: 0.8831(0.7877-0.9514)
[2025-03-29 15:16:06,094][INFO] Epoch[45/80], loss:0.5093, CE loss:0.4422 , info NCE loss:0.5256
[2025-03-29 15:16:06,094][INFO] Epoch[45/80], train B-acc: 0.9431(0.8856-0.9835), test B-acc: 0.7827(0.6784-0.8770)
[2025-03-29 15:16:06,094][INFO] Epoch[45/80], train AUC: 0.9877(0.9671-0.9984), test AUC: 0.8808(0.7840-0.9482)
[2025-03-29 15:17:56,114][INFO] Epoch[46/80], loss:0.5088, CE loss:0.4418 , info NCE loss:0.5280
[2025-03-29 15:17:56,114][INFO] Epoch[46/80], train B-acc: 0.8900(0.8191-0.9527), test B-acc: 0.7874(0.6917-0.8800)
[2025-03-29 15:17:56,115][INFO] Epoch[46/80], train AUC: 0.9889(0.9717-0.9983), test AUC: 0.8794(0.7944-0.9519)
[2025-03-29 15:19:47,943][INFO] Epoch[47/80], loss:0.5078, CE loss:0.4408 , info NCE loss:0.5269
[2025-03-29 15:19:47,944][INFO] Epoch[47/80], train B-acc: 0.8644(0.7973-0.9297), test B-acc: 0.7533(0.6600-0.8485)
[2025-03-29 15:19:47,944][INFO] Epoch[47/80], train AUC: 0.9891(0.9695-0.9985), test AUC: 0.8798(0.7849-0.9497)
[2025-03-29 15:21:39,522][INFO] Epoch[48/80], loss:0.5066, CE loss:0.4396 , info NCE loss:0.5279
[2025-03-29 15:21:39,522][INFO] Epoch[48/80], train B-acc: 0.9033(0.8378-0.9580), test B-acc: 0.7881(0.6980-0.8810)
[2025-03-29 15:21:39,523][INFO] Epoch[48/80], train AUC: 0.9898(0.9743-0.9984), test AUC: 0.8811(0.7914-0.9488)
[2025-03-29 15:23:29,583][INFO] Epoch[49/80], loss:0.5057, CE loss:0.4387 , info NCE loss:0.5270
[2025-03-29 15:23:29,583][INFO] Epoch[49/80], train B-acc: 0.8780(0.8008-0.9372), test B-acc: 0.7905(0.6948-0.8763)
[2025-03-29 15:23:29,583][INFO] Epoch[49/80], train AUC: 0.9903(0.9748-0.9986), test AUC: 0.8811(0.7836-0.9486)
[2025-03-29 15:25:24,142][INFO] Epoch[50/80], loss:0.5050, CE loss:0.4381 , info NCE loss:0.5260
[2025-03-29 15:25:24,142][INFO] Epoch[50/80], train B-acc: 0.9283(0.8632-0.9790), test B-acc: 0.7867(0.6867-0.8857)
[2025-03-29 15:25:24,142][INFO] Epoch[50/80], train AUC: 0.9912(0.9766-0.9988), test AUC: 0.8787(0.7908-0.9518)
[2025-03-29 15:27:18,920][INFO] Epoch[51/80], loss:0.5037, CE loss:0.4368 , info NCE loss:0.5249
[2025-03-29 15:27:18,920][INFO] Epoch[51/80], train B-acc: 0.9421(0.8883-0.9832), test B-acc: 0.7894(0.6886-0.8871)
[2025-03-29 15:27:18,920][INFO] Epoch[51/80], train AUC: 0.9916(0.9782-0.9991), test AUC: 0.8805(0.7786-0.9435)
[2025-03-29 15:29:13,063][INFO] Epoch[52/80], loss:0.5035, CE loss:0.4366 , info NCE loss:0.5269
[2025-03-29 15:29:13,063][INFO] Epoch[52/80], train B-acc: 0.9408(0.8844-0.9839), test B-acc: 0.7788(0.6820-0.8752)
[2025-03-29 15:29:13,063][INFO] Epoch[52/80], train AUC: 0.9928(0.9810-0.9993), test AUC: 0.8786(0.7796-0.9469)
[2025-03-29 15:31:02,765][INFO] Epoch[53/80], loss:0.5024, CE loss:0.4355 , info NCE loss:0.5257
[2025-03-29 15:31:02,765][INFO] Epoch[53/80], train B-acc: 0.9321(0.8706-0.9804), test B-acc: 0.7904(0.6875-0.8875)
[2025-03-29 15:31:02,765][INFO] Epoch[53/80], train AUC: 0.9931(0.9802-0.9992), test AUC: 0.8825(0.7937-0.9485)
[2025-03-29 15:32:51,443][INFO] Epoch[54/80], loss:0.5012, CE loss:0.4344 , info NCE loss:0.5263
[2025-03-29 15:32:51,444][INFO] Epoch[54/80], train B-acc: 0.9443(0.8862-0.9846), test B-acc: 0.7814(0.6750-0.8750)
[2025-03-29 15:32:51,444][INFO] Epoch[54/80], train AUC: 0.9937(0.9831-0.9992), test AUC: 0.8776(0.7866-0.9484)
[2025-03-29 15:34:41,000][INFO] Epoch[55/80], loss:0.5005, CE loss:0.4337 , info NCE loss:0.5242
[2025-03-29 15:34:41,000][INFO] Epoch[55/80], train B-acc: 0.9542(0.9097-0.9933), test B-acc: 0.7994(0.6935-0.8869)
[2025-03-29 15:34:41,000][INFO] Epoch[55/80], train AUC: 0.9941(0.9847-0.9993), test AUC: 0.8784(0.7834-0.9451)
[2025-03-29 15:36:25,562][INFO] Epoch[56/80], loss:0.5000, CE loss:0.4331 , info NCE loss:0.5251
[2025-03-29 15:36:25,562][INFO] Epoch[56/80], train B-acc: 0.9589(0.9051-0.9957), test B-acc: 0.8051(0.7027-0.8963)
[2025-03-29 15:36:25,562][INFO] Epoch[56/80], train AUC: 0.9951(0.9865-0.9994), test AUC: 0.8769(0.7916-0.9529)
[2025-03-29 15:38:10,226][INFO] Epoch[57/80], loss:0.4990, CE loss:0.4322 , info NCE loss:0.5266
[2025-03-29 15:38:10,226][INFO] Epoch[57/80], train B-acc: 0.9434(0.8906-0.9860), test B-acc: 0.8000(0.7000-0.8882)
[2025-03-29 15:38:10,227][INFO] Epoch[57/80], train AUC: 0.9952(0.9868-0.9998), test AUC: 0.8799(0.7819-0.9484)
[2025-03-29 15:39:54,930][INFO] Epoch[58/80], loss:0.4984, CE loss:0.4315 , info NCE loss:0.5248
[2025-03-29 15:39:54,930][INFO] Epoch[58/80], train B-acc: 0.9696(0.9256-0.9956), test B-acc: 0.7999(0.7051-0.8938)
[2025-03-29 15:39:54,931][INFO] Epoch[58/80], train AUC: 0.9957(0.9876-0.9996), test AUC: 0.8776(0.7873-0.9472)
[2025-03-29 15:41:38,346][INFO] Epoch[59/80], loss:0.4980, CE loss:0.4311 , info NCE loss:0.5248
[2025-03-29 15:41:38,346][INFO] Epoch[59/80], train B-acc: 0.9714(0.9310-0.9978), test B-acc: 0.8004(0.7048-0.8960)
[2025-03-29 15:41:38,346][INFO] Epoch[59/80], train AUC: 0.9958(0.9883-0.9996), test AUC: 0.8763(0.7919-0.9482)
[2025-03-29 15:43:23,791][INFO] Epoch[60/80], loss:0.4971, CE loss:0.4303 , info NCE loss:0.5246
[2025-03-29 15:43:23,792][INFO] Epoch[60/80], train B-acc: 0.9703(0.9256-0.9978), test B-acc: 0.8024(0.7017-0.9000)
[2025-03-29 15:43:23,792][INFO] Epoch[60/80], train AUC: 0.9963(0.9899-0.9997), test AUC: 0.8777(0.7807-0.9442)
[2025-03-29 15:45:08,886][INFO] Epoch[61/80], loss:0.4964, CE loss:0.4297 , info NCE loss:0.5249
[2025-03-29 15:45:08,886][INFO] Epoch[61/80], train B-acc: 0.9714(0.9264-0.9978), test B-acc: 0.8000(0.6978-0.8958)
[2025-03-29 15:45:08,886][INFO] Epoch[61/80], train AUC: 0.9971(0.9915-0.9999), test AUC: 0.8782(0.7817-0.9488)
[2025-03-29 15:46:53,018][INFO] Epoch[62/80], loss:0.4958, CE loss:0.4290 , info NCE loss:0.5245
[2025-03-29 15:46:53,018][INFO] Epoch[62/80], train B-acc: 0.9692(0.9283-0.9978), test B-acc: 0.7999(0.6996-0.8881)
[2025-03-29 15:46:53,018][INFO] Epoch[62/80], train AUC: 0.9969(0.9907-0.9998), test AUC: 0.8760(0.7910-0.9441)
[2025-03-29 15:48:37,610][INFO] Epoch[63/80], loss:0.4952, CE loss:0.4285 , info NCE loss:0.5251
[2025-03-29 15:48:37,610][INFO] Epoch[63/80], train B-acc: 0.9589(0.9079-0.9956), test B-acc: 0.8004(0.6996-0.8936)
[2025-03-29 15:48:37,610][INFO] Epoch[63/80], train AUC: 0.9976(0.9931-1.0000), test AUC: 0.8735(0.7791-0.9467)
[2025-03-29 15:50:33,000][INFO] Epoch[64/80], loss:0.4950, CE loss:0.4282 , info NCE loss:0.5257
[2025-03-29 15:50:33,000][INFO] Epoch[64/80], train B-acc: 0.9572(0.9097-0.9976), test B-acc: 0.8000(0.6959-0.8936)
[2025-03-29 15:50:33,000][INFO] Epoch[64/80], train AUC: 0.9977(0.9926-1.0000), test AUC: 0.8765(0.7764-0.9452)
[2025-03-29 15:52:18,713][INFO] Epoch[65/80], loss:0.4940, CE loss:0.4272 , info NCE loss:0.5251
[2025-03-29 15:52:18,714][INFO] Epoch[65/80], train B-acc: 0.9700(0.9302-0.9978), test B-acc: 0.8011(0.7030-0.8899)
[2025-03-29 15:52:18,714][INFO] Epoch[65/80], train AUC: 0.9978(0.9931-1.0000), test AUC: 0.8784(0.7894-0.9456)
[2025-03-29 15:54:08,080][INFO] Epoch[66/80], loss:0.4933, CE loss:0.4265 , info NCE loss:0.5235
[2025-03-29 15:54:08,080][INFO] Epoch[66/80], train B-acc: 0.9700(0.9261-0.9978), test B-acc: 0.8008(0.7062-0.8936)
[2025-03-29 15:54:08,080][INFO] Epoch[66/80], train AUC: 0.9983(0.9940-1.0000), test AUC: 0.8783(0.7844-0.9457)
[2025-03-29 15:56:11,732][INFO] Epoch[67/80], loss:0.4922, CE loss:0.4255 , info NCE loss:0.5253
[2025-03-29 15:56:11,732][INFO] Epoch[67/80], train B-acc: 0.9712(0.9289-0.9978), test B-acc: 0.8077(0.7105-0.9033)
[2025-03-29 15:56:11,732][INFO] Epoch[67/80], train AUC: 0.9985(0.9947-0.9999), test AUC: 0.8745(0.7848-0.9463)
[2025-03-29 15:58:17,787][INFO] Epoch[68/80], loss:0.4917, CE loss:0.4250 , info NCE loss:0.5247
[2025-03-29 15:58:17,787][INFO] Epoch[68/80], train B-acc: 0.9712(0.9275-0.9978), test B-acc: 0.7914(0.6856-0.8763)
[2025-03-29 15:58:17,787][INFO] Epoch[68/80], train AUC: 0.9988(0.9958-1.0000), test AUC: 0.8762(0.7845-0.9475)
[2025-03-29 16:00:17,734][INFO] Epoch[69/80], loss:0.4913, CE loss:0.4245 , info NCE loss:0.5287
[2025-03-29 16:00:17,734][INFO] Epoch[69/80], train B-acc: 0.9703(0.9246-0.9978), test B-acc: 0.7867(0.6850-0.8800)
[2025-03-29 16:00:17,735][INFO] Epoch[69/80], train AUC: 0.9986(0.9956-1.0000), test AUC: 0.8770(0.7829-0.9461)
[2025-03-29 16:02:16,084][INFO] Epoch[70/80], loss:0.4904, CE loss:0.4236 , info NCE loss:0.5243
[2025-03-29 16:02:16,084][INFO] Epoch[70/80], train B-acc: 0.9704(0.9289-0.9978), test B-acc: 0.7862(0.6933-0.8843)
[2025-03-29 16:02:16,084][INFO] Epoch[70/80], train AUC: 0.9989(0.9958-1.0000), test AUC: 0.8773(0.7836-0.9510)
[2025-03-29 16:04:17,163][INFO] Epoch[71/80], loss:0.4898, CE loss:0.4231 , info NCE loss:0.5233
[2025-03-29 16:04:17,163][INFO] Epoch[71/80], train B-acc: 0.9721(0.9286-0.9978), test B-acc: 0.8003(0.7000-0.8825)
[2025-03-29 16:04:17,163][INFO] Epoch[71/80], train AUC: 0.9990(0.9961-1.0000), test AUC: 0.8788(0.7848-0.9444)
[2025-03-29 16:05:05,204][INFO] Epoch 72 retry 1 of 5, loss did not decrease.
[2025-03-29 16:07:07,803][INFO] Epoch[72/80], loss:0.4895, CE loss:0.4227 , info NCE loss:0.5249
[2025-03-29 16:07:07,803][INFO] Epoch[72/80], train B-acc: 0.9707(0.9304-0.9978), test B-acc: 0.7875(0.6985-0.8848)
[2025-03-29 16:07:07,805][INFO] Epoch[72/80], train AUC: 0.9991(0.9966-1.0000), test AUC: 0.8803(0.7917-0.9490)
[2025-03-29 16:09:02,737][INFO] Epoch[73/80], loss:0.4887, CE loss:0.4219 , info NCE loss:0.5237
[2025-03-29 16:09:02,737][INFO] Epoch[73/80], train B-acc: 0.9707(0.9283-1.0000), test B-acc: 0.7996(0.6976-0.8895)
[2025-03-29 16:09:02,737][INFO] Epoch[73/80], train AUC: 0.9992(0.9970-1.0000), test AUC: 0.8779(0.7863-0.9435)
[2025-03-29 16:11:05,731][INFO] Epoch[74/80], loss:0.4878, CE loss:0.4211 , info NCE loss:0.5234
[2025-03-29 16:11:05,731][INFO] Epoch[74/80], train B-acc: 0.9714(0.9274-0.9978), test B-acc: 0.7987(0.7057-0.8914)
[2025-03-29 16:11:05,732][INFO] Epoch[74/80], train AUC: 0.9993(0.9973-1.0000), test AUC: 0.8800(0.7832-0.9449)
[2025-03-29 16:13:07,040][INFO] Epoch[75/80], loss:0.4870, CE loss:0.4203 , info NCE loss:0.5252
[2025-03-29 16:13:07,040][INFO] Epoch[75/80], train B-acc: 0.9704(0.9277-0.9978), test B-acc: 0.7976(0.7071-0.8843)
[2025-03-29 16:13:07,040][INFO] Epoch[75/80], train AUC: 0.9993(0.9972-1.0000), test AUC: 0.8755(0.7904-0.9439)
[2025-03-29 16:15:17,075][INFO] Epoch[76/80], loss:0.4867, CE loss:0.4200 , info NCE loss:0.5234
[2025-03-29 16:15:17,075][INFO] Epoch[76/80], train B-acc: 0.9933(0.9841-1.0000), test B-acc: 0.8200(0.7272-0.9020)
[2025-03-29 16:15:17,076][INFO] Epoch[76/80], train AUC: 0.9994(0.9970-1.0000), test AUC: 0.8768(0.7931-0.9431)
[2025-03-29 16:16:07,233][INFO] Epoch 77 retry 1 of 5, loss did not decrease.
[2025-03-29 16:18:06,610][INFO] Epoch[77/80], loss:0.4857, CE loss:0.4190 , info NCE loss:0.5236
[2025-03-29 16:18:06,610][INFO] Epoch[77/80], train B-acc: 0.9714(0.9279-0.9978), test B-acc: 0.7914(0.6824-0.8772)
[2025-03-29 16:18:06,612][INFO] Epoch[77/80], train AUC: 0.9994(0.9973-1.0000), test AUC: 0.8805(0.7851-0.9503)
[2025-03-29 16:20:07,371][INFO] Epoch[78/80], loss:0.4854, CE loss:0.4187 , info NCE loss:0.5242
[2025-03-29 16:20:07,372][INFO] Epoch[78/80], train B-acc: 0.9706(0.9275-0.9977), test B-acc: 0.8000(0.6937-0.8960)
[2025-03-29 16:20:07,372][INFO] Epoch[78/80], train AUC: 0.9995(0.9974-1.0000), test AUC: 0.8815(0.7921-0.9495)
[2025-03-29 16:22:20,159][INFO] Epoch[79/80], loss:0.4846, CE loss:0.4179 , info NCE loss:0.5250
[2025-03-29 16:22:20,159][INFO] Epoch[79/80], train B-acc: 0.9932(0.9844-1.0000), test B-acc: 0.8008(0.6996-0.8998)
[2025-03-29 16:22:20,161][INFO] Epoch[79/80], train AUC: 0.9995(0.9973-1.0000), test AUC: 0.8814(0.7869-0.9517)
[2025-03-29 16:24:24,402][INFO] Epoch[80/80], loss:0.4839, CE loss:0.4173 , info NCE loss:0.5238
[2025-03-29 16:24:24,403][INFO] Epoch[80/80], train B-acc: 0.9932(0.9842-1.0000), test B-acc: 0.8024(0.6961-0.8934)
[2025-03-29 16:24:24,403][INFO] Epoch[80/80], train AUC: 0.9995(0.9975-1.0000), test AUC: 0.8788(0.7851-0.9485)
