[2025-01-17 12:33:27,250][INFO] Running PROJECT: CRC-DX, P LEARNING RATE: 5e-05, OPTIMIZER: ADAMW, NUM EPOCHS: 50, BATCH SIZE: 2048, DEVICES: cuda, SMOOTHING: 0.1
[2025-01-17 12:33:27,250][INFO] params["in_chans"]=[200, 16]  python run_model.py --proj CRC-DX --num_epochs 50  --plr 0.5e-4  --smoothing 0.1 
[2025-01-17 12:33:27,250][INFO] params["dims"]=[512, 512]
[2025-01-17 12:33:27,250][INFO] params["out_chans"]=[16, 8]
[2025-01-17 12:33:27,251][INFO] params["heads"]=[8, 4]
[2025-01-17 12:33:27,251][INFO] params["dropout"]=[0.8, 0.4, 0.4]
[2025-01-17 12:35:47,568][INFO] Epoch[1/50], loss:1.1054, CE loss:0.4986, info NCE loss:0.6068
[2025-01-17 12:35:47,568][INFO] Epoch[1/50], train B-acc: 0.5000(0.5000-0.5000), test B-acc: 0.5000(0.5000-0.5000)
[2025-01-17 12:35:47,569][INFO] Epoch[1/50], train AUC: 0.6132(0.5022-0.7184), test AUC: 0.5206(0.3776-0.6577)
[2025-01-17 12:38:17,309][INFO] Epoch[2/50], loss:1.0777, CE loss:0.4709, info NCE loss:0.6068
[2025-01-17 12:38:17,309][INFO] Epoch[2/50], train B-acc: 0.5000(0.5000-0.5000), test B-acc: 0.5000(0.5000-0.5000)
[2025-01-17 12:38:17,310][INFO] Epoch[2/50], train AUC: 0.6625(0.5581-0.7719), test AUC: 0.5657(0.4152-0.7037)
[2025-01-17 12:40:38,638][INFO] Epoch[3/50], loss:1.0682, CE loss:0.4615, info NCE loss:0.6067
[2025-01-17 12:40:38,639][INFO] Epoch[3/50], train B-acc: 0.5000(0.5000-0.5000), test B-acc: 0.5000(0.5000-0.5000)
[2025-01-17 12:40:38,639][INFO] Epoch[3/50], train AUC: 0.7019(0.5936-0.8007), test AUC: 0.6052(0.4695-0.7459)
[2025-01-17 12:42:57,530][INFO] Epoch[4/50], loss:1.0614, CE loss:0.4547, info NCE loss:0.6067
[2025-01-17 12:42:57,531][INFO] Epoch[4/50], train B-acc: 0.5000(0.5000-0.5000), test B-acc: 0.5000(0.5000-0.5000)
[2025-01-17 12:42:57,531][INFO] Epoch[4/50], train AUC: 0.7306(0.6300-0.8189), test AUC: 0.6284(0.4839-0.7510)
[2025-01-17 12:45:18,161][INFO] Epoch[5/50], loss:1.0548, CE loss:0.4482, info NCE loss:0.6067
[2025-01-17 12:45:18,162][INFO] Epoch[5/50], train B-acc: 0.5000(0.5000-0.5000), test B-acc: 0.5000(0.5000-0.5000)
[2025-01-17 12:45:18,162][INFO] Epoch[5/50], train AUC: 0.7501(0.6487-0.8406), test AUC: 0.6498(0.5240-0.7729)
[2025-01-17 12:47:37,340][INFO] Epoch[6/50], loss:1.0487, CE loss:0.4421, info NCE loss:0.6066
[2025-01-17 12:47:37,341][INFO] Epoch[6/50], train B-acc: 0.5000(0.5000-0.5000), test B-acc: 0.5000(0.5000-0.5000)
[2025-01-17 12:47:37,341][INFO] Epoch[6/50], train AUC: 0.7662(0.6618-0.8527), test AUC: 0.6682(0.5236-0.7957)
[2025-01-17 12:49:55,093][INFO] Epoch[7/50], loss:1.0430, CE loss:0.4365, info NCE loss:0.6065
[2025-01-17 12:49:55,093][INFO] Epoch[7/50], train B-acc: 0.5000(0.5000-0.5000), test B-acc: 0.5000(0.5000-0.5000)
[2025-01-17 12:49:55,093][INFO] Epoch[7/50], train AUC: 0.7797(0.6810-0.8587), test AUC: 0.6778(0.5515-0.7969)
[2025-01-17 12:52:14,144][INFO] Epoch[8/50], loss:1.0381, CE loss:0.4317, info NCE loss:0.6064
[2025-01-17 12:52:14,145][INFO] Epoch[8/50], train B-acc: 0.5256(0.5000-0.5694), test B-acc: 0.5000(0.5000-0.5000)
[2025-01-17 12:52:14,145][INFO] Epoch[8/50], train AUC: 0.7988(0.7090-0.8691), test AUC: 0.7017(0.5733-0.8198)
[2025-01-17 12:54:31,962][INFO] Epoch[9/50], loss:1.0332, CE loss:0.4269, info NCE loss:0.6063
[2025-01-17 12:54:31,963][INFO] Epoch[9/50], train B-acc: 0.5521(0.5122-0.6053), test B-acc: 0.5000(0.5000-0.5000)
[2025-01-17 12:54:31,963][INFO] Epoch[9/50], train AUC: 0.8065(0.7160-0.8848), test AUC: 0.7144(0.5888-0.8281)
[2025-01-17 12:56:51,849][INFO] Epoch[10/50], loss:1.0290, CE loss:0.4228, info NCE loss:0.6062
[2025-01-17 12:56:51,850][INFO] Epoch[10/50], train B-acc: 0.5500(0.5114-0.6094), test B-acc: 0.5185(0.5000-0.5682)
[2025-01-17 12:56:51,850][INFO] Epoch[10/50], train AUC: 0.8131(0.7252-0.8877), test AUC: 0.7206(0.5913-0.8256)
[2025-01-17 12:59:08,102][INFO] Epoch[11/50], loss:1.0252, CE loss:0.4191, info NCE loss:0.6061
[2025-01-17 12:59:08,102][INFO] Epoch[11/50], train B-acc: 0.5488(0.5045-0.6056), test B-acc: 0.5357(0.5000-0.5952)
[2025-01-17 12:59:08,103][INFO] Epoch[11/50], train AUC: 0.8281(0.7379-0.8952), test AUC: 0.7273(0.6008-0.8389)
[2025-01-17 13:01:22,166][INFO] Epoch[12/50], loss:1.0214, CE loss:0.4155, info NCE loss:0.6059
[2025-01-17 13:01:22,166][INFO] Epoch[12/50], train B-acc: 0.5490(0.5071-0.6050), test B-acc: 0.5357(0.5000-0.6000)
[2025-01-17 13:01:22,166][INFO] Epoch[12/50], train AUC: 0.8345(0.7539-0.9027), test AUC: 0.7324(0.6144-0.8448)
[2025-01-17 13:03:36,640][INFO] Epoch[13/50], loss:1.0172, CE loss:0.4115, info NCE loss:0.6058
[2025-01-17 13:03:36,640][INFO] Epoch[13/50], train B-acc: 0.5713(0.5210-0.6366), test B-acc: 0.5357(0.5000-0.6000)
[2025-01-17 13:03:36,641][INFO] Epoch[13/50], train AUC: 0.8392(0.7559-0.9064), test AUC: 0.7371(0.6200-0.8395)
[2025-01-17 13:06:01,567][INFO] Epoch[14/50], loss:1.0133, CE loss:0.4077, info NCE loss:0.6056
[2025-01-17 13:06:01,568][INFO] Epoch[14/50], train B-acc: 0.5901(0.5345-0.6644), test B-acc: 0.5385(0.5000-0.5968)
[2025-01-17 13:06:01,568][INFO] Epoch[14/50], train AUC: 0.8491(0.7660-0.9176), test AUC: 0.7479(0.6269-0.8481)
[2025-01-17 13:08:32,001][INFO] Epoch[15/50], loss:1.0101, CE loss:0.4047, info NCE loss:0.6054
[2025-01-17 13:08:32,001][INFO] Epoch[15/50], train B-acc: 0.5979(0.5402-0.6724), test B-acc: 0.5556(0.5000-0.6250)
[2025-01-17 13:08:32,001][INFO] Epoch[15/50], train AUC: 0.8541(0.7736-0.9179), test AUC: 0.7500(0.6261-0.8556)
[2025-01-17 13:11:25,964][INFO] Epoch[16/50], loss:1.0055, CE loss:0.4003, info NCE loss:0.6052
[2025-01-17 13:11:25,964][INFO] Epoch[16/50], train B-acc: 0.5980(0.5412-0.6724), test B-acc: 0.5556(0.5000-0.6250)
[2025-01-17 13:11:25,964][INFO] Epoch[16/50], train AUC: 0.8582(0.7801-0.9215), test AUC: 0.7627(0.6498-0.8698)
[2025-01-17 13:14:37,739][INFO] Epoch[17/50], loss:1.0025, CE loss:0.3976, info NCE loss:0.6050
[2025-01-17 13:14:37,739][INFO] Epoch[17/50], train B-acc: 0.5978(0.5385-0.6707), test B-acc: 0.5577(0.5000-0.6316)
[2025-01-17 13:14:37,740][INFO] Epoch[17/50], train AUC: 0.8663(0.7898-0.9253), test AUC: 0.7654(0.6507-0.8728)
[2025-01-17 13:17:08,267][INFO] Epoch[18/50], loss:0.9990, CE loss:0.3943, info NCE loss:0.6047
[2025-01-17 13:17:08,267][INFO] Epoch[18/50], train B-acc: 0.6000(0.5395-0.6675), test B-acc: 0.5556(0.5000-0.6290)
[2025-01-17 13:17:08,267][INFO] Epoch[18/50], train AUC: 0.8705(0.8011-0.9276), test AUC: 0.7710(0.6595-0.8666)
[2025-01-17 13:20:08,111][INFO] Epoch[19/50], loss:0.9970, CE loss:0.3925, info NCE loss:0.6045
[2025-01-17 13:20:08,112][INFO] Epoch[19/50], train B-acc: 0.5985(0.5405-0.6644), test B-acc: 0.5536(0.5000-0.6250)
[2025-01-17 13:20:08,112][INFO] Epoch[19/50], train AUC: 0.8743(0.7952-0.9300), test AUC: 0.7753(0.6537-0.8707)
[2025-01-17 13:22:45,263][INFO] Epoch[20/50], loss:0.9929, CE loss:0.3886, info NCE loss:0.6042
[2025-01-17 13:22:45,264][INFO] Epoch[20/50], train B-acc: 0.6116(0.5495-0.6819), test B-acc: 0.5750(0.5185-0.6552)
[2025-01-17 13:22:45,264][INFO] Epoch[20/50], train AUC: 0.8786(0.8081-0.9380), test AUC: 0.7824(0.6647-0.8737)
[2025-01-17 13:25:03,902][INFO] Epoch[21/50], loss:0.9903, CE loss:0.3863, info NCE loss:0.6040
[2025-01-17 13:25:03,902][INFO] Epoch[21/50], train B-acc: 0.6003(0.5395-0.6761), test B-acc: 0.5741(0.5161-0.6552)
[2025-01-17 13:25:03,902][INFO] Epoch[21/50], train AUC: 0.8867(0.8150-0.9382), test AUC: 0.7869(0.6682-0.8884)
[2025-01-17 13:27:19,190][INFO] Epoch[22/50], loss:0.9867, CE loss:0.3829, info NCE loss:0.6038
[2025-01-17 13:27:19,190][INFO] Epoch[22/50], train B-acc: 0.6366(0.5691-0.7143), test B-acc: 0.5952(0.5333-0.6786)
[2025-01-17 13:27:19,191][INFO] Epoch[22/50], train AUC: 0.8886(0.8205-0.9427), test AUC: 0.7984(0.6824-0.8912)
[2025-01-17 13:29:36,475][INFO] Epoch[23/50], loss:0.9834, CE loss:0.3799, info NCE loss:0.6035
[2025-01-17 13:29:36,476][INFO] Epoch[23/50], train B-acc: 0.6395(0.5719-0.7209), test B-acc: 0.5758(0.5156-0.6486)
[2025-01-17 13:29:36,476][INFO] Epoch[23/50], train AUC: 0.8953(0.8218-0.9462), test AUC: 0.7986(0.6858-0.8945)
[2025-01-17 13:31:51,160][INFO] Epoch[24/50], loss:0.9812, CE loss:0.3780, info NCE loss:0.6032
[2025-01-17 13:31:51,161][INFO] Epoch[24/50], train B-acc: 0.6647(0.5906-0.7432), test B-acc: 0.5952(0.5217-0.6739)
[2025-01-17 13:31:51,161][INFO] Epoch[24/50], train AUC: 0.8972(0.8310-0.9508), test AUC: 0.8031(0.6859-0.9008)
[2025-01-17 13:34:05,930][INFO] Epoch[25/50], loss:0.9778, CE loss:0.3749, info NCE loss:0.6030
[2025-01-17 13:34:05,939][INFO] Epoch[25/50], train B-acc: 0.6767(0.6016-0.7612), test B-acc: 0.6111(0.5370-0.6957)
[2025-01-17 13:34:05,939][INFO] Epoch[25/50], train AUC: 0.9004(0.8302-0.9520), test AUC: 0.8011(0.6859-0.9097)
[2025-01-17 13:36:24,178][INFO] Epoch[26/50], loss:0.9757, CE loss:0.3729, info NCE loss:0.6027
[2025-01-17 13:36:24,178][INFO] Epoch[26/50], train B-acc: 0.7042(0.6231-0.7844), test B-acc: 0.6154(0.5385-0.7059)
[2025-01-17 13:36:24,179][INFO] Epoch[26/50], train AUC: 0.9062(0.8343-0.9552), test AUC: 0.8090(0.6996-0.8992)
[2025-01-17 13:38:41,091][INFO] Epoch[27/50], loss:0.9729, CE loss:0.3704, info NCE loss:0.6025
[2025-01-17 13:38:41,091][INFO] Epoch[27/50], train B-acc: 0.7050(0.6241-0.7834), test B-acc: 0.6522(0.5667-0.7500)
[2025-01-17 13:38:41,091][INFO] Epoch[27/50], train AUC: 0.9091(0.8353-0.9572), test AUC: 0.8116(0.6955-0.9081)
[2025-01-17 13:40:55,390][INFO] Epoch[28/50], loss:0.9702, CE loss:0.3679, info NCE loss:0.6022
[2025-01-17 13:40:55,390][INFO] Epoch[28/50], train B-acc: 0.7061(0.6270-0.7970), test B-acc: 0.6333(0.5536-0.7308)
[2025-01-17 13:40:55,390][INFO] Epoch[28/50], train AUC: 0.9103(0.8407-0.9614), test AUC: 0.8204(0.7152-0.9063)
[2025-01-17 13:43:10,144][INFO] Epoch[29/50], loss:0.9669, CE loss:0.3650, info NCE loss:0.6020
[2025-01-17 13:43:10,144][INFO] Epoch[29/50], train B-acc: 0.7077(0.6250-0.7881), test B-acc: 0.6333(0.5517-0.7222)
[2025-01-17 13:43:10,144][INFO] Epoch[29/50], train AUC: 0.9150(0.8476-0.9605), test AUC: 0.8247(0.7128-0.9102)
[2025-01-17 13:45:25,119][INFO] Epoch[30/50], loss:0.9655, CE loss:0.3638, info NCE loss:0.6017
[2025-01-17 13:45:25,119][INFO] Epoch[30/50], train B-acc: 0.7047(0.6263-0.7815), test B-acc: 0.6522(0.5714-0.7500)
[2025-01-17 13:45:25,119][INFO] Epoch[30/50], train AUC: 0.9179(0.8505-0.9645), test AUC: 0.8278(0.7220-0.9181)
[2025-01-17 13:47:39,540][INFO] Epoch[31/50], loss:0.9625, CE loss:0.3610, info NCE loss:0.6015
[2025-01-17 13:47:39,540][INFO] Epoch[31/50], train B-acc: 0.7050(0.6283-0.7897), test B-acc: 0.6562(0.5690-0.7500)
[2025-01-17 13:47:39,540][INFO] Epoch[31/50], train AUC: 0.9228(0.8605-0.9652), test AUC: 0.8348(0.7244-0.9194)
[2025-01-17 13:49:54,662][INFO] Epoch[32/50], loss:0.9599, CE loss:0.3587, info NCE loss:0.6012
[2025-01-17 13:49:54,663][INFO] Epoch[32/50], train B-acc: 0.7050(0.6340-0.7827), test B-acc: 0.6711(0.5833-0.7692)
[2025-01-17 13:49:54,663][INFO] Epoch[32/50], train AUC: 0.9223(0.8569-0.9658), test AUC: 0.8373(0.7249-0.9276)
[2025-01-17 13:52:10,770][INFO] Epoch[33/50], loss:0.9578, CE loss:0.3568, info NCE loss:0.6010
[2025-01-17 13:52:10,771][INFO] Epoch[33/50], train B-acc: 0.7172(0.6395-0.8040), test B-acc: 0.6957(0.6034-0.7931)
[2025-01-17 13:52:10,771][INFO] Epoch[33/50], train AUC: 0.9274(0.8637-0.9699), test AUC: 0.8333(0.7194-0.9236)
[2025-01-17 13:54:25,459][INFO] Epoch[34/50], loss:0.9547, CE loss:0.3539, info NCE loss:0.6008
[2025-01-17 13:54:25,460][INFO] Epoch[34/50], train B-acc: 0.7177(0.6404-0.7906), test B-acc: 0.6923(0.6000-0.7885)
[2025-01-17 13:54:25,460][INFO] Epoch[34/50], train AUC: 0.9270(0.8627-0.9685), test AUC: 0.8385(0.7407-0.9248)
[2025-01-17 13:56:41,418][INFO] Epoch[35/50], loss:0.9530, CE loss:0.3525, info NCE loss:0.6005
[2025-01-17 13:56:41,418][INFO] Epoch[35/50], train B-acc: 0.7196(0.6386-0.7981), test B-acc: 0.7115(0.6136-0.8148)
[2025-01-17 13:56:41,418][INFO] Epoch[35/50], train AUC: 0.9308(0.8714-0.9719), test AUC: 0.8368(0.7248-0.9251)
[2025-01-17 13:58:55,761][INFO] Epoch[36/50], loss:0.9505, CE loss:0.3502, info NCE loss:0.6003
[2025-01-17 13:58:55,761][INFO] Epoch[36/50], train B-acc: 0.7214(0.6454-0.8004), test B-acc: 0.6731(0.5862-0.7632)
[2025-01-17 13:58:55,761][INFO] Epoch[36/50], train AUC: 0.9337(0.8738-0.9721), test AUC: 0.8399(0.7244-0.9289)
[2025-01-17 14:01:09,942][INFO] Epoch[37/50], loss:0.9485, CE loss:0.3484, info NCE loss:0.6001
[2025-01-17 14:01:09,942][INFO] Epoch[37/50], train B-acc: 0.7294(0.6521-0.8137), test B-acc: 0.7115(0.6154-0.8103)
[2025-01-17 14:01:09,943][INFO] Epoch[37/50], train AUC: 0.9355(0.8709-0.9751), test AUC: 0.8432(0.7291-0.9215)
[2025-01-17 14:03:25,226][INFO] Epoch[38/50], loss:0.9459, CE loss:0.3461, info NCE loss:0.5998
[2025-01-17 14:03:25,226][INFO] Epoch[38/50], train B-acc: 0.7339(0.6532-0.8127), test B-acc: 0.7083(0.6200-0.8103)
[2025-01-17 14:03:25,226][INFO] Epoch[38/50], train AUC: 0.9397(0.8807-0.9769), test AUC: 0.8402(0.7441-0.9271)
[2025-01-17 14:05:40,251][INFO] Epoch[39/50], loss:0.9437, CE loss:0.3442, info NCE loss:0.5996
[2025-01-17 14:05:40,251][INFO] Epoch[39/50], train B-acc: 0.7353(0.6579-0.8214), test B-acc: 0.7167(0.6200-0.8167)
[2025-01-17 14:05:40,251][INFO] Epoch[39/50], train AUC: 0.9401(0.8895-0.9778), test AUC: 0.8452(0.7281-0.9310)
[2025-01-17 14:07:54,087][INFO] Epoch[40/50], loss:0.9427, CE loss:0.3432, info NCE loss:0.5994
[2025-01-17 14:07:54,088][INFO] Epoch[40/50], train B-acc: 0.7803(0.7075-0.8639), test B-acc: 0.7143(0.6200-0.8125)
[2025-01-17 14:07:54,088][INFO] Epoch[40/50], train AUC: 0.9432(0.8839-0.9806), test AUC: 0.8503(0.7443-0.9359)
[2025-01-17 14:10:05,359][INFO] Epoch[41/50], loss:0.9403, CE loss:0.3411, info NCE loss:0.5991
[2025-01-17 14:10:05,360][INFO] Epoch[41/50], train B-acc: 0.7361(0.6599-0.8213), test B-acc: 0.7115(0.6207-0.8000)
[2025-01-17 14:10:05,360][INFO] Epoch[41/50], train AUC: 0.9475(0.8946-0.9813), test AUC: 0.8481(0.7499-0.9330)
[2025-01-17 14:12:01,836][INFO] Epoch[42/50], loss:0.9381, CE loss:0.3391, info NCE loss:0.5990
[2025-01-17 14:12:01,837][INFO] Epoch[42/50], train B-acc: 0.7500(0.6667-0.8375), test B-acc: 0.7105(0.6136-0.8036)
[2025-01-17 14:12:01,837][INFO] Epoch[42/50], train AUC: 0.9488(0.8938-0.9833), test AUC: 0.8471(0.7474-0.9277)
[2025-01-17 14:13:58,350][INFO] Epoch[43/50], loss:0.9364, CE loss:0.3376, info NCE loss:0.5987
[2025-01-17 14:13:58,351][INFO] Epoch[43/50], train B-acc: 0.7849(0.7053-0.8593), test B-acc: 0.7037(0.6067-0.8075)
[2025-01-17 14:13:58,351][INFO] Epoch[43/50], train AUC: 0.9537(0.8982-0.9834), test AUC: 0.8475(0.7505-0.9309)
[2025-01-17 14:15:54,869][INFO] Epoch[44/50], loss:0.9345, CE loss:0.3360, info NCE loss:0.5985
[2025-01-17 14:15:54,869][INFO] Epoch[44/50], train B-acc: 0.7948(0.7141-0.8684), test B-acc: 0.7044(0.6022-0.8036)
[2025-01-17 14:15:54,869][INFO] Epoch[44/50], train AUC: 0.9544(0.9021-0.9848), test AUC: 0.8487(0.7382-0.9343)
[2025-01-17 14:17:50,917][INFO] Epoch[45/50], loss:0.9330, CE loss:0.3348, info NCE loss:0.5983
[2025-01-17 14:17:50,918][INFO] Epoch[45/50], train B-acc: 0.7500(0.6707-0.8289), test B-acc: 0.7115(0.6136-0.8095)
[2025-01-17 14:17:50,919][INFO] Epoch[45/50], train AUC: 0.9562(0.9054-0.9857), test AUC: 0.8532(0.7478-0.9350)
[2025-01-17 14:19:46,233][INFO] Epoch[46/50], loss:0.9312, CE loss:0.3330, info NCE loss:0.5981
[2025-01-17 14:19:46,233][INFO] Epoch[46/50], train B-acc: 0.7976(0.7132-0.8810), test B-acc: 0.7067(0.6118-0.8043)
[2025-01-17 14:19:46,234][INFO] Epoch[46/50], train AUC: 0.9575(0.9039-0.9863), test AUC: 0.8569(0.7596-0.9285)
[2025-01-17 14:21:40,511][INFO] Epoch[47/50], loss:0.9292, CE loss:0.3314, info NCE loss:0.5978
[2025-01-17 14:21:40,511][INFO] Epoch[47/50], train B-acc: 0.7976(0.7177-0.8750), test B-acc: 0.7067(0.6033-0.8080)
[2025-01-17 14:21:40,512][INFO] Epoch[47/50], train AUC: 0.9586(0.9068-0.9871), test AUC: 0.8584(0.7462-0.9411)
[2025-01-17 14:23:36,200][INFO] Epoch[48/50], loss:0.9268, CE loss:0.3292, info NCE loss:0.5977
[2025-01-17 14:23:36,200][INFO] Epoch[48/50], train B-acc: 0.8004(0.7206-0.8803), test B-acc: 0.7031(0.6111-0.8103)
[2025-01-17 14:23:36,201][INFO] Epoch[48/50], train AUC: 0.9601(0.9087-0.9881), test AUC: 0.8610(0.7639-0.9464)
[2025-01-17 14:25:31,674][INFO] Epoch[49/50], loss:0.9248, CE loss:0.3274, info NCE loss:0.5974
[2025-01-17 14:25:31,674][INFO] Epoch[49/50], train B-acc: 0.7895(0.7162-0.8684), test B-acc: 0.7040(0.6072-0.8000)
[2025-01-17 14:25:31,674][INFO] Epoch[49/50], train AUC: 0.9612(0.9170-0.9885), test AUC: 0.8650(0.7602-0.9435)
[2025-01-17 14:27:26,336][INFO] Epoch[50/50], loss:0.9237, CE loss:0.3265, info NCE loss:0.5973
[2025-01-17 14:27:26,336][INFO] Epoch[50/50], train B-acc: 0.8004(0.7250-0.8784), test B-acc: 0.7000(0.6087-0.8000)
[2025-01-17 14:27:26,336][INFO] Epoch[50/50], train AUC: 0.9629(0.9129-0.9894), test AUC: 0.8565(0.7569-0.9373)
