[2024-12-31 16:48:12,175][INFO] Running PROJECT: CRC-DX, P LEARNING RATE: 0.001, OPTIMIZER: ADAMW, NUM EPOCHS: 25, BATCH SIZE: 2048, DEVICES: cuda, SMOOTHING: 0.1
[2024-12-31 16:48:12,175][INFO] params["in_chans"]=[200, 16]
[2024-12-31 16:48:12,175][INFO] params["dims"]=[512, 512]
[2024-12-31 16:48:12,176][INFO] params["out_chans"]=[16, 8]
[2024-12-31 16:48:12,176][INFO] params["heads"]=[8, 4]
[2024-12-31 16:48:12,176][INFO] params["dropout"]=[0.8, 0.4, 0.4]
[2024-12-31 16:50:21,313][INFO] Epoch[1/25], loss:1.5688, CE loss:0.9001 , info NCE loss:7.5869
[2024-12-31 16:50:21,313][INFO] Epoch[1/25], train B-acc: 0.5000(0.5000-0.5000), test B-acc: 0.5000(0.5000-0.5000)
[2024-12-31 16:50:21,313][INFO] Epoch[1/25], train AUC: 0.6958(0.5908-0.7919), test AUC: 0.6334(0.4886-0.7616)
[2024-12-31 16:52:23,774][INFO] Epoch[2/25], loss:1.2110, CE loss:0.5030 , info NCE loss:7.5836
[2024-12-31 16:52:23,774][INFO] Epoch[2/25], train B-acc: 0.6246(0.5579-0.6965), test B-acc: 0.5536(0.5000-0.6250)
[2024-12-31 16:52:23,774][INFO] Epoch[2/25], train AUC: 0.7658(0.6800-0.8473), test AUC: 0.7006(0.5641-0.8219)
[2024-12-31 16:55:49,150][INFO] Epoch[3/25], loss:1.1598, CE loss:0.4470 , info NCE loss:7.5756
[2024-12-31 16:55:49,150][INFO] Epoch[3/25], train B-acc: 0.5500(0.5119-0.6026), test B-acc: 0.5000(0.5000-0.5000)
[2024-12-31 16:55:49,151][INFO] Epoch[3/25], train AUC: 0.7935(0.6990-0.8704), test AUC: 0.7002(0.5803-0.8256)
[2024-12-31 16:57:58,559][INFO] Epoch[4/25], loss:1.1360, CE loss:0.4211 , info NCE loss:7.5704
[2024-12-31 16:57:58,560][INFO] Epoch[4/25], train B-acc: 0.5625(0.5109-0.6227), test B-acc: 0.5357(0.5000-0.6000)
[2024-12-31 16:57:58,560][INFO] Epoch[4/25], train AUC: 0.8238(0.7421-0.8967), test AUC: 0.7253(0.5980-0.8392)
[2024-12-31 17:00:09,926][INFO] Epoch[5/25], loss:1.1236, CE loss:0.4080 , info NCE loss:7.5642
[2024-12-31 17:00:09,926][INFO] Epoch[5/25], train B-acc: 0.6431(0.5698-0.7167), test B-acc: 0.5952(0.5263-0.6750)
[2024-12-31 17:00:09,927][INFO] Epoch[5/25], train AUC: 0.8500(0.7657-0.9200), test AUC: 0.7526(0.6339-0.8549)
[2024-12-31 17:02:19,984][INFO] Epoch[6/25], loss:1.1145, CE loss:0.3987 , info NCE loss:7.5562
[2024-12-31 17:02:19,984][INFO] Epoch[6/25], train B-acc: 0.6410(0.5694-0.7146), test B-acc: 0.5926(0.5208-0.6800)
[2024-12-31 17:02:19,985][INFO] Epoch[6/25], train AUC: 0.8718(0.7922-0.9285), test AUC: 0.7776(0.6538-0.8686)
[2024-12-31 17:04:31,629][INFO] Epoch[7/25], loss:1.1059, CE loss:0.3905 , info NCE loss:7.5450
[2024-12-31 17:04:31,630][INFO] Epoch[7/25], train B-acc: 0.6552(0.5835-0.7326), test B-acc: 0.5962(0.5250-0.6818)
[2024-12-31 17:04:31,630][INFO] Epoch[7/25], train AUC: 0.8869(0.8168-0.9436), test AUC: 0.7874(0.6702-0.8871)
[2024-12-31 17:06:44,324][INFO] Epoch[8/25], loss:1.0960, CE loss:0.3808 , info NCE loss:7.5319
[2024-12-31 17:06:44,324][INFO] Epoch[8/25], train B-acc: 0.6789(0.6050-0.7527), test B-acc: 0.6136(0.5385-0.7037)
[2024-12-31 17:06:44,325][INFO] Epoch[8/25], train AUC: 0.8972(0.8344-0.9496), test AUC: 0.8065(0.7045-0.8969)
[2024-12-31 17:08:57,515][INFO] Epoch[9/25], loss:1.0866, CE loss:0.3719 , info NCE loss:7.5189
[2024-12-31 17:08:57,515][INFO] Epoch[9/25], train B-acc: 0.7083(0.6241-0.7894), test B-acc: 0.6724(0.5870-0.7727)
[2024-12-31 17:08:57,516][INFO] Epoch[9/25], train AUC: 0.9108(0.8427-0.9617), test AUC: 0.8228(0.7125-0.9137)
[2024-12-31 17:11:09,597][INFO] Epoch[10/25], loss:1.0783, CE loss:0.3643 , info NCE loss:7.5038
[2024-12-31 17:11:09,597][INFO] Epoch[10/25], train B-acc: 0.7083(0.6286-0.7857), test B-acc: 0.6905(0.6000-0.7895)
[2024-12-31 17:11:09,597][INFO] Epoch[10/25], train AUC: 0.9216(0.8519-0.9672), test AUC: 0.8314(0.7229-0.9172)
[2024-12-31 17:13:19,646][INFO] Epoch[11/25], loss:1.0683, CE loss:0.3551 , info NCE loss:7.4873
[2024-12-31 17:13:19,646][INFO] Epoch[11/25], train B-acc: 0.7414(0.6598-0.8182), test B-acc: 0.7083(0.6111-0.8043)
[2024-12-31 17:13:19,647][INFO] Epoch[11/25], train AUC: 0.9305(0.8710-0.9727), test AUC: 0.8396(0.7275-0.9159)
[2024-12-31 17:15:24,290][INFO] Epoch[12/25], loss:1.0601, CE loss:0.3477 , info NCE loss:7.4724
[2024-12-31 17:15:24,290][INFO] Epoch[12/25], train B-acc: 0.7814(0.7055-0.8589), test B-acc: 0.7209(0.6328-0.8188)
[2024-12-31 17:15:24,290][INFO] Epoch[12/25], train AUC: 0.9421(0.8846-0.9792), test AUC: 0.8415(0.7340-0.9296)
[2024-12-31 17:17:32,724][INFO] Epoch[13/25], loss:1.0528, CE loss:0.3411 , info NCE loss:7.4582
[2024-12-31 17:17:32,725][INFO] Epoch[13/25], train B-acc: 0.7632(0.6818-0.8469), test B-acc: 0.7115(0.6136-0.8095)
[2024-12-31 17:17:32,725][INFO] Epoch[13/25], train AUC: 0.9528(0.8965-0.9853), test AUC: 0.8471(0.7459-0.9330)
[2024-12-31 17:19:39,029][INFO] Epoch[14/25], loss:1.0445, CE loss:0.3338 , info NCE loss:7.4406
[2024-12-31 17:19:39,030][INFO] Epoch[14/25], train B-acc: 0.8085(0.7286-0.8874), test B-acc: 0.7267(0.6239-0.8254)
[2024-12-31 17:19:39,030][INFO] Epoch[14/25], train AUC: 0.9612(0.9130-0.9887), test AUC: 0.8607(0.7583-0.9353)
[2024-12-31 17:21:48,286][INFO] Epoch[15/25], loss:1.0357, CE loss:0.3260 , info NCE loss:7.4234
[2024-12-31 17:21:48,286][INFO] Epoch[15/25], train B-acc: 0.8137(0.7329-0.8849), test B-acc: 0.7252(0.6259-0.8262)
[2024-12-31 17:21:48,287][INFO] Epoch[15/25], train AUC: 0.9683(0.9257-0.9928), test AUC: 0.8558(0.7576-0.9370)
[2024-12-31 17:23:56,381][INFO] Epoch[16/25], loss:1.0299, CE loss:0.3207 , info NCE loss:7.4127
[2024-12-31 17:23:56,382][INFO] Epoch[16/25], train B-acc: 0.8612(0.7798-0.9314), test B-acc: 0.7524(0.6479-0.8445)
[2024-12-31 17:23:56,382][INFO] Epoch[16/25], train AUC: 0.9729(0.9309-0.9955), test AUC: 0.8571(0.7536-0.9315)
[2024-12-31 17:26:01,571][INFO] Epoch[17/25], loss:1.0197, CE loss:0.3122 , info NCE loss:7.3868
[2024-12-31 17:26:01,572][INFO] Epoch[17/25], train B-acc: 0.8851(0.8160-0.9493), test B-acc: 0.7501(0.6413-0.8428)
[2024-12-31 17:26:01,572][INFO] Epoch[17/25], train AUC: 0.9774(0.9406-0.9966), test AUC: 0.8525(0.7513-0.9365)
[2024-12-31 17:28:07,459][INFO] Epoch[18/25], loss:1.0143, CE loss:0.3076 , info NCE loss:7.3749
[2024-12-31 17:28:07,459][INFO] Epoch[18/25], train B-acc: 0.9280(0.8649-0.9764), test B-acc: 0.7788(0.6858-0.8790)
[2024-12-31 17:28:07,459][INFO] Epoch[18/25], train AUC: 0.9818(0.9471-0.9983), test AUC: 0.8601(0.7610-0.9435)
[2024-12-31 17:30:11,836][INFO] Epoch[19/25], loss:1.0053, CE loss:0.2998 , info NCE loss:7.3553
[2024-12-31 17:30:11,837][INFO] Epoch[19/25], train B-acc: 0.9658(0.9215-0.9952), test B-acc: 0.7807(0.6819-0.8735)
[2024-12-31 17:30:11,837][INFO] Epoch[19/25], train AUC: 0.9851(0.9598-0.9987), test AUC: 0.8626(0.7614-0.9407)
[2024-12-31 17:32:15,825][INFO] Epoch[20/25], loss:0.9984, CE loss:0.2938 , info NCE loss:7.3405
[2024-12-31 17:32:15,826][INFO] Epoch[20/25], train B-acc: 0.9422(0.8859-0.9844), test B-acc: 0.7989(0.6987-0.8854)
[2024-12-31 17:32:15,826][INFO] Epoch[20/25], train AUC: 0.9882(0.9660-0.9989), test AUC: 0.8651(0.7644-0.9390)
[2024-12-31 17:34:21,741][INFO] Epoch[21/25], loss:0.9957, CE loss:0.2916 , info NCE loss:7.3319
[2024-12-31 17:34:21,741][INFO] Epoch[21/25], train B-acc: 0.9669(0.9248-0.9954), test B-acc: 0.7741(0.6674-0.8684)
[2024-12-31 17:34:21,743][INFO] Epoch[21/25], train AUC: 0.9909(0.9740-0.9994), test AUC: 0.8656(0.7716-0.9423)
[2024-12-31 17:36:28,736][INFO] Epoch[22/25], loss:1.0100, CE loss:0.3059 , info NCE loss:7.3469
[2024-12-31 17:36:28,736][INFO] Epoch[22/25], train B-acc: 0.8690(0.7963-0.9375), test B-acc: 0.7557(0.6500-0.8548)
[2024-12-31 17:36:28,736][INFO] Epoch[22/25], train AUC: 0.9925(0.9786-0.9997), test AUC: 0.8676(0.7691-0.9461)
[2024-12-31 17:38:34,152][INFO] Epoch[23/25], loss:1.0234, CE loss:0.3143 , info NCE loss:7.4051
[2024-12-31 17:38:34,153][INFO] Epoch[23/25], train B-acc: 0.9655(0.9241-0.9955), test B-acc: 0.7659(0.6568-0.8611)
[2024-12-31 17:38:34,153][INFO] Epoch[23/25], train AUC: 0.9919(0.9773-0.9996), test AUC: 0.8643(0.7609-0.9394)
[2024-12-31 17:40:41,733][INFO] Epoch[24/25], loss:0.9876, CE loss:0.2828 , info NCE loss:7.3305
[2024-12-31 17:40:41,733][INFO] Epoch[24/25], train B-acc: 0.9675(0.9268-0.9977), test B-acc: 0.7712(0.6632-0.8701)
[2024-12-31 17:40:41,733][INFO] Epoch[24/25], train AUC: 0.9951(0.9856-0.9996), test AUC: 0.8635(0.7654-0.9418)
[2024-12-31 17:42:46,254][INFO] Epoch[25/25], loss:0.9789, CE loss:0.2765 , info NCE loss:7.3000
[2024-12-31 17:42:46,254][INFO] Epoch[25/25], train B-acc: 0.9586(0.9129-0.9887), test B-acc: 0.7867(0.6948-0.8749)
[2024-12-31 17:42:46,254][INFO] Epoch[25/25], train AUC: 0.9967(0.9892-1.0000), test AUC: 0.8624(0.7687-0.9370)
