[2025-01-24 18:37:39,548][INFO] Running PROJECT: CRC-KR, P LEARNING RATE: 0.001, OPTIMIZER: ADAMW, NUM EPOCHS: 18, BATCH SIZE: 2048, DEVICES: cuda, SMOOTHING: 0.25
[2025-01-24 18:37:39,548][INFO] params["in_chans"]=[200, 16]
[2025-01-24 18:37:39,548][INFO] params["dims"]=[512, 512]
[2025-01-24 18:37:39,548][INFO] params["out_chans"]=[16, 8]
[2025-01-24 18:37:39,548][INFO] params["heads"]=[8, 4]
[2025-01-24 18:37:39,548][INFO] params["dropout"]=[0.8, 0.4, 0.4]
[2025-01-24 18:39:36,157][INFO] Epoch[1/18], loss:1.0023, CE loss:0.9269 , info NCE loss:0.5491
[2025-01-24 18:39:36,158][INFO] Epoch[1/18], train B-acc: 0.6806(0.6082-0.7450), test B-acc: 0.6160(0.5177-0.7141)
[2025-01-24 18:39:36,158][INFO] Epoch[1/18], train AUC: 0.7495(0.6650-0.8249), test AUC: 0.6776(0.5742-0.7797)
[2025-01-24 18:41:32,622][INFO] Epoch[2/18], loss:0.6792, CE loss:0.6047 , info NCE loss:0.5385
[2025-01-24 18:41:32,622][INFO] Epoch[2/18], train B-acc: 0.5000(0.5000-0.5000), test B-acc: 0.5000(0.5000-0.5000)
[2025-01-24 18:41:32,622][INFO] Epoch[2/18], train AUC: 0.7954(0.7162-0.8662), test AUC: 0.7217(0.5973-0.8148)
[2025-01-24 18:43:31,371][INFO] Epoch[3/18], loss:0.6107, CE loss:0.5375 , info NCE loss:0.5316
[2025-01-24 18:43:31,372][INFO] Epoch[3/18], train B-acc: 0.5000(0.5000-0.5000), test B-acc: 0.5000(0.5000-0.5000)
[2025-01-24 18:43:31,372][INFO] Epoch[3/18], train AUC: 0.8134(0.7328-0.8809), test AUC: 0.7298(0.6143-0.8371)
[2025-01-24 18:46:14,565][INFO] Epoch[4/18], loss:0.5916, CE loss:0.5209 , info NCE loss:0.5044
[2025-01-24 18:46:14,565][INFO] Epoch[4/18], train B-acc: 0.5574(0.5118-0.6136), test B-acc: 0.5248(0.4878-0.5800)
[2025-01-24 18:46:14,566][INFO] Epoch[4/18], train AUC: 0.8369(0.7616-0.8972), test AUC: 0.7362(0.6216-0.8353)
[2025-01-24 18:48:53,612][INFO] Epoch[5/18], loss:0.5815, CE loss:0.5120 , info NCE loss:0.5037
[2025-01-24 18:48:53,612][INFO] Epoch[5/18], train B-acc: 0.5574(0.5116-0.6174), test B-acc: 0.5091(0.4824-0.5540)
[2025-01-24 18:48:53,612][INFO] Epoch[5/18], train AUC: 0.8578(0.7870-0.9113), test AUC: 0.7528(0.6353-0.8570)
[2025-01-24 18:50:54,742][INFO] Epoch[6/18], loss:0.5734, CE loss:0.5045 , info NCE loss:0.5001
[2025-01-24 18:50:54,742][INFO] Epoch[6/18], train B-acc: 0.5568(0.5136-0.6094), test B-acc: 0.5248(0.4873-0.5833)
[2025-01-24 18:50:54,742][INFO] Epoch[6/18], train AUC: 0.8767(0.8167-0.9267), test AUC: 0.7581(0.6430-0.8541)
[2025-01-24 18:52:49,616][INFO] Epoch[7/18], loss:0.5681, CE loss:0.4994 , info NCE loss:0.4989
[2025-01-24 18:52:49,616][INFO] Epoch[7/18], train B-acc: 0.5698(0.5217-0.6310), test B-acc: 0.5405(0.4940-0.6034)
[2025-01-24 18:52:49,617][INFO] Epoch[7/18], train AUC: 0.8955(0.8395-0.9391), test AUC: 0.7656(0.6495-0.8589)
[2025-01-24 18:54:43,640][INFO] Epoch[8/18], loss:0.5633, CE loss:0.4947 , info NCE loss:0.5002
[2025-01-24 18:54:43,640][INFO] Epoch[8/18], train B-acc: 0.6445(0.5775-0.7167), test B-acc: 0.5517(0.4962-0.6191)
[2025-01-24 18:54:43,641][INFO] Epoch[8/18], train AUC: 0.9096(0.8590-0.9492), test AUC: 0.7734(0.6670-0.8648)
[2025-01-24 18:56:37,717][INFO] Epoch[9/18], loss:0.5584, CE loss:0.4900 , info NCE loss:0.4962
[2025-01-24 18:56:37,718][INFO] Epoch[9/18], train B-acc: 0.6507(0.5792-0.7275), test B-acc: 0.5841(0.5183-0.6646)
[2025-01-24 18:56:37,719][INFO] Epoch[9/18], train AUC: 0.9206(0.8772-0.9564), test AUC: 0.7785(0.6680-0.8682)
[2025-01-24 18:58:30,934][INFO] Epoch[10/18], loss:0.5542, CE loss:0.4858 , info NCE loss:0.4946
[2025-01-24 18:58:30,934][INFO] Epoch[10/18], train B-acc: 0.6910(0.6163-0.7681), test B-acc: 0.5853(0.5163-0.6643)
[2025-01-24 18:58:30,934][INFO] Epoch[10/18], train AUC: 0.9314(0.8888-0.9636), test AUC: 0.7795(0.6656-0.8756)
[2025-01-24 19:00:28,328][INFO] Epoch[11/18], loss:0.5492, CE loss:0.4809 , info NCE loss:0.4960
[2025-01-24 19:00:28,328][INFO] Epoch[11/18], train B-acc: 0.6785(0.6056-0.7577), test B-acc: 0.5834(0.5187-0.6603)
[2025-01-24 19:00:28,328][INFO] Epoch[11/18], train AUC: 0.9419(0.9095-0.9713), test AUC: 0.7788(0.6740-0.8707)
[2025-01-24 19:02:27,438][INFO] Epoch[12/18], loss:0.5451, CE loss:0.4769 , info NCE loss:0.4942
[2025-01-24 19:02:27,438][INFO] Epoch[12/18], train B-acc: 0.7489(0.6756-0.8246), test B-acc: 0.6029(0.5270-0.6932)
[2025-01-24 19:02:27,438][INFO] Epoch[12/18], train AUC: 0.9507(0.9161-0.9757), test AUC: 0.7854(0.6826-0.8761)
[2025-01-24 19:04:26,597][INFO] Epoch[13/18], loss:0.5415, CE loss:0.4734 , info NCE loss:0.4920
[2025-01-24 19:04:26,597][INFO] Epoch[13/18], train B-acc: 0.7278(0.6495-0.8076), test B-acc: 0.5857(0.5181-0.6606)
[2025-01-24 19:04:26,597][INFO] Epoch[13/18], train AUC: 0.9562(0.9240-0.9793), test AUC: 0.7870(0.6890-0.8780)
[2025-01-24 19:06:24,372][INFO] Epoch[14/18], loss:0.5371, CE loss:0.4691 , info NCE loss:0.4927
[2025-01-24 19:06:24,372][INFO] Epoch[14/18], train B-acc: 0.7956(0.7178-0.8721), test B-acc: 0.5879(0.5060-0.6758)
[2025-01-24 19:06:24,372][INFO] Epoch[14/18], train AUC: 0.9619(0.9320-0.9833), test AUC: 0.7824(0.6807-0.8762)
[2025-01-24 19:08:22,590][INFO] Epoch[15/18], loss:0.5338, CE loss:0.4659 , info NCE loss:0.4928
[2025-01-24 19:08:22,591][INFO] Epoch[15/18], train B-acc: 0.7940(0.7201-0.8731), test B-acc: 0.6096(0.5251-0.7086)
[2025-01-24 19:08:22,591][INFO] Epoch[15/18], train AUC: 0.9660(0.9397-0.9847), test AUC: 0.7767(0.6759-0.8646)
[2025-01-24 19:10:22,988][INFO] Epoch[16/18], loss:0.5314, CE loss:0.4636 , info NCE loss:0.4916
[2025-01-24 19:10:22,988][INFO] Epoch[16/18], train B-acc: 0.8189(0.7419-0.8916), test B-acc: 0.6583(0.5587-0.7517)
[2025-01-24 19:10:22,988][INFO] Epoch[16/18], train AUC: 0.9672(0.9446-0.9866), test AUC: 0.7714(0.6690-0.8655)
[2025-01-24 19:12:22,296][INFO] Epoch[17/18], loss:0.5274, CE loss:0.4598 , info NCE loss:0.4925
[2025-01-24 19:12:22,297][INFO] Epoch[17/18], train B-acc: 0.8381(0.7633-0.9036), test B-acc: 0.6713(0.5739-0.7658)
[2025-01-24 19:12:22,297][INFO] Epoch[17/18], train AUC: 0.9715(0.9488-0.9882), test AUC: 0.7715(0.6752-0.8620)
[2025-01-24 19:14:22,015][INFO] Epoch[18/18], loss:0.5248, CE loss:0.4572 , info NCE loss:0.4893
[2025-01-24 19:14:22,015][INFO] Epoch[18/18], train B-acc: 0.9096(0.8471-0.9578), test B-acc: 0.6759(0.5677-0.7634)
[2025-01-24 19:14:22,016][INFO] Epoch[18/18], train AUC: 0.9750(0.9550-0.9904), test AUC: 0.7731(0.6637-0.8574)
