[2024-12-31 13:46:24,317][INFO] Running PROJECT: CRC-DX, P LEARNING RATE: 0.01, OPTIMIZER: ADAMW, NUM EPOCHS: 25, BATCH SIZE: 2048, DEVICES: cuda, SMOOTHING: 0.1
[2024-12-31 13:46:24,318][INFO] params["in_chans"]=[200, 16]
[2024-12-31 13:46:24,318][INFO] params["dims"]=[512, 512]
[2024-12-31 13:46:24,318][INFO] params["out_chans"]=[16, 8]
[2024-12-31 13:46:24,319][INFO] params["heads"]=[8, 4]
[2024-12-31 13:46:24,319][INFO] params["dropout"]=[0.8, 0.4, 0.4]
[2024-12-31 13:49:42,723][INFO] Epoch[1/25], loss:8.7873, CE loss:8.9229 , info NCE loss:7.5670
[2024-12-31 13:49:42,723][INFO] Epoch[1/25], train B-acc: 0.5000(0.5000-0.5000), test B-acc: 0.5000(0.5000-0.5000)
[2024-12-31 13:49:42,724][INFO] Epoch[1/25], train AUC: 0.6888(0.5766-0.7920), test AUC: 0.5461(0.4027-0.6926)
[2024-12-31 13:52:21,222][INFO] Epoch[2/25], loss:4.4906, CE loss:4.1470 , info NCE loss:7.5832
[2024-12-31 13:52:21,222][INFO] Epoch[2/25], train B-acc: 0.5000(0.5000-0.5000), test B-acc: 0.5000(0.5000-0.5000)
[2024-12-31 13:52:21,224][INFO] Epoch[2/25], train AUC: 0.7513(0.6474-0.8408), test AUC: 0.6950(0.5669-0.8075)
[2024-12-31 13:54:34,584][INFO] Epoch[3/25], loss:1.6848, CE loss:1.0306 , info NCE loss:7.5720
[2024-12-31 13:54:34,584][INFO] Epoch[3/25], train B-acc: 0.7153(0.6431-0.7761), test B-acc: 0.6342(0.5347-0.7271)
[2024-12-31 13:54:34,584][INFO] Epoch[3/25], train AUC: 0.7772(0.6876-0.8636), test AUC: 0.7238(0.6003-0.8321)
[2024-12-31 13:56:45,836][INFO] Epoch[4/25], loss:1.2315, CE loss:0.5316 , info NCE loss:7.5307
[2024-12-31 13:56:45,836][INFO] Epoch[4/25], train B-acc: 0.6337(0.5691-0.7079), test B-acc: 0.6346(0.5536-0.7222)
[2024-12-31 13:56:45,836][INFO] Epoch[4/25], train AUC: 0.7725(0.6755-0.8552), test AUC: 0.7071(0.5784-0.8208)
[2024-12-31 13:58:45,068][INFO] Epoch[5/25], loss:1.1442, CE loss:0.4433 , info NCE loss:7.4525
[2024-12-31 13:58:45,068][INFO] Epoch[5/25], train B-acc: 0.6227(0.5608-0.6992), test B-acc: 0.6304(0.5517-0.7250)
[2024-12-31 13:58:45,068][INFO] Epoch[5/25], train AUC: 0.7780(0.6870-0.8628), test AUC: 0.7139(0.5789-0.8267)
[2024-12-31 14:00:39,624][INFO] Epoch[6/25], loss:1.1144, CE loss:0.4273 , info NCE loss:7.2976
[2024-12-31 14:00:39,625][INFO] Epoch[6/25], train B-acc: 0.5842(0.5289-0.6556), test B-acc: 0.5536(0.5000-0.6250)
[2024-12-31 14:00:39,625][INFO] Epoch[6/25], train AUC: 0.7786(0.6861-0.8556), test AUC: 0.7095(0.5696-0.8229)
[2024-12-31 14:02:40,581][INFO] Epoch[7/25], loss:1.0765, CE loss:0.4231 , info NCE loss:6.9579
[2024-12-31 14:02:40,581][INFO] Epoch[7/25], train B-acc: 0.6231(0.5503-0.7032), test B-acc: 0.6296(0.5526-0.7200)
[2024-12-31 14:02:40,581][INFO] Epoch[7/25], train AUC: 0.7906(0.6997-0.8757), test AUC: 0.7150(0.5877-0.8278)
[2024-12-31 14:04:31,026][INFO] Epoch[8/25], loss:1.0461, CE loss:0.4184 , info NCE loss:6.6954
[2024-12-31 14:04:31,026][INFO] Epoch[8/25], train B-acc: 0.6230(0.5601-0.6910), test B-acc: 0.6333(0.5526-0.7241)
[2024-12-31 14:04:31,026][INFO] Epoch[8/25], train AUC: 0.8034(0.7181-0.8744), test AUC: 0.7125(0.5769-0.8185)
[2024-12-31 14:06:21,771][INFO] Epoch[9/25], loss:1.0238, CE loss:0.4106 , info NCE loss:6.5429
[2024-12-31 14:06:21,771][INFO] Epoch[9/25], train B-acc: 0.6421(0.5744-0.7112), test B-acc: 0.6333(0.5484-0.7292)
[2024-12-31 14:06:21,771][INFO] Epoch[9/25], train AUC: 0.8260(0.7398-0.8957), test AUC: 0.7214(0.6053-0.8332)
[2024-12-31 14:08:13,650][INFO] Epoch[10/25], loss:1.0076, CE loss:0.4033 , info NCE loss:6.4460
[2024-12-31 14:08:13,650][INFO] Epoch[10/25], train B-acc: 0.6382(0.5645-0.7097), test B-acc: 0.6324(0.5517-0.7241)
[2024-12-31 14:08:13,650][INFO] Epoch[10/25], train AUC: 0.8466(0.7681-0.9119), test AUC: 0.7494(0.6279-0.8503)
[2024-12-31 14:10:05,429][INFO] Epoch[11/25], loss:0.9931, CE loss:0.3940 , info NCE loss:6.3856
[2024-12-31 14:10:05,429][INFO] Epoch[11/25], train B-acc: 0.6283(0.5599-0.7001), test B-acc: 0.5938(0.5227-0.6818)
[2024-12-31 14:10:05,429][INFO] Epoch[11/25], train AUC: 0.8678(0.7970-0.9260), test AUC: 0.7704(0.6558-0.8668)
[2024-12-31 14:11:59,820][INFO] Epoch[12/25], loss:0.9824, CE loss:0.3873 , info NCE loss:6.3383
[2024-12-31 14:11:59,820][INFO] Epoch[12/25], train B-acc: 0.6549(0.5829-0.7326), test B-acc: 0.6136(0.5370-0.7105)
[2024-12-31 14:11:59,821][INFO] Epoch[12/25], train AUC: 0.8814(0.8046-0.9352), test AUC: 0.7843(0.6643-0.8720)
[2024-12-31 14:13:51,474][INFO] Epoch[13/25], loss:0.9715, CE loss:0.3796 , info NCE loss:6.2988
[2024-12-31 14:13:51,474][INFO] Epoch[13/25], train B-acc: 0.6549(0.5812-0.7294), test B-acc: 0.5926(0.5238-0.6750)
[2024-12-31 14:13:51,474][INFO] Epoch[13/25], train AUC: 0.8944(0.8221-0.9425), test AUC: 0.8004(0.6917-0.8965)
[2024-12-31 14:15:38,948][INFO] Epoch[14/25], loss:0.9608, CE loss:0.3724 , info NCE loss:6.2564
[2024-12-31 14:15:38,948][INFO] Epoch[14/25], train B-acc: 0.6669(0.5953-0.7538), test B-acc: 0.5938(0.5227-0.6750)
[2024-12-31 14:15:38,948][INFO] Epoch[14/25], train AUC: 0.9052(0.8347-0.9519), test AUC: 0.8117(0.7028-0.9056)
[2024-12-31 14:17:32,971][INFO] Epoch[15/25], loss:0.9515, CE loss:0.3657 , info NCE loss:6.2231
[2024-12-31 14:17:32,972][INFO] Epoch[15/25], train B-acc: 0.6928(0.6161-0.7676), test B-acc: 0.6304(0.5556-0.7143)
[2024-12-31 14:17:32,972][INFO] Epoch[15/25], train AUC: 0.9111(0.8535-0.9562), test AUC: 0.8246(0.7173-0.9075)
[2024-12-31 14:19:36,179][INFO] Epoch[16/25], loss:0.9422, CE loss:0.3590 , info NCE loss:6.1911
[2024-12-31 14:19:36,180][INFO] Epoch[16/25], train B-acc: 0.7061(0.6301-0.7902), test B-acc: 0.6552(0.5667-0.7500)
[2024-12-31 14:19:36,180][INFO] Epoch[16/25], train AUC: 0.9217(0.8583-0.9670), test AUC: 0.8414(0.7464-0.9237)
[2024-12-31 14:21:34,739][INFO] Epoch[17/25], loss:0.9336, CE loss:0.3518 , info NCE loss:6.1695
[2024-12-31 14:21:34,740][INFO] Epoch[17/25], train B-acc: 0.7186(0.6440-0.8008), test B-acc: 0.6538(0.5714-0.7500)
[2024-12-31 14:21:34,740][INFO] Epoch[17/25], train AUC: 0.9287(0.8716-0.9694), test AUC: 0.8507(0.7473-0.9307)
[2024-12-31 14:23:32,913][INFO] Epoch[18/25], loss:0.9261, CE loss:0.3460 , info NCE loss:6.1465
[2024-12-31 14:23:32,914][INFO] Epoch[18/25], train B-acc: 0.7601(0.6742-0.8356), test B-acc: 0.7044(0.6136-0.8009)
[2024-12-31 14:23:32,914][INFO] Epoch[18/25], train AUC: 0.9405(0.8935-0.9766), test AUC: 0.8562(0.7520-0.9330)
[2024-12-31 14:25:23,016][INFO] Epoch[19/25], loss:0.9199, CE loss:0.3405 , info NCE loss:6.1347
[2024-12-31 14:25:23,016][INFO] Epoch[19/25], train B-acc: 0.7375(0.6613-0.8182), test B-acc: 0.6833(0.5933-0.7885)
[2024-12-31 14:25:23,016][INFO] Epoch[19/25], train AUC: 0.9473(0.9032-0.9784), test AUC: 0.8600(0.7585-0.9371)
[2024-12-31 14:27:20,108][INFO] Epoch[20/25], loss:0.9142, CE loss:0.3356 , info NCE loss:6.1219
[2024-12-31 14:27:20,109][INFO] Epoch[20/25], train B-acc: 0.7763(0.6923-0.8529), test B-acc: 0.6852(0.5941-0.7778)
[2024-12-31 14:27:20,109][INFO] Epoch[20/25], train AUC: 0.9533(0.9118-0.9814), test AUC: 0.8667(0.7732-0.9413)
[2024-12-31 14:29:14,638][INFO] Epoch[21/25], loss:0.9062, CE loss:0.3284 , info NCE loss:6.1059
[2024-12-31 14:29:14,638][INFO] Epoch[21/25], train B-acc: 0.7917(0.7073-0.8636), test B-acc: 0.6836(0.5926-0.7778)
[2024-12-31 14:29:14,638][INFO] Epoch[21/25], train AUC: 0.9608(0.9247-0.9846), test AUC: 0.8719(0.7818-0.9458)
[2024-12-31 14:31:05,737][INFO] Epoch[22/25], loss:0.9006, CE loss:0.3235 , info NCE loss:6.0944
[2024-12-31 14:31:05,737][INFO] Epoch[22/25], train B-acc: 0.7885(0.7027-0.8649), test B-acc: 0.7016(0.6053-0.8000)
[2024-12-31 14:31:05,737][INFO] Epoch[22/25], train AUC: 0.9647(0.9268-0.9874), test AUC: 0.8799(0.7849-0.9481)
[2024-12-31 14:33:03,294][INFO] Epoch[23/25], loss:0.8943, CE loss:0.3174 , info NCE loss:6.0868
[2024-12-31 14:33:03,295][INFO] Epoch[23/25], train B-acc: 0.7812(0.6974-0.8571), test B-acc: 0.6663(0.5789-0.7625)
[2024-12-31 14:33:03,295][INFO] Epoch[23/25], train AUC: 0.9712(0.9394-0.9915), test AUC: 0.8765(0.7894-0.9519)
[2024-12-31 14:35:02,164][INFO] Epoch[24/25], loss:0.9387, CE loss:0.3640 , info NCE loss:6.1109
[2024-12-31 14:35:02,165][INFO] Epoch[24/25], train B-acc: 0.5000(0.5000-0.5000), test B-acc: 0.5000(0.5000-0.5000)
[2024-12-31 14:35:02,165][INFO] Epoch[24/25], train AUC: 0.9638(0.9257-0.9888), test AUC: 0.8807(0.7931-0.9489)
[2024-12-31 14:36:58,126][INFO] Epoch[25/25], loss:1.4102, CE loss:0.8589 , info NCE loss:6.3718
[2024-12-31 14:36:58,126][INFO] Epoch[25/25], train B-acc: 0.7210(0.6627-0.7691), test B-acc: 0.7011(0.6250-0.7679)
[2024-12-31 14:36:58,126][INFO] Epoch[25/25], train AUC: 0.8714(0.7959-0.9306), test AUC: 0.8091(0.7040-0.8929)
