[2025-01-21 11:44:25,720][INFO] Running PROJECT: CRC-DX, P LEARNING RATE: 0.0001, OPTIMIZER: ADAMW, NUM EPOCHS: 100, BATCH SIZE: 2048, DEVICES: cuda, SMOOTHING: 0.25
[2025-01-21 11:44:25,721][INFO] params["in_chans"]=[200, 16] python run_MIL_model.py --proj CRC-DX --num_epochs 80 --plr 1e-4  --smoothing 0.25
[2025-01-21 11:44:25,721][INFO] params["dims"]=[512, 512]  温度参数为0.55
[2025-01-21 11:44:25,721][INFO] params["out_chans"]=[16, 8]
[2025-01-21 11:44:25,721][INFO] params["heads"]=[8, 4]
[2025-01-21 11:44:25,722][INFO] params["dropout"]=[0.8, 0.4, 0.4]
[2025-01-21 11:46:22,321][INFO] Epoch[1/100], loss:1.6397, CE loss:0.6007 , info NCE loss:7.5274
[2025-01-21 11:46:22,321][INFO] Epoch[1/100], train B-acc: 0.5000(0.5000-0.5000), test B-acc: 0.5000(0.5000-0.5000)
[2025-01-21 11:46:22,321][INFO] Epoch[1/100], train AUC: 0.4496(0.3434-0.5549), test AUC: 0.4082(0.2805-0.5451)
[2025-01-21 11:48:22,194][INFO] Epoch[2/100], loss:1.5930, CE loss:0.5567 , info NCE loss:7.4657
[2025-01-21 11:48:22,195][INFO] Epoch[2/100], train B-acc: 0.5000(0.5000-0.5000), test B-acc: 0.5000(0.5000-0.5000)
[2025-01-21 11:48:22,195][INFO] Epoch[2/100], train AUC: 0.6127(0.5067-0.7165), test AUC: 0.5180(0.3758-0.6731)
[2025-01-21 11:50:24,639][INFO] Epoch[3/100], loss:1.5489, CE loss:0.5413 , info NCE loss:7.2584
[2025-01-21 11:50:24,639][INFO] Epoch[3/100], train B-acc: 0.5000(0.5000-0.5000), test B-acc: 0.5000(0.5000-0.5000)
[2025-01-21 11:50:24,639][INFO] Epoch[3/100], train AUC: 0.6830(0.5702-0.7750), test AUC: 0.6069(0.4633-0.7461)
[2025-01-21 11:52:19,061][INFO] Epoch[4/100], loss:1.5041, CE loss:0.5348 , info NCE loss:6.9967
[2025-01-21 11:52:19,061][INFO] Epoch[4/100], train B-acc: 0.5000(0.5000-0.5000), test B-acc: 0.5000(0.5000-0.5000)
[2025-01-21 11:52:19,061][INFO] Epoch[4/100], train AUC: 0.7128(0.6177-0.8090), test AUC: 0.6457(0.5028-0.7900)
[2025-01-21 11:54:19,164][INFO] Epoch[5/100], loss:1.4866, CE loss:0.5283 , info NCE loss:6.9168
[2025-01-21 11:54:19,165][INFO] Epoch[5/100], train B-acc: 0.5125(0.5000-0.5455), test B-acc: 0.5000(0.5000-0.5000)
[2025-01-21 11:54:19,165][INFO] Epoch[5/100], train AUC: 0.7423(0.6498-0.8272), test AUC: 0.6707(0.5305-0.7939)
[2025-01-21 11:56:26,824][INFO] Epoch[6/100], loss:1.4740, CE loss:0.5227 , info NCE loss:6.8643
[2025-01-21 11:56:26,824][INFO] Epoch[6/100], train B-acc: 0.5513(0.5116-0.6053), test B-acc: 0.5179(0.5000-0.5667)
[2025-01-21 11:56:26,824][INFO] Epoch[6/100], train AUC: 0.7598(0.6744-0.8459), test AUC: 0.6907(0.5642-0.8144)
[2025-01-21 11:58:18,970][INFO] Epoch[7/100], loss:1.4655, CE loss:0.5190 , info NCE loss:6.8287
[2025-01-21 11:58:18,971][INFO] Epoch[7/100], train B-acc: 0.5746(0.5278-0.6375), test B-acc: 0.5179(0.5000-0.5682)
[2025-01-21 11:58:18,971][INFO] Epoch[7/100], train AUC: 0.7763(0.6888-0.8562), test AUC: 0.7024(0.5719-0.8270)
[2025-01-21 12:00:08,863][INFO] Epoch[8/100], loss:1.4589, CE loss:0.5157 , info NCE loss:6.8039
[2025-01-21 12:00:08,864][INFO] Epoch[8/100], train B-acc: 0.5880(0.5323-0.6585), test B-acc: 0.5357(0.5000-0.5962)
[2025-01-21 12:00:08,864][INFO] Epoch[8/100], train AUC: 0.7965(0.7094-0.8731), test AUC: 0.7096(0.5757-0.8200)
[2025-01-21 12:02:02,940][INFO] Epoch[9/100], loss:1.4532, CE loss:0.5130 , info NCE loss:6.7810
[2025-01-21 12:02:02,940][INFO] Epoch[9/100], train B-acc: 0.5999(0.5394-0.6667), test B-acc: 0.5517(0.5000-0.6296)
[2025-01-21 12:02:02,941][INFO] Epoch[9/100], train AUC: 0.8077(0.7220-0.8799), test AUC: 0.7173(0.5843-0.8252)
[2025-01-21 12:03:51,239][INFO] Epoch[10/100], loss:1.4477, CE loss:0.5106 , info NCE loss:6.7578
[2025-01-21 12:03:51,239][INFO] Epoch[10/100], train B-acc: 0.6000(0.5353-0.6726), test B-acc: 0.5741(0.5172-0.6481)
[2025-01-21 12:03:51,239][INFO] Epoch[10/100], train AUC: 0.8231(0.7401-0.8919), test AUC: 0.7392(0.6175-0.8446)
[2025-01-21 12:05:37,696][INFO] Epoch[11/100], loss:1.4430, CE loss:0.5080 , info NCE loss:6.7409
[2025-01-21 12:05:37,696][INFO] Epoch[11/100], train B-acc: 0.6148(0.5495-0.6847), test B-acc: 0.5769(0.5179-0.6538)
[2025-01-21 12:05:37,697][INFO] Epoch[11/100], train AUC: 0.8346(0.7492-0.9050), test AUC: 0.7504(0.6313-0.8600)
[2025-01-21 12:07:24,738][INFO] Epoch[12/100], loss:1.4389, CE loss:0.5051 , info NCE loss:6.7309
[2025-01-21 12:07:24,739][INFO] Epoch[12/100], train B-acc: 0.6125(0.5520-0.6867), test B-acc: 0.5952(0.5250-0.6800)
[2025-01-21 12:07:24,739][INFO] Epoch[12/100], train AUC: 0.8455(0.7667-0.9118), test AUC: 0.7691(0.6492-0.8731)
[2025-01-21 12:09:14,678][INFO] Epoch[13/100], loss:1.4351, CE loss:0.5026 , info NCE loss:6.7191
[2025-01-21 12:09:14,679][INFO] Epoch[13/100], train B-acc: 0.6116(0.5452-0.6869), test B-acc: 0.5769(0.5185-0.6522)
[2025-01-21 12:09:14,679][INFO] Epoch[13/100], train AUC: 0.8549(0.7758-0.9183), test AUC: 0.7744(0.6502-0.8802)
[2025-01-21 12:11:04,602][INFO] Epoch[14/100], loss:1.4318, CE loss:0.5000 , info NCE loss:6.7123
[2025-01-21 12:11:04,603][INFO] Epoch[14/100], train B-acc: 0.6279(0.5618-0.6928), test B-acc: 0.5938(0.5227-0.6818)
[2025-01-21 12:11:04,603][INFO] Epoch[14/100], train AUC: 0.8661(0.7903-0.9237), test AUC: 0.7824(0.6743-0.8786)
[2025-01-21 12:12:53,255][INFO] Epoch[15/100], loss:1.4282, CE loss:0.4980 , info NCE loss:6.6999
[2025-01-21 12:12:53,255][INFO] Epoch[15/100], train B-acc: 0.6246(0.5604-0.6977), test B-acc: 0.5938(0.5227-0.6833)
[2025-01-21 12:12:53,255][INFO] Epoch[15/100], train AUC: 0.8732(0.8062-0.9330), test AUC: 0.8001(0.6829-0.9010)
[2025-01-21 12:14:41,225][INFO] Epoch[16/100], loss:1.4251, CE loss:0.4963 , info NCE loss:6.6880
[2025-01-21 12:14:41,225][INFO] Epoch[16/100], train B-acc: 0.6389(0.5691-0.7169), test B-acc: 0.5952(0.5217-0.6786)
[2025-01-21 12:14:41,225][INFO] Epoch[16/100], train AUC: 0.8790(0.8079-0.9322), test AUC: 0.8022(0.6878-0.9011)
[2025-01-21 12:16:30,375][INFO] Epoch[17/100], loss:1.4222, CE loss:0.4935 , info NCE loss:6.6853
[2025-01-21 12:16:30,377][INFO] Epoch[17/100], train B-acc: 0.6395(0.5699-0.7097), test B-acc: 0.5938(0.5250-0.6739)
[2025-01-21 12:16:30,377][INFO] Epoch[17/100], train AUC: 0.8860(0.8126-0.9380), test AUC: 0.8032(0.6905-0.8986)
[2025-01-21 12:18:20,477][INFO] Epoch[18/100], loss:1.4194, CE loss:0.4914 , info NCE loss:6.6777
[2025-01-21 12:18:20,478][INFO] Epoch[18/100], train B-acc: 0.6644(0.5901-0.7432), test B-acc: 0.5938(0.5227-0.6765)
[2025-01-21 12:18:20,478][INFO] Epoch[18/100], train AUC: 0.8884(0.8179-0.9436), test AUC: 0.8154(0.7024-0.9092)
[2025-01-21 12:20:10,735][INFO] Epoch[19/100], loss:1.4174, CE loss:0.4893 , info NCE loss:6.6764
[2025-01-21 12:20:10,737][INFO] Epoch[19/100], train B-acc: 0.6681(0.5955-0.7406), test B-acc: 0.5952(0.5217-0.6800)
[2025-01-21 12:20:10,737][INFO] Epoch[19/100], train AUC: 0.8967(0.8313-0.9493), test AUC: 0.8181(0.7063-0.9131)
[2025-01-21 12:22:00,382][INFO] Epoch[20/100], loss:1.4146, CE loss:0.4872 , info NCE loss:6.6697
[2025-01-21 12:22:00,382][INFO] Epoch[20/100], train B-acc: 0.6774(0.6041-0.7554), test B-acc: 0.6136(0.5323-0.7045)
[2025-01-21 12:22:00,383][INFO] Epoch[20/100], train AUC: 0.9010(0.8342-0.9496), test AUC: 0.8231(0.7199-0.9187)
[2025-01-21 12:23:49,374][INFO] Epoch[21/100], loss:1.4125, CE loss:0.4856 , info NCE loss:6.6645
[2025-01-21 12:23:49,375][INFO] Epoch[21/100], train B-acc: 0.6791(0.6026-0.7578), test B-acc: 0.6304(0.5536-0.7115)
[2025-01-21 12:23:49,375][INFO] Epoch[21/100], train AUC: 0.9053(0.8414-0.9524), test AUC: 0.8279(0.7244-0.9200)
[2025-01-21 12:25:38,312][INFO] Epoch[22/100], loss:1.4106, CE loss:0.4839 , info NCE loss:6.6618
[2025-01-21 12:25:38,313][INFO] Epoch[22/100], train B-acc: 0.6809(0.6111-0.7578), test B-acc: 0.6129(0.5435-0.7000)
[2025-01-21 12:25:38,313][INFO] Epoch[22/100], train AUC: 0.9123(0.8455-0.9570), test AUC: 0.8289(0.7255-0.9194)
[2025-01-21 12:27:26,398][INFO] Epoch[23/100], loss:1.4086, CE loss:0.4822 , info NCE loss:6.6582
[2025-01-21 12:27:26,399][INFO] Epoch[23/100], train B-acc: 0.7045(0.6340-0.7909), test B-acc: 0.6346(0.5556-0.7292)
[2025-01-21 12:27:26,399][INFO] Epoch[23/100], train AUC: 0.9120(0.8559-0.9598), test AUC: 0.8382(0.7392-0.9247)
[2025-01-21 12:29:14,900][INFO] Epoch[24/100], loss:1.4069, CE loss:0.4804 , info NCE loss:6.6573
[2025-01-21 12:29:14,901][INFO] Epoch[24/100], train B-acc: 0.7079(0.6292-0.7911), test B-acc: 0.6538(0.5652-0.7500)
[2025-01-21 12:29:14,901][INFO] Epoch[24/100], train AUC: 0.9178(0.8552-0.9619), test AUC: 0.8405(0.7308-0.9201)
[2025-01-21 12:31:03,001][INFO] Epoch[25/100], loss:1.4051, CE loss:0.4791 , info NCE loss:6.6519
[2025-01-21 12:31:03,001][INFO] Epoch[25/100], train B-acc: 0.7050(0.6286-0.7852), test B-acc: 0.6562(0.5690-0.7500)
[2025-01-21 12:31:03,001][INFO] Epoch[25/100], train AUC: 0.9211(0.8611-0.9634), test AUC: 0.8405(0.7365-0.9223)
[2025-01-21 12:32:49,087][INFO] Epoch[26/100], loss:1.4031, CE loss:0.4773 , info NCE loss:6.6492
[2025-01-21 12:32:49,087][INFO] Epoch[26/100], train B-acc: 0.7075(0.6283-0.7872), test B-acc: 0.6316(0.5556-0.7206)
[2025-01-21 12:32:49,088][INFO] Epoch[26/100], train AUC: 0.9253(0.8716-0.9687), test AUC: 0.8475(0.7396-0.9309)
[2025-01-21 12:34:36,437][INFO] Epoch[27/100], loss:1.4016, CE loss:0.4758 , info NCE loss:6.6483
[2025-01-21 12:34:36,437][INFO] Epoch[27/100], train B-acc: 0.7433(0.6586-0.8168), test B-acc: 0.7069(0.6111-0.8095)
[2025-01-21 12:34:36,437][INFO] Epoch[27/100], train AUC: 0.9303(0.8751-0.9706), test AUC: 0.8498(0.7388-0.9350)
[2025-01-21 12:36:25,018][INFO] Epoch[28/100], loss:1.3998, CE loss:0.4739 , info NCE loss:6.6466
[2025-01-21 12:36:25,018][INFO] Epoch[28/100], train B-acc: 0.7174(0.6359-0.7977), test B-acc: 0.6522(0.5667-0.7407)
[2025-01-21 12:36:25,018][INFO] Epoch[28/100], train AUC: 0.9308(0.8734-0.9717), test AUC: 0.8499(0.7509-0.9259)
[2025-01-21 12:38:17,212][INFO] Epoch[29/100], loss:1.3988, CE loss:0.4732 , info NCE loss:6.6438
[2025-01-21 12:38:17,213][INFO] Epoch[29/100], train B-acc: 0.7410(0.6579-0.8356), test B-acc: 0.7024(0.6086-0.8000)
[2025-01-21 12:38:17,213][INFO] Epoch[29/100], train AUC: 0.9360(0.8788-0.9741), test AUC: 0.8503(0.7480-0.9281)
[2025-01-21 12:40:10,292][INFO] Epoch[30/100], loss:1.3971, CE loss:0.4714 , info NCE loss:6.6426
[2025-01-21 12:40:10,292][INFO] Epoch[30/100], train B-acc: 0.7670(0.6899-0.8476), test B-acc: 0.7048(0.6042-0.7979)
[2025-01-21 12:40:10,292][INFO] Epoch[30/100], train AUC: 0.9409(0.8866-0.9771), test AUC: 0.8533(0.7443-0.9314)
[2025-01-21 12:42:09,964][INFO] Epoch[31/100], loss:1.3952, CE loss:0.4703 , info NCE loss:6.6361
[2025-01-21 12:42:09,964][INFO] Epoch[31/100], train B-acc: 0.7556(0.6728-0.8327), test B-acc: 0.7069(0.6042-0.8033)
[2025-01-21 12:42:09,965][INFO] Epoch[31/100], train AUC: 0.9451(0.8932-0.9781), test AUC: 0.8571(0.7574-0.9371)
[2025-01-21 12:43:59,702][INFO] Epoch[32/100], loss:1.3940, CE loss:0.4690 , info NCE loss:6.6357
[2025-01-21 12:43:59,702][INFO] Epoch[32/100], train B-acc: 0.7454(0.6623-0.8261), test B-acc: 0.7037(0.6086-0.8059)
[2025-01-21 12:43:59,702][INFO] Epoch[32/100], train AUC: 0.9455(0.8958-0.9797), test AUC: 0.8558(0.7570-0.9340)
[2025-01-21 12:45:49,377][INFO] Epoch[33/100], loss:1.3926, CE loss:0.4677 , info NCE loss:6.6337
[2025-01-21 12:45:49,377][INFO] Epoch[33/100], train B-acc: 0.7455(0.6625-0.8233), test B-acc: 0.7045(0.6050-0.7995)
[2025-01-21 12:45:49,377][INFO] Epoch[33/100], train AUC: 0.9482(0.8979-0.9821), test AUC: 0.8577(0.7609-0.9302)
[2025-01-21 12:47:38,659][INFO] Epoch[34/100], loss:1.3914, CE loss:0.4663 , info NCE loss:6.6334
[2025-01-21 12:47:38,659][INFO] Epoch[34/100], train B-acc: 0.7469(0.6665-0.8247), test B-acc: 0.7037(0.6110-0.8067)
[2025-01-21 12:47:38,659][INFO] Epoch[34/100], train AUC: 0.9514(0.9061-0.9823), test AUC: 0.8636(0.7688-0.9380)
[2025-01-21 12:49:28,894][INFO] Epoch[35/100], loss:1.3900, CE loss:0.4651 , info NCE loss:6.6313
[2025-01-21 12:49:28,894][INFO] Epoch[35/100], train B-acc: 0.7959(0.7181-0.8739), test B-acc: 0.7209(0.6248-0.8259)
[2025-01-21 12:49:28,894][INFO] Epoch[35/100], train AUC: 0.9545(0.9092-0.9828), test AUC: 0.8636(0.7577-0.9351)
[2025-01-21 12:51:19,253][INFO] Epoch[36/100], loss:1.3885, CE loss:0.4639 , info NCE loss:6.6282
[2025-01-21 12:51:19,253][INFO] Epoch[36/100], train B-acc: 0.7996(0.7228-0.8781), test B-acc: 0.7226(0.6279-0.8202)
[2025-01-21 12:51:19,253][INFO] Epoch[36/100], train AUC: 0.9567(0.9096-0.9840), test AUC: 0.8630(0.7714-0.9350)
[2025-01-21 12:53:08,278][INFO] Epoch[37/100], loss:1.3874, CE loss:0.4629 , info NCE loss:6.6263
[2025-01-21 12:53:08,288][INFO] Epoch[37/100], train B-acc: 0.7763(0.6931-0.8523), test B-acc: 0.7031(0.6129-0.8032)
[2025-01-21 12:53:08,290][INFO] Epoch[37/100], train AUC: 0.9585(0.9163-0.9856), test AUC: 0.8659(0.7802-0.9424)
[2025-01-21 12:54:57,503][INFO] Epoch[38/100], loss:1.3860, CE loss:0.4614 , info NCE loss:6.6253
[2025-01-21 12:54:57,503][INFO] Epoch[38/100], train B-acc: 0.8112(0.7322-0.8833), test B-acc: 0.7426(0.6463-0.8413)
[2025-01-21 12:54:57,503][INFO] Epoch[38/100], train AUC: 0.9610(0.9196-0.9868), test AUC: 0.8659(0.7793-0.9375)
[2025-01-21 12:56:46,310][INFO] Epoch[39/100], loss:1.3847, CE loss:0.4603 , info NCE loss:6.6233
[2025-01-21 12:56:46,310][INFO] Epoch[39/100], train B-acc: 0.8070(0.7265-0.8768), test B-acc: 0.7426(0.6429-0.8413)
[2025-01-21 12:56:46,310][INFO] Epoch[39/100], train AUC: 0.9628(0.9217-0.9867), test AUC: 0.8671(0.7802-0.9430)
[2025-01-21 12:58:36,541][INFO] Epoch[40/100], loss:1.3832, CE loss:0.4591 , info NCE loss:6.6197
[2025-01-21 12:58:36,541][INFO] Epoch[40/100], train B-acc: 0.8353(0.7541-0.9072), test B-acc: 0.7424(0.6469-0.8375)
[2025-01-21 12:58:36,541][INFO] Epoch[40/100], train AUC: 0.9640(0.9220-0.9868), test AUC: 0.8700(0.7824-0.9456)
[2025-01-21 13:00:25,303][INFO] Epoch[41/100], loss:1.3825, CE loss:0.4581 , info NCE loss:6.6212
[2025-01-21 13:00:25,304][INFO] Epoch[41/100], train B-acc: 0.8333(0.7541-0.9074), test B-acc: 0.7431(0.6429-0.8357)
[2025-01-21 13:00:25,304][INFO] Epoch[41/100], train AUC: 0.9655(0.9294-0.9895), test AUC: 0.8700(0.7823-0.9349)
[2025-01-21 13:02:18,591][INFO] Epoch[42/100], loss:1.3810, CE loss:0.4571 , info NCE loss:6.6160
[2025-01-21 13:02:18,591][INFO] Epoch[42/100], train B-acc: 0.8115(0.7335-0.8884), test B-acc: 0.7434(0.6467-0.8529)
[2025-01-21 13:02:18,592][INFO] Epoch[42/100], train AUC: 0.9674(0.9276-0.9902), test AUC: 0.8733(0.7843-0.9465)
[2025-01-21 13:04:22,973][INFO] Epoch[43/100], loss:1.3804, CE loss:0.4561 , info NCE loss:6.6179
[2025-01-21 13:04:22,973][INFO] Epoch[43/100], train B-acc: 0.8453(0.7684-0.9153), test B-acc: 0.7429(0.6457-0.8462)
[2025-01-21 13:04:22,973][INFO] Epoch[43/100], train AUC: 0.9694(0.9318-0.9907), test AUC: 0.8706(0.7727-0.9402)
[2025-01-21 13:06:22,303][INFO] Epoch[44/100], loss:1.3792, CE loss:0.4550 , info NCE loss:6.6158
[2025-01-21 13:06:22,303][INFO] Epoch[44/100], train B-acc: 0.8503(0.7683-0.9215), test B-acc: 0.7363(0.6460-0.8363)
[2025-01-21 13:06:22,303][INFO] Epoch[44/100], train AUC: 0.9700(0.9336-0.9918), test AUC: 0.8734(0.7818-0.9383)
[2025-01-21 13:08:29,009][INFO] Epoch[45/100], loss:1.3780, CE loss:0.4539 , info NCE loss:6.6145
[2025-01-21 13:08:29,009][INFO] Epoch[45/100], train B-acc: 0.8498(0.7703-0.9220), test B-acc: 0.7445(0.6438-0.8400)
[2025-01-21 13:08:29,009][INFO] Epoch[45/100], train AUC: 0.9715(0.9384-0.9931), test AUC: 0.8748(0.7781-0.9440)
[2025-01-21 13:10:29,467][INFO] Epoch[46/100], loss:1.3769, CE loss:0.4530 , info NCE loss:6.6123
[2025-01-21 13:10:29,467][INFO] Epoch[46/100], train B-acc: 0.8488(0.7767-0.9170), test B-acc: 0.7429(0.6359-0.8348)
[2025-01-21 13:10:29,467][INFO] Epoch[46/100], train AUC: 0.9738(0.9418-0.9932), test AUC: 0.8755(0.7879-0.9412)
[2025-01-21 13:12:29,423][INFO] Epoch[47/100], loss:1.3761, CE loss:0.4524 , info NCE loss:6.6101
[2025-01-21 13:12:29,424][INFO] Epoch[47/100], train B-acc: 0.8507(0.7698-0.9198), test B-acc: 0.7431(0.6455-0.8382)
[2025-01-21 13:12:29,424][INFO] Epoch[47/100], train AUC: 0.9762(0.9429-0.9943), test AUC: 0.8789(0.7902-0.9429)
[2025-01-21 13:14:26,255][INFO] Epoch[48/100], loss:1.3749, CE loss:0.4515 , info NCE loss:6.6075
[2025-01-21 13:14:26,255][INFO] Epoch[48/100], train B-acc: 0.8485(0.7790-0.9193), test B-acc: 0.7357(0.6344-0.8333)
[2025-01-21 13:14:26,256][INFO] Epoch[48/100], train AUC: 0.9772(0.9480-0.9944), test AUC: 0.8734(0.7751-0.9427)
[2025-01-21 13:16:22,548][INFO] Epoch[49/100], loss:1.3738, CE loss:0.4503 , info NCE loss:6.6072
[2025-01-21 13:16:22,548][INFO] Epoch[49/100], train B-acc: 0.8504(0.7705-0.9149), test B-acc: 0.7686(0.6733-0.8671)
[2025-01-21 13:16:22,548][INFO] Epoch[49/100], train AUC: 0.9788(0.9472-0.9948), test AUC: 0.8773(0.7859-0.9457)
[2025-01-21 13:18:20,808][INFO] Epoch[50/100], loss:1.3729, CE loss:0.4496 , info NCE loss:6.6049
[2025-01-21 13:18:20,808][INFO] Epoch[50/100], train B-acc: 0.8783(0.8049-0.9386), test B-acc: 0.7686(0.6715-0.8620)
[2025-01-21 13:18:20,808][INFO] Epoch[50/100], train AUC: 0.9801(0.9519-0.9947), test AUC: 0.8784(0.7907-0.9469)
[2025-01-21 13:20:19,084][INFO] Epoch[51/100], loss:1.3720, CE loss:0.4488 , info NCE loss:6.6035
[2025-01-21 13:20:19,084][INFO] Epoch[51/100], train B-acc: 0.8770(0.8076-0.9417), test B-acc: 0.7688(0.6715-0.8603)
[2025-01-21 13:20:19,084][INFO] Epoch[51/100], train AUC: 0.9802(0.9494-0.9958), test AUC: 0.8773(0.7895-0.9493)
[2025-01-21 13:22:19,134][INFO] Epoch[52/100], loss:1.3711, CE loss:0.4479 , info NCE loss:6.6025
[2025-01-21 13:22:19,134][INFO] Epoch[52/100], train B-acc: 0.8655(0.7902-0.9263), test B-acc: 0.7688(0.6611-0.8611)
[2025-01-21 13:22:19,134][INFO] Epoch[52/100], train AUC: 0.9819(0.9551-0.9964), test AUC: 0.8789(0.7854-0.9454)
[2025-01-21 13:24:18,618][INFO] Epoch[53/100], loss:1.3700, CE loss:0.4468 , info NCE loss:6.6017
[2025-01-21 13:24:18,618][INFO] Epoch[53/100], train B-acc: 0.9024(0.8333-0.9609), test B-acc: 0.7758(0.6662-0.8754)
[2025-01-21 13:24:18,618][INFO] Epoch[53/100], train AUC: 0.9829(0.9597-0.9963), test AUC: 0.8775(0.7817-0.9480)
[2025-01-21 13:26:18,626][INFO] Epoch[54/100], loss:1.3692, CE loss:0.4461 , info NCE loss:6.5997
[2025-01-21 13:26:18,626][INFO] Epoch[54/100], train B-acc: 0.9010(0.8346-0.9579), test B-acc: 0.7765(0.6697-0.8684)
[2025-01-21 13:26:18,626][INFO] Epoch[54/100], train AUC: 0.9840(0.9601-0.9967), test AUC: 0.8810(0.7887-0.9462)
[2025-01-21 13:28:18,011][INFO] Epoch[55/100], loss:1.3680, CE loss:0.4450 , info NCE loss:6.5980
[2025-01-21 13:28:18,012][INFO] Epoch[55/100], train B-acc: 0.9019(0.8286-0.9597), test B-acc: 0.7822(0.6820-0.8713)
[2025-01-21 13:28:18,012][INFO] Epoch[55/100], train AUC: 0.9844(0.9636-0.9970), test AUC: 0.8806(0.7900-0.9498)
[2025-01-21 13:30:17,092][INFO] Epoch[56/100], loss:1.3672, CE loss:0.4442 , info NCE loss:6.5978
[2025-01-21 13:30:17,092][INFO] Epoch[56/100], train B-acc: 0.8902(0.8168-0.9477), test B-acc: 0.7849(0.6845-0.8758)
[2025-01-21 13:30:17,092][INFO] Epoch[56/100], train AUC: 0.9852(0.9639-0.9968), test AUC: 0.8822(0.7926-0.9512)
[2025-01-21 13:32:16,907][INFO] Epoch[57/100], loss:1.3662, CE loss:0.4431 , info NCE loss:6.5974
[2025-01-21 13:32:16,907][INFO] Epoch[57/100], train B-acc: 0.9161(0.8482-0.9709), test B-acc: 0.7733(0.6664-0.8720)
[2025-01-21 13:32:16,907][INFO] Epoch[57/100], train AUC: 0.9868(0.9679-0.9975), test AUC: 0.8764(0.7809-0.9499)
[2025-01-21 13:34:16,503][INFO] Epoch[58/100], loss:1.3650, CE loss:0.4427 , info NCE loss:6.5916
[2025-01-21 13:34:16,503][INFO] Epoch[58/100], train B-acc: 0.9144(0.8491-0.9669), test B-acc: 0.7731(0.6733-0.8653)
[2025-01-21 13:34:16,503][INFO] Epoch[58/100], train AUC: 0.9868(0.9683-0.9974), test AUC: 0.8791(0.7879-0.9464)
[2025-01-21 13:36:15,765][INFO] Epoch[59/100], loss:1.3641, CE loss:0.4414 , info NCE loss:6.5925
[2025-01-21 13:36:15,765][INFO] Epoch[59/100], train B-acc: 0.9414(0.8863-0.9835), test B-acc: 0.7732(0.6689-0.8735)
[2025-01-21 13:36:15,765][INFO] Epoch[59/100], train AUC: 0.9873(0.9691-0.9973), test AUC: 0.8770(0.7836-0.9496)
[2025-01-21 13:38:16,377][INFO] Epoch[60/100], loss:1.3637, CE loss:0.4411 , info NCE loss:6.5922
[2025-01-21 13:38:16,377][INFO] Epoch[60/100], train B-acc: 0.9414(0.8816-0.9842), test B-acc: 0.7734(0.6637-0.8720)
[2025-01-21 13:38:16,378][INFO] Epoch[60/100], train AUC: 0.9885(0.9711-0.9980), test AUC: 0.8794(0.7819-0.9489)
[2025-01-21 13:40:16,122][INFO] Epoch[61/100], loss:1.3632, CE loss:0.4403 , info NCE loss:6.5931
[2025-01-21 13:40:16,122][INFO] Epoch[61/100], train B-acc: 0.9431(0.8849-0.9829), test B-acc: 0.7730(0.6696-0.8761)
[2025-01-21 13:40:16,122][INFO] Epoch[61/100], train AUC: 0.9891(0.9732-0.9981), test AUC: 0.8803(0.7806-0.9490)
[2025-01-21 13:42:21,543][INFO] Epoch[62/100], loss:1.3622, CE loss:0.4394 , info NCE loss:6.5914
[2025-01-21 13:42:21,543][INFO] Epoch[62/100], train B-acc: 0.9437(0.8865-0.9842), test B-acc: 0.7767(0.6831-0.8703)
[2025-01-21 13:42:21,543][INFO] Epoch[62/100], train AUC: 0.9903(0.9764-0.9986), test AUC: 0.8800(0.7848-0.9493)
[2025-01-21 13:44:23,226][INFO] Epoch[63/100], loss:1.3613, CE loss:0.4387 , info NCE loss:6.5893
[2025-01-21 13:44:23,226][INFO] Epoch[63/100], train B-acc: 0.9431(0.8866-0.9881), test B-acc: 0.7738(0.6714-0.8670)
[2025-01-21 13:44:23,226][INFO] Epoch[63/100], train AUC: 0.9906(0.9758-0.9986), test AUC: 0.8791(0.7934-0.9506)
[2025-01-21 13:46:24,226][INFO] Epoch[64/100], loss:1.3604, CE loss:0.4378 , info NCE loss:6.5884
[2025-01-21 13:46:24,226][INFO] Epoch[64/100], train B-acc: 0.9421(0.8907-0.9820), test B-acc: 0.7762(0.6700-0.8683)
[2025-01-21 13:46:24,226][INFO] Epoch[64/100], train AUC: 0.9909(0.9775-0.9983), test AUC: 0.8820(0.7890-0.9524)
[2025-01-21 13:48:25,610][INFO] Epoch[65/100], loss:1.3595, CE loss:0.4370 , info NCE loss:6.5873
[2025-01-21 13:48:25,610][INFO] Epoch[65/100], train B-acc: 0.9409(0.8859-0.9852), test B-acc: 0.7741(0.6784-0.8683)
[2025-01-21 13:48:25,610][INFO] Epoch[65/100], train AUC: 0.9909(0.9776-0.9988), test AUC: 0.8805(0.7859-0.9506)
[2025-01-21 13:50:26,654][INFO] Epoch[66/100], loss:1.3591, CE loss:0.4365 , info NCE loss:6.5876
[2025-01-21 13:50:26,654][INFO] Epoch[66/100], train B-acc: 0.9542(0.9032-0.9933), test B-acc: 0.7958(0.6929-0.8862)
[2025-01-21 13:50:26,655][INFO] Epoch[66/100], train AUC: 0.9918(0.9790-0.9985), test AUC: 0.8827(0.7823-0.9523)
[2025-01-21 13:52:26,976][INFO] Epoch[67/100], loss:1.3575, CE loss:0.4354 , info NCE loss:6.5828
[2025-01-21 13:52:26,976][INFO] Epoch[67/100], train B-acc: 0.9421(0.8844-0.9844), test B-acc: 0.7796(0.6734-0.8676)
[2025-01-21 13:52:26,976][INFO] Epoch[67/100], train AUC: 0.9923(0.9799-0.9989), test AUC: 0.8810(0.7873-0.9472)
[2025-01-21 13:53:19,595][INFO] Epoch 68 retry 1 of 5, loss did not decrease.
[2025-01-21 13:55:10,754][INFO] Epoch[68/100], loss:1.3570, CE loss:0.4347 , info NCE loss:6.5831
[2025-01-21 13:55:10,754][INFO] Epoch[68/100], train B-acc: 0.9600(0.9157-0.9910), test B-acc: 0.7748(0.6734-0.8704)
[2025-01-21 13:55:10,754][INFO] Epoch[68/100], train AUC: 0.9932(0.9831-0.9988), test AUC: 0.8847(0.7952-0.9522)
[2025-01-21 13:56:59,579][INFO] Epoch[69/100], loss:1.3558, CE loss:0.4337 , info NCE loss:6.5809
[2025-01-21 13:56:59,579][INFO] Epoch[69/100], train B-acc: 0.9519(0.9020-0.9932), test B-acc: 0.7933(0.7002-0.8875)
[2025-01-21 13:56:59,580][INFO] Epoch[69/100], train AUC: 0.9939(0.9853-0.9991), test AUC: 0.8811(0.7943-0.9529)
[2025-01-21 13:58:48,492][INFO] Epoch[70/100], loss:1.3550, CE loss:0.4326 , info NCE loss:6.5823
[2025-01-21 13:58:48,492][INFO] Epoch[70/100], train B-acc: 0.9533(0.9041-0.9912), test B-acc: 0.7751(0.6765-0.8653)
[2025-01-21 13:58:48,493][INFO] Epoch[70/100], train AUC: 0.9943(0.9855-0.9989), test AUC: 0.8796(0.7990-0.9513)
[2025-01-21 14:00:37,086][INFO] Epoch[71/100], loss:1.3546, CE loss:0.4325 , info NCE loss:6.5802
[2025-01-21 14:00:37,086][INFO] Epoch[71/100], train B-acc: 0.9635(0.9199-0.9932), test B-acc: 0.7867(0.6827-0.8820)
[2025-01-21 14:00:37,086][INFO] Epoch[71/100], train AUC: 0.9947(0.9871-0.9993), test AUC: 0.8815(0.7960-0.9509)
[2025-01-21 14:02:26,554][INFO] Epoch[72/100], loss:1.3540, CE loss:0.4321 , info NCE loss:6.5776
[2025-01-21 14:02:26,554][INFO] Epoch[72/100], train B-acc: 0.9539(0.9097-0.9850), test B-acc: 0.7688(0.6625-0.8555)
[2025-01-21 14:02:26,554][INFO] Epoch[72/100], train AUC: 0.9946(0.9867-0.9991), test AUC: 0.8843(0.7902-0.9516)
[2025-01-21 14:04:17,519][INFO] Epoch[73/100], loss:1.3538, CE loss:0.4320 , info NCE loss:6.5771
[2025-01-21 14:04:17,519][INFO] Epoch[73/100], train B-acc: 0.9535(0.9013-0.9915), test B-acc: 0.7751(0.6789-0.8695)
[2025-01-21 14:04:17,519][INFO] Epoch[73/100], train AUC: 0.9952(0.9878-0.9994), test AUC: 0.8828(0.7902-0.9475)
[2025-01-21 14:06:13,718][INFO] Epoch[74/100], loss:1.3535, CE loss:0.4317 , info NCE loss:6.5771
[2025-01-21 14:06:13,729][INFO] Epoch[74/100], train B-acc: 0.9641(0.9234-0.9933), test B-acc: 0.7867(0.6933-0.8759)
[2025-01-21 14:06:13,729][INFO] Epoch[74/100], train AUC: 0.9953(0.9881-0.9992), test AUC: 0.8832(0.7890-0.9497)
[2025-01-21 14:08:06,597][INFO] Epoch[75/100], loss:1.3520, CE loss:0.4300 , info NCE loss:6.5768
[2025-01-21 14:08:06,597][INFO] Epoch[75/100], train B-acc: 0.9641(0.9196-0.9934), test B-acc: 0.7907(0.6875-0.8831)
[2025-01-21 14:08:06,597][INFO] Epoch[75/100], train AUC: 0.9954(0.9879-0.9994), test AUC: 0.8819(0.7931-0.9514)
[2025-01-21 14:09:59,160][INFO] Epoch[76/100], loss:1.3509, CE loss:0.4289 , info NCE loss:6.5752
[2025-01-21 14:09:59,160][INFO] Epoch[76/100], train B-acc: 0.9652(0.9217-0.9933), test B-acc: 0.7775(0.6800-0.8698)
[2025-01-21 14:09:59,161][INFO] Epoch[76/100], train AUC: 0.9958(0.9890-0.9994), test AUC: 0.8869(0.7920-0.9548)
[2025-01-21 14:11:53,239][INFO] Epoch[77/100], loss:1.3501, CE loss:0.4283 , info NCE loss:6.5738
[2025-01-21 14:11:53,239][INFO] Epoch[77/100], train B-acc: 0.9628(0.9199-0.9932), test B-acc: 0.7840(0.6835-0.8770)
[2025-01-21 14:11:53,239][INFO] Epoch[77/100], train AUC: 0.9959(0.9887-0.9994), test AUC: 0.8810(0.7887-0.9485)
[2025-01-21 14:13:47,818][INFO] Epoch[78/100], loss:1.3496, CE loss:0.4277 , info NCE loss:6.5735
[2025-01-21 14:13:47,818][INFO] Epoch[78/100], train B-acc: 0.9652(0.9183-0.9932), test B-acc: 0.7757(0.6800-0.8636)
[2025-01-21 14:13:47,818][INFO] Epoch[78/100], train AUC: 0.9964(0.9904-0.9995), test AUC: 0.8824(0.7929-0.9529)
[2025-01-21 14:15:42,784][INFO] Epoch[79/100], loss:1.3490, CE loss:0.4270 , info NCE loss:6.5738
[2025-01-21 14:15:42,784][INFO] Epoch[79/100], train B-acc: 0.9635(0.9178-0.9932), test B-acc: 0.7667(0.6645-0.8597)
[2025-01-21 14:15:42,784][INFO] Epoch[79/100], train AUC: 0.9963(0.9902-0.9995), test AUC: 0.8853(0.7922-0.9496)
[2025-01-21 14:17:35,964][INFO] Epoch[80/100], loss:1.3484, CE loss:0.4267 , info NCE loss:6.5712
[2025-01-21 14:17:35,964][INFO] Epoch[80/100], train B-acc: 0.9732(0.9400-0.9930), test B-acc: 0.7829(0.6768-0.8717)
[2025-01-21 14:17:35,965][INFO] Epoch[80/100], train AUC: 0.9967(0.9908-0.9996), test AUC: 0.8819(0.7863-0.9501)
[2025-01-21 14:19:28,767][INFO] Epoch[81/100], loss:1.3478, CE loss:0.4261 , info NCE loss:6.5708
[2025-01-21 14:19:28,768][INFO] Epoch[81/100], train B-acc: 0.9626(0.9198-0.9931), test B-acc: 0.7764(0.6707-0.8667)
[2025-01-21 14:19:28,768][INFO] Epoch[81/100], train AUC: 0.9969(0.9917-0.9997), test AUC: 0.8831(0.7968-0.9520)
[2025-01-21 14:21:22,699][INFO] Epoch[82/100], loss:1.3475, CE loss:0.4259 , info NCE loss:6.5699
[2025-01-21 14:21:22,700][INFO] Epoch[82/100], train B-acc: 0.9658(0.9185-0.9931), test B-acc: 0.7811(0.6767-0.8706)
[2025-01-21 14:21:22,700][INFO] Epoch[82/100], train AUC: 0.9969(0.9919-0.9997), test AUC: 0.8824(0.7979-0.9462)
[2025-01-21 14:23:15,410][INFO] Epoch[83/100], loss:1.3465, CE loss:0.4250 , info NCE loss:6.5685
[2025-01-21 14:23:15,410][INFO] Epoch[83/100], train B-acc: 0.9647(0.9233-0.9934), test B-acc: 0.7665(0.6627-0.8597)
[2025-01-21 14:23:15,410][INFO] Epoch[83/100], train AUC: 0.9972(0.9924-0.9997), test AUC: 0.8843(0.7973-0.9507)
[2025-01-21 14:25:09,168][INFO] Epoch[84/100], loss:1.3459, CE loss:0.4243 , info NCE loss:6.5685
[2025-01-21 14:25:09,168][INFO] Epoch[84/100], train B-acc: 0.9635(0.9220-0.9932), test B-acc: 0.7881(0.6952-0.8795)
[2025-01-21 14:25:09,168][INFO] Epoch[84/100], train AUC: 0.9970(0.9917-0.9996), test AUC: 0.8818(0.7854-0.9518)
[2025-01-21 14:27:02,716][INFO] Epoch[85/100], loss:1.3458, CE loss:0.4239 , info NCE loss:6.5697
[2025-01-21 14:27:02,716][INFO] Epoch[85/100], train B-acc: 0.9841(0.9716-0.9953), test B-acc: 0.7890(0.6936-0.8800)
[2025-01-21 14:27:02,716][INFO] Epoch[85/100], train AUC: 0.9972(0.9920-0.9997), test AUC: 0.8834(0.7914-0.9536)
[2025-01-21 14:28:56,916][INFO] Epoch[86/100], loss:1.3449, CE loss:0.4233 , info NCE loss:6.5672
[2025-01-21 14:28:56,916][INFO] Epoch[86/100], train B-acc: 0.9641(0.9204-0.9934), test B-acc: 0.8000(0.6996-0.8938)
[2025-01-21 14:28:56,916][INFO] Epoch[86/100], train AUC: 0.9972(0.9926-0.9997), test AUC: 0.8871(0.7956-0.9539)
[2025-01-21 14:30:52,067][INFO] Epoch[87/100], loss:1.3447, CE loss:0.4232 , info NCE loss:6.5664
[2025-01-21 14:30:52,067][INFO] Epoch[87/100], train B-acc: 0.9864(0.9749-0.9955), test B-acc: 0.7916(0.6908-0.8805)
[2025-01-21 14:30:52,067][INFO] Epoch[87/100], train AUC: 0.9976(0.9928-0.9997), test AUC: 0.8843(0.7925-0.9513)
[2025-01-21 14:32:47,363][INFO] Epoch[88/100], loss:1.3442, CE loss:0.4228 , info NCE loss:6.5656
[2025-01-21 14:32:47,363][INFO] Epoch[88/100], train B-acc: 0.9865(0.9751-0.9955), test B-acc: 0.7932(0.6919-0.8810)
[2025-01-21 14:32:47,363][INFO] Epoch[88/100], train AUC: 0.9980(0.9939-0.9999), test AUC: 0.8893(0.7931-0.9491)
[2025-01-21 14:34:42,012][INFO] Epoch[89/100], loss:1.3438, CE loss:0.4222 , info NCE loss:6.5660
[2025-01-21 14:34:42,012][INFO] Epoch[89/100], train B-acc: 0.9910(0.9815-0.9978), test B-acc: 0.7900(0.6941-0.8739)
[2025-01-21 14:34:42,012][INFO] Epoch[89/100], train AUC: 0.9976(0.9930-1.0000), test AUC: 0.8843(0.8015-0.9480)
[2025-01-21 14:36:35,454][INFO] Epoch[90/100], loss:1.3429, CE loss:0.4215 , info NCE loss:6.5643
[2025-01-21 14:36:35,455][INFO] Epoch[90/100], train B-acc: 0.9911(0.9811-0.9978), test B-acc: 0.7936(0.6945-0.8813)
[2025-01-21 14:36:35,455][INFO] Epoch[90/100], train AUC: 0.9978(0.9936-0.9999), test AUC: 0.8883(0.7969-0.9530)
[2025-01-21 14:38:29,693][INFO] Epoch[91/100], loss:1.3425, CE loss:0.4214 , info NCE loss:6.5618
[2025-01-21 14:38:29,694][INFO] Epoch[91/100], train B-acc: 0.9910(0.9815-0.9978), test B-acc: 0.7750(0.6771-0.8653)
[2025-01-21 14:38:29,694][INFO] Epoch[91/100], train AUC: 0.9980(0.9939-0.9999), test AUC: 0.8864(0.7992-0.9507)
[2025-01-21 14:40:23,547][INFO] Epoch[92/100], loss:1.3424, CE loss:0.4212 , info NCE loss:6.5623
[2025-01-21 14:40:23,547][INFO] Epoch[92/100], train B-acc: 0.9865(0.9747-0.9955), test B-acc: 0.7939(0.6875-0.8893)
[2025-01-21 14:40:23,547][INFO] Epoch[92/100], train AUC: 0.9981(0.9940-0.9999), test AUC: 0.8848(0.7963-0.9542)
[2025-01-21 14:42:18,817][INFO] Epoch[93/100], loss:1.3413, CE loss:0.4201 , info NCE loss:6.5618
[2025-01-21 14:42:18,817][INFO] Epoch[93/100], train B-acc: 0.9726(0.9572-0.9867), test B-acc: 0.8004(0.6994-0.8828)
[2025-01-21 14:42:18,817][INFO] Epoch[93/100], train AUC: 0.9978(0.9937-0.9999), test AUC: 0.8869(0.7982-0.9533)
[2025-01-21 14:44:07,646][INFO] Epoch[94/100], loss:1.3408, CE loss:0.4197 , info NCE loss:6.5602
[2025-01-21 14:44:07,646][INFO] Epoch[94/100], train B-acc: 0.9841(0.9718-0.9934), test B-acc: 0.8069(0.7063-0.8896)
[2025-01-21 14:44:07,646][INFO] Epoch[94/100], train AUC: 0.9977(0.9933-0.9997), test AUC: 0.8869(0.7927-0.9533)
[2025-01-21 14:45:56,668][INFO] Epoch[95/100], loss:1.3401, CE loss:0.4190 , info NCE loss:6.5598
[2025-01-21 14:45:56,668][INFO] Epoch[95/100], train B-acc: 0.9841(0.9724-0.9953), test B-acc: 0.8035(0.7121-0.8961)
[2025-01-21 14:45:56,669][INFO] Epoch[95/100], train AUC: 0.9976(0.9932-0.9998), test AUC: 0.8851(0.7874-0.9523)
[2025-01-21 14:47:47,539][INFO] Epoch[96/100], loss:1.3393, CE loss:0.4182 , info NCE loss:6.5590
[2025-01-21 14:47:47,539][INFO] Epoch[96/100], train B-acc: 0.9842(0.9707-0.9934), test B-acc: 0.8070(0.7063-0.8904)
[2025-01-21 14:47:47,539][INFO] Epoch[96/100], train AUC: 0.9978(0.9935-0.9999), test AUC: 0.8858(0.8011-0.9525)
[2025-01-21 14:49:45,405][INFO] Epoch[97/100], loss:1.3390, CE loss:0.4181 , info NCE loss:6.5573
[2025-01-21 14:49:45,405][INFO] Epoch[97/100], train B-acc: 0.9798(0.9661-0.9930), test B-acc: 0.8037(0.7052-0.8851)
[2025-01-21 14:49:45,405][INFO] Epoch[97/100], train AUC: 0.9978(0.9929-1.0000), test AUC: 0.8822(0.7863-0.9478)
[2025-01-21 14:51:35,720][INFO] Epoch[98/100], loss:1.3386, CE loss:0.4176 , info NCE loss:6.5575
[2025-01-21 14:51:35,720][INFO] Epoch[98/100], train B-acc: 0.9842(0.9720-0.9954), test B-acc: 0.8063(0.7007-0.8919)
[2025-01-21 14:51:35,720][INFO] Epoch[98/100], train AUC: 0.9980(0.9938-0.9999), test AUC: 0.8800(0.7889-0.9510)
[2025-01-21 14:53:28,340][INFO] Epoch[99/100], loss:1.3379, CE loss:0.4171 , info NCE loss:6.5554
[2025-01-21 14:53:28,341][INFO] Epoch[99/100], train B-acc: 0.9889(0.9780-0.9977), test B-acc: 0.8067(0.7177-0.8906)
[2025-01-21 14:53:28,341][INFO] Epoch[99/100], train AUC: 0.9979(0.9935-0.9999), test AUC: 0.8834(0.7947-0.9512)
[2025-01-21 14:54:13,588][INFO] Epoch 100 retry 1 of 5, loss did not decrease.
[2025-01-21 14:56:05,720][INFO] Epoch[100/100], loss:1.3373, CE loss:0.4165 , info NCE loss:6.5551
[2025-01-21 14:56:05,720][INFO] Epoch[100/100], train B-acc: 0.9887(0.9773-0.9977), test B-acc: 0.8046(0.7063-0.8981)
[2025-01-21 14:56:05,721][INFO] Epoch[100/100], train AUC: 0.9978(0.9939-0.9999), test AUC: 0.8819(0.7892-0.9528)
