[2025-01-01 13:15:23,466][INFO] Running PROJECT: CRC-DX, P LEARNING RATE: 0.0005, OPTIMIZER: ADAMW, NUM EPOCHS: 45, BATCH SIZE: 2048, DEVICES: cuda, SMOOTHING: 0.1
[2025-01-01 13:15:23,466][INFO] params["in_chans"]=[200, 16]
[2025-01-01 13:15:23,466][INFO] params["dims"]=[512, 512]
[2025-01-01 13:15:23,466][INFO] params["out_chans"]=[16, 8]
[2025-01-01 13:15:23,466][INFO] params["heads"]=[8, 4]
[2025-01-01 13:15:23,467][INFO] params["dropout"]=[0.8, 0.4, 0.4]
[2025-01-01 13:17:41,790][INFO] Epoch[1/45], loss:0.9799, CE loss:0.6006 , info NCE loss:0.3793
[2025-01-01 13:17:41,791][INFO] Epoch[1/45], train B-acc: 0.5000(0.5000-0.5000), test B-acc: 0.5000(0.5000-0.5000)
[2025-01-01 13:17:41,791][INFO] Epoch[1/45], train AUC: 0.7553(0.6510-0.8552), test AUC: 0.7309(0.6037-0.8480)
[2025-01-01 13:19:57,208][INFO] Epoch[2/45], loss:0.8406, CE loss:0.4614 , info NCE loss:0.3792
[2025-01-01 13:19:57,208][INFO] Epoch[2/45], train B-acc: 0.5737(0.5211-0.6384), test B-acc: 0.5556(0.5000-0.6207)
[2025-01-01 13:19:57,208][INFO] Epoch[2/45], train AUC: 0.7878(0.6984-0.8708), test AUC: 0.7371(0.6203-0.8413)
[2025-01-01 13:22:17,240][INFO] Epoch[3/45], loss:0.8074, CE loss:0.4285 , info NCE loss:0.3789
[2025-01-01 13:22:17,240][INFO] Epoch[3/45], train B-acc: 0.5532(0.5116-0.6094), test B-acc: 0.5000(0.5000-0.5000)
[2025-01-01 13:22:17,240][INFO] Epoch[3/45], train AUC: 0.8144(0.7253-0.8851), test AUC: 0.7417(0.6128-0.8429)
[2025-01-01 13:24:38,474][INFO] Epoch[4/45], loss:0.7926, CE loss:0.4140 , info NCE loss:0.3787
[2025-01-01 13:24:38,474][INFO] Epoch[4/45], train B-acc: 0.6263(0.5618-0.6977), test B-acc: 0.6136(0.5417-0.6957)
[2025-01-01 13:24:38,474][INFO] Epoch[4/45], train AUC: 0.8435(0.7635-0.9065), test AUC: 0.7480(0.6362-0.8598)
[2025-01-01 13:26:59,196][INFO] Epoch[5/45], loss:0.7808, CE loss:0.4024 , info NCE loss:0.3784
[2025-01-01 13:26:59,197][INFO] Epoch[5/45], train B-acc: 0.6263(0.5630-0.6993), test B-acc: 0.5741(0.5172-0.6522)
[2025-01-01 13:26:59,197][INFO] Epoch[5/45], train AUC: 0.8632(0.7863-0.9257), test AUC: 0.7604(0.6493-0.8553)
[2025-01-01 13:29:16,510][INFO] Epoch[6/45], loss:0.7708, CE loss:0.3928 , info NCE loss:0.3780
[2025-01-01 13:29:16,510][INFO] Epoch[6/45], train B-acc: 0.6424(0.5681-0.7181), test B-acc: 0.6111(0.5385-0.7031)
[2025-01-01 13:29:16,510][INFO] Epoch[6/45], train AUC: 0.8794(0.8067-0.9404), test AUC: 0.7812(0.6631-0.8776)
[2025-01-01 13:31:24,498][INFO] Epoch[7/45], loss:0.7629, CE loss:0.3852 , info NCE loss:0.3777
[2025-01-01 13:31:24,498][INFO] Epoch[7/45], train B-acc: 0.6912(0.6163-0.7767), test B-acc: 0.6111(0.5370-0.6964)
[2025-01-01 13:31:24,499][INFO] Epoch[7/45], train AUC: 0.8960(0.8278-0.9483), test AUC: 0.8053(0.6885-0.8980)
[2025-01-01 13:33:36,053][INFO] Epoch[8/45], loss:0.7526, CE loss:0.3754 , info NCE loss:0.3773
[2025-01-01 13:33:36,053][INFO] Epoch[8/45], train B-acc: 0.7037(0.6283-0.7872), test B-acc: 0.6724(0.5833-0.7679)
[2025-01-01 13:33:36,053][INFO] Epoch[8/45], train AUC: 0.9073(0.8409-0.9606), test AUC: 0.8192(0.7042-0.9116)
[2025-01-01 13:35:50,374][INFO] Epoch[9/45], loss:0.7435, CE loss:0.3667 , info NCE loss:0.3768
[2025-01-01 13:35:50,375][INFO] Epoch[9/45], train B-acc: 0.7368(0.6583-0.8175), test B-acc: 0.6731(0.5769-0.7714)
[2025-01-01 13:35:50,375][INFO] Epoch[9/45], train AUC: 0.9208(0.8588-0.9637), test AUC: 0.8273(0.7150-0.9172)
[2025-01-01 13:38:08,829][INFO] Epoch[10/45], loss:0.7353, CE loss:0.3590 , info NCE loss:0.3764
[2025-01-01 13:38:08,829][INFO] Epoch[10/45], train B-acc: 0.7568(0.6761-0.8329), test B-acc: 0.7115(0.6190-0.8125)
[2025-01-01 13:38:08,829][INFO] Epoch[10/45], train AUC: 0.9310(0.8710-0.9736), test AUC: 0.8316(0.7125-0.9213)
[2025-01-01 13:40:22,516][INFO] Epoch[11/45], loss:0.7272, CE loss:0.3514 , info NCE loss:0.3759
[2025-01-01 13:40:22,517][INFO] Epoch[11/45], train B-acc: 0.7669(0.6883-0.8507), test B-acc: 0.7240(0.6334-0.8261)
[2025-01-01 13:40:22,517][INFO] Epoch[11/45], train AUC: 0.9392(0.8787-0.9769), test AUC: 0.8400(0.7358-0.9226)
[2025-01-01 13:42:34,288][INFO] Epoch[12/45], loss:0.7195, CE loss:0.3441 , info NCE loss:0.3754
[2025-01-01 13:42:34,288][INFO] Epoch[12/45], train B-acc: 0.8018(0.7216-0.8725), test B-acc: 0.7436(0.6457-0.8400)
[2025-01-01 13:42:34,288][INFO] Epoch[12/45], train AUC: 0.9488(0.8867-0.9814), test AUC: 0.8459(0.7434-0.9291)
[2025-01-01 13:44:50,577][INFO] Epoch[13/45], loss:0.7124, CE loss:0.3375 , info NCE loss:0.3749
[2025-01-01 13:44:50,577][INFO] Epoch[13/45], train B-acc: 0.8463(0.7742-0.9153), test B-acc: 0.7717(0.6715-0.8684)
[2025-01-01 13:44:50,577][INFO] Epoch[13/45], train AUC: 0.9601(0.9098-0.9879), test AUC: 0.8507(0.7505-0.9344)
[2025-01-01 13:47:05,075][INFO] Epoch[14/45], loss:0.7050, CE loss:0.3306 , info NCE loss:0.3743
[2025-01-01 13:47:05,076][INFO] Epoch[14/45], train B-acc: 0.8338(0.7499-0.9010), test B-acc: 0.7618(0.6623-0.8582)
[2025-01-01 13:47:05,076][INFO] Epoch[14/45], train AUC: 0.9644(0.9152-0.9904), test AUC: 0.8530(0.7547-0.9359)
[2025-01-01 13:49:23,124][INFO] Epoch[15/45], loss:0.6980, CE loss:0.3242 , info NCE loss:0.3738
[2025-01-01 13:49:23,124][INFO] Epoch[15/45], train B-acc: 0.8870(0.8135-0.9470), test B-acc: 0.7827(0.6743-0.8889)
[2025-01-01 13:49:23,124][INFO] Epoch[15/45], train AUC: 0.9706(0.9297-0.9930), test AUC: 0.8558(0.7557-0.9408)
[2025-01-01 13:51:39,709][INFO] Epoch[16/45], loss:0.6929, CE loss:0.3197 , info NCE loss:0.3732
[2025-01-01 13:51:39,709][INFO] Epoch[16/45], train B-acc: 0.9462(0.8961-0.9865), test B-acc: 0.7664(0.6667-0.8613)
[2025-01-01 13:51:39,709][INFO] Epoch[16/45], train AUC: 0.9763(0.9387-0.9958), test AUC: 0.8498(0.7523-0.9392)
[2025-01-01 13:53:58,303][INFO] Epoch[17/45], loss:0.6857, CE loss:0.3131 , info NCE loss:0.3726
[2025-01-01 13:53:58,303][INFO] Epoch[17/45], train B-acc: 0.9537(0.9048-0.9912), test B-acc: 0.7674(0.6700-0.8633)
[2025-01-01 13:53:58,303][INFO] Epoch[17/45], train AUC: 0.9803(0.9488-0.9970), test AUC: 0.8537(0.7388-0.9356)
[2025-01-01 13:56:15,378][INFO] Epoch[18/45], loss:0.6787, CE loss:0.3068 , info NCE loss:0.3720
[2025-01-01 13:56:15,378][INFO] Epoch[18/45], train B-acc: 0.9550(0.9028-0.9908), test B-acc: 0.7659(0.6678-0.8605)
[2025-01-01 13:56:15,379][INFO] Epoch[18/45], train AUC: 0.9819(0.9534-0.9969), test AUC: 0.8522(0.7391-0.9355)
[2025-01-01 13:58:34,464][INFO] Epoch[19/45], loss:0.6724, CE loss:0.3012 , info NCE loss:0.3713
[2025-01-01 13:58:34,464][INFO] Epoch[19/45], train B-acc: 0.9549(0.9051-0.9933), test B-acc: 0.7952(0.6991-0.8827)
[2025-01-01 13:58:34,464][INFO] Epoch[19/45], train AUC: 0.9850(0.9608-0.9978), test AUC: 0.8588(0.7538-0.9393)
[2025-01-01 14:00:47,090][INFO] Epoch[20/45], loss:0.6672, CE loss:0.2966 , info NCE loss:0.3706
[2025-01-01 14:00:47,091][INFO] Epoch[20/45], train B-acc: 0.9509(0.8970-0.9891), test B-acc: 0.7686(0.6625-0.8642)
[2025-01-01 14:00:47,091][INFO] Epoch[20/45], train AUC: 0.9869(0.9655-0.9982), test AUC: 0.8518(0.7470-0.9304)
[2025-01-01 14:03:03,464][INFO] Epoch[21/45], loss:0.6630, CE loss:0.2931 , info NCE loss:0.3699
[2025-01-01 14:03:03,464][INFO] Epoch[21/45], train B-acc: 0.9526(0.9085-0.9839), test B-acc: 0.7814(0.6776-0.8829)
[2025-01-01 14:03:03,464][INFO] Epoch[21/45], train AUC: 0.9889(0.9702-0.9984), test AUC: 0.8528(0.7493-0.9392)
[2025-01-01 14:05:17,876][INFO] Epoch[22/45], loss:0.6559, CE loss:0.2868 , info NCE loss:0.3692
[2025-01-01 14:05:17,876][INFO] Epoch[22/45], train B-acc: 0.9626(0.9273-0.9843), test B-acc: 0.7874(0.6860-0.8721)
[2025-01-01 14:05:17,876][INFO] Epoch[22/45], train AUC: 0.9918(0.9774-0.9988), test AUC: 0.8503(0.7448-0.9350)
[2025-01-01 14:07:31,545][INFO] Epoch[23/45], loss:0.6530, CE loss:0.2845 , info NCE loss:0.3685
[2025-01-01 14:07:31,545][INFO] Epoch[23/45], train B-acc: 0.9543(0.9168-0.9779), test B-acc: 0.7833(0.6867-0.8700)
[2025-01-01 14:07:31,545][INFO] Epoch[23/45], train AUC: 0.9934(0.9818-0.9993), test AUC: 0.8485(0.7419-0.9356)
[2025-01-01 14:09:44,643][INFO] Epoch[24/45], loss:0.6467, CE loss:0.2790 , info NCE loss:0.3677
[2025-01-01 14:09:44,643][INFO] Epoch[24/45], train B-acc: 0.9618(0.9253-0.9832), test B-acc: 0.8067(0.7138-0.8888)
[2025-01-01 14:09:44,643][INFO] Epoch[24/45], train AUC: 0.9945(0.9851-0.9994), test AUC: 0.8534(0.7489-0.9358)
[2025-01-01 14:11:52,656][INFO] Epoch[25/45], loss:0.6456, CE loss:0.2782 , info NCE loss:0.3674
[2025-01-01 14:11:52,656][INFO] Epoch[25/45], train B-acc: 0.9767(0.9471-0.9956), test B-acc: 0.7814(0.6859-0.8733)
[2025-01-01 14:11:52,656][INFO] Epoch[25/45], train AUC: 0.9956(0.9886-0.9995), test AUC: 0.8521(0.7445-0.9376)
[2025-01-01 14:14:02,146][INFO] Epoch[26/45], loss:0.6431, CE loss:0.2762 , info NCE loss:0.3669
[2025-01-01 14:14:02,146][INFO] Epoch[26/45], train B-acc: 0.9624(0.9429-0.9777), test B-acc: 0.7559(0.6571-0.8490)
[2025-01-01 14:14:02,146][INFO] Epoch[26/45], train AUC: 0.9958(0.9892-0.9993), test AUC: 0.8454(0.7251-0.9316)
[2025-01-01 14:16:09,620][INFO] Epoch[27/45], loss:0.6359, CE loss:0.2698 , info NCE loss:0.3661
[2025-01-01 14:16:09,620][INFO] Epoch[27/45], train B-acc: 0.9575(0.9395-0.9747), test B-acc: 0.7495(0.6528-0.8363)
[2025-01-01 14:16:09,620][INFO] Epoch[27/45], train AUC: 0.9967(0.9906-0.9997), test AUC: 0.8442(0.7448-0.9289)
[2025-01-01 14:18:16,164][INFO] Epoch[28/45], loss:0.6308, CE loss:0.2653 , info NCE loss:0.3655
[2025-01-01 14:18:16,165][INFO] Epoch[28/45], train B-acc: 0.9684(0.9519-0.9837), test B-acc: 0.7710(0.6745-0.8612)
[2025-01-01 14:18:16,165][INFO] Epoch[28/45], train AUC: 0.9970(0.9914-0.9996), test AUC: 0.8452(0.7368-0.9328)
[2025-01-01 14:20:24,071][INFO] Epoch[29/45], loss:0.6289, CE loss:0.2638 , info NCE loss:0.3651
[2025-01-01 14:20:24,071][INFO] Epoch[29/45], train B-acc: 0.9525(0.9336-0.9698), test B-acc: 0.7768(0.6830-0.8545)
[2025-01-01 14:20:24,071][INFO] Epoch[29/45], train AUC: 0.9976(0.9929-0.9997), test AUC: 0.8399(0.7346-0.9191)
[2025-01-01 14:22:27,931][INFO] Epoch[30/45], loss:0.6241, CE loss:0.2596 , info NCE loss:0.3646
[2025-01-01 14:22:27,931][INFO] Epoch[30/45], train B-acc: 0.9481(0.9254-0.9674), test B-acc: 0.7678(0.6771-0.8467)
[2025-01-01 14:22:27,931][INFO] Epoch[30/45], train AUC: 0.9979(0.9937-0.9998), test AUC: 0.8395(0.7349-0.9242)
[2025-01-01 14:24:28,902][INFO] Epoch[31/45], loss:0.6217, CE loss:0.2575 , info NCE loss:0.3642
[2025-01-01 14:24:28,902][INFO] Epoch[31/45], train B-acc: 0.9439(0.9217-0.9615), test B-acc: 0.7716(0.6751-0.8528)
[2025-01-01 14:24:28,902][INFO] Epoch[31/45], train AUC: 0.9982(0.9939-0.9998), test AUC: 0.8451(0.7294-0.9289)
[2025-01-01 14:26:30,309][INFO] Epoch[32/45], loss:0.6195, CE loss:0.2557 , info NCE loss:0.3638
[2025-01-01 14:26:30,309][INFO] Epoch[32/45], train B-acc: 0.9299(0.9081-0.9521), test B-acc: 0.7807(0.6952-0.8623)
[2025-01-01 14:26:30,309][INFO] Epoch[32/45], train AUC: 0.9982(0.9944-0.9999), test AUC: 0.8425(0.7321-0.9281)
[2025-01-01 14:28:31,506][INFO] Epoch[33/45], loss:0.6163, CE loss:0.2530 , info NCE loss:0.3633
[2025-01-01 14:28:31,506][INFO] Epoch[33/45], train B-acc: 0.9367(0.9147-0.9563), test B-acc: 0.7878(0.7000-0.8607)
[2025-01-01 14:28:31,506][INFO] Epoch[33/45], train AUC: 0.9985(0.9949-1.0000), test AUC: 0.8349(0.7281-0.9150)
[2025-01-01 14:30:32,876][INFO] Epoch[34/45], loss:0.6144, CE loss:0.2515 , info NCE loss:0.3630
[2025-01-01 14:30:32,876][INFO] Epoch[34/45], train B-acc: 0.9505(0.9302-0.9692), test B-acc: 0.7678(0.6799-0.8463)
[2025-01-01 14:30:32,876][INFO] Epoch[34/45], train AUC: 0.9985(0.9950-1.0000), test AUC: 0.8333(0.7287-0.9207)
[2025-01-01 14:32:35,813][INFO] Epoch[35/45], loss:0.6155, CE loss:0.2526 , info NCE loss:0.3629
[2025-01-01 14:32:35,814][INFO] Epoch[35/45], train B-acc: 0.9369(0.9145-0.9570), test B-acc: 0.7822(0.6944-0.8571)
[2025-01-01 14:32:35,814][INFO] Epoch[35/45], train AUC: 0.9984(0.9947-1.0000), test AUC: 0.8328(0.7209-0.9181)
[2025-01-01 14:34:37,217][INFO] Epoch[36/45], loss:0.6095, CE loss:0.2471 , info NCE loss:0.3624
[2025-01-01 14:34:37,218][INFO] Epoch[36/45], train B-acc: 0.9434(0.9222-0.9638), test B-acc: 0.7875(0.7000-0.8636)
[2025-01-01 14:34:37,218][INFO] Epoch[36/45], train AUC: 0.9987(0.9954-1.0000), test AUC: 0.8333(0.7248-0.9249)
[2025-01-01 14:36:37,985][INFO] Epoch[37/45], loss:0.6083, CE loss:0.2462 , info NCE loss:0.3621
[2025-01-01 14:36:37,986][INFO] Epoch[37/45], train B-acc: 0.9427(0.9211-0.9624), test B-acc: 0.7780(0.6897-0.8590)
[2025-01-01 14:36:37,986][INFO] Epoch[37/45], train AUC: 0.9985(0.9945-1.0000), test AUC: 0.8281(0.7177-0.9160)
[2025-01-01 14:38:41,490][INFO] Epoch[38/45], loss:0.6084, CE loss:0.2463 , info NCE loss:0.3621
[2025-01-01 14:38:41,490][INFO] Epoch[38/45], train B-acc: 0.9439(0.9225-0.9636), test B-acc: 0.7619(0.6656-0.8431)
[2025-01-01 14:38:41,490][INFO] Epoch[38/45], train AUC: 0.9985(0.9949-1.0000), test AUC: 0.8295(0.7219-0.9228)
[2025-01-01 14:40:43,506][INFO] Epoch[39/45], loss:0.6252, CE loss:0.2622 , info NCE loss:0.3630
[2025-01-01 14:40:43,506][INFO] Epoch[39/45], train B-acc: 0.8404(0.8111-0.8716), test B-acc: 0.7136(0.6250-0.7916)
[2025-01-01 14:40:43,506][INFO] Epoch[39/45], train AUC: 0.9993(0.9970-1.0000), test AUC: 0.8269(0.7100-0.9138)
[2025-01-01 14:42:44,272][INFO] Epoch[40/45], loss:0.6153, CE loss:0.2530 , info NCE loss:0.3623
[2025-01-01 14:42:44,273][INFO] Epoch[40/45], train B-acc: 0.9415(0.9205-0.9614), test B-acc: 0.7637(0.6711-0.8500)
[2025-01-01 14:42:44,273][INFO] Epoch[40/45], train AUC: 0.9983(0.9936-1.0000), test AUC: 0.8289(0.7183-0.9179)
[2025-01-01 14:44:46,207][INFO] Epoch[41/45], loss:0.6020, CE loss:0.2406 , info NCE loss:0.3614
[2025-01-01 14:44:46,207][INFO] Epoch[41/45], train B-acc: 0.9231(0.8976-0.9470), test B-acc: 0.7625(0.6798-0.8393)
[2025-01-01 14:44:46,208][INFO] Epoch[41/45], train AUC: 0.9988(0.9953-1.0000), test AUC: 0.8289(0.7251-0.9138)
[2025-01-01 14:46:49,163][INFO] Epoch[42/45], loss:0.6023, CE loss:0.2409 , info NCE loss:0.3614
[2025-01-01 14:46:49,163][INFO] Epoch[42/45], train B-acc: 0.9095(0.8813-0.9342), test B-acc: 0.7575(0.6713-0.8357)
[2025-01-01 14:46:49,163][INFO] Epoch[42/45], train AUC: 0.9990(0.9962-1.0000), test AUC: 0.8252(0.7069-0.9133)
[2025-01-01 14:48:50,844][INFO] Epoch[43/45], loss:0.5997, CE loss:0.2386 , info NCE loss:0.3611
[2025-01-01 14:48:50,844][INFO] Epoch[43/45], train B-acc: 0.9067(0.8802-0.9321), test B-acc: 0.7558(0.6725-0.8310)
[2025-01-01 14:48:50,844][INFO] Epoch[43/45], train AUC: 0.9990(0.9962-1.0000), test AUC: 0.8262(0.7122-0.9108)
[2025-01-01 14:50:54,938][INFO] Epoch[44/45], loss:0.5988, CE loss:0.2380 , info NCE loss:0.3609
[2025-01-01 14:50:54,939][INFO] Epoch[44/45], train B-acc: 0.9041(0.8777-0.9283), test B-acc: 0.7326(0.6468-0.8095)
[2025-01-01 14:50:54,939][INFO] Epoch[44/45], train AUC: 0.9990(0.9961-1.0000), test AUC: 0.8229(0.7159-0.9115)
[2025-01-01 14:52:58,137][INFO] Epoch[45/45], loss:0.5982, CE loss:0.2373 , info NCE loss:0.3609
[2025-01-01 14:52:58,138][INFO] Epoch[45/45], train B-acc: 0.9289(0.9050-0.9515), test B-acc: 0.7349(0.6470-0.8172)
[2025-01-01 14:52:58,138][INFO] Epoch[45/45], train AUC: 0.9988(0.9958-1.0000), test AUC: 0.8252(0.7166-0.9125)
