[2025-01-22 07:37:51,611][INFO] Running PROJECT: CRC-KR, P LEARNING RATE: 0.0001, OPTIMIZER: ADAMW, NUM EPOCHS: 80, BATCH SIZE: 2048, DEVICES: cuda, SMOOTHING: 0.25
[2025-01-22 07:37:51,611][INFO] params["in_chans"]=[200, 16]python run_MIL_model.py --proj CRC-KR  --num_epochs 80 --plr 1e-4  --smoothing 0.25
[2025-01-22 07:37:51,611][INFO] params["dims"]=[512, 512] 温度参数为0.55
[2025-01-22 07:37:51,612][INFO] params["out_chans"]=[16, 8]
[2025-01-22 07:37:51,612][INFO] params["heads"]=[8, 4]
[2025-01-22 07:37:51,612][INFO] params["dropout"]=[0.8, 0.4, 0.4]
[2025-01-22 07:41:07,499][INFO] Epoch[1/80], loss:1.6670, CE loss:0.6308 , info NCE loss:7.5385
[2025-01-22 07:41:07,500][INFO] Epoch[1/80], train B-acc: 0.5000(0.5000-0.5000), test B-acc: 0.5000(0.5000-0.5000)
[2025-01-22 07:41:07,500][INFO] Epoch[1/80], train AUC: 0.6343(0.5411-0.7240), test AUC: 0.6533(0.5306-0.7776)
[2025-01-22 07:43:25,883][INFO] Epoch[2/80], loss:1.5851, CE loss:0.5529 , info NCE loss:7.4342
[2025-01-22 07:43:25,883][INFO] Epoch[2/80], train B-acc: 0.5000(0.5000-0.5000), test B-acc: 0.5000(0.5000-0.5000)
[2025-01-22 07:43:25,883][INFO] Epoch[2/80], train AUC: 0.6817(0.5922-0.7758), test AUC: 0.6737(0.5619-0.7890)
[2025-01-22 07:45:31,355][INFO] Epoch[3/80], loss:1.5360, CE loss:0.5384 , info NCE loss:7.1894
[2025-01-22 07:45:31,356][INFO] Epoch[3/80], train B-acc: 0.5000(0.5000-0.5000), test B-acc: 0.5000(0.5000-0.5000)
[2025-01-22 07:45:31,356][INFO] Epoch[3/80], train AUC: 0.7379(0.6452-0.8143), test AUC: 0.6848(0.5686-0.7965)
[2025-01-22 07:47:30,385][INFO] Epoch[4/80], loss:1.5033, CE loss:0.5361 , info NCE loss:6.9841
[2025-01-22 07:47:30,385][INFO] Epoch[4/80], train B-acc: 0.5000(0.5000-0.5000), test B-acc: 0.5000(0.5000-0.5000)
[2025-01-22 07:47:30,385][INFO] Epoch[4/80], train AUC: 0.7692(0.6809-0.8402), test AUC: 0.7049(0.5832-0.8193)
[2025-01-22 07:49:32,832][INFO] Epoch[5/80], loss:1.4894, CE loss:0.5302 , info NCE loss:6.9246
[2025-01-22 07:49:32,832][INFO] Epoch[5/80], train B-acc: 0.5000(0.5000-0.5000), test B-acc: 0.5000(0.5000-0.5000)
[2025-01-22 07:49:32,832][INFO] Epoch[5/80], train AUC: 0.7881(0.7073-0.8576), test AUC: 0.7103(0.5877-0.8121)
[2025-01-22 07:51:38,706][INFO] Epoch[6/80], loss:1.4779, CE loss:0.5271 , info NCE loss:6.8659
[2025-01-22 07:51:38,706][INFO] Epoch[6/80], train B-acc: 0.5000(0.5000-0.5000), test B-acc: 0.5000(0.5000-0.5000)
[2025-01-22 07:51:38,707][INFO] Epoch[6/80], train AUC: 0.8011(0.7284-0.8681), test AUC: 0.7078(0.6041-0.8107)
[2025-01-22 07:53:49,385][INFO] Epoch[7/80], loss:1.4704, CE loss:0.5235 , info NCE loss:6.8360
[2025-01-22 07:53:49,385][INFO] Epoch[7/80], train B-acc: 0.5063(0.4899-0.5370), test B-acc: 0.5000(0.5000-0.5000)
[2025-01-22 07:53:49,387][INFO] Epoch[7/80], train AUC: 0.8124(0.7379-0.8741), test AUC: 0.7072(0.5942-0.8072)
[2025-01-22 07:55:54,076][INFO] Epoch[8/80], loss:1.4642, CE loss:0.5210 , info NCE loss:6.8093
[2025-01-22 07:55:54,077][INFO] Epoch[8/80], train B-acc: 0.5067(0.4916-0.5375), test B-acc: 0.5156(0.5000-0.5571)
[2025-01-22 07:55:54,077][INFO] Epoch[8/80], train AUC: 0.8210(0.7531-0.8796), test AUC: 0.7113(0.5992-0.8144)
[2025-01-22 07:58:00,967][INFO] Epoch[9/80], loss:1.4589, CE loss:0.5183 , info NCE loss:6.7891
[2025-01-22 07:58:00,967][INFO] Epoch[9/80], train B-acc: 0.5183(0.4935-0.5574), test B-acc: 0.5156(0.5000-0.5556)
[2025-01-22 07:58:00,968][INFO] Epoch[9/80], train AUC: 0.8301(0.7586-0.8903), test AUC: 0.7200(0.6055-0.8233)
[2025-01-22 08:00:06,194][INFO] Epoch[10/80], loss:1.4549, CE loss:0.5162 , info NCE loss:6.7740
[2025-01-22 08:00:06,194][INFO] Epoch[10/80], train B-acc: 0.5196(0.4937-0.5556), test B-acc: 0.5161(0.5000-0.5536)
[2025-01-22 08:00:06,195][INFO] Epoch[10/80], train AUC: 0.8385(0.7714-0.8926), test AUC: 0.7257(0.6147-0.8259)
[2025-01-22 08:02:15,475][INFO] Epoch[11/80], loss:1.4513, CE loss:0.5139 , info NCE loss:6.7627
[2025-01-22 08:02:15,476][INFO] Epoch[11/80], train B-acc: 0.5298(0.4959-0.5795), test B-acc: 0.5156(0.5000-0.5577)
[2025-01-22 08:02:15,476][INFO] Epoch[11/80], train AUC: 0.8464(0.7801-0.9044), test AUC: 0.7306(0.6282-0.8284)
[2025-01-22 08:04:15,501][INFO] Epoch[12/80], loss:1.4477, CE loss:0.5116 , info NCE loss:6.7521
[2025-01-22 08:04:15,502][INFO] Epoch[12/80], train B-acc: 0.5437(0.5059-0.5999), test B-acc: 0.5156(0.5000-0.5571)
[2025-01-22 08:04:15,502][INFO] Epoch[12/80], train AUC: 0.8565(0.7921-0.9101), test AUC: 0.7403(0.6265-0.8342)
[2025-01-22 08:06:18,443][INFO] Epoch[13/80], loss:1.4446, CE loss:0.5092 , info NCE loss:6.7456
[2025-01-22 08:06:18,443][INFO] Epoch[13/80], train B-acc: 0.5546(0.5100-0.6112), test B-acc: 0.5156(0.5000-0.5556)
[2025-01-22 08:06:18,443][INFO] Epoch[13/80], train AUC: 0.8642(0.8038-0.9163), test AUC: 0.7459(0.6404-0.8436)
[2025-01-22 08:08:25,055][INFO] Epoch[14/80], loss:1.4421, CE loss:0.5072 , info NCE loss:6.7398
[2025-01-22 08:08:25,055][INFO] Epoch[14/80], train B-acc: 0.5535(0.5090-0.6136), test B-acc: 0.5156(0.5000-0.5556)
[2025-01-22 08:08:25,055][INFO] Epoch[14/80], train AUC: 0.8728(0.8132-0.9225), test AUC: 0.7481(0.6430-0.8482)
[2025-01-22 08:10:30,505][INFO] Epoch[15/80], loss:1.4388, CE loss:0.5046 , info NCE loss:6.7325
[2025-01-22 08:10:30,506][INFO] Epoch[15/80], train B-acc: 0.5569(0.5111-0.6142), test B-acc: 0.5156(0.5000-0.5556)
[2025-01-22 08:10:30,506][INFO] Epoch[15/80], train AUC: 0.8824(0.8263-0.9251), test AUC: 0.7593(0.6477-0.8541)
[2025-01-22 08:12:34,759][INFO] Epoch[16/80], loss:1.4368, CE loss:0.5026 , info NCE loss:6.7305
[2025-01-22 08:12:34,760][INFO] Epoch[16/80], train B-acc: 0.5568(0.5116-0.6133), test B-acc: 0.5156(0.5000-0.5536)
[2025-01-22 08:12:34,761][INFO] Epoch[16/80], train AUC: 0.8892(0.8422-0.9315), test AUC: 0.7643(0.6559-0.8565)
[2025-01-22 08:14:43,063][INFO] Epoch[17/80], loss:1.4345, CE loss:0.5009 , info NCE loss:6.7245
[2025-01-22 08:14:43,064][INFO] Epoch[17/80], train B-acc: 0.5791(0.5283-0.6477), test B-acc: 0.5161(0.5000-0.5556)
[2025-01-22 08:14:43,064][INFO] Epoch[17/80], train AUC: 0.8940(0.8437-0.9366), test AUC: 0.7699(0.6649-0.8629)
[2025-01-22 08:16:46,251][INFO] Epoch[18/80], loss:1.4317, CE loss:0.4987 , info NCE loss:6.7187
[2025-01-22 08:16:46,251][INFO] Epoch[18/80], train B-acc: 0.6071(0.5467-0.6744), test B-acc: 0.5248(0.4873-0.5770)
[2025-01-22 08:16:46,251][INFO] Epoch[18/80], train AUC: 0.9024(0.8558-0.9420), test AUC: 0.7764(0.6719-0.8748)
[2025-01-22 08:18:51,551][INFO] Epoch[19/80], loss:1.4295, CE loss:0.4969 , info NCE loss:6.7139
[2025-01-22 08:18:51,551][INFO] Epoch[19/80], train B-acc: 0.5827(0.5278-0.6407), test B-acc: 0.5312(0.5000-0.5769)
[2025-01-22 08:18:51,551][INFO] Epoch[19/80], train AUC: 0.9063(0.8610-0.9456), test AUC: 0.7831(0.6825-0.8728)
[2025-01-22 08:20:54,602][INFO] Epoch[20/80], loss:1.4276, CE loss:0.4948 , info NCE loss:6.7135
[2025-01-22 08:20:54,603][INFO] Epoch[20/80], train B-acc: 0.6179(0.5571-0.6935), test B-acc: 0.5251(0.4873-0.5769)
[2025-01-22 08:20:54,603][INFO] Epoch[20/80], train AUC: 0.9122(0.8643-0.9493), test AUC: 0.7845(0.6808-0.8745)
[2025-01-22 08:22:56,494][INFO] Epoch[21/80], loss:1.4260, CE loss:0.4933 , info NCE loss:6.7119
[2025-01-22 08:22:56,494][INFO] Epoch[21/80], train B-acc: 0.6192(0.5604-0.6864), test B-acc: 0.5405(0.4939-0.6061)
[2025-01-22 08:22:56,494][INFO] Epoch[21/80], train AUC: 0.9162(0.8709-0.9504), test AUC: 0.7870(0.6834-0.8743)
[2025-01-22 08:25:03,176][INFO] Epoch[22/80], loss:1.4239, CE loss:0.4910 , info NCE loss:6.7102
[2025-01-22 08:25:03,176][INFO] Epoch[22/80], train B-acc: 0.6175(0.5553-0.6915), test B-acc: 0.5429(0.4940-0.6071)
[2025-01-22 08:25:03,176][INFO] Epoch[22/80], train AUC: 0.9195(0.8756-0.9534), test AUC: 0.7945(0.6901-0.8860)
[2025-01-22 08:27:07,608][INFO] Epoch[23/80], loss:1.4216, CE loss:0.4889 , info NCE loss:6.7070
[2025-01-22 08:27:07,608][INFO] Epoch[23/80], train B-acc: 0.6320(0.5698-0.7059), test B-acc: 0.5594(0.5012-0.6286)
[2025-01-22 08:27:07,608][INFO] Epoch[23/80], train AUC: 0.9253(0.8826-0.9560), test AUC: 0.7932(0.6902-0.8853)
[2025-01-22 08:29:13,540][INFO] Epoch[24/80], loss:1.4198, CE loss:0.4871 , info NCE loss:6.7050
[2025-01-22 08:29:13,540][INFO] Epoch[24/80], train B-acc: 0.6303(0.5676-0.7029), test B-acc: 0.5587(0.5043-0.6317)
[2025-01-22 08:29:13,540][INFO] Epoch[24/80], train AUC: 0.9276(0.8865-0.9591), test AUC: 0.7954(0.6867-0.8886)
[2025-01-22 08:31:17,166][INFO] Epoch[25/80], loss:1.4181, CE loss:0.4853 , info NCE loss:6.7043
[2025-01-22 08:31:17,166][INFO] Epoch[25/80], train B-acc: 0.6410(0.5749-0.7121), test B-acc: 0.5591(0.5047-0.6290)
[2025-01-22 08:31:17,166][INFO] Epoch[25/80], train AUC: 0.9325(0.8951-0.9622), test AUC: 0.7971(0.6905-0.8868)
[2025-01-22 08:33:22,817][INFO] Epoch[26/80], loss:1.4169, CE loss:0.4837 , info NCE loss:6.7050
[2025-01-22 08:33:22,817][INFO] Epoch[26/80], train B-acc: 0.6409(0.5769-0.7167), test B-acc: 0.5571(0.5000-0.6260)
[2025-01-22 08:33:22,817][INFO] Epoch[26/80], train AUC: 0.9378(0.9022-0.9648), test AUC: 0.7949(0.6849-0.8807)
[2025-01-22 08:35:28,887][INFO] Epoch[27/80], loss:1.4147, CE loss:0.4821 , info NCE loss:6.7000
[2025-01-22 08:35:28,888][INFO] Epoch[27/80], train B-acc: 0.6430(0.5773-0.7241), test B-acc: 0.5865(0.5143-0.6730)
[2025-01-22 08:35:28,888][INFO] Epoch[27/80], train AUC: 0.9397(0.9050-0.9676), test AUC: 0.7987(0.6902-0.8884)
[2025-01-22 08:37:33,389][INFO] Epoch[28/80], loss:1.4139, CE loss:0.4805 , info NCE loss:6.7030
[2025-01-22 08:37:33,389][INFO] Epoch[28/80], train B-acc: 0.6400(0.5792-0.7202), test B-acc: 0.5769(0.5161-0.6498)
[2025-01-22 08:37:33,389][INFO] Epoch[28/80], train AUC: 0.9422(0.9094-0.9698), test AUC: 0.8021(0.6942-0.8857)
[2025-01-22 08:39:38,832][INFO] Epoch[29/80], loss:1.4121, CE loss:0.4785 , info NCE loss:6.7025
[2025-01-22 08:39:38,832][INFO] Epoch[29/80], train B-acc: 0.6421(0.5725-0.7156), test B-acc: 0.5926(0.5295-0.6740)
[2025-01-22 08:39:38,833][INFO] Epoch[29/80], train AUC: 0.9444(0.9100-0.9708), test AUC: 0.8046(0.7013-0.8919)
[2025-01-22 08:41:44,084][INFO] Epoch[30/80], loss:1.4105, CE loss:0.4775 , info NCE loss:6.6974
[2025-01-22 08:41:44,085][INFO] Epoch[30/80], train B-acc: 0.6659(0.5909-0.7429), test B-acc: 0.6043(0.5264-0.6881)
[2025-01-22 08:41:44,085][INFO] Epoch[30/80], train AUC: 0.9466(0.9149-0.9708), test AUC: 0.8078(0.6997-0.8934)
[2025-01-22 08:43:50,556][INFO] Epoch[31/80], loss:1.4091, CE loss:0.4761 , info NCE loss:6.6960
[2025-01-22 08:43:50,557][INFO] Epoch[31/80], train B-acc: 0.6987(0.6225-0.7779), test B-acc: 0.6021(0.5267-0.6857)
[2025-01-22 08:43:50,557][INFO] Epoch[31/80], train AUC: 0.9496(0.9147-0.9735), test AUC: 0.8034(0.7034-0.8898)
[2025-01-22 08:45:53,427][INFO] Epoch[32/80], loss:1.4074, CE loss:0.4747 , info NCE loss:6.6930
[2025-01-22 08:45:53,427][INFO] Epoch[32/80], train B-acc: 0.6913(0.6175-0.7653), test B-acc: 0.6034(0.5358-0.6834)
[2025-01-22 08:45:53,427][INFO] Epoch[32/80], train AUC: 0.9518(0.9222-0.9757), test AUC: 0.8039(0.7039-0.8883)
[2025-01-22 08:47:57,250][INFO] Epoch[33/80], loss:1.4055, CE loss:0.4727 , info NCE loss:6.6912
[2025-01-22 08:47:57,250][INFO] Epoch[33/80], train B-acc: 0.7113(0.6385-0.7934), test B-acc: 0.6045(0.5319-0.6854)
[2025-01-22 08:47:57,251][INFO] Epoch[33/80], train AUC: 0.9528(0.9217-0.9779), test AUC: 0.8086(0.7053-0.8934)
[2025-01-22 08:50:03,148][INFO] Epoch[34/80], loss:1.4042, CE loss:0.4717 , info NCE loss:6.6882
[2025-01-22 08:50:03,150][INFO] Epoch[34/80], train B-acc: 0.7556(0.6798-0.8367), test B-acc: 0.5948(0.5234-0.6840)
[2025-01-22 08:50:03,150][INFO] Epoch[34/80], train AUC: 0.9547(0.9254-0.9786), test AUC: 0.8043(0.7023-0.8929)
[2025-01-22 08:52:11,394][INFO] Epoch[35/80], loss:1.4022, CE loss:0.4700 , info NCE loss:6.6852
[2025-01-22 08:52:11,395][INFO] Epoch[35/80], train B-acc: 0.7378(0.6619-0.8105), test B-acc: 0.5948(0.5193-0.6757)
[2025-01-22 08:52:11,395][INFO] Epoch[35/80], train AUC: 0.9586(0.9278-0.9793), test AUC: 0.8038(0.6981-0.8916)
[2025-01-22 08:54:17,850][INFO] Epoch[36/80], loss:1.4018, CE loss:0.4692 , info NCE loss:6.6865
[2025-01-22 08:54:17,851][INFO] Epoch[36/80], train B-acc: 0.7690(0.6884-0.8473), test B-acc: 0.5809(0.5160-0.6659)
[2025-01-22 08:54:17,851][INFO] Epoch[36/80], train AUC: 0.9578(0.9301-0.9792), test AUC: 0.8060(0.7125-0.8884)
[2025-01-22 08:56:24,506][INFO] Epoch[37/80], loss:1.4003, CE loss:0.4681 , info NCE loss:6.6828
[2025-01-22 08:56:24,507][INFO] Epoch[37/80], train B-acc: 0.7797(0.6970-0.8559), test B-acc: 0.5846(0.5080-0.6743)
[2025-01-22 08:56:24,507][INFO] Epoch[37/80], train AUC: 0.9597(0.9301-0.9806), test AUC: 0.8108(0.7127-0.8864)
[2025-01-22 08:58:29,388][INFO] Epoch[38/80], loss:1.3989, CE loss:0.4664 , info NCE loss:6.6829
[2025-01-22 08:58:29,388][INFO] Epoch[38/80], train B-acc: 0.7707(0.6923-0.8456), test B-acc: 0.5843(0.5049-0.6680)
[2025-01-22 08:58:29,389][INFO] Epoch[38/80], train AUC: 0.9615(0.9352-0.9820), test AUC: 0.8056(0.7043-0.8893)
[2025-01-22 09:00:34,683][INFO] Epoch[39/80], loss:1.3980, CE loss:0.4653 , info NCE loss:6.6831
[2025-01-22 09:00:34,683][INFO] Epoch[39/80], train B-acc: 0.7919(0.7156-0.8669), test B-acc: 0.5829(0.5054-0.6699)
[2025-01-22 09:00:34,683][INFO] Epoch[39/80], train AUC: 0.9633(0.9365-0.9832), test AUC: 0.8052(0.7008-0.8867)
[2025-01-22 09:02:41,379][INFO] Epoch[40/80], loss:1.3972, CE loss:0.4644 , info NCE loss:6.6829
[2025-01-22 09:02:41,380][INFO] Epoch[40/80], train B-acc: 0.7913(0.7183-0.8682), test B-acc: 0.5847(0.5094-0.6677)
[2025-01-22 09:02:41,380][INFO] Epoch[40/80], train AUC: 0.9645(0.9382-0.9840), test AUC: 0.8059(0.6963-0.8857)
[2025-01-22 09:04:41,955][INFO] Epoch[41/80], loss:1.3958, CE loss:0.4631 , info NCE loss:6.6814
[2025-01-22 09:04:41,955][INFO] Epoch[41/80], train B-acc: 0.7979(0.7183-0.8682), test B-acc: 0.5906(0.5157-0.6724)
[2025-01-22 09:04:41,955][INFO] Epoch[41/80], train AUC: 0.9668(0.9418-0.9861), test AUC: 0.8072(0.7157-0.8874)
[2025-01-22 09:06:44,812][INFO] Epoch[42/80], loss:1.3952, CE loss:0.4623 , info NCE loss:6.6817
[2025-01-22 09:06:44,813][INFO] Epoch[42/80], train B-acc: 0.8166(0.7400-0.8827), test B-acc: 0.6011(0.5227-0.6821)
[2025-01-22 09:06:44,813][INFO] Epoch[42/80], train AUC: 0.9672(0.9444-0.9845), test AUC: 0.8054(0.6992-0.8868)
[2025-01-22 09:08:48,881][INFO] Epoch[43/80], loss:1.3937, CE loss:0.4610 , info NCE loss:6.6787
[2025-01-22 09:08:48,882][INFO] Epoch[43/80], train B-acc: 0.8160(0.7326-0.8891), test B-acc: 0.6043(0.5239-0.6977)
[2025-01-22 09:08:48,882][INFO] Epoch[43/80], train AUC: 0.9683(0.9439-0.9859), test AUC: 0.8026(0.7024-0.8865)
[2025-01-22 09:10:54,159][INFO] Epoch[44/80], loss:1.3924, CE loss:0.4599 , info NCE loss:6.6765
[2025-01-22 09:10:54,160][INFO] Epoch[44/80], train B-acc: 0.8281(0.7546-0.8977), test B-acc: 0.6184(0.5359-0.7087)
[2025-01-22 09:10:54,160][INFO] Epoch[44/80], train AUC: 0.9700(0.9466-0.9873), test AUC: 0.8025(0.7078-0.8830)
[2025-01-22 09:12:59,648][INFO] Epoch[45/80], loss:1.3918, CE loss:0.4593 , info NCE loss:6.6759
[2025-01-22 09:12:59,648][INFO] Epoch[45/80], train B-acc: 0.8251(0.7494-0.8975), test B-acc: 0.6184(0.5264-0.7081)
[2025-01-22 09:12:59,649][INFO] Epoch[45/80], train AUC: 0.9718(0.9488-0.9885), test AUC: 0.8004(0.6974-0.8827)
[2025-01-22 09:15:05,123][INFO] Epoch[46/80], loss:1.3904, CE loss:0.4581 , info NCE loss:6.6738
[2025-01-22 09:15:05,123][INFO] Epoch[46/80], train B-acc: 0.8287(0.7567-0.8936), test B-acc: 0.6175(0.5327-0.7141)
[2025-01-22 09:15:05,124][INFO] Epoch[46/80], train AUC: 0.9739(0.9529-0.9893), test AUC: 0.7990(0.6948-0.8849)
[2025-01-22 09:17:10,999][INFO] Epoch[47/80], loss:1.3891, CE loss:0.4569 , info NCE loss:6.6715
[2025-01-22 09:17:10,999][INFO] Epoch[47/80], train B-acc: 0.8386(0.7658-0.9084), test B-acc: 0.6540(0.5612-0.7473)
[2025-01-22 09:17:10,999][INFO] Epoch[47/80], train AUC: 0.9745(0.9535-0.9894), test AUC: 0.7990(0.7000-0.8804)
[2025-01-22 09:19:18,342][INFO] Epoch[48/80], loss:1.3884, CE loss:0.4562 , info NCE loss:6.6708
[2025-01-22 09:19:18,342][INFO] Epoch[48/80], train B-acc: 0.8395(0.7599-0.9040), test B-acc: 0.6545(0.5639-0.7425)
[2025-01-22 09:19:18,342][INFO] Epoch[48/80], train AUC: 0.9756(0.9558-0.9904), test AUC: 0.7972(0.6988-0.8833)
[2025-01-22 09:21:20,958][INFO] Epoch[49/80], loss:1.3876, CE loss:0.4550 , info NCE loss:6.6723
[2025-01-22 09:21:20,958][INFO] Epoch[49/80], train B-acc: 0.8395(0.7672-0.9062), test B-acc: 0.6518(0.5548-0.7420)
[2025-01-22 09:21:20,959][INFO] Epoch[49/80], train AUC: 0.9767(0.9587-0.9909), test AUC: 0.8000(0.6923-0.8820)
[2025-01-22 09:23:24,843][INFO] Epoch[50/80], loss:1.3869, CE loss:0.4542 , info NCE loss:6.6721
[2025-01-22 09:23:24,843][INFO] Epoch[50/80], train B-acc: 0.8395(0.7617-0.9052), test B-acc: 0.6459(0.5552-0.7301)
[2025-01-22 09:23:24,844][INFO] Epoch[50/80], train AUC: 0.9780(0.9576-0.9916), test AUC: 0.7979(0.6900-0.8799)
[2025-01-22 09:25:27,683][INFO] Epoch[51/80], loss:1.3853, CE loss:0.4531 , info NCE loss:6.6677
[2025-01-22 09:25:27,683][INFO] Epoch[51/80], train B-acc: 0.8290(0.7555-0.8972), test B-acc: 0.6165(0.5352-0.7130)
[2025-01-22 09:25:27,685][INFO] Epoch[51/80], train AUC: 0.9794(0.9598-0.9921), test AUC: 0.7970(0.6984-0.8843)
[2025-01-22 09:27:29,927][INFO] Epoch[52/80], loss:1.3843, CE loss:0.4520 , info NCE loss:6.6675
[2025-01-22 09:27:29,929][INFO] Epoch[52/80], train B-acc: 0.8334(0.7555-0.9037), test B-acc: 0.6115(0.5245-0.7075)
[2025-01-22 09:27:29,929][INFO] Epoch[52/80], train AUC: 0.9805(0.9622-0.9927), test AUC: 0.7983(0.6997-0.8880)
[2025-01-22 09:29:31,588][INFO] Epoch[53/80], loss:1.3833, CE loss:0.4511 , info NCE loss:6.6658
[2025-01-22 09:29:31,588][INFO] Epoch[53/80], train B-acc: 0.8464(0.7706-0.9090), test B-acc: 0.6459(0.5578-0.7327)
[2025-01-22 09:29:31,588][INFO] Epoch[53/80], train AUC: 0.9813(0.9649-0.9924), test AUC: 0.7967(0.7026-0.8797)
[2025-01-22 09:31:40,234][INFO] Epoch[54/80], loss:1.3824, CE loss:0.4500 , info NCE loss:6.6659
[2025-01-22 09:31:40,234][INFO] Epoch[54/80], train B-acc: 0.8389(0.7670-0.9113), test B-acc: 0.6459(0.5574-0.7432)
[2025-01-22 09:31:40,234][INFO] Epoch[54/80], train AUC: 0.9822(0.9654-0.9931), test AUC: 0.7906(0.6986-0.8777)
[2025-01-22 09:33:49,363][INFO] Epoch[55/80], loss:1.3820, CE loss:0.4496 , info NCE loss:6.6660
[2025-01-22 09:33:49,363][INFO] Epoch[55/80], train B-acc: 0.8434(0.7674-0.9140), test B-acc: 0.6464(0.5557-0.7437)
[2025-01-22 09:33:49,364][INFO] Epoch[55/80], train AUC: 0.9821(0.9663-0.9932), test AUC: 0.7907(0.6966-0.8804)
[2025-01-22 09:35:55,512][INFO] Epoch[56/80], loss:1.3808, CE loss:0.4488 , info NCE loss:6.6621
[2025-01-22 09:35:55,512][INFO] Epoch[56/80], train B-acc: 0.8995(0.8388-0.9566), test B-acc: 0.6741(0.5782-0.7754)
[2025-01-22 09:35:55,513][INFO] Epoch[56/80], train AUC: 0.9827(0.9667-0.9932), test AUC: 0.7910(0.6887-0.8790)
[2025-01-22 09:38:02,256][INFO] Epoch[57/80], loss:1.3797, CE loss:0.4480 , info NCE loss:6.6596
[2025-01-22 09:38:02,256][INFO] Epoch[57/80], train B-acc: 0.8878(0.8223-0.9439), test B-acc: 0.6574(0.5698-0.7579)
[2025-01-22 09:38:02,257][INFO] Epoch[57/80], train AUC: 0.9842(0.9693-0.9940), test AUC: 0.7862(0.6874-0.8780)
[2025-01-22 09:40:07,735][INFO] Epoch[58/80], loss:1.3788, CE loss:0.4470 , info NCE loss:6.6591
[2025-01-22 09:40:07,735][INFO] Epoch[58/80], train B-acc: 0.8479(0.7725-0.9168), test B-acc: 0.6524(0.5616-0.7452)
[2025-01-22 09:40:07,735][INFO] Epoch[58/80], train AUC: 0.9856(0.9720-0.9947), test AUC: 0.7866(0.6855-0.8741)
[2025-01-22 09:42:12,400][INFO] Epoch[59/80], loss:1.3777, CE loss:0.4459 , info NCE loss:6.6582
[2025-01-22 09:42:12,401][INFO] Epoch[59/80], train B-acc: 0.8768(0.8132-0.9362), test B-acc: 0.6595(0.5653-0.7599)
[2025-01-22 09:42:12,401][INFO] Epoch[59/80], train AUC: 0.9867(0.9733-0.9950), test AUC: 0.7867(0.6927-0.8728)
[2025-01-22 09:44:17,268][INFO] Epoch[60/80], loss:1.3770, CE loss:0.4451 , info NCE loss:6.6572
[2025-01-22 09:44:17,268][INFO] Epoch[60/80], train B-acc: 0.8778(0.8059-0.9395), test B-acc: 0.6586(0.5672-0.7603)
[2025-01-22 09:44:17,268][INFO] Epoch[60/80], train AUC: 0.9865(0.9737-0.9957), test AUC: 0.7873(0.6812-0.8706)
[2025-01-22 09:46:19,882][INFO] Epoch[61/80], loss:1.3757, CE loss:0.4443 , info NCE loss:6.6535
[2025-01-22 09:46:19,883][INFO] Epoch[61/80], train B-acc: 0.8731(0.7973-0.9354), test B-acc: 0.6645(0.5686-0.7643)
[2025-01-22 09:46:19,883][INFO] Epoch[61/80], train AUC: 0.9877(0.9737-0.9956), test AUC: 0.7883(0.6821-0.8713)
[2025-01-22 09:48:22,360][INFO] Epoch[62/80], loss:1.3748, CE loss:0.4430 , info NCE loss:6.6550
[2025-01-22 09:48:22,360][INFO] Epoch[62/80], train B-acc: 0.8721(0.8003-0.9341), test B-acc: 0.6474(0.5551-0.7454)
[2025-01-22 09:48:22,360][INFO] Epoch[62/80], train AUC: 0.9888(0.9761-0.9960), test AUC: 0.7888(0.6941-0.8736)
[2025-01-22 09:50:36,096][INFO] Epoch[63/80], loss:1.3743, CE loss:0.4428 , info NCE loss:6.6527
[2025-01-22 09:50:36,096][INFO] Epoch[63/80], train B-acc: 0.9259(0.8637-0.9722), test B-acc: 0.6774(0.5872-0.7741)
[2025-01-22 09:50:36,096][INFO] Epoch[63/80], train AUC: 0.9898(0.9767-0.9966), test AUC: 0.7875(0.6914-0.8700)
[2025-01-22 09:52:44,004][INFO] Epoch[64/80], loss:1.3735, CE loss:0.4419 , info NCE loss:6.6525
[2025-01-22 09:52:44,004][INFO] Epoch[64/80], train B-acc: 0.8854(0.8208-0.9435), test B-acc: 0.6634(0.5682-0.7537)
[2025-01-22 09:52:44,005][INFO] Epoch[64/80], train AUC: 0.9906(0.9803-0.9969), test AUC: 0.7887(0.6951-0.8693)
[2025-01-22 09:54:53,606][INFO] Epoch[65/80], loss:1.3724, CE loss:0.4412 , info NCE loss:6.6496
[2025-01-22 09:54:53,606][INFO] Epoch[65/80], train B-acc: 0.9320(0.8790-0.9784), test B-acc: 0.6789(0.5860-0.7735)
[2025-01-22 09:54:53,607][INFO] Epoch[65/80], train AUC: 0.9908(0.9799-0.9970), test AUC: 0.7859(0.6803-0.8692)
[2025-01-22 09:56:59,213][INFO] Epoch[66/80], loss:1.3713, CE loss:0.4404 , info NCE loss:6.6465
[2025-01-22 09:56:59,213][INFO] Epoch[66/80], train B-acc: 0.9325(0.8722-0.9761), test B-acc: 0.6605(0.5618-0.7569)
[2025-01-22 09:56:59,213][INFO] Epoch[66/80], train AUC: 0.9916(0.9819-0.9975), test AUC: 0.7809(0.6728-0.8697)
[2025-01-22 09:59:04,059][INFO] Epoch[67/80], loss:1.3707, CE loss:0.4392 , info NCE loss:6.6491
[2025-01-22 09:59:04,059][INFO] Epoch[67/80], train B-acc: 0.9105(0.8479-0.9627), test B-acc: 0.6587(0.5585-0.7476)
[2025-01-22 09:59:04,059][INFO] Epoch[67/80], train AUC: 0.9921(0.9831-0.9974), test AUC: 0.7776(0.6820-0.8690)
[2025-01-22 10:01:08,627][INFO] Epoch[68/80], loss:1.3697, CE loss:0.4385 , info NCE loss:6.6465
[2025-01-22 10:01:08,628][INFO] Epoch[68/80], train B-acc: 0.9320(0.8731-0.9775), test B-acc: 0.6766(0.5808-0.7744)
[2025-01-22 10:01:08,628][INFO] Epoch[68/80], train AUC: 0.9926(0.9829-0.9981), test AUC: 0.7787(0.6717-0.8689)
[2025-01-22 10:03:23,266][INFO] Epoch[69/80], loss:1.3693, CE loss:0.4377 , info NCE loss:6.6483
[2025-01-22 10:03:23,268][INFO] Epoch[69/80], train B-acc: 0.9205(0.8551-0.9740), test B-acc: 0.6584(0.5567-0.7599)
[2025-01-22 10:03:23,269][INFO] Epoch[69/80], train AUC: 0.9932(0.9847-0.9981), test AUC: 0.7755(0.6764-0.8663)
[2025-01-22 10:05:25,970][INFO] Epoch[70/80], loss:1.3682, CE loss:0.4372 , info NCE loss:6.6440
[2025-01-22 10:05:25,970][INFO] Epoch[70/80], train B-acc: 0.9312(0.8717-0.9771), test B-acc: 0.6861(0.5927-0.7836)
[2025-01-22 10:05:25,970][INFO] Epoch[70/80], train AUC: 0.9936(0.9852-0.9983), test AUC: 0.7751(0.6712-0.8684)
[2025-01-22 10:07:37,555][INFO] Epoch[71/80], loss:1.3675, CE loss:0.4364 , info NCE loss:6.6437
[2025-01-22 10:07:37,555][INFO] Epoch[71/80], train B-acc: 0.9208(0.8579-0.9709), test B-acc: 0.6576(0.5626-0.7478)
[2025-01-22 10:07:37,555][INFO] Epoch[71/80], train AUC: 0.9934(0.9859-0.9982), test AUC: 0.7738(0.6699-0.8545)
[2025-01-22 10:09:36,037][INFO] Epoch[72/80], loss:1.3663, CE loss:0.4355 , info NCE loss:6.6409
[2025-01-22 10:09:36,038][INFO] Epoch[72/80], train B-acc: 0.9312(0.8712-0.9750), test B-acc: 0.6772(0.5867-0.7747)
[2025-01-22 10:09:36,038][INFO] Epoch[72/80], train AUC: 0.9937(0.9863-0.9983), test AUC: 0.7734(0.6670-0.8647)
[2025-01-22 10:11:34,981][INFO] Epoch[73/80], loss:1.3657, CE loss:0.4348 , info NCE loss:6.6411
[2025-01-22 10:11:34,981][INFO] Epoch[73/80], train B-acc: 0.9304(0.8707-0.9775), test B-acc: 0.6876(0.5866-0.7810)
[2025-01-22 10:11:34,981][INFO] Epoch[73/80], train AUC: 0.9939(0.9854-0.9983), test AUC: 0.7701(0.6645-0.8560)
[2025-01-22 10:13:33,918][INFO] Epoch[74/80], loss:1.3651, CE loss:0.4341 , info NCE loss:6.6402
[2025-01-22 10:13:33,918][INFO] Epoch[74/80], train B-acc: 0.9330(0.8767-0.9751), test B-acc: 0.6927(0.5996-0.7890)
[2025-01-22 10:13:33,918][INFO] Epoch[74/80], train AUC: 0.9946(0.9866-0.9986), test AUC: 0.7679(0.6790-0.8600)
[2025-01-22 10:15:33,212][INFO] Epoch[75/80], loss:1.3643, CE loss:0.4333 , info NCE loss:6.6399
[2025-01-22 10:15:33,212][INFO] Epoch[75/80], train B-acc: 0.9296(0.8678-0.9746), test B-acc: 0.6811(0.5901-0.7807)
[2025-01-22 10:15:33,214][INFO] Epoch[75/80], train AUC: 0.9946(0.9869-0.9986), test AUC: 0.7676(0.6671-0.8600)
[2025-01-22 10:17:32,110][INFO] Epoch[76/80], loss:1.3632, CE loss:0.4324 , info NCE loss:6.6371
[2025-01-22 10:17:32,111][INFO] Epoch[76/80], train B-acc: 0.9423(0.8936-0.9805), test B-acc: 0.6820(0.5875-0.7849)
[2025-01-22 10:17:32,111][INFO] Epoch[76/80], train AUC: 0.9949(0.9881-0.9986), test AUC: 0.7687(0.6671-0.8616)
[2025-01-22 10:19:31,493][INFO] Epoch[77/80], loss:1.3628, CE loss:0.4322 , info NCE loss:6.6361
[2025-01-22 10:19:31,493][INFO] Epoch[77/80], train B-acc: 0.9321(0.8724-0.9762), test B-acc: 0.6971(0.5928-0.7892)
[2025-01-22 10:19:31,493][INFO] Epoch[77/80], train AUC: 0.9959(0.9895-0.9991), test AUC: 0.7675(0.6622-0.8584)
[2025-01-22 10:21:31,974][INFO] Epoch[78/80], loss:1.3623, CE loss:0.4315 , info NCE loss:6.6363
[2025-01-22 10:21:31,974][INFO] Epoch[78/80], train B-acc: 0.9449(0.8890-0.9865), test B-acc: 0.6979(0.6026-0.7940)
[2025-01-22 10:21:31,975][INFO] Epoch[78/80], train AUC: 0.9964(0.9910-0.9993), test AUC: 0.7626(0.6590-0.8547)
[2025-01-22 10:23:31,966][INFO] Epoch[79/80], loss:1.3615, CE loss:0.4312 , info NCE loss:6.6335
[2025-01-22 10:23:31,966][INFO] Epoch[79/80], train B-acc: 0.9666(0.9247-0.9937), test B-acc: 0.6914(0.5848-0.7856)
[2025-01-22 10:23:31,966][INFO] Epoch[79/80], train AUC: 0.9970(0.9917-0.9994), test AUC: 0.7690(0.6675-0.8556)
[2025-01-22 10:25:31,665][INFO] Epoch[80/80], loss:1.3614, CE loss:0.4310 , info NCE loss:6.6334
[2025-01-22 10:25:31,665][INFO] Epoch[80/80], train B-acc: 0.9439(0.8919-0.9813), test B-acc: 0.6984(0.6069-0.7954)
[2025-01-22 10:25:31,665][INFO] Epoch[80/80], train AUC: 0.9971(0.9920-0.9995), test AUC: 0.7668(0.6594-0.8610)
