[2024-12-31 09:57:54,015][INFO] Running PROJECT: CRC-DX, P LEARNING RATE: 0.001, OPTIMIZER: ADAMW, NUM EPOCHS: 10, BATCH SIZE: 2048, DEVICES: cuda, SMOOTHING: 0.1
[2024-12-31 09:57:54,015][INFO] params["in_chans"]=[200, 16]
[2024-12-31 09:57:54,015][INFO] params["dims"]=[512, 512]
[2024-12-31 09:57:54,015][INFO] params["out_chans"]=[16, 8]
[2024-12-31 09:57:54,015][INFO] params["heads"]=[8, 4]
[2024-12-31 09:57:54,016][INFO] params["dropout"]=[0.8, 0.4, 0.4]
[2024-12-31 10:00:54,836][INFO] Epoch[1/10], loss:1.4842, CE loss:0.8256 , info NCE loss:7.4117
[2024-12-31 10:00:54,846][INFO] Epoch[1/10], train B-acc: 0.5652(0.5156-0.6250), test B-acc: 0.5000(0.5000-0.5000)
[2024-12-31 10:00:54,846][INFO] Epoch[1/10], train AUC: 0.7354(0.6325-0.8270), test AUC: 0.6975(0.5740-0.8153)
[2024-12-31 10:02:47,137][INFO] Epoch[2/10], loss:1.1250, CE loss:0.5113 , info NCE loss:6.6484
[2024-12-31 10:02:47,137][INFO] Epoch[2/10], train B-acc: 0.5513(0.5122-0.6053), test B-acc: 0.5000(0.5000-0.5000)
[2024-12-31 10:02:47,137][INFO] Epoch[2/10], train AUC: 0.7646(0.6729-0.8452), test AUC: 0.6976(0.5685-0.8143)
[2024-12-31 10:04:33,609][INFO] Epoch[3/10], loss:1.0548, CE loss:0.4486 , info NCE loss:6.5102
[2024-12-31 10:04:33,610][INFO] Epoch[3/10], train B-acc: 0.5375(0.5000-0.5857), test B-acc: 0.5000(0.5000-0.5000)
[2024-12-31 10:04:33,610][INFO] Epoch[3/10], train AUC: 0.7927(0.7058-0.8713), test AUC: 0.7019(0.5735-0.8176)
[2024-12-31 10:06:18,499][INFO] Epoch[4/10], loss:1.0177, CE loss:0.4203 , info NCE loss:6.3944
[2024-12-31 10:06:18,499][INFO] Epoch[4/10], train B-acc: 0.6349(0.5646-0.7077), test B-acc: 0.6154(0.5385-0.7037)
[2024-12-31 10:06:18,499][INFO] Epoch[4/10], train AUC: 0.8225(0.7417-0.8892), test AUC: 0.7238(0.5940-0.8394)
[2024-12-31 10:08:06,187][INFO] Epoch[5/10], loss:0.9990, CE loss:0.4085 , info NCE loss:6.3130
[2024-12-31 10:08:06,187][INFO] Epoch[5/10], train B-acc: 0.6147(0.5521-0.6854), test B-acc: 0.5769(0.5161-0.6522)
[2024-12-31 10:08:06,188][INFO] Epoch[5/10], train AUC: 0.8492(0.7693-0.9085), test AUC: 0.7494(0.6251-0.8547)
[2024-12-31 10:11:53,068][INFO] Epoch[6/10], loss:0.9866, CE loss:0.3998 , info NCE loss:6.2679
[2024-12-31 10:11:53,068][INFO] Epoch[6/10], train B-acc: 0.6527(0.5787-0.7322), test B-acc: 0.5741(0.5167-0.6481)
[2024-12-31 10:11:53,069][INFO] Epoch[6/10], train AUC: 0.8637(0.7841-0.9197), test AUC: 0.7727(0.6545-0.8747)
[2024-12-31 10:13:38,683][INFO] Epoch[7/10], loss:0.9758, CE loss:0.3925 , info NCE loss:6.2257
[2024-12-31 10:13:38,683][INFO] Epoch[7/10], train B-acc: 0.6698(0.5926-0.7478), test B-acc: 0.6111(0.5370-0.7045)
[2024-12-31 10:13:38,683][INFO] Epoch[7/10], train AUC: 0.8771(0.8023-0.9326), test AUC: 0.7838(0.6668-0.8856)
[2024-12-31 10:15:22,555][INFO] Epoch[8/10], loss:0.9645, CE loss:0.3846 , info NCE loss:6.1838
[2024-12-31 10:15:22,556][INFO] Epoch[8/10], train B-acc: 0.6943(0.6204-0.7757), test B-acc: 0.6333(0.5476-0.7143)
[2024-12-31 10:15:22,556][INFO] Epoch[8/10], train AUC: 0.8947(0.8248-0.9457), test AUC: 0.7975(0.6821-0.8876)
[2024-12-31 10:17:10,172][INFO] Epoch[9/10], loss:0.9547, CE loss:0.3760 , info NCE loss:6.1626
[2024-12-31 10:17:10,172][INFO] Epoch[9/10], train B-acc: 0.6951(0.6176-0.7639), test B-acc: 0.6154(0.5400-0.7045)
[2024-12-31 10:17:10,173][INFO] Epoch[9/10], train AUC: 0.9047(0.8364-0.9539), test AUC: 0.8184(0.7126-0.9087)
[2024-12-31 10:18:56,150][INFO] Epoch[10/10], loss:0.9453, CE loss:0.3689 , info NCE loss:6.1323
[2024-12-31 10:18:56,150][INFO] Epoch[10/10], train B-acc: 0.7052(0.6272-0.7793), test B-acc: 0.6522(0.5682-0.7414)
[2024-12-31 10:18:56,151][INFO] Epoch[10/10], train AUC: 0.9175(0.8541-0.9624), test AUC: 0.8268(0.7075-0.9095)
