[2025-01-23 12:40:41,878][INFO] Running PROJECT: CRC-KR, P LEARNING RATE: 0.0001, OPTIMIZER: ADAMW, NUM EPOCHS: 80, BATCH SIZE: 2048, DEVICES: cuda, SMOOTHING: 0.25
[2025-01-23 12:40:41,878][INFO] params["in_chans"]=[200, 16]python run_MIL_model.py --proj CRC-KR --num_epochs 80 --plr 1e-4  --smoothing 0.25
[2025-01-23 12:40:41,879][INFO] params["dims"]=[512, 512]温度参数为0.58
[2025-01-23 12:40:41,879][INFO] params["out_chans"]=[16, 8]
[2025-01-23 12:40:41,879][INFO] params["heads"]=[8, 4]
[2025-01-23 12:40:41,879][INFO] params["dropout"]=[0.8, 0.4, 0.4]
[2025-01-23 12:42:28,774][INFO] Epoch[1/80], loss:0.7662, CE loss:0.5969 , info NCE loss:0.5747
[2025-01-23 12:42:28,775][INFO] Epoch[1/80], train B-acc: 0.5000(0.5000-0.5000), test B-acc: 0.5000(0.5000-0.5000)
[2025-01-23 12:42:28,776][INFO] Epoch[1/80], train AUC: 0.6056(0.5034-0.6985), test AUC: 0.5411(0.4184-0.6633)
[2025-01-23 12:44:18,847][INFO] Epoch[2/80], loss:0.7181, CE loss:0.5490 , info NCE loss:0.5744
[2025-01-23 12:44:18,848][INFO] Epoch[2/80], train B-acc: 0.5000(0.5000-0.5000), test B-acc: 0.5000(0.5000-0.5000)
[2025-01-23 12:44:18,848][INFO] Epoch[2/80], train AUC: 0.7147(0.6286-0.7974), test AUC: 0.6170(0.5034-0.7278)
[2025-01-23 12:46:06,807][INFO] Epoch[3/80], loss:0.7041, CE loss:0.5352 , info NCE loss:0.5737
[2025-01-23 12:46:06,809][INFO] Epoch[3/80], train B-acc: 0.5000(0.5000-0.5000), test B-acc: 0.5000(0.5000-0.5000)
[2025-01-23 12:46:06,809][INFO] Epoch[3/80], train AUC: 0.7728(0.6937-0.8377), test AUC: 0.6561(0.5400-0.7650)
[2025-01-23 12:47:55,159][INFO] Epoch[4/80], loss:0.6961, CE loss:0.5276 , info NCE loss:0.5717
[2025-01-23 12:47:55,159][INFO] Epoch[4/80], train B-acc: 0.5000(0.5000-0.5000), test B-acc: 0.5000(0.5000-0.5000)
[2025-01-23 12:47:55,159][INFO] Epoch[4/80], train AUC: 0.7984(0.7257-0.8600), test AUC: 0.6769(0.5560-0.7807)
[2025-01-23 12:49:44,873][INFO] Epoch[5/80], loss:0.6905, CE loss:0.5226 , info NCE loss:0.5699
[2025-01-23 12:49:44,873][INFO] Epoch[5/80], train B-acc: 0.5116(0.5000-0.5417), test B-acc: 0.5000(0.5000-0.5000)
[2025-01-23 12:49:44,873][INFO] Epoch[5/80], train AUC: 0.8129(0.7470-0.8715), test AUC: 0.6876(0.5736-0.8019)
[2025-01-23 12:51:33,796][INFO] Epoch[6/80], loss:0.6858, CE loss:0.5188 , info NCE loss:0.5657
[2025-01-23 12:51:33,796][INFO] Epoch[6/80], train B-acc: 0.5080(0.4915-0.5385), test B-acc: 0.5000(0.5000-0.5000)
[2025-01-23 12:51:33,796][INFO] Epoch[6/80], train AUC: 0.8317(0.7698-0.8894), test AUC: 0.6998(0.5784-0.7961)
[2025-01-23 12:53:22,095][INFO] Epoch[7/80], loss:0.6808, CE loss:0.5152 , info NCE loss:0.5598
[2025-01-23 12:53:22,095][INFO] Epoch[7/80], train B-acc: 0.5305(0.4958-0.5751), test B-acc: 0.5000(0.5000-0.5000)
[2025-01-23 12:53:22,095][INFO] Epoch[7/80], train AUC: 0.8418(0.7824-0.8932), test AUC: 0.7102(0.5961-0.8166)
[2025-01-23 12:55:09,419][INFO] Epoch[8/80], loss:0.6760, CE loss:0.5121 , info NCE loss:0.5530
[2025-01-23 12:55:09,419][INFO] Epoch[8/80], train B-acc: 0.5306(0.4961-0.5766), test B-acc: 0.5000(0.5000-0.5000)
[2025-01-23 12:55:09,419][INFO] Epoch[8/80], train AUC: 0.8535(0.7936-0.9046), test AUC: 0.7248(0.5987-0.8248)
[2025-01-23 12:56:56,920][INFO] Epoch[9/80], loss:0.6712, CE loss:0.5087 , info NCE loss:0.5504
[2025-01-23 12:56:56,922][INFO] Epoch[9/80], train B-acc: 0.5551(0.5105-0.6070), test B-acc: 0.5000(0.5000-0.5000)
[2025-01-23 12:56:56,922][INFO] Epoch[9/80], train AUC: 0.8662(0.8095-0.9138), test AUC: 0.7272(0.6158-0.8294)
[2025-01-23 12:58:44,548][INFO] Epoch[10/80], loss:0.6669, CE loss:0.5055 , info NCE loss:0.5457
[2025-01-23 12:58:44,548][INFO] Epoch[10/80], train B-acc: 0.5547(0.5090-0.6104), test B-acc: 0.5161(0.5000-0.5556)
[2025-01-23 12:58:44,548][INFO] Epoch[10/80], train AUC: 0.8770(0.8213-0.9270), test AUC: 0.7430(0.6318-0.8407)
[2025-01-23 13:00:32,004][INFO] Epoch[11/80], loss:0.6628, CE loss:0.5024 , info NCE loss:0.5409
[2025-01-23 13:00:32,005][INFO] Epoch[11/80], train B-acc: 0.5793(0.5290-0.6406), test B-acc: 0.5248(0.4877-0.5833)
[2025-01-23 13:00:32,005][INFO] Epoch[11/80], train AUC: 0.8900(0.8370-0.9319), test AUC: 0.7532(0.6522-0.8498)
[2025-01-23 13:02:19,178][INFO] Epoch[12/80], loss:0.6594, CE loss:0.4998 , info NCE loss:0.5394
[2025-01-23 13:02:19,178][INFO] Epoch[12/80], train B-acc: 0.5813(0.5301-0.6456), test B-acc: 0.5389(0.4936-0.6042)
[2025-01-23 13:02:19,179][INFO] Epoch[12/80], train AUC: 0.8985(0.8501-0.9364), test AUC: 0.7612(0.6517-0.8619)
[2025-01-23 13:04:06,690][INFO] Epoch[13/80], loss:0.6564, CE loss:0.4974 , info NCE loss:0.5378
[2025-01-23 13:04:06,690][INFO] Epoch[13/80], train B-acc: 0.5812(0.5302-0.6458), test B-acc: 0.5392(0.4940-0.6010)
[2025-01-23 13:04:06,690][INFO] Epoch[13/80], train AUC: 0.9054(0.8612-0.9430), test AUC: 0.7706(0.6611-0.8644)
[2025-01-23 13:05:54,027][INFO] Epoch[14/80], loss:0.6527, CE loss:0.4943 , info NCE loss:0.5341
[2025-01-23 13:05:54,027][INFO] Epoch[14/80], train B-acc: 0.6278(0.5653-0.7042), test B-acc: 0.5507(0.4951-0.6254)
[2025-01-23 13:05:54,027][INFO] Epoch[14/80], train AUC: 0.9117(0.8681-0.9495), test AUC: 0.7759(0.6600-0.8675)
[2025-01-23 13:07:51,809][INFO] Epoch[15/80], loss:0.6498, CE loss:0.4920 , info NCE loss:0.5340
[2025-01-23 13:07:51,810][INFO] Epoch[15/80], train B-acc: 0.5917(0.5327-0.6593), test B-acc: 0.5602(0.5055-0.6316)
[2025-01-23 13:07:51,810][INFO] Epoch[15/80], train AUC: 0.9176(0.8743-0.9541), test AUC: 0.7801(0.6721-0.8798)
[2025-01-23 13:09:39,727][INFO] Epoch[16/80], loss:0.6470, CE loss:0.4896 , info NCE loss:0.5303
[2025-01-23 13:09:39,728][INFO] Epoch[16/80], train B-acc: 0.6421(0.5793-0.7208), test B-acc: 0.5522(0.4961-0.6250)
[2025-01-23 13:09:39,728][INFO] Epoch[16/80], train AUC: 0.9218(0.8812-0.9540), test AUC: 0.7822(0.6775-0.8677)
[2025-01-23 13:11:27,605][INFO] Epoch[17/80], loss:0.6441, CE loss:0.4871 , info NCE loss:0.5315
[2025-01-23 13:11:27,605][INFO] Epoch[17/80], train B-acc: 0.6427(0.5774-0.7235), test B-acc: 0.5540(0.4993-0.6235)
[2025-01-23 13:11:27,606][INFO] Epoch[17/80], train AUC: 0.9263(0.8864-0.9607), test AUC: 0.7874(0.6803-0.8765)
[2025-01-23 13:13:15,131][INFO] Epoch[18/80], loss:0.6416, CE loss:0.4850 , info NCE loss:0.5277
[2025-01-23 13:13:15,131][INFO] Epoch[18/80], train B-acc: 0.6398(0.5727-0.7147), test B-acc: 0.5495(0.4932-0.6207)
[2025-01-23 13:13:15,132][INFO] Epoch[18/80], train AUC: 0.9324(0.8929-0.9639), test AUC: 0.7868(0.6700-0.8767)
[2025-01-23 13:15:02,438][INFO] Epoch[19/80], loss:0.6391, CE loss:0.4827 , info NCE loss:0.5283
[2025-01-23 13:15:02,439][INFO] Epoch[19/80], train B-acc: 0.6653(0.5938-0.7418), test B-acc: 0.5775(0.5099-0.6621)
[2025-01-23 13:15:02,439][INFO] Epoch[19/80], train AUC: 0.9363(0.8967-0.9646), test AUC: 0.7915(0.6851-0.8823)
[2025-01-23 13:16:50,349][INFO] Epoch[20/80], loss:0.6368, CE loss:0.4807 , info NCE loss:0.5278
[2025-01-23 13:16:50,351][INFO] Epoch[20/80], train B-acc: 0.6673(0.5958-0.7464), test B-acc: 0.5784(0.5110-0.6594)
[2025-01-23 13:16:50,351][INFO] Epoch[20/80], train AUC: 0.9394(0.9008-0.9687), test AUC: 0.7903(0.6924-0.8782)
[2025-01-23 13:18:37,322][INFO] Epoch[21/80], loss:0.6346, CE loss:0.4788 , info NCE loss:0.5267
[2025-01-23 13:18:37,322][INFO] Epoch[21/80], train B-acc: 0.6737(0.6034-0.7515), test B-acc: 0.5797(0.5106-0.6607)
[2025-01-23 13:18:37,324][INFO] Epoch[21/80], train AUC: 0.9430(0.9077-0.9713), test AUC: 0.7948(0.6879-0.8812)
[2025-01-23 13:20:25,408][INFO] Epoch[22/80], loss:0.6326, CE loss:0.4770 , info NCE loss:0.5238
[2025-01-23 13:20:25,409][INFO] Epoch[22/80], train B-acc: 0.7090(0.6299-0.7931), test B-acc: 0.5778(0.5066-0.6643)
[2025-01-23 13:20:25,409][INFO] Epoch[22/80], train AUC: 0.9463(0.9103-0.9730), test AUC: 0.7922(0.6909-0.8798)
[2025-01-23 13:22:14,411][INFO] Epoch[23/80], loss:0.6306, CE loss:0.4752 , info NCE loss:0.5248
[2025-01-23 13:22:14,412][INFO] Epoch[23/80], train B-acc: 0.7116(0.6306-0.7843), test B-acc: 0.5781(0.5091-0.6545)
[2025-01-23 13:22:14,412][INFO] Epoch[23/80], train AUC: 0.9491(0.9148-0.9744), test AUC: 0.7940(0.6923-0.8789)
[2025-01-23 13:24:02,540][INFO] Epoch[24/80], loss:0.6289, CE loss:0.4737 , info NCE loss:0.5235
[2025-01-23 13:24:02,540][INFO] Epoch[24/80], train B-acc: 0.7479(0.6696-0.8227), test B-acc: 0.5829(0.5141-0.6565)
[2025-01-23 13:24:02,540][INFO] Epoch[24/80], train AUC: 0.9504(0.9163-0.9762), test AUC: 0.7998(0.6969-0.8744)
[2025-01-23 13:25:50,047][INFO] Epoch[25/80], loss:0.6269, CE loss:0.4719 , info NCE loss:0.5237
[2025-01-23 13:25:50,047][INFO] Epoch[25/80], train B-acc: 0.7214(0.6480-0.7990), test B-acc: 0.5806(0.5072-0.6610)
[2025-01-23 13:25:50,048][INFO] Epoch[25/80], train AUC: 0.9531(0.9239-0.9775), test AUC: 0.7998(0.7017-0.8867)
[2025-01-23 13:27:37,361][INFO] Epoch[26/80], loss:0.6251, CE loss:0.4702 , info NCE loss:0.5251
[2025-01-23 13:27:37,362][INFO] Epoch[26/80], train B-acc: 0.7344(0.6619-0.8112), test B-acc: 0.5808(0.5080-0.6667)
[2025-01-23 13:27:37,362][INFO] Epoch[26/80], train AUC: 0.9540(0.9230-0.9788), test AUC: 0.8036(0.7055-0.8902)
[2025-01-23 13:29:25,303][INFO] Epoch[27/80], loss:0.6235, CE loss:0.4689 , info NCE loss:0.5226
[2025-01-23 13:29:25,304][INFO] Epoch[27/80], train B-acc: 0.7331(0.6559-0.8129), test B-acc: 0.5800(0.5110-0.6646)
[2025-01-23 13:29:25,304][INFO] Epoch[27/80], train AUC: 0.9567(0.9246-0.9796), test AUC: 0.8077(0.7101-0.8949)
[2025-01-23 13:31:11,969][INFO] Epoch[28/80], loss:0.6218, CE loss:0.4674 , info NCE loss:0.5202
[2025-01-23 13:31:11,969][INFO] Epoch[28/80], train B-acc: 0.7599(0.6830-0.8353), test B-acc: 0.5910(0.5183-0.6742)
[2025-01-23 13:31:11,970][INFO] Epoch[28/80], train AUC: 0.9594(0.9312-0.9823), test AUC: 0.8078(0.7169-0.8907)
[2025-01-23 13:33:00,335][INFO] Epoch[29/80], loss:0.6207, CE loss:0.4663 , info NCE loss:0.5194
[2025-01-23 13:33:00,336][INFO] Epoch[29/80], train B-acc: 0.8177(0.7412-0.8839), test B-acc: 0.6287(0.5405-0.7164)
[2025-01-23 13:33:00,337][INFO] Epoch[29/80], train AUC: 0.9603(0.9315-0.9816), test AUC: 0.8080(0.7049-0.8852)
[2025-01-23 13:34:47,831][INFO] Epoch[30/80], loss:0.6198, CE loss:0.4657 , info NCE loss:0.5212
[2025-01-23 13:34:47,832][INFO] Epoch[30/80], train B-acc: 0.8290(0.7525-0.8999), test B-acc: 0.6328(0.5430-0.7318)
[2025-01-23 13:34:47,832][INFO] Epoch[30/80], train AUC: 0.9628(0.9329-0.9828), test AUC: 0.8020(0.7062-0.8875)
[2025-01-23 13:36:35,758][INFO] Epoch[31/80], loss:0.6184, CE loss:0.4643 , info NCE loss:0.5198
[2025-01-23 13:36:35,759][INFO] Epoch[31/80], train B-acc: 0.8206(0.7436-0.8959), test B-acc: 0.6347(0.5454-0.7294)
[2025-01-23 13:36:35,760][INFO] Epoch[31/80], train AUC: 0.9643(0.9380-0.9848), test AUC: 0.8110(0.7181-0.8918)
[2025-01-23 13:38:25,138][INFO] Epoch[32/80], loss:0.6161, CE loss:0.4623 , info NCE loss:0.5187
[2025-01-23 13:38:25,138][INFO] Epoch[32/80], train B-acc: 0.8233(0.7397-0.8930), test B-acc: 0.6186(0.5343-0.7116)
[2025-01-23 13:38:25,139][INFO] Epoch[32/80], train AUC: 0.9666(0.9393-0.9857), test AUC: 0.8117(0.7138-0.8900)
[2025-01-23 13:40:11,996][INFO] Epoch[33/80], loss:0.6148, CE loss:0.4608 , info NCE loss:0.5216
[2025-01-23 13:40:11,996][INFO] Epoch[33/80], train B-acc: 0.8300(0.7550-0.8978), test B-acc: 0.6246(0.5297-0.7247)
[2025-01-23 13:40:11,996][INFO] Epoch[33/80], train AUC: 0.9687(0.9435-0.9858), test AUC: 0.8097(0.7171-0.8942)
[2025-01-23 13:42:00,162][INFO] Epoch[34/80], loss:0.6137, CE loss:0.4599 , info NCE loss:0.5194
[2025-01-23 13:42:00,163][INFO] Epoch[34/80], train B-acc: 0.8312(0.7557-0.8956), test B-acc: 0.6382(0.5443-0.7354)
[2025-01-23 13:42:00,164][INFO] Epoch[34/80], train AUC: 0.9702(0.9464-0.9879), test AUC: 0.8093(0.7039-0.8848)
[2025-01-23 13:43:47,474][INFO] Epoch[35/80], loss:0.6122, CE loss:0.4586 , info NCE loss:0.5178
[2025-01-23 13:43:47,475][INFO] Epoch[35/80], train B-acc: 0.8328(0.7559-0.9006), test B-acc: 0.6431(0.5480-0.7380)
[2025-01-23 13:43:47,475][INFO] Epoch[35/80], train AUC: 0.9721(0.9485-0.9890), test AUC: 0.8105(0.7161-0.8916)
[2025-01-23 13:45:34,990][INFO] Epoch[36/80], loss:0.6110, CE loss:0.4573 , info NCE loss:0.5183
[2025-01-23 13:45:34,990][INFO] Epoch[36/80], train B-acc: 0.8395(0.7696-0.9147), test B-acc: 0.6573(0.5582-0.7606)
[2025-01-23 13:45:34,991][INFO] Epoch[36/80], train AUC: 0.9726(0.9470-0.9906), test AUC: 0.8076(0.7127-0.8951)
[2025-01-23 13:47:21,919][INFO] Epoch[37/80], loss:0.6097, CE loss:0.4562 , info NCE loss:0.5175
[2025-01-23 13:47:21,920][INFO] Epoch[37/80], train B-acc: 0.8422(0.7720-0.9106), test B-acc: 0.6584(0.5660-0.7619)
[2025-01-23 13:47:21,920][INFO] Epoch[37/80], train AUC: 0.9734(0.9512-0.9905), test AUC: 0.8044(0.7059-0.8874)
[2025-01-23 13:49:09,459][INFO] Epoch[38/80], loss:0.6085, CE loss:0.4551 , info NCE loss:0.5191
[2025-01-23 13:49:09,460][INFO] Epoch[38/80], train B-acc: 0.8326(0.7567-0.9021), test B-acc: 0.6393(0.5519-0.7291)
[2025-01-23 13:49:09,460][INFO] Epoch[38/80], train AUC: 0.9759(0.9536-0.9911), test AUC: 0.8068(0.7099-0.8854)
[2025-01-23 13:50:56,785][INFO] Epoch[39/80], loss:0.6074, CE loss:0.4540 , info NCE loss:0.5169
[2025-01-23 13:50:56,786][INFO] Epoch[39/80], train B-acc: 0.8458(0.7663-0.9124), test B-acc: 0.6538(0.5680-0.7494)
[2025-01-23 13:50:56,786][INFO] Epoch[39/80], train AUC: 0.9758(0.9538-0.9914), test AUC: 0.8077(0.7110-0.8846)
[2025-01-23 13:53:00,781][INFO] Epoch[40/80], loss:0.6064, CE loss:0.4529 , info NCE loss:0.5182
[2025-01-23 13:53:00,781][INFO] Epoch[40/80], train B-acc: 0.8427(0.7731-0.9127), test B-acc: 0.6668(0.5686-0.7597)
[2025-01-23 13:53:00,781][INFO] Epoch[40/80], train AUC: 0.9776(0.9577-0.9921), test AUC: 0.8062(0.6920-0.8820)
[2025-01-23 13:55:06,430][INFO] Epoch[41/80], loss:0.6049, CE loss:0.4516 , info NCE loss:0.5171
[2025-01-23 13:55:06,430][INFO] Epoch[41/80], train B-acc: 0.8521(0.7815-0.9143), test B-acc: 0.6665(0.5739-0.7644)
[2025-01-23 13:55:06,432][INFO] Epoch[41/80], train AUC: 0.9790(0.9600-0.9922), test AUC: 0.8017(0.7025-0.8807)
[2025-01-23 13:56:54,947][INFO] Epoch[42/80], loss:0.6039, CE loss:0.4506 , info NCE loss:0.5164
[2025-01-23 13:56:54,947][INFO] Epoch[42/80], train B-acc: 0.8919(0.8191-0.9490), test B-acc: 0.6506(0.5463-0.7475)
[2025-01-23 13:56:54,947][INFO] Epoch[42/80], train AUC: 0.9804(0.9636-0.9935), test AUC: 0.8004(0.7041-0.8867)
[2025-01-23 13:58:43,682][INFO] Epoch[43/80], loss:0.6029, CE loss:0.4498 , info NCE loss:0.5155
[2025-01-23 13:58:43,683][INFO] Epoch[43/80], train B-acc: 0.8561(0.7848-0.9271), test B-acc: 0.6643(0.5737-0.7660)
[2025-01-23 13:58:43,683][INFO] Epoch[43/80], train AUC: 0.9814(0.9644-0.9929), test AUC: 0.8043(0.7068-0.8880)
[2025-01-23 14:00:31,443][INFO] Epoch[44/80], loss:0.6018, CE loss:0.4487 , info NCE loss:0.5163
[2025-01-23 14:00:31,444][INFO] Epoch[44/80], train B-acc: 0.8685(0.8023-0.9270), test B-acc: 0.6567(0.5665-0.7561)
[2025-01-23 14:00:31,444][INFO] Epoch[44/80], train AUC: 0.9826(0.9649-0.9934), test AUC: 0.7970(0.6970-0.8795)
[2025-01-23 14:02:22,098][INFO] Epoch[45/80], loss:0.6006, CE loss:0.4475 , info NCE loss:0.5180
[2025-01-23 14:02:22,098][INFO] Epoch[45/80], train B-acc: 0.8561(0.7827-0.9190), test B-acc: 0.6724(0.5804-0.7647)
[2025-01-23 14:02:22,100][INFO] Epoch[45/80], train AUC: 0.9830(0.9666-0.9936), test AUC: 0.7983(0.7043-0.8770)
[2025-01-23 14:04:10,455][INFO] Epoch[46/80], loss:0.6004, CE loss:0.4474 , info NCE loss:0.5169
[2025-01-23 14:04:10,455][INFO] Epoch[46/80], train B-acc: 0.9155(0.8553-0.9654), test B-acc: 0.6746(0.5694-0.7688)
[2025-01-23 14:04:10,456][INFO] Epoch[46/80], train AUC: 0.9843(0.9702-0.9949), test AUC: 0.7966(0.6962-0.8764)
[2025-01-23 14:05:59,396][INFO] Epoch[47/80], loss:0.5988, CE loss:0.4459 , info NCE loss:0.5166
[2025-01-23 14:05:59,397][INFO] Epoch[47/80], train B-acc: 0.9020(0.8348-0.9585), test B-acc: 0.6759(0.5756-0.7713)
[2025-01-23 14:05:59,397][INFO] Epoch[47/80], train AUC: 0.9856(0.9707-0.9954), test AUC: 0.7945(0.6914-0.8772)
[2025-01-23 14:07:46,656][INFO] Epoch[48/80], loss:0.5977, CE loss:0.4447 , info NCE loss:0.5167
[2025-01-23 14:07:46,656][INFO] Epoch[48/80], train B-acc: 0.9293(0.8669-0.9712), test B-acc: 0.6721(0.5707-0.7707)
[2025-01-23 14:07:46,656][INFO] Epoch[48/80], train AUC: 0.9864(0.9736-0.9957), test AUC: 0.7926(0.6892-0.8746)
[2025-01-23 14:09:34,610][INFO] Epoch[49/80], loss:0.5972, CE loss:0.4444 , info NCE loss:0.5169
[2025-01-23 14:09:34,610][INFO] Epoch[49/80], train B-acc: 0.9168(0.8574-0.9674), test B-acc: 0.6796(0.5844-0.7708)
[2025-01-23 14:09:34,610][INFO] Epoch[49/80], train AUC: 0.9875(0.9757-0.9956), test AUC: 0.7968(0.6969-0.8742)
[2025-01-23 14:11:23,162][INFO] Epoch[50/80], loss:0.5957, CE loss:0.4428 , info NCE loss:0.5160
[2025-01-23 14:11:23,163][INFO] Epoch[50/80], train B-acc: 0.9270(0.8700-0.9751), test B-acc: 0.6707(0.5755-0.7666)
[2025-01-23 14:11:23,163][INFO] Epoch[50/80], train AUC: 0.9888(0.9776-0.9966), test AUC: 0.7931(0.6936-0.8733)
[2025-01-23 14:13:26,511][INFO] Epoch[51/80], loss:0.5946, CE loss:0.4418 , info NCE loss:0.5154
[2025-01-23 14:13:26,511][INFO] Epoch[51/80], train B-acc: 0.9279(0.8739-0.9728), test B-acc: 0.6745(0.5754-0.7667)
[2025-01-23 14:13:26,511][INFO] Epoch[51/80], train AUC: 0.9895(0.9787-0.9967), test AUC: 0.7886(0.6824-0.8748)
[2025-01-23 14:15:27,802][INFO] Epoch[52/80], loss:0.5935, CE loss:0.4407 , info NCE loss:0.5167
[2025-01-23 14:15:27,802][INFO] Epoch[52/80], train B-acc: 0.9174(0.8582-0.9677), test B-acc: 0.6766(0.5798-0.7767)
[2025-01-23 14:15:27,802][INFO] Epoch[52/80], train AUC: 0.9902(0.9782-0.9971), test AUC: 0.7861(0.6896-0.8758)
[2025-01-23 14:17:26,013][INFO] Epoch[53/80], loss:0.5927, CE loss:0.4400 , info NCE loss:0.5163
[2025-01-23 14:17:26,013][INFO] Epoch[53/80], train B-acc: 0.9256(0.8680-0.9688), test B-acc: 0.6766(0.5784-0.7724)
[2025-01-23 14:17:26,013][INFO] Epoch[53/80], train AUC: 0.9908(0.9792-0.9971), test AUC: 0.7853(0.6845-0.8664)
[2025-01-23 14:19:24,149][INFO] Epoch[54/80], loss:0.5916, CE loss:0.4389 , info NCE loss:0.5146
[2025-01-23 14:19:24,150][INFO] Epoch[54/80], train B-acc: 0.9304(0.8738-0.9745), test B-acc: 0.6789(0.5879-0.7741)
[2025-01-23 14:19:24,150][INFO] Epoch[54/80], train AUC: 0.9914(0.9807-0.9974), test AUC: 0.7857(0.6914-0.8641)
[2025-01-23 14:21:21,917][INFO] Epoch[55/80], loss:0.5910, CE loss:0.4383 , info NCE loss:0.5150
[2025-01-23 14:21:21,917][INFO] Epoch[55/80], train B-acc: 0.9346(0.8798-0.9740), test B-acc: 0.6673(0.5725-0.7618)
[2025-01-23 14:21:21,917][INFO] Epoch[55/80], train AUC: 0.9924(0.9835-0.9980), test AUC: 0.7827(0.6847-0.8650)
[2025-01-23 14:23:20,026][INFO] Epoch[56/80], loss:0.5906, CE loss:0.4380 , info NCE loss:0.5137
[2025-01-23 14:23:20,026][INFO] Epoch[56/80], train B-acc: 0.9333(0.8795-0.9767), test B-acc: 0.6606(0.5660-0.7541)
[2025-01-23 14:23:20,026][INFO] Epoch[56/80], train AUC: 0.9933(0.9844-0.9980), test AUC: 0.7810(0.6820-0.8600)
