[2025-01-23 20:09:29,808][INFO] Running PROJECT: CRC-KR, P LEARNING RATE: 0.0001, OPTIMIZER: ADAMW, NUM EPOCHS: 80, BATCH SIZE: 2048, DEVICES: cuda, SMOOTHING: 0.25
[2025-01-23 20:09:29,808][INFO] params["in_chans"]=[200, 16]python run_MIL_model.py --proj CRC-KR --num_epochs 80 --plr 1e-4  --smoothing 0.25
[2025-01-23 20:09:29,809][INFO] params["dims"]=[512, 512] 温度参数为0.55,权重由0.15改为0.1
[2025-01-23 20:09:29,809][INFO] params["out_chans"]=[16, 8]
[2025-01-23 20:09:29,809][INFO] params["heads"]=[8, 4]
[2025-01-23 20:09:29,809][INFO] params["dropout"]=[0.8, 0.4, 0.4]
[2025-01-23 20:11:23,103][INFO] Epoch[1/80], loss:0.6572, CE loss:0.5819 , info NCE loss:0.5498
[2025-01-23 20:11:23,103][INFO] Epoch[1/80], train B-acc: 0.5000(0.5000-0.5000), test B-acc: 0.5000(0.5000-0.5000)
[2025-01-23 20:11:23,103][INFO] Epoch[1/80], train AUC: 0.5647(0.4621-0.6662), test AUC: 0.6107(0.4931-0.7220)
[2025-01-23 20:13:18,938][INFO] Epoch[2/80], loss:0.6220, CE loss:0.5467 , info NCE loss:0.5497
[2025-01-23 20:13:18,939][INFO] Epoch[2/80], train B-acc: 0.5000(0.5000-0.5000), test B-acc: 0.5000(0.5000-0.5000)
[2025-01-23 20:13:18,939][INFO] Epoch[2/80], train AUC: 0.6900(0.5991-0.7726), test AUC: 0.6873(0.5681-0.7922)
[2025-01-23 20:15:14,835][INFO] Epoch[3/80], loss:0.6100, CE loss:0.5349 , info NCE loss:0.5494
[2025-01-23 20:15:14,836][INFO] Epoch[3/80], train B-acc: 0.5000(0.5000-0.5000), test B-acc: 0.5000(0.5000-0.5000)
[2025-01-23 20:15:14,837][INFO] Epoch[3/80], train AUC: 0.7612(0.6790-0.8414), test AUC: 0.7222(0.6100-0.8212)
[2025-01-23 20:17:09,154][INFO] Epoch[4/80], loss:0.6028, CE loss:0.5278 , info NCE loss:0.5478
[2025-01-23 20:17:09,155][INFO] Epoch[4/80], train B-acc: 0.5000(0.5000-0.5000), test B-acc: 0.5000(0.5000-0.5000)
[2025-01-23 20:17:09,155][INFO] Epoch[4/80], train AUC: 0.7983(0.7213-0.8630), test AUC: 0.7239(0.6224-0.8247)
[2025-01-23 20:19:02,252][INFO] Epoch[5/80], loss:0.5973, CE loss:0.5225 , info NCE loss:0.5465
[2025-01-23 20:19:02,252][INFO] Epoch[5/80], train B-acc: 0.5000(0.5000-0.5000), test B-acc: 0.5000(0.5000-0.5000)
[2025-01-23 20:19:02,252][INFO] Epoch[5/80], train AUC: 0.8160(0.7331-0.8777), test AUC: 0.7324(0.6143-0.8301)
[2025-01-23 20:20:53,500][INFO] Epoch[6/80], loss:0.5925, CE loss:0.5179 , info NCE loss:0.5446
[2025-01-23 20:20:53,500][INFO] Epoch[6/80], train B-acc: 0.5000(0.5000-0.5000), test B-acc: 0.5000(0.5000-0.5000)
[2025-01-23 20:20:53,500][INFO] Epoch[6/80], train AUC: 0.8324(0.7588-0.8937), test AUC: 0.7399(0.6292-0.8422)
[2025-01-23 20:22:46,595][INFO] Epoch[7/80], loss:0.5882, CE loss:0.5139 , info NCE loss:0.5428
[2025-01-23 20:22:46,595][INFO] Epoch[7/80], train B-acc: 0.5091(0.4939-0.5385), test B-acc: 0.5000(0.5000-0.5000)
[2025-01-23 20:22:46,595][INFO] Epoch[7/80], train AUC: 0.8417(0.7732-0.9030), test AUC: 0.7507(0.6422-0.8536)
[2025-01-23 20:24:44,801][INFO] Epoch[8/80], loss:0.5845, CE loss:0.5106 , info NCE loss:0.5395
[2025-01-23 20:24:44,801][INFO] Epoch[8/80], train B-acc: 0.5333(0.4980-0.5784), test B-acc: 0.5000(0.5000-0.5000)
[2025-01-23 20:24:44,801][INFO] Epoch[8/80], train AUC: 0.8543(0.7858-0.9073), test AUC: 0.7552(0.6438-0.8629)
[2025-01-23 20:26:43,170][INFO] Epoch[9/80], loss:0.5809, CE loss:0.5074 , info NCE loss:0.5361
[2025-01-23 20:26:43,170][INFO] Epoch[9/80], train B-acc: 0.5444(0.5068-0.5972), test B-acc: 0.5000(0.5000-0.5000)
[2025-01-23 20:26:43,170][INFO] Epoch[9/80], train AUC: 0.8684(0.8058-0.9200), test AUC: 0.7552(0.6373-0.8627)
[2025-01-23 20:28:41,204][INFO] Epoch[10/80], loss:0.5770, CE loss:0.5041 , info NCE loss:0.5285
[2025-01-23 20:28:41,204][INFO] Epoch[10/80], train B-acc: 0.5465(0.5074-0.5936), test B-acc: 0.5156(0.5000-0.5536)
[2025-01-23 20:28:41,205][INFO] Epoch[10/80], train AUC: 0.8813(0.8223-0.9284), test AUC: 0.7622(0.6423-0.8564)
[2025-01-23 20:30:39,436][INFO] Epoch[11/80], loss:0.5734, CE loss:0.5011 , info NCE loss:0.5259
[2025-01-23 20:30:39,436][INFO] Epoch[11/80], train B-acc: 0.5468(0.5073-0.5972), test B-acc: 0.5000(0.5000-0.5000)
[2025-01-23 20:30:39,437][INFO] Epoch[11/80], train AUC: 0.8916(0.8329-0.9363), test AUC: 0.7667(0.6432-0.8681)
[2025-01-23 20:32:37,202][INFO] Epoch[12/80], loss:0.5699, CE loss:0.4983 , info NCE loss:0.5208
[2025-01-23 20:32:37,202][INFO] Epoch[12/80], train B-acc: 0.5678(0.5217-0.6255), test B-acc: 0.5156(0.5000-0.5571)
[2025-01-23 20:32:37,202][INFO] Epoch[12/80], train AUC: 0.8984(0.8477-0.9406), test AUC: 0.7692(0.6616-0.8695)
[2025-01-23 20:34:35,031][INFO] Epoch[13/80], loss:0.5661, CE loss:0.4951 , info NCE loss:0.5155
[2025-01-23 20:34:35,031][INFO] Epoch[13/80], train B-acc: 0.6053(0.5499-0.6774), test B-acc: 0.5645(0.5167-0.6250)
[2025-01-23 20:34:35,031][INFO] Epoch[13/80], train AUC: 0.9064(0.8597-0.9451), test AUC: 0.7745(0.6608-0.8711)
[2025-01-23 20:36:40,493][INFO] Epoch[14/80], loss:0.5629, CE loss:0.4922 , info NCE loss:0.5149
[2025-01-23 20:36:40,493][INFO] Epoch[14/80], train B-acc: 0.5812(0.5286-0.6479), test B-acc: 0.5469(0.5000-0.6094)
[2025-01-23 20:36:40,494][INFO] Epoch[14/80], train AUC: 0.9146(0.8717-0.9499), test AUC: 0.7740(0.6672-0.8671)
[2025-01-23 20:38:43,518][INFO] Epoch[15/80], loss:0.5605, CE loss:0.4901 , info NCE loss:0.5099
[2025-01-23 20:38:43,518][INFO] Epoch[15/80], train B-acc: 0.6427(0.5735-0.7153), test B-acc: 0.5758(0.5156-0.6498)
[2025-01-23 20:38:43,518][INFO] Epoch[15/80], train AUC: 0.9208(0.8782-0.9522), test AUC: 0.7776(0.6684-0.8718)
[2025-01-23 20:40:45,566][INFO] Epoch[16/80], loss:0.5573, CE loss:0.4872 , info NCE loss:0.5098
[2025-01-23 20:40:45,566][INFO] Epoch[16/80], train B-acc: 0.6158(0.5562-0.6842), test B-acc: 0.5484(0.5000-0.6111)
[2025-01-23 20:40:45,566][INFO] Epoch[16/80], train AUC: 0.9267(0.8835-0.9561), test AUC: 0.7870(0.6761-0.8818)
[2025-01-23 20:42:46,168][INFO] Epoch[17/80], loss:0.5547, CE loss:0.4848 , info NCE loss:0.5055
[2025-01-23 20:42:46,168][INFO] Epoch[17/80], train B-acc: 0.6406(0.5711-0.7096), test B-acc: 0.5937(0.5267-0.6667)
[2025-01-23 20:42:46,168][INFO] Epoch[17/80], train AUC: 0.9297(0.8899-0.9593), test AUC: 0.7920(0.6887-0.8865)
[2025-01-23 20:44:46,728][INFO] Epoch[18/80], loss:0.5522, CE loss:0.4825 , info NCE loss:0.5057
[2025-01-23 20:44:46,729][INFO] Epoch[18/80], train B-acc: 0.6402(0.5748-0.7134), test B-acc: 0.5922(0.5270-0.6711)
[2025-01-23 20:44:46,729][INFO] Epoch[18/80], train AUC: 0.9345(0.8936-0.9616), test AUC: 0.7922(0.6833-0.8810)
[2025-01-23 20:46:46,284][INFO] Epoch[19/80], loss:0.5499, CE loss:0.4804 , info NCE loss:0.5053
[2025-01-23 20:46:46,284][INFO] Epoch[19/80], train B-acc: 0.6429(0.5756-0.7125), test B-acc: 0.5938(0.5270-0.6739)
[2025-01-23 20:46:46,284][INFO] Epoch[19/80], train AUC: 0.9369(0.9025-0.9646), test AUC: 0.7964(0.6848-0.8813)
[2025-01-23 20:48:45,134][INFO] Epoch[20/80], loss:0.5475, CE loss:0.4782 , info NCE loss:0.5037
[2025-01-23 20:48:45,134][INFO] Epoch[20/80], train B-acc: 0.6427(0.5714-0.7161), test B-acc: 0.5886(0.5213-0.6707)
[2025-01-23 20:48:45,134][INFO] Epoch[20/80], train AUC: 0.9441(0.9079-0.9691), test AUC: 0.7953(0.6907-0.8859)
[2025-01-23 20:50:43,384][INFO] Epoch[21/80], loss:0.5455, CE loss:0.4763 , info NCE loss:0.5034
[2025-01-23 20:50:43,385][INFO] Epoch[21/80], train B-acc: 0.6409(0.5729-0.7188), test B-acc: 0.5937(0.5223-0.6765)
[2025-01-23 20:50:43,385][INFO] Epoch[21/80], train AUC: 0.9454(0.9125-0.9708), test AUC: 0.8003(0.6917-0.8818)
[2025-01-23 20:52:42,601][INFO] Epoch[22/80], loss:0.5439, CE loss:0.4748 , info NCE loss:0.5002
[2025-01-23 20:52:42,603][INFO] Epoch[22/80], train B-acc: 0.6648(0.5952-0.7458), test B-acc: 0.5873(0.5150-0.6654)
[2025-01-23 20:52:42,603][INFO] Epoch[22/80], train AUC: 0.9491(0.9185-0.9736), test AUC: 0.7975(0.6971-0.8921)
[2025-01-23 20:54:41,792][INFO] Epoch[23/80], loss:0.5417, CE loss:0.4726 , info NCE loss:0.5009
[2025-01-23 20:54:41,792][INFO] Epoch[23/80], train B-acc: 0.7208(0.6456-0.7977), test B-acc: 0.6021(0.5281-0.6876)
[2025-01-23 20:54:41,792][INFO] Epoch[23/80], train AUC: 0.9534(0.9251-0.9760), test AUC: 0.8014(0.6985-0.8838)
[2025-01-23 20:56:41,767][INFO] Epoch[24/80], loss:0.5398, CE loss:0.4709 , info NCE loss:0.5008
[2025-01-23 20:56:41,767][INFO] Epoch[24/80], train B-acc: 0.7141(0.6374-0.7891), test B-acc: 0.6021(0.5308-0.6897)
[2025-01-23 20:56:41,768][INFO] Epoch[24/80], train AUC: 0.9568(0.9270-0.9782), test AUC: 0.7965(0.6975-0.8851)
[2025-01-23 20:58:42,172][INFO] Epoch[25/80], loss:0.5381, CE loss:0.4693 , info NCE loss:0.5009
[2025-01-23 20:58:42,173][INFO] Epoch[25/80], train B-acc: 0.6903(0.6112-0.7632), test B-acc: 0.5853(0.5192-0.6608)
[2025-01-23 20:58:42,173][INFO] Epoch[25/80], train AUC: 0.9583(0.9291-0.9796), test AUC: 0.8019(0.6993-0.8832)
[2025-01-23 21:00:43,188][INFO] Epoch[26/80], loss:0.5374, CE loss:0.4685 , info NCE loss:0.4985
[2025-01-23 21:00:43,189][INFO] Epoch[26/80], train B-acc: 0.7499(0.6672-0.8256), test B-acc: 0.6042(0.5323-0.6818)
[2025-01-23 21:00:43,189][INFO] Epoch[26/80], train AUC: 0.9612(0.9318-0.9809), test AUC: 0.8059(0.7020-0.8882)
[2025-01-23 21:02:42,536][INFO] Epoch[27/80], loss:0.5354, CE loss:0.4667 , info NCE loss:0.5003
[2025-01-23 21:02:42,537][INFO] Epoch[27/80], train B-acc: 0.7734(0.6918-0.8534), test B-acc: 0.6129(0.5361-0.7006)
[2025-01-23 21:02:42,537][INFO] Epoch[27/80], train AUC: 0.9620(0.9323-0.9824), test AUC: 0.7998(0.6937-0.8855)
[2025-01-23 21:04:42,759][INFO] Epoch[28/80], loss:0.5332, CE loss:0.4645 , info NCE loss:0.4983
[2025-01-23 21:04:42,759][INFO] Epoch[28/80], train B-acc: 0.8088(0.7329-0.8827), test B-acc: 0.6177(0.5363-0.7000)
[2025-01-23 21:04:42,759][INFO] Epoch[28/80], train AUC: 0.9634(0.9363-0.9829), test AUC: 0.7978(0.7022-0.8832)
[2025-01-23 21:06:44,953][INFO] Epoch[29/80], loss:0.5319, CE loss:0.4633 , info NCE loss:0.4978
[2025-01-23 21:06:44,953][INFO] Epoch[29/80], train B-acc: 0.7631(0.6867-0.8431), test B-acc: 0.5971(0.5241-0.6767)
[2025-01-23 21:06:44,954][INFO] Epoch[29/80], train AUC: 0.9652(0.9393-0.9848), test AUC: 0.8030(0.7020-0.8870)
[2025-01-23 21:08:46,142][INFO] Epoch[30/80], loss:0.5308, CE loss:0.4622 , info NCE loss:0.4986
[2025-01-23 21:08:46,142][INFO] Epoch[30/80], train B-acc: 0.8107(0.7378-0.8791), test B-acc: 0.6175(0.5303-0.7022)
[2025-01-23 21:08:46,143][INFO] Epoch[30/80], train AUC: 0.9675(0.9440-0.9859), test AUC: 0.8000(0.6962-0.8799)
[2025-01-23 21:10:45,912][INFO] Epoch[31/80], loss:0.5292, CE loss:0.4608 , info NCE loss:0.4960
[2025-01-23 21:10:45,913][INFO] Epoch[31/80], train B-acc: 0.8224(0.7504-0.8905), test B-acc: 0.6178(0.5360-0.7086)
[2025-01-23 21:10:45,913][INFO] Epoch[31/80], train AUC: 0.9693(0.9447-0.9866), test AUC: 0.8000(0.6990-0.8864)
[2025-01-23 21:12:45,148][INFO] Epoch[32/80], loss:0.5278, CE loss:0.4594 , info NCE loss:0.4963
[2025-01-23 21:12:45,149][INFO] Epoch[32/80], train B-acc: 0.8216(0.7439-0.8941), test B-acc: 0.6517(0.5620-0.7477)
[2025-01-23 21:12:45,149][INFO] Epoch[32/80], train AUC: 0.9702(0.9472-0.9873), test AUC: 0.7996(0.6984-0.8864)
[2025-01-23 21:14:45,984][INFO] Epoch[33/80], loss:0.5265, CE loss:0.4581 , info NCE loss:0.4954
[2025-01-23 21:14:45,984][INFO] Epoch[33/80], train B-acc: 0.8213(0.7422-0.8935), test B-acc: 0.6358(0.5384-0.7314)
[2025-01-23 21:14:45,984][INFO] Epoch[33/80], train AUC: 0.9726(0.9527-0.9887), test AUC: 0.8007(0.7005-0.8823)
[2025-01-23 21:16:45,489][INFO] Epoch[34/80], loss:0.5250, CE loss:0.4566 , info NCE loss:0.4956
[2025-01-23 21:16:45,489][INFO] Epoch[34/80], train B-acc: 0.8233(0.7486-0.8936), test B-acc: 0.6350(0.5461-0.7350)
[2025-01-23 21:16:45,490][INFO] Epoch[34/80], train AUC: 0.9741(0.9527-0.9895), test AUC: 0.7988(0.6922-0.8823)
[2025-01-23 21:18:45,497][INFO] Epoch[35/80], loss:0.5241, CE loss:0.4558 , info NCE loss:0.4963
[2025-01-23 21:18:45,497][INFO] Epoch[35/80], train B-acc: 0.8348(0.7568-0.9083), test B-acc: 0.6522(0.5682-0.7473)
[2025-01-23 21:18:45,497][INFO] Epoch[35/80], train AUC: 0.9761(0.9553-0.9896), test AUC: 0.7958(0.6966-0.8875)
[2025-01-23 21:20:45,524][INFO] Epoch[36/80], loss:0.5229, CE loss:0.4547 , info NCE loss:0.4938
[2025-01-23 21:20:45,525][INFO] Epoch[36/80], train B-acc: 0.8452(0.7726-0.9110), test B-acc: 0.6538(0.5621-0.7494)
[2025-01-23 21:20:45,525][INFO] Epoch[36/80], train AUC: 0.9767(0.9556-0.9903), test AUC: 0.7979(0.6924-0.8772)
[2025-01-23 21:22:45,892][INFO] Epoch[37/80], loss:0.5215, CE loss:0.4533 , info NCE loss:0.4965
[2025-01-23 21:22:45,892][INFO] Epoch[37/80], train B-acc: 0.8378(0.7618-0.9084), test B-acc: 0.6349(0.5455-0.7274)
[2025-01-23 21:22:45,892][INFO] Epoch[37/80], train AUC: 0.9778(0.9592-0.9912), test AUC: 0.8002(0.7005-0.8900)
[2025-01-23 21:24:47,311][INFO] Epoch[38/80], loss:0.5205, CE loss:0.4523 , info NCE loss:0.4953
[2025-01-23 21:24:47,311][INFO] Epoch[38/80], train B-acc: 0.8472(0.7761-0.9125), test B-acc: 0.6631(0.5664-0.7550)
[2025-01-23 21:24:47,311][INFO] Epoch[38/80], train AUC: 0.9791(0.9607-0.9919), test AUC: 0.7976(0.6978-0.8857)
[2025-01-23 21:26:46,689][INFO] Epoch[39/80], loss:0.5193, CE loss:0.4512 , info NCE loss:0.4935
[2025-01-23 21:26:46,689][INFO] Epoch[39/80], train B-acc: 0.8468(0.7783-0.9119), test B-acc: 0.6612(0.5731-0.7530)
[2025-01-23 21:26:46,689][INFO] Epoch[39/80], train AUC: 0.9803(0.9639-0.9922), test AUC: 0.7963(0.7047-0.8782)
[2025-01-23 21:28:47,520][INFO] Epoch[40/80], loss:0.5179, CE loss:0.4497 , info NCE loss:0.4943
[2025-01-23 21:28:47,520][INFO] Epoch[40/80], train B-acc: 0.8583(0.7859-0.9208), test B-acc: 0.6756(0.5860-0.7696)
[2025-01-23 21:28:47,521][INFO] Epoch[40/80], train AUC: 0.9819(0.9658-0.9930), test AUC: 0.7931(0.6952-0.8791)
[2025-01-23 21:30:52,430][INFO] Epoch[41/80], loss:0.5165, CE loss:0.4485 , info NCE loss:0.4958
[2025-01-23 21:30:52,430][INFO] Epoch[41/80], train B-acc: 0.8660(0.7913-0.9362), test B-acc: 0.6670(0.5790-0.7776)
[2025-01-23 21:30:52,430][INFO] Epoch[41/80], train AUC: 0.9823(0.9660-0.9931), test AUC: 0.7949(0.6927-0.8859)
[2025-01-23 21:32:58,247][INFO] Epoch[42/80], loss:0.5155, CE loss:0.4475 , info NCE loss:0.4947
[2025-01-23 21:32:58,248][INFO] Epoch[42/80], train B-acc: 0.8700(0.8033-0.9333), test B-acc: 0.6709(0.5804-0.7658)
[2025-01-23 21:32:58,248][INFO] Epoch[42/80], train AUC: 0.9838(0.9686-0.9939), test AUC: 0.7973(0.6918-0.8768)
[2025-01-23 21:35:28,428][INFO] Epoch[43/80], loss:0.5146, CE loss:0.4466 , info NCE loss:0.4935
[2025-01-23 21:35:28,429][INFO] Epoch[43/80], train B-acc: 0.8624(0.7913-0.9281), test B-acc: 0.6533(0.5621-0.7502)
[2025-01-23 21:35:28,429][INFO] Epoch[43/80], train AUC: 0.9852(0.9721-0.9944), test AUC: 0.7892(0.6846-0.8748)
[2025-01-23 21:37:55,201][INFO] Epoch[44/80], loss:0.5135, CE loss:0.4455 , info NCE loss:0.4929
[2025-01-23 21:37:55,201][INFO] Epoch[44/80], train B-acc: 0.8959(0.8293-0.9553), test B-acc: 0.6680(0.5752-0.7666)
[2025-01-23 21:37:55,201][INFO] Epoch[44/80], train AUC: 0.9865(0.9735-0.9953), test AUC: 0.7873(0.6791-0.8734)
[2025-01-23 21:40:19,536][INFO] Epoch[45/80], loss:0.5125, CE loss:0.4445 , info NCE loss:0.4919
[2025-01-23 21:40:19,536][INFO] Epoch[45/80], train B-acc: 0.8975(0.8281-0.9546), test B-acc: 0.6698(0.5756-0.7767)
[2025-01-23 21:40:19,538][INFO] Epoch[45/80], train AUC: 0.9878(0.9750-0.9957), test AUC: 0.7851(0.6820-0.8732)
[2025-01-23 21:42:34,243][INFO] Epoch[46/80], loss:0.5114, CE loss:0.4434 , info NCE loss:0.4935
[2025-01-23 21:42:34,244][INFO] Epoch[46/80], train B-acc: 0.8994(0.8330-0.9551), test B-acc: 0.6704(0.5704-0.7660)
[2025-01-23 21:42:34,244][INFO] Epoch[46/80], train AUC: 0.9897(0.9791-0.9964), test AUC: 0.7823(0.6676-0.8709)
[2025-01-23 21:44:37,547][INFO] Epoch[47/80], loss:0.5102, CE loss:0.4423 , info NCE loss:0.4932
[2025-01-23 21:44:37,547][INFO] Epoch[47/80], train B-acc: 0.9205(0.8572-0.9688), test B-acc: 0.6674(0.5754-0.7643)
[2025-01-23 21:44:37,547][INFO] Epoch[47/80], train AUC: 0.9905(0.9790-0.9965), test AUC: 0.7854(0.6844-0.8737)
[2025-01-23 21:46:38,048][INFO] Epoch[48/80], loss:0.5087, CE loss:0.4409 , info NCE loss:0.4926
[2025-01-23 21:46:38,049][INFO] Epoch[48/80], train B-acc: 0.8870(0.8208-0.9521), test B-acc: 0.6524(0.5574-0.7494)
[2025-01-23 21:46:38,049][INFO] Epoch[48/80], train AUC: 0.9914(0.9814-0.9973), test AUC: 0.7857(0.6811-0.8725)
[2025-01-23 21:48:38,350][INFO] Epoch[49/80], loss:0.5081, CE loss:0.4402 , info NCE loss:0.4933
[2025-01-23 21:48:38,350][INFO] Epoch[49/80], train B-acc: 0.9326(0.8767-0.9787), test B-acc: 0.6813(0.5930-0.7800)
[2025-01-23 21:48:38,350][INFO] Epoch[49/80], train AUC: 0.9915(0.9818-0.9976), test AUC: 0.7831(0.6793-0.8675)
[2025-01-23 21:50:37,625][INFO] Epoch[50/80], loss:0.5070, CE loss:0.4391 , info NCE loss:0.4925
[2025-01-23 21:50:37,625][INFO] Epoch[50/80], train B-acc: 0.9244(0.8653-0.9723), test B-acc: 0.6486(0.5516-0.7412)
[2025-01-23 21:50:37,625][INFO] Epoch[50/80], train AUC: 0.9921(0.9825-0.9978), test AUC: 0.7797(0.6766-0.8682)
[2025-01-23 21:52:37,240][INFO] Epoch[51/80], loss:0.5058, CE loss:0.4380 , info NCE loss:0.4915
[2025-01-23 21:52:37,240][INFO] Epoch[51/80], train B-acc: 0.9238(0.8630-0.9748), test B-acc: 0.6456(0.5562-0.7384)
[2025-01-23 21:52:37,240][INFO] Epoch[51/80], train AUC: 0.9930(0.9851-0.9983), test AUC: 0.7761(0.6777-0.8678)
[2025-01-23 21:54:34,541][INFO] Epoch[52/80], loss:0.5045, CE loss:0.4367 , info NCE loss:0.4923
[2025-01-23 21:54:34,541][INFO] Epoch[52/80], train B-acc: 0.9254(0.8673-0.9750), test B-acc: 0.6336(0.5317-0.7247)
[2025-01-23 21:54:34,541][INFO] Epoch[52/80], train AUC: 0.9940(0.9859-0.9986), test AUC: 0.7771(0.6784-0.8690)
[2025-01-23 21:55:21,312][INFO] Epoch 53 retry 1 of 5, loss did not decrease.
[2025-01-23 21:57:18,545][INFO] Epoch[53/80], loss:0.5036, CE loss:0.4358 , info NCE loss:0.4914
[2025-01-23 21:57:18,545][INFO] Epoch[53/80], train B-acc: 0.9499(0.9036-0.9855), test B-acc: 0.6886(0.5903-0.7919)
[2025-01-23 21:57:18,547][INFO] Epoch[53/80], train AUC: 0.9954(0.9890-0.9991), test AUC: 0.7737(0.6668-0.8660)
[2025-01-23 21:59:15,603][INFO] Epoch[54/80], loss:0.5031, CE loss:0.4354 , info NCE loss:0.4923
[2025-01-23 21:59:15,603][INFO] Epoch[54/80], train B-acc: 0.9401(0.8848-0.9804), test B-acc: 0.6475(0.5504-0.7358)
[2025-01-23 21:59:15,603][INFO] Epoch[54/80], train AUC: 0.9965(0.9906-0.9992), test AUC: 0.7727(0.6681-0.8620)
[2025-01-23 22:01:12,155][INFO] Epoch[55/80], loss:0.5013, CE loss:0.4335 , info NCE loss:0.4926
[2025-01-23 22:01:12,155][INFO] Epoch[55/80], train B-acc: 0.9470(0.8956-0.9898), test B-acc: 0.6646(0.5660-0.7658)
[2025-01-23 22:01:12,155][INFO] Epoch[55/80], train AUC: 0.9969(0.9912-0.9998), test AUC: 0.7749(0.6703-0.8638)
[2025-01-23 22:03:17,515][INFO] Epoch[56/80], loss:0.5007, CE loss:0.4330 , info NCE loss:0.4911
[2025-01-23 22:03:17,515][INFO] Epoch[56/80], train B-acc: 0.9613(0.9146-0.9958), test B-acc: 0.6766(0.5875-0.7684)
[2025-01-23 22:03:17,515][INFO] Epoch[56/80], train AUC: 0.9969(0.9914-0.9996), test AUC: 0.7734(0.6781-0.8642)
[2025-01-23 22:05:25,875][INFO] Epoch[57/80], loss:0.4998, CE loss:0.4321 , info NCE loss:0.4913
[2025-01-23 22:05:25,876][INFO] Epoch[57/80], train B-acc: 0.9477(0.8923-0.9865), test B-acc: 0.6463(0.5516-0.7425)
[2025-01-23 22:05:25,876][INFO] Epoch[57/80], train AUC: 0.9971(0.9921-0.9997), test AUC: 0.7703(0.6741-0.8620)
[2025-01-23 22:07:41,444][INFO] Epoch[58/80], loss:0.4985, CE loss:0.4308 , info NCE loss:0.4919
[2025-01-23 22:07:41,444][INFO] Epoch[58/80], train B-acc: 0.9606(0.9162-0.9960), test B-acc: 0.6551(0.5605-0.7506)
[2025-01-23 22:07:41,444][INFO] Epoch[58/80], train AUC: 0.9977(0.9935-0.9998), test AUC: 0.7647(0.6603-0.8496)
[2025-01-23 22:09:56,749][INFO] Epoch[59/80], loss:0.4978, CE loss:0.4302 , info NCE loss:0.4904
[2025-01-23 22:09:56,750][INFO] Epoch[59/80], train B-acc: 0.9609(0.9146-0.9959), test B-acc: 0.6694(0.5729-0.7713)
[2025-01-23 22:09:56,750][INFO] Epoch[59/80], train AUC: 0.9980(0.9941-1.0000), test AUC: 0.7646(0.6595-0.8529)
[2025-01-23 22:12:14,207][INFO] Epoch[60/80], loss:0.4970, CE loss:0.4293 , info NCE loss:0.4927
[2025-01-23 22:12:14,207][INFO] Epoch[60/80], train B-acc: 0.9609(0.9143-0.9958), test B-acc: 0.6447(0.5501-0.7363)
[2025-01-23 22:12:14,207][INFO] Epoch[60/80], train AUC: 0.9984(0.9948-1.0000), test AUC: 0.7610(0.6557-0.8533)
[2025-01-23 22:14:34,379][INFO] Epoch[61/80], loss:0.4962, CE loss:0.4286 , info NCE loss:0.4902
[2025-01-23 22:14:34,380][INFO] Epoch[61/80], train B-acc: 0.9622(0.9124-0.9958), test B-acc: 0.6423(0.5552-0.7327)
[2025-01-23 22:14:34,380][INFO] Epoch[61/80], train AUC: 0.9984(0.9950-1.0000), test AUC: 0.7586(0.6591-0.8493)
[2025-01-23 22:16:56,892][INFO] Epoch[62/80], loss:0.4956, CE loss:0.4279 , info NCE loss:0.4906
[2025-01-23 22:16:56,892][INFO] Epoch[62/80], train B-acc: 0.9631(0.9208-0.9978), test B-acc: 0.6595(0.5567-0.7494)
[2025-01-23 22:16:56,892][INFO] Epoch[62/80], train AUC: 0.9987(0.9954-1.0000), test AUC: 0.7537(0.6549-0.8493)
[2025-01-23 22:19:23,258][INFO] Epoch[63/80], loss:0.4946, CE loss:0.4270 , info NCE loss:0.4928
[2025-01-23 22:19:23,259][INFO] Epoch[63/80], train B-acc: 0.9756(0.9333-1.0000), test B-acc: 0.6603(0.5640-0.7623)
[2025-01-23 22:19:23,259][INFO] Epoch[63/80], train AUC: 0.9988(0.9959-1.0000), test AUC: 0.7584(0.6476-0.8491)
[2025-01-23 22:21:51,320][INFO] Epoch[64/80], loss:0.4940, CE loss:0.4264 , info NCE loss:0.4907
[2025-01-23 22:21:51,321][INFO] Epoch[64/80], train B-acc: 0.9735(0.9334-0.9979), test B-acc: 0.6660(0.5734-0.7666)
[2025-01-23 22:21:51,321][INFO] Epoch[64/80], train AUC: 0.9988(0.9959-1.0000), test AUC: 0.7576(0.6544-0.8584)
[2025-01-23 22:24:20,068][INFO] Epoch[65/80], loss:0.4931, CE loss:0.4255 , info NCE loss:0.4906
[2025-01-23 22:24:20,068][INFO] Epoch[65/80], train B-acc: 0.9756(0.9326-1.0000), test B-acc: 0.6582(0.5713-0.7570)
[2025-01-23 22:24:20,069][INFO] Epoch[65/80], train AUC: 0.9990(0.9964-1.0000), test AUC: 0.7569(0.6543-0.8550)
[2025-01-23 22:26:50,201][INFO] Epoch[66/80], loss:0.4926, CE loss:0.4250 , info NCE loss:0.4919
[2025-01-23 22:26:50,201][INFO] Epoch[66/80], train B-acc: 0.9865(0.9600-1.0000), test B-acc: 0.6686(0.5704-0.7665)
[2025-01-23 22:26:50,201][INFO] Epoch[66/80], train AUC: 0.9991(0.9964-1.0000), test AUC: 0.7549(0.6496-0.8480)
[2025-01-23 22:29:16,437][INFO] Epoch[67/80], loss:0.4920, CE loss:0.4244 , info NCE loss:0.4922
[2025-01-23 22:29:16,437][INFO] Epoch[67/80], train B-acc: 0.9750(0.9326-1.0000), test B-acc: 0.6595(0.5692-0.7602)
[2025-01-23 22:29:16,437][INFO] Epoch[67/80], train AUC: 0.9993(0.9973-1.0000), test AUC: 0.7570(0.6487-0.8541)
[2025-01-23 22:31:46,441][INFO] Epoch[68/80], loss:0.4920, CE loss:0.4244 , info NCE loss:0.4901
[2025-01-23 22:31:46,441][INFO] Epoch[68/80], train B-acc: 0.9870(0.9570-1.0000), test B-acc: 0.6692(0.5726-0.7681)
[2025-01-23 22:31:46,441][INFO] Epoch[68/80], train AUC: 0.9994(0.9972-1.0000), test AUC: 0.7526(0.6499-0.8471)
[2025-01-23 22:34:17,269][INFO] Epoch[69/80], loss:0.4904, CE loss:0.4228 , info NCE loss:0.4921
[2025-01-23 22:34:17,269][INFO] Epoch[69/80], train B-acc: 0.9874(0.9563-1.0000), test B-acc: 0.6694(0.5684-0.7715)
[2025-01-23 22:34:17,269][INFO] Epoch[69/80], train AUC: 0.9994(0.9978-1.0000), test AUC: 0.7500(0.6480-0.8494)
[2025-01-23 22:36:47,750][INFO] Epoch[70/80], loss:0.4898, CE loss:0.4223 , info NCE loss:0.4907
[2025-01-23 22:36:47,751][INFO] Epoch[70/80], train B-acc: 0.9846(0.9537-1.0000), test B-acc: 0.6681(0.5741-0.7680)
[2025-01-23 22:36:47,751][INFO] Epoch[70/80], train AUC: 0.9994(0.9976-1.0000), test AUC: 0.7484(0.6409-0.8502)
[2025-01-23 22:39:20,720][INFO] Epoch[71/80], loss:0.4892, CE loss:0.4217 , info NCE loss:0.4915
[2025-01-23 22:39:20,721][INFO] Epoch[71/80], train B-acc: 0.9854(0.9548-1.0000), test B-acc: 0.6889(0.5844-0.7899)
[2025-01-23 22:39:20,721][INFO] Epoch[71/80], train AUC: 0.9995(0.9975-1.0000), test AUC: 0.7511(0.6301-0.8492)
[2025-01-23 22:41:44,052][INFO] Epoch[72/80], loss:0.4888, CE loss:0.4212 , info NCE loss:0.4890
[2025-01-23 22:41:44,052][INFO] Epoch[72/80], train B-acc: 0.9848(0.9540-1.0000), test B-acc: 0.6832(0.5866-0.7785)
[2025-01-23 22:41:44,052][INFO] Epoch[72/80], train AUC: 0.9996(0.9977-1.0000), test AUC: 0.7429(0.6274-0.8379)
[2025-01-23 22:43:42,609][INFO] Epoch[73/80], loss:0.4879, CE loss:0.4203 , info NCE loss:0.4912
[2025-01-23 22:43:42,610][INFO] Epoch[73/80], train B-acc: 0.9836(0.9541-0.9980), test B-acc: 0.6747(0.5724-0.7746)
[2025-01-23 22:43:42,610][INFO] Epoch[73/80], train AUC: 0.9996(0.9980-1.0000), test AUC: 0.7478(0.6443-0.8409)
