[2025-01-18 13:33:24,228][INFO] Running PROJECT: CRC-DX, P LEARNING RATE: 0.00015, OPTIMIZER: ADAMW, NUM EPOCHS: 80, BATCH SIZE: 2048, DEVICES: cuda, SMOOTHING: 0.1
[2025-01-18 13:33:24,228][INFO] params["in_chans"]=[200, 16] python run_model.py --proj CRC-DX --num_epochs 80  --plr 1.5e-4 --smoothing 0.1
[2025-01-18 13:33:24,228][INFO] params["dims"]=[512, 512] 相较于上一次调整了学习率
[2025-01-18 13:33:24,228][INFO] params["out_chans"]=[16, 8]
[2025-01-18 13:33:24,228][INFO] params["heads"]=[8, 4]
[2025-01-18 13:33:24,228][INFO] params["dropout"]=[0.8, 0.4, 0.4]
[2025-01-18 13:36:28,739][INFO] Epoch[1/80], loss:1.1061, CE loss:0.4993, info NCE loss:0.6067
[2025-01-18 13:36:28,739][INFO] Epoch[1/80], train B-acc: 0.5000(0.5000-0.5000), test B-acc: 0.5000(0.5000-0.5000)
[2025-01-18 13:36:28,740][INFO] Epoch[1/80], train AUC: 0.6915(0.5882-0.7770), test AUC: 0.6512(0.5271-0.7654)
[2025-01-18 13:39:28,474][INFO] Epoch[2/80], loss:1.0706, CE loss:0.4639, info NCE loss:0.6067
[2025-01-18 13:39:28,474][INFO] Epoch[2/80], train B-acc: 0.5000(0.5000-0.5000), test B-acc: 0.5000(0.5000-0.5000)
[2025-01-18 13:39:28,474][INFO] Epoch[2/80], train AUC: 0.7537(0.6568-0.8443), test AUC: 0.6971(0.5620-0.8061)
[2025-01-18 13:42:31,613][INFO] Epoch[3/80], loss:1.0559, CE loss:0.4493, info NCE loss:0.6066
[2025-01-18 13:42:31,614][INFO] Epoch[3/80], train B-acc: 0.5000(0.5000-0.5000), test B-acc: 0.5000(0.5000-0.5000)
[2025-01-18 13:42:31,614][INFO] Epoch[3/80], train AUC: 0.7701(0.6712-0.8510), test AUC: 0.7007(0.5817-0.8268)
[2025-01-18 13:45:24,729][INFO] Epoch[4/80], loss:1.0445, CE loss:0.4380, info NCE loss:0.6064
[2025-01-18 13:45:24,730][INFO] Epoch[4/80], train B-acc: 0.5256(0.5000-0.5694), test B-acc: 0.5000(0.5000-0.5000)
[2025-01-18 13:45:24,730][INFO] Epoch[4/80], train AUC: 0.7837(0.6994-0.8627), test AUC: 0.7065(0.5609-0.8299)
[2025-01-18 13:47:54,684][INFO] Epoch[5/80], loss:1.0343, CE loss:0.4281, info NCE loss:0.6062
[2025-01-18 13:47:54,684][INFO] Epoch[5/80], train B-acc: 0.5377(0.5000-0.5909), test B-acc: 0.5000(0.5000-0.5000)
[2025-01-18 13:47:54,685][INFO] Epoch[5/80], train AUC: 0.7994(0.7107-0.8738), test AUC: 0.7109(0.5804-0.8255)
[2025-01-18 13:50:19,577][INFO] Epoch[6/80], loss:1.0268, CE loss:0.4208, info NCE loss:0.6059
[2025-01-18 13:50:19,577][INFO] Epoch[6/80], train B-acc: 0.5641(0.5152-0.6250), test B-acc: 0.5185(0.5000-0.5652)
[2025-01-18 13:50:19,577][INFO] Epoch[6/80], train AUC: 0.8137(0.7245-0.8903), test AUC: 0.7292(0.6017-0.8342)
[2025-01-18 13:52:55,023][INFO] Epoch[7/80], loss:1.0198, CE loss:0.4141, info NCE loss:0.6057
[2025-01-18 13:52:55,023][INFO] Epoch[7/80], train B-acc: 0.5721(0.5208-0.6394), test B-acc: 0.5357(0.5000-0.5952)
[2025-01-18 13:52:55,024][INFO] Epoch[7/80], train AUC: 0.8302(0.7503-0.8989), test AUC: 0.7349(0.6108-0.8412)
[2025-01-18 13:55:13,694][INFO] Epoch[8/80], loss:1.0129, CE loss:0.4077, info NCE loss:0.6053
[2025-01-18 13:55:13,694][INFO] Epoch[8/80], train B-acc: 0.5994(0.5419-0.6707), test B-acc: 0.5357(0.5000-0.6000)
[2025-01-18 13:55:13,695][INFO] Epoch[8/80], train AUC: 0.8441(0.7636-0.9137), test AUC: 0.7455(0.6195-0.8538)
[2025-01-18 13:57:43,012][INFO] Epoch[9/80], loss:1.0061, CE loss:0.4013, info NCE loss:0.6048
[2025-01-18 13:57:43,013][INFO] Epoch[9/80], train B-acc: 0.5994(0.5435-0.6712), test B-acc: 0.5556(0.5000-0.6316)
[2025-01-18 13:57:43,013][INFO] Epoch[9/80], train AUC: 0.8562(0.7785-0.9242), test AUC: 0.7550(0.6399-0.8648)
[2025-01-18 14:00:00,960][INFO] Epoch[10/80], loss:0.9996, CE loss:0.3953, info NCE loss:0.6042
[2025-01-18 14:00:00,960][INFO] Epoch[10/80], train B-acc: 0.6260(0.5620-0.7009), test B-acc: 0.5926(0.5217-0.6774)
[2025-01-18 14:00:00,960][INFO] Epoch[10/80], train AUC: 0.8718(0.7956-0.9346), test AUC: 0.7728(0.6550-0.8720)
[2025-01-18 14:02:31,852][INFO] Epoch[11/80], loss:0.9924, CE loss:0.3888, info NCE loss:0.6036
[2025-01-18 14:02:31,852][INFO] Epoch[11/80], train B-acc: 0.6386(0.5703-0.7083), test B-acc: 0.5741(0.5185-0.6538)
[2025-01-18 14:02:31,852][INFO] Epoch[11/80], train AUC: 0.8839(0.8118-0.9378), test AUC: 0.7864(0.6776-0.8879)
[2025-01-18 14:04:55,306][INFO] Epoch[12/80], loss:0.9853, CE loss:0.3824, info NCE loss:0.6029
[2025-01-18 14:04:55,306][INFO] Epoch[12/80], train B-acc: 0.6928(0.6129-0.7683), test B-acc: 0.6136(0.5455-0.7000)
[2025-01-18 14:04:55,306][INFO] Epoch[12/80], train AUC: 0.8967(0.8195-0.9501), test AUC: 0.8000(0.6814-0.8951)
[2025-01-18 14:07:27,008][INFO] Epoch[13/80], loss:0.9780, CE loss:0.3759, info NCE loss:0.6021
[2025-01-18 14:07:27,008][INFO] Epoch[13/80], train B-acc: 0.6905(0.6099-0.7661), test B-acc: 0.6522(0.5714-0.7414)
[2025-01-18 14:07:27,009][INFO] Epoch[13/80], train AUC: 0.9037(0.8360-0.9518), test AUC: 0.8069(0.6913-0.9025)
[2025-01-18 14:09:45,082][INFO] Epoch[14/80], loss:0.9715, CE loss:0.3701, info NCE loss:0.6014
[2025-01-18 14:09:45,082][INFO] Epoch[14/80], train B-acc: 0.7216(0.6340-0.8020), test B-acc: 0.6912(0.6034-0.7895)
[2025-01-18 14:09:45,082][INFO] Epoch[14/80], train AUC: 0.9154(0.8443-0.9636), test AUC: 0.8182(0.7107-0.9100)
[2025-01-18 14:11:57,321][INFO] Epoch[15/80], loss:0.9660, CE loss:0.3652, info NCE loss:0.6009
[2025-01-18 14:11:57,321][INFO] Epoch[15/80], train B-acc: 0.7294(0.6441-0.8044), test B-acc: 0.7097(0.6190-0.8077)
[2025-01-18 14:11:57,322][INFO] Epoch[15/80], train AUC: 0.9227(0.8582-0.9643), test AUC: 0.8180(0.7036-0.9111)
[2025-01-18 14:14:14,208][INFO] Epoch[16/80], loss:0.9595, CE loss:0.3592, info NCE loss:0.6002
[2025-01-18 14:14:14,208][INFO] Epoch[16/80], train B-acc: 0.7452(0.6596-0.8287), test B-acc: 0.7063(0.6176-0.8000)
[2025-01-18 14:14:14,208][INFO] Epoch[16/80], train AUC: 0.9302(0.8664-0.9722), test AUC: 0.8269(0.7312-0.9168)
[2025-01-18 14:16:28,844][INFO] Epoch[17/80], loss:0.9532, CE loss:0.3536, info NCE loss:0.5996
[2025-01-18 14:16:28,844][INFO] Epoch[17/80], train B-acc: 0.7278(0.6491-0.8129), test B-acc: 0.7030(0.6086-0.8000)
[2025-01-18 14:16:28,844][INFO] Epoch[17/80], train AUC: 0.9375(0.8779-0.9749), test AUC: 0.8326(0.7225-0.9208)
[2025-01-18 14:18:44,268][INFO] Epoch[18/80], loss:0.9483, CE loss:0.3492, info NCE loss:0.5991
[2025-01-18 14:18:44,268][INFO] Epoch[18/80], train B-acc: 0.7798(0.7004-0.8589), test B-acc: 0.7252(0.6290-0.8200)
[2025-01-18 14:18:44,269][INFO] Epoch[18/80], train AUC: 0.9419(0.8852-0.9770), test AUC: 0.8400(0.7325-0.9269)
[2025-01-18 14:20:55,825][INFO] Epoch[19/80], loss:0.9444, CE loss:0.3456, info NCE loss:0.5988
[2025-01-18 14:20:55,826][INFO] Epoch[19/80], train B-acc: 0.7820(0.7008-0.8613), test B-acc: 0.7044(0.6072-0.8000)
[2025-01-18 14:20:55,826][INFO] Epoch[19/80], train AUC: 0.9469(0.8864-0.9805), test AUC: 0.8387(0.7266-0.9262)
[2025-01-18 14:22:58,783][INFO] Epoch[20/80], loss:0.9379, CE loss:0.3398, info NCE loss:0.5981
[2025-01-18 14:22:58,784][INFO] Epoch[20/80], train B-acc: 0.7794(0.6960-0.8527), test B-acc: 0.7226(0.6262-0.8290)
[2025-01-18 14:22:58,784][INFO] Epoch[20/80], train AUC: 0.9526(0.8984-0.9844), test AUC: 0.8481(0.7519-0.9343)
[2025-01-18 14:25:00,249][INFO] Epoch[21/80], loss:0.9334, CE loss:0.3358, info NCE loss:0.5976
[2025-01-18 14:25:00,249][INFO] Epoch[21/80], train B-acc: 0.7879(0.7060-0.8695), test B-acc: 0.7048(0.6111-0.8009)
[2025-01-18 14:25:00,249][INFO] Epoch[21/80], train AUC: 0.9552(0.9011-0.9861), test AUC: 0.8494(0.7485-0.9371)
[2025-01-18 14:27:02,876][INFO] Epoch[22/80], loss:0.9290, CE loss:0.3319, info NCE loss:0.5971
[2025-01-18 14:27:02,877][INFO] Epoch[22/80], train B-acc: 0.8098(0.7275-0.8882), test B-acc: 0.7245(0.6302-0.8167)
[2025-01-18 14:27:02,877][INFO] Epoch[22/80], train AUC: 0.9592(0.9088-0.9874), test AUC: 0.8521(0.7462-0.9323)
[2025-01-18 14:29:03,641][INFO] Epoch[23/80], loss:0.9245, CE loss:0.3280, info NCE loss:0.5965
[2025-01-18 14:29:03,642][INFO] Epoch[23/80], train B-acc: 0.8193(0.7432-0.8934), test B-acc: 0.7432(0.6463-0.8382)
[2025-01-18 14:29:03,642][INFO] Epoch[23/80], train AUC: 0.9623(0.9139-0.9904), test AUC: 0.8539(0.7599-0.9328)
[2025-01-18 14:31:04,260][INFO] Epoch[24/80], loss:0.9210, CE loss:0.3249, info NCE loss:0.5961
[2025-01-18 14:31:04,260][INFO] Epoch[24/80], train B-acc: 0.8357(0.7578-0.9053), test B-acc: 0.7357(0.6415-0.8352)
[2025-01-18 14:31:04,261][INFO] Epoch[24/80], train AUC: 0.9662(0.9237-0.9909), test AUC: 0.8565(0.7625-0.9391)
[2025-01-18 14:33:05,169][INFO] Epoch[25/80], loss:0.9169, CE loss:0.3212, info NCE loss:0.5957
[2025-01-18 14:33:05,170][INFO] Epoch[25/80], train B-acc: 0.8241(0.7455-0.8952), test B-acc: 0.7492(0.6500-0.8421)
[2025-01-18 14:33:05,170][INFO] Epoch[25/80], train AUC: 0.9705(0.9272-0.9928), test AUC: 0.8582(0.7657-0.9383)
[2025-01-18 14:35:06,881][INFO] Epoch[26/80], loss:0.9125, CE loss:0.3175, info NCE loss:0.5950
[2025-01-18 14:35:06,881][INFO] Epoch[26/80], train B-acc: 0.8502(0.7716-0.9165), test B-acc: 0.7548(0.6528-0.8586)
[2025-01-18 14:35:06,881][INFO] Epoch[26/80], train AUC: 0.9737(0.9322-0.9939), test AUC: 0.8556(0.7510-0.9420)
[2025-01-18 14:37:07,851][INFO] Epoch[27/80], loss:0.9102, CE loss:0.3154, info NCE loss:0.5948
[2025-01-18 14:37:07,851][INFO] Epoch[27/80], train B-acc: 0.8856(0.8124-0.9477), test B-acc: 0.7689(0.6678-0.8631)
[2025-01-18 14:37:07,851][INFO] Epoch[27/80], train AUC: 0.9745(0.9370-0.9950), test AUC: 0.8590(0.7544-0.9370)
[2025-01-18 14:39:08,831][INFO] Epoch[28/80], loss:0.9058, CE loss:0.3117, info NCE loss:0.5942
[2025-01-18 14:39:08,831][INFO] Epoch[28/80], train B-acc: 0.8885(0.8221-0.9457), test B-acc: 0.7682(0.6646-0.8652)
[2025-01-18 14:39:08,832][INFO] Epoch[28/80], train AUC: 0.9765(0.9429-0.9961), test AUC: 0.8590(0.7505-0.9400)
[2025-01-18 14:41:09,966][INFO] Epoch[29/80], loss:0.9022, CE loss:0.3086, info NCE loss:0.5936
[2025-01-18 14:41:09,967][INFO] Epoch[29/80], train B-acc: 0.8888(0.8159-0.9455), test B-acc: 0.7682(0.6687-0.8671)
[2025-01-18 14:41:09,967][INFO] Epoch[29/80], train AUC: 0.9789(0.9448-0.9966), test AUC: 0.8586(0.7508-0.9422)
[2025-01-18 14:43:10,682][INFO] Epoch[30/80], loss:0.8989, CE loss:0.3058, info NCE loss:0.5931
[2025-01-18 14:43:10,682][INFO] Epoch[30/80], train B-acc: 0.8896(0.8175-0.9457), test B-acc: 0.7698(0.6654-0.8684)
[2025-01-18 14:43:10,682][INFO] Epoch[30/80], train AUC: 0.9815(0.9481-0.9970), test AUC: 0.8622(0.7578-0.9365)
[2025-01-18 14:45:11,327][INFO] Epoch[31/80], loss:0.8956, CE loss:0.3030, info NCE loss:0.5926
[2025-01-18 14:45:11,327][INFO] Epoch[31/80], train B-acc: 0.9017(0.8364-0.9590), test B-acc: 0.7894(0.6853-0.8825)
[2025-01-18 14:45:11,328][INFO] Epoch[31/80], train AUC: 0.9826(0.9533-0.9978), test AUC: 0.8596(0.7533-0.9371)
[2025-01-18 14:47:11,590][INFO] Epoch[32/80], loss:0.8925, CE loss:0.3004, info NCE loss:0.5921
[2025-01-18 14:47:11,590][INFO] Epoch[32/80], train B-acc: 0.9313(0.8688-0.9767), test B-acc: 0.7796(0.6766-0.8768)
[2025-01-18 14:47:11,590][INFO] Epoch[32/80], train AUC: 0.9848(0.9550-0.9984), test AUC: 0.8624(0.7575-0.9458)
[2025-01-18 14:49:11,802][INFO] Epoch[33/80], loss:0.8896, CE loss:0.2980, info NCE loss:0.5916
[2025-01-18 14:49:11,802][INFO] Epoch[33/80], train B-acc: 0.9442(0.8859-0.9840), test B-acc: 0.7874(0.6890-0.8859)
[2025-01-18 14:49:11,803][INFO] Epoch[33/80], train AUC: 0.9860(0.9590-0.9988), test AUC: 0.8589(0.7615-0.9397)
[2025-01-18 14:51:13,071][INFO] Epoch[34/80], loss:0.8876, CE loss:0.2963, info NCE loss:0.5912
[2025-01-18 14:51:13,071][INFO] Epoch[34/80], train B-acc: 0.9165(0.8578-0.9677), test B-acc: 0.7798(0.6714-0.8752)
[2025-01-18 14:51:13,071][INFO] Epoch[34/80], train AUC: 0.9876(0.9649-0.9987), test AUC: 0.8590(0.7511-0.9413)
[2025-01-18 14:53:14,312][INFO] Epoch[35/80], loss:0.8837, CE loss:0.2931, info NCE loss:0.5907
[2025-01-18 14:53:14,312][INFO] Epoch[35/80], train B-acc: 0.9309(0.8688-0.9789), test B-acc: 0.7958(0.6889-0.8867)
[2025-01-18 14:53:14,313][INFO] Epoch[35/80], train AUC: 0.9891(0.9675-0.9990), test AUC: 0.8618(0.7552-0.9398)
[2025-01-18 14:55:15,133][INFO] Epoch[36/80], loss:0.8810, CE loss:0.2908, info NCE loss:0.5902
[2025-01-18 14:55:15,133][INFO] Epoch[36/80], train B-acc: 0.9309(0.8690-0.9789), test B-acc: 0.7946(0.6937-0.8881)
[2025-01-18 14:55:15,134][INFO] Epoch[36/80], train AUC: 0.9896(0.9686-0.9993), test AUC: 0.8601(0.7505-0.9422)
[2025-01-18 14:57:16,786][INFO] Epoch[37/80], loss:0.8794, CE loss:0.2894, info NCE loss:0.5900
[2025-01-18 14:57:16,786][INFO] Epoch[37/80], train B-acc: 0.9675(0.9246-0.9976), test B-acc: 0.8125(0.7125-0.9065)
[2025-01-18 14:57:16,786][INFO] Epoch[37/80], train AUC: 0.9898(0.9714-0.9991), test AUC: 0.8638(0.7531-0.9441)
[2025-01-18 14:59:17,747][INFO] Epoch[38/80], loss:0.8770, CE loss:0.2875, info NCE loss:0.5895
[2025-01-18 14:59:17,747][INFO] Epoch[38/80], train B-acc: 0.9586(0.9091-0.9977), test B-acc: 0.7871(0.6875-0.8794)
[2025-01-18 14:59:17,747][INFO] Epoch[38/80], train AUC: 0.9915(0.9753-0.9994), test AUC: 0.8601(0.7547-0.9417)
[2025-01-18 15:01:18,036][INFO] Epoch[39/80], loss:0.8737, CE loss:0.2848, info NCE loss:0.5890
[2025-01-18 15:01:18,036][INFO] Epoch[39/80], train B-acc: 0.9586(0.9099-0.9977), test B-acc: 0.7874(0.6840-0.8786)
[2025-01-18 15:01:18,036][INFO] Epoch[39/80], train AUC: 0.9926(0.9777-1.0000), test AUC: 0.8631(0.7648-0.9391)
[2025-01-18 15:03:20,582][INFO] Epoch[40/80], loss:0.8720, CE loss:0.2832, info NCE loss:0.5888
[2025-01-18 15:03:20,582][INFO] Epoch[40/80], train B-acc: 0.9681(0.9220-0.9957), test B-acc: 0.7996(0.7065-0.8871)
[2025-01-18 15:03:20,583][INFO] Epoch[40/80], train AUC: 0.9936(0.9806-0.9996), test AUC: 0.8608(0.7644-0.9419)
[2025-01-18 15:05:22,091][INFO] Epoch[41/80], loss:0.8697, CE loss:0.2814, info NCE loss:0.5883
[2025-01-18 15:05:22,092][INFO] Epoch[41/80], train B-acc: 0.9712(0.9297-0.9978), test B-acc: 0.7853(0.6929-0.8731)
[2025-01-18 15:05:22,092][INFO] Epoch[41/80], train AUC: 0.9938(0.9824-0.9997), test AUC: 0.8617(0.7653-0.9376)
[2025-01-18 15:07:23,078][INFO] Epoch[42/80], loss:0.8675, CE loss:0.2795, info NCE loss:0.5880
[2025-01-18 15:07:23,079][INFO] Epoch[42/80], train B-acc: 0.9646(0.9193-0.9912), test B-acc: 0.7987(0.6985-0.8869)
[2025-01-18 15:07:23,080][INFO] Epoch[42/80], train AUC: 0.9946(0.9827-0.9996), test AUC: 0.8611(0.7562-0.9380)
[2025-01-18 15:09:23,925][INFO] Epoch[43/80], loss:0.8670, CE loss:0.2793, info NCE loss:0.5878
[2025-01-18 15:09:23,925][INFO] Epoch[43/80], train B-acc: 0.9707(0.9309-0.9978), test B-acc: 0.7875(0.6859-0.8840)
[2025-01-18 15:09:23,925][INFO] Epoch[43/80], train AUC: 0.9948(0.9840-0.9998), test AUC: 0.8630(0.7625-0.9462)
[2025-01-18 15:11:25,748][INFO] Epoch[44/80], loss:0.8631, CE loss:0.2758, info NCE loss:0.5873
[2025-01-18 15:11:25,749][INFO] Epoch[44/80], train B-acc: 0.9703(0.9267-0.9978), test B-acc: 0.8121(0.7067-0.9018)
[2025-01-18 15:11:25,749][INFO] Epoch[44/80], train AUC: 0.9958(0.9877-0.9997), test AUC: 0.8651(0.7688-0.9435)
[2025-01-18 15:13:26,955][INFO] Epoch[45/80], loss:0.8618, CE loss:0.2747, info NCE loss:0.5871
[2025-01-18 15:13:26,955][INFO] Epoch[45/80], train B-acc: 0.9698(0.9289-0.9978), test B-acc: 0.8056(0.7044-0.8969)
[2025-01-18 15:13:26,956][INFO] Epoch[45/80], train AUC: 0.9967(0.9893-0.9998), test AUC: 0.8640(0.7521-0.9403)
[2025-01-18 15:15:28,790][INFO] Epoch[46/80], loss:0.8594, CE loss:0.2728, info NCE loss:0.5866
[2025-01-18 15:15:28,790][INFO] Epoch[46/80], train B-acc: 0.9714(0.9286-0.9978), test B-acc: 0.8070(0.7115-0.9008)
[2025-01-18 15:15:28,790][INFO] Epoch[46/80], train AUC: 0.9970(0.9911-0.9999), test AUC: 0.8641(0.7595-0.9424)
[2025-01-18 15:17:30,122][INFO] Epoch[47/80], loss:0.8574, CE loss:0.2710, info NCE loss:0.5864
[2025-01-18 15:17:30,123][INFO] Epoch[47/80], train B-acc: 0.9697(0.9256-0.9977), test B-acc: 0.7995(0.6964-0.8925)
[2025-01-18 15:17:30,123][INFO] Epoch[47/80], train AUC: 0.9979(0.9938-1.0000), test AUC: 0.8616(0.7661-0.9475)
[2025-01-18 15:19:31,849][INFO] Epoch[48/80], loss:0.8558, CE loss:0.2698, info NCE loss:0.5860
[2025-01-18 15:19:31,849][INFO] Epoch[48/80], train B-acc: 0.9698(0.9272-0.9977), test B-acc: 0.8024(0.7027-0.8919)
[2025-01-18 15:19:31,850][INFO] Epoch[48/80], train AUC: 0.9982(0.9941-1.0000), test AUC: 0.8654(0.7556-0.9451)
[2025-01-18 15:21:33,778][INFO] Epoch[49/80], loss:0.8536, CE loss:0.2679, info NCE loss:0.5857
[2025-01-18 15:21:33,778][INFO] Epoch[49/80], train B-acc: 0.9703(0.9261-0.9977), test B-acc: 0.8071(0.7095-0.9006)
[2025-01-18 15:21:33,778][INFO] Epoch[49/80], train AUC: 0.9985(0.9947-1.0000), test AUC: 0.8640(0.7627-0.9449)
[2025-01-18 15:23:35,748][INFO] Epoch[50/80], loss:0.8521, CE loss:0.2667, info NCE loss:0.5854
[2025-01-18 15:23:35,748][INFO] Epoch[50/80], train B-acc: 0.9806(0.9478-0.9977), test B-acc: 0.7931(0.6937-0.8834)
[2025-01-18 15:23:35,748][INFO] Epoch[50/80], train AUC: 0.9988(0.9957-1.0000), test AUC: 0.8602(0.7577-0.9389)
[2025-01-18 15:24:33,122][INFO] Epoch 51 retry 1 of 5, loss did not decrease.
[2025-01-18 15:26:36,498][INFO] Epoch[51/80], loss:0.8499, CE loss:0.2649, info NCE loss:0.5850
[2025-01-18 15:26:36,499][INFO] Epoch[51/80], train B-acc: 0.9658(0.9252-0.9934), test B-acc: 0.8067(0.7105-0.8906)
[2025-01-18 15:26:36,499][INFO] Epoch[51/80], train AUC: 0.9991(0.9966-1.0000), test AUC: 0.8624(0.7641-0.9355)
[2025-01-18 15:28:41,435][INFO] Epoch[52/80], loss:0.8477, CE loss:0.2630, info NCE loss:0.5847
[2025-01-18 15:28:41,435][INFO] Epoch[52/80], train B-acc: 0.9910(0.9813-0.9978), test B-acc: 0.7853(0.6829-0.8734)
[2025-01-18 15:28:41,436][INFO] Epoch[52/80], train AUC: 0.9992(0.9964-1.0000), test AUC: 0.8605(0.7555-0.9376)
[2025-01-18 15:30:42,458][INFO] Epoch[53/80], loss:0.8466, CE loss:0.2621, info NCE loss:0.5846
[2025-01-18 15:30:42,460][INFO] Epoch[53/80], train B-acc: 0.9796(0.9482-0.9977), test B-acc: 0.7885(0.6748-0.8772)
[2025-01-18 15:30:42,460][INFO] Epoch[53/80], train AUC: 0.9992(0.9967-1.0000), test AUC: 0.8632(0.7609-0.9378)
[2025-01-18 15:32:43,242][INFO] Epoch[54/80], loss:0.8450, CE loss:0.2607, info NCE loss:0.5843
[2025-01-18 15:32:43,242][INFO] Epoch[54/80], train B-acc: 0.9910(0.9814-0.9978), test B-acc: 0.7867(0.6875-0.8768)
[2025-01-18 15:32:43,243][INFO] Epoch[54/80], train AUC: 0.9992(0.9968-1.0000), test AUC: 0.8630(0.7588-0.9371)
[2025-01-18 15:34:46,386][INFO] Epoch[55/80], loss:0.8438, CE loss:0.2598, info NCE loss:0.5840
[2025-01-18 15:34:46,386][INFO] Epoch[55/80], train B-acc: 0.9786(0.9435-0.9977), test B-acc: 0.7862(0.6867-0.8831)
[2025-01-18 15:34:46,386][INFO] Epoch[55/80], train AUC: 0.9992(0.9970-1.0000), test AUC: 0.8617(0.7523-0.9451)
[2025-01-18 15:36:48,532][INFO] Epoch[56/80], loss:0.8424, CE loss:0.2586, info NCE loss:0.5838
[2025-01-18 15:36:48,532][INFO] Epoch[56/80], train B-acc: 0.9911(0.9817-0.9978), test B-acc: 0.7861(0.6859-0.8825)
[2025-01-18 15:36:48,533][INFO] Epoch[56/80], train AUC: 0.9992(0.9968-1.0000), test AUC: 0.8601(0.7513-0.9424)
[2025-01-18 15:38:50,620][INFO] Epoch[57/80], loss:0.8412, CE loss:0.2576, info NCE loss:0.5836
[2025-01-18 15:38:50,620][INFO] Epoch[57/80], train B-acc: 0.9911(0.9813-0.9978), test B-acc: 0.7858(0.6719-0.8769)
[2025-01-18 15:38:50,620][INFO] Epoch[57/80], train AUC: 0.9993(0.9968-1.0000), test AUC: 0.8586(0.7521-0.9374)
[2025-01-18 15:40:53,749][INFO] Epoch[58/80], loss:0.8407, CE loss:0.2572, info NCE loss:0.5835
[2025-01-18 15:40:53,750][INFO] Epoch[58/80], train B-acc: 0.9910(0.9817-0.9978), test B-acc: 0.7818(0.6810-0.8809)
[2025-01-18 15:40:53,750][INFO] Epoch[58/80], train AUC: 0.9992(0.9968-1.0000), test AUC: 0.8589(0.7676-0.9422)
[2025-01-18 15:42:55,396][INFO] Epoch[59/80], loss:0.8395, CE loss:0.2562, info NCE loss:0.5833
[2025-01-18 15:42:55,397][INFO] Epoch[59/80], train B-acc: 0.9910(0.9814-1.0000), test B-acc: 0.7807(0.6800-0.8733)
[2025-01-18 15:42:55,397][INFO] Epoch[59/80], train AUC: 0.9992(0.9969-1.0000), test AUC: 0.8636(0.7504-0.9362)
[2025-01-18 15:44:59,426][INFO] Epoch[60/80], loss:0.8373, CE loss:0.2544, info NCE loss:0.5829
[2025-01-18 15:44:59,427][INFO] Epoch[60/80], train B-acc: 0.9910(0.9816-0.9978), test B-acc: 0.7807(0.6746-0.8695)
[2025-01-18 15:44:59,427][INFO] Epoch[60/80], train AUC: 0.9993(0.9968-1.0000), test AUC: 0.8622(0.7609-0.9386)
[2025-01-18 15:47:02,014][INFO] Epoch[61/80], loss:0.8363, CE loss:0.2535, info NCE loss:0.5828
[2025-01-18 15:47:02,014][INFO] Epoch[61/80], train B-acc: 0.9888(0.9793-0.9977), test B-acc: 0.7733(0.6711-0.8687)
[2025-01-18 15:47:02,015][INFO] Epoch[61/80], train AUC: 0.9993(0.9972-1.0000), test AUC: 0.8625(0.7518-0.9429)
[2025-01-18 15:49:03,966][INFO] Epoch[62/80], loss:0.8350, CE loss:0.2524, info NCE loss:0.5825
[2025-01-18 15:49:03,966][INFO] Epoch[62/80], train B-acc: 0.9910(0.9810-0.9978), test B-acc: 0.7880(0.6813-0.8838)
[2025-01-18 15:49:03,968][INFO] Epoch[62/80], train AUC: 0.9995(0.9975-1.0000), test AUC: 0.8650(0.7630-0.9432)
[2025-01-18 15:51:05,601][INFO] Epoch[63/80], loss:0.8343, CE loss:0.2519, info NCE loss:0.5824
[2025-01-18 15:51:05,601][INFO] Epoch[63/80], train B-acc: 0.9910(0.9816-0.9978), test B-acc: 0.7847(0.6813-0.8867)
[2025-01-18 15:51:05,602][INFO] Epoch[63/80], train AUC: 0.9996(0.9981-1.0000), test AUC: 0.8616(0.7611-0.9366)
[2025-01-18 15:53:08,412][INFO] Epoch[64/80], loss:0.8330, CE loss:0.2508, info NCE loss:0.5822
[2025-01-18 15:53:08,413][INFO] Epoch[64/80], train B-acc: 0.9910(0.9815-0.9978), test B-acc: 0.7741(0.6733-0.8654)
[2025-01-18 15:53:08,413][INFO] Epoch[64/80], train AUC: 0.9999(0.9989-1.0000), test AUC: 0.8612(0.7659-0.9393)
[2025-01-18 15:55:10,349][INFO] Epoch[65/80], loss:0.8321, CE loss:0.2501, info NCE loss:0.5820
[2025-01-18 15:55:10,349][INFO] Epoch[65/80], train B-acc: 0.9824(0.9689-0.9932), test B-acc: 0.7667(0.6579-0.8661)
[2025-01-18 15:55:10,349][INFO] Epoch[65/80], train AUC: 0.9999(0.9988-1.0000), test AUC: 0.8646(0.7566-0.9402)
[2025-01-18 15:56:07,201][INFO] Epoch 66 retry 1 of 5, loss did not decrease.
[2025-01-18 15:58:09,464][INFO] Epoch[66/80], loss:0.8303, CE loss:0.2486, info NCE loss:0.5817
[2025-01-18 15:58:09,464][INFO] Epoch[66/80], train B-acc: 0.9886(0.9772-0.9977), test B-acc: 0.7640(0.6568-0.8655)
[2025-01-18 15:58:09,464][INFO] Epoch[66/80], train AUC: 0.9998(0.9988-1.0000), test AUC: 0.8629(0.7605-0.9438)
[2025-01-18 16:00:12,180][INFO] Epoch[67/80], loss:0.8297, CE loss:0.2481, info NCE loss:0.5816
[2025-01-18 16:00:12,180][INFO] Epoch[67/80], train B-acc: 0.9865(0.9744-0.9955), test B-acc: 0.7697(0.6679-0.8653)
[2025-01-18 16:00:12,180][INFO] Epoch[67/80], train AUC: 0.9999(0.9988-1.0000), test AUC: 0.8679(0.7675-0.9446)
[2025-01-18 16:02:14,773][INFO] Epoch[68/80], loss:0.8283, CE loss:0.2469, info NCE loss:0.5814
[2025-01-18 16:02:14,774][INFO] Epoch[68/80], train B-acc: 0.9887(0.9782-0.9977), test B-acc: 0.7664(0.6644-0.8600)
[2025-01-18 16:02:14,774][INFO] Epoch[68/80], train AUC: 0.9999(0.9989-1.0000), test AUC: 0.8587(0.7555-0.9349)
[2025-01-18 16:04:17,459][INFO] Epoch[69/80], loss:0.8270, CE loss:0.2458, info NCE loss:0.5812
[2025-01-18 16:04:17,459][INFO] Epoch[69/80], train B-acc: 0.9887(0.9775-0.9977), test B-acc: 0.7662(0.6667-0.8604)
[2025-01-18 16:04:17,459][INFO] Epoch[69/80], train AUC: 0.9998(0.9982-1.0000), test AUC: 0.8632(0.7648-0.9396)
[2025-01-18 16:06:20,147][INFO] Epoch[70/80], loss:0.8262, CE loss:0.2452, info NCE loss:0.5811
[2025-01-18 16:06:20,147][INFO] Epoch[70/80], train B-acc: 0.9865(0.9748-0.9956), test B-acc: 0.7640(0.6612-0.8634)
[2025-01-18 16:06:20,147][INFO] Epoch[70/80], train AUC: 0.9998(0.9982-1.0000), test AUC: 0.8630(0.7570-0.9392)
[2025-01-18 16:08:22,733][INFO] Epoch[71/80], loss:0.8256, CE loss:0.2447, info NCE loss:0.5809
[2025-01-18 16:08:22,733][INFO] Epoch[71/80], train B-acc: 0.9864(0.9738-0.9955), test B-acc: 0.7733(0.6645-0.8625)
[2025-01-18 16:08:22,733][INFO] Epoch[71/80], train AUC: 0.9997(0.9983-1.0000), test AUC: 0.8605(0.7554-0.9380)
[2025-01-18 16:10:25,431][INFO] Epoch[72/80], loss:0.8249, CE loss:0.2442, info NCE loss:0.5807
[2025-01-18 16:10:25,431][INFO] Epoch[72/80], train B-acc: 0.9865(0.9752-0.9955), test B-acc: 0.7718(0.6677-0.8691)
[2025-01-18 16:10:25,431][INFO] Epoch[72/80], train AUC: 0.9997(0.9983-1.0000), test AUC: 0.8588(0.7600-0.9384)
[2025-01-18 16:12:27,277][INFO] Epoch[73/80], loss:0.8240, CE loss:0.2433, info NCE loss:0.5806
[2025-01-18 16:12:27,277][INFO] Epoch[73/80], train B-acc: 0.9842(0.9716-0.9934), test B-acc: 0.7856(0.6804-0.8718)
[2025-01-18 16:12:27,278][INFO] Epoch[73/80], train AUC: 0.9997(0.9985-1.0000), test AUC: 0.8560(0.7557-0.9315)
[2025-01-18 16:14:28,780][INFO] Epoch[74/80], loss:0.8231, CE loss:0.2426, info NCE loss:0.5805
[2025-01-18 16:14:28,780][INFO] Epoch[74/80], train B-acc: 0.9888(0.9775-0.9977), test B-acc: 0.7733(0.6702-0.8625)
[2025-01-18 16:14:28,780][INFO] Epoch[74/80], train AUC: 0.9999(0.9989-1.0000), test AUC: 0.8546(0.7499-0.9317)
[2025-01-18 16:16:30,663][INFO] Epoch[75/80], loss:0.8226, CE loss:0.2422, info NCE loss:0.5804
[2025-01-18 16:16:30,663][INFO] Epoch[75/80], train B-acc: 0.9844(0.9714-0.9953), test B-acc: 0.7733(0.6706-0.8671)
[2025-01-18 16:16:30,663][INFO] Epoch[75/80], train AUC: 0.9999(0.9989-1.0000), test AUC: 0.8571(0.7557-0.9315)
[2025-01-18 16:18:32,778][INFO] Epoch[76/80], loss:0.8214, CE loss:0.2412, info NCE loss:0.5802
[2025-01-18 16:18:32,779][INFO] Epoch[76/80], train B-acc: 0.9843(0.9709-0.9954), test B-acc: 0.7902(0.6938-0.8795)
[2025-01-18 16:18:32,779][INFO] Epoch[76/80], train AUC: 1.0000(0.9993-1.0000), test AUC: 0.8574(0.7493-0.9359)
[2025-01-18 16:20:34,745][INFO] Epoch[77/80], loss:0.8212, CE loss:0.2409, info NCE loss:0.5802
[2025-01-18 16:20:34,745][INFO] Epoch[77/80], train B-acc: 0.9818(0.9680-0.9930), test B-acc: 0.7800(0.6842-0.8740)
[2025-01-18 16:20:34,745][INFO] Epoch[77/80], train AUC: 1.0000(0.9993-1.0000), test AUC: 0.8542(0.7605-0.9326)
[2025-01-18 16:22:37,390][INFO] Epoch[78/80], loss:0.8203, CE loss:0.2402, info NCE loss:0.5801
[2025-01-18 16:22:37,390][INFO] Epoch[78/80], train B-acc: 0.9819(0.9680-0.9932), test B-acc: 0.7969(0.6939-0.8851)
[2025-01-18 16:22:37,390][INFO] Epoch[78/80], train AUC: 1.0000(0.9992-1.0000), test AUC: 0.8530(0.7445-0.9320)
[2025-01-18 16:24:39,362][INFO] Epoch[79/80], loss:0.8193, CE loss:0.2395, info NCE loss:0.5799
[2025-01-18 16:24:39,362][INFO] Epoch[79/80], train B-acc: 0.9819(0.9692-0.9932), test B-acc: 0.7765(0.6738-0.8717)
[2025-01-18 16:24:39,363][INFO] Epoch[79/80], train AUC: 1.0000(0.9993-1.0000), test AUC: 0.8495(0.7499-0.9293)
[2025-01-18 16:26:41,869][INFO] Epoch[80/80], loss:0.8185, CE loss:0.2387, info NCE loss:0.5798
[2025-01-18 16:26:41,869][INFO] Epoch[80/80], train B-acc: 0.9818(0.9690-0.9931), test B-acc: 0.7976(0.7000-0.8919)
[2025-01-18 16:26:41,869][INFO] Epoch[80/80], train AUC: 1.0000(0.9993-1.0000), test AUC: 0.8528(0.7527-0.9288)
