[2025-01-24 22:53:18,256][INFO] Running PROJECT: CRC-KR, P LEARNING RATE: 0.0001, OPTIMIZER: ADAMW, NUM EPOCHS: 40, BATCH SIZE: 2048, DEVICES: cuda, SMOOTHING: 0.5
[2025-01-24 22:53:18,256][INFO] params["in_chans"]=[200, 16]
[2025-01-24 22:53:18,256][INFO] params["dims"]=[512, 512]
[2025-01-24 22:53:18,258][INFO] params["out_chans"]=[16, 8]
[2025-01-24 22:53:18,258][INFO] params["heads"]=[8, 4]
[2025-01-24 22:53:18,258][INFO] params["dropout"]=[0.8, 0.4, 0.4]
[2025-01-24 22:55:15,076][INFO] Epoch[1/40], loss:0.7219, CE loss:0.6468 , info NCE loss:0.5494
[2025-01-24 22:55:15,077][INFO] Epoch[1/40], train B-acc: 0.5000(0.5000-0.5000), test B-acc: 0.5000(0.5000-0.5000)
[2025-01-24 22:55:15,077][INFO] Epoch[1/40], train AUC: 0.6634(0.5767-0.7414), test AUC: 0.6017(0.4797-0.7167)
[2025-01-24 22:57:10,903][INFO] Epoch[2/40], loss:0.7035, CE loss:0.6285 , info NCE loss:0.5481
[2025-01-24 22:57:10,903][INFO] Epoch[2/40], train B-acc: 0.5000(0.5000-0.5000), test B-acc: 0.5000(0.5000-0.5000)
[2025-01-24 22:57:10,905][INFO] Epoch[2/40], train AUC: 0.7155(0.6223-0.7971), test AUC: 0.6168(0.4873-0.7338)
[2025-01-24 22:59:09,991][INFO] Epoch[3/40], loss:0.6988, CE loss:0.6240 , info NCE loss:0.5464
[2025-01-24 22:59:09,992][INFO] Epoch[3/40], train B-acc: 0.5000(0.5000-0.5000), test B-acc: 0.4938(0.4789-0.5000)
[2025-01-24 22:59:09,992][INFO] Epoch[3/40], train AUC: 0.7512(0.6751-0.8243), test AUC: 0.6356(0.5077-0.7539)
[2025-01-24 23:01:06,178][INFO] Epoch[4/40], loss:0.6956, CE loss:0.6210 , info NCE loss:0.5438
[2025-01-24 23:01:06,178][INFO] Epoch[4/40], train B-acc: 0.5114(0.5000-0.5441), test B-acc: 0.4938(0.4803-0.5000)
[2025-01-24 23:01:06,178][INFO] Epoch[4/40], train AUC: 0.7837(0.7042-0.8533), test AUC: 0.6521(0.5176-0.7711)
[2025-01-24 23:03:02,381][INFO] Epoch[5/40], loss:0.6931, CE loss:0.6190 , info NCE loss:0.5393
[2025-01-24 23:03:02,381][INFO] Epoch[5/40], train B-acc: 0.5090(0.4938-0.5374), test B-acc: 0.4939(0.4803-0.5000)
[2025-01-24 23:03:02,382][INFO] Epoch[5/40], train AUC: 0.8081(0.7364-0.8717), test AUC: 0.6820(0.5481-0.7966)
[2025-01-24 23:05:00,730][INFO] Epoch[6/40], loss:0.6908, CE loss:0.6174 , info NCE loss:0.5330
[2025-01-24 23:05:00,730][INFO] Epoch[6/40], train B-acc: 0.5206(0.4959-0.5605), test B-acc: 0.4938(0.4800-0.5000)
[2025-01-24 23:05:00,730][INFO] Epoch[6/40], train AUC: 0.8354(0.7614-0.8987), test AUC: 0.7017(0.5724-0.8031)
[2025-01-24 23:06:55,865][INFO] Epoch[7/40], loss:0.6878, CE loss:0.6157 , info NCE loss:0.5195
[2025-01-24 23:06:55,865][INFO] Epoch[7/40], train B-acc: 0.5441(0.5076-0.5979), test B-acc: 0.4938(0.4797-0.5000)
[2025-01-24 23:06:55,865][INFO] Epoch[7/40], train AUC: 0.8554(0.7909-0.9119), test AUC: 0.7081(0.5873-0.8190)
[2025-01-24 23:08:51,227][INFO] Epoch[8/40], loss:0.6847, CE loss:0.6140 , info NCE loss:0.5127
[2025-01-24 23:08:51,227][INFO] Epoch[8/40], train B-acc: 0.5455(0.5095-0.5979), test B-acc: 0.5000(0.5000-0.5000)
[2025-01-24 23:08:51,229][INFO] Epoch[8/40], train AUC: 0.8712(0.8113-0.9215), test AUC: 0.7241(0.5980-0.8357)
[2025-01-24 23:10:46,492][INFO] Epoch[9/40], loss:0.6824, CE loss:0.6125 , info NCE loss:0.5068
[2025-01-24 23:10:46,492][INFO] Epoch[9/40], train B-acc: 0.5568(0.5141-0.6098), test B-acc: 0.5156(0.5000-0.5556)
[2025-01-24 23:10:46,492][INFO] Epoch[9/40], train AUC: 0.8884(0.8326-0.9346), test AUC: 0.7341(0.6077-0.8352)
[2025-01-24 23:12:41,676][INFO] Epoch[10/40], loss:0.6805, CE loss:0.6110 , info NCE loss:0.5045
[2025-01-24 23:12:41,677][INFO] Epoch[10/40], train B-acc: 0.5698(0.5204-0.6312), test B-acc: 0.5161(0.5000-0.5577)
[2025-01-24 23:12:41,677][INFO] Epoch[10/40], train AUC: 0.9007(0.8526-0.9425), test AUC: 0.7447(0.6227-0.8433)
[2025-01-24 23:14:37,327][INFO] Epoch[11/40], loss:0.6791, CE loss:0.6099 , info NCE loss:0.5040
[2025-01-24 23:14:37,327][INFO] Epoch[11/40], train B-acc: 0.5811(0.5290-0.6446), test B-acc: 0.5303(0.5000-0.5806)
[2025-01-24 23:14:37,327][INFO] Epoch[11/40], train AUC: 0.9090(0.8639-0.9466), test AUC: 0.7557(0.6429-0.8539)
[2025-01-24 23:16:31,604][INFO] Epoch[12/40], loss:0.6778, CE loss:0.6087 , info NCE loss:0.5008
[2025-01-24 23:16:31,605][INFO] Epoch[12/40], train B-acc: 0.6098(0.5505-0.6735), test B-acc: 0.5312(0.5000-0.5862)
[2025-01-24 23:16:31,605][INFO] Epoch[12/40], train AUC: 0.9172(0.8706-0.9534), test AUC: 0.7629(0.6505-0.8552)
[2025-01-24 23:18:26,422][INFO] Epoch[13/40], loss:0.6762, CE loss:0.6074 , info NCE loss:0.4992
[2025-01-24 23:18:26,423][INFO] Epoch[13/40], train B-acc: 0.6058(0.5477-0.6797), test B-acc: 0.5645(0.5161-0.6333)
[2025-01-24 23:18:26,423][INFO] Epoch[13/40], train AUC: 0.9247(0.8800-0.9583), test AUC: 0.7633(0.6487-0.8657)
[2025-01-24 23:20:20,149][INFO] Epoch[14/40], loss:0.6750, CE loss:0.6064 , info NCE loss:0.5002
[2025-01-24 23:20:20,149][INFO] Epoch[14/40], train B-acc: 0.6170(0.5585-0.6910), test B-acc: 0.5645(0.5139-0.6333)
[2025-01-24 23:20:20,149][INFO] Epoch[14/40], train AUC: 0.9301(0.8922-0.9597), test AUC: 0.7681(0.6624-0.8665)
[2025-01-24 23:22:15,455][INFO] Epoch[15/40], loss:0.6742, CE loss:0.6057 , info NCE loss:0.4978
[2025-01-24 23:22:15,457][INFO] Epoch[15/40], train B-acc: 0.6448(0.5769-0.7131), test B-acc: 0.5603(0.5000-0.6270)
[2025-01-24 23:22:15,457][INFO] Epoch[15/40], train AUC: 0.9363(0.8957-0.9652), test AUC: 0.7768(0.6628-0.8742)
[2025-01-24 23:24:10,112][INFO] Epoch[16/40], loss:0.6730, CE loss:0.6046 , info NCE loss:0.4966
[2025-01-24 23:24:10,112][INFO] Epoch[16/40], train B-acc: 0.6410(0.5755-0.7153), test B-acc: 0.5692(0.5072-0.6429)
[2025-01-24 23:24:10,112][INFO] Epoch[16/40], train AUC: 0.9376(0.9013-0.9666), test AUC: 0.7799(0.6691-0.8717)
[2025-01-24 23:26:03,729][INFO] Epoch[17/40], loss:0.6720, CE loss:0.6037 , info NCE loss:0.4961
[2025-01-24 23:26:03,729][INFO] Epoch[17/40], train B-acc: 0.6415(0.5769-0.7111), test B-acc: 0.5606(0.5070-0.6333)
[2025-01-24 23:26:03,730][INFO] Epoch[17/40], train AUC: 0.9434(0.9069-0.9691), test AUC: 0.7825(0.6723-0.8722)
[2025-01-24 23:27:57,768][INFO] Epoch[18/40], loss:0.6713, CE loss:0.6031 , info NCE loss:0.4965
[2025-01-24 23:27:57,768][INFO] Epoch[18/40], train B-acc: 0.6408(0.5786-0.7080), test B-acc: 0.5581(0.5063-0.6286)
[2025-01-24 23:27:57,768][INFO] Epoch[18/40], train AUC: 0.9464(0.9144-0.9733), test AUC: 0.7824(0.6816-0.8770)
[2025-01-24 23:29:54,082][INFO] Epoch[19/40], loss:0.6705, CE loss:0.6024 , info NCE loss:0.4946
[2025-01-24 23:29:54,082][INFO] Epoch[19/40], train B-acc: 0.6881(0.6114-0.7658), test B-acc: 0.6029(0.5328-0.6838)
[2025-01-24 23:29:54,083][INFO] Epoch[19/40], train AUC: 0.9493(0.9167-0.9746), test AUC: 0.7814(0.6798-0.8702)
[2025-01-24 23:31:49,895][INFO] Epoch[20/40], loss:0.6695, CE loss:0.6014 , info NCE loss:0.4954
[2025-01-24 23:31:49,896][INFO] Epoch[20/40], train B-acc: 0.6648(0.5897-0.7387), test B-acc: 0.6034(0.5322-0.6863)
[2025-01-24 23:31:49,896][INFO] Epoch[20/40], train AUC: 0.9523(0.9217-0.9766), test AUC: 0.7797(0.6835-0.8731)
[2025-01-24 23:33:44,383][INFO] Epoch[21/40], loss:0.6688, CE loss:0.6008 , info NCE loss:0.4945
[2025-01-24 23:33:44,383][INFO] Epoch[21/40], train B-acc: 0.6644(0.5907-0.7408), test B-acc: 0.6074(0.5289-0.6883)
[2025-01-24 23:33:44,383][INFO] Epoch[21/40], train AUC: 0.9559(0.9234-0.9790), test AUC: 0.7849(0.6860-0.8776)
[2025-01-24 23:35:38,942][INFO] Epoch[22/40], loss:0.6682, CE loss:0.6003 , info NCE loss:0.4935
[2025-01-24 23:35:38,942][INFO] Epoch[22/40], train B-acc: 0.7207(0.6479-0.7922), test B-acc: 0.6188(0.5414-0.7155)
[2025-01-24 23:35:38,942][INFO] Epoch[22/40], train AUC: 0.9562(0.9252-0.9790), test AUC: 0.7854(0.6775-0.8708)
[2025-01-24 23:37:33,865][INFO] Epoch[23/40], loss:0.6673, CE loss:0.5995 , info NCE loss:0.4919
[2025-01-24 23:37:33,865][INFO] Epoch[23/40], train B-acc: 0.7235(0.6481-0.7993), test B-acc: 0.6212(0.5453-0.7083)
[2025-01-24 23:37:33,865][INFO] Epoch[23/40], train AUC: 0.9601(0.9296-0.9796), test AUC: 0.7838(0.6728-0.8695)
[2025-01-24 23:39:27,211][INFO] Epoch[24/40], loss:0.6668, CE loss:0.5990 , info NCE loss:0.4925
[2025-01-24 23:39:27,211][INFO] Epoch[24/40], train B-acc: 0.7453(0.6682-0.8227), test B-acc: 0.6065(0.5324-0.6940)
[2025-01-24 23:39:27,212][INFO] Epoch[24/40], train AUC: 0.9620(0.9356-0.9830), test AUC: 0.7804(0.6840-0.8709)
[2025-01-24 23:41:21,745][INFO] Epoch[25/40], loss:0.6660, CE loss:0.5983 , info NCE loss:0.4914
[2025-01-24 23:41:21,745][INFO] Epoch[25/40], train B-acc: 0.7412(0.6662-0.8131), test B-acc: 0.6120(0.5356-0.6969)
[2025-01-24 23:41:21,746][INFO] Epoch[25/40], train AUC: 0.9650(0.9370-0.9837), test AUC: 0.7797(0.6829-0.8748)
[2025-01-24 23:43:16,989][INFO] Epoch[26/40], loss:0.6655, CE loss:0.5978 , info NCE loss:0.4898
[2025-01-24 23:43:16,990][INFO] Epoch[26/40], train B-acc: 0.7587(0.6841-0.8417), test B-acc: 0.6058(0.5309-0.6935)
[2025-01-24 23:43:16,990][INFO] Epoch[26/40], train AUC: 0.9654(0.9424-0.9837), test AUC: 0.7831(0.6755-0.8721)
[2025-01-24 23:45:11,485][INFO] Epoch[27/40], loss:0.6650, CE loss:0.5973 , info NCE loss:0.4922
[2025-01-24 23:45:11,485][INFO] Epoch[27/40], train B-acc: 0.8066(0.7299-0.8747), test B-acc: 0.5954(0.5148-0.6880)
[2025-01-24 23:45:11,486][INFO] Epoch[27/40], train AUC: 0.9673(0.9435-0.9841), test AUC: 0.7845(0.6831-0.8751)
[2025-01-24 23:47:05,668][INFO] Epoch[28/40], loss:0.6645, CE loss:0.5969 , info NCE loss:0.4884
[2025-01-24 23:47:05,668][INFO] Epoch[28/40], train B-acc: 0.7764(0.6960-0.8425), test B-acc: 0.6075(0.5308-0.6863)
[2025-01-24 23:47:05,668][INFO] Epoch[28/40], train AUC: 0.9686(0.9453-0.9857), test AUC: 0.7855(0.6848-0.8689)
[2025-01-24 23:49:00,748][INFO] Epoch[29/40], loss:0.6639, CE loss:0.5963 , info NCE loss:0.4886
[2025-01-24 23:49:00,748][INFO] Epoch[29/40], train B-acc: 0.8317(0.7593-0.8995), test B-acc: 0.6105(0.5200-0.7101)
[2025-01-24 23:49:00,748][INFO] Epoch[29/40], train AUC: 0.9686(0.9461-0.9868), test AUC: 0.7785(0.6795-0.8676)
[2025-01-24 23:50:56,266][INFO] Epoch[30/40], loss:0.6634, CE loss:0.5959 , info NCE loss:0.4911
[2025-01-24 23:50:56,266][INFO] Epoch[30/40], train B-acc: 0.7757(0.6989-0.8488), test B-acc: 0.6154(0.5420-0.7056)
[2025-01-24 23:50:56,266][INFO] Epoch[30/40], train AUC: 0.9729(0.9497-0.9873), test AUC: 0.7840(0.6803-0.8662)
[2025-01-24 23:52:51,237][INFO] Epoch[31/40], loss:0.6631, CE loss:0.5956 , info NCE loss:0.4891
[2025-01-24 23:52:51,238][INFO] Epoch[31/40], train B-acc: 0.8065(0.7303-0.8816), test B-acc: 0.6017(0.5142-0.6876)
[2025-01-24 23:52:51,238][INFO] Epoch[31/40], train AUC: 0.9738(0.9512-0.9891), test AUC: 0.7791(0.6755-0.8782)
[2025-01-24 23:54:46,153][INFO] Epoch[32/40], loss:0.6622, CE loss:0.5947 , info NCE loss:0.4891
[2025-01-24 23:54:46,154][INFO] Epoch[32/40], train B-acc: 0.8334(0.7578-0.9027), test B-acc: 0.6015(0.5264-0.6946)
[2025-01-24 23:54:46,154][INFO] Epoch[32/40], train AUC: 0.9752(0.9554-0.9903), test AUC: 0.7780(0.6769-0.8638)
[2025-01-24 23:56:40,709][INFO] Epoch[33/40], loss:0.6618, CE loss:0.5943 , info NCE loss:0.4886
[2025-01-24 23:56:40,709][INFO] Epoch[33/40], train B-acc: 0.8327(0.7653-0.9005), test B-acc: 0.5990(0.5124-0.6856)
[2025-01-24 23:56:40,710][INFO] Epoch[33/40], train AUC: 0.9778(0.9600-0.9906), test AUC: 0.7755(0.6730-0.8577)
[2025-01-24 23:58:36,242][INFO] Epoch[34/40], loss:0.6612, CE loss:0.5938 , info NCE loss:0.4883
[2025-01-24 23:58:36,242][INFO] Epoch[34/40], train B-acc: 0.8351(0.7620-0.9034), test B-acc: 0.5940(0.5089-0.6836)
[2025-01-24 23:58:36,242][INFO] Epoch[34/40], train AUC: 0.9791(0.9624-0.9919), test AUC: 0.7713(0.6694-0.8633)
[2025-01-25 00:00:30,780][INFO] Epoch[35/40], loss:0.6606, CE loss:0.5933 , info NCE loss:0.4892
[2025-01-25 00:00:30,780][INFO] Epoch[35/40], train B-acc: 0.8359(0.7598-0.9081), test B-acc: 0.6082(0.5330-0.6915)
[2025-01-25 00:00:30,781][INFO] Epoch[35/40], train AUC: 0.9800(0.9632-0.9915), test AUC: 0.7765(0.6767-0.8647)
[2025-01-25 00:02:26,592][INFO] Epoch[36/40], loss:0.6603, CE loss:0.5929 , info NCE loss:0.4887
[2025-01-25 00:02:26,592][INFO] Epoch[36/40], train B-acc: 0.8333(0.7573-0.9063), test B-acc: 0.6055(0.5306-0.6915)
[2025-01-25 00:02:26,592][INFO] Epoch[36/40], train AUC: 0.9807(0.9636-0.9925), test AUC: 0.7763(0.6698-0.8612)
[2025-01-25 00:04:20,485][INFO] Epoch[37/40], loss:0.6600, CE loss:0.5927 , info NCE loss:0.4896
[2025-01-25 00:04:20,485][INFO] Epoch[37/40], train B-acc: 0.8731(0.8080-0.9353), test B-acc: 0.6490(0.5575-0.7446)
[2025-01-25 00:04:20,485][INFO] Epoch[37/40], train AUC: 0.9819(0.9653-0.9933), test AUC: 0.7688(0.6741-0.8577)
[2025-01-25 00:06:15,702][INFO] Epoch[38/40], loss:0.6595, CE loss:0.5922 , info NCE loss:0.4879
[2025-01-25 00:06:15,702][INFO] Epoch[38/40], train B-acc: 0.8731(0.7922-0.9326), test B-acc: 0.6463(0.5554-0.7431)
[2025-01-25 00:06:15,702][INFO] Epoch[38/40], train AUC: 0.9832(0.9689-0.9939), test AUC: 0.7745(0.6638-0.8648)
[2025-01-25 00:08:09,735][INFO] Epoch[39/40], loss:0.6588, CE loss:0.5915 , info NCE loss:0.4873
[2025-01-25 00:08:09,735][INFO] Epoch[39/40], train B-acc: 0.8513(0.7791-0.9208), test B-acc: 0.6098(0.5274-0.6946)
[2025-01-25 00:08:09,735][INFO] Epoch[39/40], train AUC: 0.9849(0.9715-0.9942), test AUC: 0.7692(0.6553-0.8624)
[2025-01-25 00:10:04,332][INFO] Epoch[40/40], loss:0.6584, CE loss:0.5912 , info NCE loss:0.4892
[2025-01-25 00:10:04,332][INFO] Epoch[40/40], train B-acc: 0.8762(0.7979-0.9356), test B-acc: 0.6464(0.5497-0.7472)
[2025-01-25 00:10:04,333][INFO] Epoch[40/40], train AUC: 0.9862(0.9727-0.9951), test AUC: 0.7700(0.6618-0.8656)
