[2024-12-22 17:09:12,373][INFO] Running PROJECT: CRC-DX, P LEARNING RATE: 0.001, OPTIMIZER: ADAMW, NUM EPOCHS: 15, BATCH SIZE: 2048, DEVICES: cuda, SMOOTHING: 0.1
[2024-12-22 17:09:12,374][INFO] params["in_chans"]=[200, 16]
[2024-12-22 17:09:12,374][INFO] params["dims"]=[512, 512]
[2024-12-22 17:09:12,374][INFO] params["out_chans"]=[16, 8]
[2024-12-22 17:09:12,375][INFO] params["heads"]=[8, 4]
[2024-12-22 17:09:12,375][INFO] params["dropout"]=[0.8, 0.4, 0.4]
[2024-12-22 17:11:03,882][INFO] Epoch[1/15], loss:1.5396, CE loss:0.8936 , info NCE loss:7.3533
[2024-12-22 17:11:03,883][INFO] Epoch[1/15], train B-acc: 0.5000(0.5000-0.5000), test B-acc: 0.5000(0.5000-0.5000)
[2024-12-22 17:11:03,883][INFO] Epoch[1/15], train AUC: 0.7550(0.6500-0.8503), test AUC: 0.7335(0.6052-0.8491)
[2024-12-22 17:13:04,245][INFO] Epoch[2/15], loss:1.1427, CE loss:0.5011 , info NCE loss:6.9170
[2024-12-22 17:13:04,246][INFO] Epoch[2/15], train B-acc: 0.5743(0.5188-0.6395), test B-acc: 0.6111(0.5400-0.7037)
[2024-12-22 17:13:04,246][INFO] Epoch[2/15], train AUC: 0.7811(0.6864-0.8649), test AUC: 0.7261(0.5979-0.8443)
[2024-12-22 17:15:08,381][INFO] Epoch[3/15], loss:1.0745, CE loss:0.4378 , info NCE loss:6.8048
[2024-12-22 17:15:08,381][INFO] Epoch[3/15], train B-acc: 0.5370(0.5000-0.5875), test B-acc: 0.5000(0.5000-0.5000)
[2024-12-22 17:15:08,381][INFO] Epoch[3/15], train AUC: 0.8014(0.7089-0.8769), test AUC: 0.7219(0.5959-0.8283)
[2024-12-22 17:17:02,602][INFO] Epoch[4/15], loss:1.0530, CE loss:0.4180 , info NCE loss:6.7681
[2024-12-22 17:17:02,603][INFO] Epoch[4/15], train B-acc: 0.6240(0.5579-0.6978), test B-acc: 0.6316(0.5500-0.7222)
[2024-12-22 17:17:02,603][INFO] Epoch[4/15], train AUC: 0.8303(0.7419-0.9035), test AUC: 0.7374(0.6206-0.8469)
[2024-12-22 17:19:00,045][INFO] Epoch[5/15], loss:1.0410, CE loss:0.4070 , info NCE loss:6.7467
[2024-12-22 17:19:00,045][INFO] Epoch[5/15], train B-acc: 0.5882(0.5349-0.6540), test B-acc: 0.5536(0.5000-0.6250)
[2024-12-22 17:19:00,045][INFO] Epoch[5/15], train AUC: 0.8500(0.7717-0.9155), test AUC: 0.7599(0.6321-0.8631)
