[2025-01-19 11:43:54,237][INFO] Running PROJECT: CRC-DX, P LEARNING RATE: 0.0001, OPTIMIZER: ADAMW, NUM EPOCHS: 70, BATCH SIZE: 2048, DEVICES: cuda, SMOOTHING: 0.1
[2025-01-19 11:43:54,237][INFO] params["in_chans"]=[200, 16] python run_model.py --proj CRC-DX --num_epochs 70  --plr 1e-4  --smoothing 0.1
[2025-01-19 11:43:54,238][INFO] params["dims"]=[512, 512] 温度参数为0.55,但实际效果不好
[2025-01-19 11:43:54,238][INFO] params["out_chans"]=[16, 8]
[2025-01-19 11:43:54,238][INFO] params["heads"]=[8, 4]
[2025-01-19 11:43:54,238][INFO] params["dropout"]=[0.8, 0.4, 0.4]
[2025-01-19 11:46:07,638][INFO] Epoch[1/70], loss:1.7956, CE loss:0.6579, info NCE loss:1.1377
[2025-01-19 11:46:07,639][INFO] Epoch[1/70], train B-acc: 0.5000(0.5000-0.5000), test B-acc: 0.5000(0.5000-0.5000)
[2025-01-19 11:46:07,639][INFO] Epoch[1/70], train AUC: 0.5723(0.4674-0.6848), test AUC: 0.4682(0.3433-0.6028)
[2025-01-19 11:48:13,212][INFO] Epoch[2/70], loss:1.6488, CE loss:0.5111, info NCE loss:1.1377
[2025-01-19 11:48:13,212][INFO] Epoch[2/70], train B-acc: 0.5000(0.5000-0.5000), test B-acc: 0.5000(0.5000-0.5000)
[2025-01-19 11:48:13,212][INFO] Epoch[2/70], train AUC: 0.6045(0.5001-0.7042), test AUC: 0.5149(0.3839-0.6438)
[2025-01-19 11:50:19,332][INFO] Epoch[3/70], loss:1.6144, CE loss:0.4767, info NCE loss:1.1377
[2025-01-19 11:50:19,332][INFO] Epoch[3/70], train B-acc: 0.5000(0.5000-0.5000), test B-acc: 0.5000(0.5000-0.5000)
[2025-01-19 11:50:19,333][INFO] Epoch[3/70], train AUC: 0.6625(0.5515-0.7679), test AUC: 0.5576(0.4158-0.6968)
[2025-01-19 11:52:25,131][INFO] Epoch[4/70], loss:1.5994, CE loss:0.4618, info NCE loss:1.1376
[2025-01-19 11:52:25,133][INFO] Epoch[4/70], train B-acc: 0.5000(0.5000-0.5000), test B-acc: 0.5000(0.5000-0.5000)
[2025-01-19 11:52:25,133][INFO] Epoch[4/70], train AUC: 0.7043(0.5860-0.8065), test AUC: 0.6180(0.4816-0.7475)
[2025-01-19 11:54:30,218][INFO] Epoch[5/70], loss:1.5903, CE loss:0.4529, info NCE loss:1.1374
[2025-01-19 11:54:30,218][INFO] Epoch[5/70], train B-acc: 0.5000(0.5000-0.5000), test B-acc: 0.5000(0.5000-0.5000)
[2025-01-19 11:54:30,219][INFO] Epoch[5/70], train AUC: 0.7222(0.6174-0.8220), test AUC: 0.6637(0.5382-0.7914)
[2025-01-19 11:56:35,966][INFO] Epoch[6/70], loss:1.5830, CE loss:0.4459, info NCE loss:1.1370
[2025-01-19 11:56:35,966][INFO] Epoch[6/70], train B-acc: 0.5000(0.5000-0.5000), test B-acc: 0.5000(0.5000-0.5000)
[2025-01-19 11:56:35,966][INFO] Epoch[6/70], train AUC: 0.7452(0.6438-0.8348), test AUC: 0.6933(0.5573-0.8137)
[2025-01-19 11:58:41,582][INFO] Epoch[7/70], loss:1.5779, CE loss:0.4413, info NCE loss:1.1366
[2025-01-19 11:58:41,582][INFO] Epoch[7/70], train B-acc: 0.5000(0.5000-0.5000), test B-acc: 0.5000(0.5000-0.5000)
[2025-01-19 11:58:41,583][INFO] Epoch[7/70], train AUC: 0.7598(0.6609-0.8486), test AUC: 0.7069(0.5740-0.8186)
[2025-01-19 12:00:47,118][INFO] Epoch[8/70], loss:1.5717, CE loss:0.4355, info NCE loss:1.1361
[2025-01-19 12:00:47,118][INFO] Epoch[8/70], train B-acc: 0.5238(0.5000-0.5641), test B-acc: 0.5000(0.5000-0.5000)
[2025-01-19 12:00:47,118][INFO] Epoch[8/70], train AUC: 0.7762(0.6831-0.8570), test AUC: 0.7192(0.5903-0.8429)
[2025-01-19 12:02:52,441][INFO] Epoch[9/70], loss:1.5665, CE loss:0.4310, info NCE loss:1.1355
[2025-01-19 12:02:52,442][INFO] Epoch[9/70], train B-acc: 0.5375(0.5000-0.5921), test B-acc: 0.5000(0.5000-0.5000)
[2025-01-19 12:02:52,442][INFO] Epoch[9/70], train AUC: 0.7948(0.7008-0.8700), test AUC: 0.7270(0.6003-0.8343)
[2025-01-19 12:05:00,147][INFO] Epoch[10/70], loss:1.5605, CE loss:0.4257, info NCE loss:1.1349
[2025-01-19 12:05:00,149][INFO] Epoch[10/70], train B-acc: 0.5375(0.5000-0.5909), test B-acc: 0.5000(0.5000-0.5000)
[2025-01-19 12:05:00,149][INFO] Epoch[10/70], train AUC: 0.8023(0.7165-0.8727), test AUC: 0.7301(0.6082-0.8425)
[2025-01-19 12:07:05,276][INFO] Epoch[11/70], loss:1.5556, CE loss:0.4214, info NCE loss:1.1342
[2025-01-19 12:07:05,276][INFO] Epoch[11/70], train B-acc: 0.5385(0.5000-0.5862), test B-acc: 0.5370(0.5000-0.6000)
[2025-01-19 12:07:05,276][INFO] Epoch[11/70], train AUC: 0.8128(0.7264-0.8815), test AUC: 0.7335(0.6098-0.8427)
[2025-01-19 12:09:10,069][INFO] Epoch[12/70], loss:1.5509, CE loss:0.4176, info NCE loss:1.1333
[2025-01-19 12:09:10,070][INFO] Epoch[12/70], train B-acc: 0.5641(0.5135-0.6250), test B-acc: 0.5370(0.5000-0.5962)
[2025-01-19 12:09:10,070][INFO] Epoch[12/70], train AUC: 0.8235(0.7352-0.8932), test AUC: 0.7396(0.6094-0.8421)
[2025-01-19 12:11:15,886][INFO] Epoch[13/70], loss:1.5462, CE loss:0.4137, info NCE loss:1.1325
[2025-01-19 12:11:15,887][INFO] Epoch[13/70], train B-acc: 0.5652(0.5147-0.6250), test B-acc: 0.5370(0.5000-0.6000)
[2025-01-19 12:11:15,887][INFO] Epoch[13/70], train AUC: 0.8356(0.7533-0.8985), test AUC: 0.7496(0.6226-0.8574)
[2025-01-19 12:13:20,515][INFO] Epoch[14/70], loss:1.5411, CE loss:0.4095, info NCE loss:1.1316
[2025-01-19 12:13:20,515][INFO] Epoch[14/70], train B-acc: 0.5854(0.5272-0.6556), test B-acc: 0.5556(0.5000-0.6250)
[2025-01-19 12:13:20,516][INFO] Epoch[14/70], train AUC: 0.8425(0.7673-0.9082), test AUC: 0.7519(0.6310-0.8584)
[2025-01-19 12:15:25,064][INFO] Epoch[15/70], loss:1.5367, CE loss:0.4059, info NCE loss:1.1308
[2025-01-19 12:15:25,064][INFO] Epoch[15/70], train B-acc: 0.5994(0.5383-0.6681), test B-acc: 0.5556(0.5000-0.6250)
[2025-01-19 12:15:25,064][INFO] Epoch[15/70], train AUC: 0.8512(0.7705-0.9207), test AUC: 0.7600(0.6395-0.8671)
[2025-01-19 12:17:30,123][INFO] Epoch[16/70], loss:1.5317, CE loss:0.4016, info NCE loss:1.1301
[2025-01-19 12:17:30,125][INFO] Epoch[16/70], train B-acc: 0.6116(0.5465-0.6860), test B-acc: 0.5769(0.5172-0.6579)
[2025-01-19 12:17:30,125][INFO] Epoch[16/70], train AUC: 0.8592(0.7825-0.9181), test AUC: 0.7675(0.6541-0.8757)
[2025-01-19 12:19:34,865][INFO] Epoch[17/70], loss:1.5272, CE loss:0.3980, info NCE loss:1.1292
[2025-01-19 12:19:34,865][INFO] Epoch[17/70], train B-acc: 0.6516(0.5788-0.7329), test B-acc: 0.5938(0.5227-0.6774)
[2025-01-19 12:19:34,865][INFO] Epoch[17/70], train AUC: 0.8691(0.7947-0.9290), test AUC: 0.7769(0.6530-0.8684)
[2025-01-19 12:21:39,272][INFO] Epoch[18/70], loss:1.5224, CE loss:0.3940, info NCE loss:1.1283
[2025-01-19 12:21:39,273][INFO] Epoch[18/70], train B-acc: 0.6548(0.5815-0.7297), test B-acc: 0.5938(0.5238-0.6818)
[2025-01-19 12:21:39,273][INFO] Epoch[18/70], train AUC: 0.8789(0.7956-0.9385), test AUC: 0.7775(0.6694-0.8785)
[2025-01-19 12:23:43,807][INFO] Epoch[19/70], loss:1.5182, CE loss:0.3905, info NCE loss:1.1277
[2025-01-19 12:23:43,807][INFO] Epoch[19/70], train B-acc: 0.6659(0.5957-0.7439), test B-acc: 0.5952(0.5263-0.6842)
[2025-01-19 12:23:43,808][INFO] Epoch[19/70], train AUC: 0.8830(0.8053-0.9349), test AUC: 0.7834(0.6757-0.8776)
[2025-01-19 12:25:48,396][INFO] Epoch[20/70], loss:1.5137, CE loss:0.3869, info NCE loss:1.1268
[2025-01-19 12:25:48,396][INFO] Epoch[20/70], train B-acc: 0.6669(0.5954-0.7434), test B-acc: 0.5926(0.5238-0.6731)
[2025-01-19 12:25:48,396][INFO] Epoch[20/70], train AUC: 0.8892(0.8159-0.9424), test AUC: 0.7894(0.6823-0.8873)
[2025-01-19 12:27:54,034][INFO] Epoch[21/70], loss:1.5098, CE loss:0.3837, info NCE loss:1.1261
[2025-01-19 12:27:54,034][INFO] Epoch[21/70], train B-acc: 0.6977(0.6144-0.7749), test B-acc: 0.6129(0.5400-0.7083)
[2025-01-19 12:27:54,034][INFO] Epoch[21/70], train AUC: 0.8972(0.8281-0.9497), test AUC: 0.7980(0.6717-0.8981)
[2025-01-19 12:29:58,567][INFO] Epoch[22/70], loss:1.5057, CE loss:0.3803, info NCE loss:1.1254
[2025-01-19 12:29:58,567][INFO] Epoch[22/70], train B-acc: 0.6930(0.6157-0.7727), test B-acc: 0.6111(0.5400-0.7000)
[2025-01-19 12:29:58,567][INFO] Epoch[22/70], train AUC: 0.8992(0.8250-0.9510), test AUC: 0.7986(0.6925-0.8946)
[2025-01-19 12:32:04,187][INFO] Epoch[23/70], loss:1.5016, CE loss:0.3768, info NCE loss:1.1247
[2025-01-19 12:32:04,187][INFO] Epoch[23/70], train B-acc: 0.6899(0.6107-0.7703), test B-acc: 0.6500(0.5652-0.7407)
[2025-01-19 12:32:04,187][INFO] Epoch[23/70], train AUC: 0.9065(0.8345-0.9562), test AUC: 0.8092(0.6984-0.8998)
[2025-01-19 12:34:09,573][INFO] Epoch[24/70], loss:1.4975, CE loss:0.3735, info NCE loss:1.1240
[2025-01-19 12:34:09,573][INFO] Epoch[24/70], train B-acc: 0.7061(0.6270-0.7872), test B-acc: 0.6538(0.5667-0.7500)
[2025-01-19 12:34:09,574][INFO] Epoch[24/70], train AUC: 0.9103(0.8419-0.9602), test AUC: 0.8115(0.6993-0.9015)
[2025-01-19 12:36:15,061][INFO] Epoch[25/70], loss:1.4936, CE loss:0.3703, info NCE loss:1.1233
[2025-01-19 12:36:15,072][INFO] Epoch[25/70], train B-acc: 0.7055(0.6341-0.7837), test B-acc: 0.6481(0.5690-0.7414)
[2025-01-19 12:36:15,072][INFO] Epoch[25/70], train AUC: 0.9139(0.8477-0.9638), test AUC: 0.8135(0.6910-0.9031)
[2025-01-19 12:38:24,049][INFO] Epoch[26/70], loss:1.4909, CE loss:0.3681, info NCE loss:1.1228
[2025-01-19 12:38:24,050][INFO] Epoch[26/70], train B-acc: 0.7027(0.6279-0.7835), test B-acc: 0.6935(0.5926-0.7885)
[2025-01-19 12:38:24,050][INFO] Epoch[26/70], train AUC: 0.9159(0.8428-0.9620), test AUC: 0.8245(0.7083-0.9132)
[2025-01-19 12:40:36,680][INFO] Epoch[27/70], loss:1.4863, CE loss:0.3642, info NCE loss:1.1221
[2025-01-19 12:40:36,680][INFO] Epoch[27/70], train B-acc: 0.7169(0.6431-0.8064), test B-acc: 0.6923(0.5952-0.7917)
[2025-01-19 12:40:36,680][INFO] Epoch[27/70], train AUC: 0.9222(0.8455-0.9666), test AUC: 0.8263(0.7137-0.9177)
[2025-01-19 12:42:52,287][INFO] Epoch[28/70], loss:1.4828, CE loss:0.3615, info NCE loss:1.1214
[2025-01-19 12:42:52,287][INFO] Epoch[28/70], train B-acc: 0.7340(0.6549-0.8143), test B-acc: 0.6923(0.6000-0.7885)
[2025-01-19 12:42:52,287][INFO] Epoch[28/70], train AUC: 0.9273(0.8602-0.9711), test AUC: 0.8298(0.7189-0.9216)
[2025-01-19 12:45:08,119][INFO] Epoch[29/70], loss:1.4794, CE loss:0.3588, info NCE loss:1.1207
[2025-01-19 12:45:08,119][INFO] Epoch[29/70], train B-acc: 0.7294(0.6533-0.8102), test B-acc: 0.6999(0.6103-0.8011)
[2025-01-19 12:45:08,119][INFO] Epoch[29/70], train AUC: 0.9307(0.8639-0.9685), test AUC: 0.8304(0.7253-0.9223)
[2025-01-19 12:48:05,931][INFO] Epoch[30/70], loss:1.4754, CE loss:0.3554, info NCE loss:1.1199
[2025-01-19 12:48:05,932][INFO] Epoch[30/70], train B-acc: 0.7321(0.6504-0.8056), test B-acc: 0.7044(0.6066-0.8103)
[2025-01-19 12:48:05,932][INFO] Epoch[30/70], train AUC: 0.9343(0.8716-0.9752), test AUC: 0.8329(0.7297-0.9260)
[2025-01-19 12:50:43,795][INFO] Epoch[31/70], loss:1.4724, CE loss:0.3528, info NCE loss:1.1196
[2025-01-19 12:50:43,795][INFO] Epoch[31/70], train B-acc: 0.7567(0.6763-0.8338), test B-acc: 0.7059(0.6133-0.7979)
[2025-01-19 12:50:43,796][INFO] Epoch[31/70], train AUC: 0.9380(0.8778-0.9772), test AUC: 0.8390(0.7324-0.9189)
[2025-01-19 12:53:25,166][INFO] Epoch[32/70], loss:1.4697, CE loss:0.3510, info NCE loss:1.1187
[2025-01-19 12:53:25,166][INFO] Epoch[32/70], train B-acc: 0.7660(0.6869-0.8490), test B-acc: 0.7094(0.6136-0.8059)
[2025-01-19 12:53:25,167][INFO] Epoch[32/70], train AUC: 0.9407(0.8806-0.9783), test AUC: 0.8363(0.7312-0.9241)
[2025-01-19 12:55:56,561][INFO] Epoch[33/70], loss:1.4662, CE loss:0.3481, info NCE loss:1.1180
[2025-01-19 12:55:56,561][INFO] Epoch[33/70], train B-acc: 0.7602(0.6812-0.8456), test B-acc: 0.7030(0.6071-0.7933)
[2025-01-19 12:55:56,562][INFO] Epoch[33/70], train AUC: 0.9472(0.8873-0.9806), test AUC: 0.8397(0.7421-0.9192)
[2025-01-19 12:58:33,001][INFO] Epoch[34/70], loss:1.4632, CE loss:0.3457, info NCE loss:1.1174
[2025-01-19 12:58:33,001][INFO] Epoch[34/70], train B-acc: 0.8089(0.7234-0.8810), test B-acc: 0.7209(0.6190-0.8182)
[2025-01-19 12:58:33,001][INFO] Epoch[34/70], train AUC: 0.9485(0.8842-0.9821), test AUC: 0.8415(0.7330-0.9231)
[2025-01-19 13:00:57,787][INFO] Epoch[35/70], loss:1.4601, CE loss:0.3432, info NCE loss:1.1168
[2025-01-19 13:00:57,787][INFO] Epoch[35/70], train B-acc: 0.7954(0.7131-0.8706), test B-acc: 0.7059(0.6103-0.8075)
[2025-01-19 13:00:57,787][INFO] Epoch[35/70], train AUC: 0.9493(0.8874-0.9838), test AUC: 0.8399(0.7324-0.9232)
[2025-01-19 13:03:22,475][INFO] Epoch[36/70], loss:1.4575, CE loss:0.3412, info NCE loss:1.1163
[2025-01-19 13:03:22,475][INFO] Epoch[36/70], train B-acc: 0.8237(0.7434-0.8988), test B-acc: 0.7436(0.6438-0.8364)
[2025-01-19 13:03:22,476][INFO] Epoch[36/70], train AUC: 0.9536(0.8919-0.9870), test AUC: 0.8424(0.7331-0.9243)
[2025-01-19 13:05:54,492][INFO] Epoch[37/70], loss:1.4540, CE loss:0.3384, info NCE loss:1.1156
[2025-01-19 13:05:54,492][INFO] Epoch[37/70], train B-acc: 0.7981(0.7172-0.8711), test B-acc: 0.7254(0.6296-0.8208)
[2025-01-19 13:05:54,493][INFO] Epoch[37/70], train AUC: 0.9549(0.8993-0.9879), test AUC: 0.8443(0.7381-0.9411)
[2025-01-19 13:08:35,616][INFO] Epoch[38/70], loss:1.4514, CE loss:0.3362, info NCE loss:1.1152
[2025-01-19 13:08:35,617][INFO] Epoch[38/70], train B-acc: 0.8346(0.7589-0.9056), test B-acc: 0.7365(0.6404-0.8323)
[2025-01-19 13:08:35,617][INFO] Epoch[38/70], train AUC: 0.9582(0.8965-0.9898), test AUC: 0.8476(0.7412-0.9304)
[2025-01-19 13:11:14,268][INFO] Epoch[39/70], loss:1.4488, CE loss:0.3344, info NCE loss:1.1144
[2025-01-19 13:11:14,269][INFO] Epoch[39/70], train B-acc: 0.8376(0.7602-0.9034), test B-acc: 0.7445(0.6403-0.8476)
[2025-01-19 13:11:14,269][INFO] Epoch[39/70], train AUC: 0.9581(0.9069-0.9896), test AUC: 0.8471(0.7440-0.9295)
[2025-01-19 13:13:41,421][INFO] Epoch[40/70], loss:1.4459, CE loss:0.3320, info NCE loss:1.1139
[2025-01-19 13:13:41,421][INFO] Epoch[40/70], train B-acc: 0.8621(0.7835-0.9279), test B-acc: 0.7312(0.6333-0.8281)
[2025-01-19 13:13:41,422][INFO] Epoch[40/70], train AUC: 0.9617(0.9057-0.9912), test AUC: 0.8501(0.7427-0.9266)
[2025-01-19 13:16:15,155][INFO] Epoch[41/70], loss:1.4429, CE loss:0.3299, info NCE loss:1.1131
[2025-01-19 13:16:15,156][INFO] Epoch[41/70], train B-acc: 0.8462(0.7704-0.9220), test B-acc: 0.7279(0.6330-0.8242)
[2025-01-19 13:16:15,156][INFO] Epoch[41/70], train AUC: 0.9634(0.9129-0.9915), test AUC: 0.8477(0.7475-0.9316)
[2025-01-19 13:18:51,970][INFO] Epoch[42/70], loss:1.4402, CE loss:0.3279, info NCE loss:1.1124
[2025-01-19 13:18:51,970][INFO] Epoch[42/70], train B-acc: 0.8476(0.7724-0.9148), test B-acc: 0.7323(0.6312-0.8283)
[2025-01-19 13:18:51,970][INFO] Epoch[42/70], train AUC: 0.9638(0.9136-0.9917), test AUC: 0.8533(0.7482-0.9375)
[2025-01-19 13:21:19,689][INFO] Epoch[43/70], loss:1.4371, CE loss:0.3253, info NCE loss:1.1118
[2025-01-19 13:21:19,690][INFO] Epoch[43/70], train B-acc: 0.8604(0.7815-0.9286), test B-acc: 0.7495(0.6524-0.8447)
[2025-01-19 13:21:19,690][INFO] Epoch[43/70], train AUC: 0.9671(0.9151-0.9922), test AUC: 0.8522(0.7552-0.9311)
[2025-01-19 13:23:36,114][INFO] Epoch[44/70], loss:1.4352, CE loss:0.3238, info NCE loss:1.1114
[2025-01-19 13:23:36,114][INFO] Epoch[44/70], train B-acc: 0.8883(0.8161-0.9466), test B-acc: 0.7436(0.6450-0.8487)
[2025-01-19 13:23:36,114][INFO] Epoch[44/70], train AUC: 0.9686(0.9209-0.9935), test AUC: 0.8489(0.7485-0.9364)
[2025-01-19 13:25:49,921][INFO] Epoch[45/70], loss:1.4319, CE loss:0.3214, info NCE loss:1.1105
[2025-01-19 13:25:49,921][INFO] Epoch[45/70], train B-acc: 0.8757(0.7977-0.9389), test B-acc: 0.7452(0.6372-0.8375)
[2025-01-19 13:25:49,921][INFO] Epoch[45/70], train AUC: 0.9710(0.9230-0.9948), test AUC: 0.8502(0.7483-0.9280)
[2025-01-19 13:28:02,873][INFO] Epoch[46/70], loss:1.4303, CE loss:0.3202, info NCE loss:1.1101
[2025-01-19 13:28:02,873][INFO] Epoch[46/70], train B-acc: 0.8989(0.8352-0.9549), test B-acc: 0.7625(0.6625-0.8631)
[2025-01-19 13:28:02,874][INFO] Epoch[46/70], train AUC: 0.9711(0.9200-0.9955), test AUC: 0.8520(0.7523-0.9346)
[2025-01-19 13:30:14,072][INFO] Epoch[47/70], loss:1.4275, CE loss:0.3182, info NCE loss:1.1094
[2025-01-19 13:30:14,072][INFO] Epoch[47/70], train B-acc: 0.9023(0.8347-0.9589), test B-acc: 0.7604(0.6600-0.8619)
[2025-01-19 13:30:14,072][INFO] Epoch[47/70], train AUC: 0.9719(0.9246-0.9957), test AUC: 0.8481(0.7471-0.9328)
[2025-01-19 13:32:25,457][INFO] Epoch[48/70], loss:1.4247, CE loss:0.3160, info NCE loss:1.1087
[2025-01-19 13:32:25,457][INFO] Epoch[48/70], train B-acc: 0.9256(0.8723-0.9745), test B-acc: 0.7649(0.6533-0.8600)
[2025-01-19 13:32:25,458][INFO] Epoch[48/70], train AUC: 0.9742(0.9333-0.9955), test AUC: 0.8490(0.7435-0.9345)
[2025-01-19 13:34:42,397][INFO] Epoch[49/70], loss:1.4229, CE loss:0.3147, info NCE loss:1.1081
[2025-01-19 13:34:42,397][INFO] Epoch[49/70], train B-acc: 0.9268(0.8631-0.9741), test B-acc: 0.7649(0.6657-0.8562)
[2025-01-19 13:34:42,397][INFO] Epoch[49/70], train AUC: 0.9759(0.9316-0.9968), test AUC: 0.8546(0.7557-0.9356)
[2025-01-19 13:36:54,745][INFO] Epoch[50/70], loss:1.4201, CE loss:0.3126, info NCE loss:1.1075
[2025-01-19 13:36:54,752][INFO] Epoch[50/70], train B-acc: 0.9275(0.8645-0.9751), test B-acc: 0.7619(0.6546-0.8635)
[2025-01-19 13:36:54,755][INFO] Epoch[50/70], train AUC: 0.9752(0.9370-0.9962), test AUC: 0.8537(0.7426-0.9366)
[2025-01-19 13:39:08,221][INFO] Epoch[51/70], loss:1.4182, CE loss:0.3114, info NCE loss:1.1068
[2025-01-19 13:39:08,222][INFO] Epoch[51/70], train B-acc: 0.9256(0.8679-0.9750), test B-acc: 0.7812(0.6813-0.8750)
[2025-01-19 13:39:08,222][INFO] Epoch[51/70], train AUC: 0.9769(0.9359-0.9972), test AUC: 0.8547(0.7458-0.9383)
[2025-01-19 13:41:16,577][INFO] Epoch[52/70], loss:1.4151, CE loss:0.3090, info NCE loss:1.1061
[2025-01-19 13:41:16,577][INFO] Epoch[52/70], train B-acc: 0.9396(0.8817-0.9835), test B-acc: 0.7928(0.6994-0.8869)
[2025-01-19 13:41:16,577][INFO] Epoch[52/70], train AUC: 0.9784(0.9366-0.9972), test AUC: 0.8498(0.7478-0.9344)
[2025-01-19 13:43:23,062][INFO] Epoch[53/70], loss:1.4135, CE loss:0.3078, info NCE loss:1.1057
[2025-01-19 13:43:23,062][INFO] Epoch[53/70], train B-acc: 0.9524(0.9028-0.9894), test B-acc: 0.7875(0.6871-0.8893)
[2025-01-19 13:43:23,063][INFO] Epoch[53/70], train AUC: 0.9787(0.9386-0.9975), test AUC: 0.8553(0.7396-0.9365)
[2025-01-19 13:45:28,642][INFO] Epoch[54/70], loss:1.4113, CE loss:0.3061, info NCE loss:1.1052
[2025-01-19 13:45:28,642][INFO] Epoch[54/70], train B-acc: 0.9544(0.9056-0.9910), test B-acc: 0.7833(0.6853-0.8772)
[2025-01-19 13:45:28,643][INFO] Epoch[54/70], train AUC: 0.9798(0.9423-0.9976), test AUC: 0.8524(0.7480-0.9324)
[2025-01-19 13:47:33,469][INFO] Epoch[55/70], loss:1.4091, CE loss:0.3046, info NCE loss:1.1045
[2025-01-19 13:47:33,469][INFO] Epoch[55/70], train B-acc: 0.9521(0.8988-0.9911), test B-acc: 0.7874(0.6956-0.8817)
[2025-01-19 13:47:33,469][INFO] Epoch[55/70], train AUC: 0.9807(0.9455-0.9982), test AUC: 0.8547(0.7561-0.9371)
[2025-01-19 13:49:38,810][INFO] Epoch[56/70], loss:1.4064, CE loss:0.3025, info NCE loss:1.1039
[2025-01-19 13:49:38,810][INFO] Epoch[56/70], train B-acc: 0.9487(0.8943-0.9889), test B-acc: 0.7864(0.6831-0.8820)
[2025-01-19 13:49:38,810][INFO] Epoch[56/70], train AUC: 0.9804(0.9411-0.9982), test AUC: 0.8552(0.7525-0.9375)
[2025-01-19 13:51:43,732][INFO] Epoch[57/70], loss:1.4045, CE loss:0.3012, info NCE loss:1.1034
[2025-01-19 13:51:43,733][INFO] Epoch[57/70], train B-acc: 0.9487(0.9005-0.9837), test B-acc: 0.7874(0.6835-0.8800)
[2025-01-19 13:51:43,733][INFO] Epoch[57/70], train AUC: 0.9817(0.9480-0.9978), test AUC: 0.8601(0.7549-0.9400)
[2025-01-19 13:53:49,397][INFO] Epoch[58/70], loss:1.4028, CE loss:0.2999, info NCE loss:1.1029
[2025-01-19 13:53:49,398][INFO] Epoch[58/70], train B-acc: 0.9481(0.8963-0.9887), test B-acc: 0.7806(0.6831-0.8714)
[2025-01-19 13:53:49,399][INFO] Epoch[58/70], train AUC: 0.9820(0.9475-0.9984), test AUC: 0.8553(0.7545-0.9337)
[2025-01-19 13:55:54,070][INFO] Epoch[59/70], loss:1.4010, CE loss:0.2987, info NCE loss:1.1023
[2025-01-19 13:55:54,071][INFO] Epoch[59/70], train B-acc: 0.9501(0.8983-0.9831), test B-acc: 0.7806(0.6796-0.8735)
[2025-01-19 13:55:54,071][INFO] Epoch[59/70], train AUC: 0.9838(0.9494-0.9981), test AUC: 0.8575(0.7469-0.9417)
[2025-01-19 13:57:58,259][INFO] Epoch[60/70], loss:1.3990, CE loss:0.2971, info NCE loss:1.1019
[2025-01-19 13:57:58,259][INFO] Epoch[60/70], train B-acc: 0.9488(0.8972-0.9848), test B-acc: 0.7776(0.6767-0.8741)
[2025-01-19 13:57:58,259][INFO] Epoch[60/70], train AUC: 0.9835(0.9505-0.9985), test AUC: 0.8531(0.7440-0.9397)
[2025-01-19 14:00:03,784][INFO] Epoch[61/70], loss:1.3971, CE loss:0.2958, info NCE loss:1.1013
[2025-01-19 14:00:03,784][INFO] Epoch[61/70], train B-acc: 0.9560(0.9029-0.9954), test B-acc: 0.7902(0.6831-0.8779)
[2025-01-19 14:00:03,784][INFO] Epoch[61/70], train AUC: 0.9847(0.9547-0.9990), test AUC: 0.8571(0.7486-0.9360)
[2025-01-19 14:02:09,129][INFO] Epoch[62/70], loss:1.3964, CE loss:0.2952, info NCE loss:1.1012
[2025-01-19 14:02:09,129][INFO] Epoch[62/70], train B-acc: 0.9533(0.9040-0.9906), test B-acc: 0.7806(0.6850-0.8733)
[2025-01-19 14:02:09,129][INFO] Epoch[62/70], train AUC: 0.9852(0.9569-0.9988), test AUC: 0.8576(0.7475-0.9437)
[2025-01-19 14:04:14,412][INFO] Epoch[63/70], loss:1.3958, CE loss:0.2944, info NCE loss:1.1014
[2025-01-19 14:04:14,412][INFO] Epoch[63/70], train B-acc: 0.9532(0.9103-0.9836), test B-acc: 0.7662(0.6634-0.8642)
[2025-01-19 14:04:14,413][INFO] Epoch[63/70], train AUC: 0.9857(0.9582-0.9989), test AUC: 0.8551(0.7410-0.9465)
[2025-01-19 14:06:19,597][INFO] Epoch[64/70], loss:1.3933, CE loss:0.2928, info NCE loss:1.1005
[2025-01-19 14:06:19,597][INFO] Epoch[64/70], train B-acc: 0.9423(0.8951-0.9760), test B-acc: 0.7877(0.6863-0.8780)
[2025-01-19 14:06:19,598][INFO] Epoch[64/70], train AUC: 0.9867(0.9589-0.9992), test AUC: 0.8552(0.7448-0.9349)
[2025-01-19 14:08:25,969][INFO] Epoch[65/70], loss:1.3916, CE loss:0.2917, info NCE loss:1.0999
[2025-01-19 14:08:25,969][INFO] Epoch[65/70], train B-acc: 0.9516(0.9046-0.9819), test B-acc: 0.7686(0.6606-0.8625)
[2025-01-19 14:08:25,969][INFO] Epoch[65/70], train AUC: 0.9882(0.9626-0.9995), test AUC: 0.8566(0.7403-0.9411)
[2025-01-19 14:10:31,338][INFO] Epoch[66/70], loss:1.3885, CE loss:0.2893, info NCE loss:1.0992
[2025-01-19 14:10:31,339][INFO] Epoch[66/70], train B-acc: 0.9560(0.9114-0.9850), test B-acc: 0.7664(0.6612-0.8667)
[2025-01-19 14:10:31,339][INFO] Epoch[66/70], train AUC: 0.9882(0.9644-0.9996), test AUC: 0.8524(0.7428-0.9397)
[2025-01-19 14:12:36,530][INFO] Epoch[67/70], loss:1.3870, CE loss:0.2881, info NCE loss:1.0989
[2025-01-19 14:12:36,531][INFO] Epoch[67/70], train B-acc: 0.9530(0.9064-0.9839), test B-acc: 0.7667(0.6583-0.8633)
[2025-01-19 14:12:36,531][INFO] Epoch[67/70], train AUC: 0.9885(0.9630-0.9996), test AUC: 0.8587(0.7517-0.9440)
[2025-01-19 14:14:42,011][INFO] Epoch[68/70], loss:1.3856, CE loss:0.2871, info NCE loss:1.0985
[2025-01-19 14:14:42,011][INFO] Epoch[68/70], train B-acc: 0.9535(0.9064-0.9860), test B-acc: 0.7684(0.6678-0.8607)
[2025-01-19 14:14:42,011][INFO] Epoch[68/70], train AUC: 0.9890(0.9645-0.9998), test AUC: 0.8542(0.7529-0.9333)
[2025-01-19 14:16:47,157][INFO] Epoch[69/70], loss:1.3841, CE loss:0.2860, info NCE loss:1.0981
[2025-01-19 14:16:47,158][INFO] Epoch[69/70], train B-acc: 0.9461(0.9016-0.9783), test B-acc: 0.7675(0.6678-0.8663)
[2025-01-19 14:16:47,158][INFO] Epoch[69/70], train AUC: 0.9902(0.9682-0.9998), test AUC: 0.8577(0.7380-0.9391)
[2025-01-19 14:18:52,987][INFO] Epoch[70/70], loss:1.3824, CE loss:0.2846, info NCE loss:1.0979
[2025-01-19 14:18:52,988][INFO] Epoch[70/70], train B-acc: 0.9505(0.9100-0.9822), test B-acc: 0.7667(0.6547-0.8595)
[2025-01-19 14:18:52,988][INFO] Epoch[70/70], train AUC: 0.9905(0.9718-0.9998), test AUC: 0.8561(0.7373-0.9413)
