[2025-01-19 17:10:37,292][INFO] Running PROJECT: CRC-DX, P LEARNING RATE: 0.0001, OPTIMIZER: ADAMW, NUM EPOCHS: 70, BATCH SIZE: 2048, DEVICES: cuda, SMOOTHING: 0.1
[2025-01-19 17:10:37,293][INFO] params["in_chans"]=[200, 16]python run_model.py --proj CRC-DX --num_epochs 70  --plr 1e-4  --smoothing 0.1
[2025-01-19 17:10:37,293][INFO] params["dims"]=[512, 512] 温度参数为0.6
[2025-01-19 17:10:37,294][INFO] params["out_chans"]=[16, 8]
[2025-01-19 17:10:37,294][INFO] params["heads"]=[8, 4]
[2025-01-19 17:10:37,294][INFO] params["dropout"]=[0.8, 0.4, 0.4]
[2025-01-19 17:13:01,883][INFO] Epoch[1/70], loss:1.6904, CE loss:0.5529, info NCE loss:1.1376
[2025-01-19 17:13:01,883][INFO] Epoch[1/70], train B-acc: 0.5000(0.5000-0.5000), test B-acc: 0.5000(0.5000-0.5000)
[2025-01-19 17:13:01,883][INFO] Epoch[1/70], train AUC: 0.6357(0.5296-0.7332), test AUC: 0.5227(0.3837-0.6705)
[2025-01-19 17:15:10,487][INFO] Epoch[2/70], loss:1.6158, CE loss:0.4782, info NCE loss:1.1375
[2025-01-19 17:15:10,487][INFO] Epoch[2/70], train B-acc: 0.5000(0.5000-0.5000), test B-acc: 0.5000(0.5000-0.5000)
[2025-01-19 17:15:10,488][INFO] Epoch[2/70], train AUC: 0.6967(0.5881-0.7941), test AUC: 0.6095(0.4411-0.7486)
[2025-01-19 17:17:19,774][INFO] Epoch[3/70], loss:1.6006, CE loss:0.4631, info NCE loss:1.1375
[2025-01-19 17:17:19,774][INFO] Epoch[3/70], train B-acc: 0.5000(0.5000-0.5000), test B-acc: 0.5000(0.5000-0.5000)
[2025-01-19 17:17:19,774][INFO] Epoch[3/70], train AUC: 0.7418(0.6381-0.8278), test AUC: 0.6875(0.5528-0.8165)
[2025-01-19 17:19:28,150][INFO] Epoch[4/70], loss:1.5894, CE loss:0.4520, info NCE loss:1.1374
[2025-01-19 17:19:28,150][INFO] Epoch[4/70], train B-acc: 0.5000(0.5000-0.5000), test B-acc: 0.5000(0.5000-0.5000)
[2025-01-19 17:19:28,150][INFO] Epoch[4/70], train AUC: 0.7589(0.6530-0.8482), test AUC: 0.7088(0.5824-0.8167)
[2025-01-19 17:21:36,418][INFO] Epoch[5/70], loss:1.5809, CE loss:0.4436, info NCE loss:1.1373
[2025-01-19 17:21:36,418][INFO] Epoch[5/70], train B-acc: 0.5000(0.5000-0.5000), test B-acc: 0.5000(0.5000-0.5000)
[2025-01-19 17:21:36,418][INFO] Epoch[5/70], train AUC: 0.7731(0.6798-0.8525), test AUC: 0.7215(0.5913-0.8263)
[2025-01-19 17:23:44,205][INFO] Epoch[6/70], loss:1.5754, CE loss:0.4382, info NCE loss:1.1372
[2025-01-19 17:23:44,206][INFO] Epoch[6/70], train B-acc: 0.5125(0.5000-0.5417), test B-acc: 0.5000(0.5000-0.5000)
[2025-01-19 17:23:44,207][INFO] Epoch[6/70], train AUC: 0.7830(0.6901-0.8667), test AUC: 0.7322(0.6176-0.8462)
[2025-01-19 17:25:52,844][INFO] Epoch[7/70], loss:1.5690, CE loss:0.4320, info NCE loss:1.1370
[2025-01-19 17:25:52,846][INFO] Epoch[7/70], train B-acc: 0.5385(0.5000-0.5862), test B-acc: 0.5000(0.5000-0.5000)
[2025-01-19 17:25:52,846][INFO] Epoch[7/70], train AUC: 0.7953(0.7017-0.8751), test AUC: 0.7348(0.6201-0.8498)
[2025-01-19 17:28:00,693][INFO] Epoch[8/70], loss:1.5637, CE loss:0.4270, info NCE loss:1.1368
[2025-01-19 17:28:00,693][INFO] Epoch[8/70], train B-acc: 0.5375(0.5000-0.5833), test B-acc: 0.5000(0.5000-0.5000)
[2025-01-19 17:28:00,694][INFO] Epoch[8/70], train AUC: 0.8032(0.7180-0.8842), test AUC: 0.7429(0.6226-0.8452)
[2025-01-19 17:30:08,979][INFO] Epoch[9/70], loss:1.5589, CE loss:0.4225, info NCE loss:1.1365
[2025-01-19 17:30:08,979][INFO] Epoch[9/70], train B-acc: 0.5500(0.5132-0.6058), test B-acc: 0.5000(0.5000-0.5000)
[2025-01-19 17:30:08,979][INFO] Epoch[9/70], train AUC: 0.8133(0.7270-0.8871), test AUC: 0.7416(0.6262-0.8565)
[2025-01-19 17:32:16,283][INFO] Epoch[10/70], loss:1.5535, CE loss:0.4173, info NCE loss:1.1362
[2025-01-19 17:32:16,283][INFO] Epoch[10/70], train B-acc: 0.5603(0.5123-0.6216), test B-acc: 0.5370(0.5000-0.6087)
[2025-01-19 17:32:16,283][INFO] Epoch[10/70], train AUC: 0.8209(0.7338-0.8903), test AUC: 0.7527(0.6388-0.8601)
[2025-01-19 17:34:22,919][INFO] Epoch[11/70], loss:1.5488, CE loss:0.4129, info NCE loss:1.1358
[2025-01-19 17:34:22,919][INFO] Epoch[11/70], train B-acc: 0.5595(0.5125-0.6167), test B-acc: 0.5370(0.5000-0.6061)
[2025-01-19 17:34:22,919][INFO] Epoch[11/70], train AUC: 0.8323(0.7482-0.9052), test AUC: 0.7584(0.6418-0.8635)
[2025-01-19 17:36:29,786][INFO] Epoch[12/70], loss:1.5446, CE loss:0.4091, info NCE loss:1.1355
[2025-01-19 17:36:29,787][INFO] Epoch[12/70], train B-acc: 0.5860(0.5263-0.6500), test B-acc: 0.5556(0.5000-0.6250)
[2025-01-19 17:36:29,787][INFO] Epoch[12/70], train AUC: 0.8372(0.7546-0.9071), test AUC: 0.7691(0.6515-0.8650)
[2025-01-19 17:38:36,834][INFO] Epoch[13/70], loss:1.5406, CE loss:0.4056, info NCE loss:1.1350
[2025-01-19 17:38:36,834][INFO] Epoch[13/70], train B-acc: 0.6000(0.5372-0.6702), test B-acc: 0.5909(0.5238-0.6786)
[2025-01-19 17:38:36,834][INFO] Epoch[13/70], train AUC: 0.8435(0.7629-0.9127), test AUC: 0.7754(0.6507-0.8775)
[2025-01-19 17:40:44,448][INFO] Epoch[14/70], loss:1.5350, CE loss:0.4005, info NCE loss:1.1345
[2025-01-19 17:40:44,449][INFO] Epoch[14/70], train B-acc: 0.5975(0.5383-0.6644), test B-acc: 0.5938(0.5278-0.6750)
[2025-01-19 17:40:44,449][INFO] Epoch[14/70], train AUC: 0.8533(0.7782-0.9253), test AUC: 0.7779(0.6612-0.8739)
[2025-01-19 17:42:53,874][INFO] Epoch[15/70], loss:1.5315, CE loss:0.3976, info NCE loss:1.1339
[2025-01-19 17:42:53,874][INFO] Epoch[15/70], train B-acc: 0.6000(0.5397-0.6667), test B-acc: 0.5962(0.5217-0.6750)
[2025-01-19 17:42:53,874][INFO] Epoch[15/70], train AUC: 0.8630(0.7783-0.9295), test AUC: 0.7916(0.6736-0.8827)
[2025-01-19 17:45:05,473][INFO] Epoch[16/70], loss:1.5273, CE loss:0.3940, info NCE loss:1.1333
[2025-01-19 17:45:05,474][INFO] Epoch[16/70], train B-acc: 0.6279(0.5566-0.7004), test B-acc: 0.5926(0.5217-0.6875)
[2025-01-19 17:45:05,474][INFO] Epoch[16/70], train AUC: 0.8701(0.7885-0.9344), test AUC: 0.7900(0.6685-0.8848)
[2025-01-19 17:47:20,154][INFO] Epoch[17/70], loss:1.5233, CE loss:0.3907, info NCE loss:1.1326
[2025-01-19 17:47:20,154][INFO] Epoch[17/70], train B-acc: 0.6921(0.6111-0.7724), test B-acc: 0.5926(0.5217-0.6750)
[2025-01-19 17:47:20,154][INFO] Epoch[17/70], train AUC: 0.8774(0.8028-0.9361), test AUC: 0.7961(0.6789-0.8985)
[2025-01-19 17:49:51,174][INFO] Epoch[18/70], loss:1.5187, CE loss:0.3868, info NCE loss:1.1320
[2025-01-19 17:49:51,174][INFO] Epoch[18/70], train B-acc: 0.6908(0.6116-0.7683), test B-acc: 0.6154(0.5357-0.7037)
[2025-01-19 17:49:51,174][INFO] Epoch[18/70], train AUC: 0.8825(0.8091-0.9365), test AUC: 0.7971(0.6848-0.8984)
[2025-01-19 17:52:20,085][INFO] Epoch[19/70], loss:1.5145, CE loss:0.3832, info NCE loss:1.1313
[2025-01-19 17:52:20,085][INFO] Epoch[19/70], train B-acc: 0.6978(0.6194-0.7669), test B-acc: 0.6136(0.5417-0.6957)
[2025-01-19 17:52:20,085][INFO] Epoch[19/70], train AUC: 0.8907(0.8136-0.9433), test AUC: 0.8031(0.6856-0.8953)
[2025-01-19 17:54:49,650][INFO] Epoch[20/70], loss:1.5096, CE loss:0.3792, info NCE loss:1.1304
[2025-01-19 17:54:49,650][INFO] Epoch[20/70], train B-acc: 0.6908(0.6120-0.7713), test B-acc: 0.6154(0.5357-0.6964)
[2025-01-19 17:54:49,650][INFO] Epoch[20/70], train AUC: 0.8951(0.8208-0.9512), test AUC: 0.8046(0.6842-0.8986)
[2025-01-19 17:57:09,655][INFO] Epoch[21/70], loss:1.5058, CE loss:0.3761, info NCE loss:1.1297
[2025-01-19 17:57:09,655][INFO] Epoch[21/70], train B-acc: 0.7042(0.6333-0.7857), test B-acc: 0.6316(0.5484-0.7200)
[2025-01-19 17:57:09,655][INFO] Epoch[21/70], train AUC: 0.9034(0.8310-0.9557), test AUC: 0.8117(0.7033-0.9084)
[2025-01-19 17:59:24,904][INFO] Epoch[22/70], loss:1.5021, CE loss:0.3732, info NCE loss:1.1289
[2025-01-19 17:59:24,905][INFO] Epoch[22/70], train B-acc: 0.7191(0.6438-0.8000), test B-acc: 0.6724(0.5806-0.7593)
[2025-01-19 17:59:24,905][INFO] Epoch[22/70], train AUC: 0.9092(0.8443-0.9587), test AUC: 0.8205(0.7031-0.9101)
[2025-01-19 18:01:44,420][INFO] Epoch[23/70], loss:1.4981, CE loss:0.3698, info NCE loss:1.1282
[2025-01-19 18:01:44,421][INFO] Epoch[23/70], train B-acc: 0.7177(0.6387-0.7958), test B-acc: 0.6522(0.5690-0.7500)
[2025-01-19 18:01:44,421][INFO] Epoch[23/70], train AUC: 0.9091(0.8403-0.9596), test AUC: 0.8252(0.7188-0.9147)
[2025-01-19 18:04:01,544][INFO] Epoch[24/70], loss:1.4935, CE loss:0.3660, info NCE loss:1.1275
[2025-01-19 18:04:01,544][INFO] Epoch[24/70], train B-acc: 0.7228(0.6404-0.8000), test B-acc: 0.6957(0.6000-0.7857)
[2025-01-19 18:04:01,544][INFO] Epoch[24/70], train AUC: 0.9169(0.8528-0.9627), test AUC: 0.8295(0.7159-0.9153)
[2025-01-19 18:06:10,544][INFO] Epoch[25/70], loss:1.4901, CE loss:0.3632, info NCE loss:1.1269
[2025-01-19 18:06:10,544][INFO] Epoch[25/70], train B-acc: 0.7165(0.6370-0.7956), test B-acc: 0.7121(0.6167-0.8125)
[2025-01-19 18:06:10,544][INFO] Epoch[25/70], train AUC: 0.9205(0.8548-0.9654), test AUC: 0.8283(0.7171-0.9149)
[2025-01-19 18:08:20,467][INFO] Epoch[26/70], loss:1.4858, CE loss:0.3599, info NCE loss:1.1259
[2025-01-19 18:08:20,467][INFO] Epoch[26/70], train B-acc: 0.7192(0.6385-0.7919), test B-acc: 0.7143(0.6154-0.8088)
[2025-01-19 18:08:20,467][INFO] Epoch[26/70], train AUC: 0.9275(0.8614-0.9687), test AUC: 0.8321(0.7200-0.9213)
[2025-01-19 18:10:29,263][INFO] Epoch[27/70], loss:1.4834, CE loss:0.3580, info NCE loss:1.1255
[2025-01-19 18:10:29,264][INFO] Epoch[27/70], train B-acc: 0.7568(0.6730-0.8343), test B-acc: 0.7105(0.6250-0.8095)
[2025-01-19 18:10:29,264][INFO] Epoch[27/70], train AUC: 0.9287(0.8674-0.9717), test AUC: 0.8358(0.7296-0.9173)
[2025-01-19 18:12:38,330][INFO] Epoch[28/70], loss:1.4792, CE loss:0.3544, info NCE loss:1.1248
[2025-01-19 18:12:38,330][INFO] Epoch[28/70], train B-acc: 0.7695(0.6884-0.8476), test B-acc: 0.7308(0.6379-0.8200)
[2025-01-19 18:12:38,330][INFO] Epoch[28/70], train AUC: 0.9342(0.8674-0.9733), test AUC: 0.8427(0.7323-0.9272)
[2025-01-19 18:14:46,467][INFO] Epoch[29/70], loss:1.4755, CE loss:0.3514, info NCE loss:1.1241
[2025-01-19 18:14:46,467][INFO] Epoch[29/70], train B-acc: 0.7694(0.6912-0.8468), test B-acc: 0.7286(0.6304-0.8333)
[2025-01-19 18:14:46,467][INFO] Epoch[29/70], train AUC: 0.9352(0.8720-0.9764), test AUC: 0.8405(0.7339-0.9272)
[2025-01-19 18:17:01,451][INFO] Epoch[30/70], loss:1.4719, CE loss:0.3486, info NCE loss:1.1233
[2025-01-19 18:17:01,451][INFO] Epoch[30/70], train B-acc: 0.7933(0.7162-0.8728), test B-acc: 0.7429(0.6467-0.8410)
[2025-01-19 18:17:01,453][INFO] Epoch[30/70], train AUC: 0.9420(0.8762-0.9775), test AUC: 0.8419(0.7381-0.9260)
[2025-01-19 18:19:21,499][INFO] Epoch[31/70], loss:1.4689, CE loss:0.3462, info NCE loss:1.1227
[2025-01-19 18:19:21,499][INFO] Epoch[31/70], train B-acc: 0.7849(0.7072-0.8604), test B-acc: 0.7321(0.6316-0.8261)
[2025-01-19 18:19:21,499][INFO] Epoch[31/70], train AUC: 0.9454(0.8863-0.9794), test AUC: 0.8488(0.7371-0.9296)
[2025-01-19 18:21:48,262][INFO] Epoch[32/70], loss:1.4649, CE loss:0.3430, info NCE loss:1.1219
[2025-01-19 18:21:48,262][INFO] Epoch[32/70], train B-acc: 0.8053(0.7200-0.8817), test B-acc: 0.7362(0.6392-0.8382)
[2025-01-19 18:21:48,262][INFO] Epoch[32/70], train AUC: 0.9476(0.8969-0.9816), test AUC: 0.8477(0.7458-0.9322)
[2025-01-19 18:24:16,729][INFO] Epoch[33/70], loss:1.4616, CE loss:0.3403, info NCE loss:1.1213
[2025-01-19 18:24:16,730][INFO] Epoch[33/70], train B-acc: 0.8070(0.7277-0.8850), test B-acc: 0.7436(0.6468-0.8400)
[2025-01-19 18:24:16,730][INFO] Epoch[33/70], train AUC: 0.9518(0.8950-0.9837), test AUC: 0.8493(0.7444-0.9331)
[2025-01-19 18:26:45,544][INFO] Epoch[34/70], loss:1.4583, CE loss:0.3377, info NCE loss:1.1206
[2025-01-19 18:26:45,544][INFO] Epoch[34/70], train B-acc: 0.8176(0.7432-0.8890), test B-acc: 0.7372(0.6403-0.8378)
[2025-01-19 18:26:45,545][INFO] Epoch[34/70], train AUC: 0.9547(0.9038-0.9851), test AUC: 0.8503(0.7506-0.9362)
[2025-01-19 18:29:13,861][INFO] Epoch[35/70], loss:1.4553, CE loss:0.3353, info NCE loss:1.1200
[2025-01-19 18:29:13,862][INFO] Epoch[35/70], train B-acc: 0.8311(0.7535-0.9028), test B-acc: 0.7270(0.6267-0.8283)
[2025-01-19 18:29:13,862][INFO] Epoch[35/70], train AUC: 0.9587(0.9067-0.9870), test AUC: 0.8537(0.7570-0.9295)
[2025-01-19 18:31:41,550][INFO] Epoch[36/70], loss:1.4516, CE loss:0.3325, info NCE loss:1.1191
[2025-01-19 18:31:41,550][INFO] Epoch[36/70], train B-acc: 0.8202(0.7455-0.8934), test B-acc: 0.7361(0.6393-0.8409)
[2025-01-19 18:31:41,550][INFO] Epoch[36/70], train AUC: 0.9605(0.9117-0.9881), test AUC: 0.8586(0.7589-0.9366)
[2025-01-19 18:34:09,323][INFO] Epoch[37/70], loss:1.4488, CE loss:0.3303, info NCE loss:1.1185
[2025-01-19 18:34:09,323][INFO] Epoch[37/70], train B-acc: 0.8617(0.7866-0.9263), test B-acc: 0.7414(0.6405-0.8413)
[2025-01-19 18:34:09,324][INFO] Epoch[37/70], train AUC: 0.9634(0.9183-0.9903), test AUC: 0.8590(0.7585-0.9348)
[2025-01-19 18:36:37,178][INFO] Epoch[38/70], loss:1.4457, CE loss:0.3279, info NCE loss:1.1178
[2025-01-19 18:36:37,178][INFO] Epoch[38/70], train B-acc: 0.8626(0.7872-0.9309), test B-acc: 0.7490(0.6458-0.8492)
[2025-01-19 18:36:37,180][INFO] Epoch[38/70], train AUC: 0.9657(0.9197-0.9914), test AUC: 0.8566(0.7576-0.9373)
[2025-01-19 18:39:05,495][INFO] Epoch[39/70], loss:1.4422, CE loss:0.3252, info NCE loss:1.1170
[2025-01-19 18:39:05,495][INFO] Epoch[39/70], train B-acc: 0.8739(0.8013-0.9327), test B-acc: 0.7649(0.6575-0.8562)
[2025-01-19 18:39:05,496][INFO] Epoch[39/70], train AUC: 0.9679(0.9219-0.9917), test AUC: 0.8606(0.7629-0.9331)
[2025-01-19 18:41:33,866][INFO] Epoch[40/70], loss:1.4394, CE loss:0.3232, info NCE loss:1.1163
[2025-01-19 18:41:33,866][INFO] Epoch[40/70], train B-acc: 0.8761(0.8000-0.9358), test B-acc: 0.7613(0.6626-0.8502)
[2025-01-19 18:41:33,867][INFO] Epoch[40/70], train AUC: 0.9697(0.9234-0.9906), test AUC: 0.8629(0.7644-0.9391)
[2025-01-19 18:44:03,360][INFO] Epoch[41/70], loss:1.4364, CE loss:0.3208, info NCE loss:1.1155
[2025-01-19 18:44:03,360][INFO] Epoch[41/70], train B-acc: 0.8716(0.8040-0.9358), test B-acc: 0.7600(0.6573-0.8576)
[2025-01-19 18:44:03,361][INFO] Epoch[41/70], train AUC: 0.9711(0.9347-0.9934), test AUC: 0.8620(0.7656-0.9451)
[2025-01-19 18:46:31,278][INFO] Epoch[42/70], loss:1.4334, CE loss:0.3187, info NCE loss:1.1147
[2025-01-19 18:46:31,278][INFO] Epoch[42/70], train B-acc: 0.8740(0.7986-0.9403), test B-acc: 0.7566(0.6434-0.8529)
[2025-01-19 18:46:31,278][INFO] Epoch[42/70], train AUC: 0.9718(0.9299-0.9934), test AUC: 0.8624(0.7555-0.9403)
[2025-01-19 18:48:59,413][INFO] Epoch[43/70], loss:1.4309, CE loss:0.3167, info NCE loss:1.1141
[2025-01-19 18:48:59,414][INFO] Epoch[43/70], train B-acc: 0.8759(0.7975-0.9380), test B-acc: 0.7511(0.6587-0.8511)
[2025-01-19 18:48:59,414][INFO] Epoch[43/70], train AUC: 0.9743(0.9380-0.9946), test AUC: 0.8620(0.7693-0.9424)
[2025-01-19 18:51:26,830][INFO] Epoch[44/70], loss:1.4275, CE loss:0.3143, info NCE loss:1.1131
[2025-01-19 18:51:26,831][INFO] Epoch[44/70], train B-acc: 0.8743(0.8021-0.9384), test B-acc: 0.7500(0.6500-0.8519)
[2025-01-19 18:51:26,831][INFO] Epoch[44/70], train AUC: 0.9770(0.9410-0.9957), test AUC: 0.8586(0.7575-0.9364)
[2025-01-19 18:53:55,053][INFO] Epoch[45/70], loss:1.4251, CE loss:0.3126, info NCE loss:1.1126
[2025-01-19 18:53:55,053][INFO] Epoch[45/70], train B-acc: 0.8754(0.8020-0.9406), test B-acc: 0.7604(0.6525-0.8553)
[2025-01-19 18:53:55,055][INFO] Epoch[45/70], train AUC: 0.9781(0.9468-0.9966), test AUC: 0.8638(0.7664-0.9452)
[2025-01-19 18:56:23,454][INFO] Epoch[46/70], loss:1.4248, CE loss:0.3123, info NCE loss:1.1125
[2025-01-19 18:56:23,454][INFO] Epoch[46/70], train B-acc: 0.9008(0.8383-0.9610), test B-acc: 0.7779(0.6763-0.8742)
[2025-01-19 18:56:23,454][INFO] Epoch[46/70], train AUC: 0.9791(0.9410-0.9964), test AUC: 0.8628(0.7704-0.9397)
[2025-01-19 18:58:52,442][INFO] Epoch[47/70], loss:1.4211, CE loss:0.3097, info NCE loss:1.1115
[2025-01-19 18:58:52,443][INFO] Epoch[47/70], train B-acc: 0.9380(0.8860-0.9826), test B-acc: 0.7971(0.6931-0.8903)
[2025-01-19 18:58:52,443][INFO] Epoch[47/70], train AUC: 0.9800(0.9440-0.9969), test AUC: 0.8634(0.7652-0.9402)
[2025-01-19 19:01:21,531][INFO] Epoch[48/70], loss:1.4169, CE loss:0.3065, info NCE loss:1.1105
[2025-01-19 19:01:21,533][INFO] Epoch[48/70], train B-acc: 0.9503(0.9007-0.9862), test B-acc: 0.7937(0.7000-0.8889)
[2025-01-19 19:01:21,533][INFO] Epoch[48/70], train AUC: 0.9792(0.9461-0.9966), test AUC: 0.8668(0.7744-0.9435)
[2025-01-19 19:03:53,001][INFO] Epoch[49/70], loss:1.4145, CE loss:0.3047, info NCE loss:1.1098
[2025-01-19 19:03:53,001][INFO] Epoch[49/70], train B-acc: 0.9504(0.8994-0.9887), test B-acc: 0.7914(0.6826-0.8857)
[2025-01-19 19:03:53,003][INFO] Epoch[49/70], train AUC: 0.9805(0.9472-0.9965), test AUC: 0.8636(0.7589-0.9423)
[2025-01-19 19:06:23,115][INFO] Epoch[50/70], loss:1.4115, CE loss:0.3026, info NCE loss:1.1089
[2025-01-19 19:06:23,116][INFO] Epoch[50/70], train B-acc: 0.9501(0.8965-0.9886), test B-acc: 0.7925(0.6914-0.8867)
[2025-01-19 19:06:23,116][INFO] Epoch[50/70], train AUC: 0.9825(0.9488-0.9975), test AUC: 0.8648(0.7686-0.9418)
[2025-01-19 19:08:52,484][INFO] Epoch[51/70], loss:1.4099, CE loss:0.3013, info NCE loss:1.1086
[2025-01-19 19:08:52,484][INFO] Epoch[51/70], train B-acc: 0.9532(0.9006-0.9910), test B-acc: 0.7937(0.6929-0.8848)
[2025-01-19 19:08:52,484][INFO] Epoch[51/70], train AUC: 0.9826(0.9546-0.9977), test AUC: 0.8640(0.7585-0.9397)
[2025-01-19 19:11:20,622][INFO] Epoch[52/70], loss:1.4075, CE loss:0.2996, info NCE loss:1.1079
[2025-01-19 19:11:20,623][INFO] Epoch[52/70], train B-acc: 0.9479(0.8935-0.9846), test B-acc: 0.7892(0.6882-0.8859)
[2025-01-19 19:11:20,623][INFO] Epoch[52/70], train AUC: 0.9842(0.9554-0.9976), test AUC: 0.8638(0.7643-0.9429)
[2025-01-19 19:13:49,774][INFO] Epoch[53/70], loss:1.4045, CE loss:0.2974, info NCE loss:1.1071
[2025-01-19 19:13:49,774][INFO] Epoch[53/70], train B-acc: 0.9450(0.8935-0.9828), test B-acc: 0.7890(0.6824-0.8794)
[2025-01-19 19:13:49,774][INFO] Epoch[53/70], train AUC: 0.9845(0.9584-0.9974), test AUC: 0.8688(0.7674-0.9427)
[2025-01-19 19:16:14,463][INFO] Epoch[54/70], loss:1.4026, CE loss:0.2962, info NCE loss:1.1063
[2025-01-19 19:16:14,464][INFO] Epoch[54/70], train B-acc: 0.9468(0.8963-0.9844), test B-acc: 0.7788(0.6733-0.8701)
[2025-01-19 19:16:14,464][INFO] Epoch[54/70], train AUC: 0.9856(0.9611-0.9978), test AUC: 0.8625(0.7604-0.9435)
[2025-01-19 19:18:39,228][INFO] Epoch[55/70], loss:1.4005, CE loss:0.2947, info NCE loss:1.1058
[2025-01-19 19:18:39,228][INFO] Epoch[55/70], train B-acc: 0.9473(0.8939-0.9825), test B-acc: 0.7813(0.6824-0.8758)
[2025-01-19 19:18:39,228][INFO] Epoch[55/70], train AUC: 0.9867(0.9631-0.9978), test AUC: 0.8660(0.7685-0.9396)
[2025-01-19 19:21:06,540][INFO] Epoch[56/70], loss:1.3982, CE loss:0.2929, info NCE loss:1.1053
[2025-01-19 19:21:06,541][INFO] Epoch[56/70], train B-acc: 0.9411(0.8882-0.9799), test B-acc: 0.7796(0.6839-0.8733)
[2025-01-19 19:21:06,541][INFO] Epoch[56/70], train AUC: 0.9870(0.9630-0.9981), test AUC: 0.8614(0.7590-0.9402)
[2025-01-19 19:23:33,630][INFO] Epoch[57/70], loss:1.3963, CE loss:0.2916, info NCE loss:1.1047
[2025-01-19 19:23:33,631][INFO] Epoch[57/70], train B-acc: 0.9557(0.9101-0.9864), test B-acc: 0.7758(0.6700-0.8765)
[2025-01-19 19:23:33,631][INFO] Epoch[57/70], train AUC: 0.9883(0.9667-0.9988), test AUC: 0.8603(0.7640-0.9411)
[2025-01-19 19:25:58,934][INFO] Epoch[58/70], loss:1.3933, CE loss:0.2894, info NCE loss:1.1038
[2025-01-19 19:25:58,934][INFO] Epoch[58/70], train B-acc: 0.9465(0.8964-0.9835), test B-acc: 0.7807(0.6813-0.8741)
[2025-01-19 19:25:58,934][INFO] Epoch[58/70], train AUC: 0.9886(0.9686-0.9989), test AUC: 0.8610(0.7648-0.9418)
[2025-01-19 19:28:24,546][INFO] Epoch[59/70], loss:1.3915, CE loss:0.2882, info NCE loss:1.1032
[2025-01-19 19:28:24,547][INFO] Epoch[59/70], train B-acc: 0.9504(0.8986-0.9889), test B-acc: 0.7843(0.6875-0.8741)
[2025-01-19 19:28:24,547][INFO] Epoch[59/70], train AUC: 0.9893(0.9698-0.9991), test AUC: 0.8623(0.7651-0.9453)
[2025-01-19 19:30:51,768][INFO] Epoch[60/70], loss:1.3898, CE loss:0.2868, info NCE loss:1.1030
[2025-01-19 19:30:51,769][INFO] Epoch[60/70], train B-acc: 0.9729(0.9378-0.9931), test B-acc: 0.7768(0.6687-0.8738)
[2025-01-19 19:30:51,769][INFO] Epoch[60/70], train AUC: 0.9905(0.9722-0.9992), test AUC: 0.8594(0.7604-0.9371)
[2025-01-19 19:33:16,640][INFO] Epoch[61/70], loss:1.3876, CE loss:0.2854, info NCE loss:1.1023
[2025-01-19 19:33:16,640][INFO] Epoch[61/70], train B-acc: 0.9686(0.9333-0.9871), test B-acc: 0.7730(0.6702-0.8600)
[2025-01-19 19:33:16,641][INFO] Epoch[61/70], train AUC: 0.9915(0.9743-0.9995), test AUC: 0.8592(0.7644-0.9341)
[2025-01-19 19:35:40,922][INFO] Epoch[62/70], loss:1.3856, CE loss:0.2839, info NCE loss:1.1017
[2025-01-19 19:35:40,923][INFO] Epoch[62/70], train B-acc: 0.9732(0.9414-0.9930), test B-acc: 0.7808(0.6760-0.8770)
[2025-01-19 19:35:40,923][INFO] Epoch[62/70], train AUC: 0.9919(0.9760-0.9997), test AUC: 0.8603(0.7575-0.9385)
[2025-01-19 19:38:05,933][INFO] Epoch[63/70], loss:1.3841, CE loss:0.2828, info NCE loss:1.1012
[2025-01-19 19:38:05,933][INFO] Epoch[63/70], train B-acc: 0.9680(0.9333-0.9890), test B-acc: 0.8149(0.7127-0.9029)
[2025-01-19 19:38:05,933][INFO] Epoch[63/70], train AUC: 0.9921(0.9774-0.9997), test AUC: 0.8648(0.7548-0.9417)
[2025-01-19 19:40:32,102][INFO] Epoch[64/70], loss:1.3824, CE loss:0.2816, info NCE loss:1.1008
[2025-01-19 19:40:32,102][INFO] Epoch[64/70], train B-acc: 0.9684(0.9302-0.9888), test B-acc: 0.8241(0.7329-0.9131)
[2025-01-19 19:40:32,102][INFO] Epoch[64/70], train AUC: 0.9929(0.9768-0.9996), test AUC: 0.8611(0.7648-0.9440)
[2025-01-19 19:42:57,841][INFO] Epoch[65/70], loss:1.3804, CE loss:0.2803, info NCE loss:1.1001
[2025-01-19 19:42:57,841][INFO] Epoch[65/70], train B-acc: 0.9674(0.9336-0.9887), test B-acc: 0.8306(0.7347-0.9125)
[2025-01-19 19:42:57,841][INFO] Epoch[65/70], train AUC: 0.9930(0.9791-0.9995), test AUC: 0.8625(0.7605-0.9424)
[2025-01-19 19:45:21,814][INFO] Epoch[66/70], loss:1.3780, CE loss:0.2785, info NCE loss:1.0995
[2025-01-19 19:45:21,814][INFO] Epoch[66/70], train B-acc: 0.9661(0.9323-0.9864), test B-acc: 0.8190(0.7307-0.9021)
[2025-01-19 19:45:21,815][INFO] Epoch[66/70], train AUC: 0.9945(0.9839-0.9997), test AUC: 0.8666(0.7646-0.9464)
[2025-01-19 19:47:46,565][INFO] Epoch[67/70], loss:1.3768, CE loss:0.2777, info NCE loss:1.0991
[2025-01-19 19:47:46,565][INFO] Epoch[67/70], train B-acc: 0.9686(0.9319-0.9889), test B-acc: 0.8112(0.7098-0.9018)
[2025-01-19 19:47:46,566][INFO] Epoch[67/70], train AUC: 0.9941(0.9831-0.9996), test AUC: 0.8633(0.7623-0.9429)
[2025-01-19 19:50:13,233][INFO] Epoch[68/70], loss:1.3750, CE loss:0.2762, info NCE loss:1.0988
[2025-01-19 19:50:13,233][INFO] Epoch[68/70], train B-acc: 0.9697(0.9345-0.9906), test B-acc: 0.8120(0.7190-0.8990)
[2025-01-19 19:50:13,233][INFO] Epoch[68/70], train AUC: 0.9941(0.9829-0.9996), test AUC: 0.8621(0.7612-0.9467)
[2025-01-19 19:52:39,894][INFO] Epoch[69/70], loss:1.3737, CE loss:0.2754, info NCE loss:1.0983
[2025-01-19 19:52:39,894][INFO] Epoch[69/70], train B-acc: 0.9628(0.9310-0.9859), test B-acc: 0.8119(0.7067-0.8993)
[2025-01-19 19:52:39,894][INFO] Epoch[69/70], train AUC: 0.9944(0.9842-0.9997), test AUC: 0.8643(0.7448-0.9427)
[2025-01-19 19:55:06,248][INFO] Epoch[70/70], loss:1.3716, CE loss:0.2740, info NCE loss:1.0976
[2025-01-19 19:55:06,248][INFO] Epoch[70/70], train B-acc: 0.9658(0.9282-0.9868), test B-acc: 0.8200(0.7202-0.9044)
[2025-01-19 19:55:06,250][INFO] Epoch[70/70], train AUC: 0.9948(0.9839-0.9997), test AUC: 0.8613(0.7616-0.9452)
