[2025-01-18 20:11:04,863][INFO] Running PROJECT: CRC-DX, P LEARNING RATE: 0.0001, OPTIMIZER: ADAMW, NUM EPOCHS: 80, BATCH SIZE: 2048, DEVICES: cuda, SMOOTHING: 0.1
[2025-01-18 20:11:04,863][INFO] params["in_chans"]=[200, 16]python run_model.py --proj CRC-DX --num_epochs 80  --plr 1e-4  --smoothing 0.1
[2025-01-18 20:11:04,863][INFO] params["dims"]=[512, 512] 温度参数为0.65
[2025-01-18 20:11:04,863][INFO] params["out_chans"]=[16, 8]
[2025-01-18 20:11:04,864][INFO] params["heads"]=[8, 4]
[2025-01-18 20:11:04,864][INFO] params["dropout"]=[0.8, 0.4, 0.4]
[2025-01-18 20:13:23,754][INFO] Epoch[1/80], loss:1.1111, CE loss:0.5044, info NCE loss:0.6067
[2025-01-18 20:13:23,755][INFO] Epoch[1/80], train B-acc: 0.5000(0.5000-0.5000), test B-acc: 0.5000(0.5000-0.5000)
[2025-01-18 20:13:23,755][INFO] Epoch[1/80], train AUC: 0.6179(0.5192-0.7178), test AUC: 0.7431(0.6387-0.8386)
[2025-01-18 20:15:39,764][INFO] Epoch[2/80], loss:1.0732, CE loss:0.4665, info NCE loss:0.6067
[2025-01-18 20:15:39,765][INFO] Epoch[2/80], train B-acc: 0.5000(0.5000-0.5000), test B-acc: 0.5000(0.5000-0.5000)
[2025-01-18 20:15:39,765][INFO] Epoch[2/80], train AUC: 0.6999(0.5908-0.7982), test AUC: 0.7489(0.6283-0.8467)
[2025-01-18 20:17:55,765][INFO] Epoch[3/80], loss:1.0592, CE loss:0.4525, info NCE loss:0.6066
[2025-01-18 20:17:55,765][INFO] Epoch[3/80], train B-acc: 0.5000(0.5000-0.5000), test B-acc: 0.5000(0.5000-0.5000)
[2025-01-18 20:17:55,765][INFO] Epoch[3/80], train AUC: 0.7381(0.6426-0.8330), test AUC: 0.7389(0.6180-0.8427)
[2025-01-18 20:20:12,107][INFO] Epoch[4/80], loss:1.0488, CE loss:0.4423, info NCE loss:0.6065
[2025-01-18 20:20:12,107][INFO] Epoch[4/80], train B-acc: 0.5125(0.5000-0.5476), test B-acc: 0.5000(0.5000-0.5000)
[2025-01-18 20:20:12,108][INFO] Epoch[4/80], train AUC: 0.7620(0.6664-0.8403), test AUC: 0.7419(0.6207-0.8424)
[2025-01-18 20:22:28,500][INFO] Epoch[5/80], loss:1.0401, CE loss:0.4337, info NCE loss:0.6064
[2025-01-18 20:22:28,500][INFO] Epoch[5/80], train B-acc: 0.5385(0.5000-0.5882), test B-acc: 0.5000(0.5000-0.5000)
[2025-01-18 20:22:28,500][INFO] Epoch[5/80], train AUC: 0.7886(0.6976-0.8651), test AUC: 0.7416(0.6266-0.8428)
[2025-01-18 20:24:43,887][INFO] Epoch[6/80], loss:1.0324, CE loss:0.4261, info NCE loss:0.6063
[2025-01-18 20:24:43,887][INFO] Epoch[6/80], train B-acc: 0.5618(0.5129-0.6226), test B-acc: 0.5185(0.5000-0.5682)
[2025-01-18 20:24:43,887][INFO] Epoch[6/80], train AUC: 0.8042(0.7193-0.8758), test AUC: 0.7495(0.6387-0.8555)
[2025-01-18 20:27:00,460][INFO] Epoch[7/80], loss:1.0250, CE loss:0.4188, info NCE loss:0.6061
[2025-01-18 20:27:00,461][INFO] Epoch[7/80], train B-acc: 0.5721(0.5214-0.6325), test B-acc: 0.5357(0.5000-0.5952)
[2025-01-18 20:27:00,461][INFO] Epoch[7/80], train AUC: 0.8195(0.7396-0.8876), test AUC: 0.7578(0.6382-0.8566)
[2025-01-18 20:29:15,948][INFO] Epoch[8/80], loss:1.0186, CE loss:0.4126, info NCE loss:0.6060
[2025-01-18 20:29:15,949][INFO] Epoch[8/80], train B-acc: 0.5721(0.5188-0.6365), test B-acc: 0.5370(0.5000-0.6000)
[2025-01-18 20:29:15,949][INFO] Epoch[8/80], train AUC: 0.8320(0.7532-0.9036), test AUC: 0.7644(0.6537-0.8660)
[2025-01-18 20:31:32,849][INFO] Epoch[9/80], loss:1.0123, CE loss:0.4065, info NCE loss:0.6058
[2025-01-18 20:31:32,851][INFO] Epoch[9/80], train B-acc: 0.5852(0.5311-0.6540), test B-acc: 0.5556(0.5000-0.6250)
[2025-01-18 20:31:32,851][INFO] Epoch[9/80], train AUC: 0.8489(0.7608-0.9123), test AUC: 0.7752(0.6522-0.8765)
[2025-01-18 20:33:49,134][INFO] Epoch[10/80], loss:1.0073, CE loss:0.4017, info NCE loss:0.6055
[2025-01-18 20:33:49,135][INFO] Epoch[10/80], train B-acc: 0.5998(0.5396-0.6637), test B-acc: 0.5741(0.5000-0.6538)
[2025-01-18 20:33:49,135][INFO] Epoch[10/80], train AUC: 0.8564(0.7806-0.9190), test AUC: 0.7851(0.6653-0.8800)
[2025-01-18 20:36:05,357][INFO] Epoch[11/80], loss:1.0020, CE loss:0.3967, info NCE loss:0.6053
[2025-01-18 20:36:05,358][INFO] Epoch[11/80], train B-acc: 0.6257(0.5595-0.6974), test B-acc: 0.5938(0.5263-0.6774)
[2025-01-18 20:36:05,358][INFO] Epoch[11/80], train AUC: 0.8681(0.7883-0.9298), test AUC: 0.7904(0.6845-0.8935)
[2025-01-18 20:38:21,967][INFO] Epoch[12/80], loss:0.9958, CE loss:0.3909, info NCE loss:0.6049
[2025-01-18 20:38:21,968][INFO] Epoch[12/80], train B-acc: 0.6289(0.5602-0.7016), test B-acc: 0.6111(0.5385-0.7000)
[2025-01-18 20:38:21,968][INFO] Epoch[12/80], train AUC: 0.8782(0.8059-0.9371), test AUC: 0.8003(0.6783-0.8923)
[2025-01-18 20:40:38,467][INFO] Epoch[13/80], loss:0.9907, CE loss:0.3862, info NCE loss:0.6046
[2025-01-18 20:40:38,467][INFO] Epoch[13/80], train B-acc: 0.6389(0.5694-0.7155), test B-acc: 0.6136(0.5385-0.7000)
[2025-01-18 20:40:38,467][INFO] Epoch[13/80], train AUC: 0.8873(0.8108-0.9452), test AUC: 0.8024(0.6839-0.8992)
[2025-01-18 20:42:54,535][INFO] Epoch[14/80], loss:0.9856, CE loss:0.3814, info NCE loss:0.6042
[2025-01-18 20:42:54,536][INFO] Epoch[14/80], train B-acc: 0.6795(0.6034-0.7628), test B-acc: 0.6154(0.5417-0.7037)
[2025-01-18 20:42:54,536][INFO] Epoch[14/80], train AUC: 0.8945(0.8280-0.9490), test AUC: 0.8090(0.6872-0.8969)
[2025-01-18 20:45:10,011][INFO] Epoch[15/80], loss:0.9806, CE loss:0.3768, info NCE loss:0.6038
[2025-01-18 20:45:10,011][INFO] Epoch[15/80], train B-acc: 0.6790(0.6050-0.7612), test B-acc: 0.6304(0.5517-0.7200)
[2025-01-18 20:45:10,013][INFO] Epoch[15/80], train AUC: 0.9004(0.8312-0.9516), test AUC: 0.8113(0.6985-0.9056)
[2025-01-18 20:47:25,111][INFO] Epoch[16/80], loss:0.9771, CE loss:0.3737, info NCE loss:0.6033
[2025-01-18 20:47:25,113][INFO] Epoch[16/80], train B-acc: 0.7073(0.6248-0.7976), test B-acc: 0.6731(0.5870-0.7708)
[2025-01-18 20:47:25,113][INFO] Epoch[16/80], train AUC: 0.9100(0.8354-0.9612), test AUC: 0.8178(0.7098-0.9068)
[2025-01-18 20:49:42,504][INFO] Epoch[17/80], loss:0.9717, CE loss:0.3688, info NCE loss:0.6029
[2025-01-18 20:49:42,505][INFO] Epoch[17/80], train B-acc: 0.7053(0.6279-0.7834), test B-acc: 0.6731(0.5833-0.7647)
[2025-01-18 20:49:42,505][INFO] Epoch[17/80], train AUC: 0.9110(0.8430-0.9596), test AUC: 0.8267(0.7100-0.9129)
[2025-01-18 20:52:00,827][INFO] Epoch[18/80], loss:0.9672, CE loss:0.3648, info NCE loss:0.6024
[2025-01-18 20:52:00,829][INFO] Epoch[18/80], train B-acc: 0.6915(0.6173-0.7727), test B-acc: 0.6724(0.5800-0.7727)
[2025-01-18 20:52:00,829][INFO] Epoch[18/80], train AUC: 0.9168(0.8513-0.9615), test AUC: 0.8304(0.7115-0.9174)
[2025-01-18 20:54:17,884][INFO] Epoch[19/80], loss:0.9630, CE loss:0.3610, info NCE loss:0.6019
[2025-01-18 20:54:17,884][INFO] Epoch[19/80], train B-acc: 0.7037(0.6263-0.7875), test B-acc: 0.6923(0.6053-0.7857)
[2025-01-18 20:54:17,884][INFO] Epoch[19/80], train AUC: 0.9223(0.8604-0.9666), test AUC: 0.8350(0.7329-0.9221)
[2025-01-18 20:56:33,909][INFO] Epoch[20/80], loss:0.9586, CE loss:0.3571, info NCE loss:0.6015
[2025-01-18 20:56:33,909][INFO] Epoch[20/80], train B-acc: 0.7075(0.6317-0.7852), test B-acc: 0.6923(0.6042-0.7895)
[2025-01-18 20:56:33,909][INFO] Epoch[20/80], train AUC: 0.9275(0.8595-0.9691), test AUC: 0.8409(0.7401-0.9285)
[2025-01-18 20:58:55,409][INFO] Epoch[21/80], loss:0.9545, CE loss:0.3534, info NCE loss:0.6011
[2025-01-18 20:58:55,409][INFO] Epoch[21/80], train B-acc: 0.7323(0.6600-0.8181), test B-acc: 0.6923(0.6000-0.7931)
[2025-01-18 20:58:55,410][INFO] Epoch[21/80], train AUC: 0.9343(0.8774-0.9737), test AUC: 0.8427(0.7354-0.9331)
[2025-01-18 21:01:17,125][INFO] Epoch[22/80], loss:0.9505, CE loss:0.3499, info NCE loss:0.6006
[2025-01-18 21:01:17,125][INFO] Epoch[22/80], train B-acc: 0.7361(0.6569-0.8090), test B-acc: 0.6875(0.5968-0.7885)
[2025-01-18 21:01:17,125][INFO] Epoch[22/80], train AUC: 0.9411(0.8840-0.9759), test AUC: 0.8476(0.7368-0.9330)
[2025-01-18 21:03:36,914][INFO] Epoch[23/80], loss:0.9472, CE loss:0.3471, info NCE loss:0.6001
[2025-01-18 21:03:36,914][INFO] Epoch[23/80], train B-acc: 0.7596(0.6783-0.8384), test B-acc: 0.6842(0.5926-0.7914)
[2025-01-18 21:03:36,914][INFO] Epoch[23/80], train AUC: 0.9445(0.8830-0.9779), test AUC: 0.8530(0.7508-0.9376)
[2025-01-18 21:05:42,370][INFO] Epoch[24/80], loss:0.9436, CE loss:0.3439, info NCE loss:0.5998
[2025-01-18 21:05:42,371][INFO] Epoch[24/80], train B-acc: 0.7549(0.6737-0.8374), test B-acc: 0.7073(0.6050-0.8077)
[2025-01-18 21:05:42,371][INFO] Epoch[24/80], train AUC: 0.9474(0.8926-0.9823), test AUC: 0.8508(0.7462-0.9361)
[2025-01-18 21:07:45,928][INFO] Epoch[25/80], loss:0.9402, CE loss:0.3408, info NCE loss:0.5993
[2025-01-18 21:07:45,929][INFO] Epoch[25/80], train B-acc: 0.7669(0.6908-0.8453), test B-acc: 0.7040(0.6043-0.7966)
[2025-01-18 21:07:45,929][INFO] Epoch[25/80], train AUC: 0.9509(0.8971-0.9845), test AUC: 0.8536(0.7380-0.9368)
[2025-01-18 21:09:49,526][INFO] Epoch[26/80], loss:0.9362, CE loss:0.3373, info NCE loss:0.5989
[2025-01-18 21:09:49,527][INFO] Epoch[26/80], train B-acc: 0.7713(0.6923-0.8548), test B-acc: 0.7000(0.6127-0.7937)
[2025-01-18 21:09:49,527][INFO] Epoch[26/80], train AUC: 0.9546(0.9052-0.9849), test AUC: 0.8545(0.7509-0.9345)
[2025-01-18 21:11:52,800][INFO] Epoch[27/80], loss:0.9328, CE loss:0.3343, info NCE loss:0.5985
[2025-01-18 21:11:52,800][INFO] Epoch[27/80], train B-acc: 0.7812(0.6960-0.8614), test B-acc: 0.7048(0.6136-0.8055)
[2025-01-18 21:11:52,801][INFO] Epoch[27/80], train AUC: 0.9575(0.9072-0.9872), test AUC: 0.8588(0.7576-0.9380)
[2025-01-18 21:13:56,308][INFO] Epoch[28/80], loss:0.9299, CE loss:0.3319, info NCE loss:0.5981
[2025-01-18 21:13:56,308][INFO] Epoch[28/80], train B-acc: 0.8076(0.7252-0.8810), test B-acc: 0.7432(0.6468-0.8394)
[2025-01-18 21:13:56,308][INFO] Epoch[28/80], train AUC: 0.9593(0.9062-0.9879), test AUC: 0.8649(0.7675-0.9444)
[2025-01-18 21:15:59,893][INFO] Epoch[29/80], loss:0.9268, CE loss:0.3291, info NCE loss:0.5977
[2025-01-18 21:15:59,894][INFO] Epoch[29/80], train B-acc: 0.8241(0.7434-0.9000), test B-acc: 0.7470(0.6527-0.8409)
[2025-01-18 21:15:59,894][INFO] Epoch[29/80], train AUC: 0.9633(0.9189-0.9898), test AUC: 0.8650(0.7621-0.9456)
[2025-01-18 21:18:03,596][INFO] Epoch[30/80], loss:0.9244, CE loss:0.3271, info NCE loss:0.5973
[2025-01-18 21:18:03,597][INFO] Epoch[30/80], train B-acc: 0.8356(0.7556-0.9076), test B-acc: 0.7557(0.6562-0.8542)
[2025-01-18 21:18:03,597][INFO] Epoch[30/80], train AUC: 0.9647(0.9202-0.9894), test AUC: 0.8639(0.7677-0.9452)
[2025-01-18 21:21:45,822][INFO] Epoch[31/80], loss:0.9210, CE loss:0.3241, info NCE loss:0.5969
[2025-01-18 21:21:45,822][INFO] Epoch[31/80], train B-acc: 0.8093(0.7308-0.8833), test B-acc: 0.7431(0.6366-0.8400)
[2025-01-18 21:21:45,822][INFO] Epoch[31/80], train AUC: 0.9686(0.9248-0.9911), test AUC: 0.8654(0.7691-0.9435)
[2025-01-18 21:24:11,497][INFO] Epoch[32/80], loss:0.9189, CE loss:0.3224, info NCE loss:0.5965
[2025-01-18 21:24:11,498][INFO] Epoch[32/80], train B-acc: 0.8233(0.7434-0.8955), test B-acc: 0.7436(0.6468-0.8438)
[2025-01-18 21:24:11,498][INFO] Epoch[32/80], train AUC: 0.9701(0.9292-0.9923), test AUC: 0.8709(0.7800-0.9443)
[2025-01-18 21:26:28,351][INFO] Epoch[33/80], loss:0.9152, CE loss:0.3192, info NCE loss:0.5960
[2025-01-18 21:26:28,351][INFO] Epoch[33/80], train B-acc: 0.8353(0.7596-0.9093), test B-acc: 0.7595(0.6577-0.8508)
[2025-01-18 21:26:28,351][INFO] Epoch[33/80], train AUC: 0.9725(0.9345-0.9934), test AUC: 0.8662(0.7666-0.9402)
[2025-01-18 21:28:43,080][INFO] Epoch[34/80], loss:0.9119, CE loss:0.3163, info NCE loss:0.5955
[2025-01-18 21:28:43,080][INFO] Epoch[34/80], train B-acc: 0.8372(0.7580-0.9099), test B-acc: 0.7643(0.6719-0.8600)
[2025-01-18 21:28:43,080][INFO] Epoch[34/80], train AUC: 0.9756(0.9382-0.9946), test AUC: 0.8661(0.7643-0.9452)
[2025-01-18 21:31:00,461][INFO] Epoch[35/80], loss:0.9094, CE loss:0.3142, info NCE loss:0.5951
[2025-01-18 21:31:00,461][INFO] Epoch[35/80], train B-acc: 0.8349(0.7573-0.9048), test B-acc: 0.7778(0.6703-0.8750)
[2025-01-18 21:31:00,461][INFO] Epoch[35/80], train AUC: 0.9754(0.9393-0.9950), test AUC: 0.8686(0.7730-0.9475)
[2025-01-18 21:33:14,727][INFO] Epoch[36/80], loss:0.9070, CE loss:0.3122, info NCE loss:0.5948
[2025-01-18 21:33:14,728][INFO] Epoch[36/80], train B-acc: 0.8779(0.7965-0.9388), test B-acc: 0.7943(0.7067-0.8929)
[2025-01-18 21:33:14,728][INFO] Epoch[36/80], train AUC: 0.9776(0.9423-0.9957), test AUC: 0.8704(0.7691-0.9505)
[2025-01-18 21:35:28,544][INFO] Epoch[37/80], loss:0.9043, CE loss:0.3099, info NCE loss:0.5944
[2025-01-18 21:35:28,544][INFO] Epoch[37/80], train B-acc: 0.8639(0.7897-0.9283), test B-acc: 0.7937(0.6929-0.8966)
[2025-01-18 21:35:28,545][INFO] Epoch[37/80], train AUC: 0.9797(0.9442-0.9964), test AUC: 0.8711(0.7734-0.9481)
[2025-01-18 21:37:43,980][INFO] Epoch[38/80], loss:0.9019, CE loss:0.3079, info NCE loss:0.5940
[2025-01-18 21:37:43,980][INFO] Epoch[38/80], train B-acc: 0.8641(0.7905-0.9322), test B-acc: 0.7762(0.6778-0.8684)
[2025-01-18 21:37:43,981][INFO] Epoch[38/80], train AUC: 0.9808(0.9495-0.9974), test AUC: 0.8699(0.7646-0.9437)
[2025-01-18 21:39:52,107][INFO] Epoch[39/80], loss:0.9000, CE loss:0.3064, info NCE loss:0.5936
[2025-01-18 21:39:52,107][INFO] Epoch[39/80], train B-acc: 0.8615(0.7812-0.9306), test B-acc: 0.7760(0.6690-0.8746)
[2025-01-18 21:39:52,107][INFO] Epoch[39/80], train AUC: 0.9816(0.9487-0.9971), test AUC: 0.8686(0.7606-0.9493)
[2025-01-18 21:41:59,112][INFO] Epoch[40/80], loss:0.8978, CE loss:0.3045, info NCE loss:0.5933
[2025-01-18 21:41:59,112][INFO] Epoch[40/80], train B-acc: 0.8900(0.8173-0.9501), test B-acc: 0.7827(0.6853-0.8752)
[2025-01-18 21:41:59,112][INFO] Epoch[40/80], train AUC: 0.9824(0.9494-0.9977), test AUC: 0.8687(0.7738-0.9474)
[2025-01-18 21:44:05,708][INFO] Epoch[41/80], loss:0.8945, CE loss:0.3018, info NCE loss:0.5927
[2025-01-18 21:44:05,708][INFO] Epoch[41/80], train B-acc: 0.8751(0.8044-0.9361), test B-acc: 0.7867(0.6813-0.8793)
[2025-01-18 21:44:05,708][INFO] Epoch[41/80], train AUC: 0.9829(0.9533-0.9974), test AUC: 0.8693(0.7654-0.9476)
[2025-01-18 21:46:14,016][INFO] Epoch[42/80], loss:0.8929, CE loss:0.3005, info NCE loss:0.5924
[2025-01-18 21:46:14,016][INFO] Epoch[42/80], train B-acc: 0.9304(0.8721-0.9778), test B-acc: 0.7925(0.6963-0.8858)
[2025-01-18 21:46:14,016][INFO] Epoch[42/80], train AUC: 0.9845(0.9581-0.9982), test AUC: 0.8721(0.7723-0.9485)
[2025-01-18 21:48:23,811][INFO] Epoch[43/80], loss:0.8906, CE loss:0.2987, info NCE loss:0.5919
[2025-01-18 21:48:23,811][INFO] Epoch[43/80], train B-acc: 0.9419(0.8840-0.9832), test B-acc: 0.7864(0.6875-0.8733)
[2025-01-18 21:48:23,811][INFO] Epoch[43/80], train AUC: 0.9852(0.9576-0.9980), test AUC: 0.8710(0.7719-0.9449)
[2025-01-18 21:50:41,044][INFO] Epoch[44/80], loss:0.8884, CE loss:0.2968, info NCE loss:0.5915
[2025-01-18 21:50:41,045][INFO] Epoch[44/80], train B-acc: 0.9428(0.8879-0.9832), test B-acc: 0.7925(0.6960-0.8925)
[2025-01-18 21:50:41,045][INFO] Epoch[44/80], train AUC: 0.9865(0.9604-0.9985), test AUC: 0.8739(0.7768-0.9531)
[2025-01-18 21:52:57,780][INFO] Epoch[45/80], loss:0.8860, CE loss:0.2948, info NCE loss:0.5912
[2025-01-18 21:52:57,780][INFO] Epoch[45/80], train B-acc: 0.9146(0.8498-0.9710), test B-acc: 0.8000(0.7018-0.8927)
[2025-01-18 21:52:57,780][INFO] Epoch[45/80], train AUC: 0.9870(0.9623-0.9987), test AUC: 0.8686(0.7686-0.9451)
[2025-01-18 21:55:15,487][INFO] Epoch[46/80], loss:0.8844, CE loss:0.2936, info NCE loss:0.5908
[2025-01-18 21:55:15,487][INFO] Epoch[46/80], train B-acc: 0.9431(0.8895-0.9842), test B-acc: 0.7924(0.6867-0.8779)
[2025-01-18 21:55:15,487][INFO] Epoch[46/80], train AUC: 0.9886(0.9664-0.9986), test AUC: 0.8735(0.7758-0.9452)
[2025-01-18 21:57:31,744][INFO] Epoch[47/80], loss:0.8817, CE loss:0.2913, info NCE loss:0.5904
[2025-01-18 21:57:31,744][INFO] Epoch[47/80], train B-acc: 0.9408(0.8893-0.9809), test B-acc: 0.7939(0.6908-0.8834)
[2025-01-18 21:57:31,744][INFO] Epoch[47/80], train AUC: 0.9889(0.9699-0.9987), test AUC: 0.8687(0.7692-0.9427)
[2025-01-18 21:59:45,222][INFO] Epoch[48/80], loss:0.8799, CE loss:0.2897, info NCE loss:0.5902
[2025-01-18 21:59:45,223][INFO] Epoch[48/80], train B-acc: 0.9406(0.8837-0.9839), test B-acc: 0.7924(0.7000-0.8904)
[2025-01-18 21:59:45,223][INFO] Epoch[48/80], train AUC: 0.9886(0.9693-0.9988), test AUC: 0.8693(0.7729-0.9474)
[2025-01-18 22:02:01,249][INFO] Epoch[49/80], loss:0.8785, CE loss:0.2887, info NCE loss:0.5898
[2025-01-18 22:02:01,249][INFO] Epoch[49/80], train B-acc: 0.9420(0.8837-0.9832), test B-acc: 0.7924(0.6953-0.8835)
[2025-01-18 22:02:01,249][INFO] Epoch[49/80], train AUC: 0.9902(0.9722-0.9990), test AUC: 0.8712(0.7750-0.9480)
[2025-01-18 22:04:13,670][INFO] Epoch[50/80], loss:0.8762, CE loss:0.2868, info NCE loss:0.5894
[2025-01-18 22:04:13,680][INFO] Epoch[50/80], train B-acc: 0.9442(0.8884-0.9849), test B-acc: 0.7927(0.7048-0.8805)
[2025-01-18 22:04:13,680][INFO] Epoch[50/80], train AUC: 0.9912(0.9743-0.9993), test AUC: 0.8686(0.7723-0.9458)
[2025-01-18 22:06:25,410][INFO] Epoch[51/80], loss:0.8751, CE loss:0.2859, info NCE loss:0.5892
[2025-01-18 22:06:25,411][INFO] Epoch[51/80], train B-acc: 0.9684(0.9267-0.9977), test B-acc: 0.8067(0.7045-0.8965)
[2025-01-18 22:06:25,411][INFO] Epoch[51/80], train AUC: 0.9925(0.9785-0.9995), test AUC: 0.8705(0.7667-0.9467)
[2025-01-18 22:08:34,734][INFO] Epoch[52/80], loss:0.8725, CE loss:0.2838, info NCE loss:0.5887
[2025-01-18 22:08:34,734][INFO] Epoch[52/80], train B-acc: 0.9688(0.9268-0.9977), test B-acc: 0.8096(0.7014-0.8933)
[2025-01-18 22:08:34,734][INFO] Epoch[52/80], train AUC: 0.9929(0.9799-0.9995), test AUC: 0.8713(0.7698-0.9421)
[2025-01-18 22:10:51,985][INFO] Epoch[53/80], loss:0.8715, CE loss:0.2831, info NCE loss:0.5884
[2025-01-18 22:10:51,985][INFO] Epoch[53/80], train B-acc: 0.9675(0.9245-0.9977), test B-acc: 0.7896(0.6923-0.8864)
[2025-01-18 22:10:51,985][INFO] Epoch[53/80], train AUC: 0.9935(0.9807-0.9997), test AUC: 0.8717(0.7737-0.9481)
[2025-01-18 22:13:02,864][INFO] Epoch[54/80], loss:0.8696, CE loss:0.2815, info NCE loss:0.5881
[2025-01-18 22:13:02,864][INFO] Epoch[54/80], train B-acc: 0.9710(0.9283-0.9978), test B-acc: 0.8070(0.7074-0.8998)
[2025-01-18 22:13:02,864][INFO] Epoch[54/80], train AUC: 0.9940(0.9826-0.9998), test AUC: 0.8718(0.7762-0.9469)
[2025-01-18 22:15:14,202][INFO] Epoch[55/80], loss:0.8687, CE loss:0.2807, info NCE loss:0.5880
[2025-01-18 22:15:14,204][INFO] Epoch[55/80], train B-acc: 0.9639(0.9176-0.9932), test B-acc: 0.8000(0.6996-0.8933)
[2025-01-18 22:15:14,204][INFO] Epoch[55/80], train AUC: 0.9938(0.9821-0.9997), test AUC: 0.8716(0.7705-0.9480)
[2025-01-18 22:17:24,590][INFO] Epoch[56/80], loss:0.8671, CE loss:0.2796, info NCE loss:0.5875
[2025-01-18 22:17:24,591][INFO] Epoch[56/80], train B-acc: 0.9704(0.9268-0.9978), test B-acc: 0.8059(0.7164-0.8936)
[2025-01-18 22:17:24,591][INFO] Epoch[56/80], train AUC: 0.9944(0.9839-0.9999), test AUC: 0.8684(0.7719-0.9481)
[2025-01-18 22:19:37,257][INFO] Epoch[57/80], loss:0.8650, CE loss:0.2777, info NCE loss:0.5873
[2025-01-18 22:19:37,257][INFO] Epoch[57/80], train B-acc: 0.9707(0.9268-0.9978), test B-acc: 0.8089(0.7125-0.9000)
[2025-01-18 22:19:37,257][INFO] Epoch[57/80], train AUC: 0.9948(0.9857-0.9998), test AUC: 0.8676(0.7747-0.9492)
[2025-01-18 22:21:47,067][INFO] Epoch[58/80], loss:0.8633, CE loss:0.2763, info NCE loss:0.5870
[2025-01-18 22:21:47,068][INFO] Epoch[58/80], train B-acc: 0.9641(0.9256-0.9932), test B-acc: 0.7959(0.7020-0.8904)
[2025-01-18 22:21:47,068][INFO] Epoch[58/80], train AUC: 0.9954(0.9870-0.9998), test AUC: 0.8683(0.7744-0.9440)
[2025-01-18 22:25:09,512][INFO] Epoch[59/80], loss:0.8623, CE loss:0.2756, info NCE loss:0.5867
[2025-01-18 22:25:09,512][INFO] Epoch[59/80], train B-acc: 0.9674(0.9223-0.9953), test B-acc: 0.8004(0.6987-0.8933)
[2025-01-18 22:25:09,512][INFO] Epoch[59/80], train AUC: 0.9956(0.9874-0.9996), test AUC: 0.8681(0.7654-0.9441)
[2025-01-18 22:27:37,924][INFO] Epoch[60/80], loss:0.8601, CE loss:0.2738, info NCE loss:0.5863
[2025-01-18 22:27:37,924][INFO] Epoch[60/80], train B-acc: 0.9707(0.9297-0.9977), test B-acc: 0.8080(0.7053-0.9000)
[2025-01-18 22:27:37,925][INFO] Epoch[60/80], train AUC: 0.9960(0.9895-0.9998), test AUC: 0.8655(0.7730-0.9474)
[2025-01-18 22:29:41,707][INFO] Epoch[61/80], loss:0.8592, CE loss:0.2730, info NCE loss:0.5862
[2025-01-18 22:29:41,707][INFO] Epoch[61/80], train B-acc: 0.9692(0.9251-0.9957), test B-acc: 0.7991(0.7023-0.8881)
[2025-01-18 22:29:41,707][INFO] Epoch[61/80], train AUC: 0.9964(0.9904-0.9999), test AUC: 0.8690(0.7758-0.9479)
[2025-01-18 22:31:44,718][INFO] Epoch[62/80], loss:0.8573, CE loss:0.2715, info NCE loss:0.5858
[2025-01-18 22:31:44,718][INFO] Epoch[62/80], train B-acc: 0.9763(0.9456-0.9957), test B-acc: 0.7987(0.7059-0.8869)
[2025-01-18 22:31:44,718][INFO] Epoch[62/80], train AUC: 0.9966(0.9901-1.0000), test AUC: 0.8645(0.7704-0.9414)
[2025-01-18 22:33:47,086][INFO] Epoch[63/80], loss:0.8563, CE loss:0.2706, info NCE loss:0.5857
[2025-01-18 22:33:47,086][INFO] Epoch[63/80], train B-acc: 0.9681(0.9260-0.9957), test B-acc: 0.8059(0.7027-0.9006)
[2025-01-18 22:33:47,088][INFO] Epoch[63/80], train AUC: 0.9969(0.9909-1.0000), test AUC: 0.8683(0.7658-0.9485)
[2025-01-18 22:35:48,662][INFO] Epoch[64/80], loss:0.8547, CE loss:0.2692, info NCE loss:0.5855
[2025-01-18 22:35:48,662][INFO] Epoch[64/80], train B-acc: 0.9791(0.9459-0.9977), test B-acc: 0.8006(0.7024-0.8884)
[2025-01-18 22:35:48,663][INFO] Epoch[64/80], train AUC: 0.9971(0.9916-1.0000), test AUC: 0.8698(0.7661-0.9456)
[2025-01-18 22:37:50,899][INFO] Epoch[65/80], loss:0.8535, CE loss:0.2684, info NCE loss:0.5851
[2025-01-18 22:37:50,900][INFO] Epoch[65/80], train B-acc: 0.9842(0.9519-1.0000), test B-acc: 0.8081(0.7074-0.8938)
[2025-01-18 22:37:50,900][INFO] Epoch[65/80], train AUC: 0.9978(0.9927-1.0000), test AUC: 0.8675(0.7609-0.9472)
[2025-01-18 22:39:51,235][INFO] Epoch[66/80], loss:0.8525, CE loss:0.2675, info NCE loss:0.5849
[2025-01-18 22:39:51,236][INFO] Epoch[66/80], train B-acc: 0.9774(0.9423-0.9954), test B-acc: 0.8018(0.7006-0.8875)
[2025-01-18 22:39:51,236][INFO] Epoch[66/80], train AUC: 0.9980(0.9935-1.0000), test AUC: 0.8656(0.7659-0.9452)
[2025-01-18 22:41:52,826][INFO] Epoch[67/80], loss:0.8516, CE loss:0.2669, info NCE loss:0.5847
[2025-01-18 22:41:52,826][INFO] Epoch[67/80], train B-acc: 0.9767(0.9383-0.9955), test B-acc: 0.8015(0.7045-0.8891)
[2025-01-18 22:41:52,827][INFO] Epoch[67/80], train AUC: 0.9982(0.9938-1.0000), test AUC: 0.8675(0.7657-0.9448)
[2025-01-18 22:43:54,463][INFO] Epoch[68/80], loss:0.8496, CE loss:0.2652, info NCE loss:0.5844
[2025-01-18 22:43:54,463][INFO] Epoch[68/80], train B-acc: 0.9808(0.9500-0.9978), test B-acc: 0.8067(0.7083-0.9024)
[2025-01-18 22:43:54,463][INFO] Epoch[68/80], train AUC: 0.9984(0.9944-1.0000), test AUC: 0.8635(0.7559-0.9376)
[2025-01-18 22:45:56,131][INFO] Epoch[69/80], loss:0.8486, CE loss:0.2644, info NCE loss:0.5843
[2025-01-18 22:45:56,131][INFO] Epoch[69/80], train B-acc: 0.9829(0.9466-1.0000), test B-acc: 0.8026(0.7116-0.8899)
[2025-01-18 22:45:56,132][INFO] Epoch[69/80], train AUC: 0.9984(0.9946-1.0000), test AUC: 0.8660(0.7642-0.9420)
[2025-01-18 22:46:53,074][INFO] Epoch 70 retry 1 of 5, loss did not decrease.
[2025-01-18 22:48:57,614][INFO] Epoch[70/80], loss:0.8482, CE loss:0.2642, info NCE loss:0.5840
[2025-01-18 22:48:57,616][INFO] Epoch[70/80], train B-acc: 0.9791(0.9465-0.9977), test B-acc: 0.7999(0.7078-0.8906)
[2025-01-18 22:48:57,616][INFO] Epoch[70/80], train AUC: 0.9988(0.9954-1.0000), test AUC: 0.8649(0.7680-0.9408)
[2025-01-18 22:51:03,554][INFO] Epoch[71/80], loss:0.8458, CE loss:0.2622, info NCE loss:0.5836
[2025-01-18 22:51:03,554][INFO] Epoch[71/80], train B-acc: 0.9845(0.9707-0.9954), test B-acc: 0.7902(0.6875-0.8772)
[2025-01-18 22:51:03,554][INFO] Epoch[71/80], train AUC: 0.9989(0.9960-1.0000), test AUC: 0.8700(0.7718-0.9442)
[2025-01-18 22:53:09,516][INFO] Epoch[72/80], loss:0.8449, CE loss:0.2615, info NCE loss:0.5834
[2025-01-18 22:53:09,516][INFO] Epoch[72/80], train B-acc: 0.9865(0.9744-0.9956), test B-acc: 0.7971(0.7000-0.8904)
[2025-01-18 22:53:09,516][INFO] Epoch[72/80], train AUC: 0.9990(0.9962-1.0000), test AUC: 0.8664(0.7668-0.9397)
[2025-01-18 22:55:16,122][INFO] Epoch[73/80], loss:0.8431, CE loss:0.2600, info NCE loss:0.5832
[2025-01-18 22:55:16,123][INFO] Epoch[73/80], train B-acc: 0.9865(0.9742-0.9956), test B-acc: 0.7842(0.6875-0.8800)
[2025-01-18 22:55:16,124][INFO] Epoch[73/80], train AUC: 0.9991(0.9964-1.0000), test AUC: 0.8680(0.7637-0.9421)
[2025-01-18 22:57:21,656][INFO] Epoch[74/80], loss:0.8428, CE loss:0.2596, info NCE loss:0.5831
[2025-01-18 22:57:21,657][INFO] Epoch[74/80], train B-acc: 0.9887(0.9774-0.9977), test B-acc: 0.7931(0.6923-0.8875)
[2025-01-18 22:57:21,657][INFO] Epoch[74/80], train AUC: 0.9993(0.9970-1.0000), test AUC: 0.8701(0.7732-0.9453)
[2025-01-18 22:59:27,853][INFO] Epoch[75/80], loss:0.8412, CE loss:0.2584, info NCE loss:0.5828
[2025-01-18 22:59:27,853][INFO] Epoch[75/80], train B-acc: 0.9867(0.9749-0.9957), test B-acc: 0.7781(0.6784-0.8677)
[2025-01-18 22:59:27,853][INFO] Epoch[75/80], train AUC: 0.9993(0.9969-1.0000), test AUC: 0.8668(0.7664-0.9391)
[2025-01-18 23:01:33,710][INFO] Epoch[76/80], loss:0.8403, CE loss:0.2576, info NCE loss:0.5826
[2025-01-18 23:01:33,711][INFO] Epoch[76/80], train B-acc: 0.9865(0.9743-0.9956), test B-acc: 0.7858(0.6804-0.8778)
[2025-01-18 23:01:33,711][INFO] Epoch[76/80], train AUC: 0.9992(0.9970-1.0000), test AUC: 0.8704(0.7664-0.9435)
[2025-01-18 23:03:41,745][INFO] Epoch[77/80], loss:0.8390, CE loss:0.2566, info NCE loss:0.5824
[2025-01-18 23:03:41,746][INFO] Epoch[77/80], train B-acc: 0.9866(0.9749-0.9976), test B-acc: 0.7812(0.6750-0.8686)
[2025-01-18 23:03:41,746][INFO] Epoch[77/80], train AUC: 0.9992(0.9967-1.0000), test AUC: 0.8700(0.7698-0.9408)
[2025-01-18 23:05:49,323][INFO] Epoch[78/80], loss:0.8384, CE loss:0.2561, info NCE loss:0.5823
[2025-01-18 23:05:49,325][INFO] Epoch[78/80], train B-acc: 0.9864(0.9745-0.9955), test B-acc: 0.7875(0.6864-0.8856)
[2025-01-18 23:05:49,325][INFO] Epoch[78/80], train AUC: 0.9994(0.9970-1.0000), test AUC: 0.8621(0.7634-0.9422)
[2025-01-18 23:07:54,663][INFO] Epoch[79/80], loss:0.8374, CE loss:0.2553, info NCE loss:0.5821
[2025-01-18 23:07:54,663][INFO] Epoch[79/80], train B-acc: 0.9887(0.9777-0.9977), test B-acc: 0.7865(0.6953-0.8817)
[2025-01-18 23:07:54,663][INFO] Epoch[79/80], train AUC: 0.9995(0.9976-1.0000), test AUC: 0.8661(0.7738-0.9413)
[2025-01-18 23:10:00,257][INFO] Epoch[80/80], loss:0.8367, CE loss:0.2546, info NCE loss:0.5821
[2025-01-18 23:10:00,258][INFO] Epoch[80/80], train B-acc: 0.9867(0.9740-0.9956), test B-acc: 0.7921(0.6985-0.8835)
[2025-01-18 23:10:00,258][INFO] Epoch[80/80], train AUC: 0.9996(0.9979-1.0000), test AUC: 0.8674(0.7775-0.9432)
