[2025-01-23 11:37:34,553][INFO] Running PROJECT: CRC-KR, P LEARNING RATE: 0.0001, OPTIMIZER: ADAMW, NUM EPOCHS: 30, BATCH SIZE: 2048, DEVICES: cuda, SMOOTHING: 0.25
[2025-01-23 11:37:34,553][INFO] params["in_chans"]=[200, 16]
[2025-01-23 11:37:34,554][INFO] params["dims"]=[512, 512]
[2025-01-23 11:37:34,554][INFO] params["out_chans"]=[16, 8]
[2025-01-23 11:37:34,554][INFO] params["heads"]=[8, 4]
[2025-01-23 11:37:34,554][INFO] params["dropout"]=[0.8, 0.4, 0.4]
[2025-01-23 11:39:24,419][INFO] Epoch[1/30], loss:0.7833, CE loss:0.6133 , info NCE loss:0.5785
[2025-01-23 11:39:24,419][INFO] Epoch[1/30], train B-acc: 0.5000(0.5000-0.5000), test B-acc: 0.5000(0.5000-0.5000)
[2025-01-23 11:39:24,420][INFO] Epoch[1/30], train AUC: 0.5037(0.3937-0.6059), test AUC: 0.6172(0.4788-0.7394)
[2025-01-23 11:41:13,212][INFO] Epoch[2/30], loss:0.7213, CE loss:0.5516 , info NCE loss:0.5774
[2025-01-23 11:41:13,212][INFO] Epoch[2/30], train B-acc: 0.5000(0.5000-0.5000), test B-acc: 0.5000(0.5000-0.5000)
[2025-01-23 11:41:13,212][INFO] Epoch[2/30], train AUC: 0.6008(0.4993-0.7001), test AUC: 0.6407(0.5015-0.7560)
[2025-01-23 11:43:01,977][INFO] Epoch[3/30], loss:0.7107, CE loss:0.5410 , info NCE loss:0.5763
[2025-01-23 11:43:01,977][INFO] Epoch[3/30], train B-acc: 0.5000(0.5000-0.5000), test B-acc: 0.5000(0.5000-0.5000)
[2025-01-23 11:43:01,978][INFO] Epoch[3/30], train AUC: 0.7012(0.6163-0.7747), test AUC: 0.6671(0.5431-0.7771)
[2025-01-23 11:44:51,681][INFO] Epoch[4/30], loss:0.7047, CE loss:0.5353 , info NCE loss:0.5753
[2025-01-23 11:44:51,681][INFO] Epoch[4/30], train B-acc: 0.5000(0.5000-0.5000), test B-acc: 0.5000(0.5000-0.5000)
[2025-01-23 11:44:51,682][INFO] Epoch[4/30], train AUC: 0.7570(0.6770-0.8224), test AUC: 0.6915(0.5820-0.8035)
[2025-01-23 11:46:37,121][INFO] Epoch[5/30], loss:0.6999, CE loss:0.5311 , info NCE loss:0.5729
[2025-01-23 11:46:37,122][INFO] Epoch[5/30], train B-acc: 0.5000(0.5000-0.5000), test B-acc: 0.5000(0.5000-0.5000)
[2025-01-23 11:46:37,122][INFO] Epoch[5/30], train AUC: 0.7863(0.7106-0.8515), test AUC: 0.6954(0.5733-0.8024)
[2025-01-23 11:48:22,607][INFO] Epoch[6/30], loss:0.6950, CE loss:0.5272 , info NCE loss:0.5672
[2025-01-23 11:48:22,607][INFO] Epoch[6/30], train B-acc: 0.5000(0.5000-0.5000), test B-acc: 0.5000(0.5000-0.5000)
[2025-01-23 11:48:22,607][INFO] Epoch[6/30], train AUC: 0.8060(0.7354-0.8638), test AUC: 0.7056(0.6020-0.8040)
[2025-01-23 11:50:08,763][INFO] Epoch[7/30], loss:0.6902, CE loss:0.5242 , info NCE loss:0.5598
[2025-01-23 11:50:08,764][INFO] Epoch[7/30], train B-acc: 0.5000(0.5000-0.5000), test B-acc: 0.5000(0.5000-0.5000)
[2025-01-23 11:50:08,765][INFO] Epoch[7/30], train AUC: 0.8136(0.7419-0.8791), test AUC: 0.7125(0.5976-0.8168)
[2025-01-23 11:51:54,143][INFO] Epoch[8/30], loss:0.6846, CE loss:0.5212 , info NCE loss:0.5499
[2025-01-23 11:51:54,144][INFO] Epoch[8/30], train B-acc: 0.5000(0.5000-0.5000), test B-acc: 0.5000(0.5000-0.5000)
[2025-01-23 11:51:54,144][INFO] Epoch[8/30], train AUC: 0.8259(0.7507-0.8838), test AUC: 0.7266(0.6094-0.8198)
[2025-01-23 11:53:40,163][INFO] Epoch[9/30], loss:0.6793, CE loss:0.5181 , info NCE loss:0.5446
[2025-01-23 11:53:40,164][INFO] Epoch[9/30], train B-acc: 0.5116(0.5000-0.5408), test B-acc: 0.5000(0.5000-0.5000)
[2025-01-23 11:53:40,165][INFO] Epoch[9/30], train AUC: 0.8325(0.7673-0.8902), test AUC: 0.7281(0.6197-0.8323)
[2025-01-23 11:55:27,126][INFO] Epoch[10/30], loss:0.6746, CE loss:0.5152 , info NCE loss:0.5380
[2025-01-23 11:55:27,126][INFO] Epoch[10/30], train B-acc: 0.5227(0.5000-0.5625), test B-acc: 0.5000(0.5000-0.5000)
[2025-01-23 11:55:27,126][INFO] Epoch[10/30], train AUC: 0.8408(0.7813-0.8983), test AUC: 0.7353(0.6278-0.8417)
[2025-01-23 11:57:13,896][INFO] Epoch[11/30], loss:0.6709, CE loss:0.5127 , info NCE loss:0.5351
[2025-01-23 11:57:13,897][INFO] Epoch[11/30], train B-acc: 0.5185(0.4936-0.5604), test B-acc: 0.5000(0.5000-0.5000)
[2025-01-23 11:57:13,897][INFO] Epoch[11/30], train AUC: 0.8501(0.7854-0.9073), test AUC: 0.7390(0.6275-0.8373)
[2025-01-23 11:59:00,154][INFO] Epoch[12/30], loss:0.6675, CE loss:0.5103 , info NCE loss:0.5317
[2025-01-23 11:59:00,155][INFO] Epoch[12/30], train B-acc: 0.5208(0.4959-0.5620), test B-acc: 0.5000(0.5000-0.5000)
[2025-01-23 11:59:00,155][INFO] Epoch[12/30], train AUC: 0.8569(0.7946-0.9099), test AUC: 0.7492(0.6332-0.8466)
[2025-01-23 12:00:46,088][INFO] Epoch[13/30], loss:0.6649, CE loss:0.5083 , info NCE loss:0.5293
[2025-01-23 12:00:46,089][INFO] Epoch[13/30], train B-acc: 0.5185(0.4936-0.5582), test B-acc: 0.5000(0.5000-0.5000)
[2025-01-23 12:00:46,089][INFO] Epoch[13/30], train AUC: 0.8673(0.8069-0.9189), test AUC: 0.7557(0.6455-0.8575)
[2025-01-23 12:02:35,266][INFO] Epoch[14/30], loss:0.6621, CE loss:0.5059 , info NCE loss:0.5261
[2025-01-23 12:02:35,267][INFO] Epoch[14/30], train B-acc: 0.5554(0.5122-0.6142), test B-acc: 0.4939(0.4795-0.5000)
[2025-01-23 12:02:35,267][INFO] Epoch[14/30], train AUC: 0.8752(0.8153-0.9212), test AUC: 0.7624(0.6400-0.8621)
[2025-01-23 12:04:22,757][INFO] Epoch[15/30], loss:0.6592, CE loss:0.5034 , info NCE loss:0.5259
[2025-01-23 12:04:22,758][INFO] Epoch[15/30], train B-acc: 0.5666(0.5187-0.6278), test B-acc: 0.5086(0.4830-0.5556)
[2025-01-23 12:04:22,758][INFO] Epoch[15/30], train AUC: 0.8807(0.8221-0.9272), test AUC: 0.7688(0.6514-0.8598)
[2025-01-23 12:06:10,347][INFO] Epoch[16/30], loss:0.6570, CE loss:0.5015 , info NCE loss:0.5242
[2025-01-23 12:06:10,347][INFO] Epoch[16/30], train B-acc: 0.5671(0.5208-0.6250), test B-acc: 0.5086(0.4824-0.5456)
[2025-01-23 12:06:10,349][INFO] Epoch[16/30], train AUC: 0.8895(0.8358-0.9339), test AUC: 0.7687(0.6684-0.8558)
[2025-01-23 12:07:58,233][INFO] Epoch[17/30], loss:0.6543, CE loss:0.4991 , info NCE loss:0.5241
[2025-01-23 12:07:58,233][INFO] Epoch[17/30], train B-acc: 0.5773(0.5252-0.6391), test B-acc: 0.5097(0.4819-0.5504)
[2025-01-23 12:07:58,234][INFO] Epoch[17/30], train AUC: 0.8962(0.8464-0.9380), test AUC: 0.7752(0.6761-0.8657)
[2025-01-23 12:09:45,804][INFO] Epoch[18/30], loss:0.6517, CE loss:0.4968 , info NCE loss:0.5236
[2025-01-23 12:09:45,805][INFO] Epoch[18/30], train B-acc: 0.5774(0.5244-0.6417), test B-acc: 0.5161(0.5000-0.5541)
[2025-01-23 12:09:45,806][INFO] Epoch[18/30], train AUC: 0.9051(0.8570-0.9454), test AUC: 0.7757(0.6714-0.8705)
[2025-01-23 12:11:31,917][INFO] Epoch[19/30], loss:0.6493, CE loss:0.4946 , info NCE loss:0.5220
[2025-01-23 12:11:31,918][INFO] Epoch[19/30], train B-acc: 0.5931(0.5382-0.6593), test B-acc: 0.5323(0.5000-0.5833)
[2025-01-23 12:11:31,918][INFO] Epoch[19/30], train AUC: 0.9098(0.8623-0.9452), test AUC: 0.7778(0.6747-0.8750)
[2025-01-23 12:13:19,031][INFO] Epoch[20/30], loss:0.6470, CE loss:0.4925 , info NCE loss:0.5200
[2025-01-23 12:13:19,031][INFO] Epoch[20/30], train B-acc: 0.6288(0.5618-0.6968), test B-acc: 0.5356(0.4868-0.5948)
[2025-01-23 12:13:19,032][INFO] Epoch[20/30], train AUC: 0.9156(0.8698-0.9542), test AUC: 0.7795(0.6663-0.8724)
[2025-01-23 12:15:06,731][INFO] Epoch[21/30], loss:0.6447, CE loss:0.4906 , info NCE loss:0.5212
[2025-01-23 12:15:06,731][INFO] Epoch[21/30], train B-acc: 0.6278(0.5655-0.7062), test B-acc: 0.5400(0.4941-0.6000)
[2025-01-23 12:15:06,731][INFO] Epoch[21/30], train AUC: 0.9203(0.8777-0.9524), test AUC: 0.7797(0.6780-0.8820)
[2025-01-23 12:16:53,250][INFO] Epoch[22/30], loss:0.6423, CE loss:0.4884 , info NCE loss:0.5195
[2025-01-23 12:16:53,250][INFO] Epoch[22/30], train B-acc: 0.6410(0.5778-0.7122), test B-acc: 0.5419(0.4940-0.6065)
[2025-01-23 12:16:53,251][INFO] Epoch[22/30], train AUC: 0.9267(0.8855-0.9585), test AUC: 0.7851(0.6762-0.8701)
[2025-01-23 12:18:39,170][INFO] Epoch[23/30], loss:0.6401, CE loss:0.4863 , info NCE loss:0.5207
[2025-01-23 12:18:39,171][INFO] Epoch[23/30], train B-acc: 0.6287(0.5664-0.7000), test B-acc: 0.5404(0.4938-0.6103)
[2025-01-23 12:18:39,172][INFO] Epoch[23/30], train AUC: 0.9297(0.8856-0.9606), test AUC: 0.7907(0.6776-0.8767)
[2025-01-23 12:20:26,857][INFO] Epoch[24/30], loss:0.6383, CE loss:0.4847 , info NCE loss:0.5169
[2025-01-23 12:20:26,858][INFO] Epoch[24/30], train B-acc: 0.6646(0.5938-0.7412), test B-acc: 0.5682(0.5043-0.6433)
[2025-01-23 12:20:26,858][INFO] Epoch[24/30], train AUC: 0.9345(0.8922-0.9633), test AUC: 0.7895(0.6843-0.8793)
[2025-01-23 12:22:15,062][INFO] Epoch[25/30], loss:0.6358, CE loss:0.4823 , info NCE loss:0.5195
[2025-01-23 12:22:15,062][INFO] Epoch[25/30], train B-acc: 0.6526(0.5837-0.7291), test B-acc: 0.5692(0.5063-0.6417)
[2025-01-23 12:22:15,062][INFO] Epoch[25/30], train AUC: 0.9369(0.9025-0.9681), test AUC: 0.7943(0.6912-0.8721)
[2025-01-23 12:24:01,415][INFO] Epoch[26/30], loss:0.6337, CE loss:0.4804 , info NCE loss:0.5177
[2025-01-23 12:24:01,415][INFO] Epoch[26/30], train B-acc: 0.6778(0.6056-0.7556), test B-acc: 0.5775(0.5080-0.6621)
[2025-01-23 12:24:01,415][INFO] Epoch[26/30], train AUC: 0.9411(0.9062-0.9681), test AUC: 0.7945(0.6901-0.8786)
[2025-01-23 12:25:48,531][INFO] Epoch[27/30], loss:0.6316, CE loss:0.4784 , info NCE loss:0.5180
[2025-01-23 12:25:48,531][INFO] Epoch[27/30], train B-acc: 0.6680(0.5968-0.7415), test B-acc: 0.5625(0.5026-0.6350)
[2025-01-23 12:25:48,531][INFO] Epoch[27/30], train AUC: 0.9459(0.9103-0.9707), test AUC: 0.7978(0.7047-0.8866)
[2025-01-23 12:27:34,823][INFO] Epoch[28/30], loss:0.6298, CE loss:0.4767 , info NCE loss:0.5158
[2025-01-23 12:27:34,823][INFO] Epoch[28/30], train B-acc: 0.7022(0.6255-0.7793), test B-acc: 0.5806(0.5144-0.6582)
[2025-01-23 12:27:34,824][INFO] Epoch[28/30], train AUC: 0.9484(0.9138-0.9741), test AUC: 0.7979(0.6884-0.8792)
[2025-01-23 12:29:21,357][INFO] Epoch[29/30], loss:0.6276, CE loss:0.4746 , info NCE loss:0.5170
[2025-01-23 12:29:21,358][INFO] Epoch[29/30], train B-acc: 0.6902(0.6143-0.7687), test B-acc: 0.5806(0.5075-0.6710)
[2025-01-23 12:29:21,358][INFO] Epoch[29/30], train AUC: 0.9519(0.9209-0.9758), test AUC: 0.8011(0.6962-0.8874)
[2025-01-23 12:31:07,678][INFO] Epoch[30/30], loss:0.6261, CE loss:0.4731 , info NCE loss:0.5149
[2025-01-23 12:31:07,678][INFO] Epoch[30/30], train B-acc: 0.7353(0.6624-0.8129), test B-acc: 0.5974(0.5258-0.6793)
[2025-01-23 12:31:07,678][INFO] Epoch[30/30], train AUC: 0.9542(0.9209-0.9772), test AUC: 0.7987(0.6964-0.8809)
