[2025-02-07 16:49:48,666][INFO] Running PROJECT: CRC-KR, P LEARNING RATE: 0.0001, OPTIMIZER: ADAMW, NUM EPOCHS: 40, BATCH SIZE: 2048, DEVICES: cuda, SMOOTHING: 0.5
[2025-02-07 16:49:48,667][INFO] params["in_chans"]=[200, 16]python run_model.py --proj CRC-KR --num_epochs 40 --plr 1e-4  --smoothing 0.5
[2025-02-07 16:49:48,667][INFO] params["dims"]=[512, 512]
[2025-02-07 16:49:48,667][INFO] params["out_chans"]=[16, 8]
[2025-02-07 16:49:48,667][INFO] params["heads"]=[8, 4]
[2025-02-07 16:49:48,667][INFO] params["dropout"]=[0.8, 0.4, 0.4]
[2025-02-07 16:52:30,967][INFO] Epoch[1/40], loss:1.7752, CE loss:0.6376, info NCE loss:1.1376
[2025-02-07 16:52:30,967][INFO] Epoch[1/40], train B-acc: 0.5000(0.5000-0.5000), test B-acc: 0.5000(0.5000-0.5000)
[2025-02-07 16:52:30,967][INFO] Epoch[1/40], train AUC: 0.6658(0.5710-0.7511), test AUC: 0.4330(0.3117-0.5690)
[2025-02-07 16:55:13,295][INFO] Epoch[2/40], loss:1.7633, CE loss:0.6259, info NCE loss:1.1374
[2025-02-07 16:55:13,295][INFO] Epoch[2/40], train B-acc: 0.5000(0.5000-0.5000), test B-acc: 0.5000(0.5000-0.5000)
[2025-02-07 16:55:13,295][INFO] Epoch[2/40], train AUC: 0.8090(0.7404-0.8637), test AUC: 0.5698(0.4485-0.6949)
[2025-02-07 16:57:55,274][INFO] Epoch[3/40], loss:1.7581, CE loss:0.6210, info NCE loss:1.1371
[2025-02-07 16:57:55,275][INFO] Epoch[3/40], train B-acc: 0.5000(0.5000-0.5000), test B-acc: 0.5000(0.5000-0.5000)
[2025-02-07 16:57:55,275][INFO] Epoch[3/40], train AUC: 0.8363(0.7778-0.8862), test AUC: 0.6436(0.5262-0.7614)
[2025-02-07 17:00:25,790][INFO] Epoch[4/40], loss:1.7546, CE loss:0.6178, info NCE loss:1.1367
[2025-02-07 17:00:25,790][INFO] Epoch[4/40], train B-acc: 0.5211(0.4978-0.5626), test B-acc: 0.5000(0.5000-0.5000)
[2025-02-07 17:00:25,791][INFO] Epoch[4/40], train AUC: 0.8571(0.8001-0.9075), test AUC: 0.6840(0.5620-0.7996)
[2025-02-07 17:02:55,958][INFO] Epoch[5/40], loss:1.7518, CE loss:0.6156, info NCE loss:1.1362
[2025-02-07 17:02:55,958][INFO] Epoch[5/40], train B-acc: 0.5175(0.4918-0.5568), test B-acc: 0.5000(0.5000-0.5000)
[2025-02-07 17:02:55,958][INFO] Epoch[5/40], train AUC: 0.8788(0.8242-0.9248), test AUC: 0.7110(0.5975-0.8186)
[2025-02-07 17:05:32,341][INFO] Epoch[6/40], loss:1.7490, CE loss:0.6136, info NCE loss:1.1354
[2025-02-07 17:05:32,341][INFO] Epoch[6/40], train B-acc: 0.5326(0.4979-0.5812), test B-acc: 0.5000(0.5000-0.5000)
[2025-02-07 17:05:32,341][INFO] Epoch[6/40], train AUC: 0.8967(0.8501-0.9360), test AUC: 0.7243(0.6066-0.8309)
[2025-02-07 17:07:55,390][INFO] Epoch[7/40], loss:1.7459, CE loss:0.6116, info NCE loss:1.1343
[2025-02-07 17:07:55,390][INFO] Epoch[7/40], train B-acc: 0.5690(0.5208-0.6288), test B-acc: 0.5156(0.5000-0.5577)
[2025-02-07 17:07:55,390][INFO] Epoch[7/40], train AUC: 0.9118(0.8658-0.9482), test AUC: 0.7432(0.6274-0.8434)
[2025-02-07 17:10:19,072][INFO] Epoch[8/40], loss:1.7421, CE loss:0.6096, info NCE loss:1.1325
[2025-02-07 17:10:19,072][INFO] Epoch[8/40], train B-acc: 0.5686(0.5163-0.6278), test B-acc: 0.5161(0.5000-0.5577)
[2025-02-07 17:10:19,072][INFO] Epoch[8/40], train AUC: 0.9227(0.8815-0.9563), test AUC: 0.7588(0.6414-0.8523)
[2025-02-07 17:12:40,587][INFO] Epoch[9/40], loss:1.7380, CE loss:0.6081, info NCE loss:1.1299
[2025-02-07 17:12:40,587][INFO] Epoch[9/40], train B-acc: 0.5904(0.5370-0.6596), test B-acc: 0.5270(0.4882-0.5790)
[2025-02-07 17:12:40,587][INFO] Epoch[9/40], train AUC: 0.9332(0.8985-0.9614), test AUC: 0.7663(0.6563-0.8657)
[2025-02-07 17:15:02,546][INFO] Epoch[10/40], loss:1.7335, CE loss:0.6064, info NCE loss:1.1271
[2025-02-07 17:15:02,547][INFO] Epoch[10/40], train B-acc: 0.6036(0.5443-0.6764), test B-acc: 0.5080(0.4828-0.5500)
[2025-02-07 17:15:02,547][INFO] Epoch[10/40], train AUC: 0.9417(0.9067-0.9689), test AUC: 0.7800(0.6694-0.8772)
[2025-02-07 17:17:24,326][INFO] Epoch[11/40], loss:1.7296, CE loss:0.6049, info NCE loss:1.1246
[2025-02-07 17:17:24,326][INFO] Epoch[11/40], train B-acc: 0.6427(0.5751-0.7116), test B-acc: 0.5522(0.4996-0.6190)
[2025-02-07 17:17:24,327][INFO] Epoch[11/40], train AUC: 0.9482(0.9154-0.9736), test AUC: 0.7877(0.6766-0.8721)
[2025-02-07 17:19:43,959][INFO] Epoch[12/40], loss:1.7265, CE loss:0.6037, info NCE loss:1.1228
[2025-02-07 17:19:43,959][INFO] Epoch[12/40], train B-acc: 0.6518(0.5816-0.7256), test B-acc: 0.5843(0.5187-0.6600)
[2025-02-07 17:19:43,959][INFO] Epoch[12/40], train AUC: 0.9512(0.9177-0.9758), test AUC: 0.7865(0.6777-0.8703)
[2025-02-07 17:22:03,694][INFO] Epoch[13/40], loss:1.7240, CE loss:0.6027, info NCE loss:1.1213
[2025-02-07 17:22:03,695][INFO] Epoch[13/40], train B-acc: 0.6518(0.5848-0.7270), test B-acc: 0.5695(0.5041-0.6481)
[2025-02-07 17:22:03,695][INFO] Epoch[13/40], train AUC: 0.9541(0.9228-0.9781), test AUC: 0.7841(0.6940-0.8713)
[2025-02-07 17:24:24,438][INFO] Epoch[14/40], loss:1.7209, CE loss:0.6012, info NCE loss:1.1198
[2025-02-07 17:24:24,438][INFO] Epoch[14/40], train B-acc: 0.6516(0.5838-0.7312), test B-acc: 0.5741(0.5172-0.6484)
[2025-02-07 17:24:24,438][INFO] Epoch[14/40], train AUC: 0.9565(0.9271-0.9806), test AUC: 0.7867(0.6882-0.8743)
[2025-02-07 17:26:44,882][INFO] Epoch[15/40], loss:1.7186, CE loss:0.6003, info NCE loss:1.1183
[2025-02-07 17:26:44,882][INFO] Epoch[15/40], train B-acc: 0.7520(0.6756-0.8375), test B-acc: 0.5660(0.4971-0.6518)
[2025-02-07 17:26:44,882][INFO] Epoch[15/40], train AUC: 0.9609(0.9330-0.9845), test AUC: 0.7883(0.6783-0.8741)
[2025-02-07 17:29:05,257][INFO] Epoch[16/40], loss:1.7166, CE loss:0.5994, info NCE loss:1.1173
[2025-02-07 17:29:05,258][INFO] Epoch[16/40], train B-acc: 0.7519(0.6713-0.8252), test B-acc: 0.5694(0.4940-0.6589)
[2025-02-07 17:29:05,258][INFO] Epoch[16/40], train AUC: 0.9638(0.9344-0.9848), test AUC: 0.7895(0.6846-0.8752)
[2025-02-07 17:31:24,930][INFO] Epoch[17/40], loss:1.7141, CE loss:0.5984, info NCE loss:1.1156
[2025-02-07 17:31:24,930][INFO] Epoch[17/40], train B-acc: 0.7919(0.7109-0.8656), test B-acc: 0.5627(0.4918-0.6444)
[2025-02-07 17:31:24,930][INFO] Epoch[17/40], train AUC: 0.9659(0.9389-0.9872), test AUC: 0.7841(0.6826-0.8681)
[2025-02-07 17:33:45,646][INFO] Epoch[18/40], loss:1.7124, CE loss:0.5978, info NCE loss:1.1146
[2025-02-07 17:33:45,647][INFO] Epoch[18/40], train B-acc: 0.8236(0.7498-0.8938), test B-acc: 0.5666(0.4993-0.6477)
[2025-02-07 17:33:45,647][INFO] Epoch[18/40], train AUC: 0.9679(0.9413-0.9891), test AUC: 0.7867(0.6928-0.8682)
[2025-02-07 17:36:05,923][INFO] Epoch[19/40], loss:1.7101, CE loss:0.5969, info NCE loss:1.1132
[2025-02-07 17:36:05,924][INFO] Epoch[19/40], train B-acc: 0.7875(0.7103-0.8606), test B-acc: 0.5661(0.5005-0.6491)
[2025-02-07 17:36:05,924][INFO] Epoch[19/40], train AUC: 0.9700(0.9424-0.9896), test AUC: 0.7833(0.6825-0.8730)
[2025-02-07 17:38:27,276][INFO] Epoch[20/40], loss:1.7083, CE loss:0.5962, info NCE loss:1.1121
[2025-02-07 17:38:27,277][INFO] Epoch[20/40], train B-acc: 0.8354(0.7645-0.9066), test B-acc: 0.5680(0.4922-0.6549)
[2025-02-07 17:38:27,277][INFO] Epoch[20/40], train AUC: 0.9717(0.9443-0.9906), test AUC: 0.7828(0.6795-0.8735)
[2025-02-07 17:40:47,685][INFO] Epoch[21/40], loss:1.7077, CE loss:0.5962, info NCE loss:1.1115
[2025-02-07 17:40:47,685][INFO] Epoch[21/40], train B-acc: 0.8976(0.8324-0.9484), test B-acc: 0.6347(0.5422-0.7196)
[2025-02-07 17:40:47,685][INFO] Epoch[21/40], train AUC: 0.9721(0.9485-0.9915), test AUC: 0.7808(0.6865-0.8672)
[2025-02-07 17:43:08,055][INFO] Epoch[22/40], loss:1.7060, CE loss:0.5955, info NCE loss:1.1106
[2025-02-07 17:43:08,055][INFO] Epoch[22/40], train B-acc: 0.8979(0.8312-0.9510), test B-acc: 0.6392(0.5497-0.7370)
[2025-02-07 17:43:08,055][INFO] Epoch[22/40], train AUC: 0.9754(0.9496-0.9917), test AUC: 0.7772(0.6781-0.8642)
[2025-02-07 17:45:29,027][INFO] Epoch[23/40], loss:1.7041, CE loss:0.5948, info NCE loss:1.1093
[2025-02-07 17:45:29,027][INFO] Epoch[23/40], train B-acc: 0.8996(0.8312-0.9562), test B-acc: 0.6407(0.5552-0.7302)
[2025-02-07 17:45:29,028][INFO] Epoch[23/40], train AUC: 0.9773(0.9554-0.9933), test AUC: 0.7769(0.6761-0.8612)
[2025-02-07 17:47:49,392][INFO] Epoch[24/40], loss:1.7021, CE loss:0.5938, info NCE loss:1.1083
[2025-02-07 17:47:49,392][INFO] Epoch[24/40], train B-acc: 0.8636(0.7952-0.9223), test B-acc: 0.6200(0.5328-0.7164)
[2025-02-07 17:47:49,392][INFO] Epoch[24/40], train AUC: 0.9800(0.9611-0.9939), test AUC: 0.7734(0.6765-0.8580)
[2025-02-07 17:50:09,593][INFO] Epoch[25/40], loss:1.7004, CE loss:0.5931, info NCE loss:1.1073
[2025-02-07 17:50:09,593][INFO] Epoch[25/40], train B-acc: 0.8267(0.7460-0.8979), test B-acc: 0.5925(0.5192-0.6850)
[2025-02-07 17:50:09,593][INFO] Epoch[25/40], train AUC: 0.9823(0.9628-0.9943), test AUC: 0.7735(0.6738-0.8586)
[2025-02-07 17:52:30,221][INFO] Epoch[26/40], loss:1.6993, CE loss:0.5928, info NCE loss:1.1065
[2025-02-07 17:52:30,221][INFO] Epoch[26/40], train B-acc: 0.9007(0.8248-0.9616), test B-acc: 0.6189(0.5356-0.7123)
[2025-02-07 17:52:30,221][INFO] Epoch[26/40], train AUC: 0.9831(0.9658-0.9950), test AUC: 0.7746(0.6725-0.8627)
[2025-02-07 17:54:49,525][INFO] Epoch[27/40], loss:1.6976, CE loss:0.5921, info NCE loss:1.1055
[2025-02-07 17:54:49,525][INFO] Epoch[27/40], train B-acc: 0.8729(0.8076-0.9413), test B-acc: 0.6240(0.5346-0.7227)
[2025-02-07 17:54:49,525][INFO] Epoch[27/40], train AUC: 0.9848(0.9683-0.9959), test AUC: 0.7738(0.6715-0.8618)
[2025-02-07 17:57:09,912][INFO] Epoch[28/40], loss:1.6967, CE loss:0.5917, info NCE loss:1.1050
[2025-02-07 17:57:09,912][INFO] Epoch[28/40], train B-acc: 0.9244(0.8630-0.9741), test B-acc: 0.6407(0.5491-0.7318)
[2025-02-07 17:57:09,912][INFO] Epoch[28/40], train AUC: 0.9859(0.9702-0.9963), test AUC: 0.7728(0.6734-0.8657)
[2025-02-07 17:59:30,457][INFO] Epoch[29/40], loss:1.6952, CE loss:0.5912, info NCE loss:1.1040
[2025-02-07 17:59:30,458][INFO] Epoch[29/40], train B-acc: 0.8996(0.8330-0.9551), test B-acc: 0.6209(0.5271-0.7159)
[2025-02-07 17:59:30,458][INFO] Epoch[29/40], train AUC: 0.9874(0.9725-0.9973), test AUC: 0.7760(0.6671-0.8662)
[2025-02-07 18:01:50,093][INFO] Epoch[30/40], loss:1.6942, CE loss:0.5908, info NCE loss:1.1035
[2025-02-07 18:01:50,093][INFO] Epoch[30/40], train B-acc: 0.9244(0.8595-0.9751), test B-acc: 0.6392(0.5480-0.7293)
[2025-02-07 18:01:50,093][INFO] Epoch[30/40], train AUC: 0.9891(0.9763-0.9975), test AUC: 0.7715(0.6684-0.8589)
[2025-02-07 18:04:10,257][INFO] Epoch[31/40], loss:1.6927, CE loss:0.5902, info NCE loss:1.1025
[2025-02-07 18:04:10,257][INFO] Epoch[31/40], train B-acc: 0.9242(0.8649-0.9718), test B-acc: 0.6200(0.5315-0.7243)
[2025-02-07 18:04:10,257][INFO] Epoch[31/40], train AUC: 0.9905(0.9779-0.9976), test AUC: 0.7725(0.6704-0.8557)
[2025-02-07 18:06:34,501][INFO] Epoch[32/40], loss:1.6919, CE loss:0.5899, info NCE loss:1.1020
[2025-02-07 18:06:34,502][INFO] Epoch[32/40], train B-acc: 0.9234(0.8609-0.9744), test B-acc: 0.6547(0.5558-0.7520)
[2025-02-07 18:06:34,502][INFO] Epoch[32/40], train AUC: 0.9926(0.9833-0.9987), test AUC: 0.7698(0.6543-0.8627)
[2025-02-07 18:08:55,753][INFO] Epoch[33/40], loss:1.6911, CE loss:0.5898, info NCE loss:1.1014
[2025-02-07 18:08:55,753][INFO] Epoch[33/40], train B-acc: 0.9458(0.8951-0.9833), test B-acc: 0.6522(0.5644-0.7432)
[2025-02-07 18:08:55,753][INFO] Epoch[33/40], train AUC: 0.9940(0.9853-0.9988), test AUC: 0.7671(0.6733-0.8524)
[2025-02-07 18:11:15,502][INFO] Epoch[34/40], loss:1.6896, CE loss:0.5891, info NCE loss:1.1005
[2025-02-07 18:11:15,503][INFO] Epoch[34/40], train B-acc: 0.9264(0.8605-0.9737), test B-acc: 0.6082(0.5230-0.6956)
[2025-02-07 18:11:15,503][INFO] Epoch[34/40], train AUC: 0.9959(0.9894-0.9995), test AUC: 0.7644(0.6646-0.8565)
[2025-02-07 18:13:35,792][INFO] Epoch[35/40], loss:1.6888, CE loss:0.5888, info NCE loss:1.1000
[2025-02-07 18:13:35,792][INFO] Epoch[35/40], train B-acc: 0.9497(0.8982-0.9872), test B-acc: 0.6548(0.5653-0.7506)
[2025-02-07 18:13:35,792][INFO] Epoch[35/40], train AUC: 0.9967(0.9912-0.9995), test AUC: 0.7680(0.6609-0.8629)
[2025-02-07 18:15:55,493][INFO] Epoch[36/40], loss:1.6870, CE loss:0.5880, info NCE loss:1.0990
[2025-02-07 18:15:55,493][INFO] Epoch[36/40], train B-acc: 0.9524(0.8959-0.9881), test B-acc: 0.6597(0.5743-0.7505)
[2025-02-07 18:15:55,493][INFO] Epoch[36/40], train AUC: 0.9977(0.9935-0.9999), test AUC: 0.7669(0.6712-0.8571)
[2025-02-07 18:18:17,536][INFO] Epoch[37/40], loss:1.6862, CE loss:0.5877, info NCE loss:1.0984
[2025-02-07 18:18:17,536][INFO] Epoch[37/40], train B-acc: 0.9506(0.9043-0.9890), test B-acc: 0.6550(0.5585-0.7473)
[2025-02-07 18:18:17,537][INFO] Epoch[37/40], train AUC: 0.9984(0.9954-1.0000), test AUC: 0.7648(0.6593-0.8632)
[2025-02-07 18:20:37,030][INFO] Epoch[38/40], loss:1.6850, CE loss:0.5874, info NCE loss:1.0976
[2025-02-07 18:20:37,030][INFO] Epoch[38/40], train B-acc: 0.9394(0.8810-0.9808), test B-acc: 0.6272(0.5384-0.7164)
[2025-02-07 18:20:37,030][INFO] Epoch[38/40], train AUC: 0.9987(0.9956-0.9999), test AUC: 0.7676(0.6517-0.8573)
[2025-02-07 18:22:58,557][INFO] Epoch[39/40], loss:1.6844, CE loss:0.5871, info NCE loss:1.0973
[2025-02-07 18:22:58,557][INFO] Epoch[39/40], train B-acc: 0.9545(0.9043-0.9889), test B-acc: 0.6382(0.5519-0.7350)
[2025-02-07 18:22:58,557][INFO] Epoch[39/40], train AUC: 0.9989(0.9962-1.0000), test AUC: 0.7669(0.6611-0.8608)
[2025-02-07 18:25:18,477][INFO] Epoch[40/40], loss:1.6838, CE loss:0.5870, info NCE loss:1.0968
[2025-02-07 18:25:18,477][INFO] Epoch[40/40], train B-acc: 0.9419(0.8854-0.9853), test B-acc: 0.6323(0.5431-0.7213)
[2025-02-07 18:25:18,477][INFO] Epoch[40/40], train AUC: 0.9992(0.9968-1.0000), test AUC: 0.7703(0.6708-0.8573)
