[2025-01-20 22:02:08,237][INFO] Running PROJECT: CRC-DX, P LEARNING RATE: 0.0001, OPTIMIZER: ADAMW, NUM EPOCHS: 80, BATCH SIZE: 2048, DEVICES: cuda, SMOOTHING: 0.3
[2025-01-20 22:02:08,237][INFO] params["in_chans"]=[200, 16]python run_MIL_model.py --proj CRC-DX --num_epochs 80 --plr 1e-4  --smoothing 0.3
[2025-01-20 22:02:08,238][INFO] params["dims"]=[512, 512]温度参数为0.55
[2025-01-20 22:02:08,238][INFO] params["out_chans"]=[16, 8]
[2025-01-20 22:02:08,239][INFO] params["heads"]=[8, 4]
[2025-01-20 22:02:08,239][INFO] params["dropout"]=[0.8, 0.4, 0.4]
[2025-01-20 22:03:58,653][INFO] Epoch[1/80], loss:1.6240, CE loss:0.5825 , info NCE loss:7.5254
[2025-01-20 22:03:58,653][INFO] Epoch[1/80], train B-acc: 0.5000(0.5000-0.5000), test B-acc: 0.5000(0.5000-0.5000)
[2025-01-20 22:03:58,654][INFO] Epoch[1/80], train AUC: 0.5896(0.4688-0.6930), test AUC: 0.5551(0.4226-0.7057)
[2025-01-20 22:05:56,130][INFO] Epoch[2/80], loss:1.5794, CE loss:0.5638 , info NCE loss:7.3343
[2025-01-20 22:05:56,130][INFO] Epoch[2/80], train B-acc: 0.5000(0.5000-0.5000), test B-acc: 0.5000(0.5000-0.5000)
[2025-01-20 22:05:56,130][INFO] Epoch[2/80], train AUC: 0.6865(0.5918-0.7840), test AUC: 0.6857(0.5521-0.8042)
[2025-01-20 22:07:51,957][INFO] Epoch[3/80], loss:1.5308, CE loss:0.5554 , info NCE loss:7.0578
[2025-01-20 22:07:51,957][INFO] Epoch[3/80], train B-acc: 0.5000(0.5000-0.5000), test B-acc: 0.5000(0.5000-0.5000)
[2025-01-20 22:07:51,958][INFO] Epoch[3/80], train AUC: 0.7443(0.6616-0.8268), test AUC: 0.7147(0.5844-0.8317)
[2025-01-20 22:09:50,283][INFO] Epoch[4/80], loss:1.5086, CE loss:0.5505 , info NCE loss:6.9381
[2025-01-20 22:09:50,283][INFO] Epoch[4/80], train B-acc: 0.5513(0.5114-0.6071), test B-acc: 0.5185(0.5000-0.5652)
[2025-01-20 22:09:50,284][INFO] Epoch[4/80], train AUC: 0.7702(0.6848-0.8529), test AUC: 0.7152(0.5851-0.8295)
[2025-01-20 22:11:44,242][INFO] Epoch[5/80], loss:1.4951, CE loss:0.5444 , info NCE loss:6.8828
[2025-01-20 22:11:44,242][INFO] Epoch[5/80], train B-acc: 0.5741(0.5234-0.6372), test B-acc: 0.5357(0.5000-0.5962)
[2025-01-20 22:11:44,242][INFO] Epoch[5/80], train AUC: 0.7918(0.7027-0.8588), test AUC: 0.7277(0.6042-0.8346)
[2025-01-20 22:13:34,425][INFO] Epoch[6/80], loss:1.4862, CE loss:0.5409 , info NCE loss:6.8425
[2025-01-20 22:13:34,426][INFO] Epoch[6/80], train B-acc: 0.6125(0.5498-0.6869), test B-acc: 0.5357(0.5000-0.5938)
[2025-01-20 22:13:34,426][INFO] Epoch[6/80], train AUC: 0.8080(0.7219-0.8833), test AUC: 0.7312(0.6162-0.8409)
[2025-01-20 22:15:25,625][INFO] Epoch[7/80], loss:1.4791, CE loss:0.5372 , info NCE loss:6.8161
[2025-01-20 22:15:25,625][INFO] Epoch[7/80], train B-acc: 0.6286(0.5549-0.6987), test B-acc: 0.5370(0.5000-0.5952)
[2025-01-20 22:15:25,626][INFO] Epoch[7/80], train AUC: 0.8276(0.7394-0.8938), test AUC: 0.7611(0.6323-0.8587)
[2025-01-20 22:17:17,769][INFO] Epoch[8/80], loss:1.4732, CE loss:0.5341 , info NCE loss:6.7947
[2025-01-20 22:17:17,770][INFO] Epoch[8/80], train B-acc: 0.6256(0.5539-0.7001), test B-acc: 0.5517(0.5000-0.6250)
[2025-01-20 22:17:17,770][INFO] Epoch[8/80], train AUC: 0.8428(0.7647-0.9113), test AUC: 0.7768(0.6617-0.8722)
[2025-01-20 22:19:08,834][INFO] Epoch[9/80], loss:1.4678, CE loss:0.5310 , info NCE loss:6.7763
[2025-01-20 22:19:08,835][INFO] Epoch[9/80], train B-acc: 0.6257(0.5604-0.7037), test B-acc: 0.5741(0.5172-0.6500)
[2025-01-20 22:19:08,835][INFO] Epoch[9/80], train AUC: 0.8554(0.7789-0.9197), test AUC: 0.7984(0.6867-0.8988)
[2025-01-20 22:21:00,711][INFO] Epoch[10/80], loss:1.4636, CE loss:0.5279 , info NCE loss:6.7660
[2025-01-20 22:21:00,711][INFO] Epoch[10/80], train B-acc: 0.6263(0.5618-0.7000), test B-acc: 0.5741(0.5179-0.6500)
[2025-01-20 22:21:00,711][INFO] Epoch[10/80], train AUC: 0.8674(0.7911-0.9278), test AUC: 0.8123(0.7041-0.8994)
[2025-01-20 22:23:01,199][INFO] Epoch[11/80], loss:1.4597, CE loss:0.5253 , info NCE loss:6.7550
[2025-01-20 22:23:01,199][INFO] Epoch[11/80], train B-acc: 0.6253(0.5555-0.7001), test B-acc: 0.5938(0.5263-0.6739)
[2025-01-20 22:23:01,199][INFO] Epoch[11/80], train AUC: 0.8743(0.8023-0.9295), test AUC: 0.8155(0.7010-0.9072)
[2025-01-20 22:24:52,822][INFO] Epoch[12/80], loss:1.4563, CE loss:0.5228 , info NCE loss:6.7458
[2025-01-20 22:24:52,822][INFO] Epoch[12/80], train B-acc: 0.6404(0.5732-0.7175), test B-acc: 0.5926(0.5217-0.6750)
[2025-01-20 22:24:52,822][INFO] Epoch[12/80], train AUC: 0.8828(0.8124-0.9371), test AUC: 0.8204(0.7122-0.9038)
[2025-01-20 22:26:45,034][INFO] Epoch[13/80], loss:1.4531, CE loss:0.5205 , info NCE loss:6.7380
[2025-01-20 22:26:45,034][INFO] Epoch[13/80], train B-acc: 0.6692(0.5926-0.7454), test B-acc: 0.5926(0.5227-0.6786)
[2025-01-20 22:26:45,034][INFO] Epoch[13/80], train AUC: 0.8930(0.8210-0.9467), test AUC: 0.8288(0.7189-0.9187)
[2025-01-20 22:28:38,617][INFO] Epoch[14/80], loss:1.4501, CE loss:0.5183 , info NCE loss:6.7309
[2025-01-20 22:28:38,617][INFO] Epoch[14/80], train B-acc: 0.6524(0.5789-0.7344), test B-acc: 0.5758(0.5172-0.6522)
[2025-01-20 22:28:38,618][INFO] Epoch[14/80], train AUC: 0.8941(0.8287-0.9487), test AUC: 0.8306(0.7242-0.9206)
[2025-01-20 22:30:29,271][INFO] Epoch[15/80], loss:1.4472, CE loss:0.5161 , info NCE loss:6.7237
[2025-01-20 22:30:29,271][INFO] Epoch[15/80], train B-acc: 0.6508(0.5840-0.7237), test B-acc: 0.6136(0.5385-0.7037)
[2025-01-20 22:30:29,273][INFO] Epoch[15/80], train AUC: 0.9016(0.8331-0.9507), test AUC: 0.8363(0.7385-0.9228)
[2025-01-20 22:32:20,678][INFO] Epoch[16/80], loss:1.4457, CE loss:0.5147 , info NCE loss:6.7213
[2025-01-20 22:32:20,678][INFO] Epoch[16/80], train B-acc: 0.7024(0.6263-0.7894), test B-acc: 0.6111(0.5357-0.7083)
[2025-01-20 22:32:20,678][INFO] Epoch[16/80], train AUC: 0.9045(0.8390-0.9566), test AUC: 0.8412(0.7266-0.9248)
[2025-01-20 22:34:09,655][INFO] Epoch[17/80], loss:1.4428, CE loss:0.5123 , info NCE loss:6.7156
[2025-01-20 22:34:09,655][INFO] Epoch[17/80], train B-acc: 0.6928(0.6184-0.7755), test B-acc: 0.6136(0.5385-0.7000)
[2025-01-20 22:34:09,655][INFO] Epoch[17/80], train AUC: 0.9109(0.8406-0.9565), test AUC: 0.8488(0.7500-0.9272)
[2025-01-20 22:36:01,368][INFO] Epoch[18/80], loss:1.4405, CE loss:0.5108 , info NCE loss:6.7087
[2025-01-20 22:36:01,368][INFO] Epoch[18/80], train B-acc: 0.7089(0.6261-0.7849), test B-acc: 0.6304(0.5517-0.7353)
[2025-01-20 22:36:01,369][INFO] Epoch[18/80], train AUC: 0.9188(0.8563-0.9619), test AUC: 0.8531(0.7420-0.9283)
[2025-01-20 22:37:51,703][INFO] Epoch[19/80], loss:1.4386, CE loss:0.5093 , info NCE loss:6.7047
[2025-01-20 22:37:51,703][INFO] Epoch[19/80], train B-acc: 0.7057(0.6318-0.7829), test B-acc: 0.6316(0.5556-0.7250)
[2025-01-20 22:37:51,704][INFO] Epoch[19/80], train AUC: 0.9233(0.8658-0.9658), test AUC: 0.8514(0.7475-0.9309)
[2025-01-20 22:39:41,995][INFO] Epoch[20/80], loss:1.4360, CE loss:0.5070 , info NCE loss:6.7005
[2025-01-20 22:39:41,996][INFO] Epoch[20/80], train B-acc: 0.7047(0.6319-0.7834), test B-acc: 0.6346(0.5500-0.7241)
[2025-01-20 22:39:41,996][INFO] Epoch[20/80], train AUC: 0.9283(0.8713-0.9675), test AUC: 0.8575(0.7577-0.9381)
[2025-01-20 22:41:31,663][INFO] Epoch[21/80], loss:1.4345, CE loss:0.5057 , info NCE loss:6.6977
[2025-01-20 22:41:31,663][INFO] Epoch[21/80], train B-acc: 0.7073(0.6310-0.7857), test B-acc: 0.6333(0.5556-0.7292)
[2025-01-20 22:41:31,663][INFO] Epoch[21/80], train AUC: 0.9321(0.8730-0.9709), test AUC: 0.8596(0.7589-0.9344)
[2025-01-20 22:43:22,174][INFO] Epoch[22/80], loss:1.4329, CE loss:0.5044 , info NCE loss:6.6948
[2025-01-20 22:43:22,174][INFO] Epoch[22/80], train B-acc: 0.7326(0.6569-0.8158), test B-acc: 0.6724(0.5806-0.7692)
[2025-01-20 22:43:22,174][INFO] Epoch[22/80], train AUC: 0.9352(0.8823-0.9710), test AUC: 0.8625(0.7549-0.9381)
[2025-01-20 22:45:11,592][INFO] Epoch[23/80], loss:1.4308, CE loss:0.5026 , info NCE loss:6.6904
[2025-01-20 22:45:11,592][INFO] Epoch[23/80], train B-acc: 0.7333(0.6505-0.8158), test B-acc: 0.6522(0.5667-0.7414)
[2025-01-20 22:45:11,592][INFO] Epoch[23/80], train AUC: 0.9379(0.8883-0.9753), test AUC: 0.8634(0.7656-0.9386)
[2025-01-20 22:47:02,311][INFO] Epoch[24/80], loss:1.4294, CE loss:0.5014 , info NCE loss:6.6882
[2025-01-20 22:47:02,311][INFO] Epoch[24/80], train B-acc: 0.7361(0.6517-0.8108), test B-acc: 0.6515(0.5750-0.7400)
[2025-01-20 22:47:02,311][INFO] Epoch[24/80], train AUC: 0.9402(0.8893-0.9745), test AUC: 0.8646(0.7609-0.9403)
[2025-01-20 22:48:52,020][INFO] Epoch[25/80], loss:1.4282, CE loss:0.5002 , info NCE loss:6.6871
[2025-01-20 22:48:52,020][INFO] Epoch[25/80], train B-acc: 0.7262(0.6463-0.8108), test B-acc: 0.6324(0.5556-0.7273)
[2025-01-20 22:48:52,021][INFO] Epoch[25/80], train AUC: 0.9432(0.8937-0.9756), test AUC: 0.8679(0.7713-0.9404)
[2025-01-20 22:50:44,291][INFO] Epoch[26/80], loss:1.4273, CE loss:0.4997 , info NCE loss:6.6840
[2025-01-20 22:50:44,291][INFO] Epoch[26/80], train B-acc: 0.7386(0.6538-0.8158), test B-acc: 0.6481(0.5667-0.7500)
[2025-01-20 22:50:44,291][INFO] Epoch[26/80], train AUC: 0.9467(0.9036-0.9775), test AUC: 0.8701(0.7728-0.9429)
[2025-01-20 22:52:34,536][INFO] Epoch[27/80], loss:1.4261, CE loss:0.4983 , info NCE loss:6.6834
[2025-01-20 22:52:34,536][INFO] Epoch[27/80], train B-acc: 0.7619(0.6772-0.8415), test B-acc: 0.7045(0.6086-0.8019)
[2025-01-20 22:52:34,536][INFO] Epoch[27/80], train AUC: 0.9506(0.9110-0.9795), test AUC: 0.8700(0.7727-0.9411)
[2025-01-20 22:54:25,704][INFO] Epoch[28/80], loss:1.4244, CE loss:0.4969 , info NCE loss:6.6801
[2025-01-20 22:54:25,705][INFO] Epoch[28/80], train B-acc: 0.8000(0.7181-0.8811), test B-acc: 0.7044(0.6057-0.7933)
[2025-01-20 22:54:25,705][INFO] Epoch[28/80], train AUC: 0.9530(0.9063-0.9817), test AUC: 0.8691(0.7742-0.9398)
[2025-01-20 22:56:16,667][INFO] Epoch[29/80], loss:1.4228, CE loss:0.4955 , info NCE loss:6.6778
[2025-01-20 22:56:16,667][INFO] Epoch[29/80], train B-acc: 0.7632(0.6842-0.8382), test B-acc: 0.7045(0.6116-0.8095)
[2025-01-20 22:56:16,667][INFO] Epoch[29/80], train AUC: 0.9551(0.9134-0.9832), test AUC: 0.8712(0.7717-0.9440)
[2025-01-20 22:58:05,321][INFO] Epoch[30/80], loss:1.4214, CE loss:0.4942 , info NCE loss:6.6758
[2025-01-20 22:58:05,321][INFO] Epoch[30/80], train B-acc: 0.8056(0.7286-0.8837), test B-acc: 0.7027(0.6140-0.8065)
[2025-01-20 22:58:05,322][INFO] Epoch[30/80], train AUC: 0.9594(0.9219-0.9844), test AUC: 0.8700(0.7749-0.9458)
[2025-01-20 22:59:53,923][INFO] Epoch[31/80], loss:1.4205, CE loss:0.4934 , info NCE loss:6.6741
[2025-01-20 22:59:53,923][INFO] Epoch[31/80], train B-acc: 0.8056(0.7297-0.8793), test B-acc: 0.7057(0.6002-0.8182)
[2025-01-20 22:59:53,923][INFO] Epoch[31/80], train AUC: 0.9603(0.9240-0.9845), test AUC: 0.8730(0.7749-0.9512)
[2025-01-20 23:01:44,386][INFO] Epoch[32/80], loss:1.4192, CE loss:0.4927 , info NCE loss:6.6694
[2025-01-20 23:01:44,387][INFO] Epoch[32/80], train B-acc: 0.8026(0.7206-0.8778), test B-acc: 0.7067(0.6174-0.8000)
[2025-01-20 23:01:44,387][INFO] Epoch[32/80], train AUC: 0.9624(0.9242-0.9862), test AUC: 0.8747(0.7798-0.9493)
[2025-01-20 23:03:34,495][INFO] Epoch[33/80], loss:1.4179, CE loss:0.4912 , info NCE loss:6.6696
[2025-01-20 23:03:34,495][INFO] Epoch[33/80], train B-acc: 0.8043(0.7237-0.8833), test B-acc: 0.7024(0.6072-0.8001)
[2025-01-20 23:03:34,495][INFO] Epoch[33/80], train AUC: 0.9656(0.9314-0.9885), test AUC: 0.8743(0.7714-0.9483)
[2025-01-20 23:05:24,678][INFO] Epoch[34/80], loss:1.4167, CE loss:0.4902 , info NCE loss:6.6672
[2025-01-20 23:05:24,678][INFO] Epoch[34/80], train B-acc: 0.8019(0.7234-0.8750), test B-acc: 0.7048(0.6034-0.8066)
[2025-01-20 23:05:24,678][INFO] Epoch[34/80], train AUC: 0.9657(0.9339-0.9881), test AUC: 0.8732(0.7877-0.9523)
[2025-01-20 23:07:14,549][INFO] Epoch[35/80], loss:1.4160, CE loss:0.4897 , info NCE loss:6.6651
[2025-01-20 23:07:14,549][INFO] Epoch[35/80], train B-acc: 0.8023(0.7179-0.8824), test B-acc: 0.7044(0.6029-0.8000)
[2025-01-20 23:07:14,549][INFO] Epoch[35/80], train AUC: 0.9681(0.9370-0.9902), test AUC: 0.8756(0.7840-0.9486)
[2025-01-20 23:09:03,029][INFO] Epoch[36/80], loss:1.4149, CE loss:0.4885 , info NCE loss:6.6643
[2025-01-20 23:09:03,029][INFO] Epoch[36/80], train B-acc: 0.8152(0.7353-0.8947), test B-acc: 0.7274(0.6235-0.8202)
[2025-01-20 23:09:03,029][INFO] Epoch[36/80], train AUC: 0.9711(0.9400-0.9904), test AUC: 0.8736(0.7803-0.9445)
[2025-01-20 23:10:53,197][INFO] Epoch[37/80], loss:1.4136, CE loss:0.4876 , info NCE loss:6.6608
[2025-01-20 23:10:53,197][INFO] Epoch[37/80], train B-acc: 0.8421(0.7604-0.9138), test B-acc: 0.7226(0.6228-0.8250)
[2025-01-20 23:10:53,197][INFO] Epoch[37/80], train AUC: 0.9733(0.9413-0.9916), test AUC: 0.8750(0.7863-0.9449)
[2025-01-20 23:12:42,589][INFO] Epoch[38/80], loss:1.4126, CE loss:0.4866 , info NCE loss:6.6600
[2025-01-20 23:12:42,589][INFO] Epoch[38/80], train B-acc: 0.8043(0.7182-0.8784), test B-acc: 0.7031(0.6050-0.8077)
[2025-01-20 23:12:42,590][INFO] Epoch[38/80], train AUC: 0.9746(0.9490-0.9926), test AUC: 0.8723(0.7810-0.9435)
[2025-01-20 23:14:31,856][INFO] Epoch[39/80], loss:1.4120, CE loss:0.4858 , info NCE loss:6.6608
[2025-01-20 23:14:31,857][INFO] Epoch[39/80], train B-acc: 0.8462(0.7679-0.9167), test B-acc: 0.7270(0.6300-0.8133)
[2025-01-20 23:14:31,857][INFO] Epoch[39/80], train AUC: 0.9775(0.9509-0.9938), test AUC: 0.8750(0.7791-0.9442)
[2025-01-20 23:16:21,620][INFO] Epoch[40/80], loss:1.4111, CE loss:0.4852 , info NCE loss:6.6581
[2025-01-20 23:16:21,620][INFO] Epoch[40/80], train B-acc: 0.8023(0.7250-0.8788), test B-acc: 0.7240(0.6261-0.8265)
[2025-01-20 23:16:21,620][INFO] Epoch[40/80], train AUC: 0.9777(0.9537-0.9942), test AUC: 0.8739(0.7756-0.9490)
[2025-01-20 23:18:10,698][INFO] Epoch[41/80], loss:1.4100, CE loss:0.4844 , info NCE loss:6.6551
[2025-01-20 23:18:10,698][INFO] Epoch[41/80], train B-acc: 0.8148(0.7317-0.8864), test B-acc: 0.7226(0.6214-0.8196)
[2025-01-20 23:18:10,698][INFO] Epoch[41/80], train AUC: 0.9788(0.9540-0.9941), test AUC: 0.8753(0.7729-0.9406)
[2025-01-20 23:19:58,711][INFO] Epoch[42/80], loss:1.4091, CE loss:0.4835 , info NCE loss:6.6543
[2025-01-20 23:19:58,712][INFO] Epoch[42/80], train B-acc: 0.8462(0.7639-0.9167), test B-acc: 0.7226(0.6261-0.8125)
[2025-01-20 23:19:58,712][INFO] Epoch[42/80], train AUC: 0.9815(0.9603-0.9956), test AUC: 0.8750(0.7827-0.9475)
[2025-01-20 23:21:48,490][INFO] Epoch[43/80], loss:1.4078, CE loss:0.4824 , info NCE loss:6.6516
[2025-01-20 23:21:48,490][INFO] Epoch[43/80], train B-acc: 0.8571(0.7857-0.9194), test B-acc: 0.7226(0.6195-0.8259)
[2025-01-20 23:21:48,492][INFO] Epoch[43/80], train AUC: 0.9830(0.9649-0.9956), test AUC: 0.8743(0.7856-0.9498)
[2025-01-20 23:23:37,899][INFO] Epoch[44/80], loss:1.4070, CE loss:0.4816 , info NCE loss:6.6514
[2025-01-20 23:23:37,900][INFO] Epoch[44/80], train B-acc: 0.8431(0.7625-0.9091), test B-acc: 0.7241(0.6290-0.8205)
[2025-01-20 23:23:37,900][INFO] Epoch[44/80], train AUC: 0.9836(0.9626-0.9959), test AUC: 0.8800(0.7933-0.9474)
[2025-01-20 23:25:26,625][INFO] Epoch[45/80], loss:1.4062, CE loss:0.4810 , info NCE loss:6.6490
[2025-01-20 23:25:26,625][INFO] Epoch[45/80], train B-acc: 0.8690(0.7917-0.9359), test B-acc: 0.7270(0.6333-0.8205)
[2025-01-20 23:25:26,625][INFO] Epoch[45/80], train AUC: 0.9835(0.9655-0.9966), test AUC: 0.8810(0.7877-0.9482)
[2025-01-20 23:27:14,987][INFO] Epoch[46/80], loss:1.4057, CE loss:0.4805 , info NCE loss:6.6489
[2025-01-20 23:27:14,987][INFO] Epoch[46/80], train B-acc: 0.8261(0.7500-0.9048), test B-acc: 0.7245(0.6300-0.8214)
[2025-01-20 23:27:14,987][INFO] Epoch[46/80], train AUC: 0.9852(0.9667-0.9971), test AUC: 0.8792(0.7866-0.9477)
[2025-01-20 23:29:03,882][INFO] Epoch[47/80], loss:1.4049, CE loss:0.4798 , info NCE loss:6.6468
[2025-01-20 23:29:03,883][INFO] Epoch[47/80], train B-acc: 0.8696(0.8000-0.9390), test B-acc: 0.7270(0.6235-0.8250)
[2025-01-20 23:29:03,883][INFO] Epoch[47/80], train AUC: 0.9862(0.9689-0.9967), test AUC: 0.8832(0.7897-0.9543)
[2025-01-20 23:30:52,830][INFO] Epoch[48/80], loss:1.4039, CE loss:0.4789 , info NCE loss:6.6458
[2025-01-20 23:30:52,832][INFO] Epoch[48/80], train B-acc: 0.8667(0.7927-0.9302), test B-acc: 0.7240(0.6332-0.8226)
[2025-01-20 23:30:52,833][INFO] Epoch[48/80], train AUC: 0.9869(0.9697-0.9971), test AUC: 0.8764(0.7883-0.9506)
[2025-01-20 23:32:42,736][INFO] Epoch[49/80], loss:1.4030, CE loss:0.4782 , info NCE loss:6.6437
[2025-01-20 23:32:42,737][INFO] Epoch[49/80], train B-acc: 0.8537(0.7821-0.9239), test B-acc: 0.7258(0.6250-0.8261)
[2025-01-20 23:32:42,737][INFO] Epoch[49/80], train AUC: 0.9883(0.9734-0.9978), test AUC: 0.8810(0.7851-0.9463)
[2025-01-20 23:34:32,766][INFO] Epoch[50/80], loss:1.4028, CE loss:0.4780 , info NCE loss:6.6435
[2025-01-20 23:34:32,766][INFO] Epoch[50/80], train B-acc: 0.8810(0.8095-0.9483), test B-acc: 0.7432(0.6457-0.8394)
[2025-01-20 23:34:32,766][INFO] Epoch[50/80], train AUC: 0.9891(0.9758-0.9982), test AUC: 0.8815(0.7826-0.9477)
[2025-01-20 23:36:22,458][INFO] Epoch[51/80], loss:1.4013, CE loss:0.4766 , info NCE loss:6.6413
[2025-01-20 23:36:22,458][INFO] Epoch[51/80], train B-acc: 0.8690(0.7935-0.9388), test B-acc: 0.7241(0.6250-0.8269)
[2025-01-20 23:36:22,458][INFO] Epoch[51/80], train AUC: 0.9902(0.9756-0.9989), test AUC: 0.8815(0.7798-0.9499)
[2025-01-20 23:37:06,264][INFO] Epoch 52 retry 1 of 5, loss did not decrease.
[2025-01-20 23:38:55,556][INFO] Epoch[52/80], loss:1.4003, CE loss:0.4755 , info NCE loss:6.6410
[2025-01-20 23:38:55,556][INFO] Epoch[52/80], train B-acc: 0.9231(0.8611-0.9737), test B-acc: 0.7477(0.6476-0.8489)
[2025-01-20 23:38:55,556][INFO] Epoch[52/80], train AUC: 0.9915(0.9789-0.9990), test AUC: 0.8792(0.7834-0.9439)
[2025-01-20 23:40:45,641][INFO] Epoch[53/80], loss:1.3992, CE loss:0.4749 , info NCE loss:6.6367
[2025-01-20 23:40:45,641][INFO] Epoch[53/80], train B-acc: 0.9103(0.8409-0.9630), test B-acc: 0.7456(0.6414-0.8410)
[2025-01-20 23:40:45,642][INFO] Epoch[53/80], train AUC: 0.9917(0.9796-0.9992), test AUC: 0.8763(0.7886-0.9435)
[2025-01-20 23:42:35,746][INFO] Epoch[54/80], loss:1.3987, CE loss:0.4744 , info NCE loss:6.6366
[2025-01-20 23:42:35,746][INFO] Epoch[54/80], train B-acc: 0.9231(0.8605-0.9750), test B-acc: 0.7500(0.6467-0.8451)
[2025-01-20 23:42:35,747][INFO] Epoch[54/80], train AUC: 0.9924(0.9792-0.9994), test AUC: 0.8787(0.7933-0.9490)
[2025-01-20 23:44:24,450][INFO] Epoch[55/80], loss:1.3983, CE loss:0.4740 , info NCE loss:6.6362
[2025-01-20 23:44:24,450][INFO] Epoch[55/80], train B-acc: 0.8971(0.8243-0.9528), test B-acc: 0.7368(0.6339-0.8323)
[2025-01-20 23:44:24,450][INFO] Epoch[55/80], train AUC: 0.9932(0.9821-0.9997), test AUC: 0.8785(0.7887-0.9447)
[2025-01-20 23:46:12,914][INFO] Epoch[56/80], loss:1.3970, CE loss:0.4730 , info NCE loss:6.6333
[2025-01-20 23:46:12,914][INFO] Epoch[56/80], train B-acc: 0.9231(0.8611-0.9737), test B-acc: 0.7490(0.6468-0.8487)
[2025-01-20 23:46:12,914][INFO] Epoch[56/80], train AUC: 0.9940(0.9845-0.9999), test AUC: 0.8769(0.7881-0.9485)
[2025-01-20 23:48:02,689][INFO] Epoch[57/80], loss:1.3962, CE loss:0.4722 , info NCE loss:6.6325
[2025-01-20 23:48:02,689][INFO] Epoch[57/80], train B-acc: 0.9355(0.8793-0.9853), test B-acc: 0.7496(0.6467-0.8452)
[2025-01-20 23:48:02,689][INFO] Epoch[57/80], train AUC: 0.9939(0.9832-0.9998), test AUC: 0.8752(0.7852-0.9462)
[2025-01-20 23:49:52,256][INFO] Epoch[58/80], loss:1.3957, CE loss:0.4715 , info NCE loss:6.6330
[2025-01-20 23:49:52,256][INFO] Epoch[58/80], train B-acc: 0.9359(0.8718-0.9857), test B-acc: 0.7508(0.6477-0.8533)
[2025-01-20 23:49:52,256][INFO] Epoch[58/80], train AUC: 0.9950(0.9848-1.0000), test AUC: 0.8779(0.7833-0.9489)
[2025-01-20 23:51:42,757][INFO] Epoch[59/80], loss:1.3950, CE loss:0.4711 , info NCE loss:6.6305
[2025-01-20 23:51:42,757][INFO] Epoch[59/80], train B-acc: 0.9219(0.8571-0.9744), test B-acc: 0.7524(0.6518-0.8489)
[2025-01-20 23:51:42,757][INFO] Epoch[59/80], train AUC: 0.9949(0.9856-1.0000), test AUC: 0.8807(0.7971-0.9468)
[2025-01-20 23:53:31,775][INFO] Epoch[60/80], loss:1.3946, CE loss:0.4707 , info NCE loss:6.6299
[2025-01-20 23:53:31,775][INFO] Epoch[60/80], train B-acc: 0.9608(0.9138-1.0000), test B-acc: 0.7690(0.6715-0.8637)
[2025-01-20 23:53:31,775][INFO] Epoch[60/80], train AUC: 0.9955(0.9874-1.0000), test AUC: 0.8780(0.7885-0.9464)
[2025-01-20 23:55:22,346][INFO] Epoch[61/80], loss:1.3935, CE loss:0.4699 , info NCE loss:6.6273
[2025-01-20 23:55:22,346][INFO] Epoch[61/80], train B-acc: 0.9355(0.8750-0.9853), test B-acc: 0.7524(0.6562-0.8476)
[2025-01-20 23:55:22,346][INFO] Epoch[61/80], train AUC: 0.9958(0.9878-1.0000), test AUC: 0.8800(0.7925-0.9449)
[2025-01-20 23:57:11,735][INFO] Epoch[62/80], loss:1.3930, CE loss:0.4696 , info NCE loss:6.6255
[2025-01-20 23:57:11,735][INFO] Epoch[62/80], train B-acc: 0.9355(0.8788-0.9844), test B-acc: 0.7524(0.6462-0.8501)
[2025-01-20 23:57:11,736][INFO] Epoch[62/80], train AUC: 0.9963(0.9893-1.0000), test AUC: 0.8811(0.7824-0.9509)
[2025-01-20 23:59:01,460][INFO] Epoch[63/80], loss:1.3929, CE loss:0.4690 , info NCE loss:6.6288
[2025-01-20 23:59:01,460][INFO] Epoch[63/80], train B-acc: 0.9359(0.8718-0.9848), test B-acc: 0.7471(0.6484-0.8451)
[2025-01-20 23:59:01,460][INFO] Epoch[63/80], train AUC: 0.9966(0.9898-1.0000), test AUC: 0.8773(0.7972-0.9454)
[2025-01-21 00:00:51,810][INFO] Epoch[64/80], loss:1.3921, CE loss:0.4686 , info NCE loss:6.6253
[2025-01-21 00:00:51,811][INFO] Epoch[64/80], train B-acc: 0.9625(0.9130-1.0000), test B-acc: 0.7719(0.6687-0.8618)
[2025-01-21 00:00:51,811][INFO] Epoch[64/80], train AUC: 0.9967(0.9907-1.0000), test AUC: 0.8756(0.7899-0.9450)
[2025-01-21 00:02:43,623][INFO] Epoch[65/80], loss:1.3915, CE loss:0.4681 , info NCE loss:6.6240
[2025-01-21 00:02:43,623][INFO] Epoch[65/80], train B-acc: 0.9342(0.8780-0.9848), test B-acc: 0.7576(0.6601-0.8500)
[2025-01-21 00:02:43,623][INFO] Epoch[65/80], train AUC: 0.9968(0.9904-1.0000), test AUC: 0.8776(0.7949-0.9531)
[2025-01-21 00:04:33,303][INFO] Epoch[66/80], loss:1.3909, CE loss:0.4674 , info NCE loss:6.6242
[2025-01-21 00:04:33,304][INFO] Epoch[66/80], train B-acc: 0.9375(0.8750-0.9861), test B-acc: 0.7492(0.6484-0.8476)
[2025-01-21 00:04:33,304][INFO] Epoch[66/80], train AUC: 0.9976(0.9920-1.0000), test AUC: 0.8767(0.7819-0.9454)
[2025-01-21 00:06:23,095][INFO] Epoch[67/80], loss:1.3900, CE loss:0.4668 , info NCE loss:6.6215
[2025-01-21 00:06:23,096][INFO] Epoch[67/80], train B-acc: 0.9625(0.9125-1.0000), test B-acc: 0.7508(0.6479-0.8429)
[2025-01-21 00:06:23,096][INFO] Epoch[67/80], train AUC: 0.9977(0.9921-1.0000), test AUC: 0.8731(0.7882-0.9451)
[2025-01-21 00:08:12,972][INFO] Epoch[68/80], loss:1.3899, CE loss:0.4668 , info NCE loss:6.6207
[2025-01-21 00:08:12,974][INFO] Epoch[68/80], train B-acc: 0.9500(0.8953-0.9881), test B-acc: 0.7503(0.6403-0.8467)
[2025-01-21 00:08:12,974][INFO] Epoch[68/80], train AUC: 0.9979(0.9932-1.0000), test AUC: 0.8742(0.7829-0.9470)
[2025-01-21 00:10:01,744][INFO] Epoch[69/80], loss:1.3891, CE loss:0.4660 , info NCE loss:6.6204
[2025-01-21 00:10:01,744][INFO] Epoch[69/80], train B-acc: 0.9615(0.9143-1.0000), test B-acc: 0.7817(0.6859-0.8786)
[2025-01-21 00:10:01,744][INFO] Epoch[69/80], train AUC: 0.9982(0.9941-1.0000), test AUC: 0.8742(0.7800-0.9422)
[2025-01-21 00:11:50,336][INFO] Epoch[70/80], loss:1.3885, CE loss:0.4654 , info NCE loss:6.6195
[2025-01-21 00:11:50,337][INFO] Epoch[70/80], train B-acc: 0.9625(0.9103-1.0000), test B-acc: 0.7807(0.6783-0.8779)
[2025-01-21 00:11:50,337][INFO] Epoch[70/80], train AUC: 0.9985(0.9939-1.0000), test AUC: 0.8765(0.7838-0.9429)
[2025-01-21 00:13:40,833][INFO] Epoch[71/80], loss:1.3876, CE loss:0.4647 , info NCE loss:6.6172
[2025-01-21 00:13:40,833][INFO] Epoch[71/80], train B-acc: 0.9615(0.9138-1.0000), test B-acc: 0.7806(0.6780-0.8790)
[2025-01-21 00:13:40,833][INFO] Epoch[71/80], train AUC: 0.9985(0.9943-1.0000), test AUC: 0.8709(0.7868-0.9484)
[2025-01-21 00:15:29,422][INFO] Epoch[72/80], loss:1.3872, CE loss:0.4643 , info NCE loss:6.6170
[2025-01-21 00:15:29,422][INFO] Epoch[72/80], train B-acc: 0.9615(0.9107-1.0000), test B-acc: 0.7822(0.6811-0.8761)
[2025-01-21 00:15:29,422][INFO] Epoch[72/80], train AUC: 0.9986(0.9944-1.0000), test AUC: 0.8752(0.7807-0.9462)
[2025-01-21 00:17:18,805][INFO] Epoch[73/80], loss:1.3870, CE loss:0.4642 , info NCE loss:6.6157
[2025-01-21 00:17:18,805][INFO] Epoch[73/80], train B-acc: 0.9698(0.9279-0.9978), test B-acc: 0.8067(0.7132-0.8921)
[2025-01-21 00:17:18,805][INFO] Epoch[73/80], train AUC: 0.9986(0.9943-1.0000), test AUC: 0.8727(0.7894-0.9415)
[2025-01-21 00:18:02,897][INFO] Epoch 74 retry 1 of 5, loss did not decrease.
[2025-01-21 00:19:54,504][INFO] Epoch[74/80], loss:1.3855, CE loss:0.4630 , info NCE loss:6.6131
[2025-01-21 00:19:54,504][INFO] Epoch[74/80], train B-acc: 0.9625(0.9103-1.0000), test B-acc: 0.7800(0.6881-0.8742)
[2025-01-21 00:19:54,504][INFO] Epoch[74/80], train AUC: 0.9991(0.9960-1.0000), test AUC: 0.8742(0.7812-0.9408)
[2025-01-21 00:21:44,999][INFO] Epoch[75/80], loss:1.3852, CE loss:0.4623 , info NCE loss:6.6146
[2025-01-21 00:21:44,999][INFO] Epoch[75/80], train B-acc: 0.9737(0.9302-1.0000), test B-acc: 0.7749(0.6725-0.8704)
[2025-01-21 00:21:44,999][INFO] Epoch[75/80], train AUC: 0.9989(0.9954-1.0000), test AUC: 0.8758(0.7816-0.9447)
[2025-01-21 00:23:32,380][INFO] Epoch[76/80], loss:1.3846, CE loss:0.4621 , info NCE loss:6.6117
[2025-01-21 00:23:32,381][INFO] Epoch[76/80], train B-acc: 0.9744(0.9327-1.0000), test B-acc: 0.8167(0.7113-0.9023)
[2025-01-21 00:23:32,381][INFO] Epoch[76/80], train AUC: 0.9989(0.9957-1.0000), test AUC: 0.8763(0.7863-0.9419)
[2025-01-21 00:25:19,421][INFO] Epoch[77/80], loss:1.3840, CE loss:0.4618 , info NCE loss:6.6103
[2025-01-21 00:25:19,421][INFO] Epoch[77/80], train B-acc: 0.9750(0.9286-1.0000), test B-acc: 0.8133(0.7164-0.9035)
[2025-01-21 00:25:19,421][INFO] Epoch[77/80], train AUC: 0.9992(0.9964-1.0000), test AUC: 0.8737(0.7848-0.9409)
[2025-01-21 00:27:07,156][INFO] Epoch[78/80], loss:1.3835, CE loss:0.4612 , info NCE loss:6.6099
[2025-01-21 00:27:07,156][INFO] Epoch[78/80], train B-acc: 0.9744(0.9333-1.0000), test B-acc: 0.7751(0.6750-0.8720)
[2025-01-21 00:27:07,156][INFO] Epoch[78/80], train AUC: 0.9991(0.9964-1.0000), test AUC: 0.8725(0.7817-0.9435)
[2025-01-21 00:28:54,260][INFO] Epoch[79/80], loss:1.3829, CE loss:0.4608 , info NCE loss:6.6083
[2025-01-21 00:28:54,260][INFO] Epoch[79/80], train B-acc: 0.9875(0.9571-1.0000), test B-acc: 0.8089(0.7073-0.8936)
[2025-01-21 00:28:54,260][INFO] Epoch[79/80], train AUC: 0.9992(0.9965-1.0000), test AUC: 0.8761(0.7915-0.9411)
[2025-01-21 00:29:37,137][INFO] Epoch 80 retry 1 of 5, loss did not decrease.
[2025-01-21 00:30:20,860][INFO] Epoch 80 retry 2 of 5, loss did not decrease.
[2025-01-21 00:32:09,499][INFO] Epoch[80/80], loss:1.3815, CE loss:0.4593 , info NCE loss:6.6071
[2025-01-21 00:32:09,499][INFO] Epoch[80/80], train B-acc: 0.9744(0.9342-1.0000), test B-acc: 0.7649(0.6678-0.8607)
[2025-01-21 00:32:09,499][INFO] Epoch[80/80], train AUC: 0.9994(0.9972-1.0000), test AUC: 0.8725(0.7783-0.9423)
