[2025-01-24 13:45:50,451][INFO] Running PROJECT: CRC-KR, P LEARNING RATE: 0.00015, OPTIMIZER: ADAMW, NUM EPOCHS: 30, BATCH SIZE: 2048, DEVICES: cuda, SMOOTHING: 0.25
[2025-01-24 13:45:50,452][INFO] params["in_chans"]=[200, 16]
[2025-01-24 13:45:50,452][INFO] params["dims"]=[512, 512]
[2025-01-24 13:45:50,452][INFO] params["out_chans"]=[16, 8]
[2025-01-24 13:45:50,452][INFO] params["heads"]=[8, 4]
[2025-01-24 13:45:50,452][INFO] params["dropout"]=[0.8, 0.4, 0.4]
[2025-01-24 13:49:36,044][INFO] Epoch[1/30], loss:0.6883, CE loss:0.6130 , info NCE loss:0.5502
[2025-01-24 13:49:36,045][INFO] Epoch[1/30], train B-acc: 0.5000(0.5000-0.5000), test B-acc: 0.5000(0.5000-0.5000)
[2025-01-24 13:49:36,046][INFO] Epoch[1/30], train AUC: 0.6260(0.5281-0.7140), test AUC: 0.4462(0.3337-0.5735)
[2025-01-24 13:51:46,062][INFO] Epoch[2/30], loss:0.6234, CE loss:0.5482 , info NCE loss:0.5489
[2025-01-24 13:51:46,062][INFO] Epoch[2/30], train B-acc: 0.5000(0.5000-0.5000), test B-acc: 0.5000(0.5000-0.5000)
[2025-01-24 13:51:46,063][INFO] Epoch[2/30], train AUC: 0.7446(0.6637-0.8171), test AUC: 0.5411(0.4272-0.6688)
[2025-01-24 13:53:57,689][INFO] Epoch[3/30], loss:0.6090, CE loss:0.5341 , info NCE loss:0.5450
[2025-01-24 13:53:57,689][INFO] Epoch[3/30], train B-acc: 0.5000(0.5000-0.5000), test B-acc: 0.5000(0.5000-0.5000)
[2025-01-24 13:53:57,689][INFO] Epoch[3/30], train AUC: 0.7841(0.7055-0.8544), test AUC: 0.6030(0.4797-0.7204)
[2025-01-24 13:56:05,337][INFO] Epoch[4/30], loss:0.6012, CE loss:0.5271 , info NCE loss:0.5373
[2025-01-24 13:56:05,338][INFO] Epoch[4/30], train B-acc: 0.5000(0.5000-0.5000), test B-acc: 0.5000(0.5000-0.5000)
[2025-01-24 13:56:05,338][INFO] Epoch[4/30], train AUC: 0.8018(0.7282-0.8656), test AUC: 0.6505(0.5263-0.7570)
[2025-01-24 13:58:12,880][INFO] Epoch[5/30], loss:0.5945, CE loss:0.5216 , info NCE loss:0.5264
[2025-01-24 13:58:12,880][INFO] Epoch[5/30], train B-acc: 0.5000(0.5000-0.5000), test B-acc: 0.5000(0.5000-0.5000)
[2025-01-24 13:58:12,880][INFO] Epoch[5/30], train AUC: 0.8196(0.7504-0.8830), test AUC: 0.6750(0.5451-0.7799)
[2025-01-24 14:00:21,010][INFO] Epoch[6/30], loss:0.5890, CE loss:0.5173 , info NCE loss:0.5181
[2025-01-24 14:00:21,010][INFO] Epoch[6/30], train B-acc: 0.5233(0.5000-0.5652), test B-acc: 0.5000(0.5000-0.5000)
[2025-01-24 14:00:21,010][INFO] Epoch[6/30], train AUC: 0.8303(0.7613-0.8849), test AUC: 0.7006(0.5849-0.8063)
[2025-01-24 14:02:28,558][INFO] Epoch[7/30], loss:0.5842, CE loss:0.5135 , info NCE loss:0.5133
[2025-01-24 14:02:28,559][INFO] Epoch[7/30], train B-acc: 0.5221(0.4958-0.5599), test B-acc: 0.5000(0.5000-0.5000)
[2025-01-24 14:02:28,559][INFO] Epoch[7/30], train AUC: 0.8447(0.7820-0.8996), test AUC: 0.7127(0.5913-0.8169)
[2025-01-24 14:04:36,667][INFO] Epoch[8/30], loss:0.5803, CE loss:0.5102 , info NCE loss:0.5083
[2025-01-24 14:04:36,668][INFO] Epoch[8/30], train B-acc: 0.5320(0.4979-0.5811), test B-acc: 0.5000(0.5000-0.5000)
[2025-01-24 14:04:36,668][INFO] Epoch[8/30], train AUC: 0.8612(0.7940-0.9155), test AUC: 0.7257(0.6108-0.8329)
[2025-01-24 14:06:43,891][INFO] Epoch[9/30], loss:0.5766, CE loss:0.5069 , info NCE loss:0.5067
[2025-01-24 14:06:43,891][INFO] Epoch[9/30], train B-acc: 0.5455(0.5077-0.5972), test B-acc: 0.5000(0.5000-0.5000)
[2025-01-24 14:06:43,891][INFO] Epoch[9/30], train AUC: 0.8728(0.8163-0.9236), test AUC: 0.7348(0.6116-0.8383)
[2025-01-24 14:08:52,568][INFO] Epoch[10/30], loss:0.5726, CE loss:0.5031 , info NCE loss:0.5037
[2025-01-24 14:08:52,568][INFO] Epoch[10/30], train B-acc: 0.5581(0.5116-0.6133), test B-acc: 0.5161(0.5000-0.5581)
[2025-01-24 14:08:52,569][INFO] Epoch[10/30], train AUC: 0.8861(0.8356-0.9351), test AUC: 0.7456(0.6190-0.8366)
[2025-01-24 14:11:01,201][INFO] Epoch[11/30], loss:0.5691, CE loss:0.4997 , info NCE loss:0.5038
[2025-01-24 14:11:01,201][INFO] Epoch[11/30], train B-acc: 0.5693(0.5185-0.6303), test B-acc: 0.5161(0.5000-0.5556)
[2025-01-24 14:11:01,202][INFO] Epoch[11/30], train AUC: 0.8990(0.8520-0.9406), test AUC: 0.7544(0.6460-0.8503)
[2025-01-24 14:13:09,519][INFO] Epoch[12/30], loss:0.5661, CE loss:0.4968 , info NCE loss:0.5038
[2025-01-24 14:13:09,519][INFO] Epoch[12/30], train B-acc: 0.5568(0.5102-0.6112), test B-acc: 0.5156(0.5000-0.5600)
[2025-01-24 14:13:09,519][INFO] Epoch[12/30], train AUC: 0.9092(0.8583-0.9473), test AUC: 0.7659(0.6540-0.8604)
[2025-01-24 14:15:07,483][INFO] Epoch[13/30], loss:0.5628, CE loss:0.4935 , info NCE loss:0.5029
[2025-01-24 14:15:07,483][INFO] Epoch[13/30], train B-acc: 0.6201(0.5525-0.6839), test B-acc: 0.5435(0.4942-0.6071)
[2025-01-24 14:15:07,483][INFO] Epoch[13/30], train AUC: 0.9166(0.8708-0.9508), test AUC: 0.7740(0.6537-0.8730)
[2025-01-24 14:16:58,615][INFO] Epoch[14/30], loss:0.5601, CE loss:0.4908 , info NCE loss:0.5038
[2025-01-24 14:16:58,615][INFO] Epoch[14/30], train B-acc: 0.6175(0.5568-0.6903), test B-acc: 0.5397(0.4938-0.6029)
[2025-01-24 14:16:58,615][INFO] Epoch[14/30], train AUC: 0.9221(0.8812-0.9554), test AUC: 0.7800(0.6708-0.8690)
[2025-01-24 14:18:50,579][INFO] Epoch[15/30], loss:0.5573, CE loss:0.4881 , info NCE loss:0.5031
[2025-01-24 14:18:50,579][INFO] Epoch[15/30], train B-acc: 0.6158(0.5504-0.6813), test B-acc: 0.5430(0.4940-0.6042)
[2025-01-24 14:18:50,579][INFO] Epoch[15/30], train AUC: 0.9280(0.8873-0.9580), test AUC: 0.7803(0.6760-0.8752)
[2025-01-24 14:20:41,718][INFO] Epoch[16/30], loss:0.5541, CE loss:0.4850 , info NCE loss:0.5026
[2025-01-24 14:20:41,718][INFO] Epoch[16/30], train B-acc: 0.6288(0.5639-0.7006), test B-acc: 0.5600(0.5055-0.6333)
[2025-01-24 14:20:41,718][INFO] Epoch[16/30], train AUC: 0.9319(0.8970-0.9611), test AUC: 0.7847(0.6728-0.8791)
[2025-01-24 14:22:32,902][INFO] Epoch[17/30], loss:0.5514, CE loss:0.4822 , info NCE loss:0.5031
[2025-01-24 14:22:32,902][INFO] Epoch[17/30], train B-acc: 0.6522(0.5842-0.7223), test B-acc: 0.5906(0.5274-0.6667)
[2025-01-24 14:22:32,902][INFO] Epoch[17/30], train AUC: 0.9384(0.9002-0.9657), test AUC: 0.7841(0.6775-0.8749)
[2025-01-24 14:24:23,809][INFO] Epoch[18/30], loss:0.5493, CE loss:0.4801 , info NCE loss:0.5017
[2025-01-24 14:24:23,809][INFO] Epoch[18/30], train B-acc: 0.6919(0.6169-0.7714), test B-acc: 0.5865(0.5187-0.6682)
[2025-01-24 14:24:23,810][INFO] Epoch[18/30], train AUC: 0.9441(0.9106-0.9716), test AUC: 0.7857(0.6810-0.8792)
[2025-01-24 14:26:14,974][INFO] Epoch[19/30], loss:0.5463, CE loss:0.4773 , info NCE loss:0.5019
[2025-01-24 14:26:14,975][INFO] Epoch[19/30], train B-acc: 0.6903(0.6169-0.7678), test B-acc: 0.5862(0.5194-0.6610)
[2025-01-24 14:26:14,975][INFO] Epoch[19/30], train AUC: 0.9508(0.9174-0.9757), test AUC: 0.7952(0.6894-0.8809)
[2025-01-24 14:28:04,864][INFO] Epoch[20/30], loss:0.5444, CE loss:0.4754 , info NCE loss:0.5016
[2025-01-24 14:28:04,864][INFO] Epoch[20/30], train B-acc: 0.7001(0.6208-0.7742), test B-acc: 0.5839(0.5130-0.6671)
[2025-01-24 14:28:04,866][INFO] Epoch[20/30], train AUC: 0.9527(0.9222-0.9760), test AUC: 0.7886(0.6922-0.8822)
[2025-01-24 14:29:55,613][INFO] Epoch[21/30], loss:0.5419, CE loss:0.4729 , info NCE loss:0.5022
[2025-01-24 14:29:55,613][INFO] Epoch[21/30], train B-acc: 0.7228(0.6459-0.7985), test B-acc: 0.5852(0.5163-0.6662)
[2025-01-24 14:29:55,614][INFO] Epoch[21/30], train AUC: 0.9557(0.9269-0.9790), test AUC: 0.7931(0.6878-0.8832)
[2025-01-24 14:31:46,365][INFO] Epoch[22/30], loss:0.5399, CE loss:0.4708 , info NCE loss:0.5042
[2025-01-24 14:31:46,365][INFO] Epoch[22/30], train B-acc: 0.7360(0.6518-0.8201), test B-acc: 0.6040(0.5309-0.6931)
[2025-01-24 14:31:46,365][INFO] Epoch[22/30], train AUC: 0.9597(0.9329-0.9811), test AUC: 0.7989(0.6873-0.8852)
[2025-01-24 14:33:36,736][INFO] Epoch[23/30], loss:0.5377, CE loss:0.4687 , info NCE loss:0.5018
[2025-01-24 14:33:36,737][INFO] Epoch[23/30], train B-acc: 0.7844(0.7040-0.8606), test B-acc: 0.5996(0.5215-0.6935)
[2025-01-24 14:33:36,737][INFO] Epoch[23/30], train AUC: 0.9635(0.9363-0.9825), test AUC: 0.7924(0.6869-0.8830)
[2025-01-24 14:35:27,449][INFO] Epoch[24/30], loss:0.5354, CE loss:0.4664 , info NCE loss:0.5018
[2025-01-24 14:35:27,450][INFO] Epoch[24/30], train B-acc: 0.7620(0.6830-0.8389), test B-acc: 0.5904(0.5095-0.6682)
[2025-01-24 14:35:27,450][INFO] Epoch[24/30], train AUC: 0.9666(0.9389-0.9846), test AUC: 0.7971(0.6931-0.8827)
[2025-01-24 14:37:17,219][INFO] Epoch[25/30], loss:0.5341, CE loss:0.4651 , info NCE loss:0.5018
[2025-01-24 14:37:17,220][INFO] Epoch[25/30], train B-acc: 0.8044(0.7308-0.8816), test B-acc: 0.6165(0.5390-0.7006)
[2025-01-24 14:37:17,220][INFO] Epoch[25/30], train AUC: 0.9684(0.9436-0.9866), test AUC: 0.7967(0.6941-0.8835)
[2025-01-24 14:39:07,705][INFO] Epoch[26/30], loss:0.5320, CE loss:0.4631 , info NCE loss:0.5012
[2025-01-24 14:39:07,705][INFO] Epoch[26/30], train B-acc: 0.8296(0.7522-0.8956), test B-acc: 0.6269(0.5389-0.7247)
[2025-01-24 14:39:07,706][INFO] Epoch[26/30], train AUC: 0.9700(0.9464-0.9874), test AUC: 0.7975(0.6993-0.8793)
[2025-01-24 14:40:58,622][INFO] Epoch[27/30], loss:0.5309, CE loss:0.4619 , info NCE loss:0.5012
[2025-01-24 14:40:58,622][INFO] Epoch[27/30], train B-acc: 0.8423(0.7666-0.9127), test B-acc: 0.6532(0.5600-0.7519)
[2025-01-24 14:40:58,622][INFO] Epoch[27/30], train AUC: 0.9709(0.9482-0.9884), test AUC: 0.7957(0.7030-0.8816)
[2025-01-24 14:42:49,957][INFO] Epoch[28/30], loss:0.5290, CE loss:0.4601 , info NCE loss:0.5008
[2025-01-24 14:42:49,957][INFO] Epoch[28/30], train B-acc: 0.8311(0.7538-0.8978), test B-acc: 0.6287(0.5396-0.7196)
[2025-01-24 14:42:49,957][INFO] Epoch[28/30], train AUC: 0.9719(0.9499-0.9874), test AUC: 0.8015(0.6951-0.8863)
[2025-01-24 14:44:39,889][INFO] Epoch[29/30], loss:0.5271, CE loss:0.4581 , info NCE loss:0.5007
[2025-01-24 14:44:39,890][INFO] Epoch[29/30], train B-acc: 0.8413(0.7642-0.9122), test B-acc: 0.6573(0.5707-0.7509)
[2025-01-24 14:44:39,890][INFO] Epoch[29/30], train AUC: 0.9741(0.9512-0.9887), test AUC: 0.7998(0.7025-0.8867)
[2025-01-24 14:46:31,495][INFO] Epoch[30/30], loss:0.5251, CE loss:0.4562 , info NCE loss:0.4987
[2025-01-24 14:46:31,495][INFO] Epoch[30/30], train B-acc: 0.8427(0.7646-0.9083), test B-acc: 0.6464(0.5600-0.7425)
[2025-01-24 14:46:31,496][INFO] Epoch[30/30], train AUC: 0.9767(0.9561-0.9912), test AUC: 0.7994(0.6961-0.8792)
