[2025-01-16 22:39:14,556][INFO] Running PROJECT: CRC-DX, P LEARNING RATE: 0.001, OPTIMIZER: ADAMW, NUM EPOCHS: 50, BATCH SIZE: 2048, DEVICES: cuda, SMOOTHING: 0.1
[2025-01-16 22:39:14,556][INFO] params["in_chans"]=[200, 16]  python run_model.py --proj CRC-DX --num_epochs 50  --plr 1e-3  --smoothing 0.1
[2025-01-16 22:39:14,557][INFO] params["dims"]=[512, 512]
[2025-01-16 22:39:14,557][INFO] params["out_chans"]=[16, 8]
[2025-01-16 22:39:14,557][INFO] params["heads"]=[8, 4]
[2025-01-16 22:39:14,558][INFO] params["dropout"]=[0.8, 0.4, 0.4]
[2025-01-16 22:41:27,124][INFO] Epoch[1/50], loss:1.4804, CE loss:0.8737, info NCE loss:0.6067
[2025-01-16 22:41:27,124][INFO] Epoch[1/50], train B-acc: 0.5000(0.5000-0.5000), test B-acc: 0.5000(0.5000-0.5000)
[2025-01-16 22:41:27,124][INFO] Epoch[1/50], train AUC: 0.7471(0.6362-0.8452), test AUC: 0.6840(0.5500-0.7978)
[2025-01-16 22:43:41,035][INFO] Epoch[2/50], loss:1.0970, CE loss:0.4906, info NCE loss:0.6064
[2025-01-16 22:43:41,035][INFO] Epoch[2/50], train B-acc: 0.6214(0.5527-0.6928), test B-acc: 0.6481(0.5595-0.7434)
[2025-01-16 22:43:41,035][INFO] Epoch[2/50], train AUC: 0.7901(0.7015-0.8664), test AUC: 0.7406(0.6074-0.8467)
[2025-01-16 22:45:55,231][INFO] Epoch[3/50], loss:1.0453, CE loss:0.4393, info NCE loss:0.6060
[2025-01-16 22:45:55,232][INFO] Epoch[3/50], train B-acc: 0.5513(0.5116-0.6029), test B-acc: 0.5345(0.5000-0.5909)
[2025-01-16 22:45:55,232][INFO] Epoch[3/50], train AUC: 0.8055(0.7184-0.8793), test AUC: 0.7233(0.5954-0.8400)
[2025-01-16 22:48:10,787][INFO] Epoch[4/50], loss:1.0242, CE loss:0.4185, info NCE loss:0.6057
[2025-01-16 22:48:10,788][INFO] Epoch[4/50], train B-acc: 0.5735(0.5199-0.6341), test B-acc: 0.5556(0.5000-0.6190)
[2025-01-16 22:48:10,788][INFO] Epoch[4/50], train AUC: 0.8346(0.7490-0.8970), test AUC: 0.7324(0.6096-0.8453)
[2025-01-16 22:50:19,200][INFO] Epoch[5/50], loss:1.0114, CE loss:0.4061, info NCE loss:0.6053
[2025-01-16 22:50:19,200][INFO] Epoch[5/50], train B-acc: 0.5985(0.5395-0.6742), test B-acc: 0.5741(0.5179-0.6591)
[2025-01-16 22:50:19,200][INFO] Epoch[5/50], train AUC: 0.8540(0.7751-0.9142), test AUC: 0.7504(0.6338-0.8467)
[2025-01-16 22:52:18,486][INFO] Epoch[6/50], loss:1.0019, CE loss:0.3972, info NCE loss:0.6048
[2025-01-16 22:52:18,487][INFO] Epoch[6/50], train B-acc: 0.6406(0.5713-0.7165), test B-acc: 0.6111(0.5333-0.7037)
[2025-01-16 22:52:18,487][INFO] Epoch[6/50], train AUC: 0.8693(0.7874-0.9317), test AUC: 0.7718(0.6456-0.8686)
[2025-01-16 22:54:16,252][INFO] Epoch[7/50], loss:0.9928, CE loss:0.3887, info NCE loss:0.6041
[2025-01-16 22:54:16,252][INFO] Epoch[7/50], train B-acc: 0.6928(0.6209-0.7705), test B-acc: 0.6154(0.5417-0.7000)
[2025-01-16 22:54:16,253][INFO] Epoch[7/50], train AUC: 0.8833(0.8066-0.9382), test AUC: 0.7854(0.6757-0.8816)
[2025-01-16 22:56:12,651][INFO] Epoch[8/50], loss:0.9844, CE loss:0.3810, info NCE loss:0.6033
[2025-01-16 22:56:12,651][INFO] Epoch[8/50], train B-acc: 0.7070(0.6268-0.7895), test B-acc: 0.6538(0.5690-0.7500)
[2025-01-16 22:56:12,651][INFO] Epoch[8/50], train AUC: 0.8985(0.8313-0.9458), test AUC: 0.8041(0.6875-0.8986)
[2025-01-16 22:58:21,353][INFO] Epoch[9/50], loss:0.9761, CE loss:0.3735, info NCE loss:0.6026
[2025-01-16 22:58:21,353][INFO] Epoch[9/50], train B-acc: 0.7060(0.6336-0.7849), test B-acc: 0.6538(0.5667-0.7407)
[2025-01-16 22:58:21,354][INFO] Epoch[9/50], train AUC: 0.9098(0.8434-0.9576), test AUC: 0.8155(0.7056-0.9038)
[2025-01-16 23:01:48,499][INFO] Epoch[10/50], loss:0.9661, CE loss:0.3646, info NCE loss:0.6016
[2025-01-16 23:01:48,500][INFO] Epoch[10/50], train B-acc: 0.7310(0.6551-0.8158), test B-acc: 0.6935(0.6000-0.8000)
[2025-01-16 23:01:48,500][INFO] Epoch[10/50], train AUC: 0.9183(0.8553-0.9636), test AUC: 0.8208(0.7086-0.9152)
[2025-01-16 23:03:47,195][INFO] Epoch[11/50], loss:0.9570, CE loss:0.3564, info NCE loss:0.6006
[2025-01-16 23:03:47,196][INFO] Epoch[11/50], train B-acc: 0.7321(0.6498-0.8137), test B-acc: 0.7121(0.6154-0.8077)
[2025-01-16 23:03:47,196][INFO] Epoch[11/50], train AUC: 0.9304(0.8636-0.9727), test AUC: 0.8323(0.7214-0.9169)
[2025-01-16 23:05:43,862][INFO] Epoch[12/50], loss:0.9493, CE loss:0.3497, info NCE loss:0.5996
[2025-01-16 23:05:43,863][INFO] Epoch[12/50], train B-acc: 0.7906(0.7111-0.8717), test B-acc: 0.7431(0.6500-0.8323)
[2025-01-16 23:05:43,863][INFO] Epoch[12/50], train AUC: 0.9426(0.8821-0.9790), test AUC: 0.8348(0.7308-0.9195)
[2025-01-16 23:07:41,270][INFO] Epoch[13/50], loss:0.9415, CE loss:0.3429, info NCE loss:0.5986
[2025-01-16 23:07:41,270][INFO] Epoch[13/50], train B-acc: 0.8814(0.8071-0.9437), test B-acc: 0.7570(0.6498-0.8501)
[2025-01-16 23:07:41,271][INFO] Epoch[13/50], train AUC: 0.9493(0.8941-0.9827), test AUC: 0.8416(0.7355-0.9325)
[2025-01-16 23:09:37,779][INFO] Epoch[14/50], loss:0.9329, CE loss:0.3354, info NCE loss:0.5975
[2025-01-16 23:09:37,779][INFO] Epoch[14/50], train B-acc: 0.8446(0.7661-0.9131), test B-acc: 0.7540(0.6609-0.8502)
[2025-01-16 23:09:37,779][INFO] Epoch[14/50], train AUC: 0.9583(0.9110-0.9876), test AUC: 0.8486(0.7426-0.9373)
[2025-01-16 23:11:33,953][INFO] Epoch[15/50], loss:0.9228, CE loss:0.3267, info NCE loss:0.5961
[2025-01-16 23:11:33,953][INFO] Epoch[15/50], train B-acc: 0.8604(0.7837-0.9289), test B-acc: 0.7583(0.6508-0.8556)
[2025-01-16 23:11:33,953][INFO] Epoch[15/50], train AUC: 0.9665(0.9183-0.9913), test AUC: 0.8552(0.7534-0.9344)
[2025-01-16 23:13:29,188][INFO] Epoch[16/50], loss:0.9146, CE loss:0.3200, info NCE loss:0.5946
[2025-01-16 23:13:29,190][INFO] Epoch[16/50], train B-acc: 0.8874(0.8241-0.9500), test B-acc: 0.7861(0.6884-0.8827)
[2025-01-16 23:13:29,190][INFO] Epoch[16/50], train AUC: 0.9731(0.9323-0.9939), test AUC: 0.8539(0.7601-0.9417)
[2025-01-16 23:15:27,430][INFO] Epoch[17/50], loss:0.9086, CE loss:0.3149, info NCE loss:0.5937
[2025-01-16 23:15:27,430][INFO] Epoch[17/50], train B-acc: 0.9409(0.8958-0.9788), test B-acc: 0.7873(0.6831-0.8775)
[2025-01-16 23:15:27,430][INFO] Epoch[17/50], train AUC: 0.9779(0.9427-0.9957), test AUC: 0.8552(0.7453-0.9366)
[2025-01-16 23:17:23,175][INFO] Epoch[18/50], loss:0.9025, CE loss:0.3095, info NCE loss:0.5930
[2025-01-16 23:17:23,175][INFO] Epoch[18/50], train B-acc: 0.9251(0.8647-0.9735), test B-acc: 0.7937(0.6881-0.8906)
[2025-01-16 23:17:23,176][INFO] Epoch[18/50], train AUC: 0.9824(0.9517-0.9972), test AUC: 0.8539(0.7509-0.9392)
[2025-01-16 23:19:18,706][INFO] Epoch[19/50], loss:0.9001, CE loss:0.3075, info NCE loss:0.5926
[2025-01-16 23:19:18,706][INFO] Epoch[19/50], train B-acc: 0.9554(0.9092-0.9860), test B-acc: 0.7776(0.6757-0.8640)
[2025-01-16 23:19:18,706][INFO] Epoch[19/50], train AUC: 0.9848(0.9579-0.9983), test AUC: 0.8575(0.7440-0.9415)
[2025-01-16 23:21:15,543][INFO] Epoch[20/50], loss:0.8927, CE loss:0.3013, info NCE loss:0.5915
[2025-01-16 23:21:15,543][INFO] Epoch[20/50], train B-acc: 0.9607(0.9193-0.9913), test B-acc: 0.7610(0.6566-0.8575)
[2025-01-16 23:21:15,543][INFO] Epoch[20/50], train AUC: 0.9869(0.9619-0.9989), test AUC: 0.8575(0.7433-0.9439)
[2025-01-16 23:22:11,806][INFO] Epoch 21 retry 1 of 5, loss did not decrease.
[2025-01-16 23:24:07,338][INFO] Epoch[21/50], loss:0.8784, CE loss:0.2896, info NCE loss:0.5888
[2025-01-16 23:24:07,338][INFO] Epoch[21/50], train B-acc: 0.9688(0.9279-0.9977), test B-acc: 0.7739(0.6689-0.8730)
[2025-01-16 23:24:07,340][INFO] Epoch[21/50], train AUC: 0.9912(0.9747-0.9992), test AUC: 0.8563(0.7438-0.9456)
[2025-01-16 23:26:03,167][INFO] Epoch[22/50], loss:0.8751, CE loss:0.2867, info NCE loss:0.5883
[2025-01-16 23:26:03,167][INFO] Epoch[22/50], train B-acc: 0.9558(0.9040-0.9931), test B-acc: 0.7892(0.6875-0.8770)
[2025-01-16 23:26:03,169][INFO] Epoch[22/50], train AUC: 0.9927(0.9775-0.9995), test AUC: 0.8613(0.7473-0.9423)
[2025-01-16 23:27:59,892][INFO] Epoch[23/50], loss:0.8704, CE loss:0.2828, info NCE loss:0.5877
[2025-01-16 23:27:59,892][INFO] Epoch[23/50], train B-acc: 0.9689(0.9311-0.9887), test B-acc: 0.7995(0.6985-0.8875)
[2025-01-16 23:27:59,892][INFO] Epoch[23/50], train AUC: 0.9947(0.9832-0.9996), test AUC: 0.8582(0.7564-0.9365)
[2025-01-16 23:29:57,053][INFO] Epoch[24/50], loss:0.8623, CE loss:0.2763, info NCE loss:0.5860
[2025-01-16 23:29:57,054][INFO] Epoch[24/50], train B-acc: 0.9733(0.9381-0.9932), test B-acc: 0.7998(0.7000-0.8929)
[2025-01-16 23:29:57,054][INFO] Epoch[24/50], train AUC: 0.9964(0.9891-0.9998), test AUC: 0.8576(0.7504-0.9452)
[2025-01-16 23:31:53,256][INFO] Epoch[25/50], loss:0.8613, CE loss:0.2754, info NCE loss:0.5859
[2025-01-16 23:31:53,256][INFO] Epoch[25/50], train B-acc: 0.9684(0.9355-0.9908), test B-acc: 0.8047(0.7061-0.8893)
[2025-01-16 23:31:53,257][INFO] Epoch[25/50], train AUC: 0.9972(0.9913-1.0000), test AUC: 0.8569(0.7470-0.9373)
[2025-01-16 23:32:48,887][INFO] Epoch 26 retry 1 of 5, loss did not decrease.
[2025-01-16 23:33:44,426][INFO] Epoch 26 retry 2 of 5, loss did not decrease.
[2025-01-16 23:35:41,574][INFO] Epoch[26/50], loss:0.8563, CE loss:0.2708, info NCE loss:0.5854
[2025-01-16 23:35:41,574][INFO] Epoch[26/50], train B-acc: 0.9687(0.9315-0.9888), test B-acc: 0.7847(0.6867-0.8819)
[2025-01-16 23:35:41,574][INFO] Epoch[26/50], train AUC: 0.9984(0.9945-1.0000), test AUC: 0.8554(0.7436-0.9401)
[2025-01-16 23:37:38,076][INFO] Epoch[27/50], loss:0.8488, CE loss:0.2648, info NCE loss:0.5841
[2025-01-16 23:37:38,076][INFO] Epoch[27/50], train B-acc: 0.9772(0.9615-0.9890), test B-acc: 0.7733(0.6667-0.8640)
[2025-01-16 23:37:38,076][INFO] Epoch[27/50], train AUC: 0.9986(0.9951-1.0000), test AUC: 0.8518(0.7427-0.9381)
[2025-01-16 23:39:34,453][INFO] Epoch[28/50], loss:0.8458, CE loss:0.2622, info NCE loss:0.5836
[2025-01-16 23:39:34,453][INFO] Epoch[28/50], train B-acc: 0.9636(0.9447-0.9795), test B-acc: 0.7821(0.6915-0.8667)
[2025-01-16 23:39:34,453][INFO] Epoch[28/50], train AUC: 0.9985(0.9947-1.0000), test AUC: 0.8504(0.7505-0.9376)
[2025-01-16 23:41:30,479][INFO] Epoch[29/50], loss:0.8434, CE loss:0.2603, info NCE loss:0.5831
[2025-01-16 23:41:30,479][INFO] Epoch[29/50], train B-acc: 0.9447(0.9239-0.9641), test B-acc: 0.7453(0.6601-0.8373)
[2025-01-16 23:41:30,480][INFO] Epoch[29/50], train AUC: 0.9987(0.9954-1.0000), test AUC: 0.8517(0.7506-0.9408)
[2025-01-16 23:42:26,801][INFO] Epoch 30 retry 1 of 5, loss did not decrease.
[2025-01-16 23:43:22,929][INFO] Epoch 30 retry 2 of 5, loss did not decrease.
[2025-01-16 23:44:20,611][INFO] Epoch 30 retry 3 of 5, loss did not decrease.
[2025-01-16 23:45:16,864][INFO] Epoch 30 retry 4 of 5, loss did not decrease.
[2025-01-16 23:47:12,662][INFO] Epoch[30/50], loss:0.8357, CE loss:0.2537, info NCE loss:0.5821
[2025-01-16 23:47:12,662][INFO] Epoch[30/50], train B-acc: 0.9699(0.9550-0.9846), test B-acc: 0.7445(0.6377-0.8396)
[2025-01-16 23:47:12,662][INFO] Epoch[30/50], train AUC: 0.9987(0.9957-1.0000), test AUC: 0.8475(0.7384-0.9314)
[2025-01-16 23:49:08,578][INFO] Epoch[31/50], loss:0.8353, CE loss:0.2534, info NCE loss:0.5819
[2025-01-16 23:49:08,578][INFO] Epoch[31/50], train B-acc: 0.9707(0.9535-0.9845), test B-acc: 0.7681(0.6643-0.8520)
[2025-01-16 23:49:08,579][INFO] Epoch[31/50], train AUC: 0.9987(0.9954-1.0000), test AUC: 0.8472(0.7310-0.9350)
[2025-01-16 23:51:04,815][INFO] Epoch[32/50], loss:0.8304, CE loss:0.2493, info NCE loss:0.5811
[2025-01-16 23:51:04,815][INFO] Epoch[32/50], train B-acc: 0.9550(0.9351-0.9725), test B-acc: 0.7895(0.7000-0.8585)
[2025-01-16 23:51:04,817][INFO] Epoch[32/50], train AUC: 0.9989(0.9959-1.0000), test AUC: 0.8492(0.7462-0.9289)
[2025-01-16 23:53:00,635][INFO] Epoch[33/50], loss:0.8288, CE loss:0.2481, info NCE loss:0.5807
[2025-01-16 23:53:00,636][INFO] Epoch[33/50], train B-acc: 0.9552(0.9367-0.9707), test B-acc: 0.7972(0.7133-0.8728)
[2025-01-16 23:53:00,636][INFO] Epoch[33/50], train AUC: 0.9989(0.9960-1.0000), test AUC: 0.8456(0.7452-0.9301)
[2025-01-16 23:53:56,900][INFO] Epoch 34 retry 1 of 5, loss did not decrease.
[2025-01-16 23:55:53,483][INFO] Epoch[34/50], loss:0.8276, CE loss:0.2468, info NCE loss:0.5807
[2025-01-16 23:55:53,483][INFO] Epoch[34/50], train B-acc: 0.9638(0.9442-0.9792), test B-acc: 0.8015(0.7193-0.8741)
[2025-01-16 23:55:53,485][INFO] Epoch[34/50], train AUC: 0.9987(0.9957-1.0000), test AUC: 0.8427(0.7459-0.9248)
[2025-01-16 23:57:49,142][INFO] Epoch[35/50], loss:0.8254, CE loss:0.2450, info NCE loss:0.5805
[2025-01-16 23:57:49,143][INFO] Epoch[35/50], train B-acc: 0.9580(0.9393-0.9750), test B-acc: 0.7949(0.7060-0.8688)
[2025-01-16 23:57:49,143][INFO] Epoch[35/50], train AUC: 0.9987(0.9951-1.0000), test AUC: 0.8438(0.7397-0.9257)
[2025-01-16 23:59:44,618][INFO] Epoch[36/50], loss:0.8248, CE loss:0.2445, info NCE loss:0.5803
[2025-01-16 23:59:44,618][INFO] Epoch[36/50], train B-acc: 0.9434(0.9209-0.9621), test B-acc: 0.7815(0.6933-0.8555)
[2025-01-16 23:59:44,619][INFO] Epoch[36/50], train AUC: 0.9987(0.9955-1.0000), test AUC: 0.8416(0.7324-0.9231)
[2025-01-17 00:00:41,462][INFO] Epoch 37 retry 1 of 5, loss did not decrease.
[2025-01-17 00:01:37,216][INFO] Epoch 37 retry 2 of 5, loss did not decrease.
[2025-01-17 00:02:33,927][INFO] Epoch 37 retry 3 of 5, loss did not decrease.
[2025-01-17 00:03:30,052][INFO] Epoch 37 retry 4 of 5, loss did not decrease.
[2025-01-17 00:05:27,410][INFO] Epoch[37/50], loss:0.8228, CE loss:0.2427, info NCE loss:0.5800
[2025-01-17 00:05:27,410][INFO] Epoch[37/50], train B-acc: 0.9707(0.9543-0.9845), test B-acc: 0.7933(0.7089-0.8686)
[2025-01-17 00:05:27,410][INFO] Epoch[37/50], train AUC: 0.9987(0.9957-1.0000), test AUC: 0.8331(0.7310-0.9177)
[2025-01-17 00:07:23,249][INFO] Epoch[38/50], loss:0.8225, CE loss:0.2426, info NCE loss:0.5800
[2025-01-17 00:07:23,249][INFO] Epoch[38/50], train B-acc: 0.9256(0.9005-0.9469), test B-acc: 0.7533(0.6595-0.8267)
[2025-01-17 00:07:23,249][INFO] Epoch[38/50], train AUC: 0.9988(0.9956-1.0000), test AUC: 0.8323(0.7185-0.9201)
[2025-01-17 00:09:19,361][INFO] Epoch[39/50], loss:0.8195, CE loss:0.2400, info NCE loss:0.5795
[2025-01-17 00:09:19,361][INFO] Epoch[39/50], train B-acc: 0.9248(0.9014-0.9474), test B-acc: 0.7521(0.6600-0.8286)
[2025-01-17 00:09:19,362][INFO] Epoch[39/50], train AUC: 0.9989(0.9958-1.0000), test AUC: 0.8353(0.7244-0.9155)
[2025-01-17 00:10:15,253][INFO] Epoch 40 retry 1 of 5, loss did not decrease.
[2025-01-17 00:12:12,315][INFO] Epoch[40/50], loss:0.8185, CE loss:0.2390, info NCE loss:0.5795
[2025-01-17 00:12:12,316][INFO] Epoch[40/50], train B-acc: 0.9459(0.9250-0.9659), test B-acc: 0.7733(0.6831-0.8477)
[2025-01-17 00:12:12,316][INFO] Epoch[40/50], train AUC: 0.9988(0.9959-1.0000), test AUC: 0.8321(0.7296-0.9120)
[2025-01-17 00:14:07,182][INFO] Epoch[41/50], loss:0.8169, CE loss:0.2376, info NCE loss:0.5793
[2025-01-17 00:14:07,183][INFO] Epoch[41/50], train B-acc: 0.9182(0.8950-0.9405), test B-acc: 0.7547(0.6736-0.8323)
[2025-01-17 00:14:07,183][INFO] Epoch[41/50], train AUC: 0.9991(0.9965-1.0000), test AUC: 0.8348(0.7188-0.9167)
[2025-01-17 00:16:02,667][INFO] Epoch[42/50], loss:0.8159, CE loss:0.2367, info NCE loss:0.5793
[2025-01-17 00:16:02,668][INFO] Epoch[42/50], train B-acc: 0.9593(0.9410-0.9754), test B-acc: 0.7877(0.7079-0.8591)
[2025-01-17 00:16:02,668][INFO] Epoch[42/50], train AUC: 0.9986(0.9953-1.0000), test AUC: 0.8298(0.7318-0.9077)
[2025-01-17 00:17:58,617][INFO] Epoch[43/50], loss:0.8158, CE loss:0.2367, info NCE loss:0.5792
[2025-01-17 00:17:58,617][INFO] Epoch[43/50], train B-acc: 0.9372(0.9148-0.9581), test B-acc: 0.7595(0.6677-0.8389)
[2025-01-17 00:17:58,618][INFO] Epoch[43/50], train AUC: 0.9992(0.9967-1.0000), test AUC: 0.8312(0.7219-0.9147)
[2025-01-17 00:18:53,902][INFO] Epoch 44 retry 1 of 5, loss did not decrease.
[2025-01-17 00:19:50,725][INFO] Epoch 44 retry 2 of 5, loss did not decrease.
[2025-01-17 00:21:46,326][INFO] Epoch[44/50], loss:0.8138, CE loss:0.2349, info NCE loss:0.5789
[2025-01-17 00:21:46,327][INFO] Epoch[44/50], train B-acc: 0.9387(0.9163-0.9604), test B-acc: 0.7640(0.6756-0.8400)
[2025-01-17 00:21:46,327][INFO] Epoch[44/50], train AUC: 0.9989(0.9961-1.0000), test AUC: 0.8331(0.7211-0.9152)
[2025-01-17 00:23:41,388][INFO] Epoch[45/50], loss:0.8136, CE loss:0.2346, info NCE loss:0.5790
[2025-01-17 00:23:41,388][INFO] Epoch[45/50], train B-acc: 0.9023(0.8750-0.9257), test B-acc: 0.7331(0.6382-0.8102)
[2025-01-17 00:23:41,388][INFO] Epoch[45/50], train AUC: 0.9993(0.9969-1.0000), test AUC: 0.8295(0.7195-0.9136)
[2025-01-17 00:24:36,941][INFO] Epoch 46 retry 1 of 5, loss did not decrease.
[2025-01-17 00:26:33,077][INFO] Epoch[46/50], loss:0.8120, CE loss:0.2331, info NCE loss:0.5789
[2025-01-17 00:26:33,077][INFO] Epoch[46/50], train B-acc: 0.9455(0.9247-0.9656), test B-acc: 0.7807(0.6923-0.8524)
[2025-01-17 00:26:33,078][INFO] Epoch[46/50], train AUC: 0.9988(0.9957-1.0000), test AUC: 0.8289(0.7209-0.9104)
[2025-01-17 00:27:28,463][INFO] Epoch 47 retry 1 of 5, loss did not decrease.
[2025-01-17 00:28:24,853][INFO] Epoch 47 retry 2 of 5, loss did not decrease.
[2025-01-17 00:29:20,195][INFO] Epoch 47 retry 3 of 5, loss did not decrease.
[2025-01-17 00:30:16,960][INFO] Epoch 47 retry 4 of 5, loss did not decrease.
[2025-01-17 00:31:12,773][INFO] Epoch 47 retry 5 of 5, loss did not decrease.
[2025-01-17 00:31:12,773][WARNING] Epoch 47 failed to decrease loss after 5 retries.
[2025-01-17 00:32:12,748][INFO] Epoch[47/50], loss:0.8198, CE loss:0.2400, info NCE loss:0.5798
[2025-01-17 00:32:12,748][INFO] Epoch[47/50], train B-acc: 0.9276(0.9027-0.9495), test B-acc: 0.7460(0.6597-0.8207)
[2025-01-17 00:32:12,750][INFO] Epoch[47/50], train AUC: 0.9994(0.9971-1.0000), test AUC: 0.8181(0.7111-0.9026)
[2025-01-17 00:34:09,202][INFO] Epoch[48/50], loss:0.8130, CE loss:0.2340, info NCE loss:0.5789
[2025-01-17 00:34:09,203][INFO] Epoch[48/50], train B-acc: 0.9282(0.9027-0.9507), test B-acc: 0.7533(0.6643-0.8321)
[2025-01-17 00:34:09,203][INFO] Epoch[48/50], train AUC: 0.9994(0.9971-1.0000), test AUC: 0.8186(0.7110-0.9108)
[2025-01-17 00:36:04,705][INFO] Epoch[49/50], loss:0.8101, CE loss:0.2315, info NCE loss:0.5787
[2025-01-17 00:36:04,705][INFO] Epoch[49/50], train B-acc: 0.9424(0.9231-0.9626), test B-acc: 0.7552(0.6643-0.8400)
[2025-01-17 00:36:04,705][INFO] Epoch[49/50], train AUC: 0.9992(0.9969-1.0000), test AUC: 0.8188(0.7148-0.9032)
[2025-01-17 00:38:01,341][INFO] Epoch[50/50], loss:0.8097, CE loss:0.2312, info NCE loss:0.5785
[2025-01-17 00:38:01,341][INFO] Epoch[50/50], train B-acc: 0.9341(0.9091-0.9556), test B-acc: 0.7542(0.6687-0.8289)
[2025-01-17 00:38:01,341][INFO] Epoch[50/50], train AUC: 0.9994(0.9974-1.0000), test AUC: 0.8219(0.7109-0.9062)
