[2025-01-24 19:32:30,285][INFO] Running PROJECT: CRC-KR, P LEARNING RATE: 0.001, OPTIMIZER: ADAMW, NUM EPOCHS: 40, BATCH SIZE: 2048, DEVICES: cuda, SMOOTHING: 0.25
[2025-01-24 19:32:30,286][INFO] params["in_chans"]=[200, 16]
[2025-01-24 19:32:30,286][INFO] params["dims"]=[512, 512]
[2025-01-24 19:32:30,286][INFO] params["out_chans"]=[16, 8]
[2025-01-24 19:32:30,286][INFO] params["heads"]=[8, 4]
[2025-01-24 19:32:30,286][INFO] params["dropout"]=[0.8, 0.4, 0.4]
[2025-01-24 19:35:50,647][INFO] Epoch[1/40], loss:1.1481, CE loss:1.0726 , info NCE loss:0.5494
[2025-01-24 19:35:50,647][INFO] Epoch[1/40], train B-acc: 0.6542(0.5960-0.7099), test B-acc: 0.5250(0.4289-0.6138)
[2025-01-24 19:35:50,647][INFO] Epoch[1/40], train AUC: 0.7789(0.7014-0.8517), test AUC: 0.6284(0.4976-0.7420)
[2025-01-24 19:37:47,557][INFO] Epoch[2/40], loss:0.7079, CE loss:0.6332 , info NCE loss:0.5438
[2025-01-24 19:37:47,558][INFO] Epoch[2/40], train B-acc: 0.5000(0.5000-0.5000), test B-acc: 0.5000(0.5000-0.5000)
[2025-01-24 19:37:47,558][INFO] Epoch[2/40], train AUC: 0.8078(0.7343-0.8750), test AUC: 0.6890(0.5716-0.7902)
[2025-01-24 19:39:44,046][INFO] Epoch[3/40], loss:0.6169, CE loss:0.5429 , info NCE loss:0.5366
[2025-01-24 19:39:44,046][INFO] Epoch[3/40], train B-acc: 0.5312(0.4979-0.5800), test B-acc: 0.4938(0.4800-0.5000)
[2025-01-24 19:39:44,047][INFO] Epoch[3/40], train AUC: 0.8296(0.7520-0.8932), test AUC: 0.6996(0.5860-0.8064)
[2025-01-24 19:41:45,813][INFO] Epoch[4/40], loss:0.5888, CE loss:0.5170 , info NCE loss:0.5161
[2025-01-24 19:41:45,813][INFO] Epoch[4/40], train B-acc: 0.5098(0.4938-0.5386), test B-acc: 0.5000(0.5000-0.5000)
[2025-01-24 19:41:45,813][INFO] Epoch[4/40], train AUC: 0.8581(0.7930-0.9105), test AUC: 0.7327(0.6088-0.8389)
[2025-01-24 19:45:14,026][INFO] Epoch[5/40], loss:0.5772, CE loss:0.5071 , info NCE loss:0.5055
[2025-01-24 19:45:14,026][INFO] Epoch[5/40], train B-acc: 0.5690(0.5185-0.6278), test B-acc: 0.5086(0.4824-0.5517)
[2025-01-24 19:45:14,027][INFO] Epoch[5/40], train AUC: 0.8795(0.8139-0.9296), test AUC: 0.7498(0.6294-0.8473)
[2025-01-24 19:47:11,970][INFO] Epoch[6/40], loss:0.5702, CE loss:0.5009 , info NCE loss:0.5034
[2025-01-24 19:47:11,970][INFO] Epoch[6/40], train B-acc: 0.5568(0.5126-0.6124), test B-acc: 0.5156(0.5000-0.5571)
[2025-01-24 19:47:11,970][INFO] Epoch[6/40], train AUC: 0.8967(0.8437-0.9422), test AUC: 0.7681(0.6556-0.8639)
[2025-01-24 19:49:10,084][INFO] Epoch[7/40], loss:0.5643, CE loss:0.4953 , info NCE loss:0.5007
[2025-01-24 19:49:10,084][INFO] Epoch[7/40], train B-acc: 0.5927(0.5385-0.6645), test B-acc: 0.5484(0.5000-0.6071)
[2025-01-24 19:49:10,084][INFO] Epoch[7/40], train AUC: 0.9124(0.8635-0.9519), test AUC: 0.7695(0.6572-0.8647)
[2025-01-24 19:51:08,664][INFO] Epoch[8/40], loss:0.5592, CE loss:0.4904 , info NCE loss:0.4998
[2025-01-24 19:51:08,664][INFO] Epoch[8/40], train B-acc: 0.6310(0.5668-0.6970), test B-acc: 0.5404(0.4939-0.6098)
[2025-01-24 19:51:08,664][INFO] Epoch[8/40], train AUC: 0.9241(0.8816-0.9574), test AUC: 0.7770(0.6651-0.8664)
[2025-01-24 19:53:05,442][INFO] Epoch[9/40], loss:0.5544, CE loss:0.4857 , info NCE loss:0.4990
[2025-01-24 19:53:05,443][INFO] Epoch[9/40], train B-acc: 0.6312(0.5676-0.7031), test B-acc: 0.5414(0.4938-0.6029)
[2025-01-24 19:53:05,443][INFO] Epoch[9/40], train AUC: 0.9358(0.8948-0.9663), test AUC: 0.7778(0.6685-0.8730)
[2025-01-24 19:55:02,115][INFO] Epoch[10/40], loss:0.5501, CE loss:0.4814 , info NCE loss:0.4993
[2025-01-24 19:55:02,116][INFO] Epoch[10/40], train B-acc: 0.6386(0.5715-0.7143), test B-acc: 0.5843(0.5143-0.6603)
[2025-01-24 19:55:02,116][INFO] Epoch[10/40], train AUC: 0.9438(0.9109-0.9716), test AUC: 0.7799(0.6757-0.8835)
[2025-01-24 19:56:59,150][INFO] Epoch[11/40], loss:0.5460, CE loss:0.4775 , info NCE loss:0.4973
[2025-01-24 19:56:59,151][INFO] Epoch[11/40], train B-acc: 0.7588(0.6816-0.8390), test B-acc: 0.5683(0.4938-0.6484)
[2025-01-24 19:56:59,151][INFO] Epoch[11/40], train AUC: 0.9517(0.9192-0.9778), test AUC: 0.7823(0.6771-0.8699)
[2025-01-24 19:58:54,877][INFO] Epoch[12/40], loss:0.5421, CE loss:0.4737 , info NCE loss:0.4960
[2025-01-24 19:58:54,878][INFO] Epoch[12/40], train B-acc: 0.7947(0.7198-0.8607), test B-acc: 0.5908(0.5002-0.6916)
[2025-01-24 19:58:54,878][INFO] Epoch[12/40], train AUC: 0.9586(0.9295-0.9796), test AUC: 0.7750(0.6788-0.8652)
[2025-01-24 20:00:50,698][INFO] Epoch[13/40], loss:0.5378, CE loss:0.4695 , info NCE loss:0.4967
[2025-01-24 20:00:50,698][INFO] Epoch[13/40], train B-acc: 0.7303(0.6559-0.8047), test B-acc: 0.5784(0.5126-0.6599)
[2025-01-24 20:00:50,698][INFO] Epoch[13/40], train AUC: 0.9651(0.9394-0.9836), test AUC: 0.7845(0.6842-0.8701)
[2025-01-24 20:02:46,575][INFO] Epoch[14/40], loss:0.5354, CE loss:0.4672 , info NCE loss:0.4949
[2025-01-24 20:02:46,576][INFO] Epoch[14/40], train B-acc: 0.8403(0.7716-0.9080), test B-acc: 0.6648(0.5618-0.7664)
[2025-01-24 20:02:46,576][INFO] Epoch[14/40], train AUC: 0.9693(0.9439-0.9852), test AUC: 0.7794(0.6759-0.8694)
[2025-01-24 20:04:42,606][INFO] Epoch[15/40], loss:0.5295, CE loss:0.4615 , info NCE loss:0.4930
[2025-01-24 20:04:42,606][INFO] Epoch[15/40], train B-acc: 0.8433(0.7666-0.9142), test B-acc: 0.6328(0.5426-0.7346)
[2025-01-24 20:04:42,607][INFO] Epoch[15/40], train AUC: 0.9737(0.9509-0.9899), test AUC: 0.7723(0.6726-0.8654)
[2025-01-24 20:06:40,878][INFO] Epoch[16/40], loss:0.5252, CE loss:0.4574 , info NCE loss:0.4928
[2025-01-24 20:06:40,878][INFO] Epoch[16/40], train B-acc: 0.9037(0.8336-0.9564), test B-acc: 0.6577(0.5614-0.7486)
[2025-01-24 20:06:40,878][INFO] Epoch[16/40], train AUC: 0.9781(0.9585-0.9913), test AUC: 0.7728(0.6782-0.8629)
[2025-01-24 20:08:36,759][INFO] Epoch[17/40], loss:0.5216, CE loss:0.4540 , info NCE loss:0.4913
[2025-01-24 20:08:36,759][INFO] Epoch[17/40], train B-acc: 0.9125(0.8528-0.9627), test B-acc: 0.6606(0.5662-0.7585)
[2025-01-24 20:08:36,759][INFO] Epoch[17/40], train AUC: 0.9809(0.9621-0.9934), test AUC: 0.7766(0.6668-0.8662)
[2025-01-24 20:10:33,161][INFO] Epoch[18/40], loss:0.5180, CE loss:0.4505 , info NCE loss:0.4882
[2025-01-24 20:10:33,161][INFO] Epoch[18/40], train B-acc: 0.9219(0.8628-0.9647), test B-acc: 0.6503(0.5562-0.7564)
[2025-01-24 20:10:33,163][INFO] Epoch[18/40], train AUC: 0.9837(0.9685-0.9942), test AUC: 0.7709(0.6728-0.8637)
[2025-01-24 20:12:28,897][INFO] Epoch[19/40], loss:0.5147, CE loss:0.4473 , info NCE loss:0.4890
[2025-01-24 20:12:28,897][INFO] Epoch[19/40], train B-acc: 0.9218(0.8630-0.9701), test B-acc: 0.6900(0.5851-0.7868)
[2025-01-24 20:12:28,897][INFO] Epoch[19/40], train AUC: 0.9869(0.9732-0.9964), test AUC: 0.7690(0.6591-0.8681)
[2025-01-24 20:14:24,022][INFO] Epoch[20/40], loss:0.5114, CE loss:0.4441 , info NCE loss:0.4889
[2025-01-24 20:14:24,022][INFO] Epoch[20/40], train B-acc: 0.9232(0.8641-0.9693), test B-acc: 0.6909(0.5876-0.7886)
[2025-01-24 20:14:24,022][INFO] Epoch[20/40], train AUC: 0.9886(0.9755-0.9967), test AUC: 0.7664(0.6591-0.8510)
[2025-01-24 20:16:20,145][INFO] Epoch[21/40], loss:0.5090, CE loss:0.4417 , info NCE loss:0.4892
[2025-01-24 20:16:20,145][INFO] Epoch[21/40], train B-acc: 0.9594(0.9264-0.9812), test B-acc: 0.6767(0.5724-0.7821)
[2025-01-24 20:16:20,145][INFO] Epoch[21/40], train AUC: 0.9909(0.9789-0.9980), test AUC: 0.7633(0.6557-0.8579)
[2025-01-24 20:18:15,866][INFO] Epoch[22/40], loss:0.5054, CE loss:0.4381 , info NCE loss:0.4912
[2025-01-24 20:18:15,866][INFO] Epoch[22/40], train B-acc: 0.9592(0.9253-0.9812), test B-acc: 0.6847(0.5794-0.7716)
[2025-01-24 20:18:15,867][INFO] Epoch[22/40], train AUC: 0.9938(0.9827-0.9992), test AUC: 0.7614(0.6623-0.8437)
[2025-01-24 20:20:11,156][INFO] Epoch[23/40], loss:0.5035, CE loss:0.4362 , info NCE loss:0.4890
[2025-01-24 20:20:11,156][INFO] Epoch[23/40], train B-acc: 0.9602(0.9281-0.9833), test B-acc: 0.6856(0.5778-0.7779)
[2025-01-24 20:20:11,156][INFO] Epoch[23/40], train AUC: 0.9942(0.9853-0.9997), test AUC: 0.7588(0.6496-0.8489)
[2025-01-24 20:22:06,414][INFO] Epoch[24/40], loss:0.4999, CE loss:0.4326 , info NCE loss:0.4890
[2025-01-24 20:22:06,415][INFO] Epoch[24/40], train B-acc: 0.9630(0.9289-0.9850), test B-acc: 0.6729(0.5756-0.7750)
[2025-01-24 20:22:06,415][INFO] Epoch[24/40], train AUC: 0.9956(0.9870-1.0000), test AUC: 0.7568(0.6530-0.8566)
[2025-01-24 20:24:02,376][INFO] Epoch[25/40], loss:0.4967, CE loss:0.4294 , info NCE loss:0.4893
[2025-01-24 20:24:02,377][INFO] Epoch[25/40], train B-acc: 0.9646(0.9304-0.9854), test B-acc: 0.6744(0.5687-0.7719)
[2025-01-24 20:24:02,377][INFO] Epoch[25/40], train AUC: 0.9962(0.9893-1.0000), test AUC: 0.7581(0.6529-0.8504)
[2025-01-24 20:26:00,163][INFO] Epoch[26/40], loss:0.4942, CE loss:0.4270 , info NCE loss:0.4891
[2025-01-24 20:26:00,163][INFO] Epoch[26/40], train B-acc: 0.9644(0.9335-0.9859), test B-acc: 0.6623(0.5613-0.7650)
[2025-01-24 20:26:00,163][INFO] Epoch[26/40], train AUC: 0.9964(0.9898-1.0000), test AUC: 0.7477(0.6447-0.8405)
[2025-01-24 20:28:01,305][INFO] Epoch[27/40], loss:0.4917, CE loss:0.4245 , info NCE loss:0.4871
[2025-01-24 20:28:01,305][INFO] Epoch[27/40], train B-acc: 0.9671(0.9356-0.9870), test B-acc: 0.6689(0.5694-0.7590)
[2025-01-24 20:28:01,306][INFO] Epoch[27/40], train AUC: 0.9967(0.9897-1.0000), test AUC: 0.7477(0.6446-0.8383)
[2025-01-24 20:30:01,931][INFO] Epoch[28/40], loss:0.4888, CE loss:0.4216 , info NCE loss:0.4878
[2025-01-24 20:30:01,931][INFO] Epoch[28/40], train B-acc: 0.9607(0.9289-0.9811), test B-acc: 0.6826(0.5778-0.7834)
[2025-01-24 20:30:01,931][INFO] Epoch[28/40], train AUC: 0.9967(0.9901-1.0000), test AUC: 0.7431(0.6376-0.8369)
[2025-01-24 20:32:00,578][INFO] Epoch[29/40], loss:0.4867, CE loss:0.4195 , info NCE loss:0.4869
[2025-01-24 20:32:00,578][INFO] Epoch[29/40], train B-acc: 0.9481(0.9258-0.9648), test B-acc: 0.6882(0.5876-0.7847)
[2025-01-24 20:32:00,579][INFO] Epoch[29/40], train AUC: 0.9967(0.9891-1.0000), test AUC: 0.7443(0.6308-0.8333)
[2025-01-24 20:33:59,049][INFO] Epoch[30/40], loss:0.4865, CE loss:0.4193 , info NCE loss:0.4880
[2025-01-24 20:33:59,049][INFO] Epoch[30/40], train B-acc: 0.9558(0.9375-0.9742), test B-acc: 0.6874(0.5942-0.7775)
[2025-01-24 20:33:59,049][INFO] Epoch[30/40], train AUC: 0.9970(0.9900-1.0000), test AUC: 0.7397(0.6357-0.8313)
[2025-01-24 20:34:46,075][INFO] Epoch 31 retry 1 of 5, loss did not decrease.
[2025-01-24 20:36:43,856][INFO] Epoch[31/40], loss:0.4856, CE loss:0.4184 , info NCE loss:0.4887
[2025-01-24 20:36:43,856][INFO] Epoch[31/40], train B-acc: 0.9280(0.9043-0.9504), test B-acc: 0.6713(0.5728-0.7593)
[2025-01-24 20:36:43,856][INFO] Epoch[31/40], train AUC: 0.9972(0.9904-1.0000), test AUC: 0.7324(0.6109-0.8243)
[2025-01-24 20:38:49,385][INFO] Epoch[32/40], loss:0.4834, CE loss:0.4162 , info NCE loss:0.4861
[2025-01-24 20:38:49,385][INFO] Epoch[32/40], train B-acc: 0.9662(0.9500-0.9816), test B-acc: 0.6979(0.5994-0.7972)
[2025-01-24 20:38:49,385][INFO] Epoch[32/40], train AUC: 0.9975(0.9915-1.0000), test AUC: 0.7322(0.6284-0.8301)
[2025-01-24 20:41:00,687][INFO] Epoch[33/40], loss:0.4819, CE loss:0.4147 , info NCE loss:0.4866
[2025-01-24 20:41:00,687][INFO] Epoch[33/40], train B-acc: 0.9668(0.9498-0.9811), test B-acc: 0.6956(0.5955-0.7944)
[2025-01-24 20:41:00,688][INFO] Epoch[33/40], train AUC: 0.9977(0.9922-1.0000), test AUC: 0.7312(0.6276-0.8261)
[2025-01-24 20:43:08,729][INFO] Epoch[34/40], loss:0.4789, CE loss:0.4117 , info NCE loss:0.4879
[2025-01-24 20:43:08,730][INFO] Epoch[34/40], train B-acc: 0.9370(0.9142-0.9583), test B-acc: 0.6361(0.5311-0.7325)
[2025-01-24 20:43:08,730][INFO] Epoch[34/40], train AUC: 0.9977(0.9922-1.0000), test AUC: 0.7280(0.6229-0.8262)
[2025-01-24 20:45:16,280][INFO] Epoch[35/40], loss:0.4768, CE loss:0.4096 , info NCE loss:0.4867
[2025-01-24 20:45:16,280][INFO] Epoch[35/40], train B-acc: 0.9474(0.9264-0.9664), test B-acc: 0.6614(0.5580-0.7537)
[2025-01-24 20:45:16,282][INFO] Epoch[35/40], train AUC: 0.9976(0.9914-1.0000), test AUC: 0.7270(0.6173-0.8243)
[2025-01-24 20:47:27,694][INFO] Epoch[36/40], loss:0.4767, CE loss:0.4095 , info NCE loss:0.4896
[2025-01-24 20:47:27,694][INFO] Epoch[36/40], train B-acc: 0.9565(0.9364-0.9733), test B-acc: 0.6793(0.5733-0.7783)
[2025-01-24 20:47:27,695][INFO] Epoch[36/40], train AUC: 0.9979(0.9927-1.0000), test AUC: 0.7253(0.6126-0.8255)
[2025-01-24 20:49:41,205][INFO] Epoch[37/40], loss:0.4766, CE loss:0.4094 , info NCE loss:0.4868
[2025-01-24 20:49:41,205][INFO] Epoch[37/40], train B-acc: 0.9093(0.8841-0.9329), test B-acc: 0.6532(0.5532-0.7346)
[2025-01-24 20:49:41,205][INFO] Epoch[37/40], train AUC: 0.9982(0.9935-1.0000), test AUC: 0.7265(0.6149-0.8194)
[2025-01-24 20:50:35,274][INFO] Epoch 38 retry 1 of 5, loss did not decrease.
[2025-01-24 20:51:27,286][INFO] Epoch 38 retry 2 of 5, loss did not decrease.
[2025-01-24 20:53:36,596][INFO] Epoch[38/40], loss:0.4757, CE loss:0.4085 , info NCE loss:0.4896
[2025-01-24 20:53:36,596][INFO] Epoch[38/40], train B-acc: 0.9648(0.9471-0.9793), test B-acc: 0.6774(0.5791-0.7725)
[2025-01-24 20:53:36,596][INFO] Epoch[38/40], train AUC: 0.9986(0.9946-1.0000), test AUC: 0.7259(0.6154-0.8236)
[2025-01-24 20:55:41,660][INFO] Epoch[39/40], loss:0.4718, CE loss:0.4047 , info NCE loss:0.4862
[2025-01-24 20:55:41,661][INFO] Epoch[39/40], train B-acc: 0.9607(0.9426-0.9759), test B-acc: 0.6749(0.5710-0.7762)
[2025-01-24 20:55:41,661][INFO] Epoch[39/40], train AUC: 0.9988(0.9955-1.0000), test AUC: 0.7264(0.6138-0.8300)
[2025-01-24 20:57:51,648][INFO] Epoch[40/40], loss:0.4703, CE loss:0.4032 , info NCE loss:0.4888
[2025-01-24 20:57:51,648][INFO] Epoch[40/40], train B-acc: 0.9582(0.9396-0.9745), test B-acc: 0.6513(0.5402-0.7426)
[2025-01-24 20:57:51,648][INFO] Epoch[40/40], train AUC: 0.9991(0.9963-1.0000), test AUC: 0.7249(0.6186-0.8305)
