[2025-01-22 10:55:00,530][INFO] Running PROJECT: CRC-KR, P LEARNING RATE: 0.001, OPTIMIZER: ADAMW, NUM EPOCHS: 80, BATCH SIZE: 2048, DEVICES: cuda, SMOOTHING: 0.25
[2025-01-22 10:55:00,530][INFO] params["in_chans"]=[200, 16]python run_MIL_model.py --proj CRC-KR  --num_epochs 80 --plr 1e-3 --smoothing 0.25
[2025-01-22 10:55:00,530][INFO] params["dims"]=[512, 512]  温度参数为0.55
[2025-01-22 10:55:00,531][INFO] params["out_chans"]=[16, 8]
[2025-01-22 10:55:00,531][INFO] params["heads"]=[8, 4]
[2025-01-22 10:55:00,531][INFO] params["dropout"]=[0.8, 0.4, 0.4]
[2025-01-22 10:56:57,457][INFO] Epoch[1/80], loss:1.8854, CE loss:0.8956 , info NCE loss:7.4940
[2025-01-22 10:56:57,458][INFO] Epoch[1/80], train B-acc: 0.6791(0.6236-0.7290), test B-acc: 0.6473(0.5664-0.7197)
[2025-01-22 10:56:57,458][INFO] Epoch[1/80], train AUC: 0.7683(0.6854-0.8395), test AUC: 0.7017(0.5738-0.8074)
[2025-01-22 10:59:10,545][INFO] Epoch[2/80], loss:1.5495, CE loss:0.5798 , info NCE loss:7.0443
[2025-01-22 10:59:10,545][INFO] Epoch[2/80], train B-acc: 0.5000(0.5000-0.5000), test B-acc: 0.5000(0.5000-0.5000)
[2025-01-22 10:59:10,545][INFO] Epoch[2/80], train AUC: 0.8025(0.7209-0.8679), test AUC: 0.7184(0.6035-0.8198)
[2025-01-22 11:01:20,457][INFO] Epoch[3/80], loss:1.4804, CE loss:0.5272 , info NCE loss:6.8817
[2025-01-22 11:01:20,457][INFO] Epoch[3/80], train B-acc: 0.5574(0.5135-0.6112), test B-acc: 0.5258(0.4868-0.5800)
[2025-01-22 11:01:20,458][INFO] Epoch[3/80], train AUC: 0.8226(0.7423-0.8836), test AUC: 0.7266(0.6088-0.8290)
[2025-01-22 11:03:34,735][INFO] Epoch[4/80], loss:1.4566, CE loss:0.5127 , info NCE loss:6.8049
[2025-01-22 11:03:34,735][INFO] Epoch[4/80], train B-acc: 0.5208(0.4959-0.5637), test B-acc: 0.5000(0.5000-0.5000)
[2025-01-22 11:03:34,736][INFO] Epoch[4/80], train AUC: 0.8513(0.7795-0.9030), test AUC: 0.7553(0.6460-0.8540)
[2025-01-22 11:05:39,597][INFO] Epoch[5/80], loss:1.4448, CE loss:0.5070 , info NCE loss:6.7590
[2025-01-22 11:05:39,598][INFO] Epoch[5/80], train B-acc: 0.5333(0.4979-0.5774), test B-acc: 0.5156(0.5000-0.5577)
[2025-01-22 11:05:39,598][INFO] Epoch[5/80], train AUC: 0.8711(0.8096-0.9211), test AUC: 0.7691(0.6652-0.8690)
[2025-01-22 11:07:39,230][INFO] Epoch[6/80], loss:1.4369, CE loss:0.5016 , info NCE loss:6.7367
[2025-01-22 11:07:39,231][INFO] Epoch[6/80], train B-acc: 0.5700(0.5211-0.6290), test B-acc: 0.5161(0.5000-0.5577)
[2025-01-22 11:07:39,231][INFO] Epoch[6/80], train AUC: 0.8895(0.8366-0.9352), test AUC: 0.7812(0.6745-0.8757)
[2025-01-22 11:09:41,069][INFO] Epoch[7/80], loss:1.4302, CE loss:0.4961 , info NCE loss:6.7234
[2025-01-22 11:09:41,070][INFO] Epoch[7/80], train B-acc: 0.5939(0.5414-0.6630), test B-acc: 0.5303(0.5000-0.5806)
[2025-01-22 11:09:41,070][INFO] Epoch[7/80], train AUC: 0.9062(0.8602-0.9439), test AUC: 0.7884(0.6829-0.8792)
[2025-01-22 11:11:41,870][INFO] Epoch[8/80], loss:1.4257, CE loss:0.4917 , info NCE loss:6.7184
[2025-01-22 11:11:41,871][INFO] Epoch[8/80], train B-acc: 0.6179(0.5586-0.6888), test B-acc: 0.5256(0.4884-0.5806)
[2025-01-22 11:11:41,871][INFO] Epoch[8/80], train AUC: 0.9192(0.8776-0.9541), test AUC: 0.7998(0.6902-0.8844)
[2025-01-22 11:13:43,756][INFO] Epoch[9/80], loss:1.4202, CE loss:0.4869 , info NCE loss:6.7090
[2025-01-22 11:13:43,756][INFO] Epoch[9/80], train B-acc: 0.6278(0.5634-0.6957), test B-acc: 0.5769(0.5179-0.6500)
[2025-01-22 11:13:43,756][INFO] Epoch[9/80], train AUC: 0.9292(0.8898-0.9598), test AUC: 0.8019(0.6958-0.8875)
[2025-01-22 11:15:47,141][INFO] Epoch[10/80], loss:1.4166, CE loss:0.4828 , info NCE loss:6.7083
[2025-01-22 11:15:47,142][INFO] Epoch[10/80], train B-acc: 0.6302(0.5639-0.7038), test B-acc: 0.5742(0.5162-0.6522)
[2025-01-22 11:15:47,143][INFO] Epoch[10/80], train AUC: 0.9393(0.8979-0.9690), test AUC: 0.8052(0.7027-0.8908)
[2025-01-22 11:17:48,412][INFO] Epoch[11/80], loss:1.4119, CE loss:0.4781 , info NCE loss:6.7035
[2025-01-22 11:17:48,412][INFO] Epoch[11/80], train B-acc: 0.6888(0.6126-0.7695), test B-acc: 0.6010(0.5270-0.6871)
[2025-01-22 11:17:48,413][INFO] Epoch[11/80], train AUC: 0.9444(0.9111-0.9732), test AUC: 0.8088(0.7060-0.8948)
[2025-01-22 11:19:50,064][INFO] Epoch[12/80], loss:1.4082, CE loss:0.4745 , info NCE loss:6.6996
[2025-01-22 11:19:50,065][INFO] Epoch[12/80], train B-acc: 0.7360(0.6625-0.8153), test B-acc: 0.5968(0.5227-0.6834)
[2025-01-22 11:19:50,065][INFO] Epoch[12/80], train AUC: 0.9506(0.9165-0.9769), test AUC: 0.8133(0.7099-0.8983)
[2025-01-22 11:21:53,494][INFO] Epoch[13/80], loss:1.4061, CE loss:0.4710 , info NCE loss:6.7046
[2025-01-22 11:21:53,495][INFO] Epoch[13/80], train B-acc: 0.7392(0.6638-0.8136), test B-acc: 0.5977(0.5260-0.6848)
[2025-01-22 11:21:53,495][INFO] Epoch[13/80], train AUC: 0.9585(0.9286-0.9816), test AUC: 0.8133(0.7125-0.8933)
[2025-01-22 11:23:57,179][INFO] Epoch[14/80], loss:1.4019, CE loss:0.4676 , info NCE loss:6.6968
[2025-01-22 11:23:57,180][INFO] Epoch[14/80], train B-acc: 0.8226(0.7423-0.8870), test B-acc: 0.5939(0.5183-0.6840)
[2025-01-22 11:23:57,180][INFO] Epoch[14/80], train AUC: 0.9629(0.9343-0.9831), test AUC: 0.8181(0.7224-0.8976)
[2025-01-22 11:25:59,424][INFO] Epoch[15/80], loss:1.3978, CE loss:0.4639 , info NCE loss:6.6902
[2025-01-22 11:25:59,424][INFO] Epoch[15/80], train B-acc: 0.8209(0.7418-0.8869), test B-acc: 0.6117(0.5287-0.7018)
[2025-01-22 11:25:59,424][INFO] Epoch[15/80], train AUC: 0.9663(0.9408-0.9865), test AUC: 0.8133(0.7100-0.8897)
[2025-01-22 11:28:03,315][INFO] Epoch[16/80], loss:1.3945, CE loss:0.4607 , info NCE loss:6.6861
[2025-01-22 11:28:03,315][INFO] Epoch[16/80], train B-acc: 0.8407(0.7680-0.9044), test B-acc: 0.6397(0.5550-0.7392)
[2025-01-22 11:28:03,316][INFO] Epoch[16/80], train AUC: 0.9702(0.9439-0.9874), test AUC: 0.8165(0.7194-0.8993)
[2025-01-22 11:30:07,557][INFO] Epoch[17/80], loss:1.3911, CE loss:0.4580 , info NCE loss:6.6792
[2025-01-22 11:30:07,558][INFO] Epoch[17/80], train B-acc: 0.8451(0.7730-0.9120), test B-acc: 0.6362(0.5461-0.7380)
[2025-01-22 11:30:07,558][INFO] Epoch[17/80], train AUC: 0.9753(0.9554-0.9904), test AUC: 0.8153(0.7181-0.8933)
[2025-01-22 11:32:12,024][INFO] Epoch[18/80], loss:1.3879, CE loss:0.4545 , info NCE loss:6.6772
[2025-01-22 11:32:12,025][INFO] Epoch[18/80], train B-acc: 0.8457(0.7713-0.9084), test B-acc: 0.6526(0.5654-0.7530)
[2025-01-22 11:32:12,025][INFO] Epoch[18/80], train AUC: 0.9800(0.9611-0.9926), test AUC: 0.8158(0.7175-0.8967)
[2025-01-22 11:34:15,668][INFO] Epoch[19/80], loss:1.3855, CE loss:0.4513 , info NCE loss:6.6790
[2025-01-22 11:34:15,668][INFO] Epoch[19/80], train B-acc: 0.8436(0.7728-0.9162), test B-acc: 0.6564(0.5685-0.7495)
[2025-01-22 11:34:15,668][INFO] Epoch[19/80], train AUC: 0.9843(0.9682-0.9952), test AUC: 0.8118(0.7219-0.8926)
[2025-01-22 11:36:20,958][INFO] Epoch[20/80], loss:1.3820, CE loss:0.4489 , info NCE loss:6.6695
[2025-01-22 11:36:20,959][INFO] Epoch[20/80], train B-acc: 0.9395(0.8857-0.9775), test B-acc: 0.6656(0.5677-0.7607)
[2025-01-22 11:36:20,959][INFO] Epoch[20/80], train AUC: 0.9876(0.9759-0.9954), test AUC: 0.8094(0.7125-0.8839)
[2025-01-22 11:38:23,421][INFO] Epoch[21/80], loss:1.3797, CE loss:0.4461 , info NCE loss:6.6696
[2025-01-22 11:38:23,421][INFO] Epoch[21/80], train B-acc: 0.9356(0.8807-0.9782), test B-acc: 0.6824(0.5839-0.7835)
[2025-01-22 11:38:23,421][INFO] Epoch[21/80], train AUC: 0.9898(0.9790-0.9971), test AUC: 0.8063(0.7110-0.8922)
[2025-01-22 11:40:27,035][INFO] Epoch[22/80], loss:1.3770, CE loss:0.4431 , info NCE loss:6.6690
[2025-01-22 11:40:27,035][INFO] Epoch[22/80], train B-acc: 0.9341(0.8790-0.9789), test B-acc: 0.6680(0.5677-0.7553)
[2025-01-22 11:40:27,036][INFO] Epoch[22/80], train AUC: 0.9939(0.9859-0.9988), test AUC: 0.8048(0.7057-0.8918)
[2025-01-22 11:42:31,087][INFO] Epoch[23/80], loss:1.3737, CE loss:0.4404 , info NCE loss:6.6622
[2025-01-22 11:42:31,088][INFO] Epoch[23/80], train B-acc: 0.9332(0.8808-0.9713), test B-acc: 0.7123(0.6086-0.8036)
[2025-01-22 11:42:31,088][INFO] Epoch[23/80], train AUC: 0.9952(0.9883-0.9991), test AUC: 0.7976(0.6954-0.8824)
[2025-01-22 11:44:35,550][INFO] Epoch[24/80], loss:1.3728, CE loss:0.4395 , info NCE loss:6.6614
[2025-01-22 11:44:35,550][INFO] Epoch[24/80], train B-acc: 0.9286(0.8676-0.9750), test B-acc: 0.6746(0.5857-0.7658)
[2025-01-22 11:44:35,551][INFO] Epoch[24/80], train AUC: 0.9960(0.9895-0.9992), test AUC: 0.7970(0.6978-0.8814)
[2025-01-22 11:46:40,845][INFO] Epoch[25/80], loss:1.3700, CE loss:0.4365 , info NCE loss:6.6600
[2025-01-22 11:46:40,846][INFO] Epoch[25/80], train B-acc: 0.9553(0.9101-0.9916), test B-acc: 0.7245(0.6233-0.8200)
[2025-01-22 11:46:40,846][INFO] Epoch[25/80], train AUC: 0.9975(0.9930-0.9997), test AUC: 0.7949(0.7015-0.8791)
[2025-01-22 11:48:46,743][INFO] Epoch[26/80], loss:1.3672, CE loss:0.4339 , info NCE loss:6.6563
[2025-01-22 11:48:46,744][INFO] Epoch[26/80], train B-acc: 0.9479(0.8947-0.9860), test B-acc: 0.6826(0.5929-0.7787)
[2025-01-22 11:48:46,744][INFO] Epoch[26/80], train AUC: 0.9991(0.9967-1.0000), test AUC: 0.7907(0.6891-0.8793)
[2025-01-22 11:49:42,808][INFO] Epoch 27 retry 1 of 5, loss did not decrease.
[2025-01-22 11:50:29,130][INFO] Epoch 27 retry 2 of 5, loss did not decrease.
[2025-01-22 11:51:14,926][INFO] Epoch 27 retry 3 of 5, loss did not decrease.
[2025-01-22 11:53:09,368][INFO] Epoch[27/80], loss:1.3588, CE loss:0.4256 , info NCE loss:6.6472
[2025-01-22 11:53:09,368][INFO] Epoch[27/80], train B-acc: 0.9958(0.9892-1.0000), test B-acc: 0.7056(0.6080-0.7996)
[2025-01-22 11:53:09,369][INFO] Epoch[27/80], train AUC: 0.9998(0.9986-1.0000), test AUC: 0.7780(0.6826-0.8667)
[2025-01-22 11:55:15,477][INFO] Epoch[28/80], loss:1.3564, CE loss:0.4235 , info NCE loss:6.6427
[2025-01-22 11:55:15,477][INFO] Epoch[28/80], train B-acc: 0.9937(0.9858-1.0000), test B-acc: 0.7114(0.6089-0.8074)
[2025-01-22 11:55:15,478][INFO] Epoch[28/80], train AUC: 0.9999(0.9990-1.0000), test AUC: 0.7805(0.6782-0.8682)
[2025-01-22 11:57:22,136][INFO] Epoch[29/80], loss:1.3549, CE loss:0.4219 , info NCE loss:6.6421
[2025-01-22 11:57:22,137][INFO] Epoch[29/80], train B-acc: 0.9831(0.9710-0.9936), test B-acc: 0.7369(0.6446-0.8360)
[2025-01-22 11:57:22,137][INFO] Epoch[29/80], train AUC: 1.0000(0.9994-1.0000), test AUC: 0.7779(0.6764-0.8756)
[2025-01-22 11:59:27,001][INFO] Epoch[30/80], loss:1.3546, CE loss:0.4218 , info NCE loss:6.6401
[2025-01-22 11:59:27,001][INFO] Epoch[30/80], train B-acc: 0.9917(0.9828-0.9979), test B-acc: 0.7295(0.6344-0.8210)
[2025-01-22 11:59:27,002][INFO] Epoch[30/80], train AUC: 1.0000(0.9995-1.0000), test AUC: 0.7804(0.6762-0.8708)
[2025-01-22 12:01:44,629][INFO] Epoch[31/80], loss:1.3513, CE loss:0.4187 , info NCE loss:6.6359
[2025-01-22 12:01:44,629][INFO] Epoch[31/80], train B-acc: 0.9726(0.9578-0.9865), test B-acc: 0.7018(0.6031-0.7904)
[2025-01-22 12:01:44,629][INFO] Epoch[31/80], train AUC: 1.0000(1.0000-1.0000), test AUC: 0.7713(0.6618-0.8668)
[2025-01-22 12:02:51,336][INFO] Epoch 32 retry 1 of 5, loss did not decrease.
[2025-01-22 12:03:41,424][INFO] Epoch 32 retry 2 of 5, loss did not decrease.
[2025-01-22 12:05:47,597][INFO] Epoch[32/80], loss:1.3487, CE loss:0.4177 , info NCE loss:6.6244
[2025-01-22 12:05:47,597][INFO] Epoch[32/80], train B-acc: 0.9814(0.9685-0.9918), test B-acc: 0.7297(0.6355-0.8307)
[2025-01-22 12:05:47,597][INFO] Epoch[32/80], train AUC: 1.0000(1.0000-1.0000), test AUC: 0.7628(0.6533-0.8623)
[2025-01-22 12:08:00,491][INFO] Epoch[33/80], loss:1.3463, CE loss:0.4156 , info NCE loss:6.6201
[2025-01-22 12:08:00,491][INFO] Epoch[33/80], train B-acc: 0.9917(0.9818-0.9980), test B-acc: 0.6858(0.5907-0.7932)
[2025-01-22 12:08:00,491][INFO] Epoch[33/80], train AUC: 1.0000(1.0000-1.0000), test AUC: 0.7610(0.6504-0.8581)
[2025-01-22 12:10:09,394][INFO] Epoch[34/80], loss:1.3431, CE loss:0.4127 , info NCE loss:6.6152
[2025-01-22 12:10:09,395][INFO] Epoch[34/80], train B-acc: 0.9855(0.9734-0.9938), test B-acc: 0.6986(0.6031-0.7913)
[2025-01-22 12:10:09,395][INFO] Epoch[34/80], train AUC: 1.0000(1.0000-1.0000), test AUC: 0.7603(0.6534-0.8567)
[2025-01-22 12:11:06,160][INFO] Epoch 35 retry 1 of 5, loss did not decrease.
[2025-01-22 12:11:51,681][INFO] Epoch 35 retry 2 of 5, loss did not decrease.
[2025-01-22 12:12:38,487][INFO] Epoch 35 retry 3 of 5, loss did not decrease.
[2025-01-22 12:13:24,374][INFO] Epoch 35 retry 4 of 5, loss did not decrease.
[2025-01-22 12:14:10,384][INFO] Epoch 35 retry 5 of 5, loss did not decrease.
[2025-01-22 12:14:10,385][WARNING] Epoch 35 failed to decrease loss after 5 retries.
[2025-01-22 12:15:18,952][INFO] Epoch[35/80], loss:1.3438, CE loss:0.4163 , info NCE loss:6.5998
[2025-01-22 12:15:18,952][INFO] Epoch[35/80], train B-acc: 0.9726(0.9568-0.9856), test B-acc: 0.6950(0.5945-0.7944)
[2025-01-22 12:15:18,952][INFO] Epoch[35/80], train AUC: 1.0000(1.0000-1.0000), test AUC: 0.7553(0.6381-0.8573)
[2025-01-22 12:17:17,992][INFO] Epoch[36/80], loss:1.3378, CE loss:0.4102 , info NCE loss:6.5946
[2025-01-22 12:17:17,993][INFO] Epoch[36/80], train B-acc: 0.9835(0.9705-0.9938), test B-acc: 0.6750(0.5757-0.7769)
[2025-01-22 12:17:17,993][INFO] Epoch[36/80], train AUC: 1.0000(1.0000-1.0000), test AUC: 0.7517(0.6431-0.8549)
[2025-01-22 12:18:07,692][INFO] Epoch 37 retry 1 of 5, loss did not decrease.
[2025-01-22 12:20:03,543][INFO] Epoch[37/80], loss:1.3362, CE loss:0.4099 , info NCE loss:6.5852
[2025-01-22 12:20:03,543][INFO] Epoch[37/80], train B-acc: 0.9705(0.9540-0.9835), test B-acc: 0.6719(0.5695-0.7702)
[2025-01-22 12:20:03,543][INFO] Epoch[37/80], train AUC: 1.0000(1.0000-1.0000), test AUC: 0.7514(0.6450-0.8521)
[2025-01-22 12:22:08,185][INFO] Epoch[38/80], loss:1.3361, CE loss:0.4102 , info NCE loss:6.5825
[2025-01-22 12:22:08,186][INFO] Epoch[38/80], train B-acc: 0.9895(0.9795-0.9979), test B-acc: 0.6813(0.5831-0.7851)
[2025-01-22 12:22:08,186][INFO] Epoch[38/80], train AUC: 1.0000(1.0000-1.0000), test AUC: 0.7498(0.6389-0.8469)
[2025-01-22 12:22:59,460][INFO] Epoch 39 retry 1 of 5, loss did not decrease.
[2025-01-22 12:24:54,423][INFO] Epoch[39/80], loss:1.3357, CE loss:0.4108 , info NCE loss:6.5770
[2025-01-22 12:24:54,425][INFO] Epoch[39/80], train B-acc: 0.9937(0.9852-1.0000), test B-acc: 0.6768(0.5798-0.7787)
[2025-01-22 12:24:54,425][INFO] Epoch[39/80], train AUC: 1.0000(1.0000-1.0000), test AUC: 0.7543(0.6435-0.8547)
[2025-01-22 12:26:54,230][INFO] Epoch[40/80], loss:1.3333, CE loss:0.4085 , info NCE loss:6.5738
[2025-01-22 12:26:54,231][INFO] Epoch[40/80], train B-acc: 0.9705(0.9543-0.9844), test B-acc: 0.6764(0.5785-0.7764)
[2025-01-22 12:26:54,231][INFO] Epoch[40/80], train AUC: 1.0000(1.0000-1.0000), test AUC: 0.7504(0.6368-0.8433)
[2025-01-22 12:27:48,026][INFO] Epoch 41 retry 1 of 5, loss did not decrease.
[2025-01-22 12:28:33,429][INFO] Epoch 41 retry 2 of 5, loss did not decrease.
[2025-01-22 12:29:18,532][INFO] Epoch 41 retry 3 of 5, loss did not decrease.
[2025-01-22 12:31:12,048][INFO] Epoch[41/80], loss:1.3286, CE loss:0.4050 , info NCE loss:6.5626
[2025-01-22 12:31:12,049][INFO] Epoch[41/80], train B-acc: 0.9753(0.9605-0.9879), test B-acc: 0.6784(0.5850-0.7658)
[2025-01-22 12:31:12,049][INFO] Epoch[41/80], train AUC: 1.0000(1.0000-1.0000), test AUC: 0.7473(0.6388-0.8368)
[2025-01-22 12:33:13,101][INFO] Epoch[42/80], loss:1.3276, CE loss:0.4046 , info NCE loss:6.5580
[2025-01-22 12:33:13,101][INFO] Epoch[42/80], train B-acc: 0.9773(0.9630-0.9895), test B-acc: 0.6826(0.5789-0.7812)
[2025-01-22 12:33:13,102][INFO] Epoch[42/80], train AUC: 1.0000(1.0000-1.0000), test AUC: 0.7506(0.6392-0.8471)
[2025-01-22 12:35:14,707][INFO] Epoch[43/80], loss:1.3272, CE loss:0.4043 , info NCE loss:6.5569
[2025-01-22 12:35:14,707][INFO] Epoch[43/80], train B-acc: 0.9791(0.9651-0.9897), test B-acc: 0.6992(0.5939-0.7978)
[2025-01-22 12:35:14,707][INFO] Epoch[43/80], train AUC: 1.0000(1.0000-1.0000), test AUC: 0.7456(0.6333-0.8453)
[2025-01-22 12:36:08,232][INFO] Epoch 44 retry 1 of 5, loss did not decrease.
[2025-01-22 12:38:01,354][INFO] Epoch[44/80], loss:1.3258, CE loss:0.4040 , info NCE loss:6.5489
[2025-01-22 12:38:01,354][INFO] Epoch[44/80], train B-acc: 0.9745(0.9585-0.9874), test B-acc: 0.6878(0.5911-0.7793)
[2025-01-22 12:38:01,354][INFO] Epoch[44/80], train AUC: 1.0000(1.0000-1.0000), test AUC: 0.7506(0.6457-0.8453)
[2025-01-22 12:38:53,938][INFO] Epoch 45 retry 1 of 5, loss did not decrease.
[2025-01-22 12:39:39,313][INFO] Epoch 45 retry 2 of 5, loss did not decrease.
[2025-01-22 12:40:25,639][INFO] Epoch 45 retry 3 of 5, loss did not decrease.
[2025-01-22 12:41:11,537][INFO] Epoch 45 retry 4 of 5, loss did not decrease.
[2025-01-22 12:43:04,734][INFO] Epoch[45/80], loss:1.3230, CE loss:0.4020 , info NCE loss:6.5418
[2025-01-22 12:43:04,735][INFO] Epoch[45/80], train B-acc: 0.9728(0.9583-0.9855), test B-acc: 0.6911(0.5902-0.7944)
[2025-01-22 12:43:04,735][INFO] Epoch[45/80], train AUC: 1.0000(1.0000-1.0000), test AUC: 0.7477(0.6308-0.8482)
[2025-01-22 12:43:55,681][INFO] Epoch 46 retry 1 of 5, loss did not decrease.
[2025-01-22 12:44:41,491][INFO] Epoch 46 retry 2 of 5, loss did not decrease.
[2025-01-22 12:45:27,077][INFO] Epoch 46 retry 3 of 5, loss did not decrease.
[2025-01-22 12:46:12,348][INFO] Epoch 46 retry 4 of 5, loss did not decrease.
[2025-01-22 12:46:58,000][INFO] Epoch 46 retry 5 of 5, loss did not decrease.
[2025-01-22 12:46:58,000][WARNING] Epoch 46 failed to decrease loss after 5 retries.
[2025-01-22 12:48:07,888][INFO] Epoch[46/80], loss:1.3282, CE loss:0.4093 , info NCE loss:6.5352
[2025-01-22 12:48:07,889][INFO] Epoch[46/80], train B-acc: 0.9703(0.9551-0.9848), test B-acc: 0.6771(0.5771-0.7729)
[2025-01-22 12:48:07,889][INFO] Epoch[46/80], train AUC: 1.0000(1.0000-1.0000), test AUC: 0.7465(0.6336-0.8446)
