[2024-12-24 20:34:50,874][INFO] Running PROJECT: CRC-DX, P LEARNING RATE: 0.001, OPTIMIZER: ADAMW, NUM EPOCHS: 10, BATCH SIZE: 2048, DEVICES: cuda, SMOOTHING: 0.1
[2024-12-24 20:34:50,874][INFO] params["in_chans"]=[200, 16]
[2024-12-24 20:34:50,874][INFO] params["dims"]=[512, 512]
[2024-12-24 20:34:50,874][INFO] params["out_chans"]=[16, 8]
[2024-12-24 20:34:50,875][INFO] params["heads"]=[8, 4]
[2024-12-24 20:34:50,875][INFO] params["dropout"]=[0.8, 0.4, 0.4]
[2024-12-24 20:36:40,170][INFO] Epoch[1/10], loss:1.5866, CE loss:0.9357 , info NCE loss:7.4443
[2024-12-24 20:36:40,172][INFO] Epoch[1/10], train B-acc: 0.5000(0.5000-0.5000), test B-acc: 0.5000(0.5000-0.5000)
[2024-12-24 20:36:40,172][INFO] Epoch[1/10], train AUC: 0.7300(0.6248-0.8189), test AUC: 0.6731(0.5372-0.7964)
[2024-12-24 20:38:29,637][INFO] Epoch[2/10], loss:1.1407, CE loss:0.5106 , info NCE loss:6.8115
[2024-12-24 20:38:29,637][INFO] Epoch[2/10], train B-acc: 0.5620(0.5116-0.6203), test B-acc: 0.5000(0.5000-0.5000)
[2024-12-24 20:38:29,637][INFO] Epoch[2/10], train AUC: 0.7715(0.6715-0.8548), test AUC: 0.7076(0.5823-0.8255)
[2024-12-24 20:40:17,549][INFO] Epoch[3/10], loss:1.0472, CE loss:0.4421 , info NCE loss:6.4930
[2024-12-24 20:40:17,550][INFO] Epoch[3/10], train B-acc: 0.5602(0.5113-0.6184), test B-acc: 0.5556(0.5000-0.6250)
[2024-12-24 20:40:17,550][INFO] Epoch[3/10], train AUC: 0.8023(0.7109-0.8763), test AUC: 0.7255(0.5925-0.8222)
[2024-12-24 20:42:05,026][INFO] Epoch[4/10], loss:1.0104, CE loss:0.4177 , info NCE loss:6.3444
[2024-12-24 20:42:05,026][INFO] Epoch[4/10], train B-acc: 0.6144(0.5514-0.6830), test B-acc: 0.5926(0.5208-0.6818)
[2024-12-24 20:42:05,027][INFO] Epoch[4/10], train AUC: 0.8330(0.7477-0.9014), test AUC: 0.7390(0.6190-0.8419)
[2024-12-24 20:43:51,961][INFO] Epoch[5/10], loss:0.9944, CE loss:0.4041 , info NCE loss:6.3065
[2024-12-24 20:43:51,962][INFO] Epoch[5/10], train B-acc: 0.6257(0.5612-0.7014), test B-acc: 0.6154(0.5385-0.7083)
[2024-12-24 20:43:51,962][INFO] Epoch[5/10], train AUC: 0.8570(0.7794-0.9208), test AUC: 0.7597(0.6395-0.8587)
[2024-12-24 20:45:44,359][INFO] Epoch[6/10], loss:0.9836, CE loss:0.3956 , info NCE loss:6.2757
[2024-12-24 20:45:44,359][INFO] Epoch[6/10], train B-acc: 0.6293(0.5618-0.7004), test B-acc: 0.5741(0.5179-0.6522)
[2024-12-24 20:45:44,359][INFO] Epoch[6/10], train AUC: 0.8708(0.7947-0.9287), test AUC: 0.7819(0.6673-0.8766)
[2024-12-24 20:47:34,476][INFO] Epoch[7/10], loss:0.9734, CE loss:0.3873 , info NCE loss:6.2484
[2024-12-24 20:47:34,476][INFO] Epoch[7/10], train B-acc: 0.6520(0.5811-0.7294), test B-acc: 0.6129(0.5385-0.7000)
[2024-12-24 20:47:34,477][INFO] Epoch[7/10], train AUC: 0.8866(0.8157-0.9443), test AUC: 0.7913(0.6752-0.8858)
[2024-12-24 20:49:24,172][INFO] Epoch[8/10], loss:0.9627, CE loss:0.3792 , info NCE loss:6.2141
[2024-12-24 20:49:24,172][INFO] Epoch[8/10], train B-acc: 0.6549(0.5860-0.7339), test B-acc: 0.6111(0.5357-0.6970)
[2024-12-24 20:49:24,172][INFO] Epoch[8/10], train AUC: 0.9005(0.8281-0.9521), test AUC: 0.8129(0.7012-0.9001)
[2024-12-24 20:51:13,635][INFO] Epoch[9/10], loss:0.9552, CE loss:0.3730 , info NCE loss:6.1951
[2024-12-24 20:51:13,635][INFO] Epoch[9/10], train B-acc: 0.7072(0.6271-0.7907), test B-acc: 0.6346(0.5600-0.7200)
[2024-12-24 20:51:13,635][INFO] Epoch[9/10], train AUC: 0.9134(0.8492-0.9606), test AUC: 0.8278(0.7193-0.9167)
[2024-12-24 20:53:02,043][INFO] Epoch[10/10], loss:0.9460, CE loss:0.3640 , info NCE loss:6.1837
[2024-12-24 20:53:02,043][INFO] Epoch[10/10], train B-acc: 0.7322(0.6515-0.8103), test B-acc: 0.6731(0.5909-0.7647)
[2024-12-24 20:53:02,044][INFO] Epoch[10/10], train AUC: 0.9270(0.8647-0.9669), test AUC: 0.8402(0.7354-0.9198)
