[2025-01-18 23:23:12,553][INFO] Running PROJECT: CRC-DX, P LEARNING RATE: 0.0001, OPTIMIZER: ADAMW, NUM EPOCHS: 80, BATCH SIZE: 2048, DEVICES: cuda, SMOOTHING: 0.1
[2025-01-18 23:23:12,553][INFO] params["in_chans"]=[200, 16] python run_model.py --proj CRC-DX --num_epochs 80  --plr 1e-4  --smoothing 0.1
[2025-01-18 23:23:12,553][INFO] params["dims"]=[512, 512]温度参数为0.6
[2025-01-18 23:23:12,553][INFO] params["out_chans"]=[16, 8]
[2025-01-18 23:23:12,553][INFO] params["heads"]=[8, 4]
[2025-01-18 23:23:12,554][INFO] params["dropout"]=[0.8, 0.4, 0.4]
[2025-01-18 23:25:17,709][INFO] Epoch[1/80], loss:1.1068, CE loss:0.5000, info NCE loss:0.6067
[2025-01-18 23:25:17,720][INFO] Epoch[1/80], train B-acc: 0.5000(0.5000-0.5000), test B-acc: 0.5000(0.5000-0.5000)
[2025-01-18 23:25:17,720][INFO] Epoch[1/80], train AUC: 0.6423(0.5383-0.7335), test AUC: 0.4874(0.3541-0.6227)
[2025-01-18 23:27:20,562][INFO] Epoch[2/80], loss:1.0736, CE loss:0.4669, info NCE loss:0.6067
[2025-01-18 23:27:20,564][INFO] Epoch[2/80], train B-acc: 0.5000(0.5000-0.5000), test B-acc: 0.5000(0.5000-0.5000)
[2025-01-18 23:27:20,564][INFO] Epoch[2/80], train AUC: 0.7159(0.6095-0.8099), test AUC: 0.6183(0.4901-0.7510)
[2025-01-18 23:29:23,145][INFO] Epoch[3/80], loss:1.0581, CE loss:0.4516, info NCE loss:0.6066
[2025-01-18 23:29:23,146][INFO] Epoch[3/80], train B-acc: 0.5000(0.5000-0.5000), test B-acc: 0.5000(0.5000-0.5000)
[2025-01-18 23:29:23,146][INFO] Epoch[3/80], train AUC: 0.7478(0.6550-0.8373), test AUC: 0.6762(0.5484-0.7940)
[2025-01-18 23:31:25,787][INFO] Epoch[4/80], loss:1.0471, CE loss:0.4407, info NCE loss:0.6064
[2025-01-18 23:31:25,787][INFO] Epoch[4/80], train B-acc: 0.5000(0.5000-0.5000), test B-acc: 0.5000(0.5000-0.5000)
[2025-01-18 23:31:25,787][INFO] Epoch[4/80], train AUC: 0.7733(0.6777-0.8547), test AUC: 0.7018(0.5838-0.8157)
[2025-01-18 23:33:28,116][INFO] Epoch[5/80], loss:1.0379, CE loss:0.4318, info NCE loss:0.6061
[2025-01-18 23:33:28,116][INFO] Epoch[5/80], train B-acc: 0.5385(0.5000-0.5918), test B-acc: 0.5000(0.5000-0.5000)
[2025-01-18 23:33:28,117][INFO] Epoch[5/80], train AUC: 0.7959(0.7018-0.8737), test AUC: 0.7152(0.5869-0.8224)
[2025-01-18 23:35:29,986][INFO] Epoch[6/80], loss:1.0293, CE loss:0.4235, info NCE loss:0.6058
[2025-01-18 23:35:29,987][INFO] Epoch[6/80], train B-acc: 0.5526(0.5109-0.6071), test B-acc: 0.5000(0.5000-0.5000)
[2025-01-18 23:35:29,987][INFO] Epoch[6/80], train AUC: 0.8159(0.7230-0.8890), test AUC: 0.7271(0.5907-0.8322)
[2025-01-18 23:37:29,851][INFO] Epoch[7/80], loss:1.0234, CE loss:0.4179, info NCE loss:0.6054
[2025-01-18 23:37:29,851][INFO] Epoch[7/80], train B-acc: 0.5603(0.5113-0.6228), test B-acc: 0.5179(0.5000-0.5625)
[2025-01-18 23:37:29,851][INFO] Epoch[7/80], train AUC: 0.8296(0.7428-0.9010), test AUC: 0.7360(0.6076-0.8359)
[2025-01-18 23:39:31,486][INFO] Epoch[8/80], loss:1.0168, CE loss:0.4117, info NCE loss:0.6050
[2025-01-18 23:39:31,486][INFO] Epoch[8/80], train B-acc: 0.5865(0.5281-0.6538), test B-acc: 0.5370(0.5000-0.6000)
[2025-01-18 23:39:31,486][INFO] Epoch[8/80], train AUC: 0.8393(0.7609-0.9040), test AUC: 0.7504(0.6319-0.8507)
[2025-01-18 23:41:32,740][INFO] Epoch[9/80], loss:1.0098, CE loss:0.4052, info NCE loss:0.6046
[2025-01-18 23:41:32,741][INFO] Epoch[9/80], train B-acc: 0.6132(0.5535-0.6921), test B-acc: 0.5357(0.5000-0.5962)
[2025-01-18 23:41:32,741][INFO] Epoch[9/80], train AUC: 0.8545(0.7708-0.9169), test AUC: 0.7616(0.6510-0.8601)
[2025-01-18 23:43:33,141][INFO] Epoch[10/80], loss:1.0037, CE loss:0.3996, info NCE loss:0.6041
[2025-01-18 23:43:33,141][INFO] Epoch[10/80], train B-acc: 0.6113(0.5425-0.6852), test B-acc: 0.5556(0.5000-0.6250)
[2025-01-18 23:43:33,141][INFO] Epoch[10/80], train AUC: 0.8657(0.7846-0.9251), test AUC: 0.7714(0.6498-0.8699)
[2025-01-18 23:45:34,651][INFO] Epoch[11/80], loss:0.9977, CE loss:0.3941, info NCE loss:0.6037
[2025-01-18 23:45:34,651][INFO] Epoch[11/80], train B-acc: 0.6257(0.5568-0.6956), test B-acc: 0.5769(0.5192-0.6607)
[2025-01-18 23:45:34,652][INFO] Epoch[11/80], train AUC: 0.8731(0.7987-0.9294), test AUC: 0.7823(0.6694-0.8879)
[2025-01-18 23:47:36,379][INFO] Epoch[12/80], loss:0.9925, CE loss:0.3894, info NCE loss:0.6031
[2025-01-18 23:47:36,380][INFO] Epoch[12/80], train B-acc: 0.6405(0.5692-0.7161), test B-acc: 0.5556(0.5000-0.6200)
[2025-01-18 23:47:36,380][INFO] Epoch[12/80], train AUC: 0.8850(0.8109-0.9377), test AUC: 0.7928(0.6811-0.8803)
[2025-01-18 23:49:37,859][INFO] Epoch[13/80], loss:0.9875, CE loss:0.3848, info NCE loss:0.6027
[2025-01-18 23:49:37,859][INFO] Epoch[13/80], train B-acc: 0.6751(0.6027-0.7557), test B-acc: 0.6129(0.5370-0.7000)
[2025-01-18 23:49:37,860][INFO] Epoch[13/80], train AUC: 0.8884(0.8161-0.9428), test AUC: 0.8022(0.6877-0.8938)
[2025-01-18 23:51:39,992][INFO] Epoch[14/80], loss:0.9821, CE loss:0.3798, info NCE loss:0.6022
[2025-01-18 23:51:39,992][INFO] Epoch[14/80], train B-acc: 0.6667(0.5908-0.7424), test B-acc: 0.5741(0.5161-0.6500)
[2025-01-18 23:51:39,993][INFO] Epoch[14/80], train AUC: 0.9003(0.8276-0.9521), test AUC: 0.8043(0.6917-0.9011)
[2025-01-18 23:53:43,026][INFO] Epoch[15/80], loss:0.9776, CE loss:0.3759, info NCE loss:0.6017
[2025-01-18 23:53:43,027][INFO] Epoch[15/80], train B-acc: 0.7027(0.6273-0.7909), test B-acc: 0.6346(0.5556-0.7200)
[2025-01-18 23:53:43,027][INFO] Epoch[15/80], train AUC: 0.9047(0.8329-0.9567), test AUC: 0.8154(0.7029-0.9090)
[2025-01-18 23:55:44,483][INFO] Epoch[16/80], loss:0.9728, CE loss:0.3714, info NCE loss:0.6013
[2025-01-18 23:55:44,483][INFO] Epoch[16/80], train B-acc: 0.7076(0.6268-0.7835), test B-acc: 0.6111(0.5400-0.7059)
[2025-01-18 23:55:44,483][INFO] Epoch[16/80], train AUC: 0.9107(0.8500-0.9626), test AUC: 0.8200(0.7003-0.9127)
[2025-01-18 23:57:45,209][INFO] Epoch[17/80], loss:0.9680, CE loss:0.3670, info NCE loss:0.6010
[2025-01-18 23:57:45,209][INFO] Epoch[17/80], train B-acc: 0.7064(0.6375-0.7835), test B-acc: 0.6538(0.5652-0.7500)
[2025-01-18 23:57:45,210][INFO] Epoch[17/80], train AUC: 0.9167(0.8510-0.9614), test AUC: 0.8289(0.7159-0.9106)
[2025-01-18 23:59:46,920][INFO] Epoch[18/80], loss:0.9633, CE loss:0.3627, info NCE loss:0.6006
[2025-01-18 23:59:46,920][INFO] Epoch[18/80], train B-acc: 0.7065(0.6256-0.7890), test B-acc: 0.6522(0.5682-0.7500)
[2025-01-18 23:59:46,920][INFO] Epoch[18/80], train AUC: 0.9221(0.8585-0.9649), test AUC: 0.8304(0.7124-0.9163)
[2025-01-19 00:01:49,363][INFO] Epoch[19/80], loss:0.9593, CE loss:0.3591, info NCE loss:0.6002
[2025-01-19 00:01:49,363][INFO] Epoch[19/80], train B-acc: 0.7069(0.6259-0.7894), test B-acc: 0.6719(0.5789-0.7727)
[2025-01-19 00:01:49,364][INFO] Epoch[19/80], train AUC: 0.9258(0.8611-0.9716), test AUC: 0.8331(0.7227-0.9205)
[2025-01-19 00:03:51,506][INFO] Epoch[20/80], loss:0.9555, CE loss:0.3558, info NCE loss:0.5997
[2025-01-19 00:03:51,506][INFO] Epoch[20/80], train B-acc: 0.7310(0.6504-0.8127), test B-acc: 0.6905(0.6042-0.7885)
[2025-01-19 00:03:51,507][INFO] Epoch[20/80], train AUC: 0.9304(0.8691-0.9690), test AUC: 0.8383(0.7282-0.9229)
[2025-01-19 00:05:54,682][INFO] Epoch[21/80], loss:0.9515, CE loss:0.3520, info NCE loss:0.5994
[2025-01-19 00:05:54,683][INFO] Epoch[21/80], train B-acc: 0.7209(0.6452-0.7969), test B-acc: 0.6538(0.5676-0.7414)
[2025-01-19 00:05:54,683][INFO] Epoch[21/80], train AUC: 0.9356(0.8731-0.9749), test AUC: 0.8391(0.7313-0.9221)
[2025-01-19 00:07:54,600][INFO] Epoch[22/80], loss:0.9481, CE loss:0.3491, info NCE loss:0.5990
[2025-01-19 00:07:54,600][INFO] Epoch[22/80], train B-acc: 0.7669(0.6862-0.8462), test B-acc: 0.7115(0.6111-0.8077)
[2025-01-19 00:07:54,600][INFO] Epoch[22/80], train AUC: 0.9398(0.8791-0.9763), test AUC: 0.8393(0.7377-0.9257)
[2025-01-19 00:09:55,104][INFO] Epoch[23/80], loss:0.9452, CE loss:0.3465, info NCE loss:0.5987
[2025-01-19 00:09:55,104][INFO] Epoch[23/80], train B-acc: 0.7684(0.6859-0.8535), test B-acc: 0.7115(0.6136-0.8148)
[2025-01-19 00:09:55,104][INFO] Epoch[23/80], train AUC: 0.9420(0.8879-0.9795), test AUC: 0.8476(0.7328-0.9246)
[2025-01-19 00:11:54,553][INFO] Epoch[24/80], loss:0.9419, CE loss:0.3436, info NCE loss:0.5982
[2025-01-19 00:11:54,554][INFO] Epoch[24/80], train B-acc: 0.7452(0.6645-0.8225), test B-acc: 0.7105(0.6167-0.8043)
[2025-01-19 00:11:54,554][INFO] Epoch[24/80], train AUC: 0.9467(0.8927-0.9807), test AUC: 0.8487(0.7493-0.9310)
[2025-01-19 00:13:53,966][INFO] Epoch[25/80], loss:0.9379, CE loss:0.3401, info NCE loss:0.5978
[2025-01-19 00:13:53,976][INFO] Epoch[25/80], train B-acc: 0.7736(0.6913-0.8507), test B-acc: 0.7083(0.6190-0.8056)
[2025-01-19 00:13:53,976][INFO] Epoch[25/80], train AUC: 0.9513(0.9021-0.9828), test AUC: 0.8498(0.7321-0.9319)
[2025-01-19 00:15:54,207][INFO] Epoch[26/80], loss:0.9343, CE loss:0.3369, info NCE loss:0.5974
[2025-01-19 00:15:54,207][INFO] Epoch[26/80], train B-acc: 0.7953(0.7169-0.8760), test B-acc: 0.7250(0.6296-0.8261)
[2025-01-19 00:15:54,218][INFO] Epoch[26/80], train AUC: 0.9533(0.8993-0.9865), test AUC: 0.8526(0.7563-0.9286)
[2025-01-19 00:17:54,504][INFO] Epoch[27/80], loss:0.9312, CE loss:0.3341, info NCE loss:0.5971
[2025-01-19 00:17:54,504][INFO] Epoch[27/80], train B-acc: 0.7943(0.7126-0.8716), test B-acc: 0.7431(0.6410-0.8421)
[2025-01-19 00:17:54,504][INFO] Epoch[27/80], train AUC: 0.9562(0.9050-0.9862), test AUC: 0.8576(0.7617-0.9376)
[2025-01-19 00:19:53,165][INFO] Epoch[28/80], loss:0.9277, CE loss:0.3311, info NCE loss:0.5966
[2025-01-19 00:19:53,166][INFO] Epoch[28/80], train B-acc: 0.7964(0.7116-0.8710), test B-acc: 0.7431(0.6500-0.8462)
[2025-01-19 00:19:53,166][INFO] Epoch[28/80], train AUC: 0.9593(0.9095-0.9870), test AUC: 0.8576(0.7529-0.9397)
[2025-01-19 00:21:51,432][INFO] Epoch[29/80], loss:0.9253, CE loss:0.3291, info NCE loss:0.5962
[2025-01-19 00:21:51,432][INFO] Epoch[29/80], train B-acc: 0.8250(0.7442-0.8948), test B-acc: 0.7431(0.6413-0.8364)
[2025-01-19 00:21:51,432][INFO] Epoch[29/80], train AUC: 0.9605(0.9138-0.9882), test AUC: 0.8625(0.7708-0.9331)
[2025-01-19 00:23:51,272][INFO] Epoch[30/80], loss:0.9222, CE loss:0.3264, info NCE loss:0.5958
[2025-01-19 00:23:51,272][INFO] Epoch[30/80], train B-acc: 0.8316(0.7524-0.9080), test B-acc: 0.7618(0.6606-0.8566)
[2025-01-19 00:23:51,272][INFO] Epoch[30/80], train AUC: 0.9644(0.9176-0.9910), test AUC: 0.8629(0.7588-0.9397)
[2025-01-19 00:25:50,282][INFO] Epoch[31/80], loss:0.9193, CE loss:0.3240, info NCE loss:0.5954
[2025-01-19 00:25:50,282][INFO] Epoch[31/80], train B-acc: 0.8353(0.7568-0.9108), test B-acc: 0.7407(0.6413-0.8394)
[2025-01-19 00:25:50,282][INFO] Epoch[31/80], train AUC: 0.9674(0.9292-0.9918), test AUC: 0.8611(0.7589-0.9409)
[2025-01-19 00:27:50,639][INFO] Epoch[32/80], loss:0.9164, CE loss:0.3215, info NCE loss:0.5950
[2025-01-19 00:27:50,640][INFO] Epoch[32/80], train B-acc: 0.8238(0.7370-0.8954), test B-acc: 0.7391(0.6467-0.8393)
[2025-01-19 00:27:50,640][INFO] Epoch[32/80], train AUC: 0.9685(0.9289-0.9914), test AUC: 0.8628(0.7609-0.9355)
[2025-01-19 00:29:49,624][INFO] Epoch[33/80], loss:0.9131, CE loss:0.3186, info NCE loss:0.5945
[2025-01-19 00:29:49,625][INFO] Epoch[33/80], train B-acc: 0.8328(0.7563-0.9054), test B-acc: 0.7456(0.6527-0.8438)
[2025-01-19 00:29:49,625][INFO] Epoch[33/80], train AUC: 0.9710(0.9298-0.9929), test AUC: 0.8698(0.7776-0.9393)
[2025-01-19 00:31:49,748][INFO] Epoch[34/80], loss:0.9109, CE loss:0.3168, info NCE loss:0.5941
[2025-01-19 00:31:49,748][INFO] Epoch[34/80], train B-acc: 0.8370(0.7571-0.9091), test B-acc: 0.7643(0.6674-0.8595)
[2025-01-19 00:31:49,750][INFO] Epoch[34/80], train AUC: 0.9734(0.9313-0.9941), test AUC: 0.8656(0.7698-0.9439)
[2025-01-19 00:33:49,538][INFO] Epoch[35/80], loss:0.9079, CE loss:0.3142, info NCE loss:0.5937
[2025-01-19 00:33:49,538][INFO] Epoch[35/80], train B-acc: 0.8468(0.7737-0.9222), test B-acc: 0.7586(0.6657-0.8637)
[2025-01-19 00:33:49,539][INFO] Epoch[35/80], train AUC: 0.9748(0.9388-0.9962), test AUC: 0.8679(0.7651-0.9407)
[2025-01-19 00:35:47,973][INFO] Epoch[36/80], loss:0.9058, CE loss:0.3125, info NCE loss:0.5933
[2025-01-19 00:35:47,973][INFO] Epoch[36/80], train B-acc: 0.8757(0.7980-0.9396), test B-acc: 0.7686(0.6678-0.8625)
[2025-01-19 00:35:47,974][INFO] Epoch[36/80], train AUC: 0.9763(0.9373-0.9956), test AUC: 0.8690(0.7778-0.9472)
[2025-01-19 00:37:46,762][INFO] Epoch[37/80], loss:0.9030, CE loss:0.3102, info NCE loss:0.5928
[2025-01-19 00:37:46,762][INFO] Epoch[37/80], train B-acc: 0.8612(0.7902-0.9312), test B-acc: 0.7742(0.6718-0.8703)
[2025-01-19 00:37:46,763][INFO] Epoch[37/80], train AUC: 0.9772(0.9447-0.9962), test AUC: 0.8649(0.7623-0.9459)
[2025-01-19 00:39:44,487][INFO] Epoch[38/80], loss:0.9001, CE loss:0.3077, info NCE loss:0.5924
[2025-01-19 00:39:44,487][INFO] Epoch[38/80], train B-acc: 0.8625(0.7880-0.9358), test B-acc: 0.7727(0.6756-0.8667)
[2025-01-19 00:39:44,488][INFO] Epoch[38/80], train AUC: 0.9793(0.9455-0.9969), test AUC: 0.8645(0.7659-0.9417)
[2025-01-19 00:41:42,975][INFO] Epoch[39/80], loss:0.8977, CE loss:0.3058, info NCE loss:0.5919
[2025-01-19 00:41:42,975][INFO] Epoch[39/80], train B-acc: 0.8874(0.8135-0.9480), test B-acc: 0.7690(0.6667-0.8683)
[2025-01-19 00:41:42,976][INFO] Epoch[39/80], train AUC: 0.9795(0.9489-0.9971), test AUC: 0.8673(0.7745-0.9475)
[2025-01-19 00:43:41,251][INFO] Epoch[40/80], loss:0.8951, CE loss:0.3036, info NCE loss:0.5915
[2025-01-19 00:43:41,252][INFO] Epoch[40/80], train B-acc: 0.8768(0.8055-0.9383), test B-acc: 0.7708(0.6728-0.8667)
[2025-01-19 00:43:41,252][INFO] Epoch[40/80], train AUC: 0.9820(0.9517-0.9977), test AUC: 0.8721(0.7762-0.9476)
[2025-01-19 00:45:39,609][INFO] Epoch[41/80], loss:0.8933, CE loss:0.3020, info NCE loss:0.5913
[2025-01-19 00:45:39,609][INFO] Epoch[41/80], train B-acc: 0.8776(0.8088-0.9451), test B-acc: 0.7762(0.6739-0.8733)
[2025-01-19 00:45:39,609][INFO] Epoch[41/80], train AUC: 0.9824(0.9546-0.9982), test AUC: 0.8701(0.7821-0.9458)
[2025-01-19 00:47:38,602][INFO] Epoch[42/80], loss:0.8911, CE loss:0.3003, info NCE loss:0.5908
[2025-01-19 00:47:38,603][INFO] Epoch[42/80], train B-acc: 0.9297(0.8658-0.9808), test B-acc: 0.7994(0.7024-0.8867)
[2025-01-19 00:47:38,603][INFO] Epoch[42/80], train AUC: 0.9826(0.9532-0.9984), test AUC: 0.8703(0.7717-0.9434)
[2025-01-19 00:49:36,862][INFO] Epoch[43/80], loss:0.8891, CE loss:0.2987, info NCE loss:0.5903
[2025-01-19 00:49:36,862][INFO] Epoch[43/80], train B-acc: 0.9421(0.8860-0.9835), test B-acc: 0.8006(0.7000-0.8903)
[2025-01-19 00:49:36,863][INFO] Epoch[43/80], train AUC: 0.9846(0.9606-0.9983), test AUC: 0.8716(0.7733-0.9420)
[2025-01-19 00:51:36,149][INFO] Epoch[44/80], loss:0.8881, CE loss:0.2980, info NCE loss:0.5901
[2025-01-19 00:51:36,150][INFO] Epoch[44/80], train B-acc: 0.9289(0.8688-0.9765), test B-acc: 0.8024(0.7024-0.8895)
[2025-01-19 00:51:36,150][INFO] Epoch[44/80], train AUC: 0.9860(0.9606-0.9987), test AUC: 0.8696(0.7692-0.9419)
[2025-01-19 00:53:35,809][INFO] Epoch[45/80], loss:0.8844, CE loss:0.2949, info NCE loss:0.5896
[2025-01-19 00:53:35,810][INFO] Epoch[45/80], train B-acc: 0.9434(0.8840-0.9869), test B-acc: 0.8024(0.6970-0.8904)
[2025-01-19 00:53:35,811][INFO] Epoch[45/80], train AUC: 0.9873(0.9630-0.9991), test AUC: 0.8713(0.7648-0.9468)
[2025-01-19 00:55:35,417][INFO] Epoch[46/80], loss:0.8828, CE loss:0.2936, info NCE loss:0.5892
[2025-01-19 00:55:35,418][INFO] Epoch[46/80], train B-acc: 0.9324(0.8707-0.9773), test B-acc: 0.7614(0.6577-0.8625)
[2025-01-19 00:55:35,419][INFO] Epoch[46/80], train AUC: 0.9882(0.9677-0.9990), test AUC: 0.8689(0.7793-0.9431)
[2025-01-19 00:57:34,206][INFO] Epoch[47/80], loss:0.8807, CE loss:0.2918, info NCE loss:0.5889
[2025-01-19 00:57:34,206][INFO] Epoch[47/80], train B-acc: 0.9421(0.8840-0.9835), test B-acc: 0.7994(0.7063-0.8969)
[2025-01-19 00:57:34,207][INFO] Epoch[47/80], train AUC: 0.9882(0.9683-0.9991), test AUC: 0.8696(0.7782-0.9470)
[2025-01-19 00:59:33,280][INFO] Epoch[48/80], loss:0.8791, CE loss:0.2906, info NCE loss:0.5885
[2025-01-19 00:59:33,282][INFO] Epoch[48/80], train B-acc: 0.9550(0.9040-0.9933), test B-acc: 0.7963(0.6959-0.8902)
[2025-01-19 00:59:33,282][INFO] Epoch[48/80], train AUC: 0.9891(0.9700-0.9994), test AUC: 0.8736(0.7742-0.9480)
[2025-01-19 01:01:31,805][INFO] Epoch[49/80], loss:0.8771, CE loss:0.2890, info NCE loss:0.5882
[2025-01-19 01:01:31,805][INFO] Epoch[49/80], train B-acc: 0.9681(0.9289-0.9977), test B-acc: 0.7874(0.6894-0.8909)
[2025-01-19 01:01:31,806][INFO] Epoch[49/80], train AUC: 0.9893(0.9714-0.9992), test AUC: 0.8725(0.7747-0.9476)
[2025-01-19 01:03:30,152][INFO] Epoch[50/80], loss:0.8750, CE loss:0.2871, info NCE loss:0.5879
[2025-01-19 01:03:30,153][INFO] Epoch[50/80], train B-acc: 0.9572(0.9079-0.9954), test B-acc: 0.8004(0.6978-0.8938)
[2025-01-19 01:03:30,153][INFO] Epoch[50/80], train AUC: 0.9903(0.9741-0.9991), test AUC: 0.8695(0.7723-0.9441)
[2025-01-19 01:05:28,887][INFO] Epoch[51/80], loss:0.8733, CE loss:0.2857, info NCE loss:0.5876
[2025-01-19 01:05:28,887][INFO] Epoch[51/80], train B-acc: 0.9691(0.9266-0.9957), test B-acc: 0.7958(0.6937-0.8895)
[2025-01-19 01:05:28,887][INFO] Epoch[51/80], train AUC: 0.9918(0.9785-0.9994), test AUC: 0.8724(0.7787-0.9475)
[2025-01-19 01:07:26,891][INFO] Epoch[52/80], loss:0.8716, CE loss:0.2843, info NCE loss:0.5872
[2025-01-19 01:07:26,891][INFO] Epoch[52/80], train B-acc: 0.9691(0.9241-0.9957), test B-acc: 0.7967(0.6951-0.8906)
[2025-01-19 01:07:26,891][INFO] Epoch[52/80], train AUC: 0.9922(0.9772-0.9994), test AUC: 0.8706(0.7682-0.9427)
[2025-01-19 01:08:22,960][INFO] Epoch 53 retry 1 of 5, loss did not decrease.
[2025-01-19 01:10:21,853][INFO] Epoch[53/80], loss:0.8703, CE loss:0.2833, info NCE loss:0.5870
[2025-01-19 01:10:21,854][INFO] Epoch[53/80], train B-acc: 0.9691(0.9256-0.9977), test B-acc: 0.8001(0.7067-0.8869)
[2025-01-19 01:10:21,854][INFO] Epoch[53/80], train AUC: 0.9933(0.9815-0.9995), test AUC: 0.8711(0.7818-0.9448)
[2025-01-19 01:12:21,692][INFO] Epoch[54/80], loss:0.8677, CE loss:0.2812, info NCE loss:0.5865
[2025-01-19 01:12:21,692][INFO] Epoch[54/80], train B-acc: 0.9688(0.9252-0.9956), test B-acc: 0.8002(0.6998-0.8938)
[2025-01-19 01:12:21,693][INFO] Epoch[54/80], train AUC: 0.9933(0.9817-0.9995), test AUC: 0.8742(0.7812-0.9442)
[2025-01-19 01:14:21,100][INFO] Epoch[55/80], loss:0.8654, CE loss:0.2793, info NCE loss:0.5861
[2025-01-19 01:14:21,100][INFO] Epoch[55/80], train B-acc: 0.9714(0.9238-0.9978), test B-acc: 0.7936(0.6903-0.8893)
[2025-01-19 01:14:21,102][INFO] Epoch[55/80], train AUC: 0.9943(0.9831-0.9995), test AUC: 0.8715(0.7765-0.9456)
[2025-01-19 01:16:21,043][INFO] Epoch[56/80], loss:0.8646, CE loss:0.2786, info NCE loss:0.5860
[2025-01-19 01:16:21,044][INFO] Epoch[56/80], train B-acc: 0.9684(0.9268-0.9956), test B-acc: 0.7963(0.6983-0.8969)
[2025-01-19 01:16:21,044][INFO] Epoch[56/80], train AUC: 0.9944(0.9854-0.9996), test AUC: 0.8711(0.7780-0.9493)
[2025-01-19 01:18:19,977][INFO] Epoch[57/80], loss:0.8631, CE loss:0.2774, info NCE loss:0.5857
[2025-01-19 01:18:19,978][INFO] Epoch[57/80], train B-acc: 0.9658(0.9234-0.9954), test B-acc: 0.7991(0.6958-0.8883)
[2025-01-19 01:18:19,978][INFO] Epoch[57/80], train AUC: 0.9953(0.9869-0.9999), test AUC: 0.8690(0.7691-0.9447)
[2025-01-19 01:20:18,419][INFO] Epoch[58/80], loss:0.8611, CE loss:0.2757, info NCE loss:0.5854
[2025-01-19 01:20:18,419][INFO] Epoch[58/80], train B-acc: 0.9714(0.9291-0.9978), test B-acc: 0.8024(0.7000-0.8940)
[2025-01-19 01:20:18,419][INFO] Epoch[58/80], train AUC: 0.9958(0.9873-0.9998), test AUC: 0.8755(0.7768-0.9510)
[2025-01-19 01:22:16,509][INFO] Epoch[59/80], loss:0.8600, CE loss:0.2748, info NCE loss:0.5852
[2025-01-19 01:22:16,510][INFO] Epoch[59/80], train B-acc: 0.9707(0.9268-0.9978), test B-acc: 0.8000(0.6985-0.8827)
[2025-01-19 01:22:16,510][INFO] Epoch[59/80], train AUC: 0.9964(0.9901-0.9999), test AUC: 0.8701(0.7733-0.9422)
[2025-01-19 01:24:15,464][INFO] Epoch[60/80], loss:0.8584, CE loss:0.2735, info NCE loss:0.5849
[2025-01-19 01:24:15,465][INFO] Epoch[60/80], train B-acc: 0.9707(0.9271-0.9978), test B-acc: 0.8000(0.6984-0.8957)
[2025-01-19 01:2[2025-01-19 06:02:53,650][INFO] Epoch[61/80], loss:0.8574, CE loss:0.2727, info NCE loss:0.5847
[2025-01-19 06:02:53,651][INFO] Epoch[61/80], train B-acc: 0.9641(0.9199-0.9911), test B-acc: 0.7937(0.6840-0.8856)
[2025-01-19 06:02:53,652][INFO] Epoch[61/80], train AUC: 0.9971(0.9908-1.0000), test AUC: 0.8714(0.7725-0.9480)
[2025-01-19 06:04:59,142][INFO] Epoch[62/80], loss:0.8567, CE loss:0.2720, info NCE loss:0.5847
[2025-01-19 06:04:59,143][INFO] Epoch[62/80], train B-acc: 0.9707(0.9265-0.9978), test B-acc: 0.7933(0.6963-0.8812)
[2025-01-19 06:04:59,143][INFO] Epoch[62/80], train AUC: 0.9974(0.9923-1.0000), test AUC: 0.8710(0.7748-0.9405)
[2025-01-19 06:06:58,183][INFO] Epoch[63/80], loss:0.8561, CE loss:0.2717, info NCE loss:0.5844
[2025-01-19 06:06:58,183][INFO] Epoch[63/80], train B-acc: 0.9641(0.9180-0.9933), test B-acc: 0.7959(0.6864-0.8914)
[2025-01-19 06:06:58,184][INFO] Epoch[63/80], train AUC: 0.9974(0.9920-1.0000), test AUC: 0.8727(0.7746-0.9518)
[2025-01-19 06:08:55,917][INFO] Epoch[64/80], loss:0.8541, CE loss:0.2699, info NCE loss:0.5842
[2025-01-19 06:08:55,917][INFO] Epoch[64/80], train B-acc: 0.9691(0.9252-0.9977), test B-acc: 0.8004(0.7002-0.8923)
[2025-01-19 06:08:55,917][INFO] Epoch[64/80], train AUC: 0.9979(0.9934-1.0000), test AUC: 0.8701(0.7757-0.9428)
[2025-01-19 06:10:53,921][INFO] Epoch[65/80], loss:0.8526, CE loss:0.2687, info NCE loss:0.5839
[2025-01-19 06:10:53,921][INFO] Epoch[65/80], train B-acc: 0.9677(0.9222-0.9977), test B-acc: 0.7950(0.7050-0.8933)
[2025-01-19 06:10:53,921][INFO] Epoch[65/80], train AUC: 0.9985(0.9949-1.0000), test AUC: 0.8684(0.7812-0.9449)
[2025-01-19 06:12:50,843][INFO] Epoch[66/80], loss:0.8522, CE loss:0.2685, info NCE loss:0.5837
[2025-01-19 06:12:50,843][INFO] Epoch[66/80], train B-acc: 0.9671(0.9272-0.9954), test B-acc: 0.7922(0.6952-0.8860)
[2025-01-19 06:12:50,843][INFO] Epoch[66/80], train AUC: 0.9986(0.9955-1.0000), test AUC: 0.8728(0.7765-0.9447)
[2025-01-19 06:14:48,217][INFO] Epoch[67/80], loss:0.8501, CE loss:0.2667, info NCE loss:0.5834
[2025-01-19 06:14:48,219][INFO] Epoch[67/80], train B-acc: 0.9656(0.9220-0.9954), test B-acc: 0.7853(0.6842-0.8786)
[2025-01-19 06:14:48,219][INFO] Epoch[67/80], train AUC: 0.9990(0.9961-1.0000), test AUC: 0.8711(0.7737-0.9446)
[2025-01-19 06:16:45,538][INFO] Epoch[68/80], loss:0.8491, CE loss:0.2658, info NCE loss:0.5833
[2025-01-19 06:16:45,538][INFO] Epoch[68/80], train B-acc: 0.9692(0.9268-0.9977), test B-acc: 0.8018(0.7024-0.8934)
[2025-01-19 06:16:45,539][INFO] Epoch[68/80], train AUC: 0.9990(0.9962-1.0000), test AUC: 0.8736(0.7728-0.9469)
[2025-01-19 06:18:42,769][INFO] Epoch[69/80], loss:0.8491, CE loss:0.2658, info NCE loss:0.5832
[2025-01-19 06:18:42,770][INFO] Epoch[69/80], train B-acc: 0.9887(0.9778-0.9977), test B-acc: 0.7948(0.6933-0.8828)
[2025-01-19 06:18:42,770][INFO] Epoch[69/80], train AUC: 0.9989(0.9958-1.0000), test AUC: 0.8691(0.7657-0.9427)
[2025-01-19 06:20:41,565][INFO] Epoch[70/80], loss:0.8474, CE loss:0.2644, info NCE loss:0.5830
[2025-01-19 06:20:41,566][INFO] Epoch[70/80], train B-acc: 0.9691(0.9245-0.9977), test B-acc: 0.8028(0.7014-0.8950)
[2025-01-19 06:20:41,566][INFO] Epoch[70/80], train AUC: 0.9989(0.9960-1.0000), test AUC: 0.8732(0.7714-0.9444)
[2025-01-19 06:22:42,032][INFO] Epoch[71/80], loss:0.8462, CE loss:0.2633, info NCE loss:0.5828
[2025-01-19 06:22:42,032][INFO] Epoch[71/80], train B-acc: 0.9669(0.9220-0.9955), test B-acc: 0.7840(0.6905-0.8762)
[2025-01-19 06:22:42,032][INFO] Epoch[71/80], train AUC: 0.9989(0.9961-1.0000), test AUC: 0.8684(0.7719-0.9459)
[2025-01-19 06:24:42,533][INFO] Epoch[72/80], loss:0.8453, CE loss:0.2627, info NCE loss:0.5826
[2025-01-19 06:24:42,534][INFO] Epoch[72/80], train B-acc: 0.9887(0.9784-0.9977), test B-acc: 0.7902(0.6908-0.8825)
[2025-01-19 06:24:42,534][INFO] Epoch[72/80], train AUC: 0.9993(0.9969-1.0000), test AUC: 0.8745(0.7679-0.9481)
[2025-01-19 06:26:43,533][INFO] Epoch[73/80], loss:0.8441, CE loss:0.2617, info NCE loss:0.5824
[2025-01-19 06:26:43,533][INFO] Epoch[73/80], train B-acc: 0.9910(0.9815-0.9978), test B-acc: 0.7867(0.6834-0.8838)
[2025-01-19 06:26:43,533][INFO] Epoch[73/80], train AUC: 0.9993(0.9967-1.0000), test AUC: 0.8730(0.7768-0.9443)
[2025-01-19 06:28:44,406][INFO] Epoch[74/80], loss:0.8436, CE loss:0.2612, info NCE loss:0.5823
[2025-01-19 06:28:44,406][INFO] Epoch[74/80], train B-acc: 0.9910(0.9817-0.9978), test B-acc: 0.7875(0.6919-0.8839)
[2025-01-19 06:28:44,406][INFO] Epoch[74/80], train AUC: 0.9992(0.9968-1.0000), test AUC: 0.8740(0.7808-0.9499)
[2025-01-19 06:30:44,578][INFO] Epoch[75/80], loss:0.8430, CE loss:0.2608, info NCE loss:0.5822
[2025-01-19 06:30:44,578][INFO] Epoch[75/80], train B-acc: 0.9888(0.9790-0.9977), test B-acc: 0.7933(0.6867-0.8800)
[2025-01-19 06:30:44,578][INFO] Epoch[75/80], train AUC: 0.9993(0.9970-1.0000), test AUC: 0.8724(0.7773-0.9413)
[2025-01-19 06:32:44,980][INFO] Epoch[76/80], loss:0.8420, CE loss:0.2600, info NCE loss:0.5820
[2025-01-19 06:32:44,980][INFO] Epoch[76/80], train B-acc: 0.9887(0.9778-0.9977), test B-acc: 0.7785(0.6733-0.8691)
[2025-01-19 06:32:44,980][INFO] Epoch[76/80], train AUC: 0.9993(0.9967-1.0000), test AUC: 0.8707(0.7733-0.9444)
[2025-01-19 06:34:45,316][INFO] Epoch[77/80], loss:0.8410, CE loss:0.2591, info NCE loss:0.5818
[2025-01-19 06:34:45,317][INFO] Epoch[77/80], train B-acc: 0.9888(0.9783-0.9977), test B-acc: 0.7843(0.6766-0.8716)
[2025-01-19 06:34:45,317][INFO] Epoch[77/80], train AUC: 0.9992(0.9968-1.0000), test AUC: 0.8758(0.7775-0.9464)
[2025-01-19 06:36:45,868][INFO] Epoch[78/80], loss:0.8402, CE loss:0.2583, info NCE loss:0.5818
[2025-01-19 06:36:45,868][INFO] Epoch[78/80], train B-acc: 0.9865(0.9749-0.9955), test B-acc: 0.8091(0.7193-0.8933)
[2025-01-19 06:36:45,868][INFO] Epoch[78/80], train AUC: 0.9994(0.9971-1.0000), test AUC: 0.8725(0.7776-0.9388)
[2025-01-19 06:38:46,284][INFO] Epoch[79/80], loss:0.8398, CE loss:0.2582, info NCE loss:0.5816
[2025-01-19 06:38:46,285][INFO] Epoch[79/80], train B-acc: 0.9886(0.9776-0.9977), test B-acc: 0.7927(0.6929-0.8828)
[2025-01-19 06:38:46,285][INFO] Epoch[79/80], train AUC: 0.9993(0.9968-1.0000), test AUC: 0.8717(0.7732-0.9461)
[2025-01-19 06:40:49,790][INFO] Epoch[80/80], loss:0.8375, CE loss:0.2563, info NCE loss:0.5812
[2025-01-19 06:40:49,791][INFO] Epoch[80/80], train B-acc: 0.9865(0.9750-0.9955), test B-acc: 0.7894(0.6894-0.8817)
[2025-01-19 06:40:49,791][INFO] Epoch[80/80], train AUC: 0.9994(0.9972-1.0000), test AUC: 0.8672(0.7749-0.9452)
