[2024-12-27 12:31:29,177][INFO] Running PROJECT: CRC-DX, P LEARNING RATE: 0.001, OPTIMIZER: ADAMW, NUM EPOCHS: 15, BATCH SIZE: 2048, DEVICES: cuda, SMOOTHING: 0.1
[2024-12-27 12:31:29,177][INFO] params["in_chans"]=[200, 16]
[2024-12-27 12:31:29,177][INFO] params["dims"]=[512, 512]
[2024-12-27 12:31:29,177][INFO] params["out_chans"]=[16, 8]
[2024-12-27 12:31:29,178][INFO] params["heads"]=[8, 4]
[2024-12-27 12:31:29,178][INFO] params["dropout"]=[0.8, 0.4, 0.4]
[2024-12-27 12:34:50,023][INFO] Epoch[1/15], loss:1.5875, CE loss:0.9273 , info NCE loss:7.5296
[2024-12-27 12:34:50,024][INFO] Epoch[1/15], train B-acc: 0.5000(0.5000-0.5000), test B-acc: 0.5000(0.5000-0.5000)
[2024-12-27 12:34:50,024][INFO] Epoch[1/15], train AUC: 0.7459(0.6477-0.8298), test AUC: 0.6632(0.5214-0.7939)
[2024-12-27 12:36:46,862][INFO] Epoch[2/15], loss:1.1797, CE loss:0.5123 , info NCE loss:7.1868
[2024-12-27 12:36:46,863][INFO] Epoch[2/15], train B-acc: 0.6316(0.5555-0.7111), test B-acc: 0.6575(0.5589-0.7522)
[2024-12-27 12:36:46,863][INFO] Epoch[2/15], train AUC: 0.7804(0.6943-0.8664), test AUC: 0.7160(0.5815-0.8333)
[2024-12-27 12:38:42,871][INFO] Epoch[3/15], loss:1.0630, CE loss:0.4499 , info NCE loss:6.5811
[2024-12-27 12:38:42,872][INFO] Epoch[3/15], train B-acc: 0.5590(0.5123-0.6175), test B-acc: 0.5357(0.5000-0.5962)
[2024-12-27 12:38:42,872][INFO] Epoch[3/15], train AUC: 0.7933(0.7064-0.8756), test AUC: 0.7116(0.5861-0.8280)
[2024-12-27 12:40:33,484][INFO] Epoch[4/15], loss:1.0218, CE loss:0.4207 , info NCE loss:6.4324
[2024-12-27 12:40:33,484][INFO] Epoch[4/15], train B-acc: 0.5595(0.5107-0.6182), test B-acc: 0.5370(0.5000-0.5952)
[2024-12-27 12:40:33,486][INFO] Epoch[4/15], train AUC: 0.8141(0.7340-0.8858), test AUC: 0.7177(0.5881-0.8357)
[2024-12-27 12:42:20,674][INFO] Epoch[5/15], loss:1.0029, CE loss:0.4105 , info NCE loss:6.3351
[2024-12-27 12:42:20,674][INFO] Epoch[5/15], train B-acc: 0.6025(0.5412-0.6707), test B-acc: 0.5741(0.5000-0.6538)
[2024-12-27 12:42:20,674][INFO] Epoch[5/15], train AUC: 0.8394(0.7612-0.9045), test AUC: 0.7417(0.6058-0.8524)
