[2025-01-17 22:32:03,707][INFO] Running PROJECT: CRC-DX, P LEARNING RATE: 0.0001, OPTIMIZER: ADAMW, NUM EPOCHS: 100, BATCH SIZE: 2048, DEVICES: cuda, SMOOTHING: 0.1
[2025-01-17 22:32:03,708][INFO] params["in_chans"]=[200, 16]  python run_model.py --proj CRC-DX --num_epochs 100  --plr 1e-4  --smoothing 0.1 
[2025-01-17 22:32:03,708][INFO] params["dims"]=[512, 512]  温度参数为0.7
[2025-01-17 22:32:03,708][INFO] params["out_chans"]=[16, 8]
[2025-01-17 22:32:03,708][INFO] params["heads"]=[8, 4]
[2025-01-17 22:32:03,709][INFO] params["dropout"]=[0.8, 0.4, 0.4]
[2025-01-17 22:34:15,066][INFO] Epoch[1/100], loss:1.1091, CE loss:0.5023, info NCE loss:0.6067
[2025-01-17 22:34:15,077][INFO] Epoch[1/100], train B-acc: 0.5000(0.5000-0.5000), test B-acc: 0.5000(0.5000-0.5000)
[2025-01-17 22:34:15,077][INFO] Epoch[1/100], train AUC: 0.5618(0.4561-0.6639), test AUC: 0.6907(0.5629-0.8009)
[2025-01-17 22:36:27,903][INFO] Epoch[2/100], loss:1.0777, CE loss:0.4710, info NCE loss:0.6067
[2025-01-17 22:36:27,903][INFO] Epoch[2/100], train B-acc: 0.5000(0.5000-0.5000), test B-acc: 0.5000(0.5000-0.5000)
[2025-01-17 22:36:27,904][INFO] Epoch[2/100], train AUC: 0.6816(0.5746-0.7762), test AUC: 0.7157(0.5884-0.8300)
[2025-01-17 22:38:36,796][INFO] Epoch[3/100], loss:1.0619, CE loss:0.4552, info NCE loss:0.6067
[2025-01-17 22:38:36,797][INFO] Epoch[3/100], train B-acc: 0.5000(0.5000-0.5000), test B-acc: 0.5000(0.5000-0.5000)
[2025-01-17 22:38:36,797][INFO] Epoch[3/100], train AUC: 0.7304(0.6367-0.8208), test AUC: 0.7178(0.5889-0.8300)
[2025-01-17 22:40:48,965][INFO] Epoch[4/100], loss:1.0503, CE loss:0.4437, info NCE loss:0.6066
[2025-01-17 22:40:48,966][INFO] Epoch[4/100], train B-acc: 0.5000(0.5000-0.5000), test B-acc: 0.5000(0.5000-0.5000)
[2025-01-17 22:40:48,966][INFO] Epoch[4/100], train AUC: 0.7588(0.6684-0.8494), test AUC: 0.7088(0.5798-0.8223)
[2025-01-17 22:43:02,505][INFO] Epoch[5/100], loss:1.0406, CE loss:0.4342, info NCE loss:0.6064
[2025-01-17 22:43:02,505][INFO] Epoch[5/100], train B-acc: 0.5263(0.5000-0.5652), test B-acc: 0.5000(0.5000-0.5000)
[2025-01-17 22:43:02,507][INFO] Epoch[5/100], train AUC: 0.7814(0.6866-0.8629), test AUC: 0.7183(0.5947-0.8322)
[2025-01-17 22:45:12,640][INFO] Epoch[6/100], loss:1.0333, CE loss:0.4270, info NCE loss:0.6063
[2025-01-17 22:45:12,640][INFO] Epoch[6/100], train B-acc: 0.5385(0.5000-0.5857), test B-acc: 0.5185(0.5000-0.5645)
[2025-01-17 22:45:12,641][INFO] Epoch[6/100], train AUC: 0.8029(0.7160-0.8816), test AUC: 0.7221(0.5972-0.8378)
[2025-01-17 22:47:26,944][INFO] Epoch[7/100], loss:1.0260, CE loss:0.4199, info NCE loss:0.6061
[2025-01-17 22:47:26,945][INFO] Epoch[7/100], train B-acc: 0.5635(0.5125-0.6250), test B-acc: 0.5357(0.5000-0.6000)
[2025-01-17 22:47:26,945][INFO] Epoch[7/100], train AUC: 0.8257(0.7394-0.8952), test AUC: 0.7341(0.6144-0.8477)
[2025-01-17 22:49:40,203][INFO] Epoch[8/100], loss:1.0201, CE loss:0.4143, info NCE loss:0.6059
[2025-01-17 22:49:40,203][INFO] Epoch[8/100], train B-acc: 0.5588(0.5101-0.6180), test B-acc: 0.5556(0.5000-0.6250)
[2025-01-17 22:49:40,203][INFO] Epoch[8/100], train AUC: 0.8371(0.7564-0.9038), test AUC: 0.7528(0.6306-0.8613)
[2025-01-17 22:51:51,835][INFO] Epoch[9/100], loss:1.0133, CE loss:0.4077, info NCE loss:0.6056
[2025-01-17 22:51:51,836][INFO] Epoch[9/100], train B-acc: 0.5724(0.5204-0.6384), test B-acc: 0.5769(0.5185-0.6562)
[2025-01-17 22:51:51,836][INFO] Epoch[9/100], train AUC: 0.8518(0.7643-0.9185), test AUC: 0.7669(0.6467-0.8706)
[2025-01-17 22:54:02,609][INFO] Epoch[10/100], loss:1.0074, CE loss:0.4022, info NCE loss:0.6052
[2025-01-17 22:54:02,610][INFO] Epoch[10/100], train B-acc: 0.5833(0.5297-0.6547), test B-acc: 0.5962(0.5238-0.6800)
[2025-01-17 22:54:02,610][INFO] Epoch[10/100], train AUC: 0.8641(0.7847-0.9259), test AUC: 0.7744(0.6515-0.8730)
[2025-01-17 22:56:13,572][INFO] Epoch[11/100], loss:1.0009, CE loss:0.3961, info NCE loss:0.6048
[2025-01-17 22:56:13,572][INFO] Epoch[11/100], train B-acc: 0.6007(0.5383-0.6697), test B-acc: 0.5926(0.5227-0.6852)
[2025-01-17 22:56:13,572][INFO] Epoch[11/100], train AUC: 0.8746(0.8022-0.9332), test AUC: 0.7855(0.6677-0.8854)
[2025-01-17 22:58:23,127][INFO] Epoch[12/100], loss:0.9955, CE loss:0.3911, info NCE loss:0.6044
[2025-01-17 22:58:23,127][INFO] Epoch[12/100], train B-acc: 0.6396(0.5691-0.7140), test B-acc: 0.5938(0.5217-0.6750)
[2025-01-17 22:58:23,129][INFO] Epoch[12/100], train AUC: 0.8843(0.8097-0.9412), test AUC: 0.7961(0.6807-0.8938)
[2025-01-17 23:00:32,855][INFO] Epoch[13/100], loss:0.9901, CE loss:0.3862, info NCE loss:0.6039
[2025-01-17 23:00:32,856][INFO] Epoch[13/100], train B-acc: 0.6539(0.5772-0.7331), test B-acc: 0.5926(0.5250-0.6750)
[2025-01-17 23:00:32,856][INFO] Epoch[13/100], train AUC: 0.8887(0.8147-0.9440), test AUC: 0.7995(0.6763-0.9085)
[2025-01-17 23:02:43,516][INFO] Epoch[14/100], loss:0.9846, CE loss:0.3812, info NCE loss:0.6034
[2025-01-17 23:02:43,516][INFO] Epoch[14/100], train B-acc: 0.6787(0.6007-0.7628), test B-acc: 0.6364(0.5517-0.7250)
[2025-01-17 23:02:43,516][INFO] Epoch[14/100], train AUC: 0.8966(0.8254-0.9491), test AUC: 0.8086(0.6938-0.9033)
[2025-01-17 23:04:53,615][INFO] Epoch[15/100], loss:0.9787, CE loss:0.3758, info NCE loss:0.6029
[2025-01-17 23:04:53,616][INFO] Epoch[15/100], train B-acc: 0.6811(0.6041-0.7614), test B-acc: 0.6154(0.5385-0.7037)
[2025-01-17 23:04:53,616][INFO] Epoch[15/100], train AUC: 0.9061(0.8393-0.9549), test AUC: 0.8234(0.6965-0.9146)
[2025-01-17 23:07:03,476][INFO] Epoch[16/100], loss:0.9747, CE loss:0.3723, info NCE loss:0.6024
[2025-01-17 23:07:03,476][INFO] Epoch[16/100], train B-acc: 0.6935(0.6110-0.7720), test B-acc: 0.6724(0.5882-0.7727)
[2025-01-17 23:07:03,476][INFO] Epoch[16/100], train AUC: 0.9115(0.8438-0.9593), test AUC: 0.8280(0.7139-0.9201)
[2025-01-17 23:09:14,883][INFO] Epoch[17/100], loss:0.9693, CE loss:0.3674, info NCE loss:0.6019
[2025-01-17 23:09:14,883][INFO] Epoch[17/100], train B-acc: 0.6912(0.6191-0.7692), test B-acc: 0.6731(0.5833-0.7759)
[2025-01-17 23:09:14,884][INFO] Epoch[17/100], train AUC: 0.9168(0.8466-0.9615), test AUC: 0.8304(0.7147-0.9275)
[2025-01-17 23:11:26,172][INFO] Epoch[18/100], loss:0.9644, CE loss:0.3631, info NCE loss:0.6014
[2025-01-17 23:11:26,173][INFO] Epoch[18/100], train B-acc: 0.6903(0.6131-0.7651), test B-acc: 0.6731(0.5882-0.7679)
[2025-01-17 23:11:26,173][INFO] Epoch[18/100], train AUC: 0.9231(0.8559-0.9673), test AUC: 0.8351(0.7229-0.9252)
[2025-01-17 23:13:36,981][INFO] Epoch[19/100], loss:0.9594, CE loss:0.3586, info NCE loss:0.6008
[2025-01-17 23:13:36,981][INFO] Epoch[19/100], train B-acc: 0.6933(0.6154-0.7744), test B-acc: 0.6719(0.5800-0.7632)
[2025-01-17 23:13:36,982][INFO] Epoch[19/100], train AUC: 0.9296(0.8646-0.9707), test AUC: 0.8376(0.7256-0.9265)
[2025-01-17 23:15:47,617][INFO] Epoch[20/100], loss:0.9548, CE loss:0.3545, info NCE loss:0.6003
[2025-01-17 23:15:47,617][INFO] Epoch[20/100], train B-acc: 0.7300(0.6520-0.8155), test B-acc: 0.6923(0.6000-0.7917)
[2025-01-17 23:15:47,617][INFO] Epoch[20/100], train AUC: 0.9344(0.8705-0.9763), test AUC: 0.8376(0.7357-0.9231)
[2025-01-17 23:17:59,639][INFO] Epoch[21/100], loss:0.9507, CE loss:0.3508, info NCE loss:0.5998
[2025-01-17 23:17:59,639][INFO] Epoch[21/100], train B-acc: 0.7353(0.6576-0.8125), test B-acc: 0.6905(0.6000-0.7800)
[2025-01-17 23:17:59,639][INFO] Epoch[21/100], train AUC: 0.9388(0.8769-0.9768), test AUC: 0.8462(0.7377-0.9305)
[2025-01-17 23:20:00,479][INFO] Epoch[22/100], loss:0.9464, CE loss:0.3471, info NCE loss:0.5993
[2025-01-17 23:20:00,479][INFO] Epoch[22/100], train B-acc: 0.7346(0.6562-0.8182), test B-acc: 0.6905(0.6000-0.7857)
[2025-01-17 23:20:00,479][INFO] Epoch[22/100], train AUC: 0.9428(0.8822-0.9790), test AUC: 0.8519(0.7544-0.9314)
[2025-01-17 23:22:01,001][INFO] Epoch[23/100], loss:0.9427, CE loss:0.3438, info NCE loss:0.5989
[2025-01-17 23:22:01,001][INFO] Epoch[23/100], train B-acc: 0.7478(0.6709-0.8312), test B-acc: 0.6897(0.5962-0.7895)
[2025-01-17 23:22:01,001][INFO] Epoch[23/100], train AUC: 0.9459(0.8810-0.9819), test AUC: 0.8547(0.7424-0.9342)
[2025-01-17 23:24:00,702][INFO] Epoch[24/100], loss:0.9385, CE loss:0.3401, info NCE loss:0.5984
[2025-01-17 23:24:00,702][INFO] Epoch[24/100], train B-acc: 0.7812(0.7057-0.8599), test B-acc: 0.7037(0.6064-0.8098)
[2025-01-17 23:24:00,702][INFO] Epoch[24/100], train AUC: 0.9505(0.8928-0.9827), test AUC: 0.8605(0.7485-0.9408)
[2025-01-17 23:26:01,499][INFO] Epoch[25/100], loss:0.9350, CE loss:0.3370, info NCE loss:0.5980
[2025-01-17 23:26:01,500][INFO] Epoch[25/100], train B-acc: 0.7937(0.7201-0.8711), test B-acc: 0.7222(0.6261-0.8196)
[2025-01-17 23:26:01,500][INFO] Epoch[25/100], train AUC: 0.9553(0.9017-0.9862), test AUC: 0.8600(0.7489-0.9392)
[2025-01-17 23:28:02,483][INFO] Epoch[26/100], loss:0.9312, CE loss:0.3336, info NCE loss:0.5976
[2025-01-17 23:28:02,483][INFO] Epoch[26/100], train B-acc: 0.7898(0.7069-0.8644), test B-acc: 0.7045(0.6136-0.8103)
[2025-01-17 23:28:02,483][INFO] Epoch[26/100], train AUC: 0.9596(0.9063-0.9882), test AUC: 0.8613(0.7589-0.9407)
[2025-01-17 23:30:03,379][INFO] Epoch[27/100], loss:0.9278, CE loss:0.3306, info NCE loss:0.5972
[2025-01-17 23:30:03,379][INFO] Epoch[27/100], train B-acc: 0.8076(0.7312-0.8860), test B-acc: 0.7226(0.6228-0.8202)
[2025-01-17 23:30:03,379][INFO] Epoch[27/100], train AUC: 0.9610(0.9109-0.9891), test AUC: 0.8632(0.7659-0.9439)
[2025-01-17 23:32:02,979][INFO] Epoch[28/100], loss:0.9252, CE loss:0.3284, info NCE loss:0.5968
[2025-01-17 23:32:02,979][INFO] Epoch[28/100], train B-acc: 0.8116(0.7206-0.8840), test B-acc: 0.7426(0.6522-0.8413)
[2025-01-17 23:32:02,979][INFO] Epoch[28/100], train AUC: 0.9646(0.9153-0.9913), test AUC: 0.8607(0.7645-0.9407)
[2025-01-17 23:34:03,559][INFO] Epoch[29/100], loss:0.9224, CE loss:0.3259, info NCE loss:0.5965
[2025-01-17 23:34:03,559][INFO] Epoch[29/100], train B-acc: 0.8198(0.7414-0.8965), test B-acc: 0.7595(0.6513-0.8508)
[2025-01-17 23:34:03,561][INFO] Epoch[29/100], train AUC: 0.9650(0.9215-0.9920), test AUC: 0.8635(0.7645-0.9428)
[2025-01-17 23:36:04,193][INFO] Epoch[30/100], loss:0.9197, CE loss:0.3236, info NCE loss:0.5961
[2025-01-17 23:36:04,193][INFO] Epoch[30/100], train B-acc: 0.8339(0.7643-0.9072), test B-acc: 0.7540(0.6603-0.8595)
[2025-01-17 23:36:04,193][INFO] Epoch[30/100], train AUC: 0.9695(0.9239-0.9933), test AUC: 0.8684(0.7712-0.9432)
[2025-01-17 23:38:04,468][INFO] Epoch[31/100], loss:0.9158, CE loss:0.3202, info NCE loss:0.5956
[2025-01-17 23:38:04,469][INFO] Epoch[31/100], train B-acc: 0.8221(0.7385-0.8971), test B-acc: 0.7592(0.6530-0.8572)
[2025-01-17 23:38:04,469][INFO] Epoch[31/100], train AUC: 0.9699(0.9220-0.9941), test AUC: 0.8667(0.7700-0.9430)
[2025-01-17 23:40:05,125][INFO] Epoch[32/100], loss:0.9131, CE loss:0.3178, info NCE loss:0.5953
[2025-01-17 23:40:05,126][INFO] Epoch[32/100], train B-acc: 0.8346(0.7545-0.9102), test B-acc: 0.7544(0.6596-0.8502)
[2025-01-17 23:40:05,126][INFO] Epoch[32/100], train AUC: 0.9726(0.9279-0.9945), test AUC: 0.8668(0.7652-0.9400)
[2025-01-17 23:42:05,473][INFO] Epoch[33/100], loss:0.9105, CE loss:0.3155, info NCE loss:0.5949
[2025-01-17 23:42:05,473][INFO] Epoch[33/100], train B-acc: 0.8328(0.7576-0.9033), test B-acc: 0.7597(0.6549-0.8467)
[2025-01-17 23:42:05,473][INFO] Epoch[33/100], train AUC: 0.9742(0.9314-0.9950), test AUC: 0.8700(0.7669-0.9441)
[2025-01-17 23:44:05,743][INFO] Epoch[34/100], loss:0.9077, CE loss:0.3132, info NCE loss:0.5945
[2025-01-17 23:44:05,743][INFO] Epoch[34/100], train B-acc: 0.8625(0.7919-0.9319), test B-acc: 0.7761(0.6697-0.8794)
[2025-01-17 23:44:05,743][INFO] Epoch[34/100], train AUC: 0.9756(0.9332-0.9948), test AUC: 0.8684(0.7606-0.9449)
[2025-01-17 23:46:06,382][INFO] Epoch[35/100], loss:0.9046, CE loss:0.3105, info NCE loss:0.5940
[2025-01-17 23:46:06,382][INFO] Epoch[35/100], train B-acc: 0.8622(0.7907-0.9263), test B-acc: 0.7785(0.6788-0.8779)
[2025-01-17 23:46:06,383][INFO] Epoch[35/100], train AUC: 0.9790(0.9416-0.9969), test AUC: 0.8681(0.7693-0.9462)
[2025-01-17 23:48:06,298][INFO] Epoch[36/100], loss:0.9027, CE loss:0.3090, info NCE loss:0.5937
[2025-01-17 23:48:06,299][INFO] Epoch[36/100], train B-acc: 0.8761(0.8041-0.9405), test B-acc: 0.7874(0.6897-0.8859)
[2025-01-17 23:48:06,299][INFO] Epoch[36/100], train AUC: 0.9789(0.9443-0.9967), test AUC: 0.8674(0.7653-0.9456)
[2025-01-17 23:50:06,004][INFO] Epoch[37/100], loss:0.9006, CE loss:0.3071, info NCE loss:0.5934
[2025-01-17 23:50:06,005][INFO] Epoch[37/100], train B-acc: 0.8890(0.8192-0.9516), test B-acc: 0.7874(0.6865-0.8761)
[2025-01-17 23:50:06,005][INFO] Epoch[37/100], train AUC: 0.9800(0.9444-0.9976), test AUC: 0.8659(0.7569-0.9373)
[2025-01-17 23:52:06,680][INFO] Epoch[38/100], loss:0.8972, CE loss:0.3043, info NCE loss:0.5929
[2025-01-17 23:52:06,680][INFO] Epoch[38/100], train B-acc: 0.8884(0.8168-0.9487), test B-acc: 0.7892(0.6897-0.8779)
[2025-01-17 23:52:06,681][INFO] Epoch[38/100], train AUC: 0.9807(0.9464-0.9980), test AUC: 0.8708(0.7832-0.9422)
[2025-01-17 23:54:06,997][INFO] Epoch[39/100], loss:0.8951, CE loss:0.3024, info NCE loss:0.5927
[2025-01-17 23:54:06,998][INFO] Epoch[39/100], train B-acc: 0.8613(0.7904-0.9268), test B-acc: 0.7649(0.6646-0.8620)
[2025-01-17 23:54:06,998][INFO] Epoch[39/100], train AUC: 0.9813(0.9493-0.9972), test AUC: 0.8711(0.7755-0.9460)
[2025-01-17 23:56:06,915][INFO] Epoch[40/100], loss:0.8929, CE loss:0.3006, info NCE loss:0.5923
[2025-01-17 23:56:06,915][INFO] Epoch[40/100], train B-acc: 0.9021(0.8382-0.9581), test B-acc: 0.7874(0.6917-0.8859)
[2025-01-17 23:56:06,916][INFO] Epoch[40/100], train AUC: 0.9831(0.9504-0.9982), test AUC: 0.8662(0.7708-0.9499)
[2025-01-17 23:58:07,284][INFO] Epoch[41/100], loss:0.8903, CE loss:0.2983, info NCE loss:0.5919
[2025-01-17 23:58:07,285][INFO] Epoch[41/100], train B-acc: 0.9279(0.8686-0.9789), test B-acc: 0.7991(0.6976-0.8921)
[2025-01-17 23:58:07,285][INFO] Epoch[41/100], train AUC: 0.9839(0.9563-0.9987), test AUC: 0.8653(0.7624-0.9476)
[2025-01-18 00:00:08,432][INFO] Epoch[42/100], loss:0.8891, CE loss:0.2974, info NCE loss:0.5917
[2025-01-18 00:00:08,433][INFO] Epoch[42/100], train B-acc: 0.9429(0.8868-0.9842), test B-acc: 0.8009(0.6991-0.8875)
[2025-01-18 00:00:08,433][INFO] Epoch[42/100], train AUC: 0.9856(0.9556-0.9983), test AUC: 0.8741(0.7798-0.9482)
[2025-01-18 00:02:09,362][INFO] Epoch[43/100], loss:0.8888, CE loss:0.2973, info NCE loss:0.5915
[2025-01-18 00:02:09,362][INFO] Epoch[43/100], train B-acc: 0.9542(0.9088-0.9935), test B-acc: 0.8032(0.7002-0.8936)
[2025-01-18 00:02:09,362][INFO] Epoch[43/100], train AUC: 0.9865(0.9629-0.9989), test AUC: 0.8710(0.7728-0.9472)
[2025-01-18 00:04:18,465][INFO] Epoch[44/100], loss:0.8841, CE loss:0.2933, info NCE loss:0.5908
[2025-01-18 00:04:18,465][INFO] Epoch[44/100], train B-acc: 0.9549(0.9079-0.9930), test B-acc: 0.7999(0.7060-0.8899)
[2025-01-18 00:04:18,467][INFO] Epoch[44/100], train AUC: 0.9884(0.9663-0.9991), test AUC: 0.8671(0.7649-0.9462)
[2025-01-18 00:06:19,834][INFO] Epoch[45/100], loss:0.8825, CE loss:0.2920, info NCE loss:0.5906
[2025-01-18 00:06:19,834][INFO] Epoch[45/100], train B-acc: 0.9583(0.9093-0.9956), test B-acc: 0.8009(0.7016-0.8867)
[2025-01-18 00:06:19,834][INFO] Epoch[45/100], train AUC: 0.9882(0.9654-0.9991), test AUC: 0.8671(0.7674-0.9421)
[2025-01-18 00:08:22,108][INFO] Epoch[46/100], loss:0.8811, CE loss:0.2908, info NCE loss:0.5904
[2025-01-18 00:08:22,108][INFO] Epoch[46/100], train B-acc: 0.9573(0.9028-0.9956), test B-acc: 0.8048(0.7000-0.8960)
[2025-01-18 00:08:22,109][INFO] Epoch[46/100], train AUC: 0.9888(0.9653-0.9995), test AUC: 0.8684(0.7705-0.9487)
[2025-01-18 00:11:48,786][INFO] Epoch[47/100], loss:0.8791, CE loss:0.2890, info NCE loss:0.5900
[2025-01-18 00:11:48,787][INFO] Epoch[47/100], train B-acc: 0.9562(0.9010-0.9934), test B-acc: 0.7933(0.7024-0.8842)
[2025-01-18 00:11:48,787][INFO] Epoch[47/100], train AUC: 0.9896(0.9695-0.9990), test AUC: 0.8662(0.7747-0.9424)
[2025-01-18 00:13:49,476][INFO] Epoch[48/100], loss:0.8772, CE loss:0.2876, info NCE loss:0.5896
[2025-01-18 00:13:49,476][INFO] Epoch[48/100], train B-acc: 0.9665(0.9216-0.9955), test B-acc: 0.7928(0.6996-0.8867)
[2025-01-18 00:13:49,476][INFO] Epoch[48/100], train AUC: 0.9899(0.9694-0.9994), test AUC: 0.8676(0.7762-0.9403)
[2025-01-18 00:15:49,730][INFO] Epoch[49/100], loss:0.8762, CE loss:0.2867, info NCE loss:0.5895
[2025-01-18 00:15:49,730][INFO] Epoch[49/100], train B-acc: 0.9572(0.9094-0.9955), test B-acc: 0.7937(0.7001-0.8859)
[2025-01-18 00:15:49,731][INFO] Epoch[49/100], train AUC: 0.9901(0.9721-0.9992), test AUC: 0.8706(0.7719-0.9451)
[2025-01-18 00:16:45,537][INFO] Epoch 50 retry 1 of 5, loss did not decrease.
[2025-01-18 00:18:46,373][INFO] Epoch[50/100], loss:0.8735, CE loss:0.2844, info NCE loss:0.5890
[2025-01-18 00:18:46,374][INFO] Epoch[50/100], train B-acc: 0.9577(0.9098-0.9957), test B-acc: 0.7933(0.6914-0.8859)
[2025-01-18 00:18:46,374][INFO] Epoch[50/100], train AUC: 0.9918(0.9759-0.9993), test AUC: 0.8676(0.7702-0.9430)
[2025-01-18 00:20:46,603][INFO] Epoch[51/100], loss:0.8721, CE loss:0.2832, info NCE loss:0.5889
[2025-01-18 00:20:46,604][INFO] Epoch[51/100], train B-acc: 0.9669(0.9215-0.9953), test B-acc: 0.7937(0.6902-0.8887)
[2025-01-18 00:20:46,604][INFO] Epoch[51/100], train AUC: 0.9927(0.9784-0.9995), test AUC: 0.8671(0.7651-0.9444)
[2025-01-18 00:22:47,281][INFO] Epoch[52/100], loss:0.8696, CE loss:0.2812, info NCE loss:0.5884
[2025-01-18 00:22:47,281][INFO] Epoch[52/100], train B-acc: 0.9656(0.9228-0.9955), test B-acc: 0.7897(0.6875-0.8838)
[2025-01-18 00:22:47,282][INFO] Epoch[52/100], train AUC: 0.9932(0.9810-1.0000), test AUC: 0.8661(0.7690-0.9458)
[2025-01-18 00:24:47,456][INFO] Epoch[53/100], loss:0.8681, CE loss:0.2799, info NCE loss:0.5882
[2025-01-18 00:24:47,456][INFO] Epoch[53/100], train B-acc: 0.9721(0.9266-0.9978), test B-acc: 0.7937(0.6813-0.8857)
[2025-01-18 00:24:47,456][INFO] Epoch[53/100], train AUC: 0.9939(0.9806-0.9999), test AUC: 0.8654(0.7668-0.9476)
[2025-01-18 00:26:48,312][INFO] Epoch[54/100], loss:0.8664, CE loss:0.2783, info NCE loss:0.5880
[2025-01-18 00:26:48,313][INFO] Epoch[54/100], train B-acc: 0.9714(0.9251-0.9978), test B-acc: 0.7937(0.6930-0.8856)
[2025-01-18 00:26:48,313][INFO] Epoch[54/100], train AUC: 0.9947(0.9848-0.9999), test AUC: 0.8662(0.7722-0.9440)
[2025-01-18 00:28:48,492][INFO] Epoch[55/100], loss:0.8650, CE loss:0.2773, info NCE loss:0.5877
[2025-01-18 00:28:48,492][INFO] Epoch[55/100], train B-acc: 0.9692(0.9274-0.9977), test B-acc: 0.7931(0.6902-0.8893)
[2025-01-18 00:28:48,492][INFO] Epoch[55/100], train AUC: 0.9955(0.9865-1.0000), test AUC: 0.8667(0.7682-0.9479)
[2025-01-18 00:30:49,567][INFO] Epoch[56/100], loss:0.8632, CE loss:0.2758, info NCE loss:0.5874
[2025-01-18 00:30:49,567][INFO] Epoch[56/100], train B-acc: 0.9684(0.9215-0.9956), test B-acc: 0.7960(0.7059-0.8827)
[2025-01-18 00:30:49,568][INFO] Epoch[56/100], train AUC: 0.9956(0.9864-1.0000), test AUC: 0.8681(0.7753-0.9427)
[2025-01-18 00:32:49,600][INFO] Epoch[57/100], loss:0.8620, CE loss:0.2748, info NCE loss:0.5872
[2025-01-18 00:32:49,601][INFO] Epoch[57/100], train B-acc: 0.9687(0.9233-0.9956), test B-acc: 0.7937(0.6976-0.8896)
[2025-01-18 00:32:49,601][INFO] Epoch[57/100], train AUC: 0.9961(0.9884-0.9999), test AUC: 0.8638(0.7669-0.9419)
[2025-01-18 00:34:50,688][INFO] Epoch[58/100], loss:0.8608, CE loss:0.2739, info NCE loss:0.5870
[2025-01-18 00:34:50,689][INFO] Epoch[58/100], train B-acc: 0.9698(0.9297-0.9957), test B-acc: 0.7959(0.6936-0.8834)
[2025-01-18 00:34:50,689][INFO] Epoch[58/100], train AUC: 0.9967(0.9903-0.9999), test AUC: 0.8635(0.7700-0.9411)
[2025-01-18 00:36:51,272][INFO] Epoch[59/100], loss:0.8596, CE loss:0.2727, info NCE loss:0.5868
[2025-01-18 00:36:51,273][INFO] Epoch[59/100], train B-acc: 0.9710(0.9256-0.9978), test B-acc: 0.7991(0.6937-0.8838)
[2025-01-18 00:36:51,273][INFO] Epoch[59/100], train AUC: 0.9970(0.9914-1.0000), test AUC: 0.8685(0.7685-0.9427)
[2025-01-18 00:38:52,469][INFO] Epoch[60/100], loss:0.8580, CE loss:0.2714, info NCE loss:0.5866
[2025-01-18 00:38:52,469][INFO] Epoch[60/100], train B-acc: 0.9700(0.9239-0.9977), test B-acc: 0.7864(0.6908-0.8783)
[2025-01-18 00:38:52,469][INFO] Epoch[60/100], train AUC: 0.9970(0.9910-1.0000), test AUC: 0.8640(0.7599-0.9423)
[2025-01-18 00:40:52,376][INFO] Epoch[61/100], loss:0.8566, CE loss:0.2703, info NCE loss:0.5863
[2025-01-18 00:40:52,376][INFO] Epoch[61/100], train B-acc: 0.9651(0.9218-0.9935), test B-acc: 0.7818(0.6763-0.8730)
[2025-01-18 00:40:52,377][INFO] Epoch[61/100], train AUC: 0.9972(0.9919-1.0000), test AUC: 0.8662(0.7634-0.9420)
[2025-01-18 00:42:53,640][INFO] Epoch[62/100], loss:0.8554, CE loss:0.2692, info NCE loss:0.5862
[2025-01-18 00:42:53,640][INFO] Epoch[62/100], train B-acc: 0.9646(0.9214-0.9953), test B-acc: 0.7874(0.6824-0.8769)
[2025-01-18 00:42:53,640][INFO] Epoch[62/100], train AUC: 0.9976(0.9926-1.0000), test AUC: 0.8666(0.7664-0.9361)
[2025-01-18 00:44:54,426][INFO] Epoch[63/100], loss:0.8547, CE loss:0.2688, info NCE loss:0.5859
[2025-01-18 00:44:54,426][INFO] Epoch[63/100], train B-acc: 0.9658(0.9201-0.9954), test B-acc: 0.7871(0.6888-0.8834)
[2025-01-18 00:44:54,426][INFO] Epoch[63/100], train AUC: 0.9980(0.9935-1.0000), test AUC: 0.8638(0.7656-0.9398)
[2025-01-18 00:46:55,349][INFO] Epoch[64/100], loss:0.8533, CE loss:0.2676, info NCE loss:0.5857
[2025-01-18 00:46:55,349][INFO] Epoch[64/100], train B-acc: 0.9797(0.9496-0.9957), test B-acc: 0.7931(0.6953-0.8810)
[2025-01-18 00:46:55,349][INFO] Epoch[64/100], train AUC: 0.9983(0.9942-1.0000), test AUC: 0.8644(0.7673-0.9380)
[2025-01-18 00:48:56,275][INFO] Epoch[65/100], loss:0.8527, CE loss:0.2670, info NCE loss:0.5857
[2025-01-18 00:48:56,275][INFO] Epoch[65/100], train B-acc: 0.9790(0.9438-0.9977), test B-acc: 0.7788(0.6731-0.8762)
[2025-01-18 00:48:56,275][INFO] Epoch[65/100], train AUC: 0.9984(0.9947-1.0000), test AUC: 0.8630(0.7586-0.9404)
[2025-01-18 00:50:58,604][INFO] Epoch[66/100], loss:0.8512, CE loss:0.2657, info NCE loss:0.5855
[2025-01-18 00:50:58,604][INFO] Epoch[66/100], train B-acc: 0.9790(0.9470-0.9977), test B-acc: 0.7800(0.6829-0.8750)
[2025-01-18 00:50:58,604][INFO] Epoch[66/100], train AUC: 0.9989(0.9959-1.0000), test AUC: 0.8656(0.7620-0.9407)
[2025-01-18 00:52:59,400][INFO] Epoch[67/100], loss:0.8496, CE loss:0.2645, info NCE loss:0.5851
[2025-01-18 00:52:59,400][INFO] Epoch[67/100], train B-acc: 0.9795(0.9454-0.9957), test B-acc: 0.7916(0.6914-0.8835)
[2025-01-18 00:52:59,400][INFO] Epoch[67/100], train AUC: 0.9991(0.9963-1.0000), test AUC: 0.8629(0.7664-0.9427)
[2025-01-18 00:55:00,716][INFO] Epoch[68/100], loss:0.8487, CE loss:0.2637, info NCE loss:0.5850
[2025-01-18 00:55:00,716][INFO] Epoch[68/100], train B-acc: 0.9794(0.9444-0.9977), test B-acc: 0.7950(0.7006-0.8842)
[2025-01-18 00:55:00,716][INFO] Epoch[68/100], train AUC: 0.9992(0.9966-1.0000), test AUC: 0.8662(0.7780-0.9420)
[2025-01-18 00:57:01,823][INFO] Epoch[69/100], loss:0.8478, CE loss:0.2631, info NCE loss:0.5848
[2025-01-18 00:57:01,823][INFO] Epoch[69/100], train B-acc: 0.9790(0.9449-0.9977), test B-acc: 0.7950(0.6908-0.8896)
[2025-01-18 00:57:01,823][INFO] Epoch[69/100], train AUC: 0.9992(0.9968-1.0000), test AUC: 0.8684(0.7703-0.9444)
[2025-01-18 00:59:03,033][INFO] Epoch[70/100], loss:0.8465, CE loss:0.2619, info NCE loss:0.5846
[2025-01-18 00:59:03,033][INFO] Epoch[70/100], train B-acc: 0.9784(0.9433-0.9977), test B-acc: 0.7933(0.6881-0.8867)
[2025-01-18 00:59:03,033][INFO] Epoch[70/100], train AUC: 0.9992(0.9968-1.0000), test AUC: 0.8643(0.7673-0.9381)
[2025-01-18 01:01:04,007][INFO] Epoch[71/100], loss:0.8454, CE loss:0.2610, info NCE loss:0.5844
[2025-01-18 01:01:04,008][INFO] Epoch[71/100], train B-acc: 0.9800(0.9465-0.9977), test B-acc: 0.7806(0.6835-0.8770)
[2025-01-18 01:01:04,008][INFO] Epoch[71/100], train AUC: 0.9993(0.9968-1.0000), test AUC: 0.8638(0.7733-0.9424)
[2025-01-18 01:03:04,812][INFO] Epoch[72/100], loss:0.8449, CE loss:0.2605, info NCE loss:0.5844
[2025-01-18 01:03:04,812][INFO] Epoch[72/100], train B-acc: 0.9797(0.9462-0.9977), test B-acc: 0.7822(0.6824-0.8800)
[2025-01-18 01:03:04,812][INFO] Epoch[72/100], train AUC: 0.9993(0.9969-1.0000), test AUC: 0.8656(0.7656-0.9451)
[2025-01-18 01:05:05,409][INFO] Epoch[73/100], loss:0.8440, CE loss:0.2598, info NCE loss:0.5842
[2025-01-18 01:05:05,410][INFO] Epoch[73/100], train B-acc: 0.9910(0.9815-0.9978), test B-acc: 0.7976(0.7000-0.8805)
[2025-01-18 01:05:05,410][INFO] Epoch[73/100], train AUC: 0.9993(0.9968-1.0000), test AUC: 0.8630(0.7693-0.9355)
[2025-01-18 01:07:07,501][INFO] Epoch[74/100], loss:0.8431, CE loss:0.2590, info NCE loss:0.5840
[2025-01-18 01:07:07,502][INFO] Epoch[74/100], train B-acc: 0.9911(0.9813-0.9978), test B-acc: 0.8000(0.6959-0.8886)
[2025-01-18 01:07:07,502][INFO] Epoch[74/100], train AUC: 0.9993(0.9970-1.0000), test AUC: 0.8626(0.7715-0.9360)
[2025-01-18 01:09:09,404][INFO] Epoch[75/100], loss:0.8417, CE loss:0.2580, info NCE loss:0.5838
[2025-01-18 01:09:09,405][INFO] Epoch[75/100], train B-acc: 0.9910(0.9808-0.9978), test B-acc: 0.7853(0.6852-0.8738)
[2025-01-18 01:09:09,405][INFO] Epoch[75/100], train AUC: 0.9994(0.9973-1.0000), test AUC: 0.8640(0.7702-0.9338)
[2025-01-18 01:11:10,589][INFO] Epoch[76/100], loss:0.8408, CE loss:0.2572, info NCE loss:0.5836
[2025-01-18 01:11:10,590][INFO] Epoch[76/100], train B-acc: 0.9910(0.9817-0.9978), test B-acc: 0.7854(0.6908-0.8763)
[2025-01-18 01:11:10,590][INFO] Epoch[76/100], train AUC: 0.9993(0.9971-1.0000), test AUC: 0.8636(0.7701-0.9403)
[2025-01-18 01:13:10,473][INFO] Epoch[77/100], loss:0.8398, CE loss:0.2563, info NCE loss:0.5834
[2025-01-18 01:13:10,473][INFO] Epoch[77/100], train B-acc: 0.9910(0.9800-0.9978), test B-acc: 0.8133(0.7084-0.8938)
[2025-01-18 01:13:10,473][INFO] Epoch[77/100], train AUC: 0.9995(0.9976-1.0000), test AUC: 0.8661(0.7679-0.9373)
[2025-01-18 01:15:11,895][INFO] Epoch[78/100], loss:0.8391, CE loss:0.2558, info NCE loss:0.5833
[2025-01-18 01:15:11,895][INFO] Epoch[78/100], train B-acc: 0.9911(0.9817-0.9978), test B-acc: 0.7971(0.7048-0.8849)
[2025-01-18 01:15:11,895][INFO] Epoch[78/100], train AUC: 0.9996(0.9978-1.0000), test AUC: 0.8671(0.7697-0.9371)
[2025-01-18 01:17:12,157][INFO] Epoch[79/100], loss:0.8381, CE loss:0.2549, info NCE loss:0.5832
[2025-01-18 01:17:12,158][INFO] Epoch[79/100], train B-acc: 0.9910(0.9814-0.9978), test B-acc: 0.7894(0.6853-0.8800)
[2025-01-18 01:17:12,158][INFO] Epoch[79/100], train AUC: 0.9995(0.9977-1.0000), test AUC: 0.8688(0.7601-0.9430)
[2025-01-18 01:19:12,472][INFO] Epoch[80/100], loss:0.8378, CE loss:0.2547, info NCE loss:0.5831
[2025-01-18 01:19:12,473][INFO] Epoch[80/100], train B-acc: 0.9910(0.9814-0.9978), test B-acc: 0.7916(0.6875-0.8893)
[2025-01-18 01:19:12,473][INFO] Epoch[80/100], train AUC: 0.9995(0.9977-1.0000), test AUC: 0.8679(0.7787-0.9449)
[2025-01-18 01:21:12,644][INFO] Epoch[81/100], loss:0.8363, CE loss:0.2534, info NCE loss:0.5829
[2025-01-18 01:21:12,644][INFO] Epoch[81/100], train B-acc: 0.9910(0.9817-0.9978), test B-acc: 0.7867(0.6912-0.8831)
[2025-01-18 01:21:12,644][INFO] Epoch[81/100], train AUC: 0.9996(0.9982-1.0000), test AUC: 0.8686(0.7771-0.9430)
[2025-01-18 01:23:13,403][INFO] Epoch[82/100], loss:0.8362, CE loss:0.2534, info NCE loss:0.5828
[2025-01-18 01:23:13,403][INFO] Epoch[82/100], train B-acc: 0.9910(0.9815-0.9978), test B-acc: 0.8082(0.7133-0.8896)
[2025-01-18 01:23:13,403][INFO] Epoch[82/100], train AUC: 0.9998(0.9985-1.0000), test AUC: 0.8679(0.7775-0.9360)
[2025-01-18 01:25:13,564][INFO] Epoch[83/100], loss:0.8346, CE loss:0.2521, info NCE loss:0.5826
[2025-01-18 01:25:13,564][INFO] Epoch[83/100], train B-acc: 0.9910(0.9811-0.9978), test B-acc: 0.7936(0.6928-0.8825)
[2025-01-18 01:25:13,564][INFO] Epoch[83/100], train AUC: 0.9998(0.9984-1.0000), test AUC: 0.8656(0.7742-0.9379)
[2025-01-18 01:26:10,098][INFO] Epoch 84 retry 1 of 5, loss did not decrease.
[2025-01-18 01:28:11,923][INFO] Epoch[84/100], loss:0.8342, CE loss:0.2519, info NCE loss:0.5823
[2025-01-18 01:28:11,923][INFO] Epoch[84/100], train B-acc: 0.9910(0.9816-0.9978), test B-acc: 0.7946(0.6933-0.8883)
[2025-01-18 01:28:11,923][INFO] Epoch[84/100], train AUC: 0.9998(0.9986-1.0000), test AUC: 0.8688(0.7776-0.9442)
[2025-01-18 01:30:12,677][INFO] Epoch[85/100], loss:0.8333, CE loss:0.2511, info NCE loss:0.5822
[2025-01-18 01:30:12,678][INFO] Epoch[85/100], train B-acc: 0.9910(0.9816-0.9978), test B-acc: 0.8021(0.7007-0.8879)
[2025-01-18 01:30:12,678][INFO] Epoch[85/100], train AUC: 0.9999(0.9989-1.0000), test AUC: 0.8685(0.7758-0.9428)
[2025-01-18 01:32:14,214][INFO] Epoch[86/100], loss:0.8318, CE loss:0.2497, info NCE loss:0.5821
[2025-01-18 01:32:14,214][INFO] Epoch[86/100], train B-acc: 0.9910(0.9817-0.9978), test B-acc: 0.8037(0.7086-0.8867)
[2025-01-18 01:32:14,215][INFO] Epoch[86/100], train AUC: 0.9998(0.9986-1.0000), test AUC: 0.8681(0.7854-0.9407)
[2025-01-18 01:34:16,008][INFO] Epoch[87/100], loss:0.8310, CE loss:0.2491, info NCE loss:0.5819
[2025-01-18 01:34:16,008][INFO] Epoch[87/100], train B-acc: 0.9910(0.9812-0.9978), test B-acc: 0.8015(0.7013-0.8839)
[2025-01-18 01:34:16,008][INFO] Epoch[87/100], train AUC: 0.9999(0.9990-1.0000), test AUC: 0.8666(0.7710-0.9356)
[2025-01-18 01:36:17,354][INFO] Epoch[88/100], loss:0.8304, CE loss:0.2486, info NCE loss:0.5818
[2025-01-18 01:36:17,355][INFO] Epoch[88/100], train B-acc: 0.9866(0.9747-0.9955), test B-acc: 0.8037(0.7141-0.8933)
[2025-01-18 01:36:17,355][INFO] Epoch[88/100], train AUC: 0.9999(0.9989-1.0000), test AUC: 0.8699(0.7885-0.9420)
[2025-01-18 01:38:17,394][INFO] Epoch[89/100], loss:0.8298, CE loss:0.2481, info NCE loss:0.5817
[2025-01-18 01:38:17,395][INFO] Epoch[89/100], train B-acc: 0.9910(0.9819-1.0000), test B-acc: 0.8069(0.7071-0.8880)
[2025-01-18 01:38:17,395][INFO] Epoch[89/100], train AUC: 1.0000(1.0000-1.0000), test AUC: 0.8699(0.7775-0.9430)
[2025-01-18 01:40:17,810][INFO] Epoch[90/100], loss:0.8287, CE loss:0.2471, info NCE loss:0.5816
[2025-01-18 01:40:17,811][INFO] Epoch[90/100], train B-acc: 0.9910(0.9817-0.9978), test B-acc: 0.8067(0.7050-0.8916)
[2025-01-18 01:40:17,811][INFO] Epoch[90/100], train AUC: 1.0000(1.0000-1.0000), test AUC: 0.8690(0.7707-0.9407)
[2025-01-18 01:42:18,830][INFO] Epoch[91/100], loss:0.8287, CE loss:0.2472, info NCE loss:0.5815
[2025-01-18 01:42:18,830][INFO] Epoch[91/100], train B-acc: 0.9886(0.9771-0.9977), test B-acc: 0.8037(0.7000-0.8905)
[2025-01-18 01:42:18,830][INFO] Epoch[91/100], train AUC: 1.0000(1.0000-1.0000), test AUC: 0.8704(0.7747-0.9464)
[2025-01-18 01:44:19,248][INFO] Epoch[92/100], loss:0.8282, CE loss:0.2468, info NCE loss:0.5814
[2025-01-18 01:44:19,249][INFO] Epoch[92/100], train B-acc: 0.9710(0.9537-0.9863), test B-acc: 0.7897(0.6984-0.8825)
[2025-01-18 01:44:19,249][INFO] Epoch[92/100], train AUC: 1.0000(1.0000-1.0000), test AUC: 0.8657(0.7803-0.9437)
[2025-01-18 01:46:20,581][INFO] Epoch[93/100], loss:0.8278, CE loss:0.2465, info NCE loss:0.5813
[2025-01-18 01:46:20,581][INFO] Epoch[93/100], train B-acc: 0.9887(0.9778-0.9977), test B-acc: 0.8077(0.7133-0.8874)
[2025-01-18 01:46:20,581][INFO] Epoch[93/100], train AUC: 1.0000(1.0000-1.0000), test AUC: 0.8715(0.7791-0.9381)
[2025-01-18 01:48:21,301][INFO] Epoch[94/100], loss:0.8265, CE loss:0.2453, info NCE loss:0.5812
[2025-01-18 01:48:21,301][INFO] Epoch[94/100], train B-acc: 0.9865(0.9748-0.9956), test B-acc: 0.7995(0.7063-0.8867)
[2025-01-18 01:48:21,301][INFO] Epoch[94/100], train AUC: 1.0000(1.0000-1.0000), test AUC: 0.8706(0.7793-0.9391)
[2025-01-18 01:50:21,770][INFO] Epoch[95/100], loss:0.8257, CE loss:0.2447, info NCE loss:0.5810
[2025-01-18 01:50:21,770][INFO] Epoch[95/100], train B-acc: 0.9865(0.9751-0.9955), test B-acc: 0.7897(0.6938-0.8800)
[2025-01-18 01:50:21,770][INFO] Epoch[95/100], train AUC: 1.0000(1.0000-1.0000), test AUC: 0.8672(0.7741-0.9371)
[2025-01-18 01:52:23,417][INFO] Epoch[96/100], loss:0.8251, CE loss:0.2441, info NCE loss:0.5809
[2025-01-18 01:52:23,417][INFO] Epoch[96/100], train B-acc: 0.9910(0.9814-0.9978), test B-acc: 0.8067(0.7054-0.8948)
[2025-01-18 01:52:23,417][INFO] Epoch[96/100], train AUC: 1.0000(1.0000-1.0000), test AUC: 0.8646(0.7667-0.9375)
[2025-01-18 01:54:24,012][INFO] Epoch[97/100], loss:0.8248, CE loss:0.2438, info NCE loss:0.5810
[2025-01-18 01:54:24,012][INFO] Epoch[97/100], train B-acc: 0.9843(0.9715-0.9936), test B-acc: 0.7923(0.6976-0.8730)
[2025-01-18 01:54:24,014][INFO] Epoch[97/100], train AUC: 1.0000(1.0000-1.0000), test AUC: 0.8676(0.7719-0.9376)
[2025-01-18 01:56:24,411][INFO] Epoch[98/100], loss:0.8245, CE loss:0.2437, info NCE loss:0.5809
[2025-01-18 01:56:24,412][INFO] Epoch[98/100], train B-acc: 0.9910(0.9816-0.9978), test B-acc: 0.7913(0.6917-0.8843)
[2025-01-18 01:56:24,412][INFO] Epoch[98/100], train AUC: 1.0000(1.0000-1.0000), test AUC: 0.8650(0.7701-0.9343)
[2025-01-18 01:57:20,304][INFO] Epoch 99 retry 1 of 5, loss did not decrease.
[2025-01-18 01:59:22,939][INFO] Epoch[99/100], loss:0.8237, CE loss:0.2430, info NCE loss:0.5807
[2025-01-18 01:59:22,939][INFO] Epoch[99/100], train B-acc: 0.9731(0.9562-0.9867), test B-acc: 0.8099(0.7188-0.8933)
[2025-01-18 01:59:22,939][INFO] Epoch[99/100], train AUC: 1.0000(1.0000-1.0000), test AUC: 0.8655(0.7703-0.9376)
[2025-01-18 02:01:23,438][INFO] Epoch[100/100], loss:0.8229, CE loss:0.2423, info NCE loss:0.5806
[2025-01-18 02:01:23,438][INFO] Epoch[100/100], train B-acc: 0.9842(0.9725-0.9934), test B-acc: 0.7900(0.6897-0.8812)
[2025-01-18 02:01:23,438][INFO] Epoch[100/100], train AUC: 1.0000(1.0000-1.0000), test AUC: 0.8681(0.7712-0.9387)
