[2024-12-25 10:36:33,427][INFO] Running PROJECT: CRC-DX, P LEARNING RATE: 0.001, OPTIMIZER: ADAMW, NUM EPOCHS: 15, BATCH SIZE: 2048, DEVICES: cuda, SMOOTHING: 0.1
[2024-12-25 10:36:33,428][INFO] params["in_chans"]=[200, 16]
[2024-12-25 10:36:33,428][INFO] params["dims"]=[512, 512]
[2024-12-25 10:36:33,428][INFO] params["out_chans"]=[16, 8]
[2024-12-25 10:36:33,428][INFO] params["heads"]=[8, 4]
[2024-12-25 10:36:33,428][INFO] params["dropout"]=[0.8, 0.4, 0.4]
[2024-12-25 10:39:22,510][INFO] Epoch[1/15], loss:1.5402, CE loss:0.8733 , info NCE loss:7.5419
[2024-12-25 10:39:22,512][INFO] Epoch[1/15], train B-acc: 0.5000(0.5000-0.5000), test B-acc: 0.5000(0.5000-0.5000)
[2024-12-25 10:39:22,512][INFO] Epoch[1/15], train AUC: 0.7600(0.6657-0.8437), test AUC: 0.7035(0.5717-0.8184)
[2024-12-25 10:41:11,984][INFO] Epoch[2/15], loss:1.1577, CE loss:0.4871 , info NCE loss:7.1929
[2024-12-25 10:41:11,984][INFO] Epoch[2/15], train B-acc: 0.6238(0.5490-0.7040), test B-acc: 0.6513(0.5634-0.7524)
[2024-12-25 10:41:11,984][INFO] Epoch[2/15], train AUC: 0.7883(0.7040-0.8671), test AUC: 0.7307(0.6081-0.8405)
[2024-12-25 10:43:02,038][INFO] Epoch[3/15], loss:1.0550, CE loss:0.4389 , info NCE loss:6.5997
[2024-12-25 10:43:02,038][INFO] Epoch[3/15], train B-acc: 0.5641(0.5139-0.6286), test B-acc: 0.5000(0.5000-0.5000)
[2024-12-25 10:43:02,038][INFO] Epoch[3/15], train AUC: 0.7936(0.7044-0.8737), test AUC: 0.7125(0.5920-0.8356)
[2024-12-25 10:44:45,188][INFO] Epoch[4/15], loss:1.0243, CE loss:0.4174 , info NCE loss:6.4869
[2024-12-25 10:44:45,188][INFO] Epoch[4/15], train B-acc: 0.6348(0.5630-0.7116), test B-acc: 0.6346(0.5526-0.7273)
[2024-12-25 10:44:45,188][INFO] Epoch[4/15], train AUC: 0.8168(0.7318-0.8891), test AUC: 0.7262(0.5980-0.8376)
[2024-12-25 10:46:30,769][INFO] Epoch[5/15], loss:1.0086, CE loss:0.4070 , info NCE loss:6.4238
[2024-12-25 10:46:30,769][INFO] Epoch[5/15], train B-acc: 0.6250(0.5629-0.6982), test B-acc: 0.5938(0.5227-0.6719)
[2024-12-25 10:46:30,769][INFO] Epoch[5/15], train AUC: 0.8410(0.7597-0.9050), test AUC: 0.7450(0.6184-0.8530)
[2024-12-25 10:48:15,358][INFO] Epoch[6/15], loss:0.9984, CE loss:0.3984 , info NCE loss:6.3989
[2024-12-25 10:48:15,358][INFO] Epoch[6/15], train B-acc: 0.6248(0.5556-0.6948), test B-acc: 0.5758(0.5185-0.6538)
[2024-12-25 10:48:15,358][INFO] Epoch[6/15], train AUC: 0.8621(0.7843-0.9267), test AUC: 0.7752(0.6603-0.8794)
[2024-12-25 10:49:58,736][INFO] Epoch[7/15], loss:0.9889, CE loss:0.3900 , info NCE loss:6.3787
[2024-12-25 10:49:58,736][INFO] Epoch[7/15], train B-acc: 0.6765(0.6025-0.7500), test B-acc: 0.6111(0.5370-0.7000)
[2024-12-25 10:49:58,737][INFO] Epoch[7/15], train AUC: 0.8768(0.8010-0.9372), test AUC: 0.7883(0.6771-0.8854)
[2024-12-25 10:51:41,479][INFO] Epoch[8/15], loss:0.9799, CE loss:0.3828 , info NCE loss:6.3530
[2024-12-25 10:51:41,480][INFO] Epoch[8/15], train B-acc: 0.6931(0.6182-0.7727), test B-acc: 0.6316(0.5500-0.7292)
[2024-12-25 10:51:41,480][INFO] Epoch[8/15], train AUC: 0.8925(0.8198-0.9463), test AUC: 0.8021(0.6894-0.8997)
[2024-12-25 10:53:24,828][INFO] Epoch[9/15], loss:0.9698, CE loss:0.3744 , info NCE loss:6.3280
[2024-12-25 10:53:24,828][INFO] Epoch[9/15], train B-acc: 0.7076(0.6227-0.7902), test B-acc: 0.6515(0.5682-0.7500)
[2024-12-25 10:53:24,828][INFO] Epoch[9/15], train AUC: 0.9078(0.8368-0.9575), test AUC: 0.8107(0.7019-0.8969)
[2024-12-25 10:55:12,263][INFO] Epoch[10/15], loss:0.9601, CE loss:0.3668 , info NCE loss:6.3000
[2024-12-25 10:55:12,264][INFO] Epoch[10/15], train B-acc: 0.7170(0.6394-0.8014), test B-acc: 0.6897(0.6034-0.7885)
[2024-12-25 10:55:12,264][INFO] Epoch[10/15], train AUC: 0.9173(0.8509-0.9639), test AUC: 0.8207(0.7110-0.9066)
[2024-12-25 10:56:54,493][INFO] Epoch[11/15], loss:0.9497, CE loss:0.3593 , info NCE loss:6.2633
[2024-12-25 10:56:54,493][INFO] Epoch[11/15], train B-acc: 0.7433(0.6630-0.8202), test B-acc: 0.7115(0.6207-0.8103)
[2024-12-25 10:56:54,494][INFO] Epoch[11/15], train AUC: 0.9275(0.8624-0.9692), test AUC: 0.8320(0.7228-0.9167)
[2024-12-25 10:58:36,654][INFO] Epoch[12/15], loss:0.9403, CE loss:0.3521 , info NCE loss:6.2342
[2024-12-25 10:58:36,654][INFO] Epoch[12/15], train B-acc: 0.8310(0.7535-0.9033), test B-acc: 0.7267(0.6300-0.8158)
[2024-12-25 10:58:36,654][INFO] Epoch[12/15], train AUC: 0.9357(0.8722-0.9750), test AUC: 0.8416(0.7369-0.9249)
[2024-12-25 11:00:19,799][INFO] Epoch[13/15], loss:0.9316, CE loss:0.3445 , info NCE loss:6.2161
[2024-12-25 11:00:19,799][INFO] Epoch[13/15], train B-acc: 0.8112(0.7300-0.8805), test B-acc: 0.7047(0.6071-0.8011)
[2024-12-25 11:00:19,800][INFO] Epoch[13/15], train AUC: 0.9451(0.8875-0.9784), test AUC: 0.8415(0.7413-0.9255)
[2024-12-25 11:02:01,231][INFO] Epoch[14/15], loss:0.9246, CE loss:0.3376 , info NCE loss:6.2077
[2024-12-25 11:02:01,231][INFO] Epoch[14/15], train B-acc: 0.8655(0.7897-0.9349), test B-acc: 0.7310(0.6344-0.8276)
[2024-12-25 11:02:01,231][INFO] Epoch[14/15], train AUC: 0.9496(0.8960-0.9824), test AUC: 0.8497(0.7549-0.9288)
[2024-12-25 11:03:43,284][INFO] Epoch[15/15], loss:0.9173, CE loss:0.3312 , info NCE loss:6.1920
[2024-12-25 11:03:43,284][INFO] Epoch[15/15], train B-acc: 0.8658(0.7882-0.9300), test B-acc: 0.7440(0.6362-0.8410)
[2024-12-25 11:03:43,284][INFO] Epoch[15/15], train AUC: 0.9573(0.9078-0.9864), test AUC: 0.8553(0.7570-0.9283)
