[2025-01-21 19:50:58,405][INFO] Running PROJECT: CRC-KR, P LEARNING RATE: 0.0001, OPTIMIZER: ADAMW, NUM EPOCHS: 80, BATCH SIZE: 2048, DEVICES: cuda, SMOOTHING: 0.25
[2025-01-21 19:50:58,407][INFO] params["in_chans"]=[200, 16]python run_model0.py --proj CRC-KR --num_epochs 80 --plr 1e-4  --smoothing 0.25
[2025-01-21 19:50:58,407][INFO] params["dims"]=[512, 512]  温度参数为0.6
[2025-01-21 19:50:58,407][INFO] params["out_chans"]=[16, 8]
[2025-01-21 19:50:58,407][INFO] params["heads"]=[8, 4]
[2025-01-21 19:50:58,407][INFO] params["dropout"]=[0.8, 0.4, 0.4]
[2025-01-21 19:54:41,087][INFO] Epoch[1/80], loss:0.5646, CE loss:0.5646
[2025-01-21 19:54:41,087][INFO] Epoch[1/80], train B-acc: 0.5000(0.5000-0.5000), test B-acc: 0.5000(0.5000-0.5000)
[2025-01-21 19:54:41,087][INFO] Epoch[1/80], train AUC: 0.7161(0.6115-0.8017), test AUC: 0.6687(0.5547-0.7850)
[2025-01-21 19:57:45,879][INFO] Epoch[2/80], loss:0.5380, CE loss:0.5380
[2025-01-21 19:57:45,879][INFO] Epoch[2/80], train B-acc: 0.5000(0.5000-0.5000), test B-acc: 0.5000(0.5000-0.5000)
[2025-01-21 19:57:45,880][INFO] Epoch[2/80], train AUC: 0.7738(0.6868-0.8569), test AUC: 0.6901(0.5718-0.7977)
[2025-01-21 20:00:07,580][INFO] Epoch[3/80], loss:0.5292, CE loss:0.5292
[2025-01-21 20:00:07,581][INFO] Epoch[3/80], train B-acc: 0.5000(0.5000-0.5000), test B-acc: 0.5000(0.5000-0.5000)
[2025-01-21 20:00:07,581][INFO] Epoch[3/80], train AUC: 0.8016(0.7164-0.8702), test AUC: 0.7017(0.5878-0.8042)
[2025-01-21 20:02:28,692][INFO] Epoch[4/80], loss:0.5226, CE loss:0.5226
[2025-01-21 20:02:28,693][INFO] Epoch[4/80], train B-acc: 0.5000(0.5000-0.5000), test B-acc: 0.5000(0.5000-0.5000)
[2025-01-21 20:02:28,693][INFO] Epoch[4/80], train AUC: 0.8119(0.7314-0.8795), test AUC: 0.7157(0.6043-0.8192)
[2025-01-21 20:04:41,236][INFO] Epoch[5/80], loss:0.5189, CE loss:0.5189
[2025-01-21 20:04:41,236][INFO] Epoch[5/80], train B-acc: 0.5092(0.4938-0.5396), test B-acc: 0.5000(0.5000-0.5000)
[2025-01-21 20:04:41,236][INFO] Epoch[5/80], train AUC: 0.8261(0.7504-0.8891), test AUC: 0.7207(0.6080-0.8181)
[2025-01-21 20:06:49,017][INFO] Epoch[6/80], loss:0.5156, CE loss:0.5156
[2025-01-21 20:06:49,018][INFO] Epoch[6/80], train B-acc: 0.5066(0.4915-0.5337), test B-acc: 0.5000(0.5000-0.5000)
[2025-01-21 20:06:49,018][INFO] Epoch[6/80], train AUC: 0.8349(0.7638-0.8999), test AUC: 0.7316(0.6130-0.8333)
[2025-01-21 20:08:51,397][INFO] Epoch[7/80], loss:0.5113, CE loss:0.5113
[2025-01-21 20:08:51,398][INFO] Epoch[7/80], train B-acc: 0.5066(0.4898-0.5355), test B-acc: 0.5000(0.5000-0.5000)
[2025-01-21 20:08:51,398][INFO] Epoch[7/80], train AUC: 0.8513(0.7762-0.9108), test AUC: 0.7516(0.6314-0.8534)
[2025-01-21 20:10:51,831][INFO] Epoch[8/80], loss:0.5082, CE loss:0.5082
[2025-01-21 20:10:51,832][INFO] Epoch[8/80], train B-acc: 0.5303(0.4958-0.5753), test B-acc: 0.5000(0.5000-0.5000)
[2025-01-21 20:10:51,832][INFO] Epoch[8/80], train AUC: 0.8629(0.7939-0.9183), test AUC: 0.7568(0.6376-0.8577)
[2025-01-21 20:12:49,554][INFO] Epoch[9/80], loss:0.5045, CE loss:0.5045
[2025-01-21 20:12:49,555][INFO] Epoch[9/80], train B-acc: 0.5423(0.5028-0.5933), test B-acc: 0.5000(0.5000-0.5000)
[2025-01-21 20:12:49,556][INFO] Epoch[9/80], train AUC: 0.8757(0.8152-0.9291), test AUC: 0.7588(0.6369-0.8539)
[2025-01-21 20:14:46,870][INFO] Epoch[10/80], loss:0.5012, CE loss:0.5012
[2025-01-21 20:14:46,871][INFO] Epoch[10/80], train B-acc: 0.5551(0.5102-0.6090), test B-acc: 0.5000(0.5000-0.5000)
[2025-01-21 20:14:46,871][INFO] Epoch[10/80], train AUC: 0.8870(0.8293-0.9312), test AUC: 0.7624(0.6527-0.8599)
[2025-01-21 20:16:44,562][INFO] Epoch[11/80], loss:0.4985, CE loss:0.4985
[2025-01-21 20:16:44,562][INFO] Epoch[11/80], train B-acc: 0.6044(0.5504-0.6765), test B-acc: 0.5469(0.5000-0.6071)
[2025-01-21 20:16:44,562][INFO] Epoch[11/80], train AUC: 0.8992(0.8448-0.9409), test AUC: 0.7668(0.6605-0.8642)
[2025-01-21 20:18:43,867][INFO] Epoch[12/80], loss:0.4956, CE loss:0.4956
[2025-01-21 20:18:43,869][INFO] Epoch[12/80], train B-acc: 0.6192(0.5547-0.6860), test B-acc: 0.5469(0.5000-0.6129)
[2025-01-21 20:18:43,869][INFO] Epoch[12/80], train AUC: 0.9083(0.8617-0.9483), test AUC: 0.7751(0.6663-0.8729)
[2025-01-21 20:20:43,604][INFO] Epoch[13/80], loss:0.4921, CE loss:0.4921
[2025-01-21 20:20:43,615][INFO] Epoch[13/80], train B-acc: 0.6151(0.5541-0.6839), test B-acc: 0.5581(0.5070-0.6236)
[2025-01-21 20:20:43,615][INFO] Epoch[13/80], train AUC: 0.9138(0.8701-0.9484), test AUC: 0.7831(0.6714-0.8743)
[2025-01-21 20:22:42,736][INFO] Epoch[14/80], loss:0.4896, CE loss:0.4896
[2025-01-21 20:22:42,737][INFO] Epoch[14/80], train B-acc: 0.6184(0.5564-0.6888), test B-acc: 0.5400(0.4939-0.6071)
[2025-01-21 20:22:42,737][INFO] Epoch[14/80], train AUC: 0.9214(0.8830-0.9552), test AUC: 0.7848(0.6786-0.8804)
[2025-01-21 20:24:41,573][INFO] Epoch[15/80], loss:0.4861, CE loss:0.4861
[2025-01-21 20:24:41,573][INFO] Epoch[15/80], train B-acc: 0.6402(0.5729-0.7181), test B-acc: 0.5750(0.5147-0.6522)
[2025-01-21 20:24:41,573][INFO] Epoch[15/80], train AUC: 0.9282(0.8917-0.9600), test AUC: 0.7929(0.6745-0.8726)
[2025-01-21 20:26:40,887][INFO] Epoch[16/80], loss:0.4835, CE loss:0.4835
[2025-01-21 20:26:40,887][INFO] Epoch[16/80], train B-acc: 0.6528(0.5838-0.7317), test B-acc: 0.5679(0.5065-0.6481)
[2025-01-21 20:26:40,887][INFO] Epoch[16/80], train AUC: 0.9330(0.8972-0.9618), test AUC: 0.7866(0.6798-0.8824)
[2025-01-21 20:28:37,182][INFO] Epoch[17/80], loss:0.4813, CE loss:0.4813
[2025-01-21 20:28:37,182][INFO] Epoch[17/80], train B-acc: 0.6765(0.6042-0.7566), test B-acc: 0.5976(0.5207-0.6871)
[2025-01-21 20:28:37,183][INFO] Epoch[17/80], train AUC: 0.9394(0.9037-0.9659), test AUC: 0.7924(0.6765-0.8810)
[2025-01-21 20:30:34,703][INFO] Epoch[18/80], loss:0.4786, CE loss:0.4786
[2025-01-21 20:30:34,704][INFO] Epoch[18/80], train B-acc: 0.6765(0.6049-0.7606), test B-acc: 0.5976(0.5234-0.6790)
[2025-01-21 20:30:34,704][INFO] Epoch[18/80], train AUC: 0.9428(0.9074-0.9724), test AUC: 0.7987(0.6931-0.8784)
[2025-01-21 20:32:34,422][INFO] Epoch[19/80], loss:0.4763, CE loss:0.4763
[2025-01-21 20:32:34,422][INFO] Epoch[19/80], train B-acc: 0.6932(0.6184-0.7721), test B-acc: 0.5957(0.5241-0.6786)
[2025-01-21 20:32:34,423][INFO] Epoch[19/80], train AUC: 0.9470(0.9130-0.9744), test AUC: 0.7941(0.6966-0.8824)
[2025-01-21 20:34:34,357][INFO] Epoch[20/80], loss:0.4742, CE loss:0.4742
[2025-01-21 20:34:34,357][INFO] Epoch[20/80], train B-acc: 0.7346(0.6586-0.8132), test B-acc: 0.5883(0.5172-0.6698)
[2025-01-21 20:34:34,357][INFO] Epoch[20/80], train AUC: 0.9499(0.9150-0.9750), test AUC: 0.7970(0.6953-0.8864)
[2025-01-21 20:36:34,297][INFO] Epoch[21/80], loss:0.4720, CE loss:0.4720
[2025-01-21 20:36:34,297][INFO] Epoch[21/80], train B-acc: 0.7378(0.6653-0.8121), test B-acc: 0.5962(0.5213-0.6873)
[2025-01-21 20:36:34,297][INFO] Epoch[21/80], train AUC: 0.9544(0.9240-0.9765), test AUC: 0.8038(0.6950-0.8864)
[2025-01-21 20:38:49,961][INFO] Epoch[22/80], loss:0.4704, CE loss:0.4704
[2025-01-21 20:38:49,961][INFO] Epoch[22/80], train B-acc: 0.7394(0.6601-0.8119), test B-acc: 0.5937(0.5261-0.6743)
[2025-01-21 20:38:49,961][INFO] Epoch[22/80], train AUC: 0.9572(0.9276-0.9799), test AUC: 0.8000(0.7010-0.8868)
[2025-01-21 20:40:41,907][INFO] Epoch[23/80], loss:0.4686, CE loss:0.4686
[2025-01-21 20:40:41,908][INFO] Epoch[23/80], train B-acc: 0.7458(0.6690-0.8273), test B-acc: 0.5906(0.5144-0.6745)
[2025-01-21 20:40:41,908][INFO] Epoch[23/80], train AUC: 0.9590(0.9322-0.9814), test AUC: 0.8021(0.7011-0.8888)
[2025-01-21 20:42:38,993][INFO] Epoch[24/80], loss:0.4662, CE loss:0.4662
[2025-01-21 20:42:38,993][INFO] Epoch[24/80], train B-acc: 0.7467(0.6660-0.8206), test B-acc: 0.5897(0.5175-0.6779)
[2025-01-21 20:42:38,993][INFO] Epoch[24/80], train AUC: 0.9627(0.9346-0.9810), test AUC: 0.8038(0.7076-0.8907)
[2025-01-21 20:44:38,740][INFO] Epoch[25/80], loss:0.4654, CE loss:0.4654
[2025-01-21 20:44:38,740][INFO] Epoch[25/80], train B-acc: 0.7505(0.6724-0.8235), test B-acc: 0.5956(0.5220-0.6821)
[2025-01-21 20:44:38,741][INFO] Epoch[25/80], train AUC: 0.9639(0.9360-0.9826), test AUC: 0.8071(0.7043-0.8829)
[2025-01-21 20:47:23,880][INFO] Epoch[26/80], loss:0.4639, CE loss:0.4639
[2025-01-21 20:47:23,881][INFO] Epoch[26/80], train B-acc: 0.8309(0.7599-0.9006), test B-acc: 0.6094(0.5281-0.7097)
[2025-01-21 20:47:23,881][INFO] Epoch[26/80], train AUC: 0.9662(0.9378-0.9846), test AUC: 0.8041(0.7025-0.8898)
[2025-01-21 20:50:07,093][INFO] Epoch[27/80], loss:0.4619, CE loss:0.4619
[2025-01-21 20:50:07,093][INFO] Epoch[27/80], train B-acc: 0.8213(0.7477-0.8911), test B-acc: 0.5991(0.5163-0.6854)
[2025-01-21 20:50:07,093][INFO] Epoch[27/80], train AUC: 0.9675(0.9448-0.9856), test AUC: 0.8063(0.7053-0.8864)
[2025-01-21 20:52:07,027][INFO] Epoch[28/80], loss:0.4600, CE loss:0.4600
[2025-01-21 20:52:07,027][INFO] Epoch[28/80], train B-acc: 0.8179(0.7436-0.8920), test B-acc: 0.5956(0.5165-0.6854)
[2025-01-21 20:52:07,028][INFO] Epoch[28/80], train AUC: 0.9695(0.9459-0.9867), test AUC: 0.8022(0.7026-0.8857)
[2025-01-21 20:54:07,471][INFO] Epoch[29/80], loss:0.4591, CE loss:0.4591
[2025-01-21 20:54:07,472][INFO] Epoch[29/80], train B-acc: 0.8330(0.7537-0.8972), test B-acc: 0.6312(0.5431-0.7267)
[2025-01-21 20:54:07,472][INFO] Epoch[29/80], train AUC: 0.9710(0.9480-0.9869), test AUC: 0.8020(0.6933-0.8854)
[2025-01-21 20:56:07,196][INFO] Epoch[30/80], loss:0.4576, CE loss:0.4576
[2025-01-21 20:56:07,196][INFO] Epoch[30/80], train B-acc: 0.8307(0.7555-0.9081), test B-acc: 0.6274(0.5382-0.7210)
[2025-01-21 20:56:07,197][INFO] Epoch[30/80], train AUC: 0.9719(0.9487-0.9896), test AUC: 0.7979(0.6900-0.8804)
[2025-01-21 20:58:05,906][INFO] Epoch[31/80], loss:0.4563, CE loss:0.4563
[2025-01-21 20:58:05,907][INFO] Epoch[31/80], train B-acc: 0.8356(0.7567-0.9048), test B-acc: 0.5924(0.5107-0.6802)
[2025-01-21 20:58:05,907][INFO] Epoch[31/80], train AUC: 0.9742(0.9546-0.9896), test AUC: 0.7958(0.6975-0.8750)
[2025-01-21 21:00:05,681][INFO] Epoch[32/80], loss:0.4550, CE loss:0.4550
[2025-01-21 21:00:05,681][INFO] Epoch[32/80], train B-acc: 0.8404(0.7672-0.9063), test B-acc: 0.6456(0.5536-0.7416)
[2025-01-21 21:00:05,681][INFO] Epoch[32/80], train AUC: 0.9750(0.9546-0.9899), test AUC: 0.8004(0.7083-0.8780)
[2025-01-21 21:02:10,136][INFO] Epoch[33/80], loss:0.4536, CE loss:0.4536
[2025-01-21 21:02:10,137][INFO] Epoch[33/80], train B-acc: 0.8431(0.7646-0.9103), test B-acc: 0.6309(0.5419-0.7319)
[2025-01-21 21:02:10,137][INFO] Epoch[33/80], train AUC: 0.9767(0.9575-0.9907), test AUC: 0.7962(0.6988-0.8815)
[2025-01-21 21:04:07,672][INFO] Epoch[34/80], loss:0.4525, CE loss:0.4525
[2025-01-21 21:04:07,673][INFO] Epoch[34/80], train B-acc: 0.8431(0.7716-0.9080), test B-acc: 0.6332(0.5344-0.7318)
[2025-01-21 21:04:07,673][INFO] Epoch[34/80], train AUC: 0.9777(0.9579-0.9916), test AUC: 0.7952(0.7010-0.8767)
[2025-01-21 21:06:04,535][INFO] Epoch[35/80], loss:0.4507, CE loss:0.4507
[2025-01-21 21:06:04,535][INFO] Epoch[35/80], train B-acc: 0.8448(0.7691-0.9147), test B-acc: 0.6305(0.5430-0.7211)
[2025-01-21 21:06:04,535][INFO] Epoch[35/80], train AUC: 0.9790(0.9605-0.9931), test AUC: 0.7917(0.6951-0.8730)
[2025-01-21 21:08:05,667][INFO] Epoch[36/80], loss:0.4499, CE loss:0.4499
[2025-01-21 21:08:05,668][INFO] Epoch[36/80], train B-acc: 0.8618(0.7943-0.9262), test B-acc: 0.6586(0.5692-0.7504)
[2025-01-21 21:08:05,668][INFO] Epoch[36/80], train AUC: 0.9794(0.9622-0.9924), test AUC: 0.7903(0.6953-0.8793)
[2025-01-21 21:10:01,488][INFO] Epoch[37/80], loss:0.4485, CE loss:0.4485
[2025-01-21 21:10:01,489][INFO] Epoch[37/80], train B-acc: 0.8538(0.7832-0.9202), test B-acc: 0.6585(0.5654-0.7557)
[2025-01-21 21:10:01,489][INFO] Epoch[37/80], train AUC: 0.9813(0.9640-0.9929), test AUC: 0.7955(0.6956-0.8748)
[2025-01-21 21:12:06,395][INFO] Epoch[38/80], loss:0.4472, CE loss:0.4472
[2025-01-21 21:12:06,395][INFO] Epoch[38/80], train B-acc: 0.8594(0.7864-0.9202), test B-acc: 0.6405(0.5489-0.7328)
[2025-01-21 21:12:06,396][INFO] Epoch[38/80], train AUC: 0.9830(0.9678-0.9936), test AUC: 0.7858(0.6896-0.8782)
[2025-01-21 21:14:07,892][INFO] Epoch[39/80], loss:0.4461, CE loss:0.4461
[2025-01-21 21:14:07,893][INFO] Epoch[39/80], train B-acc: 0.8615(0.7822-0.9221), test B-acc: 0.6453(0.5545-0.7363)
[2025-01-21 21:14:07,893][INFO] Epoch[39/80], train AUC: 0.9845(0.9702-0.9943), test AUC: 0.7887(0.6853-0.8726)
[2025-01-21 21:16:06,799][INFO] Epoch[40/80], loss:0.4449, CE loss:0.4449
[2025-01-21 21:16:06,800][INFO] Epoch[40/80], train B-acc: 0.8712(0.7983-0.9387), test B-acc: 0.6569(0.5614-0.7622)
[2025-01-21 21:16:06,800][INFO] Epoch[40/80], train AUC: 0.9863(0.9731-0.9950), test AUC: 0.7841(0.6953-0.8734)
[2025-01-21 21:18:06,961][INFO] Epoch[41/80], loss:0.4436, CE loss:0.4436
[2025-01-21 21:18:06,961][INFO] Epoch[41/80], train B-acc: 0.8611(0.7853-0.9275), test B-acc: 0.6431(0.5519-0.7432)
[2025-01-21 21:18:06,962][INFO] Epoch[41/80], train AUC: 0.9882(0.9763-0.9960), test AUC: 0.7863(0.6798-0.8738)
[2025-01-21 21:20:05,804][INFO] Epoch[42/80], loss:0.4425, CE loss:0.4425
[2025-01-21 21:20:05,804][INFO] Epoch[42/80], train B-acc: 0.8857(0.8118-0.9444), test B-acc: 0.6776(0.5820-0.7720)
[2025-01-21 21:20:05,804][INFO] Epoch[42/80], train AUC: 0.9892(0.9773-0.9967), test AUC: 0.7836(0.6891-0.8745)
[2025-01-21 21:22:04,143][INFO] Epoch[43/80], loss:0.4419, CE loss:0.4419
[2025-01-21 21:22:04,144][INFO] Epoch[43/80], train B-acc: 0.9253(0.8688-0.9739), test B-acc: 0.6947(0.5948-0.7949)
[2025-01-21 21:22:04,144][INFO] Epoch[43/80], train AUC: 0.9894(0.9780-0.9967), test AUC: 0.7832(0.6815-0.8724)
[2025-01-21 21:24:05,801][INFO] Epoch[44/80], loss:0.4410, CE loss:0.4410
[2025-01-21 21:24:05,801][INFO] Epoch[44/80], train B-acc: 0.9125(0.8452-0.9659), test B-acc: 0.6734(0.5772-0.7679)
[2025-01-21 21:24:05,801][INFO] Epoch[44/80], train AUC: 0.9907(0.9794-0.9975), test AUC: 0.7771(0.6784-0.8615)
[2025-01-21 21:26:10,670][INFO] Epoch[45/80], loss:0.4394, CE loss:0.4394
[2025-01-21 21:26:10,670][INFO] Epoch[45/80], train B-acc: 0.9348(0.8762-0.9808), test B-acc: 0.6742(0.5789-0.7762)
[2025-01-21 21:26:10,670][INFO] Epoch[45/80], train AUC: 0.9915(0.9815-0.9976), test AUC: 0.7827(0.6776-0.8664)
[2025-01-21 21:28:14,447][INFO] Epoch[46/80], loss:0.4387, CE loss:0.4387
[2025-01-21 21:28:14,447][INFO] Epoch[46/80], train B-acc: 0.9078(0.8469-0.9634), test B-acc: 0.6752(0.5811-0.7643)
[2025-01-21 21:28:14,447][INFO] Epoch[46/80], train AUC: 0.9924(0.9836-0.9979), test AUC: 0.7788(0.6789-0.8690)
[2025-01-21 21:30:20,539][INFO] Epoch[47/80], loss:0.4379, CE loss:0.4379
[2025-01-21 21:30:20,540][INFO] Epoch[47/80], train B-acc: 0.9346(0.8794-0.9782), test B-acc: 0.6753(0.5805-0.7723)
[2025-01-21 21:30:20,540][INFO] Epoch[47/80], train AUC: 0.9933(0.9845-0.9981), test AUC: 0.7787(0.6755-0.8660)
[2025-01-21 21:32:21,737][INFO] Epoch[48/80], loss:0.4367, CE loss:0.4367
[2025-01-21 21:32:21,738][INFO] Epoch[48/80], train B-acc: 0.9327(0.8774-0.9799), test B-acc: 0.6917(0.5994-0.7890)
[2025-01-21 21:32:21,738][INFO] Epoch[48/80], train AUC: 0.9937(0.9862-0.9984), test AUC: 0.7728(0.6743-0.8651)
[2025-01-21 21:34:25,396][INFO] Epoch[49/80], loss:0.4355, CE loss:0.4355
[2025-01-21 21:34:25,396][INFO] Epoch[49/80], train B-acc: 0.9374(0.8844-0.9823), test B-acc: 0.6930(0.5988-0.7901)
[2025-01-21 21:34:25,396][INFO] Epoch[49/80], train AUC: 0.9949(0.9879-0.9989), test AUC: 0.7770(0.6730-0.8672)
[2025-01-21 21:36:28,239][INFO] Epoch[50/80], loss:0.4347, CE loss:0.4347
[2025-01-21 21:36:28,239][INFO] Epoch[50/80], train B-acc: 0.9397(0.8846-0.9828), test B-acc: 0.6759(0.5778-0.7776)
[2025-01-21 21:36:28,239][INFO] Epoch[50/80], train AUC: 0.9957(0.9895-0.9991), test AUC: 0.7725(0.6675-0.8588)
[2025-01-21 21:38:32,033][INFO] Epoch[51/80], loss:0.4343, CE loss:0.4343
[2025-01-21 21:38:32,033][INFO] Epoch[51/80], train B-acc: 0.9394(0.8810-0.9833), test B-acc: 0.6789(0.5811-0.7729)
[2025-01-21 21:38:32,033][INFO] Epoch[51/80], train AUC: 0.9961(0.9902-0.9992), test AUC: 0.7730(0.6795-0.8640)
[2025-01-21 21:40:36,291][INFO] Epoch[52/80], loss:0.4336, CE loss:0.4336
[2025-01-21 21:40:36,291][INFO] Epoch[52/80], train B-acc: 0.9375(0.8795-0.9839), test B-acc: 0.6918(0.5940-0.7879)
[2025-01-21 21:40:36,291][INFO] Epoch[52/80], train AUC: 0.9967(0.9913-0.9993), test AUC: 0.7685(0.6636-0.8579)
[2025-01-21 21:42:44,545][INFO] Epoch[53/80], loss:0.4318, CE loss:0.4318
[2025-01-21 21:42:44,546][INFO] Epoch[53/80], train B-acc: 0.9483(0.8921-0.9857), test B-acc: 0.7069(0.6083-0.8069)
[2025-01-21 21:42:44,556][INFO] Epoch[53/80], train AUC: 0.9972(0.9924-0.9996), test AUC: 0.7696(0.6712-0.8593)
[2025-01-21 21:44:50,385][INFO] Epoch[54/80], loss:0.4313, CE loss:0.4313
[2025-01-21 21:44:50,386][INFO] Epoch[54/80], train B-acc: 0.9540(0.9067-0.9889), test B-acc: 0.7091(0.6071-0.8013)
[2025-01-21 21:44:50,386][INFO] Epoch[54/80], train AUC: 0.9971(0.9928-0.9996), test AUC: 0.7737(0.6746-0.8645)
[2025-01-21 21:47:02,855][INFO] Epoch[55/80], loss:0.4304, CE loss:0.4304
[2025-01-21 21:47:02,855][INFO] Epoch[55/80], train B-acc: 0.9590(0.9109-0.9958), test B-acc: 0.7033(0.6064-0.7982)
[2025-01-21 21:47:02,855][INFO] Epoch[55/80], train AUC: 0.9976(0.9932-0.9998), test AUC: 0.7638(0.6667-0.8556)
[2025-01-21 21:49:20,316][INFO] Epoch[56/80], loss:0.4294, CE loss:0.4294
[2025-01-21 21:49:20,317][INFO] Epoch[56/80], train B-acc: 0.9584(0.9115-0.9939), test B-acc: 0.7024(0.5944-0.7931)
[2025-01-21 21:49:20,317][INFO] Epoch[56/80], train AUC: 0.9980(0.9938-0.9999), test AUC: 0.7651(0.6531-0.8553)
[2025-01-21 21:51:23,466][INFO] Epoch[57/80], loss:0.4291, CE loss:0.4291
[2025-01-21 21:51:23,466][INFO] Epoch[57/80], train B-acc: 0.9592(0.9125-0.9936), test B-acc: 0.6900(0.5857-0.7777)
[2025-01-21 21:51:23,466][INFO] Epoch[57/80], train AUC: 0.9983(0.9948-0.9999), test AUC: 0.7639(0.6660-0.8554)
[2025-01-21 21:53:35,602][INFO] Epoch[58/80], loss:0.4279, CE loss:0.4279
[2025-01-21 21:53:35,602][INFO] Epoch[58/80], train B-acc: 0.9701(0.9291-0.9979), test B-acc: 0.6984(0.6113-0.7970)
[2025-01-21 21:53:35,602][INFO] Epoch[58/80], train AUC: 0.9985(0.9954-1.0000), test AUC: 0.7608(0.6552-0.8539)
[2025-01-21 21:55:45,665][INFO] Epoch[59/80], loss:0.4273, CE loss:0.4273
[2025-01-21 21:55:45,665][INFO] Epoch[59/80], train B-acc: 0.9735(0.9348-0.9979), test B-acc: 0.6888(0.5912-0.7808)
[2025-01-21 21:55:45,666][INFO] Epoch[59/80], train AUC: 0.9992(0.9969-1.0000), test AUC: 0.7652(0.6593-0.8505)
[2025-01-21 21:58:00,493][INFO] Epoch[60/80], loss:0.4262, CE loss:0.4262
[2025-01-21 21:58:00,493][INFO] Epoch[60/80], train B-acc: 0.9756(0.9374-1.0000), test B-acc: 0.6868(0.5882-0.7850)
[2025-01-21 21:58:00,493][INFO] Epoch[60/80], train AUC: 0.9992(0.9969-1.0000), test AUC: 0.7599(0.6485-0.8527)
[2025-01-21 22:00:07,600][INFO] Epoch[61/80], loss:0.4259, CE loss:0.4259
[2025-01-21 22:00:07,601][INFO] Epoch[61/80], train B-acc: 0.9852(0.9586-1.0000), test B-acc: 0.6737(0.5640-0.7776)
[2025-01-21 22:00:07,601][INFO] Epoch[61/80], train AUC: 0.9995(0.9976-1.0000), test AUC: 0.7572(0.6532-0.8541)
[2025-01-21 22:02:12,092][INFO] Epoch[62/80], loss:0.4250, CE loss:0.4250
[2025-01-21 22:02:12,093][INFO] Epoch[62/80], train B-acc: 0.9750(0.9355-1.0000), test B-acc: 0.6888(0.5924-0.7867)
[2025-01-21 22:02:12,093][INFO] Epoch[62/80], train AUC: 0.9995(0.9978-1.0000), test AUC: 0.7584(0.6507-0.8541)
[2025-01-21 22:04:07,262][INFO] Epoch[63/80], loss:0.4244, CE loss:0.4244
[2025-01-21 22:04:07,263][INFO] Epoch[63/80], train B-acc: 0.9756(0.9340-1.0000), test B-acc: 0.6700(0.5751-0.7665)
[2025-01-21 22:04:07,263][INFO] Epoch[63/80], train AUC: 0.9996(0.9980-1.0000), test AUC: 0.7554(0.6521-0.8461)
[2025-01-21 22:06:02,103][INFO] Epoch[64/80], loss:0.4237, CE loss:0.4237
[2025-01-21 22:06:02,104][INFO] Epoch[64/80], train B-acc: 0.9744(0.9335-1.0000), test B-acc: 0.6884(0.5850-0.7772)
[2025-01-21 22:06:02,104][INFO] Epoch[64/80], train AUC: 0.9996(0.9981-1.0000), test AUC: 0.7561(0.6530-0.8433)
[2025-01-21 22:08:00,069][INFO] Epoch[65/80], loss:0.4233, CE loss:0.4233
[2025-01-21 22:08:00,069][INFO] Epoch[65/80], train B-acc: 0.9917(0.9827-0.9979), test B-acc: 0.6819(0.5881-0.7787)
[2025-01-21 22:08:00,069][INFO] Epoch[65/80], train AUC: 0.9996(0.9980-1.0000), test AUC: 0.7548(0.6423-0.8525)
[2025-01-21 22:09:59,167][INFO] Epoch[66/80], loss:0.4222, CE loss:0.4222
[2025-01-21 22:09:59,169][INFO] Epoch[66/80], train B-acc: 0.9752(0.9312-1.0000), test B-acc: 0.6726(0.5657-0.7645)
[2025-01-21 22:09:59,169][INFO] Epoch[66/80], train AUC: 0.9998(0.9986-1.0000), test AUC: 0.7579(0.6565-0.8494)
[2025-01-21 22:11:55,247][INFO] Epoch[67/80], loss:0.4217, CE loss:0.4217
[2025-01-21 22:11:55,259][INFO] Epoch[67/80], train B-acc: 0.9744(0.9317-1.0000), test B-acc: 0.6711(0.5706-0.7662)
[2025-01-21 22:11:55,259][INFO] Epoch[67/80], train AUC: 0.9998(0.9986-1.0000), test AUC: 0.7572(0.6464-0.8506)
[2025-01-21 22:13:53,606][INFO] Epoch[68/80], loss:0.4210, CE loss:0.4210
[2025-01-21 22:13:53,606][INFO] Epoch[68/80], train B-acc: 0.9868(0.9564-1.0000), test B-acc: 0.6868(0.5860-0.7827)
[2025-01-21 22:13:53,607][INFO] Epoch[68/80], train AUC: 0.9997(0.9983-1.0000), test AUC: 0.7564(0.6534-0.8424)
[2025-01-21 22:15:51,147][INFO] Epoch[69/80], loss:0.4206, CE loss:0.4206
[2025-01-21 22:15:51,147][INFO] Epoch[69/80], train B-acc: 0.9958(0.9888-1.0000), test B-acc: 0.6848(0.5879-0.7844)
[2025-01-21 22:15:51,147][INFO] Epoch[69/80], train AUC: 0.9996(0.9981-1.0000), test AUC: 0.7525(0.6385-0.8534)
[2025-01-21 22:17:46,152][INFO] Epoch[70/80], loss:0.4201, CE loss:0.4201
[2025-01-21 22:17:46,152][INFO] Epoch[70/80], train B-acc: 0.9938(0.9853-1.0000), test B-acc: 0.6781(0.5782-0.7853)
[2025-01-21 22:17:46,154][INFO] Epoch[70/80], train AUC: 0.9997(0.9983-1.0000), test AUC: 0.7520(0.6401-0.8577)
[2025-01-21 22:19:44,281][INFO] Epoch[71/80], loss:0.4198, CE loss:0.4198
[2025-01-21 22:19:44,281][INFO] Epoch[71/80], train B-acc: 0.9958(0.9889-1.0000), test B-acc: 0.6848(0.5845-0.7861)
[2025-01-21 22:19:44,281][INFO] Epoch[71/80], train AUC: 0.9997(0.9982-1.0000), test AUC: 0.7532(0.6404-0.8487)
[2025-01-21 22:21:43,188][INFO] Epoch[72/80], loss:0.4189, CE loss:0.4189
[2025-01-21 22:21:43,188][INFO] Epoch[72/80], train B-acc: 0.9958(0.9894-1.0000), test B-acc: 0.6909(0.5911-0.7902)
[2025-01-21 22:21:43,188][INFO] Epoch[72/80], train AUC: 0.9997(0.9984-1.0000), test AUC: 0.7500(0.6412-0.8491)
[2025-01-21 22:23:41,275][INFO] Epoch[73/80], loss:0.4181, CE loss:0.4181
[2025-01-21 22:23:41,276][INFO] Epoch[73/80], train B-acc: 0.9979(0.9935-1.0000), test B-acc: 0.6759(0.5820-0.7713)
[2025-01-21 22:23:41,276][INFO] Epoch[73/80], train AUC: 0.9997(0.9983-1.0000), test AUC: 0.7548(0.6521-0.8401)
[2025-01-21 22:25:39,202][INFO] Epoch[74/80], loss:0.4175, CE loss:0.4175
[2025-01-21 22:25:39,202][INFO] Epoch[74/80], train B-acc: 0.9958(0.9892-1.0000), test B-acc: 0.6804(0.5750-0.7823)
[2025-01-21 22:25:39,202][INFO] Epoch[74/80], train AUC: 0.9997(0.9983-1.0000), test AUC: 0.7514(0.6520-0.8514)
[2025-01-21 22:27:36,123][INFO] Epoch[75/80], loss:0.4172, CE loss:0.4172
[2025-01-21 22:27:36,123][INFO] Epoch[75/80], train B-acc: 0.9916(0.9829-0.9980), test B-acc: 0.6716(0.5701-0.7704)
[2025-01-21 22:27:36,124][INFO] Epoch[75/80], train AUC: 0.9997(0.9983-1.0000), test AUC: 0.7520(0.6416-0.8465)
[2025-01-21 22:29:36,428][INFO] Epoch[76/80], loss:0.4170, CE loss:0.4170
[2025-01-21 22:29:36,429][INFO] Epoch[76/80], train B-acc: 0.9958(0.9893-1.0000), test B-acc: 0.6852(0.5853-0.7782)
[2025-01-21 22:29:36,429][INFO] Epoch[76/80], train AUC: 0.9997(0.9984-1.0000), test AUC: 0.7525(0.6422-0.8433)
[2025-01-21 22:31:35,489][INFO] Epoch[77/80], loss:0.4164, CE loss:0.4164
[2025-01-21 22:31:35,490][INFO] Epoch[77/80], train B-acc: 0.9979(0.9934-1.0000), test B-acc: 0.6738(0.5787-0.7810)
[2025-01-21 22:31:35,490][INFO] Epoch[77/80], train AUC: 0.9997(0.9983-1.0000), test AUC: 0.7514(0.6447-0.8515)
[2025-01-21 22:33:34,805][INFO] Epoch[78/80], loss:0.4157, CE loss:0.4157
[2025-01-21 22:33:34,805][INFO] Epoch[78/80], train B-acc: 0.9958(0.9894-1.0000), test B-acc: 0.6741(0.5765-0.7713)
[2025-01-21 22:33:34,805][INFO] Epoch[78/80], train AUC: 0.9997(0.9983-1.0000), test AUC: 0.7502(0.6380-0.8429)
[2025-01-21 22:35:34,322][INFO] Epoch[79/80], loss:0.4151, CE loss:0.4151
[2025-01-21 22:35:34,322][INFO] Epoch[79/80], train B-acc: 0.9958(0.9891-1.0000), test B-acc: 0.6633(0.5588-0.7604)
[2025-01-21 22:35:34,322][INFO] Epoch[79/80], train AUC: 0.9997(0.9982-1.0000), test AUC: 0.7481(0.6429-0.8448)
[2025-01-21 22:37:32,823][INFO] Epoch[80/80], loss:0.4145, CE loss:0.4145
[2025-01-21 22:37:32,825][INFO] Epoch[80/80], train B-acc: 0.9937(0.9861-1.0000), test B-acc: 0.6724(0.5782-0.7697)
[2025-01-21 22:37:32,825][INFO] Epoch[80/80], train AUC: 0.9997(0.9984-1.0000), test AUC: 0.7490(0.6402-0.8441)
