[2025-01-18 17:13:22,249][INFO] Running PROJECT: CRC-DX, P LEARNING RATE: 0.0001, OPTIMIZER: ADAMW, NUM EPOCHS: 80, BATCH SIZE: 2048, DEVICES: cuda, SMOOTHING: 0.1
[2025-01-18 17:13:22,250][INFO] params["in_chans"]=[200, 16]  python run_model.py --proj CRC-DX --num_epochs 80  --plr 1e-4  --smoothing 0.1 
[2025-01-18 17:13:22,250][INFO] params["dims"]=[512, 512] 下面尝试修改温度参数为0.9,但是实际效果不好
[2025-01-18 17:13:22,250][INFO] params["out_chans"]=[16, 8]
[2025-01-18 17:13:22,250][INFO] params["heads"]=[8, 4]
[2025-01-18 17:13:22,251][INFO] params["dropout"]=[0.8, 0.4, 0.4]
[2025-01-18 17:15:25,998][INFO] Epoch[1/80], loss:1.2668, CE loss:0.6600, info NCE loss:0.6068
[2025-01-18 17:15:25,998][INFO] Epoch[1/80], train B-acc: 0.5000(0.5000-0.5000), test B-acc: 0.5000(0.5000-0.5000)
[2025-01-18 17:15:25,998][INFO] Epoch[1/80], train AUC: 0.5748(0.4737-0.6745), test AUC: 0.4157(0.2943-0.5525)
[2025-01-18 17:17:22,676][INFO] Epoch[2/80], loss:1.1124, CE loss:0.5056, info NCE loss:0.6068
[2025-01-18 17:17:22,676][INFO] Epoch[2/80], train B-acc: 0.5000(0.5000-0.5000), test B-acc: 0.5000(0.5000-0.5000)
[2025-01-18 17:17:22,677][INFO] Epoch[2/80], train AUC: 0.6408(0.5407-0.7347), test AUC: 0.5066(0.3862-0.6275)
[2025-01-18 17:19:20,278][INFO] Epoch[3/80], loss:1.0784, CE loss:0.4716, info NCE loss:0.6067
[2025-01-18 17:19:20,278][INFO] Epoch[3/80], train B-acc: 0.5000(0.5000-0.5000), test B-acc: 0.5000(0.5000-0.5000)
[2025-01-18 17:19:20,278][INFO] Epoch[3/80], train AUC: 0.7191(0.6207-0.8107), test AUC: 0.6149(0.4860-0.7378)
[2025-01-18 17:22:31,870][INFO] Epoch[4/80], loss:1.0638, CE loss:0.4571, info NCE loss:0.6067
[2025-01-18 17:22:31,870][INFO] Epoch[4/80], train B-acc: 0.5000(0.5000-0.5000), test B-acc: 0.5000(0.5000-0.5000)
[2025-01-18 17:22:31,870][INFO] Epoch[4/80], train AUC: 0.7498(0.6536-0.8389), test AUC: 0.6783(0.5449-0.7957)
[2025-01-18 17:24:28,674][INFO] Epoch[5/80], loss:1.0559, CE loss:0.4492, info NCE loss:0.6067
[2025-01-18 17:24:28,674][INFO] Epoch[5/80], train B-acc: 0.5000(0.5000-0.5000), test B-acc: 0.5000(0.5000-0.5000)
[2025-01-18 17:24:28,674][INFO] Epoch[5/80], train AUC: 0.7700(0.6728-0.8531), test AUC: 0.7146(0.5811-0.8327)
[2025-01-18 17:26:27,326][INFO] Epoch[6/80], loss:1.0487, CE loss:0.4421, info NCE loss:0.6067
[2025-01-18 17:26:27,326][INFO] Epoch[6/80], train B-acc: 0.5000(0.5000-0.5000), test B-acc: 0.5000(0.5000-0.5000)
[2025-01-18 17:26:27,326][INFO] Epoch[6/80], train AUC: 0.7767(0.6827-0.8584), test AUC: 0.7227(0.5868-0.8310)
[2025-01-18 17:28:23,938][INFO] Epoch[7/80], loss:1.0422, CE loss:0.4356, info NCE loss:0.6066
[2025-01-18 17:28:23,939][INFO] Epoch[7/80], train B-acc: 0.5000(0.5000-0.5000), test B-acc: 0.5000(0.5000-0.5000)
[2025-01-18 17:28:23,939][INFO] Epoch[7/80], train AUC: 0.7874(0.6950-0.8691), test AUC: 0.7326(0.5967-0.8530)
[2025-01-18 17:30:21,974][INFO] Epoch[8/80], loss:1.0372, CE loss:0.4306, info NCE loss:0.6066
[2025-01-18 17:30:21,975][INFO] Epoch[8/80], train B-acc: 0.5385(0.5000-0.5833), test B-acc: 0.5000(0.5000-0.5000)
[2025-01-18 17:30:21,975][INFO] Epoch[8/80], train AUC: 0.7983(0.7064-0.8778), test AUC: 0.7321(0.5973-0.8552)
[2025-01-18 17:32:19,418][INFO] Epoch[9/80], loss:1.0328, CE loss:0.4263, info NCE loss:0.6065
[2025-01-18 17:32:19,418][INFO] Epoch[9/80], train B-acc: 0.5513(0.5116-0.6053), test B-acc: 0.5000(0.5000-0.5000)
[2025-01-18 17:32:19,418][INFO] Epoch[9/80], train AUC: 0.8066(0.7252-0.8872), test AUC: 0.7357(0.6139-0.8432)
[2025-01-18 17:34:30,852][INFO] Epoch[10/80], loss:1.0287, CE loss:0.4222, info NCE loss:0.6065
[2025-01-18 17:34:30,853][INFO] Epoch[10/80], train B-acc: 0.5658(0.5143-0.6286), test B-acc: 0.5000(0.5000-0.5000)
[2025-01-18 17:34:30,853][INFO] Epoch[10/80], train AUC: 0.8195(0.7270-0.8895), test AUC: 0.7480(0.6201-0.8590)
[2025-01-18 17:36:47,902][INFO] Epoch[11/80], loss:1.0240, CE loss:0.4176, info NCE loss:0.6064
[2025-01-18 17:36:47,902][INFO] Epoch[11/80], train B-acc: 0.5625(0.5139-0.6250), test B-acc: 0.5000(0.5000-0.5000)
[2025-01-18 17:36:47,902][INFO] Epoch[11/80], train AUC: 0.8225(0.7372-0.8948), test AUC: 0.7440(0.6224-0.8523)
[2025-01-18 17:38:59,854][INFO] Epoch[12/80], loss:1.0209, CE loss:0.4145, info NCE loss:0.6064
[2025-01-18 17:38:59,854][INFO] Epoch[12/80], train B-acc: 0.5638(0.5167-0.6250), test B-acc: 0.5185(0.5000-0.5652)
[2025-01-18 17:38:59,854][INFO] Epoch[12/80], train AUC: 0.8305(0.7432-0.9042), test AUC: 0.7543(0.6424-0.8571)
[2025-01-18 17:41:09,613][INFO] Epoch[13/80], loss:1.0163, CE loss:0.4100, info NCE loss:0.6063
[2025-01-18 17:41:09,613][INFO] Epoch[13/80], train B-acc: 0.5587(0.5117-0.6206), test B-acc: 0.5370(0.5000-0.5909)
[2025-01-18 17:41:09,613][INFO] Epoch[13/80], train AUC: 0.8432(0.7681-0.9051), test AUC: 0.7674(0.6441-0.8741)
[2025-01-18 17:43:21,136][INFO] Epoch[14/80], loss:1.0130, CE loss:0.4068, info NCE loss:0.6062
[2025-01-18 17:43:21,137][INFO] Epoch[14/80], train B-acc: 0.5714(0.5169-0.6440), test B-acc: 0.5370(0.5000-0.5938)
[2025-01-18 17:43:21,137][INFO] Epoch[14/80], train AUC: 0.8487(0.7710-0.9115), test AUC: 0.7688(0.6459-0.8721)
[2025-01-18 17:45:37,697][INFO] Epoch[15/80], loss:1.0091, CE loss:0.4030, info NCE loss:0.6061
[2025-01-18 17:45:37,697][INFO] Epoch[15/80], train B-acc: 0.6107(0.5477-0.6815), test B-acc: 0.5536(0.5000-0.6250)
[2025-01-18 17:45:37,697][INFO] Epoch[15/80], train AUC: 0.8566(0.7801-0.9179), test AUC: 0.7728(0.6573-0.8724)
[2025-01-18 17:47:53,169][INFO] Epoch[16/80], loss:1.0060, CE loss:0.4000, info NCE loss:0.6060
[2025-01-18 17:47:53,169][INFO] Epoch[16/80], train B-acc: 0.6121(0.5491-0.6838), test B-acc: 0.5556(0.5000-0.6250)
[2025-01-18 17:47:53,169][INFO] Epoch[16/80], train AUC: 0.8635(0.7841-0.9270), test AUC: 0.7747(0.6527-0.8688)
[2025-01-18 17:50:04,774][INFO] Epoch[17/80], loss:1.0035, CE loss:0.3976, info NCE loss:0.6059
[2025-01-18 17:50:04,774][INFO] Epoch[17/80], train B-acc: 0.6406(0.5704-0.7184), test B-acc: 0.5926(0.5294-0.6833)
[2025-01-18 17:50:04,774][INFO] Epoch[17/80], train AUC: 0.8708(0.7937-0.9323), test AUC: 0.7839(0.6657-0.8848)
[2025-01-18 17:52:11,664][INFO] Epoch[18/80], loss:0.9999, CE loss:0.3942, info NCE loss:0.6057
[2025-01-18 17:52:11,664][INFO] Epoch[18/80], train B-acc: 0.6419(0.5715-0.7134), test B-acc: 0.5938(0.5217-0.6774)
[2025-01-18 17:52:11,664][INFO] Epoch[18/80], train AUC: 0.8749(0.7926-0.9348), test AUC: 0.7847(0.6705-0.8869)
[2025-01-18 17:54:22,710][INFO] Epoch[19/80], loss:0.9966, CE loss:0.3911, info NCE loss:0.6055
[2025-01-18 17:54:22,710][INFO] Epoch[19/80], train B-acc: 0.6644(0.5890-0.7469), test B-acc: 0.5926(0.5238-0.6750)
[2025-01-18 17:54:22,710][INFO] Epoch[19/80], train AUC: 0.8789(0.8028-0.9360), test AUC: 0.7879(0.6699-0.8894)
[2025-01-18 17:56:25,021][INFO] Epoch[20/80], loss:0.9929, CE loss:0.3875, info NCE loss:0.6053
[2025-01-18 17:56:25,021][INFO] Epoch[20/80], train B-acc: 0.6675(0.5954-0.7386), test B-acc: 0.5938(0.5227-0.6852)
[2025-01-18 17:56:25,021][INFO] Epoch[20/80], train AUC: 0.8867(0.8096-0.9400), test AUC: 0.7976(0.6689-0.8971)
[2025-01-18 17:58:28,324][INFO] Epoch[21/80], loss:0.9905, CE loss:0.3854, info NCE loss:0.6051
[2025-01-18 17:58:28,324][INFO] Epoch[21/80], train B-acc: 0.6944(0.6171-0.7720), test B-acc: 0.6154(0.5357-0.7069)
[2025-01-18 17:58:28,325][INFO] Epoch[21/80], train AUC: 0.8910(0.8196-0.9487), test AUC: 0.8006(0.6961-0.8966)
[2025-01-18 18:00:30,118][INFO] Epoch[22/80], loss:0.9866, CE loss:0.3817, info NCE loss:0.6049
[2025-01-18 18:00:30,118][INFO] Epoch[22/80], train B-acc: 0.6783(0.6010-0.7576), test B-acc: 0.6154(0.5417-0.7083)
[2025-01-18 18:00:30,118][INFO] Epoch[22/80], train AUC: 0.8954(0.8188-0.9502), test AUC: 0.8083(0.6934-0.9038)
[2025-01-18 18:02:31,616][INFO] Epoch[23/80], loss:0.9835, CE loss:0.3789, info NCE loss:0.6046
[2025-01-18 18:02:31,617][INFO] Epoch[23/80], train B-acc: 0.6899(0.6154-0.7635), test B-acc: 0.6316(0.5556-0.7222)
[2025-01-18 18:02:31,617][INFO] Epoch[23/80], train AUC: 0.9004(0.8317-0.9502), test AUC: 0.8087(0.6906-0.9081)
[2025-01-18 18:04:34,795][INFO] Epoch[24/80], loss:0.9802, CE loss:0.3759, info NCE loss:0.6043
[2025-01-18 18:04:34,795][INFO] Epoch[24/80], train B-acc: 0.7061(0.6329-0.7860), test B-acc: 0.6515(0.5714-0.7500)
[2025-01-18 18:04:34,795][INFO] Epoch[24/80], train AUC: 0.9079(0.8399-0.9557), test AUC: 0.8138(0.6955-0.9087)
[2025-01-18 18:06:36,912][INFO] Epoch[25/80], loss:0.9770, CE loss:0.3731, info NCE loss:0.6039
[2025-01-18 18:06:36,912][INFO] Epoch[25/80], train B-acc: 0.7075(0.6297-0.7956), test B-acc: 0.6522(0.5714-0.7500)
[2025-01-18 18:06:36,912][INFO] Epoch[25/80], train AUC: 0.9106(0.8373-0.9619), test AUC: 0.8176(0.7034-0.9070)
[2025-01-18 18:08:45,762][INFO] Epoch[26/80], loss:0.9748, CE loss:0.3712, info NCE loss:0.6036
[2025-01-18 18:08:45,763][INFO] Epoch[26/80], train B-acc: 0.7031(0.6227-0.7895), test B-acc: 0.6719(0.5800-0.7619)
[2025-01-18 18:08:45,763][INFO] Epoch[26/80], train AUC: 0.9147(0.8491-0.9630), test AUC: 0.8227(0.7067-0.9102)
[2025-01-18 18:10:53,093][INFO] Epoch[27/80], loss:0.9712, CE loss:0.3681, info NCE loss:0.6031
[2025-01-18 18:10:53,093][INFO] Epoch[27/80], train B-acc: 0.7163(0.6407-0.8014), test B-acc: 0.6731(0.5833-0.7619)
[2025-01-18 18:10:53,093][INFO] Epoch[27/80], train AUC: 0.9200(0.8503-0.9652), test AUC: 0.8250(0.7040-0.9150)
[2025-01-18 18:13:02,644][INFO] Epoch[28/80], loss:0.9679, CE loss:0.3652, info NCE loss:0.6028
[2025-01-18 18:13:02,644][INFO] Epoch[28/80], train B-acc: 0.7198(0.6363-0.7978), test B-acc: 0.6905(0.6000-0.7885)
[2025-01-18 18:13:02,644][INFO] Epoch[28/80], train AUC: 0.9218(0.8573-0.9648), test AUC: 0.8277(0.7168-0.9196)
[2025-01-18 18:15:12,012][INFO] Epoch[29/80], loss:0.9648, CE loss:0.3625, info NCE loss:0.6023
[2025-01-18 18:15:12,012][INFO] Epoch[29/80], train B-acc: 0.7165(0.6426-0.7979), test B-acc: 0.6905(0.6000-0.7931)
[2025-01-18 18:15:12,012][INFO] Epoch[29/80], train AUC: 0.9262(0.8586-0.9685), test AUC: 0.8269(0.7136-0.9205)
[2025-01-18 18:17:21,797][INFO] Epoch[30/80], loss:0.9618, CE loss:0.3599, info NCE loss:0.6019
[2025-01-18 18:17:21,797][INFO] Epoch[30/80], train B-acc: 0.7165(0.6327-0.7957), test B-acc: 0.6923(0.6000-0.7955)
[2025-01-18 18:17:21,797][INFO] Epoch[30/80], train AUC: 0.9291(0.8650-0.9706), test AUC: 0.8320(0.7211-0.9214)
[2025-01-18 18:19:37,400][INFO] Epoch[31/80], loss:0.9591, CE loss:0.3576, info NCE loss:0.6015
[2025-01-18 18:19:37,400][INFO] Epoch[31/80], train B-acc: 0.7549(0.6704-0.8396), test B-acc: 0.7115(0.6250-0.8158)
[2025-01-18 18:19:37,400][INFO] Epoch[31/80], train AUC: 0.9341(0.8722-0.9726), test AUC: 0.8351(0.7235-0.9309)
[2025-01-18 18:21:51,771][INFO] Epoch[32/80], loss:0.9563, CE loss:0.3553, info NCE loss:0.6011
[2025-01-18 18:21:51,771][INFO] Epoch[32/80], train B-acc: 0.7143(0.6417-0.7907), test B-acc: 0.6905(0.6061-0.7895)
[2025-01-18 18:21:51,771][INFO] Epoch[32/80], train AUC: 0.9345(0.8761-0.9730), test AUC: 0.8378(0.7350-0.9221)
[2025-01-18 18:24:00,081][INFO] Epoch[33/80], loss:0.9536, CE loss:0.3530, info NCE loss:0.6006
[2025-01-18 18:24:00,082][INFO] Epoch[33/80], train B-acc: 0.7793(0.7066-0.8581), test B-acc: 0.7222(0.6218-0.8202)
[2025-01-18 18:24:00,082][INFO] Epoch[33/80], train AUC: 0.9357(0.8780-0.9768), test AUC: 0.8385(0.7339-0.9219)
[2025-01-18 18:26:01,449][INFO] Epoch[34/80], loss:0.9513, CE loss:0.3510, info NCE loss:0.6003
[2025-01-18 18:26:01,450][INFO] Epoch[34/80], train B-acc: 0.7919(0.7104-0.8655), test B-acc: 0.7426(0.6471-0.8413)
[2025-01-18 18:26:01,450][INFO] Epoch[34/80], train AUC: 0.9394(0.8805-0.9795), test AUC: 0.8452(0.7358-0.9300)
[2025-01-18 18:28:02,973][INFO] Epoch[35/80], loss:0.9486, CE loss:0.3486, info NCE loss:0.6000
[2025-01-18 18:28:02,974][INFO] Epoch[35/80], train B-acc: 0.7790(0.7038-0.8543), test B-acc: 0.7252(0.6279-0.8261)
[2025-01-18 18:28:02,974][INFO] Epoch[35/80], train AUC: 0.9430(0.8821-0.9790), test AUC: 0.8465(0.7467-0.9336)
[2025-01-18 18:30:08,073][INFO] Epoch[36/80], loss:0.9457, CE loss:0.3462, info NCE loss:0.5996
[2025-01-18 18:30:08,073][INFO] Epoch[36/80], train B-acc: 0.7910(0.7127-0.8679), test B-acc: 0.7432(0.6467-0.8387)
[2025-01-18 18:30:08,073][INFO] Epoch[36/80], train AUC: 0.9461(0.8859-0.9823), test AUC: 0.8468(0.7499-0.9314)
[2025-01-18 18:32:17,779][INFO] Epoch[37/80], loss:0.9431, CE loss:0.3439, info NCE loss:0.5992
[2025-01-18 18:32:17,779][INFO] Epoch[37/80], train B-acc: 0.7888(0.7087-0.8682), test B-acc: 0.7432(0.6458-0.8450)
[2025-01-18 18:32:17,779][INFO] Epoch[37/80], train AUC: 0.9484(0.8866-0.9824), test AUC: 0.8491(0.7459-0.9311)
[2025-01-18 18:34:23,390][INFO] Epoch[38/80], loss:0.9403, CE loss:0.3414, info NCE loss:0.5990
[2025-01-18 18:34:23,391][INFO] Epoch[38/80], train B-acc: 0.7931(0.7055-0.8658), test B-acc: 0.7414(0.6467-0.8462)
[2025-01-18 18:34:23,391][INFO] Epoch[38/80], train AUC: 0.9501(0.8920-0.9837), test AUC: 0.8464(0.7493-0.9356)
[2025-01-18 18:36:25,374][INFO] Epoch[39/80], loss:0.9381, CE loss:0.3394, info NCE loss:0.5987
[2025-01-18 18:36:25,374][INFO] Epoch[39/80], train B-acc: 0.8075(0.7191-0.8810), test B-acc: 0.7432(0.6489-0.8387)
[2025-01-18 18:36:25,374][INFO] Epoch[39/80], train AUC: 0.9554(0.9000-0.9854), test AUC: 0.8504(0.7427-0.9298)
[2025-01-18 18:38:26,407][INFO] Epoch[40/80], loss:0.9354, CE loss:0.3371, info NCE loss:0.5983
[2025-01-18 18:38:26,407][INFO] Epoch[40/80], train B-acc: 0.8198(0.7454-0.8960), test B-acc: 0.7431(0.6458-0.8348)
[2025-01-18 18:38:26,407][INFO] Epoch[40/80], train AUC: 0.9558(0.9032-0.9860), test AUC: 0.8512(0.7467-0.9359)
[2025-01-18 18:40:26,696][INFO] Epoch[41/80], loss:0.9328, CE loss:0.3348, info NCE loss:0.5980
[2025-01-18 18:40:26,696][INFO] Epoch[41/80], train B-acc: 0.8222(0.7433-0.8988), test B-acc: 0.7434(0.6500-0.8409)
[2025-01-18 18:40:26,697][INFO] Epoch[41/80], train AUC: 0.9603(0.9105-0.9884), test AUC: 0.8507(0.7443-0.9344)
[2025-01-18 18:42:27,499][INFO] Epoch[42/80], loss:0.9314, CE loss:0.3336, info NCE loss:0.5978
[2025-01-18 18:42:27,499][INFO] Epoch[42/80], train B-acc: 0.8327(0.7473-0.9078), test B-acc: 0.7547(0.6496-0.8576)
[2025-01-18 18:42:27,499][INFO] Epoch[42/80], train AUC: 0.9613(0.9086-0.9900), test AUC: 0.8517(0.7397-0.9341)
[2025-01-18 18:44:28,333][INFO] Epoch[43/80], loss:0.9286, CE loss:0.3311, info NCE loss:0.5975
[2025-01-18 18:44:28,334][INFO] Epoch[43/80], train B-acc: 0.8202(0.7455-0.8906), test B-acc: 0.7429(0.6438-0.8378)
[2025-01-18 18:44:28,334][INFO] Epoch[43/80], train AUC: 0.9623(0.9119-0.9896), test AUC: 0.8532(0.7390-0.9297)
[2025-01-18 18:46:28,576][INFO] Epoch[44/80], loss:0.9263, CE loss:0.3291, info NCE loss:0.5972
[2025-01-18 18:46:28,576][INFO] Epoch[44/80], train B-acc: 0.8359(0.7602-0.9057), test B-acc: 0.7577(0.6685-0.8566)
[2025-01-18 18:46:28,577][INFO] Epoch[44/80], train AUC: 0.9665(0.9161-0.9913), test AUC: 0.8554(0.7518-0.9345)
[2025-01-18 18:48:28,286][INFO] Epoch[45/80], loss:0.9249, CE loss:0.3279, info NCE loss:0.5969
[2025-01-18 18:48:28,286][INFO] Epoch[45/80], train B-acc: 0.8468(0.7680-0.9162), test B-acc: 0.7422(0.6431-0.8313)
[2025-01-18 18:48:28,286][INFO] Epoch[45/80], train AUC: 0.9680(0.9168-0.9917), test AUC: 0.8508(0.7421-0.9307)
[2025-01-18 18:50:27,880][INFO] Epoch[46/80], loss:0.9225, CE loss:0.3258, info NCE loss:0.5966
[2025-01-18 18:50:27,880][INFO] Epoch[46/80], train B-acc: 0.8440(0.7725-0.9154), test B-acc: 0.7479(0.6480-0.8400)
[2025-01-18 18:50:27,880][INFO] Epoch[46/80], train AUC: 0.9699(0.9228-0.9925), test AUC: 0.8519(0.7645-0.9333)
[2025-01-18 18:52:28,796][INFO] Epoch[47/80], loss:0.9195, CE loss:0.3233, info NCE loss:0.5963
[2025-01-18 18:52:28,796][INFO] Epoch[47/80], train B-acc: 0.8461(0.7676-0.9144), test B-acc: 0.7501(0.6530-0.8400)
[2025-01-18 18:52:28,796][INFO] Epoch[47/80], train AUC: 0.9702(0.9251-0.9936), test AUC: 0.8532(0.7465-0.9305)
[2025-01-18 18:54:30,098][INFO] Epoch[48/80], loss:0.9179, CE loss:0.3219, info NCE loss:0.5960
[2025-01-18 18:54:30,098][INFO] Epoch[48/80], train B-acc: 0.8586(0.7799-0.9264), test B-acc: 0.7614(0.6609-0.8508)
[2025-01-18 18:54:30,098][INFO] Epoch[48/80], train AUC: 0.9716(0.9303-0.9933), test AUC: 0.8555(0.7553-0.9313)
[2025-01-18 18:56:31,535][INFO] Epoch[49/80], loss:0.9158, CE loss:0.3200, info NCE loss:0.5958
[2025-01-18 18:56:31,535][INFO] Epoch[49/80], train B-acc: 0.8578(0.7837-0.9224), test B-acc: 0.7595(0.6626-0.8586)
[2025-01-18 18:56:31,535][INFO] Epoch[49/80], train AUC: 0.9717(0.9287-0.9939), test AUC: 0.8566(0.7566-0.9345)
[2025-01-18 18:58:32,287][INFO] Epoch[50/80], loss:0.9139, CE loss:0.3185, info NCE loss:0.5954
[2025-01-18 18:58:32,287][INFO] Epoch[50/80], train B-acc: 0.8573(0.7814-0.9229), test B-acc: 0.7613(0.6688-0.8615)
[2025-01-18 18:58:32,287][INFO] Epoch[50/80], train AUC: 0.9727(0.9330-0.9951), test AUC: 0.8545(0.7487-0.9369)
[2025-01-18 19:00:33,760][INFO] Epoch[51/80], loss:0.9124, CE loss:0.3172, info NCE loss:0.5952
[2025-01-18 19:00:33,760][INFO] Epoch[51/80], train B-acc: 0.8851(0.8094-0.9501), test B-acc: 0.7643(0.6576-0.8577)
[2025-01-18 19:00:33,760][INFO] Epoch[51/80], train AUC: 0.9745(0.9349-0.9956), test AUC: 0.8572(0.7553-0.9425)
[2025-01-18 19:02:34,773][INFO] Epoch[52/80], loss:0.9096, CE loss:0.3147, info NCE loss:0.5949
[2025-01-18 19:02:34,774][INFO] Epoch[52/80], train B-acc: 0.8601(0.7862-0.9242), test B-acc: 0.7698(0.6697-0.8681)
[2025-01-18 19:02:34,774][INFO] Epoch[52/80], train AUC: 0.9757(0.9353-0.9953), test AUC: 0.8613(0.7625-0.9416)
[2025-01-18 19:04:37,817][INFO] Epoch[53/80], loss:0.9091, CE loss:0.3144, info NCE loss:0.5948
[2025-01-18 19:04:37,817][INFO] Epoch[53/80], train B-acc: 0.9256(0.8709-0.9733), test B-acc: 0.7942(0.6936-0.8917)
[2025-01-18 19:04:37,818][INFO] Epoch[53/80], train AUC: 0.9768(0.9370-0.9961), test AUC: 0.8584(0.7536-0.9423)
[2025-01-18 19:06:38,876][INFO] Epoch[54/80], loss:0.9083, CE loss:0.3137, info NCE loss:0.5946
[2025-01-18 19:06:38,876][INFO] Epoch[54/80], train B-acc: 0.8716(0.7999-0.9326), test B-acc: 0.7601(0.6557-0.8533)
[2025-01-18 19:06:38,876][INFO] Epoch[54/80], train AUC: 0.9782(0.9422-0.9964), test AUC: 0.8569(0.7495-0.9391)
[2025-01-18 19:08:40,369][INFO] Epoch[55/80], loss:0.9049, CE loss:0.3107, info NCE loss:0.5942
[2025-01-18 19:08:40,369][INFO] Epoch[55/80], train B-acc: 0.9243(0.8633-0.9756), test B-acc: 0.7978(0.6902-0.8893)
[2025-01-18 19:08:40,369][INFO] Epoch[55/80], train AUC: 0.9787(0.9410-0.9964), test AUC: 0.8596(0.7555-0.9381)
[2025-01-18 19:10:40,654][INFO] Epoch[56/80], loss:0.9024, CE loss:0.3085, info NCE loss:0.5939
[2025-01-18 19:10:40,655][INFO] Epoch[56/80], train B-acc: 0.9101(0.8478-0.9653), test B-acc: 0.7999(0.7039-0.8936)
[2025-01-18 19:10:40,655][INFO] Epoch[56/80], train AUC: 0.9797(0.9450-0.9967), test AUC: 0.8602(0.7555-0.9419)
[2025-01-18 19:12:42,050][INFO] Epoch[57/80], loss:0.9005, CE loss:0.3069, info NCE loss:0.5937
[2025-01-18 19:12:42,051][INFO] Epoch[57/80], train B-acc: 0.9008(0.8353-0.9556), test B-acc: 0.7807(0.6735-0.8770)
[2025-01-18 19:12:42,051][INFO] Epoch[57/80], train AUC: 0.9799(0.9426-0.9970), test AUC: 0.8601(0.7604-0.9396)
[2025-01-18 19:14:43,159][INFO] Epoch[58/80], loss:0.8994, CE loss:0.3060, info NCE loss:0.5934
[2025-01-18 19:14:43,159][INFO] Epoch[58/80], train B-acc: 0.9501(0.9008-0.9909), test B-acc: 0.7937(0.6913-0.8902)
[2025-01-18 19:14:43,159][INFO] Epoch[58/80], train AUC: 0.9810(0.9482-0.9977), test AUC: 0.8590(0.7529-0.9457)
[2025-01-18 19:16:43,776][INFO] Epoch[59/80], loss:0.8968, CE loss:0.3037, info NCE loss:0.5931
[2025-01-18 19:16:43,776][INFO] Epoch[59/80], train B-acc: 0.9129(0.8514-0.9674), test B-acc: 0.8001(0.7029-0.8963)
[2025-01-18 19:16:43,777][INFO] Epoch[59/80], train AUC: 0.9812(0.9501-0.9975), test AUC: 0.8605(0.7476-0.9390)
[2025-01-18 19:18:44,328][INFO] Epoch[60/80], loss:0.8958, CE loss:0.3029, info NCE loss:0.5929
[2025-01-18 19:18:44,328][INFO] Epoch[60/80], train B-acc: 0.9522(0.9028-0.9885), test B-acc: 0.7976(0.6960-0.8893)
[2025-01-18 19:18:44,328][INFO] Epoch[60/80], train AUC: 0.9823(0.9535-0.9976), test AUC: 0.8594(0.7604-0.9407)
[2025-01-18 19:20:46,018][INFO] Epoch[61/80], loss:0.8939, CE loss:0.3013, info NCE loss:0.5926
[2025-01-18 19:20:46,018][INFO] Epoch[61/80], train B-acc: 0.9516(0.9032-0.9908), test B-acc: 0.7960(0.6914-0.8867)
[2025-01-18 19:20:46,018][INFO] Epoch[61/80], train AUC: 0.9838(0.9506-0.9983), test AUC: 0.8612(0.7513-0.9420)
[2025-01-18 19:23:01,648][INFO] Epoch[62/80], loss:0.8922, CE loss:0.2998, info NCE loss:0.5924
[2025-01-18 19:23:01,648][INFO] Epoch[62/80], train B-acc: 0.9543(0.9034-0.9908), test B-acc: 0.7933(0.6968-0.8869)
[2025-01-18 19:23:01,648][INFO] Epoch[62/80], train AUC: 0.9838(0.9553-0.9980), test AUC: 0.8590(0.7576-0.9376)
[2025-01-18 19:25:18,128][INFO] Epoch[63/80], loss:0.8905, CE loss:0.2983, info NCE loss:0.5921
[2025-01-18 19:25:18,128][INFO] Epoch[63/80], train B-acc: 0.9492(0.8998-0.9866), test B-acc: 0.7861(0.6912-0.8758)
[2025-01-18 19:25:18,128][INFO] Epoch[63/80], train AUC: 0.9845(0.9569-0.9980), test AUC: 0.8605(0.7621-0.9360)
[2025-01-18 19:27:35,494][INFO] Epoch[64/80], loss:0.8893, CE loss:0.2973, info NCE loss:0.5920
[2025-01-18 19:27:35,495][INFO] Epoch[64/80], train B-acc: 0.9497(0.8997-0.9892), test B-acc: 0.7874(0.6979-0.8893)
[2025-01-18 19:27:35,495][INFO] Epoch[64/80], train AUC: 0.9843(0.9573-0.9982), test AUC: 0.8613(0.7570-0.9408)
[2025-01-18 19:29:52,956][INFO] Epoch[65/80], loss:0.8868, CE loss:0.2952, info NCE loss:0.5916
[2025-01-18 19:29:52,956][INFO] Epoch[65/80], train B-acc: 0.9532(0.9053-0.9911), test B-acc: 0.7861(0.6835-0.8840)
[2025-01-18 19:29:52,957][INFO] Epoch[65/80], train AUC: 0.9866(0.9623-0.9983), test AUC: 0.8590(0.7604-0.9442)
[2025-01-18 19:32:09,002][INFO] Epoch[66/80], loss:0.8855, CE loss:0.2939, info NCE loss:0.5915
[2025-01-18 19:32:09,002][INFO] Epoch[66/80], train B-acc: 0.9497(0.8961-0.9866), test B-acc: 0.7865(0.6811-0.8836)
[2025-01-18 19:32:09,002][INFO] Epoch[66/80], train AUC: 0.9864(0.9621-0.9982), test AUC: 0.8578(0.7579-0.9425)
[2025-01-18 19:34:24,491][INFO] Epoch[67/80], loss:0.8840, CE loss:0.2927, info NCE loss:0.5912
[2025-01-18 19:34:24,491][INFO] Epoch[67/80], train B-acc: 0.9527(0.8991-0.9896), test B-acc: 0.7857(0.6830-0.8775)
[2025-01-18 19:34:24,492][INFO] Epoch[67/80], train AUC: 0.9876(0.9642-0.9984), test AUC: 0.8625(0.7525-0.9446)
[2025-01-18 19:36:39,769][INFO] Epoch[68/80], loss:0.8823, CE loss:0.2914, info NCE loss:0.5909
[2025-01-18 19:36:39,769][INFO] Epoch[68/80], train B-acc: 0.9639(0.9239-0.9932), test B-acc: 0.7896(0.6857-0.8840)
[2025-01-18 19:36:39,769][INFO] Epoch[68/80], train AUC: 0.9872(0.9651-0.9985), test AUC: 0.8624(0.7529-0.9512)
[2025-01-18 19:38:55,678][INFO] Epoch[69/80], loss:0.8811, CE loss:0.2904, info NCE loss:0.5907
[2025-01-18 19:38:55,678][INFO] Epoch[69/80], train B-acc: 0.9600(0.9154-0.9887), test B-acc: 0.7811(0.6766-0.8732)
[2025-01-18 19:38:55,678][INFO] Epoch[69/80], train AUC: 0.9886(0.9667-0.9989), test AUC: 0.8626(0.7645-0.9472)
[2025-01-18 19:41:11,100][INFO] Epoch[70/80], loss:0.8800, CE loss:0.2894, info NCE loss:0.5906
[2025-01-18 19:41:11,100][INFO] Epoch[70/80], train B-acc: 0.9600(0.9138-0.9886), test B-acc: 0.7822(0.6829-0.8733)
[2025-01-18 19:41:11,100][INFO] Epoch[70/80], train AUC: 0.9895(0.9682-0.9989), test AUC: 0.8650(0.7663-0.9451)
[2025-01-18 19:43:26,370][INFO] Epoch[71/80], loss:0.8796, CE loss:0.2891, info NCE loss:0.5905
[2025-01-18 19:43:26,370][INFO] Epoch[71/80], train B-acc: 0.9556(0.9128-0.9869), test B-acc: 0.7806(0.6824-0.8760)
[2025-01-18 19:43:26,371][INFO] Epoch[71/80], train AUC: 0.9892(0.9691-0.9992), test AUC: 0.8626(0.7561-0.9472)
[2025-01-18 19:45:41,594][INFO] Epoch[72/80], loss:0.8784, CE loss:0.2880, info NCE loss:0.5903
[2025-01-18 19:45:41,594][INFO] Epoch[72/80], train B-acc: 0.9617(0.9198-0.9910), test B-acc: 0.7783(0.6824-0.8733)
[2025-01-18 19:45:41,594][INFO] Epoch[72/80], train AUC: 0.9900(0.9702-0.9993), test AUC: 0.8620(0.7627-0.9445)
[2025-01-18 19:47:58,535][INFO] Epoch[73/80], loss:0.8760, CE loss:0.2859, info NCE loss:0.5900
[2025-01-18 19:47:58,536][INFO] Epoch[73/80], train B-acc: 0.9639(0.9234-0.9929), test B-acc: 0.7865(0.6902-0.8795)
[2025-01-18 19:47:58,536][INFO] Epoch[73/80], train AUC: 0.9907(0.9732-0.9994), test AUC: 0.8629(0.7524-0.9429)
[2025-01-18 19:50:14,464][INFO] Epoch[74/80], loss:0.8752, CE loss:0.2853, info NCE loss:0.5898
[2025-01-18 19:50:14,464][INFO] Epoch[74/80], train B-acc: 0.9635(0.9197-0.9931), test B-acc: 0.7874(0.6847-0.8831)
[2025-01-18 19:50:14,464][INFO] Epoch[74/80], train AUC: 0.9908(0.9742-0.9993), test AUC: 0.8618(0.7650-0.9392)
[2025-01-18 19:52:31,322][INFO] Epoch[75/80], loss:0.8726, CE loss:0.2831, info NCE loss:0.5895
[2025-01-18 19:52:31,322][INFO] Epoch[75/80], train B-acc: 0.9614(0.9163-0.9930), test B-acc: 0.7807(0.6818-0.8688)
[2025-01-18 19:52:31,323][INFO] Epoch[75/80], train AUC: 0.9911(0.9743-0.9993), test AUC: 0.8603(0.7552-0.9402)
[2025-01-18 19:54:47,008][INFO] Epoch[76/80], loss:0.8714, CE loss:0.2821, info NCE loss:0.5894
[2025-01-18 19:54:47,008][INFO] Epoch[76/80], train B-acc: 0.9637(0.9206-0.9930), test B-acc: 0.7800(0.6784-0.8683)
[2025-01-18 19:54:47,008][INFO] Epoch[76/80], train AUC: 0.9915(0.9762-0.9990), test AUC: 0.8595(0.7547-0.9370)
[2025-01-18 19:57:02,533][INFO] Epoch[77/80], loss:0.8702, CE loss:0.2810, info NCE loss:0.5892
[2025-01-18 19:57:02,533][INFO] Epoch[77/80], train B-acc: 0.9639(0.9229-0.9932), test B-acc: 0.7783(0.6760-0.8780)
[2025-01-18 19:57:02,534][INFO] Epoch[77/80], train AUC: 0.9928(0.9802-0.9992), test AUC: 0.8624(0.7550-0.9435)
[2025-01-18 19:59:18,828][INFO] Epoch[78/80], loss:0.8692, CE loss:0.2802, info NCE loss:0.5890
[2025-01-18 19:59:18,828][INFO] Epoch[78/80], train B-acc: 0.9625(0.9204-0.9913), test B-acc: 0.7812(0.6733-0.8772)
[2025-01-18 19:59:18,828][INFO] Epoch[78/80], train AUC: 0.9934(0.9817-0.9995), test AUC: 0.8633(0.7627-0.9467)
[2025-01-18 20:01:34,554][INFO] Epoch[79/80], loss:0.8676, CE loss:0.2788, info NCE loss:0.5888
[2025-01-18 20:01:34,554][INFO] Epoch[79/80], train B-acc: 0.9706(0.9347-0.9908), test B-acc: 0.7884(0.6838-0.8869)
[2025-01-18 20:01:34,555][INFO] Epoch[79/80], train AUC: 0.9938(0.9813-0.9996), test AUC: 0.8580(0.7523-0.9475)
[2025-01-18 20:03:53,131][INFO] Epoch[80/80], loss:0.8674, CE loss:0.2787, info NCE loss:0.5887
[2025-01-18 20:03:53,132][INFO] Epoch[80/80], train B-acc: 0.9706(0.9346-0.9908), test B-acc: 0.7896(0.6800-0.8804)
[2025-01-18 20:03:53,132][INFO] Epoch[80/80], train AUC: 0.9942(0.9824-0.9996), test AUC: 0.8577(0.7583-0.9438)
