[2025-01-20 09:09:56,655][INFO] Running PROJECT: CRC-DX, P LEARNING RATE: 0.001, OPTIMIZER: ADAMW, NUM EPOCHS: 60, BATCH SIZE: 2048, DEVICES: cuda, SMOOTHING: 0.1
[2025-01-20 09:09:56,655][INFO] params["in_chans"]=[200, 16] python run_MIL_model.py --proj CRC-DX --num_epochs 60 --plr 1e-3  --smoothing 0.1
[2025-01-20 09:09:56,655][INFO] params["dims"]=[512, 512] 温度参数为0.6
[2025-01-20 09:09:56,656][INFO] params["out_chans"]=[16, 8]
[2025-01-20 09:09:56,656][INFO] params["heads"]=[8, 4]
[2025-01-20 09:09:56,656][INFO] params["dropout"]=[0.8, 0.4, 0.4]
[2025-01-20 09:13:07,087][INFO] Epoch[1/60], loss:1.7028, CE loss:1.0549 , info NCE loss:7.5344
[2025-01-20 09:13:07,098][INFO] Epoch[1/60], train B-acc: 0.5000(0.5000-0.5000), test B-acc: 0.5000(0.5000-0.5000)
[2025-01-20 09:13:07,098][INFO] Epoch[1/60], train AUC: 0.7194(0.6100-0.8208), test AUC: 0.5974(0.4529-0.7401)
[2025-01-20 09:15:07,852][INFO] Epoch[2/60], loss:1.2034, CE loss:0.5583 , info NCE loss:7.0090
[2025-01-20 09:15:07,853][INFO] Epoch[2/60], train B-acc: 0.5513(0.5114-0.6047), test B-acc: 0.5000(0.5000-0.5000)
[2025-01-20 09:15:07,853][INFO] Epoch[2/60], train AUC: 0.7755(0.6831-0.8554), test AUC: 0.6880(0.5561-0.8035)
[2025-01-20 09:17:02,155][INFO] Epoch[3/60], loss:1.0696, CE loss:0.4563 , info NCE loss:6.5887
[2025-01-20 09:17:02,156][INFO] Epoch[3/60], train B-acc: 0.6315(0.5608-0.7157), test B-acc: 0.6111(0.5400-0.7000)
[2025-01-20 09:17:02,156][INFO] Epoch[3/60], train AUC: 0.7989(0.7097-0.8709), test AUC: 0.6999(0.5691-0.8117)
[2025-01-20 09:18:52,230][INFO] Epoch[4/60], loss:1.0362, CE loss:0.4259 , info NCE loss:6.5287
[2025-01-20 09:18:52,230][INFO] Epoch[4/60], train B-acc: 0.5610(0.5129-0.6246), test B-acc: 0.5357(0.5000-0.6000)
[2025-01-20 09:18:52,230][INFO] Epoch[4/60], train AUC: 0.8169(0.7306-0.8892), test AUC: 0.7022(0.5786-0.8213)
[2025-01-20 09:20:51,555][INFO] Epoch[5/60], loss:1.0202, CE loss:0.4122 , info NCE loss:6.4926
[2025-01-20 09:20:51,556][INFO] Epoch[5/60], train B-acc: 0.6224(0.5562-0.7014), test B-acc: 0.6154(0.5417-0.7069)
[2025-01-20 09:20:51,556][INFO] Epoch[5/60], train AUC: 0.8390(0.7526-0.9052), test AUC: 0.7238(0.6094-0.8356)
[2025-01-20 09:22:53,931][INFO] Epoch[6/60], loss:1.0088, CE loss:0.4027 , info NCE loss:6.4634
[2025-01-20 09:22:53,932][INFO] Epoch[6/60], train B-acc: 0.6316(0.5588-0.6982), test B-acc: 0.5741(0.5172-0.6538)
[2025-01-20 09:22:53,932][INFO] Epoch[6/60], train AUC: 0.8581(0.7766-0.9199), test AUC: 0.7485(0.6200-0.8557)
[2025-01-20 09:24:48,828][INFO] Epoch[7/60], loss:0.9978, CE loss:0.3939 , info NCE loss:6.4323
[2025-01-20 09:24:48,829][INFO] Epoch[7/60], train B-acc: 0.6405(0.5713-0.7097), test B-acc: 0.5741(0.5179-0.6600)
[2025-01-20 09:24:48,829][INFO] Epoch[7/60], train AUC: 0.8695(0.7941-0.9315), test AUC: 0.7659(0.6376-0.8701)
[2025-01-20 09:26:39,466][INFO] Epoch[8/60], loss:0.9882, CE loss:0.3876 , info NCE loss:6.3937
[2025-01-20 09:26:39,466][INFO] Epoch[8/60], train B-acc: 0.6912(0.6131-0.7680), test B-acc: 0.6154(0.5370-0.7115)
[2025-01-20 09:26:39,466][INFO] Epoch[8/60], train AUC: 0.8862(0.8129-0.9390), test AUC: 0.7868(0.6575-0.8805)
[2025-01-20 09:28:29,373][INFO] Epoch[9/60], loss:0.9786, CE loss:0.3806 , info NCE loss:6.3605
[2025-01-20 09:28:29,373][INFO] Epoch[9/60], train B-acc: 0.7070(0.6286-0.7931), test B-acc: 0.6136(0.5357-0.7000)
[2025-01-20 09:28:29,374][INFO] Epoch[9/60], train AUC: 0.8989(0.8232-0.9493), test AUC: 0.8011(0.6734-0.9001)
[2025-01-20 09:30:18,931][INFO] Epoch[10/60], loss:0.9686, CE loss:0.3742 , info NCE loss:6.3183
[2025-01-20 09:30:18,932][INFO] Epoch[10/60], train B-acc: 0.7070(0.6270-0.7834), test B-acc: 0.5962(0.5238-0.6818)
[2025-01-20 09:30:18,932][INFO] Epoch[10/60], train AUC: 0.9090(0.8456-0.9582), test AUC: 0.8181(0.7110-0.9100)
[2025-01-20 09:32:06,405][INFO] Epoch[11/60], loss:0.9575, CE loss:0.3668 , info NCE loss:6.2740
[2025-01-20 09:32:06,406][INFO] Epoch[11/60], train B-acc: 0.7073(0.6352-0.7872), test B-acc: 0.6111(0.5385-0.6964)
[2025-01-20 09:32:06,407][INFO] Epoch[11/60], train AUC: 0.9176(0.8551-0.9629), test AUC: 0.8300(0.7212-0.9145)
[2025-01-20 09:33:52,616][INFO] Epoch[12/60], loss:0.9464, CE loss:0.3604 , info NCE loss:6.2198
[2025-01-20 09:33:52,617][INFO] Epoch[12/60], train B-acc: 0.7344(0.6562-0.8137), test B-acc: 0.7105(0.6154-0.8125)
[2025-01-20 09:33:52,617][INFO] Epoch[12/60], train AUC: 0.9287(0.8652-0.9719), test AUC: 0.8363(0.7286-0.9243)
[2025-01-20 09:35:38,450][INFO] Epoch[13/60], loss:0.9357, CE loss:0.3530 , info NCE loss:6.1804
[2025-01-20 09:35:38,451][INFO] Epoch[13/60], train B-acc: 0.7702(0.6903-0.8525), test B-acc: 0.7048(0.6091-0.8077)
[2025-01-20 09:35:38,451][INFO] Epoch[13/60], train AUC: 0.9403(0.8872-0.9772), test AUC: 0.8421(0.7413-0.9216)
[2025-01-20 09:37:26,623][INFO] Epoch[14/60], loss:0.9262, CE loss:0.3463 , info NCE loss:6.1453
[2025-01-20 09:37:26,623][INFO] Epoch[14/60], train B-acc: 0.7695(0.6947-0.8476), test B-acc: 0.7000(0.6133-0.8009)
[2025-01-20 09:37:26,623][INFO] Epoch[14/60], train AUC: 0.9508(0.8984-0.9819), test AUC: 0.8410(0.7431-0.9211)
[2025-01-20 09:39:12,504][INFO] Epoch[15/60], loss:0.9173, CE loss:0.3397 , info NCE loss:6.1157
[2025-01-20 09:39:12,504][INFO] Epoch[15/60], train B-acc: 0.8233(0.7438-0.8947), test B-acc: 0.7240(0.6279-0.8261)
[2025-01-20 09:39:12,505][INFO] Epoch[15/60], train AUC: 0.9580(0.9153-0.9860), test AUC: 0.8476(0.7408-0.9287)
[2025-01-20 09:40:57,343][INFO] Epoch[16/60], loss:0.9103, CE loss:0.3343 , info NCE loss:6.0946
[2025-01-20 09:40:57,343][INFO] Epoch[16/60], train B-acc: 0.9048(0.8467-0.9621), test B-acc: 0.7709(0.6733-0.8718)
[2025-01-20 09:40:57,345][INFO] Epoch[16/60], train AUC: 0.9645(0.9260-0.9899), test AUC: 0.8487(0.7413-0.9289)
[2025-01-20 09:42:43,090][INFO] Epoch[17/60], loss:0.9037, CE loss:0.3294 , info NCE loss:6.0721
[2025-01-20 09:42:43,090][INFO] Epoch[17/60], train B-acc: 0.8873(0.8158-0.9500), test B-acc: 0.7686(0.6690-0.8688)
[2025-01-20 09:42:43,090][INFO] Epoch[17/60], train AUC: 0.9688(0.9272-0.9919), test AUC: 0.8496(0.7456-0.9363)
[2025-01-20 09:44:29,058][INFO] Epoch[18/60], loss:0.8939, CE loss:0.3206 , info NCE loss:6.0533
[2025-01-20 09:44:29,059][INFO] Epoch[18/60], train B-acc: 0.9125(0.8525-0.9647), test B-acc: 0.7553(0.6611-0.8576)
[2025-01-20 09:44:29,059][INFO] Epoch[18/60], train AUC: 0.9747(0.9368-0.9943), test AUC: 0.8553(0.7557-0.9298)
[2025-01-20 09:46:14,991][INFO] Epoch[19/60], loss:0.8870, CE loss:0.3146 , info NCE loss:6.0384
[2025-01-20 09:46:14,991][INFO] Epoch[19/60], train B-acc: 0.9130(0.8525-0.9646), test B-acc: 0.7739(0.6685-0.8733)
[2025-01-20 09:46:14,991][INFO] Epoch[19/60], train AUC: 0.9779(0.9452-0.9960), test AUC: 0.8525(0.7379-0.9356)
[2025-01-20 09:48:01,141][INFO] Epoch[20/60], loss:0.8810, CE loss:0.3092 , info NCE loss:6.0267
[2025-01-20 09:48:01,142][INFO] Epoch[20/60], train B-acc: 0.9256(0.8632-0.9718), test B-acc: 0.7477(0.6452-0.8441)
[2025-01-20 09:48:01,142][INFO] Epoch[20/60], train AUC: 0.9813(0.9544-0.9960), test AUC: 0.8489(0.7555-0.9247)
[2025-01-20 09:49:46,713][INFO] Epoch[21/60], loss:0.8773, CE loss:0.3062 , info NCE loss:6.0171
[2025-01-20 09:49:46,713][INFO] Epoch[21/60], train B-acc: 0.9401(0.8898-0.9766), test B-acc: 0.7458(0.6469-0.8394)
[2025-01-20 09:49:46,715][INFO] Epoch[21/60], train AUC: 0.9855(0.9618-0.9975), test AUC: 0.8519(0.7519-0.9382)
[2025-01-20 09:51:32,833][INFO] Epoch[22/60], loss:0.8709, CE loss:0.3000 , info NCE loss:6.0091
[2025-01-20 09:51:32,833][INFO] Epoch[22/60], train B-acc: 0.9510(0.9021-0.9890), test B-acc: 0.7664(0.6654-0.8578)
[2025-01-20 09:51:32,833][INFO] Epoch[22/60], train AUC: 0.9881(0.9682-0.9984), test AUC: 0.8555(0.7500-0.9288)
[2025-01-20 09:53:18,965][INFO] Epoch[23/60], loss:0.8642, CE loss:0.2933 , info NCE loss:6.0023
[2025-01-20 09:53:18,965][INFO] Epoch[23/60], train B-acc: 0.9460(0.8938-0.9817), test B-acc: 0.7467(0.6451-0.8493)
[2025-01-20 09:53:18,966][INFO] Epoch[23/60], train AUC: 0.9897(0.9733-0.9987), test AUC: 0.8519(0.7456-0.9298)
[2025-01-20 09:55:05,376][INFO] Epoch[24/60], loss:0.8590, CE loss:0.2890 , info NCE loss:5.9883
[2025-01-20 09:55:05,376][INFO] Epoch[24/60], train B-acc: 0.9550(0.9093-0.9864), test B-acc: 0.7663(0.6589-0.8600)
[2025-01-20 09:55:05,376][INFO] Epoch[24/60], train AUC: 0.9920(0.9787-0.9993), test AUC: 0.8502(0.7367-0.9331)
[2025-01-20 09:56:51,421][INFO] Epoch[25/60], loss:0.8560, CE loss:0.2865 , info NCE loss:5.9820
[2025-01-20 09:56:51,421][INFO] Epoch[25/60], train B-acc: 0.9521(0.9077-0.9839), test B-acc: 0.7849(0.6853-0.8808)
[2025-01-20 09:56:51,421][INFO] Epoch[25/60], train AUC: 0.9941(0.9833-0.9997), test AUC: 0.8485(0.7314-0.9390)
[2025-01-20 09:58:37,865][INFO] Epoch[26/60], loss:0.8495, CE loss:0.2801 , info NCE loss:5.9743
[2025-01-20 09:58:37,865][INFO] Epoch[26/60], train B-acc: 0.9475(0.9044-0.9791), test B-acc: 0.7643(0.6606-0.8669)
[2025-01-20 09:58:37,866][INFO] Epoch[26/60], train AUC: 0.9956(0.9879-0.9996), test AUC: 0.8450(0.7402-0.9365)
[2025-01-20 10:00:25,054][INFO] Epoch[27/60], loss:0.8458, CE loss:0.2765 , info NCE loss:5.9699
[2025-01-20 10:00:25,054][INFO] Epoch[27/60], train B-acc: 0.9646(0.9268-0.9865), test B-acc: 0.7764(0.6722-0.8671)
[2025-01-20 10:00:25,055][INFO] Epoch[27/60], train AUC: 0.9964(0.9890-0.9997), test AUC: 0.8528(0.7505-0.9317)
[2025-01-20 10:02:13,131][INFO] Epoch[28/60], loss:0.8420, CE loss:0.2725 , info NCE loss:5.9679
[2025-01-20 10:02:13,133][INFO] Epoch[28/60], train B-acc: 0.9685(0.9521-0.9839), test B-acc: 0.7452(0.6377-0.8368)
[2025-01-20 10:02:13,133][INFO] Epoch[28/60], train AUC: 0.9972(0.9918-1.0000), test AUC: 0.8447(0.7325-0.9280)
[2025-01-20 10:03:58,381][INFO] Epoch[29/60], loss:0.8370, CE loss:0.2682 , info NCE loss:5.9558
[2025-01-20 10:03:58,381][INFO] Epoch[29/60], train B-acc: 0.9773(0.9623-0.9908), test B-acc: 0.7667(0.6590-0.8645)
[2025-01-20 10:03:58,382][INFO] Epoch[29/60], train AUC: 0.9977(0.9925-1.0000), test AUC: 0.8458(0.7248-0.9291)
[2025-01-20 10:05:44,248][INFO] Epoch[30/60], loss:0.8342, CE loss:0.2652 , info NCE loss:5.9553
[2025-01-20 10:05:44,249][INFO] Epoch[30/60], train B-acc: 0.9656(0.9498-0.9815), test B-acc: 0.7675(0.6679-0.8586)
[2025-01-20 10:05:44,249][INFO] Epoch[30/60], train AUC: 0.9984(0.9950-1.0000), test AUC: 0.8422(0.7400-0.9294)
[2025-01-20 10:07:30,368][INFO] Epoch[31/60], loss:0.8347, CE loss:0.2653 , info NCE loss:5.9589
[2025-01-20 10:07:30,368][INFO] Epoch[31/60], train B-acc: 0.9662(0.9220-0.9954), test B-acc: 0.7724(0.6667-0.8667)
[2025-01-20 10:07:30,369][INFO] Epoch[31/60], train AUC: 0.9988(0.9953-1.0000), test AUC: 0.8447(0.7331-0.9276)
[2025-01-20 10:09:16,044][INFO] Epoch[32/60], loss:0.8558, CE loss:0.2886 , info NCE loss:5.9614
[2025-01-20 10:09:16,044][INFO] Epoch[32/60], train B-acc: 0.9710(0.9261-0.9978), test B-acc: 0.7664(0.6667-0.8655)
[2025-01-20 10:09:16,044][INFO] Epoch[32/60], train AUC: 0.9983(0.9942-1.0000), test AUC: 0.8432(0.7360-0.9267)
[2025-01-20 10:11:01,214][INFO] Epoch[33/60], loss:0.8758, CE loss:0.3093 , info NCE loss:5.9751
[2025-01-20 10:11:01,214][INFO] Epoch[33/60], train B-acc: 0.9640(0.9178-0.9913), test B-acc: 0.7627(0.6525-0.8571)
[2025-01-20 10:11:01,214][INFO] Epoch[33/60], train AUC: 0.9979(0.9933-1.0000), test AUC: 0.8368(0.7321-0.9227)
[2025-01-20 10:12:48,500][INFO] Epoch[34/60], loss:0.8352, CE loss:0.2656 , info NCE loss:5.9620
[2025-01-20 10:12:48,500][INFO] Epoch[34/60], train B-acc: 0.9414(0.9196-0.9608), test B-acc: 0.7708(0.6736-0.8642)
[2025-01-20 10:12:48,500][INFO] Epoch[34/60], train AUC: 0.9994(0.9972-1.0000), test AUC: 0.8504(0.7469-0.9291)
[2025-01-20 10:14:33,167][INFO] Epoch[35/60], loss:0.8269, CE loss:0.2572 , info NCE loss:5.9542
[2025-01-20 10:14:33,168][INFO] Epoch[35/60], train B-acc: 0.9820(0.9685-0.9932), test B-acc: 0.7530(0.6543-0.8512)
[2025-01-20 10:14:33,168][INFO] Epoch[35/60], train AUC: 0.9994(0.9973-1.0000), test AUC: 0.8409(0.7370-0.9238)
[2025-01-20 10:16:19,708][INFO] Epoch[36/60], loss:0.8225, CE loss:0.2536 , info NCE loss:5.9431
[2025-01-20 10:16:19,708][INFO] Epoch[36/60], train B-acc: 0.9661(0.9488-0.9816), test B-acc: 0.7489(0.6413-0.8429)
[2025-01-20 10:16:19,708][INFO] Epoch[36/60], train AUC: 0.9995(0.9974-1.0000), test AUC: 0.8396(0.7344-0.9271)
[2025-01-20 10:18:06,033][INFO] Epoch[37/60], loss:0.8201, CE loss:0.2512 , info NCE loss:5.9393
[2025-01-20 10:18:06,033][INFO] Epoch[37/60], train B-acc: 0.9751(0.9597-0.9886), test B-acc: 0.7611(0.6573-0.8549)
[2025-01-20 10:18:06,033][INFO] Epoch[37/60], train AUC: 0.9994(0.9976-1.0000), test AUC: 0.8415(0.7426-0.9240)
[2025-01-20 10:19:52,434][INFO] Epoch[38/60], loss:0.8170, CE loss:0.2484 , info NCE loss:5.9344
[2025-01-20 10:19:52,434][INFO] Epoch[38/60], train B-acc: 0.9688(0.9520-0.9841), test B-acc: 0.7495(0.6475-0.8393)
[2025-01-20 10:19:52,434][INFO] Epoch[38/60], train AUC: 0.9995(0.9976-1.0000), test AUC: 0.8383(0.7312-0.9200)
[2025-01-20 10:21:38,690][INFO] Epoch[39/60], loss:0.8154, CE loss:0.2471 , info NCE loss:5.9297
[2025-01-20 10:21:38,690][INFO] Epoch[39/60], train B-acc: 0.9752(0.9596-0.9890), test B-acc: 0.7575(0.6533-0.8467)
[2025-01-20 10:21:38,690][INFO] Epoch[39/60], train AUC: 0.9995(0.9974-1.0000), test AUC: 0.8311(0.7257-0.9231)
[2025-01-20 10:23:24,605][INFO] Epoch[40/60], loss:0.8134, CE loss:0.2453 , info NCE loss:5.9265
[2025-01-20 10:23:24,605][INFO] Epoch[40/60], train B-acc: 0.9710(0.9539-0.9847), test B-acc: 0.7515(0.6500-0.8383)
[2025-01-20 10:23:24,606][INFO] Epoch[40/60], train AUC: 0.9996(0.9981-1.0000), test AUC: 0.8353(0.7323-0.9205)
[2025-01-20 10:25:11,097][INFO] Epoch[41/60], loss:0.8153, CE loss:0.2480 , info NCE loss:5.9203
[2025-01-20 10:25:11,097][INFO] Epoch[41/60], train B-acc: 0.9593(0.9395-0.9777), test B-acc: 0.7635(0.6643-0.8531)
[2025-01-20 10:25:11,098][INFO] Epoch[41/60], train AUC: 0.9994(0.9975-1.0000), test AUC: 0.8305(0.7136-0.9204)
[2025-01-20 10:26:56,595][INFO] Epoch[42/60], loss:0.8155, CE loss:0.2480 , info NCE loss:5.9235
[2025-01-20 10:26:56,595][INFO] Epoch[42/60], train B-acc: 0.9393(0.9167-0.9599), test B-acc: 0.7589(0.6705-0.8351)
[2025-01-20 10:26:56,595][INFO] Epoch[42/60], train AUC: 0.9997(0.9981-1.0000), test AUC: 0.8247(0.7243-0.9119)
[2025-01-20 10:28:42,298][INFO] Epoch[43/60], loss:0.8388, CE loss:0.2739 , info NCE loss:5.9235
[2025-01-20 10:28:42,299][INFO] Epoch[43/60], train B-acc: 0.9855(0.9531-1.0000), test B-acc: 0.7214(0.6206-0.8217)
[2025-01-20 10:28:42,299][INFO] Epoch[43/60], train AUC: 0.9987(0.9952-1.0000), test AUC: 0.8235(0.6986-0.9126)
[2025-01-20 10:30:28,184][INFO] Epoch[44/60], loss:0.8735, CE loss:0.3102 , info NCE loss:5.9440
[2025-01-20 10:30:28,184][INFO] Epoch[44/60], train B-acc: 0.8750(0.8463-0.9018), test B-acc: 0.7127(0.6273-0.7939)
[2025-01-20 10:30:28,184][INFO] Epoch[44/60], train AUC: 0.9998(0.9985-1.0000), test AUC: 0.8252(0.7237-0.9104)
[2025-01-20 10:32:17,096][INFO] Epoch[45/60], loss:0.8282, CE loss:0.2621 , info NCE loss:5.9235
[2025-01-20 10:32:17,097][INFO] Epoch[45/60], train B-acc: 0.9773(0.9622-0.9907), test B-acc: 0.7571(0.6500-0.8533)
[2025-01-20 10:32:17,097][INFO] Epoch[45/60], train AUC: 0.9995(0.9978-1.0000), test AUC: 0.8290(0.7116-0.9168)
[2025-01-20 10:34:15,290][INFO] Epoch[46/60], loss:0.8089, CE loss:0.2409 , info NCE loss:5.9206
[2025-01-20 10:34:15,290][INFO] Epoch[46/60], train B-acc: 0.9569(0.9372-0.9749), test B-acc: 0.7906(0.6933-0.8733)
[2025-01-20 10:34:15,291][INFO] Epoch[46/60], train AUC: 0.9998(0.9985-1.0000), test AUC: 0.8320(0.7109-0.9205)
[2025-01-20 10:36:10,776][INFO] Epoch[47/60], loss:0.8056, CE loss:0.2386 , info NCE loss:5.9086
[2025-01-20 10:36:10,777][INFO] Epoch[47/60], train B-acc: 0.9598(0.9404-0.9764), test B-acc: 0.7758(0.6809-0.8669)
[2025-01-20 10:36:10,777][INFO] Epoch[47/60], train AUC: 0.9998(0.9984-1.0000), test AUC: 0.8231(0.7197-0.9119)
[2025-01-20 10:38:10,801][INFO] Epoch[48/60], loss:0.8071, CE loss:0.2398 , info NCE loss:5.9120
[2025-01-20 10:38:10,802][INFO] Epoch[48/60], train B-acc: 0.9621(0.9437-0.9793), test B-acc: 0.7879(0.6875-0.8727)
[2025-01-20 10:38:10,802][INFO] Epoch[48/60], train AUC: 0.9999(0.9988-1.0000), test AUC: 0.8216(0.7133-0.9106)
[2025-01-20 10:40:08,436][INFO] Epoch[49/60], loss:0.8044, CE loss:0.2380 , info NCE loss:5.9028
[2025-01-20 10:40:08,437][INFO] Epoch[49/60], train B-acc: 0.9643(0.9467-0.9794), test B-acc: 0.7761(0.6800-0.8584)
[2025-01-20 10:40:08,437][INFO] Epoch[49/60], train AUC: 0.9999(0.9988-1.0000), test AUC: 0.8209(0.7171-0.9148)
[2025-01-20 10:42:01,065][INFO] Epoch[50/60], loss:0.8039, CE loss:0.2374 , info NCE loss:5.9026
[2025-01-20 10:42:01,066][INFO] Epoch[50/60], train B-acc: 0.9753(0.9593-0.9884), test B-acc: 0.7456(0.6333-0.8388)
[2025-01-20 10:42:01,066][INFO] Epoch[50/60], train AUC: 0.9999(0.9988-1.0000), test AUC: 0.8193(0.7100-0.9082)
[2025-01-20 10:43:51,935][INFO] Epoch[51/60], loss:0.8017, CE loss:0.2356 , info NCE loss:5.8965
[2025-01-20 10:43:51,935][INFO] Epoch[51/60], train B-acc: 0.9635(0.9457-0.9798), test B-acc: 0.7972(0.7018-0.8780)
[2025-01-20 10:43:51,935][INFO] Epoch[51/60], train AUC: 0.9999(0.9988-1.0000), test AUC: 0.8199(0.7121-0.9122)
[2025-01-20 10:45:43,126][INFO] Epoch[52/60], loss:0.8003, CE loss:0.2345 , info NCE loss:5.8923
[2025-01-20 10:45:43,127][INFO] Epoch[52/60], train B-acc: 0.9638(0.9464-0.9794), test B-acc: 0.7937(0.7032-0.8800)
[2025-01-20 10:45:43,128][INFO] Epoch[52/60], train AUC: 0.9999(0.9988-1.0000), test AUC: 0.8204(0.7099-0.9143)
[2025-01-20 10:47:33,638][INFO] Epoch[53/60], loss:0.8000, CE loss:0.2346 , info NCE loss:5.8882
[2025-01-20 10:47:33,638][INFO] Epoch[53/60], train B-acc: 0.9641(0.9452-0.9794), test B-acc: 0.7840(0.6938-0.8679)
[2025-01-20 10:47:33,638][INFO] Epoch[53/60], train AUC: 1.0000(0.9993-1.0000), test AUC: 0.8219(0.7144-0.9148)
[2025-01-20 10:49:22,674][INFO] Epoch[54/60], loss:0.8005, CE loss:0.2347 , info NCE loss:5.8927
[2025-01-20 10:49:22,674][INFO] Epoch[54/60], train B-acc: 0.9796(0.9665-0.9911), test B-acc: 0.7569(0.6476-0.8478)
[2025-01-20 10:49:22,675][INFO] Epoch[54/60], train AUC: 0.9999(0.9989-1.0000), test AUC: 0.8199(0.7050-0.9113)
[2025-01-20 10:51:11,017][INFO] Epoch[55/60], loss:0.7992, CE loss:0.2343 , info NCE loss:5.8835
[2025-01-20 10:51:11,018][INFO] Epoch[55/60], train B-acc: 0.9683(0.9516-0.9825), test B-acc: 0.7423(0.6438-0.8395)
[2025-01-20 10:51:11,018][INFO] Epoch[55/60], train AUC: 0.9999(0.9989-1.0000), test AUC: 0.8234(0.7162-0.9078)
[2025-01-20 10:52:58,123][INFO] Epoch[56/60], loss:0.7989, CE loss:0.2334 , info NCE loss:5.8885
[2025-01-20 10:52:58,124][INFO] Epoch[56/60], train B-acc: 0.9707(0.9531-0.9846), test B-acc: 0.7419(0.6440-0.8352)
[2025-01-20 10:52:58,124][INFO] Epoch[56/60], train AUC: 1.0000(0.9993-1.0000), test AUC: 0.8169(0.7129-0.9046)
[2025-01-20 10:54:44,608][INFO] Epoch[57/60], loss:0.7981, CE loss:0.2330 , info NCE loss:5.8845
[2025-01-20 10:54:44,608][INFO] Epoch[57/60], train B-acc: 0.9593(0.9395-0.9748), test B-acc: 0.7844(0.6907-0.8651)
[2025-01-20 10:54:44,609][INFO] Epoch[57/60], train AUC: 1.0000(0.9992-1.0000), test AUC: 0.8168(0.7045-0.9059)
[2025-01-20 10:56:31,476][INFO] Epoch[58/60], loss:0.7991, CE loss:0.2339 , info NCE loss:5.8861
[2025-01-20 10:56:31,476][INFO] Epoch[58/60], train B-acc: 0.9820(0.9693-0.9929), test B-acc: 0.7491(0.6581-0.8443)
[2025-01-20 10:56:31,476][INFO] Epoch[58/60], train AUC: 0.9998(0.9985-1.0000), test AUC: 0.8164(0.7099-0.9077)
[2025-01-20 10:58:17,749][INFO] Epoch[59/60], loss:0.8005, CE loss:0.2361 , info NCE loss:5.8803
[2025-01-20 10:58:17,749][INFO] Epoch[59/60], train B-acc: 0.9619(0.9434-0.9775), test B-acc: 0.7812(0.6870-0.8591)
[2025-01-20 10:58:17,749][INFO] Epoch[59/60], train AUC: 1.0000(1.0000-1.0000), test AUC: 0.8129(0.7050-0.8983)
[2025-01-20 11:00:04,022][INFO] Epoch[60/60], loss:0.9674, CE loss:0.4160 , info NCE loss:5.9301
[2025-01-20 11:00:04,022][INFO] Epoch[60/60], train B-acc: 0.9955(0.9887-1.0000), test B-acc: 0.7333(0.6307-0.8300)
[2025-01-20 11:00:04,023][INFO] Epoch[60/60], train AUC: 0.9990(0.9963-1.0000), test AUC: 0.8200(0.7007-0.9042)
