[2025-01-20 19:17:27,489][INFO] Running PROJECT: CRC-DX, P LEARNING RATE: 0.0001, OPTIMIZER: ADAMW, NUM EPOCHS: 80, BATCH SIZE: 2048, DEVICES: cuda, SMOOTHING: 0.25
[2025-01-20 19:17:27,490][INFO] params["in_chans"]=[200, 16]python run_MIL_model.py --proj CRC-DX --num_epochs 80 --plr 1e-4  --smoothing 0.25
[2025-01-20 19:17:27,490][INFO] params["dims"]=[512, 512] 温度参数为0.55
[2025-01-20 19:17:27,490][INFO] params["out_chans"]=[16, 8]
[2025-01-20 19:17:27,490][INFO] params["heads"]=[8, 4]
[2025-01-20 19:17:27,490][INFO] params["dropout"]=[0.8, 0.4, 0.4]
[2025-01-20 19:19:33,601][INFO] Epoch[1/80], loss:1.6633, CE loss:0.6321 , info NCE loss:7.5065
[2025-01-20 19:19:33,603][INFO] Epoch[1/80], train B-acc: 0.4978(0.4930-0.5000), test B-acc: 0.5000(0.5000-0.5000)
[2025-01-20 19:19:33,603][INFO] Epoch[1/80], train AUC: 0.6466(0.5560-0.7437), test AUC: 0.5531(0.4336-0.6818)
[2025-01-20 19:21:50,772][INFO] Epoch[2/80], loss:1.5786, CE loss:0.5535 , info NCE loss:7.3878
[2025-01-20 19:21:50,772][INFO] Epoch[2/80], train B-acc: 0.5000(0.5000-0.5000), test B-acc: 0.5000(0.5000-0.5000)
[2025-01-20 19:21:50,772][INFO] Epoch[2/80], train AUC: 0.6783(0.5802-0.7746), test AUC: 0.6148(0.4923-0.7297)
[2025-01-20 19:24:02,132][INFO] Epoch[3/80], loss:1.5304, CE loss:0.5367 , info NCE loss:7.1612
[2025-01-20 19:24:02,132][INFO] Epoch[3/80], train B-acc: 0.5000(0.5000-0.5000), test B-acc: 0.5000(0.5000-0.5000)
[2025-01-20 19:24:02,132][INFO] Epoch[3/80], train AUC: 0.7224(0.6331-0.8166), test AUC: 0.6648(0.5358-0.7815)
[2025-01-20 19:26:20,819][INFO] Epoch[4/80], loss:1.5003, CE loss:0.5298 , info NCE loss:6.9997
[2025-01-20 19:26:20,819][INFO] Epoch[4/80], train B-acc: 0.5000(0.5000-0.5000), test B-acc: 0.5000(0.5000-0.5000)
[2025-01-20 19:26:20,819][INFO] Epoch[4/80], train AUC: 0.7455(0.6404-0.8365), test AUC: 0.6971(0.5759-0.8174)
[2025-01-20 19:28:27,484][INFO] Epoch[5/80], loss:1.4875, CE loss:0.5250 , info NCE loss:6.9419
[2025-01-20 19:28:27,484][INFO] Epoch[5/80], train B-acc: 0.5490(0.5114-0.6081), test B-acc: 0.5000(0.5000-0.5000)
[2025-01-20 19:28:27,485][INFO] Epoch[5/80], train AUC: 0.7610(0.6679-0.8456), test AUC: 0.7141(0.5816-0.8233)
[2025-01-20 19:30:34,077][INFO] Epoch[6/80], loss:1.4776, CE loss:0.5205 , info NCE loss:6.9014
[2025-01-20 19:30:34,077][INFO] Epoch[6/80], train B-acc: 0.5638(0.5147-0.6250), test B-acc: 0.5000(0.5000-0.5000)
[2025-01-20 19:30:34,078][INFO] Epoch[6/80], train AUC: 0.7775(0.6917-0.8574), test AUC: 0.7265(0.6058-0.8272)
[2025-01-20 19:32:40,466][INFO] Epoch[7/80], loss:1.4718, CE loss:0.5174 , info NCE loss:6.8803
[2025-01-20 19:32:40,466][INFO] Epoch[7/80], train B-acc: 0.5641(0.5139-0.6250), test B-acc: 0.5185(0.5000-0.5625)
[2025-01-20 19:32:40,466][INFO] Epoch[7/80], train AUC: 0.7939(0.7055-0.8754), test AUC: 0.7352(0.6130-0.8426)
[2025-01-20 19:34:55,188][INFO] Epoch[8/80], loss:1.4665, CE loss:0.5146 , info NCE loss:6.8602
[2025-01-20 19:34:55,188][INFO] Epoch[8/80], train B-acc: 0.5741(0.5225-0.6384), test B-acc: 0.5556(0.5000-0.6207)
[2025-01-20 19:34:55,188][INFO] Epoch[8/80], train AUC: 0.8050(0.7073-0.8782), test AUC: 0.7470(0.6338-0.8453)
[2025-01-20 19:36:55,477][INFO] Epoch[9/80], loss:1.4610, CE loss:0.5116 , info NCE loss:6.8406
[2025-01-20 19:36:55,478][INFO] Epoch[9/80], train B-acc: 0.5750(0.5234-0.6430), test B-acc: 0.5577(0.5000-0.6207)
[2025-01-20 19:36:55,478][INFO] Epoch[9/80], train AUC: 0.8220(0.7365-0.8916), test AUC: 0.7447(0.6257-0.8416)
[2025-01-20 19:38:58,686][INFO] Epoch[10/80], loss:1.4574, CE loss:0.5094 , info NCE loss:6.8293
[2025-01-20 19:38:58,687][INFO] Epoch[10/80], train B-acc: 0.5868(0.5304-0.6568), test B-acc: 0.5571(0.5000-0.6316)
[2025-01-20 19:38:58,687][INFO] Epoch[10/80], train AUC: 0.8360(0.7455-0.9019), test AUC: 0.7535(0.6399-0.8618)
[2025-01-20 19:41:00,196][INFO] Epoch[11/80], loss:1.4528, CE loss:0.5066 , info NCE loss:6.8145
[2025-01-20 19:41:00,196][INFO] Epoch[11/80], train B-acc: 0.5978(0.5383-0.6688), test B-acc: 0.5577(0.5000-0.6190)
[2025-01-20 19:41:00,196][INFO] Epoch[11/80], train AUC: 0.8434(0.7654-0.9115), test AUC: 0.7663(0.6510-0.8629)
[2025-01-20 19:43:01,442][INFO] Epoch[12/80], loss:1.4491, CE loss:0.5038 , info NCE loss:6.8054
[2025-01-20 19:43:01,443][INFO] Epoch[12/80], train B-acc: 0.6162(0.5481-0.6869), test B-acc: 0.5536(0.5000-0.6290)
[2025-01-20 19:43:01,443][INFO] Epoch[12/80], train AUC: 0.8511(0.7676-0.9149), test AUC: 0.7681(0.6439-0.8690)
[2025-01-20 19:45:03,304][INFO] Epoch[13/80], loss:1.4452, CE loss:0.5013 , info NCE loss:6.7940
[2025-01-20 19:45:03,304][INFO] Epoch[13/80], train B-acc: 0.6144(0.5579-0.6811), test B-acc: 0.5714(0.5167-0.6538)
[2025-01-20 19:45:03,304][INFO] Epoch[13/80], train AUC: 0.8599(0.7857-0.9240), test AUC: 0.7728(0.6591-0.8716)
[2025-01-20 19:47:06,276][INFO] Epoch[14/80], loss:1.4423, CE loss:0.4992 , info NCE loss:6.7866
[2025-01-20 19:47:06,276][INFO] Epoch[14/80], train B-acc: 0.6154(0.5558-0.6892), test B-acc: 0.5741(0.5179-0.6458)
[2025-01-20 19:47:06,276][INFO] Epoch[14/80], train AUC: 0.8712(0.7910-0.9285), test AUC: 0.7827(0.6620-0.8757)
[2025-01-20 19:49:30,170][INFO] Epoch[15/80], loss:1.4390, CE loss:0.4976 , info NCE loss:6.7741
[2025-01-20 19:49:30,170][INFO] Epoch[15/80], train B-acc: 0.6168(0.5465-0.6857), test B-acc: 0.5769(0.5139-0.6522)
[2025-01-20 19:49:30,170][INFO] Epoch[15/80], train AUC: 0.8725(0.8009-0.9316), test AUC: 0.7934(0.6858-0.8881)
[2025-01-20 19:51:56,748][INFO] Epoch[16/80], loss:1.4357, CE loss:0.4953 , info NCE loss:6.7647
[2025-01-20 19:51:56,748][INFO] Epoch[16/80], train B-acc: 0.6421(0.5752-0.7209), test B-acc: 0.5741(0.5179-0.6500)
[2025-01-20 19:51:56,748][INFO] Epoch[16/80], train AUC: 0.8824(0.8052-0.9398), test AUC: 0.7983(0.6833-0.8875)
[2025-01-20 19:54:19,131][INFO] Epoch[17/80], loss:1.4325, CE loss:0.4928 , info NCE loss:6.7573
[2025-01-20 19:54:19,131][INFO] Epoch[17/80], train B-acc: 0.6425(0.5743-0.7149), test B-acc: 0.5750(0.5161-0.6481)
[2025-01-20 19:54:19,131][INFO] Epoch[17/80], train AUC: 0.8879(0.8131-0.9440), test AUC: 0.8061(0.6941-0.8879)
[2025-01-20 19:56:39,110][INFO] Epoch[18/80], loss:1.4298, CE loss:0.4914 , info NCE loss:6.7479
[2025-01-20 19:56:39,110][INFO] Epoch[18/80], train B-acc: 0.6539(0.5769-0.7333), test B-acc: 0.5909(0.5238-0.6667)
[2025-01-20 19:56:39,111][INFO] Epoch[18/80], train AUC: 0.8931(0.8225-0.9481), test AUC: 0.8085(0.7007-0.8969)
[2025-01-20 19:58:59,053][INFO] Epoch[19/80], loss:1.4269, CE loss:0.4890 , info NCE loss:6.7416
[2025-01-20 19:58:59,053][INFO] Epoch[19/80], train B-acc: 0.6829(0.6071-0.7624), test B-acc: 0.6296(0.5536-0.7273)
[2025-01-20 19:58:59,053][INFO] Epoch[19/80], train AUC: 0.8999(0.8268-0.9519), test AUC: 0.8130(0.7125-0.9040)
[2025-01-20 20:01:18,516][INFO] Epoch[20/80], loss:1.4246, CE loss:0.4875 , info NCE loss:6.7346
[2025-01-20 20:01:18,517][INFO] Epoch[20/80], train B-acc: 0.6692(0.5907-0.7500), test B-acc: 0.5952(0.5217-0.6818)
[2025-01-20 20:01:18,517][INFO] Epoch[20/80], train AUC: 0.9050(0.8288-0.9508), test AUC: 0.8207(0.7131-0.9067)
[2025-01-20 20:03:44,326][INFO] Epoch[21/80], loss:1.4218, CE loss:0.4855 , info NCE loss:6.7280
[2025-01-20 20:03:44,326][INFO] Epoch[21/80], train B-acc: 0.6667(0.5897-0.7375), test B-acc: 0.5952(0.5238-0.6739)
[2025-01-20 20:03:44,326][INFO] Epoch[21/80], train AUC: 0.9065(0.8366-0.9538), test AUC: 0.8244(0.7093-0.9077)
[2025-01-20 20:06:03,353][INFO] Epoch[22/80], loss:1.4196, CE loss:0.4838 , info NCE loss:6.7220
[2025-01-20 20:06:03,353][INFO] Epoch[22/80], train B-acc: 0.7056(0.6306-0.7849), test B-acc: 0.6333(0.5517-0.7308)
[2025-01-20 20:06:03,354][INFO] Epoch[22/80], train AUC: 0.9129(0.8448-0.9596), test AUC: 0.8289(0.7230-0.9170)
[2025-01-20 20:08:21,693][INFO] Epoch[23/80], loss:1.4179, CE loss:0.4819 , info NCE loss:6.7224
[2025-01-20 20:08:21,693][INFO] Epoch[23/80], train B-acc: 0.6959(0.6204-0.7755), test B-acc: 0.6333(0.5600-0.7250)
[2025-01-20 20:08:21,693][INFO] Epoch[23/80], train AUC: 0.9155(0.8450-0.9625), test AUC: 0.8354(0.7282-0.9150)
[2025-01-20 20:10:15,910][INFO] Epoch[24/80], loss:1.4158, CE loss:0.4804 , info NCE loss:6.7168
[2025-01-20 20:10:15,910][INFO] Epoch[24/80], train B-acc: 0.7061(0.6283-0.7950), test B-acc: 0.6346(0.5536-0.7174)
[2025-01-20 20:10:15,910][INFO] Epoch[24/80], train AUC: 0.9193(0.8537-0.9645), test AUC: 0.8362(0.7259-0.9198)
[2025-01-20 20:12:18,886][INFO] Epoch[25/80], loss:1.4139, CE loss:0.4792 , info NCE loss:6.7107
[2025-01-20 20:12:18,887][INFO] Epoch[25/80], train B-acc: 0.6908(0.6102-0.7763), test B-acc: 0.6346(0.5526-0.7167)
[2025-01-20 20:12:18,887][INFO] Epoch[25/80], train AUC: 0.9215(0.8575-0.9665), test AUC: 0.8415(0.7380-0.9195)
[2025-01-20 20:14:20,469][INFO] Epoch[26/80], loss:1.4124, CE loss:0.4777 , info NCE loss:6.7090
[2025-01-20 20:14:20,471][INFO] Epoch[26/80], train B-acc: 0.7322(0.6510-0.8054), test B-acc: 0.6522(0.5690-0.7500)
[2025-01-20 20:14:20,471][INFO] Epoch[26/80], train AUC: 0.9240(0.8605-0.9678), test AUC: 0.8438(0.7385-0.9351)
[2025-01-20 20:16:26,231][INFO] Epoch[27/80], loss:1.4104, CE loss:0.4762 , info NCE loss:6.7040
[2025-01-20 20:16:26,231][INFO] Epoch[27/80], train B-acc: 0.7216(0.6429-0.8036), test B-acc: 0.6346(0.5500-0.7250)
[2025-01-20 20:16:26,231][INFO] Epoch[27/80], train AUC: 0.9269(0.8592-0.9682), test AUC: 0.8437(0.7369-0.9260)
[2025-01-20 20:18:24,531][INFO] Epoch[28/80], loss:1.4082, CE loss:0.4746 , info NCE loss:6.6987
[2025-01-20 20:18:24,531][INFO] Epoch[28/80], train B-acc: 0.7222(0.6410-0.8034), test B-acc: 0.6316(0.5556-0.7200)
[2025-01-20 20:18:24,531][INFO] Epoch[28/80], train AUC: 0.9284(0.8673-0.9715), test AUC: 0.8488(0.7514-0.9340)
[2025-01-20 20:20:25,417][INFO] Epoch[29/80], loss:1.4066, CE loss:0.4732 , info NCE loss:6.6956
[2025-01-20 20:20:25,418][INFO] Epoch[29/80], train B-acc: 0.7336(0.6527-0.8129), test B-acc: 0.6841(0.5894-0.7867)
[2025-01-20 20:20:25,418][INFO] Epoch[29/80], train AUC: 0.9320(0.8737-0.9718), test AUC: 0.8512(0.7519-0.9271)
[2025-01-20 20:22:22,586][INFO] Epoch[30/80], loss:1.4050, CE loss:0.4718 , info NCE loss:6.6931
[2025-01-20 20:22:22,586][INFO] Epoch[30/80], train B-acc: 0.7339(0.6569-0.8160), test B-acc: 0.6923(0.6000-0.7857)
[2025-01-20 20:22:22,587][INFO] Epoch[30/80], train AUC: 0.9362(0.8784-0.9746), test AUC: 0.8509(0.7491-0.9330)
[2025-01-20 20:24:19,700][INFO] Epoch[31/80], loss:1.4036, CE loss:0.4705 , info NCE loss:6.6910
[2025-01-20 20:24:19,700][INFO] Epoch[31/80], train B-acc: 0.7344(0.6533-0.8066), test B-acc: 0.6826(0.5976-0.7851)
[2025-01-20 20:24:19,700][INFO] Epoch[31/80], train AUC: 0.9389(0.8846-0.9770), test AUC: 0.8565(0.7560-0.9319)
[2025-01-20 20:26:10,983][INFO] Epoch[32/80], loss:1.4019, CE loss:0.4694 , info NCE loss:6.6858
[2025-01-20 20:26:10,983][INFO] Epoch[32/80], train B-acc: 0.7331(0.6576-0.8056), test B-acc: 0.6944(0.6094-0.7885)
[2025-01-20 20:26:10,983][INFO] Epoch[32/80], train AUC: 0.9414(0.8861-0.9766), test AUC: 0.8586(0.7597-0.9409)
[2025-01-20 20:28:00,203][INFO] Epoch[33/80], loss:1.4008, CE loss:0.4684 , info NCE loss:6.6847
[2025-01-20 20:28:00,204][INFO] Epoch[33/80], train B-acc: 0.7353(0.6556-0.8135), test B-acc: 0.6820(0.5863-0.7831)
[2025-01-20 20:28:00,204][INFO] Epoch[33/80], train AUC: 0.9463(0.8936-0.9796), test AUC: 0.8583(0.7579-0.9381)
[2025-01-20 20:29:49,447][INFO] Epoch[34/80], loss:1.3990, CE loss:0.4671 , info NCE loss:6.6802
[2025-01-20 20:29:49,448][INFO] Epoch[34/80], train B-acc: 0.7834(0.7004-0.8603), test B-acc: 0.7005(0.6057-0.8075)
[2025-01-20 20:29:49,448][INFO] Epoch[34/80], train AUC: 0.9476(0.8942-0.9814), test AUC: 0.8588(0.7610-0.9386)
[2025-01-20 20:31:38,763][INFO] Epoch[35/80], loss:1.3975, CE loss:0.4658 , info NCE loss:6.6766
[2025-01-20 20:31:38,763][INFO] Epoch[35/80], train B-acc: 0.7368(0.6552-0.8167), test B-acc: 0.6826(0.5926-0.7790)
[2025-01-20 20:31:38,764][INFO] Epoch[35/80], train AUC: 0.9514(0.9005-0.9824), test AUC: 0.8612(0.7568-0.9376)
[2025-01-20 20:33:25,749][INFO] Epoch[36/80], loss:1.3961, CE loss:0.4645 , info NCE loss:6.6748
[2025-01-20 20:33:25,750][INFO] Epoch[36/80], train B-acc: 0.7632(0.6818-0.8421), test B-acc: 0.6800(0.5910-0.7785)
[2025-01-20 20:33:25,750][INFO] Epoch[36/80], train AUC: 0.9535(0.9053-0.9825), test AUC: 0.8630(0.7675-0.9381)
[2025-01-20 20:35:14,198][INFO] Epoch[37/80], loss:1.3943, CE loss:0.4638 , info NCE loss:6.6668
[2025-01-20 20:35:14,198][INFO] Epoch[37/80], train B-acc: 0.7895(0.7073-0.8611), test B-acc: 0.7030(0.6042-0.7979)
[2025-01-20 20:35:14,198][INFO] Epoch[37/80], train AUC: 0.9540(0.9046-0.9840), test AUC: 0.8675(0.7661-0.9417)
[2025-01-20 20:37:36,229][INFO] Epoch[38/80], loss:1.3921, CE loss:0.4625 , info NCE loss:6.6595
[2025-01-20 20:37:36,230][INFO] Epoch[38/80], train B-acc: 0.7889(0.7059-0.8750), test B-acc: 0.7059(0.6111-0.8043)
[2025-01-20 20:37:36,230][INFO] Epoch[38/80], train AUC: 0.9558(0.9111-0.9857), test AUC: 0.8677(0.7726-0.9413)
[2025-01-20 20:39:26,310][INFO] Epoch[39/80], loss:1.3898, CE loss:0.4614 , info NCE loss:6.6507
[2025-01-20 20:39:26,311][INFO] Epoch[39/80], train B-acc: 0.7917(0.7125-0.8636), test B-acc: 0.7048(0.6072-0.8056)
[2025-01-20 20:39:26,311][INFO] Epoch[39/80], train AUC: 0.9587(0.9143-0.9859), test AUC: 0.8713(0.7685-0.9452)
[2025-01-20 20:41:14,581][INFO] Epoch[40/80], loss:1.3887, CE loss:0.4607 , info NCE loss:6.6475
[2025-01-20 20:41:14,582][INFO] Epoch[40/80], train B-acc: 0.8266(0.7432-0.9000), test B-acc: 0.7252(0.6279-0.8281)
[2025-01-20 20:41:14,582][INFO] Epoch[40/80], train AUC: 0.9607(0.9141-0.9874), test AUC: 0.8694(0.7780-0.9446)
[2025-01-20 20:43:06,433][INFO] Epoch[41/80], loss:1.3866, CE loss:0.4597 , info NCE loss:6.6390
[2025-01-20 20:43:06,433][INFO] Epoch[41/80], train B-acc: 0.8293(0.7500-0.9000), test B-acc: 0.7080(0.6116-0.7979)
[2025-01-20 20:43:06,433][INFO] Epoch[41/80], train AUC: 0.9634(0.9192-0.9890), test AUC: 0.8704(0.7668-0.9437)
[2025-01-20 20:44:58,437][INFO] Epoch[42/80], loss:1.3852, CE loss:0.4586 , info NCE loss:6.6360
[2025-01-20 20:44:58,437][INFO] Epoch[42/80], train B-acc: 0.8289(0.7564-0.9062), test B-acc: 0.7027(0.6000-0.8000)
[2025-01-20 20:44:58,437][INFO] Epoch[42/80], train AUC: 0.9638(0.9237-0.9884), test AUC: 0.8734(0.7781-0.9462)
[2025-01-20 20:47:57,096][INFO] Epoch[43/80], loss:1.3836, CE loss:0.4576 , info NCE loss:6.6309
[2025-01-20 20:47:57,096][INFO] Epoch[43/80], train B-acc: 0.8293(0.7500-0.9024), test B-acc: 0.7222(0.6250-0.8214)
[2025-01-20 20:47:57,096][INFO] Epoch[43/80], train AUC: 0.9657(0.9224-0.9895), test AUC: 0.8743(0.7852-0.9485)
[2025-01-20 20:50:15,175][INFO] Epoch[44/80], loss:1.3815, CE loss:0.4562 , info NCE loss:6.6245
[2025-01-20 20:50:15,176][INFO] Epoch[44/80], train B-acc: 0.8333(0.7500-0.9024), test B-acc: 0.7045(0.6136-0.8043)
[2025-01-20 20:50:15,176][INFO] Epoch[44/80], train AUC: 0.9677(0.9301-0.9903), test AUC: 0.8802(0.7895-0.9445)
[2025-01-20 20:52:06,673][INFO] Epoch[45/80], loss:1.3812, CE loss:0.4555 , info NCE loss:6.6268
[2025-01-20 20:52:06,675][INFO] Epoch[45/80], train B-acc: 0.8295(0.7500-0.9054), test B-acc: 0.7073(0.6053-0.8065)
[2025-01-20 20:52:06,676][INFO] Epoch[45/80], train AUC: 0.9682(0.9289-0.9913), test AUC: 0.8777(0.7867-0.9443)
[2025-01-20 20:53:58,764][INFO] Epoch[46/80], loss:1.3797, CE loss:0.4548 , info NCE loss:6.6207
[2025-01-20 20:53:58,764][INFO] Epoch[46/80], train B-acc: 0.8289(0.7500-0.9028), test B-acc: 0.7250(0.6250-0.8261)
[2025-01-20 20:53:58,765][INFO] Epoch[46/80], train AUC: 0.9711(0.9373-0.9928), test AUC: 0.8799(0.7914-0.9470)
[2025-01-20 20:55:49,594][INFO] Epoch[47/80], loss:1.3779, CE loss:0.4536 , info NCE loss:6.6155
[2025-01-20 20:55:49,594][INFO] Epoch[47/80], train B-acc: 0.8452(0.7714-0.9143), test B-acc: 0.7222(0.6344-0.8182)
[2025-01-20 20:55:49,594][INFO] Epoch[47/80], train AUC: 0.9713(0.9366-0.9927), test AUC: 0.8776(0.7945-0.9441)
[2025-01-20 20:57:39,081][INFO] Epoch[48/80], loss:1.3764, CE loss:0.4528 , info NCE loss:6.6104
[2025-01-20 20:57:39,082][INFO] Epoch[48/80], train B-acc: 0.8421(0.7639-0.9107), test B-acc: 0.7252(0.6290-0.8196)
[2025-01-20 20:57:39,082][INFO] Epoch[48/80], train AUC: 0.9742(0.9376-0.9941), test AUC: 0.8795(0.7896-0.9451)
[2025-01-20 20:59:29,273][INFO] Epoch[49/80], loss:1.3751, CE loss:0.4519 , info NCE loss:6.6064
[2025-01-20 20:59:29,273][INFO] Epoch[49/80], train B-acc: 0.8448(0.7647-0.9107), test B-acc: 0.7226(0.6302-0.8133)
[2025-01-20 20:59:29,274][INFO] Epoch[49/80], train AUC: 0.9754(0.9411-0.9935), test AUC: 0.8830(0.7973-0.9472)
[2025-01-20 21:01:23,732][INFO] Epoch[50/80], loss:1.3745, CE loss:0.4512 , info NCE loss:6.6066
[2025-01-20 21:01:23,733][INFO] Epoch[50/80], train B-acc: 0.8429(0.7647-0.9146), test B-acc: 0.7188(0.6197-0.8188)
[2025-01-20 21:01:23,733][INFO] Epoch[50/80], train AUC: 0.9769(0.9410-0.9940), test AUC: 0.8816(0.7941-0.9493)
[2025-01-20 21:03:19,697][INFO] Epoch[51/80], loss:1.3732, CE loss:0.4504 , info NCE loss:6.6024
[2025-01-20 21:03:19,698][INFO] Epoch[51/80], train B-acc: 0.8558(0.7805-0.9242), test B-acc: 0.7154(0.6228-0.8213)
[2025-01-20 21:03:19,698][INFO] Epoch[51/80], train AUC: 0.9782(0.9451-0.9951), test AUC: 0.8867(0.7935-0.9504)
[2025-01-20 21:05:15,916][INFO] Epoch[52/80], loss:1.3719, CE loss:0.4492 , info NCE loss:6.6006
[2025-01-20 21:05:15,917][INFO] Epoch[52/80], train B-acc: 0.8429(0.7703-0.9111), test B-acc: 0.7133(0.6190-0.8176)
[2025-01-20 21:05:15,918][INFO] Epoch[52/80], train AUC: 0.9787(0.9475-0.9956), test AUC: 0.8848(0.7995-0.9485)
[2025-01-20 21:07:10,376][INFO] Epoch[53/80], loss:1.3712, CE loss:0.4486 , info NCE loss:6.5995
[2025-01-20 21:07:10,377][INFO] Epoch[53/80], train B-acc: 0.8571(0.7794-0.9265), test B-acc: 0.7160(0.6174-0.8196)
[2025-01-20 21:07:10,377][INFO] Epoch[53/80], train AUC: 0.9813(0.9528-0.9963), test AUC: 0.8840(0.7996-0.9485)
[2025-01-20 21:09:04,146][INFO] Epoch[54/80], loss:1.3695, CE loss:0.4475 , info NCE loss:6.5938
[2025-01-20 21:09:04,146][INFO] Epoch[54/80], train B-acc: 0.8672(0.7934-0.9351), test B-acc: 0.7171(0.6171-0.8145)
[2025-01-20 21:09:04,146][INFO] Epoch[54/80], train AUC: 0.9820(0.9489-0.9972), test AUC: 0.8832(0.8011-0.9467)
[2025-01-20 21:10:58,843][INFO] Epoch[55/80], loss:1.3686, CE loss:0.4471 , info NCE loss:6.5905
[2025-01-20 21:10:58,843][INFO] Epoch[55/80], train B-acc: 0.8649(0.7898-0.9324), test B-acc: 0.7160(0.6159-0.8118)
[2025-01-20 21:10:58,843][INFO] Epoch[55/80], train AUC: 0.9829(0.9553-0.9965), test AUC: 0.8828(0.8005-0.9456)
[2025-01-20 21:12:51,229][INFO] Epoch[56/80], loss:1.3673, CE loss:0.4459 , info NCE loss:6.5886
[2025-01-20 21:12:51,229][INFO] Epoch[56/80], train B-acc: 0.8783(0.8071-0.9423), test B-acc: 0.7368(0.6392-0.8276)
[2025-01-20 21:12:51,230][INFO] Epoch[56/80], train AUC: 0.9846(0.9598-0.9971), test AUC: 0.8864(0.7981-0.9451)
[2025-01-20 21:14:42,009][INFO] Epoch[57/80], loss:1.3666, CE loss:0.4452 , info NCE loss:6.5878
[2025-01-20 21:14:42,010][INFO] Epoch[57/80], train B-acc: 0.8784(0.7978-0.9422), test B-acc: 0.7196(0.6198-0.8202)
[2025-01-20 21:14:42,010][INFO] Epoch[57/80], train AUC: 0.9851(0.9616-0.9976), test AUC: 0.8859(0.7984-0.9514)
[2025-01-20 21:16:33,220][INFO] Epoch[58/80], loss:1.3656, CE loss:0.4445 , info NCE loss:6.5851
[2025-01-20 21:16:33,220][INFO] Epoch[58/80], train B-acc: 0.8768(0.8003-0.9390), test B-acc: 0.7160(0.6145-0.8136)
[2025-01-20 21:16:33,220][INFO] Epoch[58/80], train AUC: 0.9848(0.9613-0.9978), test AUC: 0.8882(0.8048-0.9551)
[2025-01-20 21:18:25,227][INFO] Epoch[59/80], loss:1.3643, CE loss:0.4437 , info NCE loss:6.5814
[2025-01-20 21:18:25,227][INFO] Epoch[59/80], train B-acc: 0.8684(0.7976-0.9342), test B-acc: 0.7160(0.6188-0.8202)
[2025-01-20 21:18:25,227][INFO] Epoch[59/80], train AUC: 0.9864(0.9651-0.9978), test AUC: 0.8882(0.8043-0.9512)
[2025-01-20 21:20:16,569][INFO] Epoch[60/80], loss:1.3637, CE loss:0.4431 , info NCE loss:6.5801
[2025-01-20 21:20:16,570][INFO] Epoch[60/80], train B-acc: 0.9313(0.8739-0.9752), test B-acc: 0.7874(0.6878-0.8824)
[2025-01-20 21:20:16,570][INFO] Epoch[60/80], train AUC: 0.9880(0.9690-0.9987), test AUC: 0.8867(0.7960-0.9526)
[2025-01-20 21:22:07,756][INFO] Epoch[61/80], loss:1.3621, CE loss:0.4421 , info NCE loss:6.5754
[2025-01-20 21:22:07,756][INFO] Epoch[61/80], train B-acc: 0.9045(0.8397-0.9599), test B-acc: 0.7778(0.6762-0.8735)
[2025-01-20 21:22:07,756][INFO] Epoch[61/80], train AUC: 0.9885(0.9689-0.9986), test AUC: 0.8871(0.8031-0.9509)
[2025-01-20 21:23:58,831][INFO] Epoch[62/80], loss:1.3610, CE loss:0.4411 , info NCE loss:6.5740
[2025-01-20 21:23:58,831][INFO] Epoch[62/80], train B-acc: 0.8784(0.8054-0.9443), test B-acc: 0.7188(0.6238-0.8164)
[2025-01-20 21:23:58,832][INFO] Epoch[62/80], train AUC: 0.9886(0.9684-0.9989), test AUC: 0.8880(0.7947-0.9501)
[2025-01-20 21:25:50,891][INFO] Epoch[63/80], loss:1.3607, CE loss:0.4407 , info NCE loss:6.5739
[2025-01-20 21:25:50,891][INFO] Epoch[63/80], train B-acc: 0.9455(0.8948-0.9858), test B-acc: 0.8065(0.7063-0.8984)
[2025-01-20 21:25:50,891][INFO] Epoch[63/80], train AUC: 0.9903(0.9752-0.9986), test AUC: 0.8848(0.8048-0.9519)
[2025-01-20 21:27:41,962][INFO] Epoch[64/80], loss:1.3599, CE loss:0.4403 , info NCE loss:6.5713
[2025-01-20 21:27:41,963][INFO] Epoch[64/80], train B-acc: 0.9464(0.8911-0.9848), test B-acc: 0.8011(0.7044-0.8890)
[2025-01-20 21:27:41,963][INFO] Epoch[64/80], train AUC: 0.9910(0.9763-0.9989), test AUC: 0.8864(0.8056-0.9490)
[2025-01-20 21:29:33,897][INFO] Epoch[65/80], loss:1.3596, CE loss:0.4402 , info NCE loss:6.5694
[2025-01-20 21:29:33,897][INFO] Epoch[65/80], train B-acc: 0.8767(0.8056-0.9414), test B-acc: 0.7352(0.6336-0.8375)
[2025-01-20 21:29:33,899][INFO] Epoch[65/80], train AUC: 0.9906(0.9778-0.9990), test AUC: 0.8885(0.8030-0.9490)
[2025-01-20 21:31:25,505][INFO] Epoch[66/80], loss:1.3583, CE loss:0.4390 , info NCE loss:6.5681
[2025-01-20 21:31:25,505][INFO] Epoch[66/80], train B-acc: 0.9549(0.9074-0.9932), test B-acc: 0.8006(0.6948-0.8938)
[2025-01-20 21:31:25,505][INFO] Epoch[66/80], train AUC: 0.9910(0.9778-0.9989), test AUC: 0.8881(0.8042-0.9467)
[2025-01-20 21:33:21,403][INFO] Epoch[67/80], loss:1.3572, CE loss:0.4381 , info NCE loss:6.5655
[2025-01-20 21:33:21,404][INFO] Epoch[67/80], train B-acc: 0.9572(0.9116-0.9955), test B-acc: 0.8067(0.7125-0.8997)
[2025-01-20 21:33:21,404][INFO] Epoch[67/80], train AUC: 0.9923(0.9800-0.9991), test AUC: 0.8865(0.8056-0.9500)
[2025-01-20 21:35:22,719][INFO] Epoch[68/80], loss:1.3558, CE loss:0.4371 , info NCE loss:6.5620
[2025-01-20 21:35:22,720][INFO] Epoch[68/80], train B-acc: 0.9559(0.9015-0.9933), test B-acc: 0.8024(0.7002-0.8958)
[2025-01-20 21:35:22,720][INFO] Epoch[68/80], train AUC: 0.9928(0.9809-0.9993), test AUC: 0.8879(0.8098-0.9524)
[2025-01-20 21:37:24,729][INFO] Epoch[69/80], loss:1.3552, CE loss:0.4362 , info NCE loss:6.5629
[2025-01-20 21:37:24,729][INFO] Epoch[69/80], train B-acc: 0.9549(0.9034-0.9954), test B-acc: 0.7999(0.7029-0.8927)
[2025-01-20 21:37:24,729][INFO] Epoch[69/80], train AUC: 0.9932(0.9817-0.9993), test AUC: 0.8862(0.7927-0.9527)
[2025-01-20 21:39:28,414][INFO] Epoch[70/80], loss:1.3544, CE loss:0.4357 , info NCE loss:6.5607
[2025-01-20 21:39:28,414][INFO] Epoch[70/80], train B-acc: 0.9572(0.9005-0.9955), test B-acc: 0.8075(0.7014-0.8997)
[2025-01-20 21:39:28,414][INFO] Epoch[70/80], train AUC: 0.9937(0.9815-0.9994), test AUC: 0.8874(0.7983-0.9482)
[2025-01-20 21:41:31,185][INFO] Epoch[71/80], loss:1.3536, CE loss:0.4349 , info NCE loss:6.5597
[2025-01-20 21:41:31,186][INFO] Epoch[71/80], train B-acc: 0.9547(0.9049-0.9931), test B-acc: 0.8004(0.7002-0.8968)
[2025-01-20 21:41:31,186][INFO] Epoch[71/80], train AUC: 0.9942(0.9827-0.9996), test AUC: 0.8875(0.7973-0.9482)
[2025-01-20 21:43:34,150][INFO] Epoch[72/80], loss:1.3528, CE loss:0.4344 , info NCE loss:6.5570
[2025-01-20 21:43:34,150][INFO] Epoch[72/80], train B-acc: 0.9581(0.9105-0.9955), test B-acc: 0.8081(0.7048-0.8971)
[2025-01-20 21:43:34,152][INFO] Epoch[72/80], train AUC: 0.9950(0.9867-1.0000), test AUC: 0.8857(0.8025-0.9532)
[2025-01-20 21:45:38,047][INFO] Epoch[73/80], loss:1.3524, CE loss:0.4338 , info NCE loss:6.5576
[2025-01-20 21:45:38,048][INFO] Epoch[73/80], train B-acc: 0.9684(0.9283-0.9977), test B-acc: 0.7954(0.6949-0.8869)
[2025-01-20 21:45:38,048][INFO] Epoch[73/80], train AUC: 0.9947(0.9853-0.9999), test AUC: 0.8853(0.7999-0.9519)
[2025-01-20 21:47:41,467][INFO] Epoch[74/80], loss:1.3515, CE loss:0.4332 , info NCE loss:6.5554
[2025-01-20 21:47:41,468][INFO] Epoch[74/80], train B-acc: 0.9588(0.9099-0.9956), test B-acc: 0.7966(0.7067-0.8933)
[2025-01-20 21:47:41,468][INFO] Epoch[74/80], train AUC: 0.9953(0.9862-0.9999), test AUC: 0.8869(0.8048-0.9556)
[2025-01-20 21:49:48,471][INFO] Epoch[75/80], loss:1.3515, CE loss:0.4331 , info NCE loss:6.5556
[2025-01-20 21:49:48,471][INFO] Epoch[75/80], train B-acc: 0.9691(0.9246-0.9957), test B-acc: 0.7952(0.6905-0.8836)
[2025-01-20 21:49:48,471][INFO] Epoch[75/80], train AUC: 0.9956(0.9871-0.9999), test AUC: 0.8855(0.8001-0.9514)
[2025-01-20 21:51:47,502][INFO] Epoch[76/80], loss:1.3501, CE loss:0.4318 , info NCE loss:6.5540
[2025-01-20 21:51:47,502][INFO] Epoch[76/80], train B-acc: 0.9684(0.9260-0.9976), test B-acc: 0.7937(0.6928-0.8867)
[2025-01-20 21:51:47,502][INFO] Epoch[76/80], train AUC: 0.9961(0.9886-0.9999), test AUC: 0.8879(0.8041-0.9510)
[2025-01-20 21:53:42,998][INFO] Epoch[77/80], loss:1.3492, CE loss:0.4310 , info NCE loss:6.5525
[2025-01-20 21:53:42,998][INFO] Epoch[77/80], train B-acc: 0.9542(0.9076-0.9932), test B-acc: 0.8000(0.7004-0.8971)
[2025-01-20 21:53:42,998][INFO] Epoch[77/80], train AUC: 0.9965(0.9901-1.0000), test AUC: 0.8849(0.7960-0.9524)
[2025-01-20 21:55:36,060][INFO] Epoch[78/80], loss:1.3491, CE loss:0.4312 , info NCE loss:6.5506
[2025-01-20 21:55:36,061][INFO] Epoch[78/80], train B-acc: 0.9578(0.9058-0.9957), test B-acc: 0.8070(0.7128-0.9000)
[2025-01-20 21:55:36,061][INFO] Epoch[78/80], train AUC: 0.9968(0.9904-1.0000), test AUC: 0.8823(0.7937-0.9489)
[2025-01-20 21:57:29,834][INFO] Epoch[79/80], loss:1.3483, CE loss:0.4305 , info NCE loss:6.5488
[2025-01-20 21:57:29,834][INFO] Epoch[79/80], train B-acc: 0.9641(0.9216-0.9934), test B-acc: 0.8124(0.7123-0.9018)
[2025-01-20 21:57:29,834][INFO] Epoch[79/80], train AUC: 0.9970(0.9912-1.0000), test AUC: 0.8837(0.7942-0.9480)
[2025-01-20 21:59:22,093][INFO] Epoch[80/80], loss:1.3475, CE loss:0.4297 , info NCE loss:6.5486
[2025-01-20 21:59:22,093][INFO] Epoch[80/80], train B-acc: 0.9697(0.9246-0.9977), test B-acc: 0.7937(0.6986-0.8838)
[2025-01-20 21:59:22,094][INFO] Epoch[80/80], train AUC: 0.9973(0.9916-1.0000), test AUC: 0.8824(0.8080-0.9458)
