[2025-01-17 10:18:36,150][INFO] Running PROJECT: CRC-DX, P LEARNING RATE: 0.0001, OPTIMIZER: ADAMW, NUM EPOCHS: 50, BATCH SIZE: 2048, DEVICES: cuda, SMOOTHING: 0.1
[2025-01-17 10:18:36,151][INFO] params["in_chans"]=[200, 16]  python run_model.py --proj CRC-DX --num_epochs 50  --plr 1e-4  --smoothing 0.1
[2025-01-17 10:18:36,151][INFO] params["dims"]=[512, 512]
[2025-01-17 10:18:36,151][INFO] params["out_chans"]=[16, 8]
[2025-01-17 10:18:36,151][INFO] params["heads"]=[8, 4]
[2025-01-17 10:18:36,152][INFO] params["dropout"]=[0.8, 0.4, 0.4]
[2025-01-17 10:21:05,292][INFO] Epoch[1/50], loss:1.1208, CE loss:0.5141, info NCE loss:0.6067
[2025-01-17 10:21:05,293][INFO] Epoch[1/50], train B-acc: 0.5000(0.5000-0.5000), test B-acc: 0.5000(0.5000-0.5000)
[2025-01-17 10:21:05,293][INFO] Epoch[1/50], train AUC: 0.6602(0.5502-0.7652), test AUC: 0.6923(0.5556-0.8133)
[2025-01-17 10:23:10,353][INFO] Epoch[2/50], loss:1.0756, CE loss:0.4689, info NCE loss:0.6067
[2025-01-17 10:23:10,353][INFO] Epoch[2/50], train B-acc: 0.5000(0.5000-0.5000), test B-acc: 0.5000(0.5000-0.5000)
[2025-01-17 10:23:10,353][INFO] Epoch[2/50], train AUC: 0.7040(0.5988-0.8089), test AUC: 0.6989(0.5816-0.8176)
[2025-01-17 10:25:21,925][INFO] Epoch[3/50], loss:1.0616, CE loss:0.4549, info NCE loss:0.6066
[2025-01-17 10:25:21,925][INFO] Epoch[3/50], train B-acc: 0.5000(0.5000-0.5000), test B-acc: 0.5000(0.5000-0.5000)
[2025-01-17 10:25:21,925][INFO] Epoch[3/50], train AUC: 0.7390(0.6376-0.8303), test AUC: 0.7251(0.5997-0.8312)
[2025-01-17 10:27:35,084][INFO] Epoch[4/50], loss:1.0522, CE loss:0.4457, info NCE loss:0.6065
[2025-01-17 10:27:35,085][INFO] Epoch[4/50], train B-acc: 0.5000(0.5000-0.5000), test B-acc: 0.5000(0.5000-0.5000)
[2025-01-17 10:27:35,085][INFO] Epoch[4/50], train AUC: 0.7564(0.6576-0.8462), test AUC: 0.7261(0.6005-0.8283)
[2025-01-17 10:29:47,516][INFO] Epoch[5/50], loss:1.0435, CE loss:0.4371, info NCE loss:0.6064
[2025-01-17 10:29:47,516][INFO] Epoch[5/50], train B-acc: 0.5256(0.5000-0.5641), test B-acc: 0.5000(0.5000-0.5000)
[2025-01-17 10:29:47,516][INFO] Epoch[5/50], train AUC: 0.7720(0.6772-0.8623), test AUC: 0.7344(0.6079-0.8387)
[2025-01-17 10:32:00,844][INFO] Epoch[6/50], loss:1.0369, CE loss:0.4306, info NCE loss:0.6062
[2025-01-17 10:32:00,844][INFO] Epoch[6/50], train B-acc: 0.5375(0.5000-0.5875), test B-acc: 0.5000(0.5000-0.5000)
[2025-01-17 10:32:00,844][INFO] Epoch[6/50], train AUC: 0.7918(0.7074-0.8641), test AUC: 0.7429(0.6218-0.8514)
[2025-01-17 10:34:12,529][INFO] Epoch[7/50], loss:1.0315, CE loss:0.4254, info NCE loss:0.6061
[2025-01-17 10:34:12,529][INFO] Epoch[7/50], train B-acc: 0.5357(0.4979-0.5862), test B-acc: 0.5179(0.5000-0.5625)
[2025-01-17 10:34:12,529][INFO] Epoch[7/50], train AUC: 0.8049(0.7195-0.8765), test AUC: 0.7406(0.6202-0.8494)
[2025-01-17 10:36:25,614][INFO] Epoch[8/50], loss:1.0247, CE loss:0.4188, info NCE loss:0.6059
[2025-01-17 10:36:25,614][INFO] Epoch[8/50], train B-acc: 0.5612(0.5129-0.6259), test B-acc: 0.5370(0.5000-0.5968)
[2025-01-17 10:36:25,614][INFO] Epoch[8/50], train AUC: 0.8215(0.7349-0.8934), test AUC: 0.7495(0.6357-0.8500)
[2025-01-17 10:38:31,350][INFO] Epoch[9/50], loss:1.0194, CE loss:0.4137, info NCE loss:0.6057
[2025-01-17 10:38:31,352][INFO] Epoch[9/50], train B-acc: 0.5601(0.5113-0.6205), test B-acc: 0.5370(0.5000-0.6042)
[2025-01-17 10:38:31,352][INFO] Epoch[9/50], train AUC: 0.8358(0.7548-0.8978), test AUC: 0.7632(0.6505-0.8635)
[2025-01-17 10:40:35,587][INFO] Epoch[10/50], loss:1.0139, CE loss:0.4085, info NCE loss:0.6054
[2025-01-17 10:40:35,587][INFO] Epoch[10/50], train B-acc: 0.6002(0.5406-0.6712), test B-acc: 0.5370(0.5000-0.6000)
[2025-01-17 10:40:35,587][INFO] Epoch[10/50], train AUC: 0.8427(0.7639-0.9070), test AUC: 0.7692(0.6573-0.8699)
[2025-01-17 10:42:39,167][INFO] Epoch[11/50], loss:1.0091, CE loss:0.4040, info NCE loss:0.6051
[2025-01-17 10:42:39,168][INFO] Epoch[11/50], train B-acc: 0.6128(0.5437-0.6869), test B-acc: 0.5556(0.5000-0.6304)
[2025-01-17 10:42:39,168][INFO] Epoch[11/50], train AUC: 0.8541(0.7775-0.9186), test AUC: 0.7773(0.6626-0.8761)
[2025-01-17 10:44:48,914][INFO] Epoch[12/50], loss:1.0035, CE loss:0.3987, info NCE loss:0.6048
[2025-01-17 10:44:48,925][INFO] Epoch[12/50], train B-acc: 0.6248(0.5616-0.6959), test B-acc: 0.5926(0.5238-0.6800)
[2025-01-17 10:44:48,925][INFO] Epoch[12/50], train AUC: 0.8645(0.7905-0.9243), test AUC: 0.7791(0.6606-0.8769)
[2025-01-17 10:46:59,336][INFO] Epoch[13/50], loss:0.9982, CE loss:0.3937, info NCE loss:0.6045
[2025-01-17 10:46:59,336][INFO] Epoch[13/50], train B-acc: 0.6253(0.5511-0.6982), test B-acc: 0.5909(0.5250-0.6765)
[2025-01-17 10:46:59,336][INFO] Epoch[13/50], train AUC: 0.8740(0.8013-0.9349), test AUC: 0.7877(0.6663-0.8859)
[2025-01-17 10:49:03,844][INFO] Epoch[14/50], loss:0.9938, CE loss:0.3898, info NCE loss:0.6040
[2025-01-17 10:49:03,844][INFO] Epoch[14/50], train B-acc: 0.6652(0.5880-0.7385), test B-acc: 0.5926(0.5250-0.6739)
[2025-01-17 10:49:03,844][INFO] Epoch[14/50], train AUC: 0.8821(0.8008-0.9349), test AUC: 0.7925(0.6824-0.8871)
[2025-01-17 10:51:08,335][INFO] Epoch[15/50], loss:0.9894, CE loss:0.3857, info NCE loss:0.6036
[2025-01-17 10:51:08,336][INFO] Epoch[15/50], train B-acc: 0.6786(0.6058-0.7609), test B-acc: 0.5926(0.5278-0.6731)
[2025-01-17 10:51:08,336][INFO] Epoch[15/50], train AUC: 0.8894(0.8145-0.9439), test AUC: 0.8023(0.6834-0.9023)
[2025-01-17 10:53:11,607][INFO] Epoch[16/50], loss:0.9842, CE loss:0.3811, info NCE loss:0.6032
[2025-01-17 10:53:11,607][INFO] Epoch[16/50], train B-acc: 0.6791(0.6071-0.7602), test B-acc: 0.5909(0.5208-0.6667)
[2025-01-17 10:53:11,607][INFO] Epoch[16/50], train AUC: 0.8957(0.8308-0.9434), test AUC: 0.8107(0.7049-0.9030)
[2025-01-17 10:55:16,700][INFO] Epoch[17/50], loss:0.9795, CE loss:0.3768, info NCE loss:0.6027
[2025-01-17 10:55:16,700][INFO] Epoch[17/50], train B-acc: 0.7070(0.6234-0.7872), test B-acc: 0.6333(0.5517-0.7273)
[2025-01-17 10:55:16,700][INFO] Epoch[17/50], train AUC: 0.9002(0.8248-0.9512), test AUC: 0.8202(0.7113-0.9136)
[2025-01-17 10:57:29,227][INFO] Epoch[18/50], loss:0.9743, CE loss:0.3721, info NCE loss:0.6022
[2025-01-17 10:57:29,227][INFO] Epoch[18/50], train B-acc: 0.7060(0.6253-0.7927), test B-acc: 0.6333(0.5500-0.7222)
[2025-01-17 10:57:29,229][INFO] Epoch[18/50], train AUC: 0.9087(0.8398-0.9571), test AUC: 0.8242(0.7115-0.9137)
[2025-01-17 10:59:40,260][INFO] Epoch[19/50], loss:0.9695, CE loss:0.3677, info NCE loss:0.6018
[2025-01-17 10:59:40,260][INFO] Epoch[19/50], train B-acc: 0.7047(0.6296-0.7818), test B-acc: 0.6296(0.5600-0.7174)
[2025-01-17 10:59:40,261][INFO] Epoch[19/50], train AUC: 0.9133(0.8463-0.9601), test AUC: 0.8252(0.7163-0.9256)
[2025-01-17 11:01:43,170][INFO] Epoch[20/50], loss:0.9669, CE loss:0.3656, info NCE loss:0.6014
[2025-01-17 11:01:43,170][INFO] Epoch[20/50], train B-acc: 0.7051(0.6336-0.7879), test B-acc: 0.6905(0.6053-0.7885)
[2025-01-17 11:01:43,170][INFO] Epoch[20/50], train AUC: 0.9207(0.8580-0.9626), test AUC: 0.8305(0.7190-0.9172)
[2025-01-17 11:03:41,215][INFO] Epoch[21/50], loss:0.9621, CE loss:0.3612, info NCE loss:0.6009
[2025-01-17 11:03:41,215][INFO] Epoch[21/50], train B-acc: 0.7056(0.6293-0.7917), test B-acc: 0.6731(0.5833-0.7727)
[2025-01-17 11:03:41,215][INFO] Epoch[21/50], train AUC: 0.9255(0.8584-0.9656), test AUC: 0.8391(0.7328-0.9256)
[2025-01-17 11:05:39,225][INFO] Epoch[22/50], loss:0.9596, CE loss:0.3590, info NCE loss:0.6006
[2025-01-17 11:05:39,225][INFO] Epoch[22/50], train B-acc: 0.7522(0.6742-0.8339), test B-acc: 0.7115(0.6200-0.8200)
[2025-01-17 11:05:39,225][INFO] Epoch[22/50], train AUC: 0.9280(0.8629-0.9706), test AUC: 0.8382(0.7271-0.9231)
[2025-01-17 11:07:37,293][INFO] Epoch[23/50], loss:0.9561, CE loss:0.3559, info NCE loss:0.6002
[2025-01-17 11:07:37,293][INFO] Epoch[23/50], train B-acc: 0.7145(0.6394-0.7981), test B-acc: 0.6724(0.5800-0.7667)
[2025-01-17 11:07:37,294][INFO] Epoch[23/50], train AUC: 0.9327(0.8778-0.9713), test AUC: 0.8391(0.7378-0.9276)
[2025-01-17 11:09:37,997][INFO] Epoch[24/50], loss:0.9503, CE loss:0.3505, info NCE loss:0.5998
[2025-01-17 11:09:37,997][INFO] Epoch[24/50], train B-acc: 0.7454(0.6624-0.8249), test B-acc: 0.7121(0.6136-0.8077)
[2025-01-17 11:09:37,997][INFO] Epoch[24/50], train AUC: 0.9381(0.8843-0.9747), test AUC: 0.8482(0.7436-0.9263)
[2025-01-17 11:11:36,620][INFO] Epoch[25/50], loss:0.9477, CE loss:0.3482, info NCE loss:0.5995
[2025-01-17 11:11:36,620][INFO] Epoch[25/50], train B-acc: 0.7681(0.6885-0.8462), test B-acc: 0.7121(0.6154-0.8125)
[2025-01-17 11:11:36,621][INFO] Epoch[25/50], train AUC: 0.9390(0.8761-0.9768), test AUC: 0.8477(0.7512-0.9350)
[2025-01-17 11:13:34,984][INFO] Epoch[26/50], loss:0.9446, CE loss:0.3454, info NCE loss:0.5992
[2025-01-17 11:13:34,984][INFO] Epoch[26/50], train B-acc: 0.7680(0.6862-0.8459), test B-acc: 0.7115(0.6250-0.8167)
[2025-01-17 11:13:34,984][INFO] Epoch[26/50], train AUC: 0.9438(0.8883-0.9785), test AUC: 0.8507(0.7541-0.9317)
[2025-01-17 11:15:33,228][INFO] Epoch[27/50], loss:0.9410, CE loss:0.3422, info NCE loss:0.5988
[2025-01-17 11:15:33,228][INFO] Epoch[27/50], train B-acc: 0.7837(0.7026-0.8579), test B-acc: 0.7121(0.6200-0.8077)
[2025-01-17 11:15:33,229][INFO] Epoch[27/50], train AUC: 0.9491(0.8928-0.9820), test AUC: 0.8565(0.7571-0.9345)
[2025-01-17 11:17:31,557][INFO] Epoch[28/50], loss:0.9376, CE loss:0.3391, info NCE loss:0.5985
[2025-01-17 11:17:31,558][INFO] Epoch[28/50], train B-acc: 0.7806(0.7050-0.8580), test B-acc: 0.7292(0.6379-0.8276)
[2025-01-17 11:17:31,558][INFO] Epoch[28/50], train AUC: 0.9538(0.8975-0.9829), test AUC: 0.8547(0.7536-0.9345)
[2025-01-17 11:19:29,986][INFO] Epoch[29/50], loss:0.9345, CE loss:0.3364, info NCE loss:0.5981
[2025-01-17 11:19:29,987][INFO] Epoch[29/50], train B-acc: 0.7955(0.7179-0.8705), test B-acc: 0.7241(0.6276-0.8190)
[2025-01-17 11:19:29,987][INFO] Epoch[29/50], train AUC: 0.9551(0.9049-0.9844), test AUC: 0.8597(0.7588-0.9367)
[2025-01-17 11:21:28,625][INFO] Epoch[30/50], loss:0.9316, CE loss:0.3338, info NCE loss:0.5978
[2025-01-17 11:21:28,625][INFO] Epoch[30/50], train B-acc: 0.7872(0.7072-0.8692), test B-acc: 0.7241(0.6279-0.8261)
[2025-01-17 11:21:28,626][INFO] Epoch[30/50], train AUC: 0.9589(0.9051-0.9875), test AUC: 0.8619(0.7637-0.9387)
[2025-01-17 11:23:26,856][INFO] Epoch[31/50], loss:0.9290, CE loss:0.3315, info NCE loss:0.5975
[2025-01-17 11:23:26,856][INFO] Epoch[31/50], train B-acc: 0.8044(0.7255-0.8814), test B-acc: 0.7556(0.6528-0.8542)
[2025-01-17 11:23:26,856][INFO] Epoch[31/50], train AUC: 0.9596(0.9129-0.9878), test AUC: 0.8624(0.7611-0.9350)
[2025-01-17 11:25:25,329][INFO] Epoch[32/50], loss:0.9257, CE loss:0.3285, info NCE loss:0.5972
[2025-01-17 11:25:25,330][INFO] Epoch[32/50], train B-acc: 0.8053(0.7271-0.8833), test B-acc: 0.7414(0.6469-0.8445)
[2025-01-17 11:25:25,331][INFO] Epoch[32/50], train AUC: 0.9631(0.9124-0.9894), test AUC: 0.8626(0.7674-0.9371)
[2025-01-17 11:27:23,599][INFO] Epoch[33/50], loss:0.9229, CE loss:0.3262, info NCE loss:0.5967
[2025-01-17 11:27:23,600][INFO] Epoch[33/50], train B-acc: 0.8112(0.7263-0.8844), test B-acc: 0.7431(0.6471-0.8421)
[2025-01-17 11:27:23,600][INFO] Epoch[33/50], train AUC: 0.9644(0.9199-0.9894), test AUC: 0.8641(0.7594-0.9405)
[2025-01-17 11:29:22,139][INFO] Epoch[34/50], loss:0.9202, CE loss:0.3237, info NCE loss:0.5964
[2025-01-17 11:29:22,139][INFO] Epoch[34/50], train B-acc: 0.8468(0.7676-0.9175), test B-acc: 0.7656(0.6646-0.8618)
[2025-01-17 11:29:22,139][INFO] Epoch[34/50], train AUC: 0.9671(0.9230-0.9913), test AUC: 0.8648(0.7690-0.9357)
[2025-01-17 11:31:20,375][INFO] Epoch[35/50], loss:0.9177, CE loss:0.3216, info NCE loss:0.5961
[2025-01-17 11:31:20,375][INFO] Epoch[35/50], train B-acc: 0.8438(0.7681-0.9145), test B-acc: 0.7698(0.6687-0.8667)
[2025-01-17 11:31:20,375][INFO] Epoch[35/50], train AUC: 0.9691(0.9295-0.9930), test AUC: 0.8723(0.7748-0.9412)
[2025-01-17 11:33:18,359][INFO] Epoch[36/50], loss:0.9152, CE loss:0.3196, info NCE loss:0.5956
[2025-01-17 11:33:18,360][INFO] Epoch[36/50], train B-acc: 0.8485(0.7644-0.9201), test B-acc: 0.7688(0.6617-0.8684)
[2025-01-17 11:33:18,360][INFO] Epoch[36/50], train AUC: 0.9718(0.9357-0.9930), test AUC: 0.8681(0.7719-0.9418)
[2025-01-17 11:35:17,278][INFO] Epoch[37/50], loss:0.9119, CE loss:0.3167, info NCE loss:0.5953
[2025-01-17 11:35:17,279][INFO] Epoch[37/50], train B-acc: 0.8504(0.7745-0.9144), test B-acc: 0.7692(0.6667-0.8620)
[2025-01-17 11:35:17,279][INFO] Epoch[37/50], train AUC: 0.9726(0.9324-0.9940), test AUC: 0.8700(0.7729-0.9432)
[2025-01-17 11:37:15,988][INFO] Epoch[38/50], loss:0.9095, CE loss:0.3146, info NCE loss:0.5949
[2025-01-17 11:37:15,988][INFO] Epoch[38/50], train B-acc: 0.9001(0.8389-0.9541), test B-acc: 0.7696(0.6673-0.8690)
[2025-01-17 11:37:15,989][INFO] Epoch[38/50], train AUC: 0.9744(0.9368-0.9940), test AUC: 0.8708(0.7764-0.9489)
[2025-01-17 11:39:14,761][INFO] Epoch[39/50], loss:0.9075, CE loss:0.3128, info NCE loss:0.5946
[2025-01-17 11:39:14,761][INFO] Epoch[39/50], train B-acc: 0.8467(0.7737-0.9198), test B-acc: 0.7717(0.6615-0.8625)
[2025-01-17 11:39:14,762][INFO] Epoch[39/50], train AUC: 0.9763(0.9407-0.9956), test AUC: 0.8716(0.7733-0.9453)
[2025-01-17 11:41:12,528][INFO] Epoch[40/50], loss:0.9045, CE loss:0.3102, info NCE loss:0.5942
[2025-01-17 11:41:12,529][INFO] Epoch[40/50], train B-acc: 0.8493(0.7760-0.9144), test B-acc: 0.7696(0.6720-0.8629)
[2025-01-17 11:41:12,529][INFO] Epoch[40/50], train AUC: 0.9786(0.9438-0.9956), test AUC: 0.8700(0.7874-0.9457)
[2025-01-17 11:43:07,589][INFO] Epoch[41/50], loss:0.9031, CE loss:0.3091, info NCE loss:0.5940
[2025-01-17 11:43:07,589][INFO] Epoch[41/50], train B-acc: 0.8498(0.7724-0.9188), test B-acc: 0.7717(0.6754-0.8654)
[2025-01-17 11:43:07,589][INFO] Epoch[41/50], train AUC: 0.9789(0.9437-0.9969), test AUC: 0.8725(0.7779-0.9508)
[2025-01-17 11:45:07,351][INFO] Epoch[42/50], loss:0.9000, CE loss:0.3065, info NCE loss:0.5935
[2025-01-17 11:45:07,351][INFO] Epoch[42/50], train B-acc: 0.8879(0.8137-0.9487), test B-acc: 0.7688(0.6661-0.8620)
[2025-01-17 11:45:07,352][INFO] Epoch[42/50], train AUC: 0.9789(0.9480-0.9966), test AUC: 0.8706(0.7856-0.9425)
[2025-01-17 11:47:32,307][INFO] Epoch[43/50], loss:0.8981, CE loss:0.3049, info NCE loss:0.5932
[2025-01-17 11:47:32,307][INFO] Epoch[43/50], train B-acc: 0.9158(0.8485-0.9721), test B-acc: 0.7994(0.6991-0.8902)
[2025-01-17 11:47:32,307][INFO] Epoch[43/50], train AUC: 0.9811(0.9477-0.9968), test AUC: 0.8699(0.7727-0.9435)
[2025-01-17 11:49:49,089][INFO] Epoch[44/50], loss:0.8961, CE loss:0.3031, info NCE loss:0.5930
[2025-01-17 11:49:49,089][INFO] Epoch[44/50], train B-acc: 0.9044(0.8376-0.9572), test B-acc: 0.7822(0.6858-0.8701)
[2025-01-17 11:49:49,089][INFO] Epoch[44/50], train AUC: 0.9827(0.9540-0.9976), test AUC: 0.8740(0.7853-0.9444)
[2025-01-17 11:51:49,071][INFO] Epoch[45/50], loss:0.8937, CE loss:0.3011, info NCE loss:0.5926
[2025-01-17 11:51:49,072][INFO] Epoch[45/50], train B-acc: 0.9383(0.8790-0.9839), test B-acc: 0.8065(0.6953-0.8960)
[2025-01-17 11:51:49,072][INFO] Epoch[45/50], train AUC: 0.9835(0.9534-0.9978), test AUC: 0.8726(0.7686-0.9493)
[2025-01-17 11:54:05,457][INFO] Epoch[46/50], loss:0.8915, CE loss:0.2993, info NCE loss:0.5922
[2025-01-17 11:54:05,458][INFO] Epoch[46/50], train B-acc: 0.9390(0.8834-0.9806), test B-acc: 0.8001(0.7050-0.8903)
[2025-01-17 11:54:05,458][INFO] Epoch[46/50], train AUC: 0.9851(0.9580-0.9983), test AUC: 0.8695(0.7829-0.9459)
[2025-01-17 11:56:47,344][INFO] Epoch[47/50], loss:0.8892, CE loss:0.2974, info NCE loss:0.5918
[2025-01-17 11:56:47,344][INFO] Epoch[47/50], train B-acc: 0.9408(0.8833-0.9835), test B-acc: 0.7999(0.7000-0.8933)
[2025-01-17 11:56:47,344][INFO] Epoch[47/50], train AUC: 0.9868(0.9626-0.9980), test AUC: 0.8693(0.7781-0.9467)
[2025-01-17 11:59:12,666][INFO] Epoch[48/50], loss:0.8871, CE loss:0.2956, info NCE loss:0.5914
[2025-01-17 11:59:12,666][INFO] Epoch[48/50], train B-acc: 0.9408(0.8908-0.9837), test B-acc: 0.8017(0.7105-0.8937)
[2025-01-17 11:59:12,666][INFO] Epoch[48/50], train AUC: 0.9872(0.9659-0.9986), test AUC: 0.8696(0.7758-0.9429)
[2025-01-17 12:01:33,695][INFO] Epoch[49/50], loss:0.8856, CE loss:0.2943, info NCE loss:0.5913
[2025-01-17 12:01:33,696][INFO] Epoch[49/50], train B-acc: 0.9556(0.9034-0.9910), test B-acc: 0.7999(0.7050-0.8893)
[2025-01-17 12:01:33,696][INFO] Epoch[49/50], train AUC: 0.9883(0.9677-0.9990), test AUC: 0.8727(0.7783-0.9433)
[2025-01-17 12:04:03,489][INFO] Epoch[50/50], loss:0.8833, CE loss:0.2925, info NCE loss:0.5908
[2025-01-17 12:04:03,499][INFO] Epoch[50/50], train B-acc: 0.9533(0.9056-0.9931), test B-acc: 0.7967(0.6991-0.8997)
[2025-01-17 12:04:03,499][INFO] Epoch[50/50], train AUC: 0.9889(0.9688-0.9989), test AUC: 0.8717(0.7681-0.9476)
