[2024-12-31 18:29:02,367][INFO] Running PROJECT: CRC-DX, P LEARNING RATE: 0.001, OPTIMIZER: ADAMW, NUM EPOCHS: 25, BATCH SIZE: 2048, DEVICES: cuda, SMOOTHING: 0.1
[2024-12-31 18:29:02,367][INFO] params["in_chans"]=[200, 16]
[2024-12-31 18:29:02,367][INFO] params["dims"]=[512, 512]
[2024-12-31 18:29:02,368][INFO] params["out_chans"]=[16, 8]
[2024-12-31 18:29:02,368][INFO] params["heads"]=[8, 4]
[2024-12-31 18:29:02,368][INFO] params["dropout"]=[0.8, 0.4, 0.4]
[2024-12-31 18:31:17,928][INFO] Epoch[1/25], loss:1.2999, CE loss:0.9203 , info NCE loss:0.3795
[2024-12-31 18:31:17,928][INFO] Epoch[1/25], train B-acc: 0.5000(0.5000-0.5000), test B-acc: 0.5000(0.5000-0.5000)
[2024-12-31 18:31:17,929][INFO] Epoch[1/25], train AUC: 0.7559(0.6485-0.8463), test AUC: 0.6763(0.5323-0.8015)
[2024-12-31 18:33:48,619][INFO] Epoch[2/25], loss:0.9023, CE loss:0.5229 , info NCE loss:0.3794
[2024-12-31 18:33:48,619][INFO] Epoch[2/25], train B-acc: 0.6531(0.5737-0.7360), test B-acc: 0.6476(0.5504-0.7500)
[2024-12-31 18:33:48,619][INFO] Epoch[2/25], train AUC: 0.7864(0.6962-0.8704), test AUC: 0.7333(0.6126-0.8465)
[2024-12-31 18:36:04,405][INFO] Epoch[3/25], loss:0.8273, CE loss:0.4483 , info NCE loss:0.3789
[2024-12-31 18:36:04,405][INFO] Epoch[3/25], train B-acc: 0.5375(0.5000-0.5938), test B-acc: 0.5000(0.5000-0.5000)
[2024-12-31 18:36:04,406][INFO] Epoch[3/25], train AUC: 0.8100(0.7247-0.8886), test AUC: 0.7219(0.5987-0.8330)
[2024-12-31 18:38:18,518][INFO] Epoch[4/25], loss:0.7994, CE loss:0.4207 , info NCE loss:0.3786
[2024-12-31 18:38:18,518][INFO] Epoch[4/25], train B-acc: 0.6263(0.5647-0.6977), test B-acc: 0.5926(0.5238-0.6750)
[2024-12-31 18:38:18,519][INFO] Epoch[4/25], train AUC: 0.8381(0.7608-0.9090), test AUC: 0.7426(0.6181-0.8445)
[2024-12-31 18:40:29,451][INFO] Epoch[5/25], loss:0.7864, CE loss:0.4080 , info NCE loss:0.3784
[2024-12-31 18:40:29,451][INFO] Epoch[5/25], train B-acc: 0.5852(0.5248-0.6539), test B-acc: 0.5741(0.5172-0.6500)
[2024-12-31 18:40:29,451][INFO] Epoch[5/25], train AUC: 0.8568(0.7848-0.9174), test AUC: 0.7557(0.6317-0.8619)
[2024-12-31 18:42:39,296][INFO] Epoch[6/25], loss:0.7746, CE loss:0.3965 , info NCE loss:0.3781
[2024-12-31 18:42:39,296][INFO] Epoch[6/25], train B-acc: 0.6518(0.5818-0.7352), test B-acc: 0.6333(0.5526-0.7292)
[2024-12-31 18:42:39,296][INFO] Epoch[6/25], train AUC: 0.8736(0.7981-0.9340), test AUC: 0.7683(0.6531-0.8694)
[2024-12-31 18:44:52,831][INFO] Epoch[7/25], loss:0.7666, CE loss:0.3887 , info NCE loss:0.3778
[2024-12-31 18:44:52,832][INFO] Epoch[7/25], train B-acc: 0.6778(0.6036-0.7590), test B-acc: 0.5926(0.5208-0.6765)
[2024-12-31 18:44:52,832][INFO] Epoch[7/25], train AUC: 0.8837(0.8107-0.9363), test AUC: 0.7839(0.6700-0.8766)
[2024-12-31 18:47:01,100][INFO] Epoch[8/25], loss:0.7575, CE loss:0.3801 , info NCE loss:0.3775
[2024-12-31 18:47:01,101][INFO] Epoch[8/25], train B-acc: 0.6931(0.6206-0.7752), test B-acc: 0.6304(0.5536-0.7115)
[2024-12-31 18:47:01,101][INFO] Epoch[8/25], train AUC: 0.8986(0.8313-0.9512), test AUC: 0.7987(0.6866-0.8960)
[2024-12-31 18:49:03,178][INFO] Epoch[9/25], loss:0.7493, CE loss:0.3723 , info NCE loss:0.3770
[2024-12-31 18:49:03,178][INFO] Epoch[9/25], train B-acc: 0.7038(0.6296-0.7926), test B-acc: 0.6731(0.5870-0.7727)
[2024-12-31 18:49:03,178][INFO] Epoch[9/25], train AUC: 0.9120(0.8448-0.9604), test AUC: 0.8200(0.7015-0.9112)
[2024-12-31 18:51:14,814][INFO] Epoch[10/25], loss:0.7408, CE loss:0.3643 , info NCE loss:0.3765
[2024-12-31 18:51:14,814][INFO] Epoch[10/25], train B-acc: 0.7093(0.6311-0.7859), test B-acc: 0.6667(0.5833-0.7619)
[2024-12-31 18:51:14,815][INFO] Epoch[10/25], train AUC: 0.9237(0.8601-0.9697), test AUC: 0.8237(0.7144-0.9112)
[2024-12-31 18:53:23,654][INFO] Epoch[11/25], loss:0.7333, CE loss:0.3573 , info NCE loss:0.3760
[2024-12-31 18:53:23,655][INFO] Epoch[11/25], train B-acc: 0.7544(0.6723-0.8302), test B-acc: 0.7018(0.6071-0.7989)
[2024-12-31 18:53:23,655][INFO] Epoch[11/25], train AUC: 0.9349(0.8755-0.9754), test AUC: 0.8275(0.7199-0.9130)
[2024-12-31 18:55:33,417][INFO] Epoch[12/25], loss:0.7254, CE loss:0.3499 , info NCE loss:0.3755
[2024-12-31 18:55:33,417][INFO] Epoch[12/25], train B-acc: 0.7920(0.7196-0.8671), test B-acc: 0.7400(0.6515-0.8359)
[2024-12-31 18:55:33,417][INFO] Epoch[12/25], train AUC: 0.9444(0.8875-0.9799), test AUC: 0.8316(0.7277-0.9130)
[2024-12-31 18:57:44,249][INFO] Epoch[13/25], loss:0.7170, CE loss:0.3421 , info NCE loss:0.3749
[2024-12-31 18:57:44,249][INFO] Epoch[13/25], train B-acc: 0.7978(0.7184-0.8771), test B-acc: 0.7200(0.6212-0.8214)
[2024-12-31 18:57:44,249][INFO] Epoch[13/25], train AUC: 0.9548(0.8974-0.9849), test AUC: 0.8400(0.7319-0.9267)
[2024-12-31 18:59:51,101][INFO] Epoch[14/25], loss:0.7096, CE loss:0.3354 , info NCE loss:0.3743
[2024-12-31 18:59:51,101][INFO] Epoch[14/25], train B-acc: 0.8465(0.7690-0.9166), test B-acc: 0.7578(0.6562-0.8467)
[2024-12-31 18:59:51,101][INFO] Epoch[14/25], train AUC: 0.9609(0.9133-0.9893), test AUC: 0.8505(0.7390-0.9320)
[2025-01-01 10:28:51,403][INFO] Epoch[15/25], loss:0.7028, CE loss:0.3292 , info NCE loss:0.3736
[2025-01-01 10:28:51,403][INFO] Epoch[15/25], train B-acc: 0.8871(0.8154-0.9479), test B-acc: 0.7640(0.6637-0.8667)
[2025-01-01 10:28:51,404][INFO] Epoch[15/25], train AUC: 0.9672(0.9242-0.9922), test AUC: 0.8490(0.7365-0.9307)
[2025-01-01 10:31:25,177][INFO] Epoch[16/25], loss:0.6962, CE loss:0.3233 , info NCE loss:0.3729
[2025-01-01 10:31:25,177][INFO] Epoch[16/25], train B-acc: 0.8977(0.8310-0.9537), test B-acc: 0.7857(0.6800-0.8820)
[2025-01-01 10:31:25,177][INFO] Epoch[16/25], train AUC: 0.9719(0.9316-0.9945), test AUC: 0.8470(0.7388-0.9309)
[2025-01-01 10:33:25,727][INFO] Epoch[17/25], loss:0.6890, CE loss:0.3168 , info NCE loss:0.3721
[2025-01-01 10:33:25,727][INFO] Epoch[17/25], train B-acc: 0.9131(0.8513-0.9677), test B-acc: 0.7833(0.6800-0.8761)
[2025-01-01 10:33:25,728][INFO] Epoch[17/25], train AUC: 0.9772(0.9408-0.9962), test AUC: 0.8458(0.7396-0.9299)
[2025-01-01 10:35:24,135][INFO] Epoch[18/25], loss:0.6824, CE loss:0.3110 , info NCE loss:0.3714
[2025-01-01 10:35:24,135][INFO] Epoch[18/25], train B-acc: 0.9511(0.9039-0.9812), test B-acc: 0.7765(0.6829-0.8687)
[2025-01-01 10:35:24,136][INFO] Epoch[18/25], train AUC: 0.9808(0.9483-0.9974), test AUC: 0.8415(0.7334-0.9254)
[2025-01-01 10:37:25,437][INFO] Epoch[19/25], loss:0.6756, CE loss:0.3050 , info NCE loss:0.3706
[2025-01-01 10:37:25,437][INFO] Epoch[19/25], train B-acc: 0.9560(0.9234-0.9783), test B-acc: 0.7514(0.6419-0.8439)
[2025-01-01 10:37:25,438][INFO] Epoch[19/25], train AUC: 0.9837(0.9572-0.9981), test AUC: 0.8460(0.7336-0.9301)
[2025-01-01 10:39:45,756][INFO] Epoch[20/25], loss:0.6700, CE loss:0.3002 , info NCE loss:0.3698
[2025-01-01 10:39:45,756][INFO] Epoch[20/25], train B-acc: 0.9599(0.9176-0.9886), test B-acc: 0.7861(0.6923-0.8800)
[2025-01-01 10:39:45,756][INFO] Epoch[20/25], train AUC: 0.9866(0.9619-0.9989), test AUC: 0.8508(0.7403-0.9351)
[2025-01-01 10:41:48,243][INFO] Epoch[21/25], loss:0.6606, CE loss:0.2919 , info NCE loss:0.3687
[2025-01-01 10:41:48,244][INFO] Epoch[21/25], train B-acc: 0.9443(0.9036-0.9703), test B-acc: 0.7519(0.6500-0.8503)
[2025-01-01 10:41:48,244][INFO] Epoch[21/25], train AUC: 0.9876(0.9669-0.9989), test AUC: 0.8467(0.7336-0.9379)
[2025-01-01 10:43:49,584][INFO] Epoch[22/25], loss:0.6570, CE loss:0.2889 , info NCE loss:0.3681
[2025-01-01 10:43:49,584][INFO] Epoch[22/25], train B-acc: 0.9210(0.8811-0.9509), test B-acc: 0.7761(0.6820-0.8602)
[2025-01-01 10:43:49,584][INFO] Epoch[22/25], train AUC: 0.9891(0.9712-0.9990), test AUC: 0.8422(0.7317-0.9243)
[2025-01-01 10:47:34,458][INFO] Epoch[23/25], loss:0.6527, CE loss:0.2853 , info NCE loss:0.3674
[2025-01-01 10:47:34,458][INFO] Epoch[23/25], train B-acc: 0.9089(0.8667-0.9375), test B-acc: 0.7636(0.6720-0.8467)
[2025-01-01 10:47:34,458][INFO] Epoch[23/25], train AUC: 0.9911(0.9752-0.9995), test AUC: 0.8417(0.7362-0.9269)
[2025-01-01 10:51:02,822][INFO] Epoch[24/25], loss:0.6471, CE loss:0.2804 , info NCE loss:0.3667
[2025-01-01 10:51:02,822][INFO] Epoch[24/25], train B-acc: 0.9327(0.8943-0.9595), test B-acc: 0.7619(0.6615-0.8421)
[2025-01-01 10:51:02,823][INFO] Epoch[24/25], train AUC: 0.9927(0.9792-0.9993), test AUC: 0.8431(0.7339-0.9280)
[2025-01-01 10:53:04,517][INFO] Epoch[25/25], loss:0.6438, CE loss:0.2775 , info NCE loss:0.3663
[2025-01-01 10:53:04,517][INFO] Epoch[25/25], train B-acc: 0.9253(0.9009-0.9477), test B-acc: 0.7500(0.6478-0.8362)
[2025-01-01 10:53:04,518][INFO] Epoch[25/25], train AUC: 0.9943(0.9838-0.9995), test AUC: 0.8473(0.7343-0.9336)
