[2025-01-22 22:41:50,193][INFO] Running PROJECT: CRC-KR, P LEARNING RATE: 0.0001, OPTIMIZER: ADAMW, NUM EPOCHS: 30, BATCH SIZE: 2048, DEVICES: cuda, SMOOTHING: 0.25
[2025-01-22 22:41:50,193][INFO] params["in_chans"]=[200, 16]python run_MIL_model.py --proj CRC-KR --num_epochs 30 --plr 1e-4  --smoothing 0.25
[2025-01-22 22:41:50,193][INFO] params["dims"]=[512, 512] 温度参数为0.6
[2025-01-22 22:41:50,193][INFO] params["out_chans"]=[16, 8]
[2025-01-22 22:41:50,193][INFO] params["heads"]=[8, 4]
[2025-01-22 22:41:50,193][INFO] params["dropout"]=[0.8, 0.4, 0.4]
[2025-01-22 22:45:01,275][INFO] Epoch[1/30], loss:1.6049, CE loss:0.5650 , info NCE loss:7.4982
[2025-01-22 22:45:01,276][INFO] Epoch[1/30], train B-acc: 0.5000(0.5000-0.5000), test B-acc: 0.5000(0.5000-0.5000)
[2025-01-22 22:45:01,276][INFO] Epoch[1/30], train AUC: 0.6620(0.5739-0.7381), test AUC: 0.6159(0.4833-0.7222)
[2025-01-22 22:47:00,648][INFO] Epoch[2/30], loss:1.5519, CE loss:0.5451 , info NCE loss:7.2574
[2025-01-22 22:47:00,648][INFO] Epoch[2/30], train B-acc: 0.5000(0.5000-0.5000), test B-acc: 0.5000(0.5000-0.5000)
[2025-01-22 22:47:00,649][INFO] Epoch[2/30], train AUC: 0.7717(0.6963-0.8409), test AUC: 0.6749(0.5621-0.7795)
[2025-01-22 22:48:59,048][INFO] Epoch[3/30], loss:1.5192, CE loss:0.5376 , info NCE loss:7.0816
[2025-01-22 22:48:59,048][INFO] Epoch[3/30], train B-acc: 0.5000(0.5000-0.5000), test B-acc: 0.5000(0.5000-0.5000)
[2025-01-22 22:48:59,049][INFO] Epoch[3/30], train AUC: 0.7879(0.7114-0.8560), test AUC: 0.6974(0.5899-0.8075)
[2025-01-22 22:52:13,919][INFO] Epoch[4/30], loss:1.5019, CE loss:0.5316 , info NCE loss:7.0003
[2025-01-22 22:52:13,919][INFO] Epoch[4/30], train B-acc: 0.5000(0.5000-0.5000), test B-acc: 0.5000(0.5000-0.5000)
[2025-01-22 22:52:13,920][INFO] Epoch[4/30], train AUC: 0.7970(0.7141-0.8685), test AUC: 0.7129(0.5957-0.8119)
[2025-01-22 22:54:40,666][INFO] Epoch[5/30], loss:1.4906, CE loss:0.5251 , info NCE loss:6.9618
[2025-01-22 22:54:40,666][INFO] Epoch[5/30], train B-acc: 0.5000(0.5000-0.5000), test B-acc: 0.5000(0.5000-0.5000)
[2025-01-22 22:54:40,667][INFO] Epoch[5/30], train AUC: 0.8063(0.7330-0.8731), test AUC: 0.7224(0.6149-0.8292)
[2025-01-22 22:56:31,609][INFO] Epoch[6/30], loss:1.4825, CE loss:0.5205 , info NCE loss:6.9341
[2025-01-22 22:56:31,610][INFO] Epoch[6/30], train B-acc: 0.5114(0.5000-0.5417), test B-acc: 0.5000(0.5000-0.5000)
[2025-01-22 22:56:31,610][INFO] Epoch[6/30], train AUC: 0.8169(0.7492-0.8831), test AUC: 0.7309(0.6183-0.8360)
[2025-01-22 22:58:19,503][INFO] Epoch[7/30], loss:1.4757, CE loss:0.5170 , info NCE loss:6.9082
[2025-01-22 22:58:19,504][INFO] Epoch[7/30], train B-acc: 0.5238(0.5000-0.5648), test B-acc: 0.5000(0.5000-0.5000)
[2025-01-22 22:58:19,504][INFO] Epoch[7/30], train AUC: 0.8297(0.7524-0.8908), test AUC: 0.7435(0.6294-0.8426)
[2025-01-22 23:00:07,591][INFO] Epoch[8/30], loss:1.4699, CE loss:0.5132 , info NCE loss:6.8912
[2025-01-22 23:00:07,591][INFO] Epoch[8/30], train B-acc: 0.5341(0.4979-0.5811), test B-acc: 0.5000(0.5000-0.5000)
[2025-01-22 23:00:07,591][INFO] Epoch[8/30], train AUC: 0.8420(0.7752-0.9019), test AUC: 0.7540(0.6401-0.8589)
[2025-01-22 23:02:00,318][INFO] Epoch[9/30], loss:1.4653, CE loss:0.5098 , info NCE loss:6.8797
[2025-01-22 23:02:00,320][INFO] Epoch[9/30], train B-acc: 0.5321(0.4979-0.5833), test B-acc: 0.5000(0.5000-0.5000)
[2025-01-22 23:02:00,320][INFO] Epoch[9/30], train AUC: 0.8589(0.7952-0.9152), test AUC: 0.7568(0.6439-0.8544)
[2025-01-22 23:03:48,024][INFO] Epoch[10/30], loss:1.4612, CE loss:0.5064 , info NCE loss:6.8717
[2025-01-22 23:03:48,025][INFO] Epoch[10/30], train B-acc: 0.5678(0.5229-0.6324), test B-acc: 0.5000(0.5000-0.5000)
[2025-01-22 23:03:48,026][INFO] Epoch[10/30], train AUC: 0.8711(0.8083-0.9257), test AUC: 0.7656(0.6583-0.8629)
[2025-01-22 23:05:35,974][INFO] Epoch[11/30], loss:1.4564, CE loss:0.5034 , info NCE loss:6.8565
[2025-01-22 23:05:35,974][INFO] Epoch[11/30], train B-acc: 0.5693(0.5233-0.6312), test B-acc: 0.5000(0.5000-0.5000)
[2025-01-22 23:05:35,974][INFO] Epoch[11/30], train AUC: 0.8819(0.8230-0.9299), test AUC: 0.7803(0.6684-0.8693)
[2025-01-22 23:07:23,045][INFO] Epoch[12/30], loss:1.4529, CE loss:0.5005 , info NCE loss:6.8500
[2025-01-22 23:07:23,046][INFO] Epoch[12/30], train B-acc: 0.5933(0.5385-0.6556), test B-acc: 0.5000(0.5000-0.5000)
[2025-01-22 23:07:23,046][INFO] Epoch[12/30], train AUC: 0.8944(0.8394-0.9364), test AUC: 0.7748(0.6685-0.8648)
[2025-01-22 23:09:10,374][INFO] Epoch[13/30], loss:1.4499, CE loss:0.4974 , info NCE loss:6.8474
[2025-01-22 23:09:10,374][INFO] Epoch[13/30], train B-acc: 0.6047(0.5466-0.6724), test B-acc: 0.5323(0.5000-0.5882)
[2025-01-22 23:09:10,375][INFO] Epoch[13/30], train AUC: 0.9025(0.8523-0.9463), test AUC: 0.7808(0.6668-0.8686)
[2025-01-22 23:10:59,076][INFO] Epoch[14/30], loss:1.4461, CE loss:0.4945 , info NCE loss:6.8387
[2025-01-22 23:10:59,077][INFO] Epoch[14/30], train B-acc: 0.5927(0.5353-0.6622), test B-acc: 0.5000(0.5000-0.5000)
[2025-01-22 23:10:59,077][INFO] Epoch[14/30], train AUC: 0.9088(0.8621-0.9495), test AUC: 0.7838(0.6733-0.8758)
[2025-01-22 23:12:49,048][INFO] Epoch[15/30], loss:1.4435, CE loss:0.4918 , info NCE loss:6.8363
[2025-01-22 23:12:49,049][INFO] Epoch[15/30], train B-acc: 0.6154(0.5545-0.6837), test B-acc: 0.5000(0.5000-0.5000)
[2025-01-22 23:12:49,049][INFO] Epoch[15/30], train AUC: 0.9176(0.8744-0.9551), test AUC: 0.7873(0.6758-0.8776)
[2025-01-22 23:14:37,049][INFO] Epoch[16/30], loss:1.4405, CE loss:0.4890 , info NCE loss:6.8320
[2025-01-22 23:14:37,050][INFO] Epoch[16/30], train B-acc: 0.6178(0.5547-0.6854), test B-acc: 0.5429(0.4937-0.6103)
[2025-01-22 [2025-01-22 23:16:32,848][INFO] Epoch[17/30], loss:1.4372, CE loss:0.4864 , info NCE loss:6.8252
[2025-01-22 23:16:32,849][INFO] Epoch[17/30], train B-acc: 0.6142(0.5524-0.6891), test B-acc: 0.5420(0.4935-0.6061)
[2025-01-22 23:16:32,849][INFO] Epoch[17/30], train AUC: 0.9273(0.8841-0.9619), test AUC: 0.7891(0.6820-0.8802)
[2025-01-22 23:18:23,808][INFO] Epoch[18/30], loss:1.4352, CE loss:0.4841 , info NCE loss:6.8248
[2025-01-22 23:18:23,808][INFO] Epoch[18/30], train B-acc: 0.6305(0.5666-0.7038), test B-acc: 0.5402(0.4932-0.6034)
[2025-01-22 23:18:23,809][INFO] Epoch[18/30], train AUC: 0.9315(0.8910-0.9652), test AUC: 0.7915(0.6879-0.8784)
[2025-01-22 23:20:13,865][INFO] Epoch[19/30], loss:1.4326, CE loss:0.4819 , info NCE loss:6.8196
[2025-01-22 23:20:13,866][INFO] Epoch[19/30], train B-acc: 0.6300(0.5634-0.6986), test B-acc: 0.5579(0.5000-0.6296)
[2025-01-22 23:20:13,866][INFO] Epoch[19/30], train AUC: 0.9359(0.8949-0.9662), test AUC: 0.7939(0.6967-0.8776)
[2025-01-22 23:22:03,716][INFO] Epoch[20/30], loss:1.4305, CE loss:0.4798 , info NCE loss:6.8181
[2025-01-22 23:22:03,716][INFO] Epoch[20/30], train B-acc: 0.6409(0.5793-0.7121), test B-acc: 0.6033(0.5312-0.6834)
[2025-01-22 23:22:03,716][INFO] Epoch[20/30], train AUC: 0.9399(0.9039-0.9686), test AUC: 0.7970(0.6910-0.8726)
[2025-01-22 23:23:52,623][INFO] Epoch[21/30], loss:1.4279, CE loss:0.4775 , info NCE loss:6.8140
[2025-01-22 23:23:52,624][INFO] Epoch[21/30], train B-acc: 0.6279(0.5645-0.7042), test B-acc: 0.5841(0.5207-0.6671)
[2025-01-22 23:23:52,624][INFO] Epoch[21/30], train AUC: 0.9443(0.9093-0.9717), test AUC: 0.7917(0.6834-0.8765)
[2025-01-22 23:25:39,958][INFO] Epoch[22/30], loss:1.4259, CE loss:0.4756 , info NCE loss:6.8112
[2025-01-22 23:25:39,959][INFO] Epoch[22/30], train B-acc: 0.6392(0.5653-0.7135), test B-acc: 0.6040(0.5257-0.6840)
[2025-01-22 23:25:39,959][INFO] Epoch[22/30], train AUC: 0.9467(0.9122-0.9734), test AUC: 0.7901(0.6810-0.8795)
[2025-01-22 23:27:28,681][INFO] Epoch[23/30], loss:1.4237, CE loss:0.4736 , info NCE loss:6.8079
[2025-01-22 23:27:28,681][INFO] Epoch[23/30], train B-acc: 0.6537(0.5859-0.7208), test B-acc: 0.6015(0.5299-0.6772)
[2025-01-22 23:27:28,682][INFO] Epoch[23/30], train AUC: 0.9501(0.9139-0.9769), test AUC: 0.7923(0.6895-0.8814)
[2025-01-22 23:29:15,791][INFO] Epoch[24/30], loss:1.4218, CE loss:0.4719 , info NCE loss:6.8050
[2025-01-22 23:29:15,792][INFO] Epoch[24/30], train B-acc: 0.6976(0.6258-0.7755), test B-acc: 0.6055(0.5253-0.6897)
[2025-01-22 23:29:15,792][INFO] Epoch[24/30], train AUC: 0.9519(0.9194-0.9774), test AUC: 0.7929(0.6978-0.8787)
[2025-01-22 23:31:03,739][INFO] Epoch[25/30], loss:1.4200, CE loss:0.4702 , info NCE loss:6.8026
[2025-01-22 23:31:03,739][INFO] Epoch[25/30], train B-acc: 0.7021(0.6189-0.7779), test B-acc: 0.6008(0.5324-0.6881)
[2025-01-22 23:31:03,740][INFO] Epoch[25/30], train AUC: 0.9557(0.9226-0.9788), test AUC: 0.7913(0.6990-0.8762)
[2025-01-22 23:32:51,247][INFO] Epoch[26/30], loss:1.4185, CE loss:0.4686 , info NCE loss:6.8012
[2025-01-22 23:32:51,248][INFO] Epoch[26/30], train B-acc: 0.6981(0.6232-0.7800), test B-acc: 0.6008(0.5331-0.6897)
[2025-01-22 23:32:51,248][INFO] Epoch[26/30], train AUC: 0.9578(0.9246-0.9798), test AUC: 0.7859(0.6903-0.8776)
[2025-01-22 23:34:39,549][INFO] Epoch[27/30], loss:1.4169, CE loss:0.4667 , info NCE loss:6.8009
[2025-01-22 23:34:39,549][INFO] Epoch[27/30], train B-acc: 0.7606(0.6853-0.8369), test B-acc: 0.5913(0.5172-0.6810)
[2025-01-22 23:34:39,551][INFO] Epoch[27/30], train AUC: 0.9590(0.9283-0.9826), test AUC: 0.7924(0.6937-0.8784)
[2025-01-22 23:36:27,090][INFO] Epoch[28/30], loss:1.4149, CE loss:0.4655 , info NCE loss:6.7952
[2025-01-22 23:36:27,090][INFO] Epoch[28/30], train B-acc: 0.7467(0.6744-0.8255), test B-acc: 0.5897(0.5112-0.6711)
[2025-01-22 23:36:27,091][INFO] Epoch[28/30], train AUC: 0.9617(0.9349-0.9833), test AUC: 0.7914(0.6907-0.8793)
[2025-01-22 23:38:14,807][INFO] Epoch[29/30], loss:1.4132, CE loss:0.4641 , info NCE loss:6.7917
[2025-01-22 23:38:14,808][INFO] Epoch[29/30], train B-acc: 0.8346(0.7641-0.9044), test B-acc: 0.5873(0.5068-0.6712)
[2025-01-22 23:38:14,808][INFO] Epoch[29/30], train AUC: 0.9628(0.9340-0.9838), test AUC: 0.7892(0.6835-0.8761)
[2025-01-22 23:40:05,444][INFO] Epoch[30/30], loss:1.4120, CE loss:0.4628 , info NCE loss:6.7906
[2025-01-22 23:40:05,444][INFO] Epoch[30/30], train B-acc: 0.7595(0.6875-0.8351), test B-acc: 0.5902(0.5142-0.6756)
[2025-01-22 23:40:05,444][INFO] Epoch[30/30], train AUC: 0.9631(0.9351-0.9836), test AUC: 0.7934(0.6944-0.8795)
