[2024-12-31 15:27:01,488][INFO] Running PROJECT: CRC-DX, P LEARNING RATE: 0.001, OPTIMIZER: ADAMW, NUM EPOCHS: 25, BATCH SIZE: 2048, DEVICES: cuda, SMOOTHING: 0.1
[2024-12-31 15:27:01,488][INFO] params["in_chans"]=[200, 16]
[2024-12-31 15:27:01,488][INFO] params["dims"]=[512, 512]
[2024-12-31 15:27:01,489][INFO] params["out_chans"]=[16, 8]
[2024-12-31 15:27:01,489][INFO] params["heads"]=[8, 4]
[2024-12-31 15:27:01,489][INFO] params["dropout"]=[0.8, 0.4, 0.4]
[2024-12-31 15:29:10,332][INFO] Epoch[1/25], loss:1.4427, CE loss:0.7603 , info NCE loss:7.5843
[2024-12-31 15:29:10,332][INFO] Epoch[1/25], train B-acc: 0.6567(0.5810-0.7320), test B-acc: 0.6517(0.5567-0.7500)
[2024-12-31 15:29:10,333][INFO] Epoch[1/25], train AUC: 0.7727(0.6750-0.8568), test AUC: 0.7086(0.5776-0.8185)
[2024-12-31 15:31:16,689][INFO] Epoch[2/25], loss:1.1847, CE loss:0.4745 , info NCE loss:7.5772
[2024-12-31 15:31:16,689][INFO] Epoch[2/25], train B-acc: 0.5244(0.5000-0.5652), test B-acc: 0.5000(0.5000-0.5000)
[2024-12-31 15:31:16,689][INFO] Epoch[2/25], train AUC: 0.7898(0.7006-0.8733), test AUC: 0.7031(0.5712-0.8268)
[2024-12-31 15:33:28,008][INFO] Epoch[3/25], loss:1.1430, CE loss:0.4289 , info NCE loss:7.5698
[2024-12-31 15:33:28,008][INFO] Epoch[3/25], train B-acc: 0.5994(0.5384-0.6711), test B-acc: 0.5741(0.5161-0.6538)
[2024-12-31 15:33:28,008][INFO] Epoch[3/25], train AUC: 0.8306(0.7530-0.8930), test AUC: 0.7387(0.6273-0.8450)
[2024-12-31 15:35:38,070][INFO] Epoch[4/25], loss:1.1222, CE loss:0.4070 , info NCE loss:7.5587
[2024-12-31 15:35:38,070][INFO] Epoch[4/25], train B-acc: 0.6144(0.5500-0.6824), test B-acc: 0.5938(0.5227-0.6786)
[2024-12-31 15:35:38,070][INFO] Epoch[4/25], train AUC: 0.8583(0.7822-0.9213), test AUC: 0.7587(0.6352-0.8617)
[2024-12-31 15:37:41,742][INFO] Epoch[5/25], loss:1.1092, CE loss:0.3944 , info NCE loss:7.5427
[2024-12-31 15:37:41,742][INFO] Epoch[5/25], train B-acc: 0.6397(0.5704-0.7229), test B-acc: 0.5926(0.5227-0.6750)
[2024-12-31 15:37:41,742][INFO] Epoch[5/25], train AUC: 0.8833(0.8088-0.9380), test AUC: 0.7888(0.6653-0.8817)
[2024-12-31 15:39:49,222][INFO] Epoch[6/25], loss:1.0970, CE loss:0.3831 , info NCE loss:7.5226
[2024-12-31 15:39:49,222][INFO] Epoch[6/25], train B-acc: 0.6426(0.5668-0.7188), test B-acc: 0.5952(0.5208-0.6800)
[2024-12-31 15:39:49,222][INFO] Epoch[6/25], train AUC: 0.9012(0.8288-0.9513), test AUC: 0.8051(0.6976-0.8980)
[2024-12-31 15:41:56,378][INFO] Epoch[7/25], loss:1.0854, CE loss:0.3725 , info NCE loss:7.5019
[2024-12-31 15:41:56,378][INFO] Epoch[7/25], train B-acc: 0.6829(0.6081-0.7667), test B-acc: 0.5952(0.5227-0.6786)
[2024-12-31 15:41:56,378][INFO] Epoch[7/25], train AUC: 0.9160(0.8440-0.9607), test AUC: 0.8271(0.7174-0.9132)
[2024-12-31 15:44:08,657][INFO] Epoch[8/25], loss:1.0738, CE loss:0.3618 , info NCE loss:7.4820
[2024-12-31 15:44:08,658][INFO] Epoch[8/25], train B-acc: 0.7070(0.6310-0.7894), test B-acc: 0.6724(0.5870-0.7727)
[2024-12-31 15:44:08,658][INFO] Epoch[8/25], train AUC: 0.9307(0.8686-0.9737), test AUC: 0.8318(0.7182-0.9249)
[2024-12-31 15:46:20,406][INFO] Epoch[9/25], loss:1.0626, CE loss:0.3515 , info NCE loss:7.4629
[2024-12-31 15:46:20,407][INFO] Epoch[9/25], train B-acc: 0.7727(0.6905-0.8498), test B-acc: 0.7097(0.6207-0.8077)
[2024-12-31 15:46:20,407][INFO] Epoch[9/25], train AUC: 0.9435(0.8877-0.9816), test AUC: 0.8407(0.7368-0.9277)
[2024-12-31 15:48:32,302][INFO] Epoch[10/25], loss:1.0510, CE loss:0.3408 , info NCE loss:7.4429
[2024-12-31 15:48:32,303][INFO] Epoch[10/25], train B-acc: 0.7778(0.6970-0.8548), test B-acc: 0.7105(0.6200-0.8095)
[2024-12-31 15:48:32,303][INFO] Epoch[10/25], train AUC: 0.9585(0.9040-0.9871), test AUC: 0.8519(0.7533-0.9348)
[2024-12-31 15:50:44,307][INFO] Epoch[11/25], loss:1.0407, CE loss:0.3315 , info NCE loss:7.4230
[2024-12-31 15:50:44,308][INFO] Epoch[11/25], train B-acc: 0.8507(0.7714-0.9176), test B-acc: 0.7577(0.6500-0.8450)
[2024-12-31 15:50:44,308][INFO] Epoch[11/25], train AUC: 0.9680(0.9187-0.9930), test AUC: 0.8532(0.7387-0.9397)
[2024-12-31 15:52:58,630][INFO] Epoch[12/25], loss:1.0301, CE loss:0.3220 , info NCE loss:7.4024
[2024-12-31 15:52:58,630][INFO] Epoch[12/25], train B-acc: 0.8527(0.7756-0.9175), test B-acc: 0.7535(0.6549-0.8550)
[2024-12-31 15:52:58,630][INFO] Epoch[12/25], train AUC: 0.9763(0.9349-0.9967), test AUC: 0.8500(0.7439-0.9391)
[2024-12-31 15:55:08,098][INFO] Epoch[13/25], loss:1.0209, CE loss:0.3138 , info NCE loss:7.3849
[2024-12-31 15:55:08,098][INFO] Epoch[13/25], train B-acc: 0.9046(0.8346-0.9621), test B-acc: 0.7881(0.6835-0.8824)
[2024-12-31 15:55:08,098][INFO] Epoch[13/25], train AUC: 0.9811(0.9459-0.9978), test AUC: 0.8571(0.7467-0.9385)
[2024-12-31 15:57:21,345][INFO] Epoch[14/25], loss:1.0104, CE loss:0.3045 , info NCE loss:7.3639
[2024-12-31 15:57:21,345][INFO] Epoch[14/25], train B-acc: 0.9056(0.8322-0.9611), test B-acc: 0.7874(0.6892-0.8723)
[2024-12-31 15:57:21,345][INFO] Epoch[14/25], train AUC: 0.9853(0.9550-0.9990), test AUC: 0.8605(0.7552-0.9380)
[2024-12-31 15:59:32,836][INFO] Epoch[15/25], loss:1.0035, CE loss:0.2983 , info NCE loss:7.3501
[2024-12-31 15:59:32,836][INFO] Epoch[15/25], train B-acc: 0.9434(0.8882-0.9839), test B-acc: 0.8024(0.7045-0.8938)
[2024-12-31 15:59:32,837][INFO] Epoch[15/25], train AUC: 0.9877(0.9590-0.9995), test AUC: 0.8565(0.7519-0.9402)
[2024-12-31 16:01:46,127][INFO] Epoch[16/25], loss:0.9996, CE loss:0.2951 , info NCE loss:7.3404
[2024-12-31 16:01:46,128][INFO] Epoch[16/25], train B-acc: 0.8917(0.8259-0.9512), test B-acc: 0.7700(0.6609-0.8653)
[2024-12-31 16:01:46,128][INFO] Epoch[16/25], train AUC: 0.9905(0.9688-0.9996), test AUC: 0.8588(0.7509-0.9376)
[2024-12-31 16:03:57,825][INFO] Epoch[17/25], loss:0.9906, CE loss:0.2873 , info NCE loss:7.3207
[2024-12-31 16:03:57,825][INFO] Epoch[17/25], train B-acc: 0.9583(0.9056-0.9957), test B-acc: 0.8006(0.7050-0.8927)
[2024-12-31 16:03:57,825][INFO] Epoch[17/25], train AUC: 0.9930(0.9764-1.0000), test AUC: 0.8602(0.7627-0.9446)
[2024-12-31 16:06:15,560][INFO] Epoch[18/25], loss:0.9821, CE loss:0.2795 , info NCE loss:7.3047
[2024-12-31 16:06:15,560][INFO] Epoch[18/25], train B-acc: 0.9675(0.9244-0.9977), test B-acc: 0.7818(0.6765-0.8783)
[2024-12-31 16:06:15,561][INFO] Epoch[18/25], train AUC: 0.9955(0.9848-1.0000), test AUC: 0.8587(0.7480-0.9496)
[2024-12-31 16:08:30,366][INFO] Epoch[19/25], loss:0.9799, CE loss:0.2779 , info NCE loss:7.2976
[2024-12-31 16:08:30,366][INFO] Epoch[19/25], train B-acc: 0.9816(0.9482-0.9978), test B-acc: 0.7814(0.6750-0.8752)
[2024-12-31 16:08:30,366][INFO] Epoch[19/25], train AUC: 0.9974(0.9911-1.0000), test AUC: 0.8622(0.7619-0.9389)
[2024-12-31 16:10:42,149][INFO] Epoch[20/25], loss:0.9704, CE loss:0.2691 , info NCE loss:7.2822
[2024-12-31 16:10:42,150][INFO] Epoch[20/25], train B-acc: 0.9816(0.9470-0.9978), test B-acc: 0.7812(0.6754-0.8768)
[2024-12-31 16:10:42,150][INFO] Epoch[20/25], train AUC: 0.9984(0.9943-1.0000), test AUC: 0.8605(0.7540-0.9444)
[2024-12-31 16:12:52,817][INFO] Epoch[21/25], loss:0.9660, CE loss:0.2654 , info NCE loss:7.2711
[2024-12-31 16:12:52,818][INFO] Epoch[21/25], train B-acc: 0.9770(0.9436-0.9955), test B-acc: 0.7952(0.6956-0.8905)
[2024-12-31 16:12:52,818][INFO] Epoch[21/25], train AUC: 0.9988(0.9956-1.0000), test AUC: 0.8586(0.7541-0.9459)
[2024-12-31 16:15:06,143][INFO] Epoch[22/25], loss:0.9615, CE loss:0.2615 , info NCE loss:7.2617
[2024-12-31 16:15:06,143][INFO] Epoch[22/25], train B-acc: 0.9773(0.9408-0.9955), test B-acc: 0.7921(0.6923-0.8825)
[2024-12-31 16:15:06,143][INFO] Epoch[22/25], train AUC: 0.9991(0.9964-1.0000), test AUC: 0.8577(0.7534-0.9413)
[2024-12-31 16:17:15,227][INFO] Epoch[23/25], loss:0.9584, CE loss:0.2587 , info NCE loss:7.2554
[2024-12-31 16:17:15,227][INFO] Epoch[23/25], train B-acc: 0.9756(0.9601-0.9885), test B-acc: 0.8169(0.7245-0.9002)
[2024-12-31 16:17:15,228][INFO] Epoch[23/25], train AUC: 0.9998(0.9983-1.0000), test AUC: 0.8596(0.7574-0.9412)
[2024-12-31 16:19:24,701][INFO] Epoch[24/25], loss:0.9581, CE loss:0.2589 , info NCE loss:7.2507
[2024-12-31 16:19:24,701][INFO] Epoch[24/25], train B-acc: 0.9832(0.9493-1.0000), test B-acc: 0.7877(0.6840-0.8768)
[2024-12-31 16:19:24,701][INFO] Epoch[24/25], train AUC: 0.9995(0.9972-1.0000), test AUC: 0.8595(0.7573-0.9362)
[2024-12-31 16:21:34,093][INFO] Epoch[25/25], loss:1.1151, CE loss:0.4234 , info NCE loss:7.3412
[2024-12-31 16:21:34,093][INFO] Epoch[25/25], train B-acc: 0.7023(0.6690-0.7342), test B-acc: 0.6776(0.6022-0.7463)
[2024-12-31 16:21:34,093][INFO] Epoch[25/25], train AUC: 0.9993(0.9965-1.0000), test AUC: 0.8603(0.7485-0.9430)
