[2025-01-24 14:59:40,200][INFO] Running PROJECT: CRC-KR, P LEARNING RATE: 5e-05, OPTIMIZER: ADAMW, NUM EPOCHS: 40, BATCH SIZE: 2048, DEVICES: cuda, SMOOTHING: 0.25
[2025-01-24 14:59:40,200][INFO] params["in_chans"]=[200, 16]
[2025-01-24 14:59:40,201][INFO] params["dims"]=[512, 512]
[2025-01-24 14:59:40,201][INFO] params["out_chans"]=[16, 8]
[2025-01-24 14:59:40,201][INFO] params["heads"]=[8, 4]
[2025-01-24 14:59:40,201][INFO] params["dropout"]=[0.8, 0.4, 0.4]
[2025-01-24 15:01:29,547][INFO] Epoch[1/40], loss:0.6657, CE loss:0.5906 , info NCE loss:0.5500
[2025-01-24 15:01:29,547][INFO] Epoch[1/40], train B-acc: 0.5000(0.5000-0.5000), test B-acc: 0.5000(0.5000-0.5000)
[2025-01-24 15:01:29,548][INFO] Epoch[1/40], train AUC: 0.5784(0.4883-0.6682), test AUC: 0.6249(0.4946-0.7518)
[2025-01-24 15:03:28,807][INFO] Epoch[2/40], loss:0.6229, CE loss:0.5478 , info NCE loss:0.5483
[2025-01-24 15:03:28,807][INFO] Epoch[2/40], train B-acc: 0.5000(0.5000-0.5000), test B-acc: 0.5000(0.5000-0.5000)
[2025-01-24 15:03:28,807][INFO] Epoch[2/40], train AUC: 0.6648(0.5726-0.7595), test AUC: 0.6455(0.5043-0.7695)
[2025-01-24 15:05:31,344][INFO] Epoch[3/40], loss:0.6145, CE loss:0.5396 , info NCE loss:0.5472
[2025-01-24 15:05:31,345][INFO] Epoch[3/40], train B-acc: 0.5000(0.5000-0.5000), test B-acc: 0.5000(0.5000-0.5000)
[2025-01-24 15:05:31,345][INFO] Epoch[3/40], train AUC: 0.7330(0.6371-0.8100), test AUC: 0.6657(0.5328-0.7813)
[2025-01-24 15:07:31,786][INFO] Epoch[4/40], loss:0.6098, CE loss:0.5351 , info NCE loss:0.5468
[2025-01-24 15:07:31,786][INFO] Epoch[4/40], train B-acc: 0.5000(0.5000-0.5000), test B-acc: 0.5000(0.5000-0.5000)
[2025-01-24 15:07:31,788][INFO] Epoch[4/40], train AUC: 0.7674(0.6837-0.8492), test AUC: 0.6826(0.5645-0.7948)
[2025-01-24 15:09:27,393][INFO] Epoch[5/40], loss:0.6056, CE loss:0.5311 , info NCE loss:0.5432
[2025-01-24 15:09:27,393][INFO] Epoch[5/40], train B-acc: 0.5000(0.5000-0.5000), test B-acc: 0.5000(0.5000-0.5000)
[2025-01-24 15:09:27,393][INFO] Epoch[5/40], train AUC: 0.7849(0.7027-0.8604), test AUC: 0.6958(0.5728-0.7998)
[2025-01-24 15:11:24,367][INFO] Epoch[6/40], loss:0.6020, CE loss:0.5279 , info NCE loss:0.5405
[2025-01-24 15:11:24,367][INFO] Epoch[6/40], train B-acc: 0.5000(0.5000-0.5000), test B-acc: 0.5000(0.5000-0.5000)
[2025-01-24 15:11:24,368][INFO] Epoch[6/40], train AUC: 0.7950(0.7165-0.8668), test AUC: 0.7077(0.5898-0.8184)
[2025-01-24 15:13:24,977][INFO] Epoch[7/40], loss:0.5987, CE loss:0.5250 , info NCE loss:0.5357
[2025-01-24 15:13:24,977][INFO] Epoch[7/40], train B-acc: 0.5000(0.5000-0.5000), test B-acc: 0.5000(0.5000-0.5000)
[2025-01-24 15:13:24,978][INFO] Epoch[7/40], train AUC: 0.8060(0.7332-0.8752), test AUC: 0.7130(0.5876-0.8181)
[2025-01-24 15:15:18,742][INFO] Epoch[8/40], loss:0.5955, CE loss:0.5224 , info NCE loss:0.5306
[2025-01-24 15:15:18,742][INFO] Epoch[8/40], train B-acc: 0.5000(0.5000-0.5000), test B-acc: 0.5000(0.5000-0.5000)
[2025-01-24 15:15:18,742][INFO] Epoch[8/40], train AUC: 0.8131(0.7290-0.8810), test AUC: 0.7125(0.5949-0.8205)
[2025-01-24 15:17:11,486][INFO] Epoch[9/40], loss:0.5921, CE loss:0.5198 , info NCE loss:0.5252
[2025-01-24 15:17:11,487][INFO] Epoch[9/40], train B-acc: 0.5114(0.5000-0.5400), test B-acc: 0.5000(0.5000-0.5000)
[2025-01-24 15:17:11,487][INFO] Epoch[9/40], train AUC: 0.8172(0.7467-0.8825), test AUC: 0.7216(0.6108-0.8347)
[2025-01-24 15:19:06,889][INFO] Epoch[10/40], loss:0.5894, CE loss:0.5177 , info NCE loss:0.5203
[2025-01-24 15:19:06,889][INFO] Epoch[10/40], train B-acc: 0.5116(0.5000-0.5417), test B-acc: 0.5000(0.5000-0.5000)
[2025-01-24 15:19:06,889][INFO] Epoch[10/40], train AUC: 0.8290(0.7532-0.8876), test AUC: 0.7288(0.6148-0.8302)
[2025-01-24 15:20:58,810][INFO] Epoch[11/40], loss:0.5868, CE loss:0.5157 , info NCE loss:0.5158
[2025-01-24 15:20:58,810][INFO] Epoch[11/40], train B-acc: 0.5116(0.5000-0.5429), test B-acc: 0.5000(0.5000-0.5000)
[2025-01-24 15:20:58,810][INFO] Epoch[11/40], train AUC: 0.8332(0.7631-0.8919), test AUC: 0.7317(0.6054-0.8389)
[2025-01-24 15:22:52,833][INFO] Epoch[12/40], loss:0.5841, CE loss:0.5136 , info NCE loss:0.5135
[2025-01-24 15:22:52,833][INFO] Epoch[12/40], train B-acc: 0.5119(0.5000-0.5417), test B-acc: 0.5000(0.5000-0.5000)
[2025-01-24 15:22:52,833][INFO] Epoch[12/40], train AUC: 0.8395(0.7718-0.9006), test AUC: 0.7321(0.6168-0.8355)
[2025-01-24 15:24:46,963][INFO] Epoch[13/40], loss:0.5817, CE loss:0.5116 , info NCE loss:0.5113
[2025-01-24 15:24:46,963][INFO] Epoch[13/40], train B-acc: 0.5098(0.4939-0.5396), test B-acc: 0.5000(0.5000-0.5000)
[2025-01-24 15:24:46,964][INFO] Epoch[13/40], train AUC: 0.8449(0.7744-0.9077), test AUC: 0.7401(0.6185-0.8458)
[2025-01-24 15:26:41,220][INFO] Epoch[14/40], loss:0.5794, CE loss:0.5096 , info NCE loss:0.5064
[2025-01-24 15:26:41,220][INFO] Epoch[14/40], train B-acc: 0.5094(0.4938-0.5364), test B-acc: 0.5000(0.5000-0.5000)
[2025-01-24 15:26:41,221][INFO] Epoch[14/40], train AUC: 0.8510(0.7775-0.9090), test AUC: 0.7456(0.6303-0.8489)
[2025-01-24 15:28:32,866][INFO] Epoch[15/40], loss:0.5777, CE loss:0.5082 , info NCE loss:0.5044
[2025-01-24 15:28:32,866][INFO] Epoch[15/40], train B-acc: 0.5094(0.4955-0.5405), test B-acc: 0.5000(0.5000-0.5000)
[2025-01-24 15:28:32,866][INFO] Epoch[15/40], train AUC: 0.8591(0.7954-0.9130), test AUC: 0.7494(0.6305-0.8466)
[2025-01-24 15:30:24,874][INFO] Epoch[16/40], loss:0.5756, CE loss:0.5063 , info NCE loss:0.5025
[2025-01-24 15:30:24,875][INFO] Epoch[16/40], train B-acc: 0.5301(0.4960-0.5762), test B-acc: 0.5000(0.5000-0.5000)
[2025-01-24 15:30:24,875][INFO] Epoch[16/40], train AUC: 0.8662(0.8012-0.9219), test AUC: 0.7517(0.6442-0.8522)
[2025-01-24 15:32:16,992][INFO] Epoch[17/40], loss:0.5735, CE loss:0.5043 , info NCE loss:0.5019
[2025-01-24 15:32:16,992][INFO] Epoch[17/40], train B-acc: 0.5443(0.5082-0.5959), test B-acc: 0.5000(0.5000-0.5000)
[2025-01-24 15:32:16,994][INFO] Epoch[17/40], train AUC: 0.8726(0.8048-0.9229), test AUC: 0.7581(0.6359-0.8564)
[2025-01-24 15:34:07,961][INFO] Epoch[18/40], loss:0.5717, CE loss:0.5027 , info NCE loss:0.5017
[2025-01-24 15:34:07,961][INFO] Epoch[18/40], train B-acc: 0.5444(0.5086-0.5979), test B-acc: 0.5000(0.5000-0.5000)
[2025-01-24 15:34:07,961][INFO] Epoch[18/40], train AUC: 0.8773(0.8183-0.9286), test AUC: 0.7618(0.6411-0.8526)
[2025-01-24 15:35:59,716][INFO] Epoch[19/40], loss:0.5702, CE loss:0.5013 , info NCE loss:0.5001
[2025-01-24 15:35:59,716][INFO] Epoch[19/40], train B-acc: 0.5532(0.5126-0.6099), test B-acc: 0.5000(0.5000-0.5000)
[2025-01-24 15:35:59,718][INFO] Epoch[19/40], train AUC: 0.8851(0.8271-0.9348), test AUC: 0.7620(0.6481-0.8642)
[2025-01-24 15:37:51,698][INFO] Epoch[20/40], loss:0.5681, CE loss:0.4994 , info NCE loss:0.5002
[2025-01-24 15:37:51,698][INFO] Epoch[20/40], train B-acc: 0.5571(0.5107-0.6122), test B-acc: 0.5000(0.5000-0.5000)
[2025-01-24 15:37:51,700][INFO] Epoch[20/40], train AUC: 0.8879(0.8269-0.9342), test AUC: 0.7641(0.6459-0.8680)
[2025-01-24 15:39:43,378][INFO] Epoch[21/40], loss:0.5663, CE loss:0.4975 , info NCE loss:0.4983
[2025-01-24 15:39:43,378][INFO] Epoch[21/40], train B-acc: 0.5674(0.5194-0.6341), test B-acc: 0.5000(0.5000-0.5000)
[2025-01-24 15:39:43,378][INFO] Epoch[21/40], train AUC: 0.8942(0.8405-0.9391), test AUC: 0.7692(0.6492-0.8662)
[2025-01-24 15:41:34,394][INFO] Epoch[22/40], loss:0.5647, CE loss:0.4960 , info NCE loss:0.4977
[2025-01-24 15:41:34,395][INFO] Epoch[22/40], train B-acc: 0.5791(0.5283-0.6408), test B-acc: 0.5500(0.5000-0.6071)
[2025-01-24 15:41:34,395][INFO] Epoch[22/40], train AUC: 0.9002(0.8462-0.9426), test AUC: 0.7765(0.6612-0.8771)
[2025-01-24 15:43:26,724][INFO] Epoch[23/40], loss:0.5630, CE loss:0.4944 , info NCE loss:0.4971
[2025-01-24 15:43:26,724][INFO] Epoch[23/40], train B-acc: 0.5808(0.5282-0.6424), test B-acc: 0.5469(0.5000-0.6094)
[2025-01-24 15:43:26,725][INFO] Epoch[23/40], train AUC: 0.9057(0.8536-0.9466), test AUC: 0.7767(0.6549-0.8741)
[2025-01-24 15:45:17,830][INFO] Epoch[24/40], loss:0.5612, CE loss:0.4928 , info NCE loss:0.4965
[2025-01-24 15:45:17,830][INFO] Epoch[24/40], train B-acc: 0.5808(0.5261-0.6386), test B-acc: 0.5469(0.5000-0.6111)
[2025-01-24 15:45:17,831][INFO] Epoch[24/40], train AUC: 0.9088(0.8613-0.9503), test AUC: 0.7722(0.6628-0.8684)
[2025-01-24 15:47:10,431][INFO] Epoch[25/40], loss:0.5596, CE loss:0.4912 , info NCE loss:0.4965
[2025-01-24 15:47:10,432][INFO] Epoch[25/40], train B-acc: 0.6047(0.5364-0.6753), test B-acc: 0.5469(0.5000-0.6136)
[2025-01-24 15:47:10,432][INFO] Epoch[25/40], train AUC: 0.9106(0.8647-0.9515), test AUC: 0.7759(0.6753-0.8697)
[2025-01-24 15:49:01,369][INFO] Epoch[26/40], loss:0.5583, CE loss:0.4900 , info NCE loss:0.4966
[2025-01-24 15:49:01,370][INFO] Epoch[26/40], train B-acc: 0.6169(0.5525-0.6839), test B-acc: 0.5437(0.4942-0.6079)
[2025-01-24 15:49:01,370][INFO] Epoch[26/40], train AUC: 0.9152(0.8696-0.9517), test AUC: 0.7815(0.6612-0.8701)
[2025-01-24 15:50:52,550][INFO] Epoch[27/40], loss:0.5570, CE loss:0.4887 , info NCE loss:0.4959
[2025-01-24 15:50:52,550][INFO] Epoch[27/40], train B-acc: 0.6288(0.5620-0.6989), test B-acc: 0.5405(0.4940-0.5972)
[2025-01-24 15:50:52,551][INFO] Epoch[27/40], train AUC: 0.9187(0.8751-0.9545), test AUC: 0.7819(0.6749-0.8737)
[2025-01-24 15:52:45,297][INFO] Epoch[28/40], loss:0.5553, CE loss:0.4870 , info NCE loss:0.4977
[2025-01-24 15:52:45,297][INFO] Epoch[28/40], train B-acc: 0.6423(0.5746-0.7179), test B-acc: 0.5412(0.4940-0.6061)
[2025-01-24 15:52:45,297][INFO] Epoch[28/40], train AUC: 0.9210(0.8786-0.9577), test AUC: 0.7850(0.6782-0.8789)
[2025-01-24 15:54:37,065][INFO] Epoch[29/40], loss:0.5539, CE loss:0.4857 , info NCE loss:0.4972
[2025-01-24 15:54:37,066][INFO] Epoch[29/40], train B-acc: 0.6283(0.5661-0.6991), test B-acc: 0.5419(0.4940-0.6079)
[2025-01-24 15:54:37,066][INFO] Epoch[29/40], train AUC: 0.9252(0.8831-0.9576), test AUC: 0.7858(0.6802-0.8818)
[2025-01-24 15:56:28,382][INFO] Epoch[30/40], loss:0.5524, CE loss:0.4842 , info NCE loss:0.4962
[2025-01-24 15:56:28,382][INFO] Epoch[30/40], train B-acc: 0.6435(0.5771-0.7144), test B-acc: 0.5581(0.5068-0.6250)
[2025-01-24 15:56:28,383][INFO] Epoch[30/40], train AUC: 0.9279(0.8883-0.9614), test AUC: 0.7833(0.6824-0.8865)
[2025-01-24 15:58:23,016][INFO] Epoch[31/40], loss:0.5513, CE loss:0.4831 , info NCE loss:0.4953
[2025-01-24 15:58:23,017][INFO] Epoch[31/40], train B-acc: 0.6385(0.5728-0.7138), test B-acc: 0.5565(0.5032-0.6286)
[2025-01-24 15:58:23,017][INFO] Epoch[31/40], train AUC: 0.9297(0.8890-0.9612), test AUC: 0.7883(0.6810-0.8824)
[2025-01-24 16:00:14,556][INFO] Epoch[32/40], loss:0.5498, CE loss:0.4816 , info NCE loss:0.4954
[2025-01-24 16:00:14,557][INFO] Epoch[32/40], train B-acc: 0.6413(0.5729-0.7167), test B-acc: 0.5588(0.5063-0.6250)
[2025-01-24 16:00:14,557][INFO] Epoch[32/40], train AUC: 0.9316(0.8920-0.9619), test AUC: 0.7910(0.6811-0.8836)
[2025-01-24 16:02:07,311][INFO] Epoch[33/40], loss:0.5485, CE loss:0.4803 , info NCE loss:0.4956
[2025-01-24 16:02:07,312][INFO] Epoch[33/40], train B-acc: 0.6530(0.5866-0.7245), test B-acc: 0.5769(0.5161-0.6522)
[2025-01-24 16:02:07,312][INFO] Epoch[33/40], train AUC: 0.9356(0.8969-0.9658), test AUC: 0.7911(0.6818-0.8801)
[2025-01-24 16:03:59,259][INFO] Epoch[34/40], loss:0.5474, CE loss:0.4792 , info NCE loss:0.4941
[2025-01-24 16:03:59,259][INFO] Epoch[34/40], train B-acc: 0.6665(0.5934-0.7429), test B-acc: 0.5758(0.5143-0.6538)
[2025-01-24 16:03:59,259][INFO] Epoch[34/40], train AUC: 0.9380(0.9000-0.9680), test AUC: 0.7923(0.6857-0.8763)
[2025-01-24 16:05:50,015][INFO] Epoch[35/40], loss:0.5458, CE loss:0.4777 , info NCE loss:0.4958
[2025-01-24 16:05:50,017][INFO] Epoch[35/40], train B-acc: 0.6667(0.5952-0.7457), test B-acc: 0.5742(0.5110-0.6476)
[2025-01-24 16:05:50,017][INFO] Epoch[35/40], train AUC: 0.9420(0.9057-0.9690), test AUC: 0.7913(0.6797-0.8819)
[2025-01-24 16:07:40,788][INFO] Epoch[36/40], loss:0.5449, CE loss:0.4768 , info NCE loss:0.4954
[2025-01-24 16:07:40,789][INFO] Epoch[36/40], train B-acc: 0.6407(0.5731-0.7138), test B-acc: 0.5741(0.5140-0.6421)
[2025-01-24 16:07:40,789][INFO] Epoch[36/40], train AUC: 0.9431(0.9075-0.9726), test AUC: 0.7883(0.6886-0.8836)
[2025-01-24 16:09:33,121][INFO] Epoch[37/40], loss:0.5438, CE loss:0.4757 , info NCE loss:0.4958
[2025-01-24 16:09:33,121][INFO] Epoch[37/40], train B-acc: 0.6989(0.6219-0.7761), test B-acc: 0.5909(0.5227-0.6723)
[2025-01-24 16:09:33,122][INFO] Epoch[37/40], train AUC: 0.9443(0.9104-0.9718), test AUC: 0.7905(0.6886-0.8821)
[2025-01-24 16:11:23,670][INFO] Epoch[38/40], loss:0.5426, CE loss:0.4745 , info NCE loss:0.4935
[2025-01-24 16:11:23,671][INFO] Epoch[38/40], train B-acc: 0.7238(0.6484-0.8054), test B-acc: 0.5770(0.5110-0.6565)
[2025-01-24 16:11:23,671][INFO] Epoch[38/40], train AUC: 0.9467(0.9155-0.9745), test AUC: 0.7926(0.6886-0.8738)
[2025-01-24 16:13:21,432][INFO] Epoch[39/40], loss:0.5417, CE loss:0.4737 , info NCE loss:0.4940
[2025-01-24 16:13:21,432][INFO] Epoch[39/40], train B-acc: 0.7109(0.6391-0.7914), test B-acc: 0.5775(0.5143-0.6588)
[2025-01-24 16:13:21,433][INFO] Epoch[39/40], train AUC: 0.9490(0.9161-0.9752), test AUC: 0.7954(0.6901-0.8821)
[2025-01-24 16:15:12,834][INFO] Epoch[40/40], loss:0.5404, CE loss:0.4724 , info NCE loss:0.4924
[2025-01-24 16:15:12,834][INFO] Epoch[40/40], train B-acc: 0.7368(0.6604-0.8127), test B-acc: 0.5797(0.5157-0.6562)
[2025-01-24 16:15:12,835][INFO] Epoch[40/40], train AUC: 0.9518(0.9194-0.9750), test AUC: 0.7888(0.6858-0.8799)
