[2025-01-20 16:44:15,488][INFO] Running PROJECT: CRC-DX, P LEARNING RATE: 0.0001, OPTIMIZER: ADAMW, NUM EPOCHS: 80, BATCH SIZE: 2048, DEVICES: cuda, SMOOTHING: 0.2
[2025-01-20 16:44:15,488][INFO] params["in_chans"]=[200, 16] python run_MIL_model.py --proj CRC-DX --num_epochs 80 --plr 1e-4  --smoothing 0.2
[2025-01-20 16:44:15,488][INFO] params["dims"]=[512, 512]  温度参数为0.55
[2025-01-20 16:44:15,489][INFO] params["out_chans"]=[16, 8]
[2025-01-20 16:44:15,489][INFO] params["heads"]=[8, 4]
[2025-01-20 16:44:15,489][INFO] params["dropout"]=[0.8, 0.4, 0.4]
[2025-01-20 16:46:01,341][INFO] Epoch[1/80], loss:1.5984, CE loss:0.5547 , info NCE loss:7.5125
[2025-01-20 16:46:01,341][INFO] Epoch[1/80], train B-acc: 0.5000(0.5000-0.5000), test B-acc: 0.5000(0.5000-0.5000)
[2025-01-20 16:46:01,342][INFO] Epoch[1/80], train AUC: 0.5782(0.4724-0.6759), test AUC: 0.5944(0.4743-0.7147)
[2025-01-20 16:47:50,137][INFO] Epoch[2/80], loss:1.5537, CE loss:0.5243 , info NCE loss:7.3869
[2025-01-20 16:47:50,137][INFO] Epoch[2/80], train B-acc: 0.5000(0.5000-0.5000), test B-acc: 0.5000(0.5000-0.5000)
[2025-01-20 16:47:50,138][INFO] Epoch[2/80], train AUC: 0.6656(0.5631-0.7585), test AUC: 0.6743(0.5482-0.7966)
[2025-01-20 16:49:39,690][INFO] Epoch[3/80], loss:1.5105, CE loss:0.5204 , info NCE loss:7.1206
[2025-01-20 16:49:39,691][INFO] Epoch[3/80], train B-acc: 0.5000(0.5000-0.5000), test B-acc: 0.5000(0.5000-0.5000)
[2025-01-20 16:49:39,691][INFO] Epoch[3/80], train AUC: 0.7127(0.6054-0.8042), test AUC: 0.6741(0.5349-0.7849)
[2025-01-20 16:51:29,186][INFO] Epoch[4/80], loss:1.4853, CE loss:0.5108 , info NCE loss:7.0073
[2025-01-20 16:51:29,186][INFO] Epoch[4/80], train B-acc: 0.5234(0.4956-0.5668), test B-acc: 0.5000(0.5000-0.5000)
[2025-01-20 16:51:29,186][INFO] Epoch[4/80], train AUC: 0.7387(0.6415-0.8232), test AUC: 0.6745(0.5395-0.8013)
[2025-01-20 16:53:16,156][INFO] Epoch[5/80], loss:1.4687, CE loss:0.5038 , info NCE loss:6.9368
[2025-01-20 16:53:16,157][INFO] Epoch[5/80], train B-acc: 0.5467(0.5018-0.6003), test B-acc: 0.5179(0.5000-0.5625)
[2025-01-20 16:53:16,157][INFO] Epoch[5/80], train AUC: 0.7522(0.6534-0.8400), test AUC: 0.6829(0.5503-0.8032)
[2025-01-20 16:55:03,120][INFO] Epoch[6/80], loss:1.4574, CE loss:0.4970 , info NCE loss:6.8994
[2025-01-20 16:55:03,120][INFO] Epoch[6/80], train B-acc: 0.5591(0.5114-0.6188), test B-acc: 0.5370(0.5000-0.5938)
[2025-01-20 16:55:03,121][INFO] Epoch[6/80], train AUC: 0.7710(0.6804-0.8569), test AUC: 0.6994(0.5680-0.8229)
[2025-01-20 16:56:50,273][INFO] Epoch[7/80], loss:1.4489, CE loss:0.4927 , info NCE loss:6.8675
[2025-01-20 16:56:50,274][INFO] Epoch[7/80], train B-acc: 0.5721(0.5210-0.6329), test B-acc: 0.5357(0.5000-0.6000)
[2025-01-20 16:56:50,274][INFO] Epoch[7/80], train AUC: 0.7874(0.6912-0.8649), test AUC: 0.7061(0.5733-0.8141)
[2025-01-20 16:58:37,183][INFO] Epoch[8/80], loss:1.4407, CE loss:0.4874 , info NCE loss:6.8423
[2025-01-20 16:58:37,184][INFO] Epoch[8/80], train B-acc: 0.5994(0.5402-0.6712), test B-acc: 0.5735(0.5185-0.6481)
[2025-01-20 16:58:37,184][INFO] Epoch[8/80], train AUC: 0.8056(0.7157-0.8815), test AUC: 0.7169(0.5890-0.8281)
[2025-01-20 17:00:24,480][INFO] Epoch[9/80], loss:1.4340, CE loss:0.4833 , info NCE loss:6.8213
[2025-01-20 17:00:24,480][INFO] Epoch[9/80], train B-acc: 0.5978(0.5361-0.6712), test B-acc: 0.5750(0.5192-0.6500)
[2025-01-20 17:00:24,480][INFO] Epoch[9/80], train AUC: 0.8203(0.7285-0.8938), test AUC: 0.7326(0.6136-0.8400)
[2025-01-20 17:02:13,193][INFO] Epoch[10/80], loss:1.4285, CE loss:0.4795 , info NCE loss:6.8061
[2025-01-20 17:02:13,193][INFO] Epoch[10/80], train B-acc: 0.6270(0.5582-0.7076), test B-acc: 0.6136(0.5417-0.7000)
[2025-01-20 17:02:13,193][INFO] Epoch[10/80], train AUC: 0.8344(0.7509-0.9081), test AUC: 0.7518(0.6382-0.8613)
[2025-01-20 17:04:00,111][INFO] Epoch[11/80], loss:1.4231, CE loss:0.4761 , info NCE loss:6.7895
[2025-01-20 17:04:00,112][INFO] Epoch[11/80], train B-acc: 0.6013(0.5374-0.6749), test B-acc: 0.5769(0.5172-0.6481)
[2025-01-20 17:04:00,112][INFO] Epoch[11/80], train AUC: 0.8449(0.7552-0.9118), test AUC: 0.7547(0.6319-0.8509)
[2025-01-20 17:05:46,275][INFO] Epoch[12/80], loss:1.4188, CE loss:0.4723 , info NCE loss:6.7824
[2025-01-20 17:05:46,276][INFO] Epoch[12/80], train B-acc: 0.6259(0.5630-0.7060), test B-acc: 0.5938(0.5227-0.6739)
[2025-01-20 17:05:46,276][INFO] Epoch[12/80], train AUC: 0.8537(0.7692-0.9214), test AUC: 0.7679(0.6447-0.8728)
[2025-01-20 17:07:32,681][INFO] Epoch[13/80], loss:1.4137, CE loss:0.4688 , info NCE loss:6.7684
[2025-01-20 17:07:32,681][INFO] Epoch[13/80], train B-acc: 0.6261(0.5620-0.6994), test B-acc: 0.5938(0.5208-0.6667)
[2025-01-20 17:07:32,681][INFO] Epoch[13/80], train AUC: 0.8679(0.7830-0.9286), test AUC: 0.7829(0.6684-0.8780)
[2025-01-20 17:09:19,086][INFO] Epoch[14/80], loss:1.4097, CE loss:0.4655 , info NCE loss:6.7603
[2025-01-20 17:09:19,086][INFO] Epoch[14/80], train B-acc: 0.6293(0.5579-0.7022), test B-acc: 0.6111(0.5400-0.7037)
[2025-01-20 17:09:19,086][INFO] Epoch[14/80], train AUC: 0.8748(0.8017-0.9372), test AUC: 0.7915(0.6772-0.8811)
[2025-01-20 17:11:06,371][INFO] Epoch[15/80], loss:1.4058, CE loss:0.4624 , info NCE loss:6.7515
[2025-01-20 17:11:06,371][INFO] Epoch[15/80], train B-acc: 0.6520(0.5849-0.7324), test B-acc: 0.6136(0.5357-0.6970)
[2025-01-20 17:11:06,371][INFO] Epoch[15/80], train AUC: 0.8852(0.8104-0.9435), test AUC: 0.7988(0.6900-0.8965)
[2025-01-20 17:12:52,985][INFO] Epoch[16/80], loss:1.4022, CE loss:0.4594 , info NCE loss:6.7443
[2025-01-20 17:12:52,985][INFO] Epoch[16/80], train B-acc: 0.6527(0.5760-0.7302), test B-acc: 0.6129(0.5385-0.6970)
[2025-01-20 17:12:52,985][INFO] Epoch[16/80], train AUC: 0.8908(0.8183-0.9480), test AUC: 0.8036(0.6938-0.8989)
[2025-01-20 17:14:39,384][INFO] Epoch[17/80], loss:1.3993, CE loss:0.4570 , info NCE loss:6.7385
[2025-01-20 17:14:39,385][INFO] Epoch[17/80], train B-acc: 0.6801(0.6030-0.7581), test B-acc: 0.6129(0.5370-0.7031)
[2025-01-20 17:14:39,385][INFO] Epoch[17/80], train AUC: 0.8987(0.8288-0.9518), test AUC: 0.8096(0.6952-0.9036)
[2025-01-20 17:16:26,033][INFO] Epoch[18/80], loss:1.3950, CE loss:0.4536 , info NCE loss:6.7293
[2025-01-20 17:16:26,033][INFO] Epoch[18/80], train B-acc: 0.6665(0.5915-0.7462), test B-acc: 0.6087(0.5400-0.7037)
[2025-01-20 17:16:26,033][INFO] Epoch[18/80], train AUC: 0.9044(0.8340-0.9541), test AUC: 0.8138(0.7047-0.9075)
[2025-01-20 17:18:12,934][INFO] Epoch[19/80], loss:1.3925, CE loss:0.4513 , info NCE loss:6.7258
[2025-01-20 17:18:12,934][INFO] Epoch[19/80], train B-acc: 0.6908(0.6202-0.7742), test B-acc: 0.6538(0.5645-0.7500)
[2025-01-20 17:18:12,934][INFO] Epoch[19/80], train AUC: 0.9086(0.8360-0.9594), test AUC: 0.8289(0.7187-0.9153)
[2025-01-20 17:19:59,154][INFO] Epoch[20/80], loss:1.3896, CE loss:0.4488 , info NCE loss:6.7213
[2025-01-20 17:19:59,154][INFO] Epoch[20/80], train B-acc: 0.6795(0.6025-0.7559), test B-acc: 0.6333(0.5455-0.7273)
[2025-01-20 17:19:59,155][INFO] Epoch[20/80], train AUC: 0.9151(0.8500-0.9616), test AUC: 0.8311(0.7215-0.9142)
[2025-01-20 17:21:45,711][INFO] Epoch[21/80], loss:1.3862, CE loss:0.4461 , info NCE loss:6.7136
[2025-01-20 17:21:45,711][INFO] Epoch[21/80], train B-acc: 0.7043(0.6303-0.7829), test B-acc: 0.6522(0.5645-0.7500)
[2025-01-20 17:21:45,711][INFO] Epoch[21/80], train AUC: 0.9184(0.8539-0.9630), test AUC: 0.8392(0.7331-0.9227)
[2025-01-20 17:23:32,351][INFO] Epoch[22/80], loss:1.3837, CE loss:0.4437 , info NCE loss:6.7106
[2025-01-20 17:23:32,352][INFO] Epoch[22/80], train B-acc: 0.7061(0.6247-0.7859), test B-acc: 0.6500(0.5750-0.7400)
[2025-01-20 17:23:32,352][INFO] Epoch[22/80], train AUC: 0.9250(0.8549-0.9668), test AUC: 0.8400(0.7342-0.9216)
[2025-01-20 17:25:18,155][INFO] Epoch[23/80], loss:1.3809, CE loss:0.4416 , info NCE loss:6.7036
[2025-01-20 17:25:18,156][INFO] Epoch[23/80], train B-acc: 0.7195(0.6448-0.7902), test B-acc: 0.6515(0.5714-0.7414)
[2025-01-20 17:25:18,156][INFO] Epoch[23/80], train AUC: 0.9258(0.8591-0.9694), test AUC: 0.8423(0.7290-0.9227)
[2025-01-20 17:27:05,291][INFO] Epoch[24/80], loss:1.3781, CE loss:0.4392 , info NCE loss:6.6982
[2025-01-20 17:27:05,291][INFO] Epoch[24/80], train B-acc: 0.7306(0.6544-0.8072), test B-acc: 0.6538(0.5682-0.7400)
[2025-01-20 17:27:05,291][INFO] Epoch[24/80], train AUC: 0.9312(0.8710-0.9733), test AUC: 0.8498(0.7451-0.9275)
[2025-01-20 17:28:51,572][INFO] Epoch[25/80], loss:1.3762, CE loss:0.4372 , info NCE loss:6.6967
[2025-01-20 17:28:51,573][INFO] Epoch[25/80], train B-acc: 0.7308(0.6493-0.8171), test B-acc: 0.6731(0.5800-0.7647)
[2025-01-20 17:28:51,573][INFO] Epoch[25/80], train AUC: 0.9350(0.8701-0.9740), test AUC: 0.8515(0.7489-0.9325)
[2025-01-20 17:30:39,176][INFO] Epoch[26/80], loss:1.3736, CE loss:0.4351 , info NCE loss:6.6920
[2025-01-20 17:30:39,176][INFO] Epoch[26/80], train B-acc: 0.7477(0.6707-0.8268), test B-acc: 0.6935(0.6034-0.7885)
[2025-01-20 17:30:39,176][INFO] Epoch[26/80], train AUC: 0.9383(0.8783-0.9776), test AUC: 0.8524(0.7494-0.9328)
[2025-01-20 17:32:26,568][INFO] Epoch[27/80], loss:1.3710, CE loss:0.4330 , info NCE loss:6.6862
[2025-01-20 17:32:26,569][INFO] Epoch[27/80], train B-acc: 0.7333(0.6500-0.8095), test B-acc: 0.7143(0.6111-0.8125)
[2025-01-20 17:32:26,569][INFO] Epoch[27/80], train AUC: 0.9422(0.8845-0.9773), test AUC: 0.8564(0.7500-0.9375)
[2025-01-20 17:34:13,721][INFO] Epoch[28/80], loss:1.3692, CE loss:0.4314 , info NCE loss:6.6832
[2025-01-20 17:34:13,722][INFO] Epoch[28/80], train B-acc: 0.7747(0.6928-0.8527), test B-acc: 0.7115(0.6190-0.8065)
[2025-01-20 17:34:13,722][INFO] Epoch[28/80], train AUC: 0.9472(0.8969-0.9815), test AUC: 0.8606(0.7552-0.9390)
[2025-01-20 17:35:59,435][INFO] Epoch[29/80], loss:1.3665, CE loss:0.4292 , info NCE loss:6.6780
[2025-01-20 17:35:59,435][INFO] Epoch[29/80], train B-acc: 0.7715(0.6845-0.8468), test B-acc: 0.7097(0.6154-0.8103)
[2025-01-20 17:35:59,435][INFO] Epoch[29/80], train AUC: 0.9489(0.9042-0.9822), test AUC: 0.8575(0.7500-0.9345)
[2025-01-20 17:37:48,094][INFO] Epoch[30/80], loss:1.3648, CE loss:0.4275 , info NCE loss:6.6762
[2025-01-20 17:37:48,095][INFO] Epoch[30/80], train B-acc: 0.7978(0.7154-0.8786), test B-acc: 0.7073(0.6042-0.7979)
[2025-01-20 17:37:48,095][INFO] Epoch[30/80], train AUC: 0.9523(0.9036-0.9850), test AUC: 0.8615(0.7635-0.9371)
[2025-01-20 17:39:34,302][INFO] Epoch[31/80], loss:1.3631, CE loss:0.4263 , info NCE loss:6.6720
[2025-01-20 17:39:34,302][INFO] Epoch[31/80], train B-acc: 0.7763(0.6964-0.8571), test B-acc: 0.7115(0.6154-0.8148)
[2025-01-20 17:39:34,303][INFO] Epoch[31/80], train AUC: 0.9552(0.9099-0.9843), test AUC: 0.8671(0.7675-0.9398)
[2025-01-20 17:41:20,528][INFO] Epoch[32/80], loss:1.3609, CE loss:0.4243 , info NCE loss:6.6681
[2025-01-20 17:41:20,528][INFO] Epoch[32/80], train B-acc: 0.7895(0.7027-0.8659), test B-acc: 0.7115(0.6200-0.8077)
[2025-01-20 17:41:20,528][INFO] Epoch[32/80], train AUC: 0.9580(0.9157-0.9856), test AUC: 0.8646(0.7708-0.9438)
[2025-01-20 17:43:07,397][INFO] Epoch[33/80], loss:1.3589, CE loss:0.4225 , info NCE loss:6.6652
[2025-01-20 17:43:07,398][INFO] Epoch[33/80], train B-acc: 0.8253(0.7455-0.8974), test B-acc: 0.7018(0.6042-0.8009)
[2025-01-20 17:43:07,398][INFO] Epoch[33/80], train AUC: 0.9607(0.9201-0.9886), test AUC: 0.8715(0.7708-0.9443)
[2025-01-20 17:44:54,220][INFO] Epoch[34/80], loss:1.3577, CE loss:0.4208 , info NCE loss:6.6665
[2025-01-20 17:44:54,221][INFO] Epoch[34/80], train B-acc: 0.8293(0.7576-0.9000), test B-acc: 0.7048(0.6125-0.8065)
[2025-01-20 17:44:54,221][INFO] Epoch[34/80], train AUC: 0.9637(0.9245-0.9888), test AUC: 0.8713(0.7755-0.9427)
[2025-01-20 17:46:40,963][INFO] Epoch[35/80], loss:1.3559, CE loss:0.4194 , info NCE loss:6.6626
[2025-01-20 17:46:40,963][INFO] Epoch[35/80], train B-acc: 0.8353(0.7549-0.9053), test B-acc: 0.7190(0.6279-0.8196)
[2025-01-20 17:46:40,963][INFO] Epoch[35/80], train AUC: 0.9669(0.9277-0.9892), test AUC: 0.8713(0.7778-0.9465)
[2025-01-20 17:48:29,014][INFO] Epoch[36/80], loss:1.3550, CE loss:0.4183 , info NCE loss:6.6630
[2025-01-20 17:48:29,014][INFO] Epoch[36/80], train B-acc: 0.8346(0.7535-0.9057), test B-acc: 0.7245(0.6250-0.8262)
[2025-01-20 17:48:29,015][INFO] Epoch[36/80], train AUC: 0.9683(0.9316-0.9915), test AUC: 0.8746(0.7872-0.9469)
[2025-01-20 17:50:19,966][INFO] Epoch[37/80], loss:1.3524, CE loss:0.4162 , info NCE loss:6.6578
[2025-01-20 17:50:19,967][INFO] Epoch[37/80], train B-acc: 0.8295(0.7429-0.9062), test B-acc: 0.7045(0.6072-0.8009)
[2025-01-20 17:50:19,967][INFO] Epoch[37/80], train AUC: 0.9696(0.9314-0.9922), test AUC: 0.8747(0.7834-0.9487)
[2025-01-20 17:52:06,826][INFO] Epoch[38/80], loss:1.3514, CE loss:0.4151 , info NCE loss:6.6572
[2025-01-20 17:52:06,828][INFO] Epoch[38/80], train B-acc: 0.8357(0.7554-0.9024), test B-acc: 0.7240(0.6333-0.8259)
[2025-01-20 17:52:06,828][INFO] Epoch[38/80], train AUC: 0.9718(0.9394-0.9917), test AUC: 0.8763(0.7864-0.9446)
[2025-01-20 17:53:54,584][INFO] Epoch[39/80], loss:1.3493, CE loss:0.4136 , info NCE loss:6.6518
[2025-01-20 17:53:54,585][INFO] Epoch[39/80], train B-acc: 0.8484(0.7754-0.9209), test B-acc: 0.7424(0.6400-0.8400)
[2025-01-20 17:53:54,585][INFO] Epoch[39/80], train AUC: 0.9732(0.9439-0.9935), test AUC: 0.8752(0.7790-0.9481)
[2025-01-20 17:55:42,542][INFO] Epoch[40/80], loss:1.3484, CE loss:0.4126 , info NCE loss:6.6516
[2025-01-20 17:55:42,542][INFO] Epoch[40/80], train B-acc: 0.8244(0.7419-0.8978), test B-acc: 0.7222(0.6259-0.8211)
[2025-01-20 17:55:42,543][INFO] Epoch[40/80], train AUC: 0.9755(0.9435-0.9943), test AUC: 0.8757(0.7853-0.9435)
[2025-01-20 17:57:29,063][INFO] Epoch[41/80], loss:1.3469, CE loss:0.4112 , info NCE loss:6.6494
[2025-01-20 17:57:29,063][INFO] Epoch[41/80], train B-acc: 0.8639(0.7860-0.9289), test B-acc: 0.7424(0.6458-0.8345)
[2025-01-20 17:57:29,064][INFO] Epoch[41/80], train AUC: 0.9769(0.9461-0.9945), test AUC: 0.8747(0.7785-0.9467)
[2025-01-20 17:59:16,057][INFO] Epoch[42/80], loss:1.3459, CE loss:0.4104 , info NCE loss:6.6471
[2025-01-20 17:59:16,058][INFO] Epoch[42/80], train B-acc: 0.8883(0.8198-0.9487), test B-acc: 0.7861(0.6867-0.8848)
[2025-01-20 17:59:16,058][INFO] Epoch[42/80], train AUC: 0.9787(0.9495-0.9951), test AUC: 0.8788(0.7897-0.9462)
[2025-01-20 18:01:04,539][INFO] Epoch[43/80], loss:1.3439, CE loss:0.4086 , info NCE loss:6.6440
[2025-01-20 18:01:04,539][INFO] Epoch[43/80], train B-acc: 0.8628(0.7869-0.9287), test B-acc: 0.7470(0.6538-0.8409)
[2025-01-20 18:01:04,539][INFO] Epoch[43/80], train AUC: 0.9792(0.9511-0.9953), test AUC: 0.8815(0.7843-0.9463)
[2025-01-20 18:03:01,112][INFO] Epoch[44/80], loss:1.3427, CE loss:0.4073 , info NCE loss:6.6429
[2025-01-20 18:03:01,112][INFO] Epoch[44/80], train B-acc: 0.8770(0.8071-0.9380), test B-acc: 0.7353(0.6344-0.8441)
[2025-01-20 18:03:01,112][INFO] Epoch[44/80], train AUC: 0.9817(0.9551-0.9963), test AUC: 0.8800(0.7843-0.9514)
[2025-01-20 18:04:57,000][INFO] Epoch[45/80], loss:1.3418, CE loss:0.4063 , info NCE loss:6.6430
[2025-01-20 18:04:57,000][INFO] Epoch[45/80], train B-acc: 0.8627(0.7838-0.9351), test B-acc: 0.7426(0.6393-0.8421)
[2025-01-20 18:04:57,001][INFO] Epoch[45/80], train AUC: 0.9817(0.9521-0.9968), test AUC: 0.8805(0.7874-0.9529)
[2025-01-20 18:06:59,658][INFO] Epoch[46/80], loss:1.3402, CE loss:0.4047 , info NCE loss:6.6419
[2025-01-20 18:06:59,658][INFO] Epoch[46/80], train B-acc: 0.8660(0.7917-0.9297), test B-acc: 0.7572(0.6544-0.8533)
[2025-01-20 18:06:59,658][INFO] Epoch[46/80], train AUC: 0.9828(0.9580-0.9966), test AUC: 0.8805(0.7945-0.9435)
[2025-01-20 18:08:59,621][INFO] Epoch[47/80], loss:1.3390, CE loss:0.4038 , info NCE loss:6.6390
[2025-01-20 18:08:59,622][INFO] Epoch[47/80], train B-acc: 0.9054(0.8362-0.9646), test B-acc: 0.7861(0.6886-0.8836)
[2025-01-20 18:08:59,622][INFO] Epoch[47/80], train AUC: 0.9841(0.9582-0.9970), test AUC: 0.8816(0.7939-0.9518)
[2025-01-20 18:11:02,876][INFO] Epoch[48/80], loss:1.3381, CE loss:0.4027 , info NCE loss:6.6385
[2025-01-20 18:11:02,876][INFO] Epoch[48/80], train B-acc: 0.8665(0.7917-0.9309), test B-acc: 0.7563(0.6646-0.8542)
[2025-01-20 18:11:02,876][INFO] Epoch[48/80], train AUC: 0.9857(0.9648-0.9977), test AUC: 0.8772(0.7931-0.9533)
[2025-01-20 18:13:07,249][INFO] Epoch[49/80], loss:1.3368, CE loss:0.4021 , info NCE loss:6.6337
[2025-01-20 18:13:07,249][INFO] Epoch[49/80], train B-acc: 0.9272(0.8649-0.9763), test B-acc: 0.7924(0.6913-0.8867)
[2025-01-20 18:13:07,249][INFO] Epoch[49/80], train AUC: 0.9866(0.9648-0.9979), test AUC: 0.8782(0.7890-0.9462)
[2025-01-20 18:15:13,811][INFO] Epoch[50/80], loss:1.3360, CE loss:0.4010 , info NCE loss:6.6343
[2025-01-20 18:15:13,811][INFO] Epoch[50/80], train B-acc: 0.8783(0.8056-0.9422), test B-acc: 0.7557(0.6544-0.8566)
[2025-01-20 18:15:13,811][INFO] Epoch[50/80], train AUC: 0.9870(0.9675-0.9981), test AUC: 0.8805(0.7939-0.9442)
[2025-01-20 18:17:19,484][INFO] Epoch[51/80], loss:1.3345, CE loss:0.3997 , info NCE loss:6.6319
[2025-01-20 18:17:19,484][INFO] Epoch[51/80], train B-acc: 0.9142(0.8499-0.9678), test B-acc: 0.7862(0.6897-0.8813)
[2025-01-20 18:17:19,486][INFO] Epoch[51/80], train AUC: 0.9883(0.9707-0.9982), test AUC: 0.8818(0.7979-0.9477)
[2025-01-20 18:19:23,954][INFO] Epoch[52/80], loss:1.3329, CE loss:0.3982 , info NCE loss:6.6298
[2025-01-20 18:19:23,954][INFO] Epoch[52/80], train B-acc: 0.9047(0.8349-0.9611), test B-acc: 0.7914(0.6952-0.8820)
[2025-01-20 18:19:23,954][INFO] Epoch[52/80], train AUC: 0.9897(0.9754-0.9984), test AUC: 0.8780(0.7896-0.9437)
[2025-01-20 18:21:27,650][INFO] Epoch[53/80], loss:1.3322, CE loss:0.3971 , info NCE loss:6.6312
[2025-01-20 18:21:27,650][INFO] Epoch[53/80], train B-acc: 0.9532(0.9039-0.9930), test B-acc: 0.8004(0.6936-0.8921)
[2025-01-20 18:21:27,650][INFO] Epoch[53/80], train AUC: 0.9901(0.9763-0.9984), test AUC: 0.8813(0.7895-0.9488)
[2025-01-20 18:23:29,957][INFO] Epoch[54/80], loss:1.3312, CE loss:0.3964 , info NCE loss:6.6284
[2025-01-20 18:23:29,957][INFO] Epoch[54/80], train B-acc: 0.9527(0.9042-0.9932), test B-acc: 0.8000(0.6991-0.8937)
[2025-01-20 18:23:29,957][INFO] Epoch[54/80], train AUC: 0.9906(0.9786-0.9984), test AUC: 0.8824(0.7949-0.9512)
[2025-01-20 18:25:32,979][INFO] Epoch[55/80], loss:1.3297, CE loss:0.3955 , info NCE loss:6.6235
[2025-01-20 18:25:32,979][INFO] Epoch[55/80], train B-acc: 0.9319(0.8672-0.9831), test B-acc: 0.7874(0.6875-0.8762)
[2025-01-20 18:25:32,979][INFO] Epoch[55/80], train AUC: 0.9918(0.9787-0.9989), test AUC: 0.8782(0.7984-0.9493)
[2025-01-20 18:27:36,393][INFO] Epoch[56/80], loss:1.3284, CE loss:0.3942 , info NCE loss:6.6222
[2025-01-20 18:27:36,393][INFO] Epoch[56/80], train B-acc: 0.9579(0.9073-0.9956), test B-acc: 0.7826(0.6875-0.8881)
[2025-01-20 18:27:36,393][INFO] Epoch[56/80], train AUC: 0.9925(0.9807-0.9990), test AUC: 0.8794(0.7938-0.9519)
[2025-01-20 18:29:40,124][INFO] Epoch[57/80], loss:1.3278, CE loss:0.3935 , info NCE loss:6.6221
[2025-01-20 18:29:40,125][INFO] Epoch[57/80], train B-acc: 0.9542(0.9034-0.9892), test B-acc: 0.8004(0.6974-0.8933)
[2025-01-20 18:29:40,125][INFO] Epoch[57/80], train AUC: 0.9931(0.9823-0.9989), test AUC: 0.8813(0.7834-0.9496)
[2025-01-20 18:31:43,198][INFO] Epoch[58/80], loss:1.3275, CE loss:0.3934 , info NCE loss:6.6208
[2025-01-20 18:31:43,198][INFO] Epoch[58/80], train B-acc: 0.9583(0.9033-0.9955), test B-acc: 0.7990(0.7000-0.9000)
[2025-01-20 18:31:43,199][INFO] Epoch[58/80], train AUC: 0.9940(0.9836-0.9993), test AUC: 0.8781(0.7890-0.9528)
[2025-01-20 18:33:45,841][INFO] Epoch[59/80], loss:1.3266, CE loss:0.3928 , info NCE loss:6.6178
[2025-01-20 18:33:45,843][INFO] Epoch[59/80], train B-acc: 0.9558(0.9001-0.9912), test B-acc: 0.8006(0.6933-0.8969)
[2025-01-20 18:33:45,843][INFO] Epoch[59/80], train AUC: 0.9945(0.9851-0.9993), test AUC: 0.8775(0.7899-0.9526)
[2025-01-20 18:35:49,562][INFO] Epoch[60/80], loss:1.3250, CE loss:0.3910 , info NCE loss:6.6177
[2025-01-20 18:35:49,562][INFO] Epoch[60/80], train B-acc: 0.9537(0.9034-0.9911), test B-acc: 0.7952(0.6903-0.8867)
[2025-01-20 18:35:49,562][INFO] Epoch[60/80], train AUC: 0.9945(0.9863-0.9995), test AUC: 0.8819(0.7991-0.9509)
[2025-01-20 18:37:52,434][INFO] Epoch[61/80], loss:1.3236, CE loss:0.3899 , info NCE loss:6.6146
[2025-01-20 18:37:52,434][INFO] Epoch[61/80], train B-acc: 0.9533(0.9031-0.9910), test B-acc: 0.8011(0.6974-0.8957)
[2025-01-20 18:37:52,434][INFO] Epoch[61/80], train AUC: 0.9946(0.9862-0.9994), test AUC: 0.8832(0.7873-0.9513)
[2025-01-20 18:39:55,364][INFO] Epoch[62/80], loss:1.3234, CE loss:0.3893 , info NCE loss:6.6170
[2025-01-20 18:39:55,365][INFO] Epoch[62/80], train B-acc: 0.9664(0.9220-0.9955), test B-acc: 0.7875(0.6892-0.8836)
[2025-01-20 18:39:55,365][INFO] Epoch[62/80], train AUC: 0.9948(0.9864-0.9995), test AUC: 0.8816(0.7962-0.9539)
[2025-01-20 18:41:58,469][INFO] Epoch[63/80], loss:1.3222, CE loss:0.3884 , info NCE loss:6.6138
[2025-01-20 18:41:58,469][INFO] Epoch[63/80], train B-acc: 0.9560(0.9053-0.9934), test B-acc: 0.8017(0.7039-0.8971)
[2025-01-20 18:41:58,469][INFO] Epoch[63/80], train AUC: 0.9952(0.9874-0.9998), test AUC: 0.8821(0.7899-0.9522)
[2025-01-20 18:44:01,853][INFO] Epoch[64/80], loss:1.3213, CE loss:0.3873 , info NCE loss:6.6139
[2025-01-20 18:44:01,854][INFO] Epoch[64/80], train B-acc: 0.9662(0.9242-0.9953), test B-acc: 0.7854(0.6763-0.8750)
[2025-01-20 18:44:01,854][INFO] Epoch[64/80], train AUC: 0.9957(0.9886-0.9998), test AUC: 0.8799(0.7910-0.9446)
[2025-01-20 18:46:04,576][INFO] Epoch[65/80], loss:1.3209, CE loss:0.3876 , info NCE loss:6.6094
[2025-01-20 18:46:04,579][INFO] Epoch[65/80], train B-acc: 0.9593(0.9077-0.9955), test B-acc: 0.8067(0.7237-0.8997)
[2025-01-20 18:46:04,579][INFO] Epoch[65/80], train AUC: 0.9960(0.9883-0.9999), test AUC: 0.8810(0.8028-0.9493)
[2025-01-20 18:48:08,096][INFO] Epoch[66/80], loss:1.3201, CE loss:0.3866 , info NCE loss:6.6100
[2025-01-20 18:48:08,096][INFO] Epoch[66/80], train B-acc: 0.9692(0.9279-0.9977), test B-acc: 0.7907(0.6929-0.8904)
[2025-01-20 18:48:08,096][INFO] Epoch[66/80], train AUC: 0.9963(0.9897-0.9999), test AUC: 0.8794(0.7894-0.9508)
[2025-01-20 18:50:11,494][INFO] Epoch[67/80], loss:1.3184, CE loss:0.3852 , info NCE loss:6.6066
[2025-01-20 18:50:11,495][INFO] Epoch[67/80], train B-acc: 0.9560(0.9056-0.9931), test B-acc: 0.7955(0.7000-0.8838)
[2025-01-20 18:50:11,495][INFO] Epoch[67/80], train AUC: 0.9965(0.9900-0.9998), test AUC: 0.8849(0.7935-0.9505)
[2025-01-20 18:52:15,946][INFO] Epoch[68/80], loss:1.3176, CE loss:0.3845 , info NCE loss:6.6053
[2025-01-20 18:52:15,946][INFO] Epoch[68/80], train B-acc: 0.9661(0.9241-0.9954), test B-acc: 0.7871(0.6959-0.8804)
[2025-01-20 18:52:15,946][INFO] Epoch[68/80], train AUC: 0.9964(0.9904-0.9999), test AUC: 0.8810(0.7950-0.9479)
[2025-01-20 18:54:20,951][INFO] Epoch[69/80], loss:1.3172, CE loss:0.3838 , info NCE loss:6.6060
[2025-01-20 18:54:20,951][INFO] Epoch[69/80], train B-acc: 0.9687(0.9241-0.9977), test B-acc: 0.7864(0.6813-0.8875)
[2025-01-20 18:54:20,951][INFO] Epoch[69/80], train AUC: 0.9967(0.9908-0.9998), test AUC: 0.8800(0.7899-0.9498)
[2025-01-20 18:56:24,835][INFO] Epoch[70/80], loss:1.3162, CE loss:0.3832 , info NCE loss:6.6036
[2025-01-20 18:56:24,835][INFO] Epoch[70/80], train B-acc: 0.9692(0.9287-0.9956), test B-acc: 0.7875(0.6849-0.8815)
[2025-01-20 18:56:24,836][INFO] Epoch[70/80], train AUC: 0.9971(0.9919-1.0000), test AUC: 0.8796(0.7922-0.9505)
[2025-01-20 18:58:27,960][INFO] Epoch[71/80], loss:1.3155, CE loss:0.3825 , info NCE loss:6.6029
[2025-01-20 18:58:27,960][INFO] Epoch[71/80], train B-acc: 0.9698(0.9278-0.9977), test B-acc: 0.7831(0.6806-0.8800)
[2025-01-20 18:58:27,960][INFO] Epoch[71/80], train AUC: 0.9971(0.9917-0.9999), test AUC: 0.8777(0.7872-0.9514)
[2025-01-20 19:00:29,997][INFO] Epoch[72/80], loss:1.3143, CE loss:0.3813 , info NCE loss:6.6016
[2025-01-20 19:00:29,997][INFO] Epoch[72/80], train B-acc: 0.9704(0.9267-0.9956), test B-acc: 0.7897(0.6813-0.8836)
[2025-01-20 19:00:29,998][INFO] Epoch[72/80], train AUC: 0.9972(0.9923-0.9999), test AUC: 0.8824(0.7914-0.9495)
[2025-01-20 19:02:33,878][INFO] Epoch[73/80], loss:1.3133, CE loss:0.3806 , info NCE loss:6.5987
[2025-01-20 19:02:33,878][INFO] Epoch[73/80], train B-acc: 0.9692(0.9263-0.9976), test B-acc: 0.7871(0.6840-0.8800)
[2025-01-20 19:02:33,878][INFO] Epoch[73/80], train AUC: 0.9972(0.9922-0.9997), test AUC: 0.8784(0.7913-0.9470)
[2025-01-20 19:04:35,763][INFO] Epoch[74/80], loss:1.3129, CE loss:0.3802 , info NCE loss:6.5977
[2025-01-20 19:04:35,765][INFO] Epoch[74/80], train B-acc: 0.9686(0.9274-0.9977), test B-acc: 0.7989(0.6938-0.8867)
[2025-01-20 19:04:35,765][INFO] Epoch[74/80], train AUC: 0.9975(0.9925-0.9999), test AUC: 0.8815(0.7862-0.9505)
[2025-01-20 19:06:38,035][INFO] Epoch[75/80], loss:1.3125, CE loss:0.3799 , info NCE loss:6.5969
[2025-01-20 19:06:38,035][INFO] Epoch[75/80], train B-acc: 0.9691(0.9275-0.9977), test B-acc: 0.7939(0.6991-0.8831)
[2025-01-20 19:06:38,035][INFO] Epoch[75/80], train AUC: 0.9977(0.9934-0.9999), test AUC: 0.8827(0.7926-0.9500)
[2025-01-20 19:08:40,918][INFO] Epoch[76/80], loss:1.3117, CE loss:0.3792 , info NCE loss:6.5957
[2025-01-20 19:08:40,918][INFO] Epoch[76/80], train B-acc: 0.9680(0.9220-0.9954), test B-acc: 0.7996(0.6974-0.8902)
[2025-01-20 19:08:40,918][INFO] Epoch[76/80], train AUC: 0.9982(0.9935-1.0000), test AUC: 0.8803(0.7921-0.9501)
[2025-01-20 19:10:43,689][INFO] Epoch[77/80], loss:1.3113, CE loss:0.3789 , info NCE loss:6.5951
[2025-01-20 19:10:43,689][INFO] Epoch[77/80], train B-acc: 0.9665(0.9238-0.9955), test B-acc: 0.7758(0.6789-0.8696)
[2025-01-20 19:10:43,689][INFO] Epoch[77/80], train AUC: 0.9981(0.9936-1.0000), test AUC: 0.8778(0.7931-0.9466)
[2025-01-20 19:12:45,275][INFO] Epoch[78/80], loss:1.3097, CE loss:0.3776 , info NCE loss:6.5918
[2025-01-20 19:12:45,275][INFO] Epoch[78/80], train B-acc: 0.9665(0.9251-0.9953), test B-acc: 0.7767(0.6696-0.8752)
[2025-01-20 19:12:45,276][INFO] Epoch[78/80], train AUC: 0.9983(0.9940-1.0000), test AUC: 0.8779(0.7840-0.9452)
[2025-01-20 19:14:45,287][INFO] Epoch[79/80], loss:1.3090, CE loss:0.3768 , info NCE loss:6.5914
[2025-01-20 19:14:45,289][INFO] Epoch[79/80], train B-acc: 0.9910(0.9816-0.9978), test B-acc: 0.7936(0.6871-0.8808)
[2025-01-20 19:14:45,289][INFO] Epoch[79/80], train AUC: 0.9982(0.9944-1.0000), test AUC: 0.8792(0.7864-0.9493)
