[2025-01-21 22:49:56,754][INFO] Running PROJECT: CRC-DX, P LEARNING RATE: 0.0001, OPTIMIZER: ADAMW, NUM EPOCHS: 80, BATCH SIZE: 2048, DEVICES: cuda, SMOOTHING: 0.25
[2025-01-21 22:49:56,756][INFO] params["in_chans"]=[200, 16]python run_MIL_model.py --proj CRC-DX --num_epochs 80 --plr 1e-4  --smoothing 0.25
[2025-01-21 22:49:56,756][INFO] params["dims"]=[512, 512] 温度参数为0.55
[2025-01-21 22:49:56,756][INFO] params["out_chans"]=[16, 8]
[2025-01-21 22:49:56,756][INFO] params["heads"]=[8, 4]
[2025-01-21 22:49:56,756][INFO] params["dropout"]=[0.8, 0.4, 0.4]
[2025-01-21 22:53:12,465][INFO] Epoch[1/80], loss:1.6049, CE loss:0.5647 , info NCE loss:7.4993
[2025-01-21 22:53:12,466][INFO] Epoch[1/80], train B-acc: 0.5000(0.5000-0.5000), test B-acc: 0.5000(0.5000-0.5000)
[2025-01-21 22:53:12,466][INFO] Epoch[1/80], train AUC: 0.6864(0.5841-0.7721), test AUC: 0.6872(0.5682-0.8037)
[2025-01-21 22:55:15,641][INFO] Epoch[2/80], loss:1.5612, CE loss:0.5361 , info NCE loss:7.3706
[2025-01-21 22:55:15,641][INFO] Epoch[2/80], train B-acc: 0.5125(0.5000-0.5476), test B-acc: 0.5000(0.5000-0.5000)
[2025-01-21 22:55:15,641][INFO] Epoch[2/80], train AUC: 0.7290(0.6332-0.8156), test AUC: 0.7355(0.6118-0.8340)
[2025-01-21 22:57:13,334][INFO] Epoch[3/80], loss:1.5126, CE loss:0.5286 , info NCE loss:7.0887
[2025-01-21 22:57:13,336][INFO] Epoch[3/80], train B-acc: 0.5244(0.5000-0.5658), test B-acc: 0.5000(0.5000-0.5000)
[2025-01-21 22:57:13,336][INFO] Epoch[3/80], train AUC: 0.7521(0.6524-0.8388), test AUC: 0.7392(0.6140-0.8397)
[2025-01-21 22:59:09,954][INFO] Epoch[4/80], loss:1.4925, CE loss:0.5217 , info NCE loss:6.9939
[2025-01-21 22:59:09,955][INFO] Epoch[4/80], train B-acc: 0.5521(0.5122-0.6111), test B-acc: 0.5000(0.5000-0.5000)
[2025-01-21 22:59:09,955][INFO] Epoch[4/80], train AUC: 0.7757(0.6872-0.8561), test AUC: 0.7282(0.6114-0.8447)
[2025-01-21 23:01:04,068][INFO] Epoch[5/80], loss:1.4788, CE loss:0.5172 , info NCE loss:6.9280
[2025-01-21 23:01:04,069][INFO] Epoch[5/80], train B-acc: 0.5865(0.5272-0.6507), test B-acc: 0.5370(0.5000-0.6000)
[2025-01-21 23:01:04,069][INFO] Epoch[5/80], train AUC: 0.7948(0.7131-0.8730), test AUC: 0.7310(0.6101-0.8404)
[2025-01-21 23:03:05,248][INFO] Epoch[6/80], loss:1.4685, CE loss:0.5131 , info NCE loss:6.8824
[2025-01-21 23:03:05,248][INFO] Epoch[6/80], train B-acc: 0.5985(0.5435-0.6742), test B-acc: 0.5556(0.5000-0.6304)
[2025-01-21 23:03:05,250][INFO] Epoch[6/80], train AUC: 0.8153(0.7318-0.8866), test AUC: 0.7525(0.6324-0.8660)
[2025-01-21 23:04:57,843][INFO] Epoch[7/80], loss:1.4599, CE loss:0.5094 , info NCE loss:6.8458
[2025-01-21 23:04:57,845][INFO] Epoch[7/80], train B-acc: 0.6029(0.5431-0.6705), test B-acc: 0.5357(0.5000-0.5968)
[2025-01-21 23:04:57,845][INFO] Epoch[7/80], train AUC: 0.8319(0.7523-0.9023), test AUC: 0.7576(0.6335-0.8659)
[2025-01-21 23:06:51,232][INFO] Epoch[8/80], loss:1.4519, CE loss:0.5055 , info NCE loss:6.8142
[2025-01-21 23:06:51,232][INFO] Epoch[8/80], train B-acc: 0.6131(0.5541-0.6905), test B-acc: 0.5556(0.5000-0.6296)
[2025-01-21 23:06:51,232][INFO] Epoch[8/80], train AUC: 0.8473(0.7670-0.9128), test AUC: 0.7716(0.6595-0.8792)
[2025-01-21 23:08:44,158][INFO] Epoch[9/80], loss:1.4463, CE loss:0.5025 , info NCE loss:6.7947
[2025-01-21 23:08:44,159][INFO] Epoch[9/80], train B-acc: 0.6250(0.5584-0.7027), test B-acc: 0.5750(0.5156-0.6481)
[2025-01-21 23:08:44,159][INFO] Epoch[9/80], train AUC: 0.8557(0.7776-0.9206), test AUC: 0.7805(0.6590-0.8812)
[2025-01-21 23:10:38,039][INFO] Epoch[10/80], loss:1.4410, CE loss:0.4994 , info NCE loss:6.7770
[2025-01-21 23:10:38,040][INFO] Epoch[10/80], train B-acc: 0.6263(0.5645-0.7070), test B-acc: 0.5769(0.5185-0.6622)
[2025-01-21 23:10:38,040][INFO] Epoch[10/80], train AUC: 0.8695(0.7925-0.9269), test AUC: 0.7893(0.6715-0.8838)
[2025-01-21 23:12:31,491][INFO] Epoch[11/80], loss:1.4361, CE loss:0.4965 , info NCE loss:6.7608
[2025-01-21 23:12:31,492][INFO] Epoch[11/80], train B-acc: 0.6282(0.5649-0.6974), test B-acc: 0.5769(0.5156-0.6579)
[2025-01-21 23:12:31,492][INFO] Epoch[11/80], train AUC: 0.8774(0.8059-0.9373), test AUC: 0.7950(0.6760-0.8909)
[2025-01-21 23:14:24,245][INFO] Epoch[12/80], loss:1.4315, CE loss:0.4933 , info NCE loss:6.7481
[2025-01-21 23:14:24,245][INFO] Epoch[12/80], train B-acc: 0.6538(0.5829-0.7288), test B-acc: 0.5952(0.5250-0.6833)
[2025-01-21 23:14:24,245][INFO] Epoch[12/80], train AUC: 0.8873(0.8196-0.9410), test AUC: 0.8087(0.6954-0.9000)
[2025-01-21 23:16:17,589][INFO] Epoch[13/80], loss:1.4281, CE loss:0.4908 , info NCE loss:6.7391
[2025-01-21 23:16:17,589][INFO] Epoch[13/80], train B-acc: 0.6675(0.5893-0.7410), test B-acc: 0.5938(0.5227-0.6786)
[2025-01-21 23:16:17,590][INFO] Epoch[13/80], train AUC: 0.8928(0.8248-0.9443), test AUC: 0.8103(0.6929-0.9015)
[2025-01-21 23:18:10,734][INFO] Epoch[14/80], loss:1.4247, CE loss:0.4880 , info NCE loss:6.7323
[2025-01-21 23:18:10,734][INFO] Epoch[14/80], train B-acc: 0.6692(0.5957-0.7424), test B-acc: 0.5926(0.5250-0.6818)
[2025-01-21 23:18:10,735][INFO] Epoch[14/80], train AUC: 0.8969(0.8296-0.9465), test AUC: 0.8148(0.7010-0.9015)
[2025-01-21 23:20:05,164][INFO] Epoch[15/80], loss:1.4213, CE loss:0.4857 , info NCE loss:6.7233
[2025-01-21 23:20:05,165][INFO] Epoch[15/80], train B-acc: 0.6774(0.6053-0.7596), test B-acc: 0.6111(0.5400-0.6964)
[2025-01-21 23:20:05,165][INFO] Epoch[15/80], train AUC: 0.9036(0.8331-0.9529), test AUC: 0.8249(0.7139-0.9126)
[2025-01-21 23:21:56,851][INFO] Epoch[16/80], loss:1.4179, CE loss:0.4831 , info NCE loss:6.7151
[2025-01-21 23:21:56,852][INFO] Epoch[16/80], train B-acc: 0.6961(0.6196-0.7734), test B-acc: 0.6111(0.5385-0.6944)
[2025-01-21 23:21:56,852][INFO] Epoch[16/80], train AUC: 0.9107(0.8515-0.9581), test AUC: 0.8295(0.7197-0.9206)
[2025-01-21 23:23:50,648][INFO] Epoch[17/80], loss:1.4153, CE loss:0.4811 , info NCE loss:6.7093
[2025-01-21 23:23:50,649][INFO] Epoch[17/80], train B-acc: 0.7051(0.6348-0.7842), test B-acc: 0.6538(0.5714-0.7500)
[2025-01-21 23:23:50,649][INFO] Epoch[17/80], train AUC: 0.9161(0.8544-0.9615), test AUC: 0.8350(0.7149-0.9238)
[2025-01-21 23:25:43,776][INFO] Epoch[18/80], loss:1.4130, CE loss:0.4791 , info NCE loss:6.7052
[2025-01-21 23:25:43,776][INFO] Epoch[18/80], train B-acc: 0.6979(0.6222-0.7705), test B-acc: 0.6316(0.5556-0.7188)
[2025-01-21 23:25:43,777][INFO] Epoch[18/80], train AUC: 0.9192(0.8535-0.9638), test AUC: 0.8415(0.7300-0.9256)
[2025-01-21 23:27:39,237][INFO] Epoch[19/80], loss:1.4113, CE loss:0.4781 , info NCE loss:6.6991
[2025-01-21 23:27:39,238][INFO] Epoch[19/80], train B-acc: 0.7075(0.6293-0.7905), test B-acc: 0.6522(0.5667-0.7500)
[2025-01-21 23:27:39,238][INFO] Epoch[19/80], train AUC: 0.9242(0.8635-0.9676), test AUC: 0.8471(0.7360-0.9281)
[2025-01-21 23:29:31,978][INFO] Epoch[20/80], loss:1.4082, CE loss:0.4754 , info NCE loss:6.6946
[2025-01-21 23:29:31,979][INFO] Epoch[20/80], train B-acc: 0.7331(0.6490-0.8061), test B-acc: 0.7115(0.6250-0.8125)
[2025-01-21 23:29:31,979][INFO] Epoch[20/80], train AUC: 0.9292(0.8700-0.9671), test AUC: 0.8442(0.7458-0.9267)
[2025-01-21 23:31:26,215][INFO] Epoch[21/80], loss:1.4061, CE loss:0.4739 , info NCE loss:6.6887
[2025-01-21 23:31:26,215][INFO] Epoch[21/80], train B-acc: 0.7353(0.6579-0.8172), test B-acc: 0.7115(0.6250-0.8095)
[2025-01-21 23:31:26,215][INFO] Epoch[21/80], train AUC: 0.9322(0.8756-0.9703), test AUC: 0.8509(0.7418-0.9343)
[2025-01-21 23:33:18,119][INFO] Epoch[22/80], loss:1.4032, CE loss:0.4720 , info NCE loss:6.6803
[2025-01-21 23:33:18,119][INFO] Epoch[22/80], train B-acc: 0.7478(0.6675-0.8311), test B-acc: 0.7083(0.6136-0.8088)
[2025-01-21 23:33:18,120][INFO] Epoch[22/80], train AUC: 0.9362(0.8821-0.9743), test AUC: 0.8503(0.7491-0.9279)
[2025-01-21 23:35:12,063][INFO] Epoch[23/80], loss:1.4019, CE loss:0.4704 , info NCE loss:6.6804
[2025-01-21 23:35:12,064][INFO] Epoch[23/80], train B-acc: 0.7455(0.6623-0.8256), test B-acc: 0.7115(0.6136-0.8125)
[2025-01-21 23:35:12,064][INFO] Epoch[23/80], train AUC: 0.9404(0.8834-0.9767), test AUC: 0.8577(0.7491-0.9381)
[2025-01-21 23:37:05,263][INFO] Epoch[24/80], loss:1.4002, CE loss:0.4687 , info NCE loss:6.6789
[2025-01-21 23:37:05,263][INFO] Epoch[24/80], train B-acc: 0.7590(0.6765-0.8375), test B-acc: 0.7143(0.6207-0.8077)
[2025-01-21 23:37:05,264][INFO] Epoch[24/80], train AUC: 0.9439(0.8910-0.9760), test AUC: 0.8601(0.7608-0.9386)
[2025-01-21 23:38:55,303][INFO] Epoch[25/80], loss:1.3981, CE loss:0.4671 , info NCE loss:6.6739
[2025-01-21 23:38:55,303][INFO] Epoch[25/80], train B-acc: 0.7563(0.6761-0.8392), test B-acc: 0.7273(0.6364-0.8214)
[2025-01-21 23:38:55,303][INFO] Epoch[25/80], train AUC: 0.9477(0.8947-0.9785), test AUC: 0.8616(0.7644-0.9430)
[2025-01-21 23:40:47,500][INFO] Epoch[26/80], loss:1.3964, CE loss:0.4656 , info NCE loss:6.6707
[2025-01-21 23:40:47,500][INFO] Epoch[26/80], train B-acc: 0.7442(0.6707-0.8263), test B-acc: 0.7105(0.6154-0.8077)
[2025-01-21 23:40:47,500][INFO] Epoch[26/80], train AUC: 0.9488(0.9030-0.9803), test AUC: 0.8644(0.7643-0.9454)
[2025-01-21 23:42:38,459][INFO] Epoch[27/80], loss:1.3948, CE loss:0.4646 , info NCE loss:6.6658
[2025-01-21 23:42:38,460][INFO] Epoch[27/80], train B-acc: 0.7500(0.6667-0.8333), test B-acc: 0.6923(0.6034-0.7833)
[2025-01-21 23:42:38,460][INFO] Epoch[27/80], train AUC: 0.9521(0.9077-0.9811), test AUC: 0.8659(0.7659-0.9448)
[2025-01-21 23:44:31,424][INFO] Epoch[28/80], loss:1.3931, CE loss:0.4633 , info NCE loss:6.6618
[2025-01-21 23:44:31,424][INFO] Epoch[28/80], train B-acc: 0.7609(0.6875-0.8333), test B-acc: 0.7321(0.6333-0.8269)
[2025-01-21 23:44:31,424][INFO] Epoch[28/80], train AUC: 0.9568(0.9145-0.9833), test AUC: 0.8681(0.7633-0.9413)
[2025-01-21 23:46:23,111][INFO] Epoch[29/80], loss:1.3910, CE loss:0.4616 , info NCE loss:6.6581
[2025-01-21 23:46:23,111][INFO] Epoch[29/80], train B-acc: 0.7875(0.7016-0.8636), test B-acc: 0.7308(0.6379-0.8269)
[2025-01-21 23:46:23,111][INFO] Epoch[29/80], train AUC: 0.9581(0.9148-0.9837), test AUC: 0.8662(0.7748-0.9407)
[2025-01-21 23:48:15,987][INFO] Epoch[30/80], loss:1.3897, CE loss:0.4602 , info NCE loss:6.6567
[2025-01-21 23:48:15,987][INFO] Epoch[30/80], train B-acc: 0.8000(0.7179-0.8793), test B-acc: 0.7188(0.6290-0.8167)
[2025-01-21 23:48:15,987][INFO] Epoch[30/80], train AUC: 0.9607(0.9196-0.9866), test AUC: 0.8676(0.7698-0.9445)
[2025-01-21 23:50:07,464][INFO] Epoch[31/80], loss:1.3883, CE loss:0.4588 , info NCE loss:6.6553
[2025-01-21 23:50:07,465][INFO] Epoch[31/80], train B-acc: 0.8011(0.7249-0.8784), test B-acc: 0.7240(0.6336-0.8202)
[2025-01-21 23:50:07,465][INFO] Epoch[31/80], train AUC: 0.9639(0.9219-0.9875), test AUC: 0.8710(0.7746-0.9446)
[2025-01-21 23:52:01,798][INFO] Epoch[32/80], loss:1.3864, CE loss:0.4572 , info NCE loss:6.6516
[2025-01-21 23:52:01,798][INFO] Epoch[32/80], train B-acc: 0.8000(0.7170-0.8728), test B-acc: 0.7250(0.6307-0.8200)
[2025-01-21 23:52:01,799][INFO] Epoch[32/80], train AUC: 0.9653(0.9268-0.9869), test AUC: 0.8767(0.7879-0.9425)
[2025-01-21 23:53:55,913][INFO] Epoch[33/80], loss:1.3855, CE loss:0.4564 , info NCE loss:6.6503
[2025-01-21 23:53:55,913][INFO] Epoch[33/80], train B-acc: 0.8255(0.7465-0.9010), test B-acc: 0.7226(0.6296-0.8269)
[2025-01-21 23:53:55,913][INFO] Epoch[33/80], train AUC: 0.9678(0.9316-0.9882), test AUC: 0.8786(0.7888-0.9483)
[2025-01-21 23:55:49,219][INFO] Epoch[34/80], loss:1.3840, CE loss:0.4553 , info NCE loss:6.6466
[2025-01-21 23:55:49,219][INFO] Epoch[34/80], train B-acc: 0.8250(0.7477-0.9024), test B-acc: 0.7254(0.6254-0.8267)
[2025-01-21 23:55:49,219][INFO] Epoch[34/80], train AUC: 0.9698(0.9351-0.9910), test AUC: 0.8776(0.7900-0.9447)
[2025-01-21 23:57:42,430][INFO] Epoch[35/80], loss:1.3833, CE loss:0.4542 , info NCE loss:6.6477
[2025-01-21 23:57:42,430][INFO] Epoch[35/80], train B-acc: 0.7895(0.7093-0.8676), test B-acc: 0.7115(0.6136-0.8077)
[2025-01-21 23:57:42,431][INFO] Epoch[35/80], train AUC: 0.9718(0.9382-0.9922), test AUC: 0.8775(0.7924-0.9480)
[2025-01-21 23:59:35,122][INFO] Epoch[36/80], loss:1.3821, CE loss:0.4535 , info NCE loss:6.6441
[2025-01-21 23:59:35,122][INFO] Epoch[36/80], train B-acc: 0.8288(0.7447-0.9010), test B-acc: 0.7250(0.6230-0.8259)
[2025-01-21 23:59:35,123][INFO] Epoch[36/80], train AUC: 0.9730(0.9407-0.9925), test AUC: 0.8784(0.7825-0.9494)
[2025-01-22 00:01:28,312][INFO] Epoch[37/80], loss:1.3802, CE loss:0.4519 , info NCE loss:6.6406
[2025-01-22 00:01:28,312][INFO] Epoch[37/80], train B-acc: 0.8237(0.7453-0.8955), test B-acc: 0.7241(0.6327-0.8143)
[2025-01-22 00:01:28,313][INFO] Epoch[37/80], train AUC: 0.9753(0.9415-0.9931), test AUC: 0.8842(0.7957-0.9465)
[2025-01-22 00:03:23,146][INFO] Epoch[38/80], loss:1.3789, CE loss:0.4508 , info NCE loss:6.6380
[2025-01-22 00:03:23,147][INFO] Epoch[38/80], train B-acc: 0.8252(0.7500-0.9001), test B-acc: 0.7241(0.6270-0.8276)
[2025-01-22 00:03:23,147][INFO] Epoch[38/80], train AUC: 0.9774(0.9468-0.9936), test AUC: 0.8849(0.7933-0.9499)
[2025-01-22 00:05:15,005][INFO] Epoch[39/80], loss:1.3783, CE loss:0.4498 , info NCE loss:6.6394
[2025-01-22 00:05:15,005][INFO] Epoch[39/80], train B-acc: 0.8507(0.7723-0.9198), test B-acc: 0.7196(0.6262-0.8133)
[2025-01-22 00:05:15,005][INFO] Epoch[39/80], train AUC: 0.9791(0.9519-0.9949), test AUC: 0.8772(0.7853-0.9469)
[2025-01-22 00:07:07,294][INFO] Epoch[40/80], loss:1.3771, CE loss:0.4496 , info NCE loss:6.6329
[2025-01-22 00:07:07,295][INFO] Epoch[40/80], train B-acc: 0.8263(0.7500-0.9015), test B-acc: 0.7252(0.6238-0.8196)
[2025-01-22 00:07:07,295][INFO] Epoch[40/80], train AUC: 0.9803(0.9542-0.9951), test AUC: 0.8841(0.7850-0.9493)
[2025-01-22 00:08:59,645][INFO] Epoch[41/80], loss:1.3759, CE loss:0.4481 , info NCE loss:6.6331
[2025-01-22 00:08:59,645][INFO] Epoch[41/80], train B-acc: 0.8360(0.7590-0.9051), test B-acc: 0.7226(0.6250-0.8261)
[2025-01-22 00:08:59,646][INFO] Epoch[41/80], train AUC: 0.9818(0.9592-0.9955), test AUC: 0.8818(0.7910-0.9500)
[2025-01-22 00:10:52,302][INFO] Epoch[42/80], loss:1.3748, CE loss:0.4473 , info NCE loss:6.6310
[2025-01-22 00:10:52,302][INFO] Epoch[42/80], train B-acc: 0.8352(0.7549-0.9069), test B-acc: 0.7258(0.6296-0.8208)
[2025-01-22 00:10:52,302][INFO] Epoch[42/80], train AUC: 0.9826(0.9591-0.9968), test AUC: 0.8824(0.7951-0.9448)
[2025-01-22 00:12:44,991][INFO] Epoch[43/80], loss:1.3736, CE loss:0.4458 , info NCE loss:6.6309
[2025-01-22 00:12:44,991][INFO] Epoch[43/80], train B-acc: 0.8339(0.7622-0.9120), test B-acc: 0.7226(0.6290-0.8235)
[2025-01-22 00:12:44,992][INFO] Epoch[43/80], train AUC: 0.9837(0.9632-0.9965), test AUC: 0.8838(0.7902-0.9479)
[2025-01-22 00:14:37,100][INFO] Epoch[44/80], loss:1.3727, CE loss:0.4451 , info NCE loss:6.6290
[2025-01-22 00:14:37,101][INFO] Epoch[44/80], train B-acc: 0.8632(0.7897-0.9297), test B-acc: 0.7245(0.6267-0.8267)
[2025-01-22 00:14:37,101][INFO] Epoch[44/80], train AUC: 0.9844(0.9637-0.9965), test AUC: 0.8797(0.7952-0.9454)
[2025-01-22 00:16:28,259][INFO] Epoch[45/80], loss:1.3714, CE loss:0.4440 , info NCE loss:6.6272
[2025-01-22 00:16:28,260][INFO] Epoch[45/80], train B-acc: 0.8378(0.7612-0.9091), test B-acc: 0.7222(0.6238-0.8272)
[2025-01-22 00:16:28,260][INFO] Epoch[45/80], train AUC: 0.9846(0.9614-0.9972), test AUC: 0.8817(0.7955-0.9539)
[2025-01-22 00:18:20,639][INFO] Epoch[46/80], loss:1.3707, CE loss:0.4430 , info NCE loss:6.6274
[2025-01-22 00:18:20,640][INFO] Epoch[46/80], train B-acc: 0.8763(0.8040-0.9399), test B-acc: 0.7431(0.6467-0.8409)
[2025-01-22 00:18:20,640][INFO] Epoch[46/80], train AUC: 0.9861(0.9676-0.9972), test AUC: 0.8813(0.7942-0.9446)
[2025-01-22 00:20:13,197][INFO] Epoch[47/80], loss:1.3695, CE loss:0.4421 , info NCE loss:6.6250
[2025-01-22 00:20:13,198][INFO] Epoch[47/80], train B-acc: 0.8621(0.7894-0.9346), test B-acc: 0.7209(0.6289-0.8250)
[2025-01-22 00:20:13,198][INFO] Epoch[47/80], train AUC: 0.9875(0.9697-0.9980), test AUC: 0.8821(0.7892-0.9456)
[2025-01-22 00:22:04,447][INFO] Epoch[48/80], loss:1.3686, CE loss:0.4416 , info NCE loss:6.6220
[2025-01-22 00:22:04,447][INFO] Epoch[48/80], train B-acc: 0.8635(0.7954-0.9331), test B-acc: 0.7432(0.6429-0.8409)
[2025-01-22 00:22:04,447][INFO] Epoch[48/80], train AUC: 0.9887(0.9741-0.9985), test AUC: 0.8867(0.8021-0.9520)
[2025-01-22 00:23:57,121][INFO] Epoch[49/80], loss:1.3674, CE loss:0.4405 , info NCE loss:6.6201
[2025-01-22 00:23:57,121][INFO] Epoch[49/80], train B-acc: 0.8750(0.8066-0.9417), test B-acc: 0.7434(0.6477-0.8400)
[2025-01-22 00:23:57,122][INFO] Epoch[49/80], train AUC: 0.9897(0.9755-0.9987), test AUC: 0.8843(0.7996-0.9531)
[2025-01-22 00:25:48,447][INFO] Epoch[50/80], loss:1.3666, CE loss:0.4397 , info NCE loss:6.6192
[2025-01-22 00:25:48,447][INFO] Epoch[50/80], train B-acc: 0.8659(0.7955-0.9290), test B-acc: 0.7467(0.6462-0.8345)
[2025-01-22 00:25:48,449][INFO] Epoch[50/80], train AUC: 0.9904(0.9754-0.9985), test AUC: 0.8873(0.8038-0.9509)
[2025-01-22 00:27:38,489][INFO] Epoch[51/80], loss:1.3660, CE loss:0.4390 , info NCE loss:6.6194
[2025-01-22 00:27:38,490][INFO] Epoch[51/80], train B-acc: 0.9154(0.8536-0.9698), test B-acc: 0.7500(0.6500-0.8441)
[2025-01-22 00:27:38,490][INFO] Epoch[51/80], train AUC: 0.9905(0.9771-0.9988), test AUC: 0.8863(0.8067-0.9456)
[2025-01-22 00:29:30,242][INFO] Epoch[52/80], loss:1.3647, CE loss:0.4380 , info NCE loss:6.6160
[2025-01-22 00:29:30,243][INFO] Epoch[52/80], train B-acc: 0.9311(0.8680-0.9795), test B-acc: 0.7511(0.6469-0.8489)
[2025-01-22 00:29:30,243][INFO] Epoch[52/80], train AUC: 0.9912(0.9776-0.9987), test AUC: 0.8854(0.7935-0.9529)
[2025-01-22 00:31:23,187][INFO] Epoch[53/80], loss:1.3640, CE loss:0.4369 , info NCE loss:6.6174
[2025-01-22 00:31:23,188][INFO] Epoch[53/80], train B-acc: 0.9162(0.8482-0.9737), test B-acc: 0.7361(0.6344-0.8344)
[2025-01-22 00:31:23,188][INFO] Epoch[53/80], train AUC: 0.9916(0.9794-0.9989), test AUC: 0.8876(0.7979-0.9514)
[2025-01-22 00:33:14,368][INFO] Epoch[54/80], loss:1.3630, CE loss:0.4364 , info NCE loss:6.6137
[2025-01-22 00:33:14,368][INFO] Epoch[54/80], train B-acc: 0.9583(0.9031-0.9977), test B-acc: 0.7431(0.6502-0.8410)
[2025-01-22 00:33:14,370][INFO] Epoch[54/80], train AUC: 0.9924(0.9805-0.9993), test AUC: 0.8846(0.8069-0.9472)
[2025-01-22 00:35:05,296][INFO] Epoch[55/80], loss:1.3627, CE loss:0.4361 , info NCE loss:6.6135
[2025-01-22 00:35:05,296][INFO] Epoch[55/80], train B-acc: 0.9557(0.9077-0.9934), test B-acc: 0.7812(0.6771-0.8806)
[2025-01-22 00:35:05,296][INFO] Epoch[55/80], train AUC: 0.9925(0.9795-0.9992), test AUC: 0.8867(0.7907-0.9512)
[2025-01-22 00:36:55,779][INFO] Epoch[56/80], loss:1.3617, CE loss:0.4353 , info NCE loss:6.6115
[2025-01-22 00:36:55,779][INFO] Epoch[56/80], train B-acc: 0.9559(0.9039-0.9955), test B-acc: 0.7619(0.6567-0.8681)
[2025-01-22 00:36:55,779][INFO] Epoch[56/80], train AUC: 0.9928(0.9812-0.9991), test AUC: 0.8869(0.7960-0.9542)
[2025-01-22 00:38:46,965][INFO] Epoch[57/80], loss:1.3607, CE loss:0.4341 , info NCE loss:6.6119
[2025-01-22 00:38:46,965][INFO] Epoch[57/80], train B-acc: 0.9581(0.9080-0.9958), test B-acc: 0.7613(0.6632-0.8588)
[2025-01-22 00:38:46,966][INFO] Epoch[57/80], train AUC: 0.9938(0.9839-0.9992), test AUC: 0.8857(0.8009-0.9464)
[2025-01-22 00:40:38,192][INFO] Epoch[58/80], loss:1.3596, CE loss:0.4332 , info NCE loss:6.6090
[2025-01-22 00:40:38,192][INFO] Epoch[58/80], train B-acc: 0.9579(0.9088-0.9934), test B-acc: 0.7378(0.6372-0.8393)
[2025-01-22 00:40:38,193][INFO] Epoch[58/80], train AUC: 0.9944(0.9859-0.9994), test AUC: 0.8849(0.7992-0.9484)
[2025-01-22 00:42:28,229][INFO] Epoch[59/80], loss:1.3590, CE loss:0.4328 , info NCE loss:6.6072
[2025-01-22 00:42:28,229][INFO] Epoch[59/80], train B-acc: 0.9722(0.9297-0.9978), test B-acc: 0.7778(0.6835-0.8768)
[2025-01-22 00:42:28,230][INFO] Epoch[59/80], train AUC: 0.9950(0.9858-0.9995), test AUC: 0.8843(0.8061-0.9470)
[2025-01-22 00:44:17,521][INFO] Epoch[60/80], loss:1.3584, CE loss:0.4322 , info NCE loss:6.6065
[2025-01-22 00:44:17,521][INFO] Epoch[60/80], train B-acc: 0.9707(0.9283-0.9978), test B-acc: 0.7595(0.6576-0.8600)
[2025-01-22 00:44:17,521][INFO] Epoch[60/80], train AUC: 0.9952(0.9874-0.9995), test AUC: 0.8848(0.8047-0.9542)
[2025-01-22 00:46:09,388][INFO] Epoch[61/80], loss:1.3576, CE loss:0.4315 , info NCE loss:6.6056
[2025-01-22 00:46:09,388][INFO] Epoch[61/80], train B-acc: 0.9714(0.9283-0.9978), test B-acc: 0.7641(0.6619-0.8603)
[2025-01-22 00:46:09,388][INFO] Epoch[61/80], train AUC: 0.9954(0.9876-0.9998), test AUC: 0.8878(0.7960-0.9510)
[2025-01-22 00:48:01,660][INFO] Epoch[62/80], loss:1.3564, CE loss:0.4305 , info NCE loss:6.6030
[2025-01-22 00:48:01,661][INFO] Epoch[62/80], train B-acc: 0.9704(0.9242-0.9978), test B-acc: 0.8008(0.7000-0.8968)
[2025-01-22 00:48:01,661][INFO] Epoch[62/80], train AUC: 0.9959(0.9894-0.9998), test AUC: 0.8821(0.8005-0.9500)
[2025-01-22 00:49:53,433][INFO] Epoch[63/80], loss:1.3560, CE loss:0.4299 , info NCE loss:6.6038
[2025-01-22 00:49:53,433][INFO] Epoch[63/80], train B-acc: 0.9714(0.9279-0.9978), test B-acc: 0.7807(0.6766-0.8754)
[2025-01-22 00:49:53,433][INFO] Epoch[63/80], train AUC: 0.9966(0.9902-1.0000), test AUC: 0.8854(0.8052-0.9565)
[2025-01-22 00:51:45,086][INFO] Epoch[64/80], loss:1.3551, CE loss:0.4295 , info NCE loss:6.6004
[2025-01-22 00:51:45,087][INFO] Epoch[64/80], train B-acc: 0.9721(0.9286-0.9978), test B-acc: 0.7999(0.7045-0.8893)
[2025-01-22 00:51:45,087][INFO] Epoch[64/80], train AUC: 0.9965(0.9899-1.0000), test AUC: 0.8844(0.7957-0.9499)
[2025-01-22 00:53:38,024][INFO] Epoch[65/80], loss:1.3544, CE loss:0.4285 , info NCE loss:6.6011
[2025-01-22 00:53:38,024][INFO] Epoch[65/80], train B-acc: 0.9707(0.9294-0.9978), test B-acc: 0.7600(0.6567-0.8618)
[2025-01-22 00:53:38,024][INFO] Epoch[65/80], train AUC: 0.9966(0.9908-1.0000), test AUC: 0.8806(0.7994-0.9503)
[2025-01-22 00:55:28,720][INFO] Epoch[66/80], loss:1.3535, CE loss:0.4279 , info NCE loss:6.5983
[2025-01-22 00:55:28,720][INFO] Epoch[66/80], train B-acc: 0.9698(0.9286-0.9978), test B-acc: 0.7654(0.6600-0.8651)
[2025-01-22 00:55:28,720][INFO] Epoch[66/80], train AUC: 0.9965(0.9906-1.0000), test AUC: 0.8865(0.8054-0.9524)
[2025-01-22 00:57:18,358][INFO] Epoch[67/80], loss:1.3531, CE loss:0.4274 , info NCE loss:6.5988
[2025-01-22 00:57:18,359][INFO] Epoch[67/80], train B-acc: 0.9714(0.9302-0.9978), test B-acc: 0.7989(0.6996-0.8964)
[2025-01-22 00:57:18,359][INFO] Epoch[67/80], train AUC: 0.9967(0.9912-0.9999), test AUC: 0.8848(0.7986-0.9511)
[2025-01-22 00:59:05,901][INFO] Epoch[68/80], loss:1.3526, CE loss:0.4271 , info NCE loss:6.5972
[2025-01-22 00:59:05,902][INFO] Epoch[68/80], train B-acc: 0.9698(0.9265-0.9978), test B-acc: 0.8000(0.7024-0.9001)
[2025-01-22 00:59:05,902][INFO] Epoch[68/80], train AUC: 0.9968(0.9905-1.0000), test AUC: 0.8864(0.8098-0.9538)
[2025-01-22 01:00:54,150][INFO] Epoch[69/80], loss:1.3517, CE loss:0.4262 , info NCE loss:6.5964
[2025-01-22 01:00:54,150][INFO] Epoch[69/80], train B-acc: 0.9716(0.9297-0.9978), test B-acc: 0.7842(0.6875-0.8800)
[2025-01-22 01:00:54,151][INFO] Epoch[69/80], train AUC: 0.9969(0.9911-1.0000), test AUC: 0.8893(0.8042-0.9539)
[2025-01-22 01:02:50,006][INFO] Epoch[70/80], loss:1.3517, CE loss:0.4264 , info NCE loss:6.5953
[2025-01-22 01:02:50,006][INFO] Epoch[70/80], train B-acc: 0.9715(0.9279-0.9978), test B-acc: 0.7620(0.6525-0.8533)
[2025-01-22 01:02:50,006][INFO] Epoch[70/80], train AUC: 0.9971(0.9914-1.0000), test AUC: 0.8874(0.8056-0.9483)
[2025-01-22 01:04:38,100][INFO] Epoch[71/80], loss:1.3514, CE loss:0.4262 , info NCE loss:6.5941
[2025-01-22 01:04:38,101][INFO] Epoch[71/80], train B-acc: 0.9692(0.9306-0.9978), test B-acc: 0.7363(0.6400-0.8345)
[2025-01-22 01:04:38,101][INFO] Epoch[71/80], train AUC: 0.9975(0.9924-1.0000), test AUC: 0.8873(0.8058-0.9523)
[2025-01-22 01:06:27,772][INFO] Epoch[72/80], loss:1.3503, CE loss:0.4254 , info NCE loss:6.5916
[2025-01-22 01:06:27,772][INFO] Epoch[72/80], train B-acc: 0.9714(0.9268-0.9978), test B-acc: 0.7688(0.6685-0.8683)
[2025-01-22 01:06:27,772][INFO] Epoch[72/80], train AUC: 0.9978(0.9926-1.0000), test AUC: 0.8879(0.8134-0.9530)
[2025-01-22 01:08:17,334][INFO] Epoch[73/80], loss:1.3491, CE loss:0.4237 , info NCE loss:6.5927
[2025-01-22 01:08:17,335][INFO] Epoch[73/80], train B-acc: 0.9716(0.9279-0.9978), test B-acc: 0.7595(0.6623-0.8519)
[2025-01-22 01:08:17,335][INFO] Epoch[73/80], train AUC: 0.9982(0.9938-1.0000), test AUC: 0.8905(0.8090-0.9500)
[2025-01-22 01:10:05,963][INFO] Epoch[74/80], loss:1.3489, CE loss:0.4236 , info NCE loss:6.5926
[2025-01-22 01:10:05,963][INFO] Epoch[74/80], train B-acc: 0.9707(0.9278-0.9978), test B-acc: 0.7595(0.6667-0.8600)
[2025-01-22 01:10:05,963][INFO] Epoch[74/80], train AUC: 0.9982(0.9940-1.0000), test AUC: 0.8904(0.8093-0.9548)
[2025-01-22 01:11:53,765][INFO] Epoch[75/80], loss:1.3479, CE loss:0.4229 , info NCE loss:6.5895
[2025-01-22 01:11:53,766][INFO] Epoch[75/80], train B-acc: 0.9737(0.9311-1.0000), test B-acc: 0.7492(0.6562-0.8438)
[2025-01-22 01:11:53,766][INFO] Epoch[75/80], train AUC: 0.9981(0.9938-1.0000), test AUC: 0.8899(0.8040-0.9524)
[2025-01-22 01:12:39,910][INFO] Epoch 76 retry 1 of 5, loss did not decrease.
[2025-01-22 01:14:23,338][INFO] Epoch[76/80], loss:1.3466, CE loss:0.4216 , info NCE loss:6.5882
[2025-01-22 01:14:23,338][INFO] Epoch[76/80], train B-acc: 0.9700(0.9301-0.9978), test B-acc: 0.7806(0.6720-0.8718)
[2025-01-22 01:14:23,338][INFO] Epoch[76/80], train AUC: 0.9986(0.9953-1.0000), test AUC: 0.8893(0.8094-0.9514)
[2025-01-22 01:16:12,196][INFO] Epoch[77/80], loss:1.3461, CE loss:0.4211 , info NCE loss:6.5879
[2025-01-22 01:16:12,196][INFO] Epoch[77/80], train B-acc: 0.9716(0.9250-0.9978), test B-acc: 0.7826(0.6865-0.8760)
[2025-01-22 01:16:12,196][INFO] Epoch[77/80], train AUC: 0.9986(0.9953-1.0000), test AUC: 0.8928(0.8174-0.9545)
[2025-01-22 01:18:01,441][INFO] Epoch[78/80], loss:1.3458, CE loss:0.4210 , info NCE loss:6.5863
[2025-01-22 01:18:01,442][INFO] Epoch[78/80], train B-acc: 0.9722(0.9283-0.9978), test B-acc: 0.7733(0.6664-0.8733)
[2025-01-22 01:18:01,442][INFO] Epoch[78/80], train AUC: 0.9987(0.9952-1.0000), test AUC: 0.8901(0.8111-0.9536)
[2025-01-22 01:19:51,076][INFO] Epoch[79/80], loss:1.3453, CE loss:0.4204 , info NCE loss:6.5866
[2025-01-22 01:19:51,076][INFO] Epoch[79/80], train B-acc: 0.9716(0.9298-0.9978), test B-acc: 0.7785(0.6733-0.8761)
[2025-01-22 01:19:51,076][INFO] Epoch[79/80], train AUC: 0.9991(0.9964-1.0000), test AUC: 0.8925(0.8125-0.9519)
[2025-01-22 01:21:39,977][INFO] Epoch[80/80], loss:1.3443, CE loss:0.4193 , info NCE loss:6.5855
[2025-01-22 01:21:39,977][INFO] Epoch[80/80], train B-acc: 0.9700(0.9279-0.9978), test B-acc: 0.7942(0.7000-0.8893)
[2025-01-22 01:21:39,977][INFO] Epoch[80/80], train AUC: 0.9990(0.9961-1.0000), test AUC: 0.8933(0.8140-0.9547)
