[2024-12-31 17:48:32,397][INFO] Running PROJECT: CRC-DX, P LEARNING RATE: 0.001, OPTIMIZER: ADAMW, NUM EPOCHS: 25, BATCH SIZE: 2048, DEVICES: cuda, SMOOTHING: 0.1
[2024-12-31 17:48:32,397][INFO] params["in_chans"]=[200, 16]
[2024-12-31 17:48:32,398][INFO] params["dims"]=[512, 512]
[2024-12-31 17:48:32,398][INFO] params["out_chans"]=[16, 8]
[2024-12-31 17:48:32,399][INFO] params["heads"]=[8, 4]
[2024-12-31 17:48:32,399][INFO] params["dropout"]=[0.8, 0.4, 0.4]
[2024-12-31 17:50:59,633][INFO] Epoch[1/25], loss:1.4000, CE loss:1.0206 , info NCE loss:7.5882
[2024-12-31 17:50:59,633][INFO] Epoch[1/25], train B-acc: 0.5000(0.5000-0.5000), test B-acc: 0.5000(0.5000-0.5000)
[2024-12-31 17:50:59,634][INFO] Epoch[1/25], train AUC: 0.7218(0.6210-0.8205), test AUC: 0.6206(0.4870-0.7544)
[2024-12-31 17:53:04,562][INFO] Epoch[2/25], loss:0.9408, CE loss:0.5616 , info NCE loss:7.5841
[2024-12-31 17:53:04,562][INFO] Epoch[2/25], train B-acc: 0.5000(0.5000-0.5000), test B-acc: 0.5000(0.5000-0.5000)
[2024-12-31 17:53:04,563][INFO] Epoch[2/25], train AUC: 0.7686(0.6672-0.8494), test AUC: 0.7047(0.5749-0.8162)
[2024-12-31 17:55:12,653][INFO] Epoch[3/25], loss:0.8301, CE loss:0.4511 , info NCE loss:7.5793
[2024-12-31 17:55:12,654][INFO] Epoch[3/25], train B-acc: 0.6495(0.5808-0.7340), test B-acc: 0.6522(0.5682-0.7500)
[2024-12-31 17:55:12,654][INFO] Epoch[3/25], train AUC: 0.7995(0.7119-0.8726), test AUC: 0.7325(0.6037-0.8408)
[2024-12-31 17:57:22,263][INFO] Epoch[4/25], loss:0.8080, CE loss:0.4293 , info NCE loss:7.5735
[2024-12-31 17:57:22,264][INFO] Epoch[4/25], train B-acc: 0.5579(0.5116-0.6194), test B-acc: 0.5370(0.5000-0.6042)
[2024-12-31 17:57:22,264][INFO] Epoch[4/25], train AUC: 0.8222(0.7306-0.8937), test AUC: 0.7406(0.6219-0.8493)
[2024-12-31 17:59:30,684][INFO] Epoch[5/25], loss:0.7911, CE loss:0.4126 , info NCE loss:7.5692
[2024-12-31 17:59:30,685][INFO] Epoch[5/25], train B-acc: 0.5737(0.5202-0.6412), test B-acc: 0.5357(0.5000-0.6000)
[2024-12-31 17:59:30,685][INFO] Epoch[5/25], train AUC: 0.8381(0.7686-0.9062), test AUC: 0.7499(0.6359-0.8581)
[2024-12-31 18:01:43,839][INFO] Epoch[6/25], loss:0.7809, CE loss:0.4027 , info NCE loss:7.5640
[2024-12-31 18:01:43,839][INFO] Epoch[6/25], train B-acc: 0.6263(0.5612-0.6992), test B-acc: 0.5926(0.5227-0.6818)
[2024-12-31 18:01:43,841][INFO] Epoch[6/25], train AUC: 0.8588(0.7718-0.9144), test AUC: 0.7688(0.6513-0.8642)
[2024-12-31 18:03:51,183][INFO] Epoch[7/25], loss:0.7734, CE loss:0.3955 , info NCE loss:7.5581
[2024-12-31 18:03:51,183][INFO] Epoch[7/25], train B-acc: 0.6394(0.5714-0.7061), test B-acc: 0.5952(0.5192-0.6739)
[2024-12-31 18:03:51,183][INFO] Epoch[7/25], train AUC: 0.8744(0.8077-0.9338), test AUC: 0.7843(0.6769-0.8832)
[2024-12-31 18:05:56,810][INFO] Epoch[8/25], loss:0.7651, CE loss:0.3875 , info NCE loss:7.5519
[2024-12-31 18:05:56,810][INFO] Epoch[8/25], train B-acc: 0.6548(0.5806-0.7273), test B-acc: 0.5926(0.5250-0.6806)
[2024-12-31 18:05:56,810][INFO] Epoch[8/25], train AUC: 0.8885(0.8133-0.9399), test AUC: 0.7980(0.6619-0.8864)
