[2025-01-19 06:46:49,241][INFO] Running PROJECT: CRC-DX, P LEARNING RATE: 0.0001, OPTIMIZER: ADAMW, NUM EPOCHS: 60, BATCH SIZE: 2048, DEVICES: cuda, SMOOTHING: 0.1
[2025-01-19 06:46:49,241][INFO] params["in_chans"]=[200, 16]python run_model.py --proj CRC-DX --num_epochs 60  --plr 1e-4  --smoothing 0.1
[2025-01-19 06:46:49,242][INFO] params["dims"]=[512, 512]  温度参数为0.58
[2025-01-19 06:46:49,242][INFO] params["out_chans"]=[16, 8]
[2025-01-19 06:46:49,242][INFO] params["heads"]=[8, 4]
[2025-01-19 06:46:49,243][INFO] params["dropout"]=[0.8, 0.4, 0.4]
[2025-01-19 06:48:48,961][INFO] Epoch[1/60], loss:1.1154, CE loss:0.5086, info NCE loss:0.6068
[2025-01-19 06:48:48,961][INFO] Epoch[1/60], train B-acc: 0.5000(0.5000-0.5000), test B-acc: 0.5000(0.5000-0.5000)
[2025-01-19 06:48:48,961][INFO] Epoch[1/60], train AUC: 0.6342(0.5313-0.7240), test AUC: 0.5041(0.3703-0.6252)
[2025-01-19 06:50:48,610][INFO] Epoch[2/60], loss:1.0790, CE loss:0.4722, info NCE loss:0.6068
[2025-01-19 06:50:48,611][INFO] Epoch[2/60], train B-acc: 0.5000(0.5000-0.5000), test B-acc: 0.5000(0.5000-0.5000)
[2025-01-19 06:50:48,611][INFO] Epoch[2/60], train AUC: 0.6966(0.5921-0.7899), test AUC: 0.6013(0.4576-0.7407)
[2025-01-19 06:52:47,363][INFO] Epoch[3/60], loss:1.0657, CE loss:0.4590, info NCE loss:0.6067
[2025-01-19 06:52:47,363][INFO] Epoch[3/60], train B-acc: 0.5000(0.5000-0.5000), test B-acc: 0.5000(0.5000-0.5000)
[2025-01-19 06:52:47,364][INFO] Epoch[3/60], train AUC: 0.7377(0.6438-0.8193), test AUC: 0.6624(0.5323-0.7803)
[2025-01-19 06:54:45,442][INFO] Epoch[4/60], loss:1.0557, CE loss:0.4491, info NCE loss:0.6066
[2025-01-19 06:54:45,442][INFO] Epoch[4/60], train B-acc: 0.5000(0.5000-0.5000), test B-acc: 0.5000(0.5000-0.5000)
[2025-01-19 06:54:45,442][INFO] Epoch[4/60], train AUC: 0.7623(0.6745-0.8496), test AUC: 0.6866(0.5586-0.8050)
[2025-01-19 06:56:43,440][INFO] Epoch[5/60], loss:1.0484, CE loss:0.4419, info NCE loss:0.6065
[2025-01-19 06:56:43,440][INFO] Epoch[5/60], train B-acc: 0.5122(0.5000-0.5455), test B-acc: 0.5000(0.5000-0.5000)
[2025-01-19 06:56:43,441][INFO] Epoch[5/60], train AUC: 0.7831(0.6963-0.8598), test AUC: 0.6948(0.5570-0.8079)
[2025-01-19 06:58:40,168][INFO] Epoch[6/60], loss:1.0417, CE loss:0.4354, info NCE loss:0.6063
[2025-01-19 06:58:40,169][INFO] Epoch[6/60], train B-acc: 0.5250(0.5000-0.5676), test B-acc: 0.5000(0.5000-0.5000)
[2025-01-19 06:58:40,169][INFO] Epoch[6/60], train AUC: 0.7978(0.7050-0.8668), test AUC: 0.7036(0.5691-0.8212)
[2025-01-19 07:00:37,630][INFO] Epoch[7/60], loss:1.0344, CE loss:0.4283, info NCE loss:0.6061
[2025-01-19 07:00:37,630][INFO] Epoch[7/60], train B-acc: 0.5385(0.5000-0.5897), test B-acc: 0.5000(0.5000-0.5000)
[2025-01-19 07:00:37,631][INFO] Epoch[7/60], train AUC: 0.8070(0.7187-0.8786), test AUC: 0.7129(0.5855-0.8137)
[2025-01-19 07:02:37,596][INFO] Epoch[8/60], loss:1.0282, CE loss:0.4223, info NCE loss:0.6059
[2025-01-19 07:02:37,597][INFO] Epoch[8/60], train B-acc: 0.5641(0.5152-0.6212), test B-acc: 0.5357(0.5000-0.5962)
[2025-01-19 07:02:37,597][INFO] Epoch[8/60], train AUC: 0.8171(0.7369-0.8839), test AUC: 0.7229(0.6038-0.8369)
[2025-01-19 07:04:35,156][INFO] Epoch[9/60], loss:1.0230, CE loss:0.4174, info NCE loss:0.6056
[2025-01-19 07:04:35,156][INFO] Epoch[9/60], train B-acc: 0.5601(0.5139-0.6212), test B-acc: 0.5345(0.5000-0.5962)
[2025-01-19 07:04:35,157][INFO] Epoch[9/60], train AUC: 0.8317(0.7449-0.8989), test AUC: 0.7300(0.6102-0.8378)
[2025-01-19 07:06:33,969][INFO] Epoch[10/60], loss:1.0180, CE loss:0.4126, info NCE loss:0.6053
[2025-01-19 07:06:33,969][INFO] Epoch[10/60], train B-acc: 0.5618(0.5135-0.6227), test B-acc: 0.5370(0.5000-0.5926)
[2025-01-19 07:06:33,970][INFO] Epoch[10/60], train AUC: 0.8409(0.7634-0.9057), test AUC: 0.7401(0.6256-0.8476)
[2025-01-19 07:08:31,739][INFO] Epoch[11/60], loss:1.0126, CE loss:0.4076, info NCE loss:0.6050
[2025-01-19 07:08:31,739][INFO] Epoch[11/60], train B-acc: 0.5737(0.5215-0.6372), test B-acc: 0.5577(0.5000-0.6364)
[2025-01-19 07:08:31,740][INFO] Epoch[11/60], train AUC: 0.8530(0.7766-0.9149), test AUC: 0.7499(0.6159-0.8494)
[2025-01-19 07:10:29,346][INFO] Epoch[12/60], loss:1.0073, CE loss:0.4027, info NCE loss:0.6047
[2025-01-19 07:10:29,347][INFO] Epoch[12/60], train B-acc: 0.6003(0.5431-0.6688), test B-acc: 0.5741(0.5156-0.6500)
[2025-01-19 07:10:29,347][INFO] Epoch[12/60], train AUC: 0.8638(0.7873-0.9234), test AUC: 0.7603(0.6369-0.8618)
[2025-01-19 07:12:26,576][INFO] Epoch[13/60], loss:1.0023, CE loss:0.3979, info NCE loss:0.6043
[2025-01-19 07:12:26,576][INFO] Epoch[13/60], train B-acc: 0.6250(0.5541-0.6998), test B-acc: 0.5909(0.5217-0.6786)
[2025-01-19 07:12:26,576][INFO] Epoch[13/60], train AUC: 0.8704(0.7981-0.9286), test AUC: 0.7669(0.6475-0.8633)
[2025-01-19 07:14:24,077][INFO] Epoch[14/60], loss:0.9968, CE loss:0.3928, info NCE loss:0.6040
[2025-01-19 07:14:24,078][INFO] Epoch[14/60], train B-acc: 0.6797(0.6041-0.7609), test B-acc: 0.5962(0.5227-0.6786)
[2025-01-19 07:14:24,078][INFO] Epoch[14/60], train AUC: 0.8780(0.8070-0.9346), test AUC: 0.7814(0.6638-0.8811)
[2025-01-19 07:16:21,183][INFO] Epoch[15/60], loss:0.9923, CE loss:0.3887, info NCE loss:0.6036
[2025-01-19 07:16:21,184][INFO] Epoch[15/60], train B-acc: 0.6270(0.5563-0.7050), test B-acc: 0.5968(0.5238-0.6774)
[2025-01-19 07:16:21,184][INFO] Epoch[15/60], train AUC: 0.8875(0.8104-0.9439), test AUC: 0.7895(0.6722-0.8795)
[2025-01-19 07:18:19,040][INFO] Epoch[16/60], loss:0.9878, CE loss:0.3845, info NCE loss:0.6033
[2025-01-19 07:18:19,040][INFO] Epoch[16/60], train B-acc: 0.6644(0.5929-0.7428), test B-acc: 0.5926(0.5250-0.6731)
[2025-01-19 07:18:19,041][INFO] Epoch[16/60], train AUC: 0.8924(0.8213-0.9469), test AUC: 0.7874(0.6781-0.8836)
[2025-01-19 07:20:17,300][INFO] Epoch[17/60], loss:0.9828, CE loss:0.3799, info NCE loss:0.6029
[2025-01-19 07:20:17,300][INFO] Epoch[17/60], train B-acc: 0.6889(0.6098-0.7680), test B-acc: 0.6515(0.5652-0.7407)
[2025-01-19 07:20:17,300][INFO] Epoch[17/60], train AUC: 0.8995(0.8332-0.9486), test AUC: 0.8025(0.6869-0.9002)
[2025-01-19 07:22:15,048][INFO] Epoch[18/60], loss:0.9779, CE loss:0.3755, info NCE loss:0.6025
[2025-01-19 07:22:15,049][INFO] Epoch[18/60], train B-acc: 0.6930(0.6101-0.7705), test B-acc: 0.6538(0.5714-0.7500)
[2025-01-19 07:22:15,049][INFO] Epoch[18/60], train AUC: 0.9094(0.8383-0.9572), test AUC: 0.8091(0.6930-0.9030)
[2025-01-19 07:24:12,310][INFO] Epoch[19/60], loss:0.9736, CE loss:0.3716, info NCE loss:0.6021
[2025-01-19 07:24:12,310][INFO] Epoch[19/60], train B-acc: 0.7075(0.6319-0.7876), test B-acc: 0.6333(0.5526-0.7241)
[2025-01-19 07:24:12,310][INFO] Epoch[19/60], train AUC: 0.9132(0.8469-0.9608), test AUC: 0.8120(0.6981-0.9035)
[2025-01-19 07:26:09,745][INFO] Epoch[20/60], loss:0.9695, CE loss:0.3678, info NCE loss:0.6017
[2025-01-19 07:26:09,745][INFO] Epoch[20/60], train B-acc: 0.7056(0.6263-0.7849), test B-acc: 0.6324(0.5500-0.7222)
[2025-01-19 07:26:09,745][INFO] Epoch[20/60], train AUC: 0.9154(0.8524-0.9639), test AUC: 0.8199(0.7057-0.9127)
[2025-01-19 07:28:08,353][INFO] Epoch[21/60], loss:0.9649, CE loss:0.3635, info NCE loss:0.6014
[2025-01-19 07:28:08,353][INFO] Epoch[21/60], train B-acc: 0.7070(0.6336-0.7861), test B-acc: 0.6667(0.5800-0.7750)
[2025-01-19 07:28:08,353][INFO] Epoch[21/60], train AUC: 0.9220(0.8599-0.9672), test AUC: 0.8229(0.7110-0.9096)
[2025-01-19 07:30:06,379][INFO] Epoch[22/60], loss:0.9612, CE loss:0.3602, info NCE loss:0.6010
[2025-01-19 07:30:06,379][INFO] Epoch[22/60], train B-acc: 0.7339(0.6496-0.8079), test B-acc: 0.6935(0.6042-0.7885)
[2025-01-19 07:30:06,379][INFO] Epoch[22/60], train AUC: 0.9282(0.8697-0.9709), test AUC: 0.8270(0.7100-0.9169)
[2025-01-19 07:32:03,875][INFO] Epoch[23/60], loss:0.9577, CE loss:0.3571, info NCE loss:0.6006
[2025-01-19 07:32:03,875][INFO] Epoch[23/60], train B-acc: 0.7326(0.6551-0.8129), test B-acc: 0.6892(0.6034-0.7833)
[2025-01-19 07:32:03,875][INFO] Epoch[23/60], train AUC: 0.9289(0.8660-0.9702), test AUC: 0.8309(0.7290-0.9205)
[2025-01-19 07:34:02,221][INFO] Epoch[24/60], loss:0.9548, CE loss:0.3546, info NCE loss:0.6003
[2025-01-19 07:34:02,222][INFO] Epoch[24/60], train B-acc: 0.7650(0.6819-0.8439), test B-acc: 0.7031(0.6137-0.7931)
[2025-01-19 07:34:02,222][INFO] Epoch[24/60], train AUC: 0.9355(0.8741-0.9742), test AUC: 0.8320(0.7249-0.9209)
[2025-01-19 07:35:59,783][INFO] Epoch[25/60], loss:0.9507, CE loss:0.3509, info NCE loss:0.5999
[2025-01-19 07:35:59,784][INFO] Epoch[25/60], train B-acc: 0.7323(0.6493-0.8088), test B-acc: 0.6923(0.6000-0.7857)
[2025-01-19 07:35:59,785][INFO] Epoch[25/60], train AUC: 0.9379(0.8737-0.9767), test AUC: 0.8434(0.7275-0.9308)
[2025-01-19 07:37:57,836][INFO] Epoch[26/60], loss:0.9460, CE loss:0.3466, info NCE loss:0.5994
[2025-01-19 07:37:57,836][INFO] Epoch[26/60], train B-acc: 0.7708(0.6883-0.8543), test B-acc: 0.7069(0.6095-0.8011)
[2025-01-19 07:37:57,836][INFO] Epoch[26/60], train AUC: 0.9425(0.8840-0.9801), test AUC: 0.8424(0.7414-0.9298)
[2025-01-19 07:39:57,725][INFO] Epoch[27/60], loss:0.9434, CE loss:0.3442, info NCE loss:0.5991
[2025-01-19 07:39:57,725][INFO] Epoch[27/60], train B-acc: 0.7906(0.7034-0.8686), test B-acc: 0.7456(0.6538-0.8413)
[2025-01-19 07:39:57,725][INFO] Epoch[27/60], train AUC: 0.9474(0.8890-0.9799), test AUC: 0.8509(0.7570-0.9350)
[2025-01-19 07:41:56,135][INFO] Epoch[28/60], loss:0.9401, CE loss:0.3414, info NCE loss:0.5987
[2025-01-19 07:41:56,135][INFO] Epoch[28/60], train B-acc: 0.7860(0.7079-0.8614), test B-acc: 0.7085(0.6111-0.7992)
[2025-01-19 07:41:56,135][INFO] Epoch[28/60], train AUC: 0.9495(0.8970-0.9829), test AUC: 0.8496(0.7476-0.9288)
[2025-01-19 07:43:53,834][INFO] Epoch[29/60], loss:0.9366, CE loss:0.3383, info NCE loss:0.5983
[2025-01-19 07:43:53,835][INFO] Epoch[29/60], train B-acc: 0.7812(0.7004-0.8581), test B-acc: 0.7047(0.6053-0.8036)
[2025-01-19 07:43:53,835][INFO] Epoch[29/60], train AUC: 0.9526(0.8986-0.9840), test AUC: 0.8495(0.7421-0.9363)
[2025-01-19 07:45:52,666][INFO] Epoch[30/60], loss:0.9340, CE loss:0.3360, info NCE loss:0.5980
[2025-01-19 07:45:52,666][INFO] Epoch[30/60], train B-acc: 0.8063(0.7269-0.8817), test B-acc: 0.7361(0.6469-0.8286)
[2025-01-19 07:45:52,666][INFO] Epoch[30/60], train AUC: 0.9562(0.9058-0.9868), test AUC: 0.8537(0.7531-0.9369)
[2025-01-19 07:47:51,171][INFO] Epoch[31/60], loss:0.9322, CE loss:0.3346, info NCE loss:0.5976
[2025-01-19 07:47:51,171][INFO] Epoch[31/60], train B-acc: 0.8163(0.7431-0.8930), test B-acc: 0.7357(0.6329-0.8281)
[2025-01-19 07:47:51,171][INFO] Epoch[31/60], train AUC: 0.9604(0.9060-0.9877), test AUC: 0.8492(0.7473-0.9315)
[2025-01-19 07:49:49,870][INFO] Epoch[32/60], loss:0.9281, CE loss:0.3309, info NCE loss:0.5972
[2025-01-19 07:49:49,871][INFO] Epoch[32/60], train B-acc: 0.8115(0.7297-0.8862), test B-acc: 0.7431(0.6438-0.8359)
[2025-01-19 07:49:49,872][INFO] Epoch[32/60], train AUC: 0.9604(0.9131-0.9880), test AUC: 0.8514(0.7445-0.9311)
[2025-01-19 07:51:48,248][INFO] Epoch[33/60], loss:0.9249, CE loss:0.3282, info NCE loss:0.5967
[2025-01-19 07:51:48,248][INFO] Epoch[33/60], train B-acc: 0.8313(0.7580-0.9009), test B-acc: 0.7381(0.6411-0.8433)
[2025-01-19 07:51:48,249][INFO] Epoch[33/60], train AUC: 0.9629(0.9168-0.9904), test AUC: 0.8571(0.7503-0.9385)
[2025-01-19 07:53:46,330][INFO] Epoch[34/60], loss:0.9215, CE loss:0.3251, info NCE loss:0.5963
[2025-01-19 07:53:46,330][INFO] Epoch[34/60], train B-acc: 0.8360(0.7681-0.9077), test B-acc: 0.7372(0.6399-0.8345)
[2025-01-19 07:53:46,331][INFO] Epoch[34/60], train AUC: 0.9660(0.9243-0.9909), test AUC: 0.8580(0.7537-0.9359)
[2025-01-19 07:55:43,005][INFO] Epoch[35/60], loss:0.9191, CE loss:0.3231, info NCE loss:0.5960
[2025-01-19 07:55:43,005][INFO] Epoch[35/60], train B-acc: 0.8491(0.7770-0.9208), test B-acc: 0.7588(0.6609-0.8533)
[2025-01-19 07:55:43,005][INFO] Epoch[35/60], train AUC: 0.9691(0.9294-0.9919), test AUC: 0.8612(0.7552-0.9403)
[2025-01-19 07:57:40,214][INFO] Epoch[36/60], loss:0.9163, CE loss:0.3208, info NCE loss:0.5955
[2025-01-19 07:57:40,214][INFO] Epoch[36/60], train B-acc: 0.8479(0.7658-0.9247), test B-acc: 0.7577(0.6461-0.8600)
[2025-01-19 07:57:40,214][INFO] Epoch[36/60], train AUC: 0.9694(0.9272-0.9932), test AUC: 0.8587(0.7562-0.9391)
[2025-01-19 07:59:38,057][INFO] Epoch[37/60], loss:0.9135, CE loss:0.3184, info NCE loss:0.5951
[2025-01-19 07:59:38,057][INFO] Epoch[37/60], train B-acc: 0.8505(0.7740-0.9193), test B-acc: 0.7540(0.6585-0.8501)
[2025-01-19 07:59:38,057][INFO] Epoch[37/60], train AUC: 0.9715(0.9326-0.9935), test AUC: 0.8611(0.7549-0.9406)
[2025-01-19 08:01:38,328][INFO] Epoch[38/60], loss:0.9106, CE loss:0.3159, info NCE loss:0.5947
[2025-01-19 08:01:38,328][INFO] Epoch[38/60], train B-acc: 0.8727(0.8021-0.9408), test B-acc: 0.7414(0.6393-0.8454)
[2025-01-19 08:01:38,329][INFO] Epoch[38/60], train AUC: 0.9730(0.9368-0.9942), test AUC: 0.8581(0.7484-0.9409)
[2025-01-19 08:03:38,623][INFO] Epoch[39/60], loss:0.9083, CE loss:0.3140, info NCE loss:0.5943
[2025-01-19 08:03:38,623][INFO] Epoch[39/60], train B-acc: 0.8884(0.8198-0.9479), test B-acc: 0.7817(0.6832-0.8762)
[2025-01-19 08:03:38,623][INFO] Epoch[39/60], train AUC: 0.9762(0.9373-0.9945), test AUC: 0.8635(0.7649-0.9422)
[2025-01-19 08:05:36,745][INFO] Epoch[40/60], loss:0.9059, CE loss:0.3120, info NCE loss:0.5938
[2025-01-19 08:05:36,746][INFO] Epoch[40/60], train B-acc: 0.8626(0.7849-0.9297), test B-acc: 0.7477(0.6469-0.8490)
[2025-01-19 08:05:36,746][INFO] Epoch[40/60], train AUC: 0.9768(0.9406-0.9957), test AUC: 0.8691(0.7595-0.9404)
[2025-01-19 08:07:40,368][INFO] Epoch[41/60], loss:0.9032, CE loss:0.3097, info NCE loss:0.5934
[2025-01-19 08:07:40,368][INFO] Epoch[41/60], train B-acc: 0.8767(0.8049-0.9367), test B-acc: 0.7757(0.6743-0.8732)
[2025-01-19 08:07:40,368][INFO] Epoch[41/60], train AUC: 0.9774(0.9420-0.9960), test AUC: 0.8656(0.7676-0.9483)
[2025-01-19 08:09:39,046][INFO] Epoch[42/60], loss:0.9010, CE loss:0.3080, info NCE loss:0.5931
[2025-01-19 08:09:39,046][INFO] Epoch[42/60], train B-acc: 0.9180(0.8521-0.9662), test B-acc: 0.7907(0.6963-0.8887)
[2025-01-19 08:09:39,048][INFO] Epoch[42/60], train AUC: 0.9794(0.9461-0.9965), test AUC: 0.8695(0.7661-0.9435)
[2025-01-19 08:11:37,619][INFO] Epoch[43/60], loss:0.8982, CE loss:0.3056, info NCE loss:0.5925
[2025-01-19 08:11:37,620][INFO] Epoch[43/60], train B-acc: 0.9152(0.8513-0.9684), test B-acc: 0.7790(0.6710-0.8763)
[2025-01-19 08:11:37,620][INFO] Epoch[43/60], train AUC: 0.9797(0.9438-0.9971), test AUC: 0.8651(0.7640-0.9472)
[2025-01-19 08:13:35,313][INFO] Epoch[44/60], loss:0.8955, CE loss:0.3034, info NCE loss:0.5921
[2025-01-19 08:13:35,314][INFO] Epoch[44/60], train B-acc: 0.8779(0.8047-0.9406), test B-acc: 0.7924(0.6897-0.8824)
[2025-01-19 08:13:35,314][INFO] Epoch[44/60], train AUC: 0.9812(0.9490-0.9973), test AUC: 0.8661(0.7544-0.9375)
[2025-01-19 08:15:32,894][INFO] Epoch[45/60], loss:0.8937, CE loss:0.3021, info NCE loss:0.5916
[2025-01-19 08:15:32,894][INFO] Epoch[45/60], train B-acc: 0.9524(0.8958-0.9869), test B-acc: 0.7934(0.6963-0.8871)
[2025-01-19 08:15:32,895][INFO] Epoch[45/60], train AUC: 0.9816(0.9459-0.9977), test AUC: 0.8662(0.7648-0.9365)
[2025-01-19 08:17:30,522][INFO] Epoch[46/60], loss:0.8916, CE loss:0.3003, info NCE loss:0.5914
[2025-01-19 08:17:30,522][INFO] Epoch[46/60], train B-acc: 0.9515(0.9008-0.9913), test B-acc: 0.7936(0.6985-0.8886)
[2025-01-19 08:17:30,522][INFO] Epoch[46/60], train AUC: 0.9818(0.9498-0.9979), test AUC: 0.8635(0.7613-0.9470)
[2025-01-19 08:19:27,465][INFO] Epoch[47/60], loss:0.8889, CE loss:0.2981, info NCE loss:0.5908
[2025-01-19 08:19:27,465][INFO] Epoch[47/60], train B-acc: 0.9537(0.9047-0.9909), test B-acc: 0.7925(0.6902-0.8862)
[2025-01-19 08:19:27,465][INFO] Epoch[47/60], train AUC: 0.9844(0.9553-0.9978), test AUC: 0.8625(0.7518-0.9440)
[2025-01-19 08:21:25,079][INFO] Epoch[48/60], loss:0.8867, CE loss:0.2963, info NCE loss:0.5905
[2025-01-19 08:21:25,079][INFO] Epoch[48/60], train B-acc: 0.9532(0.9020-0.9930), test B-acc: 0.7922(0.6902-0.8871)
[2025-01-19 08:21:25,080][INFO] Epoch[48/60], train AUC: 0.9848(0.9591-0.9979), test AUC: 0.8686(0.7674-0.9518)
[2025-01-19 08:23:23,024][INFO] Epoch[49/60], loss:0.8853, CE loss:0.2953, info NCE loss:0.5900
[2025-01-19 08:23:23,024][INFO] Epoch[49/60], train B-acc: 0.9551(0.9031-0.9932), test B-acc: 0.7867(0.6888-0.8783)
[2025-01-19 08:23:23,025][INFO] Epoch[49/60], train AUC: 0.9859(0.9606-0.9984), test AUC: 0.8661(0.7654-0.9447)
[2025-01-19 08:25:20,727][INFO] Epoch[50/60], loss:0.8826, CE loss:0.2929, info NCE loss:0.5896
[2025-01-19 08:25:20,737][INFO] Epoch[50/60], train B-acc: 0.9572(0.9095-0.9933), test B-acc: 0.7890(0.6741-0.8825)
[2025-01-19 08:25:20,737][INFO] Epoch[50/60], train AUC: 0.9872(0.9646-0.9982), test AUC: 0.8672(0.7698-0.9446)
[2025-01-19 08:27:22,045][INFO] Epoch[51/60], loss:0.8805, CE loss:0.2913, info NCE loss:0.5892
[2025-01-19 08:27:22,045][INFO] Epoch[51/60], train B-acc: 0.9547(0.9042-0.9930), test B-acc: 0.7897(0.6800-0.8768)
[2025-01-19 08:27:22,045][INFO] Epoch[51/60], train AUC: 0.9870(0.9635-0.9985), test AUC: 0.8683(0.7630-0.9415)
[2025-01-19 08:29:22,358][INFO] Epoch[52/60], loss:0.8784, CE loss:0.2896, info NCE loss:0.5888
[2025-01-19 08:29:22,358][INFO] Epoch[52/60], train B-acc: 0.9660(0.9251-0.9955), test B-acc: 0.7896(0.6938-0.8867)
[2025-01-19 08:29:22,359][INFO] Epoch[52/60], train AUC: 0.9881(0.9679-0.9986), test AUC: 0.8683(0.7647-0.9469)
[2025-01-19 08:31:22,194][INFO] Epoch[53/60], loss:0.8770, CE loss:0.2885, info NCE loss:0.5884
[2025-01-19 08:31:22,195][INFO] Epoch[53/60], train B-acc: 0.9623(0.9147-0.9912), test B-acc: 0.7827(0.6835-0.8732)
[2025-01-19 08:31:22,195][INFO] Epoch[53/60], train AUC: 0.9891(0.9677-0.9989), test AUC: 0.8668(0.7769-0.9441)
[2025-01-19 08:33:22,495][INFO] Epoch[54/60], loss:0.8745, CE loss:0.2865, info NCE loss:0.5880
[2025-01-19 08:33:22,497][INFO] Epoch[54/60], train B-acc: 0.9573(0.9071-0.9933), test B-acc: 0.7858(0.6875-0.8706)
[2025-01-19 08:33:22,497][INFO] Epoch[54/60], train AUC: 0.9898(0.9719-0.9990), test AUC: 0.8624(0.7634-0.9397)
[2025-01-19 08:35:24,645][INFO] Epoch[55/60], loss:0.8734, CE loss:0.2855, info NCE loss:0.5878
[2025-01-19 08:35:24,645][INFO] Epoch[55/60], train B-acc: 0.9661(0.9201-0.9933), test B-acc: 0.7827(0.6831-0.8740)
[2025-01-19 08:35:24,646][INFO] Epoch[55/60], train AUC: 0.9897(0.9715-0.9988), test AUC: 0.8619(0.7555-0.9447)
[2025-01-19 08:37:25,840][INFO] Epoch[56/60], loss:0.8719, CE loss:0.2844, info NCE loss:0.5876
[2025-01-19 08:37:25,840][INFO] Epoch[56/60], train B-acc: 0.9612(0.9206-0.9903), test B-acc: 0.7797(0.6811-0.8801)
[2025-01-19 08:37:25,840][INFO] Epoch[56/60], train AUC: 0.9906(0.9753-0.9991), test AUC: 0.8661(0.7661-0.9437)
[2025-01-19 08:39:28,545][INFO] Epoch[57/60], loss:0.8696, CE loss:0.2825, info NCE loss:0.5871
[2025-01-19 08:39:28,546][INFO] Epoch[57/60], train B-acc: 0.9679(0.9245-0.9955), test B-acc: 0.7867(0.6915-0.8763)
[2025-01-19 08:39:28,546][INFO] Epoch[57/60], train AUC: 0.9922(0.9775-0.9993), test AUC: 0.8661(0.7646-0.9421)
[2025-01-19 08:41:31,738][INFO] Epoch[58/60], loss:0.8682, CE loss:0.2814, info NCE loss:0.5868
[2025-01-19 08:41:31,738][INFO] Epoch[58/60], train B-acc: 0.9635(0.9228-0.9933), test B-acc: 0.7806(0.6813-0.8815)
[2025-01-19 08:41:31,738][INFO] Epoch[58/60], train AUC: 0.9925(0.9785-0.9996), test AUC: 0.8686(0.7601-0.9442)
[2025-01-19 08:43:31,793][INFO] Epoch[59/60], loss:0.8665, CE loss:0.2801, info NCE loss:0.5864
[2025-01-19 08:43:31,793][INFO] Epoch[59/60], train B-acc: 0.9658(0.9193-0.9932), test B-acc: 0.7809(0.6700-0.8762)
[2025-01-19 08:43:31,794][INFO] Epoch[59/60], train AUC: 0.9929(0.9796-0.9995), test AUC: 0.8680(0.7617-0.9413)
[2025-01-19 08:45:31,747][INFO] Epoch[60/60], loss:0.8659, CE loss:0.2796, info NCE loss:0.5863
[2025-01-19 08:45:31,747][INFO] Epoch[60/60], train B-acc: 0.9561(0.9101-0.9868), test B-acc: 0.7991(0.6945-0.8917)
[2025-01-19 08:45:31,748][INFO] Epoch[60/60], train AUC: 0.9930(0.9795-0.9994), test AUC: 0.8679(0.7651-0.9470)
