[2024-12-31 14:46:16,784][INFO] Running PROJECT: CRC-DX, P LEARNING RATE: 0.001, OPTIMIZER: ADAM, NUM EPOCHS: 25, BATCH SIZE: 2048, DEVICES: cuda, SMOOTHING: 0.1
[2024-12-31 14:46:16,784][INFO] params["in_chans"]=[200, 16]
[2024-12-31 14:46:16,784][INFO] params["dims"]=[512, 512]
[2024-12-31 14:46:16,786][INFO] params["out_chans"]=[16, 8]
[2024-12-31 14:46:16,786][INFO] params["heads"]=[8, 4]
[2024-12-31 14:46:16,786][INFO] params["dropout"]=[0.8, 0.4, 0.4]
[2024-12-31 14:48:13,742][INFO] Epoch[1/25], loss:1.6839, CE loss:1.0549 , info NCE loss:7.3446
[2024-12-31 14:48:13,742][INFO] Epoch[1/25], train B-acc: 0.5000(0.5000-0.5000), test B-acc: 0.5000(0.5000-0.5000)
[2024-12-31 14:48:13,742][INFO] Epoch[1/25], train AUC: 0.7010(0.5966-0.7983), test AUC: 0.6281(0.4828-0.7574)
[2024-12-31 14:50:10,709][INFO] Epoch[2/25], loss:1.1858, CE loss:0.5419 , info NCE loss:6.9812
[2024-12-31 14:50:10,709][INFO] Epoch[2/25], train B-acc: 0.5923(0.5316-0.6658), test B-acc: 0.5536(0.5000-0.6207)
[2024-12-31 14:50:10,709][INFO] Epoch[2/25], train AUC: 0.7505(0.6484-0.8323), test AUC: 0.7125(0.5857-0.8269)
[2024-12-31 14:52:09,354][INFO] Epoch[3/25], loss:1.0700, CE loss:0.4574 , info NCE loss:6.5836
[2024-12-31 14:52:09,355][INFO] Epoch[3/25], train B-acc: 0.6023(0.5410-0.6689), test B-acc: 0.5517(0.5000-0.6304)
[2024-12-31 14:52:09,355][INFO] Epoch[3/25], train AUC: 0.7784(0.6919-0.8576), test AUC: 0.7069(0.5718-0.8227)
[2024-12-31 14:54:01,066][INFO] Epoch[4/25], loss:1.0343, CE loss:0.4297 , info NCE loss:6.4755
[2024-12-31 14:54:01,066][INFO] Epoch[4/25], train B-acc: 0.5641(0.5143-0.6250), test B-acc: 0.5000(0.5000-0.5000)
[2024-12-31 14:54:01,066][INFO] Epoch[4/25], train AUC: 0.8056(0.7136-0.8809), test AUC: 0.7136(0.5789-0.8261)
[2024-12-31 14:55:55,171][INFO] Epoch[5/25], loss:1.0149, CE loss:0.4155 , info NCE loss:6.4091
[2024-12-31 14:55:55,171][INFO] Epoch[5/25], train B-acc: 0.6272(0.5622-0.7009), test B-acc: 0.5926(0.5217-0.6786)
[2024-12-31 14:55:55,172][INFO] Epoch[5/25], train AUC: 0.8306(0.7484-0.8941), test AUC: 0.7426(0.6162-0.8470)
[2024-12-31 14:57:58,638][INFO] Epoch[6/25], loss:1.0041, CE loss:0.4073 , info NCE loss:6.3759
[2024-12-31 14:57:58,638][INFO] Epoch[6/25], train B-acc: 0.6140(0.5511-0.6922), test B-acc: 0.5741(0.5185-0.6500)
[2024-12-31 14:57:58,638][INFO] Epoch[6/25], train AUC: 0.8466(0.7674-0.9149), test AUC: 0.7645(0.6401-0.8610)
[2024-12-31 14:59:53,807][INFO] Epoch[7/25], loss:0.9905, CE loss:0.3987 , info NCE loss:6.3166
[2024-12-31 14:59:53,808][INFO] Epoch[7/25], train B-acc: 0.6281(0.5590-0.6999), test B-acc: 0.5741(0.5179-0.6538)
[2024-12-31 14:59:53,808][INFO] Epoch[7/25], train AUC: 0.8653(0.7898-0.9241), test AUC: 0.7856(0.6685-0.8845)
[2024-12-31 15:01:50,043][INFO] Epoch[8/25], loss:0.9810, CE loss:0.3919 , info NCE loss:6.2828
[2024-12-31 15:01:50,043][INFO] Epoch[8/25], train B-acc: 0.6263(0.5579-0.7027), test B-acc: 0.5926(0.5250-0.6786)
[2024-12-31 15:01:50,043][INFO] Epoch[8/25], train AUC: 0.8809(0.8072-0.9349), test AUC: 0.8037(0.6784-0.8925)
[2024-12-31 15:03:46,394][INFO] Epoch[9/25], loss:0.9736, CE loss:0.3860 , info NCE loss:6.2619
[2024-12-31 15:03:46,394][INFO] Epoch[9/25], train B-acc: 0.6250(0.5635-0.7009), test B-acc: 0.5962(0.5217-0.6786)
[2024-12-31 15:03:46,394][INFO] Epoch[9/25], train AUC: 0.8912(0.8184-0.9466), test AUC: 0.8165(0.7148-0.9062)
[2024-12-31 15:05:42,398][INFO] Epoch[10/25], loss:0.9665, CE loss:0.3794 , info NCE loss:6.2503
[2024-12-31 15:05:42,398][INFO] Epoch[10/25], train B-acc: 0.6418(0.5721-0.7152), test B-acc: 0.5909(0.5238-0.6818)
[2024-12-31 15:05:42,399][INFO] Epoch[10/25], train AUC: 0.9000(0.8259-0.9502), test AUC: 0.8245(0.7071-0.9117)
[2024-12-31 15:07:39,999][INFO] Epoch[11/25], loss:0.9610, CE loss:0.3733 , info NCE loss:6.2499
[2024-12-31 15:07:39,999][INFO] Epoch[11/25], train B-acc: 0.6533(0.5767-0.7335), test B-acc: 0.5952(0.5208-0.6731)
[2024-12-31 15:07:40,000][INFO] Epoch[11/25], train AUC: 0.9093(0.8416-0.9554), test AUC: 0.8289(0.7244-0.9163)
[2024-12-31 15:09:40,633][INFO] Epoch[12/25], loss:0.9543, CE loss:0.3674 , info NCE loss:6.2370
[2024-12-31 15:09:40,634][INFO] Epoch[12/25], train B-acc: 0.7070(0.6246-0.7884), test B-acc: 0.6522(0.5714-0.7500)
[2024-12-31 15:09:40,634][INFO] Epoch[12/25], train AUC: 0.9151(0.8496-0.9577), test AUC: 0.8418(0.7324-0.9259)
[2024-12-31 15:11:31,758][INFO] Epoch[13/25], loss:0.9480, CE loss:0.3615 , info NCE loss:6.2269
[2024-12-31 15:11:31,758][INFO] Epoch[13/25], train B-acc: 0.7043(0.6263-0.7815), test B-acc: 0.6719(0.5870-0.7679)
[2024-12-31 15:11:31,758][INFO] Epoch[13/25], train AUC: 0.9228(0.8609-0.9650), test AUC: 0.8502(0.7357-0.9320)
[2024-12-31 15:13:22,846][INFO] Epoch[14/25], loss:0.9420, CE loss:0.3561 , info NCE loss:6.2148
[2024-12-31 15:13:22,847][INFO] Epoch[14/25], train B-acc: 0.7083(0.6283-0.7881), test B-acc: 0.6731(0.5789-0.7708)
[2024-12-31 15:13:22,847][INFO] Epoch[14/25], train AUC: 0.9317(0.8697-0.9695), test AUC: 0.8490(0.7376-0.9375)
[2024-12-31 15:15:19,583][INFO] Epoch[15/25], loss:0.9356, CE loss:0.3520 , info NCE loss:6.1881
[2024-12-31 15:15:19,584][INFO] Epoch[15/25], train B-acc: 0.7339(0.6557-0.8088), test B-acc: 0.6731(0.5833-0.7708)
[2024-12-31 15:15:19,584][INFO] Epoch[15/25], train AUC: 0.9368(0.8826-0.9736), test AUC: 0.8577(0.7578-0.9317)
[2024-12-31 15:17:12,150][INFO] Epoch[16/25], loss:0.9293, CE loss:0.3471 , info NCE loss:6.1699
[2024-12-31 15:17:12,151][INFO] Epoch[16/25], train B-acc: 0.7361(0.6548-0.8194), test B-acc: 0.6714(0.5833-0.7703)
[2024-12-31 15:17:12,151][INFO] Epoch[16/25], train AUC: 0.9417(0.8878-0.9740), test AUC: 0.8614(0.7631-0.9344)
[2024-12-31 15:19:02,142][INFO] Epoch[17/25], loss:0.9232, CE loss:0.3420 , info NCE loss:6.1539
[2024-12-31 15:19:02,143][INFO] Epoch[17/25], train B-acc: 0.7353(0.6562-0.8200), test B-acc: 0.6316(0.5577-0.7222)
[2024-12-31 15:19:02,143][INFO] Epoch[17/25], train AUC: 0.9457(0.8941-0.9798), test AUC: 0.8667(0.7653-0.9380)
[2024-12-31 15:20:52,979][INFO] Epoch[18/25], loss:0.9213, CE loss:0.3404 , info NCE loss:6.1495
[2024-12-31 15:20:52,979][INFO] Epoch[18/25], train B-acc: 0.7361(0.6552-0.8194), test B-acc: 0.6522(0.5714-0.7500)
[2024-12-31 15:20:52,980][INFO] Epoch[18/25], train AUC: 0.9514(0.9019-0.9824), test AUC: 0.8731(0.7655-0.9445)
[2024-12-31 15:22:43,379][INFO] Epoch[19/25], loss:0.9173, CE loss:0.3372 , info NCE loss:6.1384
[2024-12-31 15:22:43,381][INFO] Epoch[19/25], train B-acc: 0.7368(0.6579-0.8214), test B-acc: 0.6346(0.5577-0.7222)
[2024-12-31 15:22:43,381][INFO] Epoch[19/25], train AUC: 0.9566(0.9113-0.9827), test AUC: 0.8745(0.7829-0.9516)
[2024-12-31 15:24:35,017][INFO] Epoch[20/25], loss:0.9112, CE loss:0.3322 , info NCE loss:6.1223
[2024-12-31 15:24:35,017][INFO] Epoch[20/25], train B-acc: 0.7368(0.6579-0.8125), test B-acc: 0.6290(0.5517-0.7200)
[2024-12-31 15:24:35,017][INFO] Epoch[20/25], train AUC: 0.9594(0.9192-0.9871), test AUC: 0.8776(0.7834-0.9454)
