[2025-01-23 17:20:06,149][INFO] Running PROJECT: CRC-KR, P LEARNING RATE: 0.0001, OPTIMIZER: ADAMW, NUM EPOCHS: 80, BATCH SIZE: 2048, DEVICES: cuda, SMOOTHING: 0.25
[2025-01-23 17:20:06,150][INFO] params["in_chans"]=[200, 16] python run_model0.py --proj CRC-KR --num_epochs 80 --plr 1e-4  --smoothing 0.25
[2025-01-23 17:20:06,150][INFO] params["dims"]=[512, 512]温度参数为0.55
[2025-01-23 17:20:06,150][INFO] params["out_chans"]=[16, 8]
[2025-01-23 17:20:06,150][INFO] params["heads"]=[8, 4]
[2025-01-23 17:20:06,151][INFO] params["dropout"]=[0.8, 0.4, 0.4]
[2025-01-23 17:21:46,046][INFO] Epoch[1/80], loss:0.5937, CE loss:0.5937
[2025-01-23 17:21:46,047][INFO] Epoch[1/80], train B-acc: 0.5000(0.5000-0.5000), test B-acc: 0.5000(0.5000-0.5000)
[2025-01-23 17:21:46,047][INFO] Epoch[1/80], train AUC: 0.5292(0.4224-0.6202), test AUC: 0.5746(0.4519-0.6858)
[2025-01-23 17:23:39,266][INFO] Epoch[2/80], loss:0.5526, CE loss:0.5526
[2025-01-23 17:23:39,267][INFO] Epoch[2/80], train B-acc: 0.5000(0.5000-0.5000), test B-acc: 0.5000(0.5000-0.5000)
[2025-01-23 17:23:39,267][INFO] Epoch[2/80], train AUC: 0.6816(0.5852-0.7630), test AUC: 0.6435(0.5251-0.7560)
[2025-01-23 17:25:26,788][INFO] Epoch[3/80], loss:0.5376, CE loss:0.5376
[2025-01-23 17:25:26,789][INFO] Epoch[3/80], train B-acc: 0.5000(0.5000-0.5000), test B-acc: 0.5000(0.5000-0.5000)
[2025-01-23 17:25:26,790][INFO] Epoch[3/80], train AUC: 0.7578(0.6748-0.8277), test AUC: 0.6832(0.5690-0.7934)
[2025-01-23 17:27:12,933][INFO] Epoch[4/80], loss:0.5309, CE loss:0.5309
[2025-01-23 17:27:12,934][INFO] Epoch[4/80], train B-acc: 0.5000(0.5000-0.5000), test B-acc: 0.5000(0.5000-0.5000)
[2025-01-23 17:27:12,934][INFO] Epoch[4/80], train AUC: 0.7878(0.7071-0.8546), test AUC: 0.7002(0.5807-0.8072)
[2025-01-23 17:29:01,326][INFO] Epoch[5/80], loss:0.5254, CE loss:0.5254
[2025-01-23 17:29:01,326][INFO] Epoch[5/80], train B-acc: 0.5000(0.5000-0.5000), test B-acc: 0.5000(0.5000-0.5000)
[2025-01-23 17:29:01,326][INFO] Epoch[5/80], train AUC: 0.7991(0.7283-0.8665), test AUC: 0.7073(0.5855-0.8162)
[2025-01-23 17:30:45,054][INFO] Epoch[6/80], loss:0.5218, CE loss:0.5218
[2025-01-23 17:30:45,054][INFO] Epoch[6/80], train B-acc: 0.5000(0.5000-0.5000), test B-acc: 0.5000(0.5000-0.5000)
[2025-01-23 17:30:45,054][INFO] Epoch[6/80], train AUC: 0.8155(0.7490-0.8742), test AUC: 0.7190(0.5953-0.8206)
[2025-01-23 17:32:28,927][INFO] Epoch[7/80], loss:0.5179, CE loss:0.5179
[2025-01-23 17:32:28,928][INFO] Epoch[7/80], train B-acc: 0.4979(0.4935-0.5000), test B-acc: 0.5000(0.5000-0.5000)
[2025-01-23 17:32:28,928][INFO] Epoch[7/80], train AUC: 0.8301(0.7627-0.8896), test AUC: 0.7304(0.6014-0.8342)
[2025-01-23 17:34:13,438][INFO] Epoch[8/80], loss:0.5149, CE loss:0.5149
[2025-01-23 17:34:13,439][INFO] Epoch[8/80], train B-acc: 0.5208(0.4959-0.5588), test B-acc: 0.5000(0.5000-0.5000)
[2025-01-23 17:34:13,439][INFO] Epoch[8/80], train AUC: 0.8429(0.7749-0.9001), test AUC: 0.7325(0.6181-0.8382)
[2025-01-23 17:35:57,200][INFO] Epoch[9/80], loss:0.5119, CE loss:0.5119
[2025-01-23 17:35:57,200][INFO] Epoch[9/80], train B-acc: 0.5187(0.4938-0.5583), test B-acc: 0.5000(0.5000-0.5000)
[2025-01-23 17:35:57,200][INFO] Epoch[9/80], train AUC: 0.8539(0.7909-0.9115), test AUC: 0.7443(0.6228-0.8362)
[2025-01-23 17:37:41,960][INFO] Epoch[10/80], loss:0.5091, CE loss:0.5091
[2025-01-23 17:37:41,961][INFO] Epoch[10/80], train B-acc: 0.5428(0.5000-0.5954), test B-acc: 0.5000(0.5000-0.5000)
[2025-01-23 17:37:41,961][INFO] Epoch[10/80], train AUC: 0.8656(0.8115-0.9157), test AUC: 0.7465(0.6366-0.8486)
[2025-01-23 17:39:33,757][INFO] Epoch[11/80], loss:0.5062, CE loss:0.5062
[2025-01-23 17:39:33,757][INFO] Epoch[11/80], train B-acc: 0.5426(0.5036-0.5978), test B-acc: 0.5000(0.5000-0.5000)
[2025-01-23 17:39:33,757][INFO] Epoch[11/80], train AUC: 0.8772(0.8218-0.9237), test AUC: 0.7576(0.6506-0.8603)
[2025-01-23 17:41:19,348][INFO] Epoch[12/80], loss:0.5030, CE loss:0.5030
[2025-01-23 17:41:19,348][INFO] Epoch[12/80], train B-acc: 0.5429(0.5058-0.5955), test B-acc: 0.5000(0.5000-0.5000)
[2025-01-23 17:41:19,348][INFO] Epoch[12/80], train AUC: 0.8875(0.8337-0.9316), test AUC: 0.7659(0.6574-0.8633)
[2025-01-23 17:43:05,239][INFO] Epoch[13/80], loss:0.5002, CE loss:0.5002
[2025-01-23 17:43:05,250][INFO] Epoch[13/80], train B-acc: 0.5676(0.5185-0.6285), test B-acc: 0.5333(0.5000-0.5909)
[2025-01-23 17:43:05,250][INFO] Epoch[13/80], train AUC: 0.8979(0.8456-0.9385), test AUC: 0.7716(0.6565-0.8684)
[2025-01-23 17:44:50,183][INFO] Epoch[14/80], loss:0.4978, CE loss:0.4978
[2025-01-23 17:44:50,183][INFO] Epoch[14/80], train B-acc: 0.5824(0.5291-0.6427), test B-acc: 0.5312(0.5000-0.5806)
[2025-01-23 17:44:50,183][INFO] Epoch[14/80], train AUC: 0.9027(0.8545-0.9437), test AUC: 0.7771(0.6675-0.8667)
[2025-01-23 17:46:34,959][INFO] Epoch[15/80], loss:0.4955, CE loss:0.4955
[2025-01-23 17:46:34,959][INFO] Epoch[15/80], train B-acc: 0.5816(0.5336-0.6479), test B-acc: 0.5156(0.5000-0.5556)
[2025-01-23 17:46:34,959][INFO] Epoch[15/80], train AUC: 0.9115(0.8643-0.9489), test AUC: 0.7811(0.6726-0.8743)
[2025-01-23 17:48:20,699][INFO] Epoch[16/80], loss:0.4928, CE loss:0.4928
[2025-01-23 17:48:20,700][INFO] Epoch[16/80], train B-acc: 0.6012(0.5448-0.6678), test B-acc: 0.5484(0.5000-0.6094)
[2025-01-23 17:48:20,700][INFO] Epoch[16/80], train AUC: 0.9180(0.8736-0.9521), test AUC: 0.7875(0.6784-0.8739)
[2025-01-23 17:50:06,042][INFO] Epoch[17/80], loss:0.4899, CE loss:0.4899
[2025-01-23 17:50:06,044][INFO] Epoch[17/80], train B-acc: 0.6035(0.5488-0.6723), test B-acc: 0.5469(0.5000-0.6111)
[2025-01-23 17:50:06,044][INFO] Epoch[17/80], train AUC: 0.9222(0.8833-0.9552), test AUC: 0.7879(0.6775-0.8779)
[2025-01-23 17:51:52,221][INFO] Epoch[18/80], loss:0.4876, CE loss:0.4876
[2025-01-23 17:51:52,222][INFO] Epoch[18/80], train B-acc: 0.6154(0.5530-0.6875), test B-acc: 0.5429(0.4942-0.6050)
[2025-01-23 17:51:52,222][INFO] Epoch[18/80], train AUC: 0.9261(0.8871-0.9598), test AUC: 0.7903(0.6806-0.8850)
[2025-01-23 17:53:40,172][INFO] Epoch[19/80], loss:0.4852, CE loss:0.4852
[2025-01-23 17:53:40,173][INFO] Epoch[19/80], train B-acc: 0.6154(0.5541-0.6891), test B-acc: 0.5581(0.5012-0.6298)
[2025-01-23 17:53:40,173][INFO] Epoch[19/80], train AUC: 0.9323(0.8924-0.9635), test AUC: 0.7945(0.6895-0.8805)
[2025-01-23 17:55:27,317][INFO] Epoch[20/80], loss:0.4833, CE loss:0.4833
[2025-01-23 17:55:27,317][INFO] Epoch[20/80], train B-acc: 0.6177(0.5538-0.6882), test B-acc: 0.5412(0.4938-0.6025)
[2025-01-23 17:55:27,317][INFO] Epoch[20/80], train AUC: 0.9361(0.8993-0.9650), test AUC: 0.7976(0.6830-0.8888)
[2025-01-23 17:57:14,290][INFO] Epoch[21/80], loss:0.4810, CE loss:0.4810
[2025-01-23 17:57:14,290][INFO] Epoch[21/80], train B-acc: 0.6278(0.5651-0.7003), test B-acc: 0.5536(0.4985-0.6276)
[2025-01-23 17:57:14,292][INFO] Epoch[21/80], train AUC: 0.9399(0.9057-0.9683), test AUC: 0.7955(0.6920-0.8812)
[2025-01-23 17:59:05,713][INFO] Epoch[22/80], loss:0.4791, CE loss:0.4791
[2025-01-23 17:59:05,713][INFO] Epoch[22/80], train B-acc: 0.6881(0.6176-0.7663), test B-acc: 0.5865(0.5170-0.6622)
[2025-01-23 17:59:05,713][INFO] Epoch[22/80], train AUC: 0.9437(0.9076-0.9716), test AUC: 0.7967(0.6946-0.8874)
[2025-01-23 18:01:03,227][INFO] Epoch[23/80], loss:0.4772, CE loss:0.4772
[2025-01-23 18:01:03,227][INFO] Epoch[23/80], train B-acc: 0.6915(0.6156-0.7723), test B-acc: 0.5843(0.5187-0.6654)
[2025-01-23 18:01:03,227][INFO] Epoch[23/80], train AUC: 0.9466(0.9095-0.9731), test AUC: 0.7996(0.6942-0.8892)
[2025-01-23 18:03:03,163][INFO] Epoch[24/80], loss:0.4753, CE loss:0.4753
[2025-01-23 18:03:03,163][INFO] Epoch[24/80], train B-acc: 0.6900(0.6163-0.7662), test B-acc: 0.5811(0.5171-0.6646)
[2025-01-23 18:03:03,163][INFO] Epoch[24/80], train AUC: 0.9499(0.9157-0.9740), test AUC: 0.7945(0.6936-0.8772)
[2025-01-23 18:04:54,159][INFO] Epoch[25/80], loss:0.4734, CE loss:0.4734
[2025-01-23 18:04:54,159][INFO] Epoch[25/80], train B-acc: 0.6911(0.6083-0.7736), test B-acc: 0.5863(0.5158-0.6643)
[2025-01-23 18:04:54,160][INFO] Epoch[25/80], train AUC: 0.9524(0.9174-0.9753), test AUC: 0.7975(0.6871-0.8919)
[2025-01-23 18:06:42,596][INFO] Epoch[26/80], loss:0.4717, CE loss:0.4717
[2025-01-23 18:06:42,597][INFO] Epoch[26/80], train B-acc: 0.6889(0.6122-0.7609), test B-acc: 0.5843(0.5183-0.6694)
[2025-01-23 18:06:42,597][INFO] Epoch[26/80], train AUC: 0.9537(0.9254-0.9772), test AUC: 0.7967(0.6954-0.8897)
[2025-01-23 18:08:31,641][INFO] Epoch[27/80], loss:0.4702, CE loss:0.4702
[2025-01-23 18:08:31,641][INFO] Epoch[27/80], train B-acc: 0.7030(0.6267-0.7791), test B-acc: 0.5851(0.5209-0.6669)
[2025-01-23 18:08:31,641][INFO] Epoch[27/80], train AUC: 0.9568(0.9299-0.9788), test AUC: 0.7971(0.6972-0.8857)
[2025-01-23 18:10:18,889][INFO] Epoch[28/80], loss:0.4687, CE loss:0.4687
[2025-01-23 18:10:18,889][INFO] Epoch[28/80], train B-acc: 0.7839(0.7135-0.8588), test B-acc: 0.5949(0.5225-0.6834)
[2025-01-23 18:10:18,889][INFO] Epoch[28/80], train AUC: 0.9578(0.9307-0.9780), test AUC: 0.7983(0.6992-0.8874)
[2025-01-23 18:12:05,938][INFO] Epoch[29/80], loss:0.4671, CE loss:0.4671
[2025-01-23 18:12:05,939][INFO] Epoch[29/80], train B-acc: 0.8075(0.7316-0.8801), test B-acc: 0.6045(0.5300-0.6890)
[2025-01-23 18:12:05,939][INFO] Epoch[29/80], train AUC: 0.9609(0.9317-0.9818), test AUC: 0.7957(0.6933-0.8818)
[2025-01-23 18:13:52,939][INFO] Epoch[30/80], loss:0.4661, CE loss:0.4661
[2025-01-23 18:13:52,940][INFO] Epoch[30/80], train B-acc: 0.8080(0.7331-0.8830), test B-acc: 0.6287(0.5454-0.7224)
[2025-01-23 18:13:52,940][INFO] Epoch[30/80], train AUC: 0.9632(0.9384-0.9830), test AUC: 0.7980(0.6926-0.8808)
[2025-01-23 18:15:40,361][INFO] Epoch[31/80], loss:0.4648, CE loss:0.4648
[2025-01-23 18:15:40,361][INFO] Epoch[31/80], train B-acc: 0.8112(0.7377-0.8833), test B-acc: 0.6069(0.5251-0.7025)
[2025-01-23 18:15:40,361][INFO] Epoch[31/80], train AUC: 0.9659(0.9378-0.9853), test AUC: 0.7957(0.6955-0.8804)
[2025-01-23 18:17:27,429][INFO] Epoch[32/80], loss:0.4625, CE loss:0.4625
[2025-01-23 18:17:27,430][INFO] Epoch[32/80], train B-acc: 0.8087(0.7355-0.8826), test B-acc: 0.6075(0.5316-0.6881)
[2025-01-23 18:17:27,430][INFO] Epoch[32/80], train AUC: 0.9671(0.9409-0.9860), test AUC: 0.7954(0.6969-0.8790)
[2025-01-23 18:19:15,477][INFO] Epoch[33/80], loss:0.4615, CE loss:0.4615
[2025-01-23 18:19:15,478][INFO] Epoch[33/80], train B-acc: 0.8085(0.7320-0.8836), test B-acc: 0.5937(0.5202-0.6804)
[2025-01-23 18:19:15,478][INFO] Epoch[33/80], train AUC: 0.9681(0.9448-0.9863), test AUC: 0.7952(0.6914-0.8799)
[2025-01-23 18:21:02,303][INFO] Epoch[34/80], loss:0.4599, CE loss:0.4599
[2025-01-23 18:21:02,303][INFO] Epoch[34/80], train B-acc: 0.8102(0.7367-0.8847), test B-acc: 0.5963(0.5165-0.6833)
[2025-01-23 18:21:02,303][INFO] Epoch[34/80], train AUC: 0.9698(0.9457-0.9873), test AUC: 0.7992(0.6922-0.8760)
[2025-01-23 18:22:49,510][INFO] Epoch[35/80], loss:0.4588, CE loss:0.4588
[2025-01-23 18:22:49,510][INFO] Epoch[35/80], train B-acc: 0.8086(0.7373-0.8810), test B-acc: 0.5969(0.5183-0.6819)
[2025-01-23 18:22:49,510][INFO] Epoch[35/80], train AUC: 0.9714(0.9469-0.9887), test AUC: 0.7941(0.6941-0.8799)
[2025-01-23 18:24:37,195][INFO] Epoch[36/80], loss:0.4578, CE loss:0.4578
[2025-01-23 18:24:37,195][INFO] Epoch[36/80], train B-acc: 0.8080(0.7352-0.8815), test B-acc: 0.6102(0.5282-0.7019)
[2025-01-23 18:24:37,195][INFO] Epoch[36/80], train AUC: 0.9725(0.9497-0.9897), test AUC: 0.7967(0.6944-0.8815)
[2025-01-23 18:26:24,018][INFO] Epoch[37/80], loss:0.4563, CE loss:0.4563
[2025-01-23 18:26:24,018][INFO] Epoch[37/80], train B-acc: 0.8108(0.7341-0.8762), test B-acc: 0.6110(0.5278-0.7080)
[2025-01-23 18:26:24,018][INFO] Epoch[37/80], train AUC: 0.9739(0.9519-0.9895), test AUC: 0.7967(0.6911-0.8857)
[2025-01-23 18:28:10,471][INFO] Epoch[38/80], loss:0.4549, CE loss:0.4549
[2025-01-23 18:28:10,471][INFO] Epoch[38/80], train B-acc: 0.8086(0.7327-0.8791), test B-acc: 0.6120(0.5347-0.7054)
[2025-01-23 18:28:10,471][INFO] Epoch[38/80], train AUC: 0.9742(0.9524-0.9896), test AUC: 0.7953(0.7002-0.8834)
[2025-01-23 18:29:56,833][INFO] Epoch[39/80], loss:0.4538, CE loss:0.4538
[2025-01-23 18:29:56,833][INFO] Epoch[39/80], train B-acc: 0.8357(0.7577-0.9083), test B-acc: 0.6004(0.5131-0.6983)
[2025-01-23 18:29:56,834][INFO] Epoch[39/80], train AUC: 0.9762(0.9529-0.9913), test AUC: 0.7980(0.7015-0.8853)
[2025-01-23 18:31:43,344][INFO] Epoch[40/80], loss:0.4530, CE loss:0.4530
[2025-01-23 18:31:43,345][INFO] Epoch[40/80], train B-acc: 0.8346(0.7551-0.9062), test B-acc: 0.6037(0.5188-0.6946)
[2025-01-23 18:31:43,345][INFO] Epoch[40/80], train AUC: 0.9783(0.9582-0.9913), test AUC: 0.7956(0.6845-0.8807)
[2025-01-23 18:33:29,548][INFO] Epoch[41/80], loss:0.4515, CE loss:0.4515
[2025-01-23 18:33:29,548][INFO] Epoch[41/80], train B-acc: 0.8448(0.7704-0.9118), test B-acc: 0.6641(0.5682-0.7614)
[2025-01-23 18:33:29,548][INFO] Epoch[41/80], train AUC: 0.9792(0.9610-0.9911), test AUC: 0.7939(0.6888-0.8764)
[2025-01-23 18:35:15,787][INFO] Epoch[42/80], loss:0.4502, CE loss:0.4502
[2025-01-23 18:35:15,788][INFO] Epoch[42/80], train B-acc: 0.8469(0.7721-0.9125), test B-acc: 0.6613(0.5748-0.7549)
[2025-01-23 18:35:15,788][INFO] Epoch[42/80], train AUC: 0.9805(0.9621-0.9925), test AUC: 0.7875(0.6924-0.8776)
[2025-01-23 18:37:02,025][INFO] Epoch[43/80], loss:0.4496, CE loss:0.4496
[2025-01-23 18:37:02,025][INFO] Epoch[43/80], train B-acc: 0.8468(0.7733-0.9125), test B-acc: 0.6641(0.5739-0.7550)
[2025-01-23 18:37:02,025][INFO] Epoch[43/80], train AUC: 0.9809(0.9653-0.9925), test AUC: 0.7932(0.6912-0.8804)
[2025-01-23 18:38:50,866][INFO] Epoch[44/80], loss:0.4482, CE loss:0.4482
[2025-01-23 18:38:50,866][INFO] Epoch[44/80], train B-acc: 0.8906(0.8288-0.9477), test B-acc: 0.6779(0.5866-0.7713)
[2025-01-23 18:38:50,867][INFO] Epoch[44/80], train AUC: 0.9821(0.9651-0.9932), test AUC: 0.7897(0.6953-0.8790)
[2025-01-23 18:40:37,894][INFO] Epoch[45/80], loss:0.4479, CE loss:0.4479
[2025-01-23 18:40:37,894][INFO] Epoch[45/80], train B-acc: 0.8700(0.8012-0.9365), test B-acc: 0.6670(0.5744-0.7659)
[2025-01-23 18:40:37,894][INFO] Epoch[45/80], train AUC: 0.9835(0.9678-0.9948), test AUC: 0.7936(0.6882-0.8739)
[2025-01-23 18:42:24,503][INFO] Epoch[46/80], loss:0.4458, CE loss:0.4458
[2025-01-23 18:42:24,503][INFO] Epoch[46/80], train B-acc: 0.8963(0.8292-0.9491), test B-acc: 0.6575(0.5627-0.7583)
[2025-01-23 18:42:24,503][INFO] Epoch[46/80], train AUC: 0.9843(0.9696-0.9942), test AUC: 0.7911(0.6832-0.8701)
[2025-01-23 18:44:11,769][INFO] Epoch[47/80], loss:0.4445, CE loss:0.4445
[2025-01-23 18:44:11,769][INFO] Epoch[47/80], train B-acc: 0.9062(0.8452-0.9605), test B-acc: 0.6741(0.5808-0.7651)
[2025-01-23 18:44:11,769][INFO] Epoch[47/80], train AUC: 0.9847(0.9688-0.9945), test AUC: 0.7914(0.6943-0.8672)
[2025-01-23 18:45:58,779][INFO] Epoch[48/80], loss:0.4440, CE loss:0.4440
[2025-01-23 18:45:58,779][INFO] Epoch[48/80], train B-acc: 0.8625(0.7969-0.9300), test B-acc: 0.6390(0.5506-0.7430)
[2025-01-23 18:45:58,781][INFO] Epoch[48/80], train AUC: 0.9865(0.9729-0.9956), test AUC: 0.7866(0.6784-0.8668)
[2025-01-23 18:47:45,434][INFO] Epoch[49/80], loss:0.4431, CE loss:0.4431
[2025-01-23 18:47:45,434][INFO] Epoch[49/80], train B-acc: 0.9179(0.8544-0.9702), test B-acc: 0.6774(0.5805-0.7705)
[2025-01-23 18:47:45,435][INFO] Epoch[49/80], train AUC: 0.9862(0.9720-0.9960), test AUC: 0.7836(0.6857-0.8699)
[2025-01-23 18:49:32,475][INFO] Epoch[50/80], loss:0.4419, CE loss:0.4419
[2025-01-23 18:49:32,476][INFO] Epoch[50/80], train B-acc: 0.9085(0.8441-0.9622), test B-acc: 0.6759(0.5873-0.7810)
[2025-01-23 18:49:32,476][INFO] Epoch[50/80], train AUC: 0.9877(0.9754-0.9960), test AUC: 0.7825(0.6819-0.8706)
[2025-01-23 18:51:20,450][INFO] Epoch[51/80], loss:0.4409, CE loss:0.4409
[2025-01-23 18:51:20,451][INFO] Epoch[51/80], train B-acc: 0.9291(0.8741-0.9737), test B-acc: 0.6737(0.5732-0.7765)
[2025-01-23 18:51:20,451][INFO] Epoch[51/80], train AUC: 0.9890(0.9779-0.9962), test AUC: 0.7795(0.6734-0.8673)
[2025-01-23 18:53:07,112][INFO] Epoch[52/80], loss:0.4403, CE loss:0.4403
[2025-01-23 18:53:07,113][INFO] Epoch[52/80], train B-acc: 0.9333(0.8787-0.9788), test B-acc: 0.6772(0.5860-0.7635)
[2025-01-23 18:53:07,113][INFO] Epoch[52/80], train AUC: 0.9903(0.9796-0.9972), test AUC: 0.7754(0.6744-0.8604)
[2025-01-23 18:54:53,341][INFO] Epoch[53/80], loss:0.4389, CE loss:0.4389
[2025-01-23 18:54:53,341][INFO] Epoch[53/80], train B-acc: 0.9077(0.8437-0.9647), test B-acc: 0.6745(0.5805-0.7755)
[2025-01-23 18:54:53,341][INFO] Epoch[53/80], train AUC: 0.9910(0.9797-0.9975), test AUC: 0.7722(0.6759-0.8670)
[2025-01-23 18:56:40,748][INFO] Epoch[54/80], loss:0.4377, CE loss:0.4377
[2025-01-23 18:56:40,749][INFO] Epoch[54/80], train B-acc: 0.9124(0.8493-0.9631), test B-acc: 0.6303(0.5339-0.7238)
[2025-01-23 18:56:40,749][INFO] Epoch[54/80], train AUC: 0.9915(0.9819-0.9975), test AUC: 0.7709(0.6700-0.8599)
[2025-01-23 18:57:20,762][INFO] Epoch 55 retry 1 of 5, loss did not decrease.
[2025-01-23 18:59:07,521][INFO] Epoch[55/80], loss:0.4364, CE loss:0.4364
[2025-01-23 18:59:07,521][INFO] Epoch[55/80], train B-acc: 0.9084(0.8457-0.9636), test B-acc: 0.6494(0.5601-0.7428)
[2025-01-23 18:59:07,521][INFO] Epoch[55/80], train AUC: 0.9922(0.9829-0.9976), test AUC: 0.7694(0.6802-0.8604)
[2025-01-23 19:00:53,786][INFO] Epoch[56/80], loss:0.4351, CE loss:0.4351
[2025-01-23 19:00:53,786][INFO] Epoch[56/80], train B-acc: 0.9320(0.8717-0.9762), test B-acc: 0.6391(0.5438-0.7345)
[2025-01-23 19:00:53,786][INFO] Epoch[56/80], train AUC: 0.9927(0.9846-0.9977), test AUC: 0.7624(0.6567-0.8540)
[2025-01-23 19:02:40,625][INFO] Epoch[57/80], loss:0.4342, CE loss:0.4342
[2025-01-23 19:02:40,625][INFO] Epoch[57/80], train B-acc: 0.9320(0.8767-0.9783), test B-acc: 0.6352(0.5395-0.7403)
[2025-01-23 19:02:40,625][INFO] Epoch[57/80], train AUC: 0.9933(0.9850-0.9980), test AUC: 0.7622(0.6585-0.8557)
[2025-01-23 19:04:27,235][INFO] Epoch[58/80], loss:0.4336, CE loss:0.4336
[2025-01-23 19:04:27,235][INFO] Epoch[58/80], train B-acc: 0.9312(0.8757-0.9764), test B-acc: 0.6489(0.5622-0.7451)
[2025-01-23 19:04:27,235][INFO] Epoch[58/80], train AUC: 0.9944(0.9866-0.9987), test AUC: 0.7652(0.6677-0.8552)
[2025-01-23 19:06:14,879][INFO] Epoch[59/80], loss:0.4331, CE loss:0.4331
[2025-01-23 19:06:14,879][INFO] Epoch[59/80], train B-acc: 0.9346(0.8803-0.9767), test B-acc: 0.6483(0.5585-0.7525)
[2025-01-23 19:06:14,879][INFO] Epoch[59/80], train AUC: 0.9948(0.9880-0.9988), test AUC: 0.7604(0.6582-0.8533)
[2025-01-23 19:08:04,316][INFO] Epoch[60/80], loss:0.4320, CE loss:0.4320
[2025-01-23 19:08:04,316][INFO] Epoch[60/80], train B-acc: 0.9305(0.8753-0.9750), test B-acc: 0.6463(0.5441-0.7425)
[2025-01-23 19:08:04,316][INFO] Epoch[60/80], train AUC: 0.9949(0.9878-0.9990), test AUC: 0.7575(0.6436-0.8489)
[2025-01-23 19:09:50,930][INFO] Epoch[61/80], loss:0.4309, CE loss:0.4309
[2025-01-23 19:09:50,931][INFO] Epoch[61/80], train B-acc: 0.9280(0.8703-0.9735), test B-acc: 0.6390(0.5463-0.7403)
[2025-01-23 19:09:50,931][INFO] Epoch[61/80], train AUC: 0.9951(0.9880-0.9991), test AUC: 0.7564(0.6468-0.8514)
[2025-01-23 19:11:37,143][INFO] Epoch[62/80], loss:0.4306, CE loss:0.4306
[2025-01-23 19:11:37,144][INFO] Epoch[62/80], train B-acc: 0.9330(0.8732-0.9767), test B-acc: 0.6423(0.5487-0.7426)
[2025-01-23 19:11:37,144][INFO] Epoch[62/80], train AUC: 0.9954(0.9889-0.9990), test AUC: 0.7564(0.6495-0.8505)
[2025-01-23 19:13:24,016][INFO] Epoch[63/80], loss:0.4293, CE loss:0.4293
[2025-01-23 19:13:24,017][INFO] Epoch[63/80], train B-acc: 0.9530(0.9080-0.9871), test B-acc: 0.6537(0.5519-0.7477)
[2025-01-23 19:13:24,017][INFO] Epoch[63/80], train AUC: 0.9957(0.9892-0.9991), test AUC: 0.7509(0.6466-0.8452)
[2025-01-23 19:15:10,417][INFO] Epoch[64/80], loss:0.4286, CE loss:0.4286
[2025-01-23 19:15:10,417][INFO] Epoch[64/80], train B-acc: 0.9541(0.9095-0.9895), test B-acc: 0.6525(0.5565-0.7534)
[2025-01-23 19:15:10,417][INFO] Epoch[64/80], train AUC: 0.9961(0.9905-0.9992), test AUC: 0.7506(0.6459-0.8424)
[2025-01-23 19:16:56,881][INFO] Epoch[65/80], loss:0.4278, CE loss:0.4278
[2025-01-23 19:16:56,881][INFO] Epoch[65/80], train B-acc: 0.9594(0.9102-0.9939), test B-acc: 0.6430(0.5485-0.7437)
[2025-01-23 19:16:56,881][INFO] Epoch[65/80], train AUC: 0.9965(0.9905-0.9995), test AUC: 0.7500(0.6459-0.8466)
[2025-01-23 19:18:43,320][INFO] Epoch[66/80], loss:0.4273, CE loss:0.4273
[2025-01-23 19:18:43,321][INFO] Epoch[66/80], train B-acc: 0.9616(0.9140-0.9959), test B-acc: 0.6443(0.5482-0.7390)
[2025-01-23 19:18:43,321][INFO] Epoch[66/80], train AUC: 0.9968(0.9912-0.9998), test AUC: 0.7498(0.6346-0.8434)
[2025-01-23 19:20:29,177][INFO] Epoch[67/80], loss:0.4272, CE loss:0.4272
[2025-01-23 19:20:29,177][INFO] Epoch[67/80], train B-acc: 0.9675(0.9247-0.9957), test B-acc: 0.6586(0.5621-0.7452)
[2025-01-23 19:20:29,177][INFO] Epoch[67/80], train AUC: 0.9969(0.9914-0.9997), test AUC: 0.7542(0.6431-0.8474)
[2025-01-23 19:22:14,988][INFO] Epoch[68/80], loss:0.4258, CE loss:0.4258
[2025-01-23 19:22:14,988][INFO] Epoch[68/80], train B-acc: 0.9644(0.9226-0.9916), test B-acc: 0.6413(0.5439-0.7377)
[2025-01-23 19:22:14,988][INFO] Epoch[68/80], train AUC: 0.9970(0.9919-0.9998), test AUC: 0.7487(0.6433-0.8365)
[2025-01-23 19:24:01,273][INFO] Epoch[69/80], loss:0.4256, CE loss:0.4256
[2025-01-23 19:24:01,274][INFO] Epoch[69/80], train B-acc: 0.9651(0.9275-0.9914), test B-acc: 0.6367(0.5442-0.7405)
[2025-01-23 19:24:01,274][INFO] Epoch[69/80], train AUC: 0.9972(0.9923-0.9998), test AUC: 0.7422(0.6332-0.8409)
[2025-01-23 19:25:47,446][INFO] Epoch[70/80], loss:0.4251, CE loss:0.4251
[2025-01-23 19:25:47,446][INFO] Epoch[70/80], train B-acc: 0.9754(0.9437-0.9937), test B-acc: 0.6558(0.5614-0.7599)
[2025-01-23 19:25:47,446][INFO] Epoch[70/80], train AUC: 0.9968(0.9916-0.9997), test AUC: 0.7411(0.6326-0.8448)
[2025-01-23 19:27:33,731][INFO] Epoch[71/80], loss:0.4247, CE loss:0.4247
[2025-01-23 19:27:33,732][INFO] Epoch[71/80], train B-acc: 0.9722(0.9305-0.9979), test B-acc: 0.6549(0.5601-0.7443)
[2025-01-23 19:27:33,732][INFO] Epoch[71/80], train AUC: 0.9972(0.9921-0.9998), test AUC: 0.7456(0.6411-0.8392)
[2025-01-23 19:29:20,563][INFO] Epoch[72/80], loss:0.4234, CE loss:0.4234
[2025-01-23 19:29:20,563][INFO] Epoch[72/80], train B-acc: 0.9672(0.9273-0.9938), test B-acc: 0.6509(0.5549-0.7455)
[2025-01-23 19:29:20,563][INFO] Epoch[72/80], train AUC: 0.9976(0.9928-0.9998), test AUC: 0.7444(0.6364-0.8425)
[2025-01-23 19:31:06,365][INFO] Epoch[73/80], loss:0.4228, CE loss:0.4228
[2025-01-23 19:31:06,365][INFO] Epoch[73/80], train B-acc: 0.9803(0.9448-0.9959), test B-acc: 0.6594(0.5528-0.7616)
[2025-01-23 19:31:06,365][INFO] Epoch[73/80], train AUC: 0.9975(0.9929-0.9999), test AUC: 0.7434(0.6288-0.8371)
[2025-01-23 19:32:52,410][INFO] Epoch[74/80], loss:0.4228, CE loss:0.4228
[2025-01-23 19:32:52,410][INFO] Epoch[74/80], train B-acc: 0.9758(0.9427-0.9939), test B-acc: 0.6746(0.5778-0.7764)
[2025-01-23 19:32:52,410][INFO] Epoch[74/80], train AUC: 0.9976(0.9930-0.9999), test AUC: 0.7368(0.6264-0.8333)
[2025-01-23 19:34:38,026][INFO] Epoch[75/80], loss:0.4222, CE loss:0.4222
[2025-01-23 19:34:38,026][INFO] Epoch[75/80], train B-acc: 0.9761(0.9459-0.9939), test B-acc: 0.6700(0.5684-0.7659)
[2025-01-23 19:34:38,026][INFO] Epoch[75/80], train AUC: 0.9976(0.9935-0.9999), test AUC: 0.7388(0.6210-0.8397)
[2025-01-23 19:36:24,099][INFO] Epoch[76/80], loss:0.4213, CE loss:0.4213
[2025-01-23 19:36:24,099][INFO] Epoch[76/80], train B-acc: 0.9790(0.9490-0.9959), test B-acc: 0.6679(0.5694-0.7630)
[2025-01-23 19:36:24,099][INFO] Epoch[76/80], train AUC: 0.9979(0.9935-1.0000), test AUC: 0.7370(0.6295-0.8361)
[2025-01-23 19:38:11,526][INFO] Epoch[77/80], loss:0.4202, CE loss:0.4202
[2025-01-23 19:38:11,527][INFO] Epoch[77/80], train B-acc: 0.9830(0.9510-0.9980), test B-acc: 0.6483(0.5448-0.7486)
[2025-01-23 19:38:11,527][INFO] Epoch[77/80], train AUC: 0.9981(0.9941-1.0000), test AUC: 0.7380(0.6265-0.8306)
[2025-01-23 19:39:59,187][INFO] Epoch[78/80], loss:0.4198, CE loss:0.4198
[2025-01-23 19:39:59,187][INFO] Epoch[78/80], train B-acc: 0.9812(0.9521-0.9979), test B-acc: 0.6641(0.5686-0.7603)
[2025-01-23 19:39:59,189][INFO] Epoch[78/80], train AUC: 0.9981(0.9942-1.0000), test AUC: 0.7336(0.6224-0.8302)
[2025-01-23 19:41:46,065][INFO] Epoch[79/80], loss:0.4191, CE loss:0.4191
[2025-01-23 19:41:46,065][INFO] Epoch[79/80], train B-acc: 0.9812(0.9489-0.9978), test B-acc: 0.6624(0.5632-0.7632)
[2025-01-23 19:41:46,065][INFO] Epoch[79/80], train AUC: 0.9981(0.9942-1.0000), test AUC: 0.7319(0.6169-0.8248)
[2025-01-23 19:43:32,670][INFO] Epoch[80/80], loss:0.4191, CE loss:0.4191
[2025-01-23 19:43:32,670][INFO] Epoch[80/80], train B-acc: 0.9809(0.9501-0.9979), test B-acc: 0.6619(0.5662-0.7666)
[2025-01-23 19:43:32,670][INFO] Epoch[80/80], train AUC: 0.9983(0.9945-1.0000), test AUC: 0.7288(0.6214-0.8388)
